<?xml version="1.0" encoding="utf-8" standalone="no"?>
<test-run id="2" testcasecount="226" result="Failed" total="226" passed="223" failed="3" inconclusive="0" skipped="0" asserts="1022" engine-version="3.4.1.0" clr-version="4.0.30319.42000" start-time="2024-03-18 17:48:24Z" end-time="2024-03-18 17:48:26Z" duration="1.440630">
  <command-line><![CDATA[/home/runner/.nuget/packages/nunit.consolerunner/3.4.1/tools/nunit3-console.exe --result=test_out/csharp/TestResult.xml spec/csharp/kaitai_struct_csharp_tests_netframework/bin/Debug/kaitai_struct_csharp_tests.dll]]></command-line>
  <test-suite type="Assembly" id="0-1452" name="kaitai_struct_csharp_tests.dll" fullname="/home/runner/work/ci_targets/ci_targets/tests/spec/csharp/kaitai_struct_csharp_tests_netframework/bin/Debug/kaitai_struct_csharp_tests.dll" runstate="Runnable" testcasecount="226" result="Failed" site="Child" start-time="2024-03-18 17:48:24Z" end-time="2024-03-18 17:48:26Z" duration="1.359832" total="226" passed="223" failed="3" inconclusive="0" skipped="0" asserts="1022">
    <environment framework-version="3.4.1.0" clr-version="4.0.30319.42000" os-version="Unix 6.5.0.1016" platform="Unix" cwd="/home/runner/work/ci_targets/ci_targets/tests" machine-name="fv-az1567-380" user="runner" user-domain="fv-az1567-380" culture="" uiculture="" os-architecture="x64" />
    <settings>
      <setting name="WorkDirectory" value="/home/runner/work/ci_targets/ci_targets/tests" />
      <setting name="ImageRuntimeVersion" value="4.0.30319" />
      <setting name="ImageTargetFrameworkName" value=".NETFramework,Version=v4.8" />
      <setting name="ImageRequiresX86" value="False" />
      <setting name="ImageRequiresDefaultAppDomainAssemblyResolver" value="False" />
      <setting name="NumberOfTestWorkers" value="4" />
    </settings>
    <properties>
      <property name="_PID" value="2689" />
      <property name="_APPDOMAIN" value="test-domain-" />
    </properties>
    <failure>
      <message><![CDATA[One or more child tests had errors]]></message>
    </failure>
    <test-suite type="TestSuite" id="0-1453" name="Kaitai" fullname="Kaitai" runstate="Runnable" testcasecount="226" result="Failed" site="Child" start-time="2024-03-18 17:48:24Z" end-time="2024-03-18 17:48:26Z" duration="1.348881" total="226" passed="223" failed="3" inconclusive="0" skipped="0" asserts="1022">
      <failure>
        <message><![CDATA[One or more child tests had errors]]></message>
      </failure>
      <test-suite type="TestFixture" id="0-1000" name="SpecBcdUserTypeBe" fullname="Kaitai.SpecBcdUserTypeBe" classname="Kaitai.SpecBcdUserTypeBe" runstate="Runnable" testcasecount="1" result="Passed" start-time="2024-03-18 17:48:24Z" end-time="2024-03-18 17:48:24Z" duration="0.020076" total="1" passed="1" failed="0" inconclusive="0" skipped="0" asserts="6">
        <test-case id="0-1001" name="TestBcdUserTypeBe" fullname="Kaitai.SpecBcdUserTypeBe.TestBcdUserTypeBe" methodname="TestBcdUserTypeBe" classname="Kaitai.SpecBcdUserTypeBe" runstate="Runnable" seed="748131904" result="Passed" start-time="2024-03-18 17:48:24Z" end-time="2024-03-18 17:48:24Z" duration="0.012907" asserts="6" />
      </test-suite>
      <test-suite type="TestFixture" id="0-1002" name="SpecBcdUserTypeLe" fullname="Kaitai.SpecBcdUserTypeLe" classname="Kaitai.SpecBcdUserTypeLe" runstate="Runnable" testcasecount="1" result="Passed" start-time="2024-03-18 17:48:24Z" end-time="2024-03-18 17:48:24Z" duration="0.004859" total="1" passed="1" failed="0" inconclusive="0" skipped="0" asserts="6">
        <test-case id="0-1003" name="TestBcdUserTypeLe" fullname="Kaitai.SpecBcdUserTypeLe.TestBcdUserTypeLe" methodname="TestBcdUserTypeLe" classname="Kaitai.SpecBcdUserTypeLe" runstate="Runnable" seed="1886467505" result="Passed" start-time="2024-03-18 17:48:24Z" end-time="2024-03-18 17:48:24Z" duration="0.002428" asserts="6" />
      </test-suite>
      <test-suite type="TestFixture" id="0-1004" name="SpecBitsByteAligned" fullname="Kaitai.SpecBitsByteAligned" classname="Kaitai.SpecBitsByteAligned" runstate="Runnable" testcasecount="1" result="Passed" start-time="2024-03-18 17:48:24Z" end-time="2024-03-18 17:48:24Z" duration="0.005095" total="1" passed="1" failed="0" inconclusive="0" skipped="0" asserts="9">
        <test-case id="0-1005" name="TestBitsByteAligned" fullname="Kaitai.SpecBitsByteAligned.TestBitsByteAligned" methodname="TestBitsByteAligned" classname="Kaitai.SpecBitsByteAligned" runstate="Runnable" seed="569814302" result="Passed" start-time="2024-03-18 17:48:24Z" end-time="2024-03-18 17:48:24Z" duration="0.002732" asserts="9" />
      </test-suite>
      <test-suite type="TestFixture" id="0-1006" name="SpecBitsEnum" fullname="Kaitai.SpecBitsEnum" classname="Kaitai.SpecBitsEnum" runstate="Runnable" testcasecount="1" result="Passed" start-time="2024-03-18 17:48:24Z" end-time="2024-03-18 17:48:24Z" duration="0.002956" total="1" passed="1" failed="0" inconclusive="0" skipped="0" asserts="3">
        <test-case id="0-1007" name="TestBitsEnum" fullname="Kaitai.SpecBitsEnum.TestBitsEnum" methodname="TestBitsEnum" classname="Kaitai.SpecBitsEnum" runstate="Runnable" seed="2000017032" result="Passed" start-time="2024-03-18 17:48:24Z" end-time="2024-03-18 17:48:24Z" duration="0.000584" asserts="3" />
      </test-suite>
      <test-suite type="TestFixture" id="0-1008" name="SpecBitsSeqEndianCombo" fullname="Kaitai.SpecBitsSeqEndianCombo" classname="Kaitai.SpecBitsSeqEndianCombo" runstate="Runnable" testcasecount="1" result="Passed" start-time="2024-03-18 17:48:24Z" end-time="2024-03-18 17:48:24Z" duration="0.002938" total="1" passed="1" failed="0" inconclusive="0" skipped="0" asserts="8">
        <test-case id="0-1009" name="TestBitsSeqEndianCombo" fullname="Kaitai.SpecBitsSeqEndianCombo.TestBitsSeqEndianCombo" methodname="TestBitsSeqEndianCombo" classname="Kaitai.SpecBitsSeqEndianCombo" runstate="Runnable" seed="167141260" result="Passed" start-time="2024-03-18 17:48:24Z" end-time="2024-03-18 17:48:24Z" duration="0.000583" asserts="8" />
      </test-suite>
      <test-suite type="TestFixture" id="0-1010" name="SpecBitsShiftByB32Le" fullname="Kaitai.SpecBitsShiftByB32Le" classname="Kaitai.SpecBitsShiftByB32Le" runstate="Runnable" testcasecount="1" result="Passed" start-time="2024-03-18 17:48:24Z" end-time="2024-03-18 17:48:24Z" duration="0.002736" total="1" passed="1" failed="0" inconclusive="0" skipped="0" asserts="2">
        <test-case id="0-1011" name="TestBitsShiftByB32Le" fullname="Kaitai.SpecBitsShiftByB32Le.TestBitsShiftByB32Le" methodname="TestBitsShiftByB32Le" classname="Kaitai.SpecBitsShiftByB32Le" runstate="Runnable" seed="1106894280" result="Passed" start-time="2024-03-18 17:48:24Z" end-time="2024-03-18 17:48:24Z" duration="0.000360" asserts="2" />
      </test-suite>
      <test-suite type="TestFixture" id="0-1012" name="SpecBitsShiftByB64Le" fullname="Kaitai.SpecBitsShiftByB64Le" classname="Kaitai.SpecBitsShiftByB64Le" runstate="Runnable" testcasecount="1" result="Passed" start-time="2024-03-18 17:48:24Z" end-time="2024-03-18 17:48:24Z" duration="0.002661" total="1" passed="1" failed="0" inconclusive="0" skipped="0" asserts="2">
        <test-case id="0-1013" name="TestBitsShiftByB64Le" fullname="Kaitai.SpecBitsShiftByB64Le.TestBitsShiftByB64Le" methodname="TestBitsShiftByB64Le" classname="Kaitai.SpecBitsShiftByB64Le" runstate="Runnable" seed="587087022" result="Passed" start-time="2024-03-18 17:48:24Z" end-time="2024-03-18 17:48:24Z" duration="0.000293" asserts="2" />
      </test-suite>
      <test-suite type="TestFixture" id="0-1014" name="SpecBitsSignedResB32Be" fullname="Kaitai.SpecBitsSignedResB32Be" classname="Kaitai.SpecBitsSignedResB32Be" runstate="Runnable" testcasecount="1" result="Passed" start-time="2024-03-18 17:48:24Z" end-time="2024-03-18 17:48:24Z" duration="0.002605" total="1" passed="1" failed="0" inconclusive="0" skipped="0" asserts="1">
        <test-case id="0-1015" name="TestBitsSignedResB32Be" fullname="Kaitai.SpecBitsSignedResB32Be.TestBitsSignedResB32Be" methodname="TestBitsSignedResB32Be" classname="Kaitai.SpecBitsSignedResB32Be" runstate="Runnable" seed="1934796879" result="Passed" start-time="2024-03-18 17:48:24Z" end-time="2024-03-18 17:48:24Z" duration="0.000262" asserts="1" />
      </test-suite>
      <test-suite type="TestFixture" id="0-1016" name="SpecBitsSignedResB32Le" fullname="Kaitai.SpecBitsSignedResB32Le" classname="Kaitai.SpecBitsSignedResB32Le" runstate="Runnable" testcasecount="1" result="Passed" start-time="2024-03-18 17:48:24Z" end-time="2024-03-18 17:48:24Z" duration="0.002615" total="1" passed="1" failed="0" inconclusive="0" skipped="0" asserts="1">
        <test-case id="0-1017" name="TestBitsSignedResB32Le" fullname="Kaitai.SpecBitsSignedResB32Le.TestBitsSignedResB32Le" methodname="TestBitsSignedResB32Le" classname="Kaitai.SpecBitsSignedResB32Le" runstate="Runnable" seed="2082678874" result="Passed" start-time="2024-03-18 17:48:24Z" end-time="2024-03-18 17:48:24Z" duration="0.000261" asserts="1" />
      </test-suite>
      <test-suite type="TestFixture" id="0-1018" name="SpecBitsSignedShiftB32Le" fullname="Kaitai.SpecBitsSignedShiftB32Le" classname="Kaitai.SpecBitsSignedShiftB32Le" runstate="Runnable" testcasecount="1" result="Passed" start-time="2024-03-18 17:48:24Z" end-time="2024-03-18 17:48:24Z" duration="0.002644" total="1" passed="1" failed="0" inconclusive="0" skipped="0" asserts="2">
        <test-case id="0-1019" name="TestBitsSignedShiftB32Le" fullname="Kaitai.SpecBitsSignedShiftB32Le.TestBitsSignedShiftB32Le" methodname="TestBitsSignedShiftB32Le" classname="Kaitai.SpecBitsSignedShiftB32Le" runstate="Runnable" seed="1705079255" result="Passed" start-time="2024-03-18 17:48:24Z" end-time="2024-03-18 17:48:24Z" duration="0.000286" asserts="2" />
      </test-suite>
      <test-suite type="TestFixture" id="0-1020" name="SpecBitsSignedShiftB64Le" fullname="Kaitai.SpecBitsSignedShiftB64Le" classname="Kaitai.SpecBitsSignedShiftB64Le" runstate="Runnable" testcasecount="1" result="Passed" start-time="2024-03-18 17:48:24Z" end-time="2024-03-18 17:48:24Z" duration="0.002679" total="1" passed="1" failed="0" inconclusive="0" skipped="0" asserts="2">
        <test-case id="0-1021" name="TestBitsSignedShiftB64Le" fullname="Kaitai.SpecBitsSignedShiftB64Le.TestBitsSignedShiftB64Le" methodname="TestBitsSignedShiftB64Le" classname="Kaitai.SpecBitsSignedShiftB64Le" runstate="Runnable" seed="2047290101" result="Passed" start-time="2024-03-18 17:48:24Z" end-time="2024-03-18 17:48:24Z" duration="0.000286" asserts="2" />
      </test-suite>
      <test-suite type="TestFixture" id="0-1022" name="SpecBitsSimple" fullname="Kaitai.SpecBitsSimple" classname="Kaitai.SpecBitsSimple" runstate="Runnable" testcasecount="1" result="Passed" start-time="2024-03-18 17:48:24Z" end-time="2024-03-18 17:48:24Z" duration="0.003816" total="1" passed="1" failed="0" inconclusive="0" skipped="0" asserts="14">
        <test-case id="0-1023" name="TestBitsSimple" fullname="Kaitai.SpecBitsSimple.TestBitsSimple" methodname="TestBitsSimple" classname="Kaitai.SpecBitsSimple" runstate="Runnable" seed="1505182478" result="Passed" start-time="2024-03-18 17:48:24Z" end-time="2024-03-18 17:48:24Z" duration="0.001492" asserts="14" />
      </test-suite>
      <test-suite type="TestFixture" id="0-1024" name="SpecBitsSimpleLe" fullname="Kaitai.SpecBitsSimpleLe" classname="Kaitai.SpecBitsSimpleLe" runstate="Runnable" testcasecount="1" result="Passed" start-time="2024-03-18 17:48:24Z" end-time="2024-03-18 17:48:24Z" duration="0.003096" total="1" passed="1" failed="0" inconclusive="0" skipped="0" asserts="14">
        <test-case id="0-1025" name="TestBitsSimpleLe" fullname="Kaitai.SpecBitsSimpleLe.TestBitsSimpleLe" methodname="TestBitsSimpleLe" classname="Kaitai.SpecBitsSimpleLe" runstate="Runnable" seed="1760246413" result="Passed" start-time="2024-03-18 17:48:24Z" end-time="2024-03-18 17:48:24Z" duration="0.000729" asserts="14" />
      </test-suite>
      <test-suite type="TestFixture" id="0-1026" name="SpecBitsUnalignedB32Be" fullname="Kaitai.SpecBitsUnalignedB32Be" classname="Kaitai.SpecBitsUnalignedB32Be" runstate="Runnable" testcasecount="1" result="Passed" start-time="2024-03-18 17:48:24Z" end-time="2024-03-18 17:48:24Z" duration="0.002700" total="1" passed="1" failed="0" inconclusive="0" skipped="0" asserts="3">
        <test-case id="0-1027" name="TestBitsUnalignedB32Be" fullname="Kaitai.SpecBitsUnalignedB32Be.TestBitsUnalignedB32Be" methodname="TestBitsUnalignedB32Be" classname="Kaitai.SpecBitsUnalignedB32Be" runstate="Runnable" seed="1708319219" result="Passed" start-time="2024-03-18 17:48:24Z" end-time="2024-03-18 17:48:24Z" duration="0.000346" asserts="3" />
      </test-suite>
      <test-suite type="TestFixture" id="0-1028" name="SpecBitsUnalignedB32Le" fullname="Kaitai.SpecBitsUnalignedB32Le" classname="Kaitai.SpecBitsUnalignedB32Le" runstate="Runnable" testcasecount="1" result="Passed" start-time="2024-03-18 17:48:24Z" end-time="2024-03-18 17:48:24Z" duration="0.002649" total="1" passed="1" failed="0" inconclusive="0" skipped="0" asserts="3">
        <test-case id="0-1029" name="TestBitsUnalignedB32Le" fullname="Kaitai.SpecBitsUnalignedB32Le.TestBitsUnalignedB32Le" methodname="TestBitsUnalignedB32Le" classname="Kaitai.SpecBitsUnalignedB32Le" runstate="Runnable" seed="675714196" result="Passed" start-time="2024-03-18 17:48:24Z" end-time="2024-03-18 17:48:24Z" duration="0.000327" asserts="3" />
      </test-suite>
      <test-suite type="TestFixture" id="0-1030" name="SpecBitsUnalignedB64Be" fullname="Kaitai.SpecBitsUnalignedB64Be" classname="Kaitai.SpecBitsUnalignedB64Be" runstate="Runnable" testcasecount="1" result="Passed" start-time="2024-03-18 17:48:24Z" end-time="2024-03-18 17:48:24Z" duration="0.002650" total="1" passed="1" failed="0" inconclusive="0" skipped="0" asserts="3">
        <test-case id="0-1031" name="TestBitsUnalignedB64Be" fullname="Kaitai.SpecBitsUnalignedB64Be.TestBitsUnalignedB64Be" methodname="TestBitsUnalignedB64Be" classname="Kaitai.SpecBitsUnalignedB64Be" runstate="Runnable" seed="41806614" result="Passed" start-time="2024-03-18 17:48:24Z" end-time="2024-03-18 17:48:24Z" duration="0.000327" asserts="3" />
      </test-suite>
      <test-suite type="TestFixture" id="0-1032" name="SpecBitsUnalignedB64Le" fullname="Kaitai.SpecBitsUnalignedB64Le" classname="Kaitai.SpecBitsUnalignedB64Le" runstate="Runnable" testcasecount="1" result="Passed" start-time="2024-03-18 17:48:24Z" end-time="2024-03-18 17:48:24Z" duration="0.002706" total="1" passed="1" failed="0" inconclusive="0" skipped="0" asserts="3">
        <test-case id="0-1033" name="TestBitsUnalignedB64Le" fullname="Kaitai.SpecBitsUnalignedB64Le.TestBitsUnalignedB64Le" methodname="TestBitsUnalignedB64Le" classname="Kaitai.SpecBitsUnalignedB64Le" runstate="Runnable" seed="1444525933" result="Passed" start-time="2024-03-18 17:48:24Z" end-time="2024-03-18 17:48:24Z" duration="0.000360" asserts="3" />
      </test-suite>
      <test-suite type="TestFixture" id="0-1034" name="SpecBufferedStruct" fullname="Kaitai.SpecBufferedStruct" classname="Kaitai.SpecBufferedStruct" runstate="Runnable" testcasecount="1" result="Passed" start-time="2024-03-18 17:48:24Z" end-time="2024-03-18 17:48:24Z" duration="0.003478" total="1" passed="1" failed="0" inconclusive="0" skipped="0" asserts="7">
        <test-case id="0-1035" name="TestBufferedStruct" fullname="Kaitai.SpecBufferedStruct.TestBufferedStruct" methodname="TestBufferedStruct" classname="Kaitai.SpecBufferedStruct" runstate="Runnable" seed="794932962" result="Passed" start-time="2024-03-18 17:48:24Z" end-time="2024-03-18 17:48:24Z" duration="0.001151" asserts="7" />
      </test-suite>
      <test-suite type="TestFixture" id="0-1036" name="SpecBytesPadTerm" fullname="Kaitai.SpecBytesPadTerm" classname="Kaitai.SpecBytesPadTerm" runstate="Runnable" testcasecount="1" result="Passed" start-time="2024-03-18 17:48:24Z" end-time="2024-03-18 17:48:24Z" duration="0.002947" total="1" passed="1" failed="0" inconclusive="0" skipped="0" asserts="4">
        <test-case id="0-1037" name="TestBytesPadTerm" fullname="Kaitai.SpecBytesPadTerm.TestBytesPadTerm" methodname="TestBytesPadTerm" classname="Kaitai.SpecBytesPadTerm" runstate="Runnable" seed="160421831" result="Passed" start-time="2024-03-18 17:48:24Z" end-time="2024-03-18 17:48:24Z" duration="0.000620" asserts="4" />
      </test-suite>
      <test-suite type="TestFixture" id="0-1038" name="SpecCastNested" fullname="Kaitai.SpecCastNested" classname="Kaitai.SpecCastNested" runstate="Runnable" testcasecount="1" result="Passed" start-time="2024-03-18 17:48:25Z" end-time="2024-03-18 17:48:25Z" duration="0.017836" total="1" passed="1" failed="0" inconclusive="0" skipped="0" asserts="4">
        <test-case id="0-1039" name="TestCastNested" fullname="Kaitai.SpecCastNested.TestCastNested" methodname="TestCastNested" classname="Kaitai.SpecCastNested" runstate="Runnable" seed="442626903" result="Passed" start-time="2024-03-18 17:48:25Z" end-time="2024-03-18 17:48:25Z" duration="0.015497" asserts="4" />
      </test-suite>
      <test-suite type="TestFixture" id="0-1040" name="SpecCastToImported" fullname="Kaitai.SpecCastToImported" classname="Kaitai.SpecCastToImported" runstate="Runnable" testcasecount="1" result="Passed" start-time="2024-03-18 17:48:25Z" end-time="2024-03-18 17:48:25Z" duration="0.002853" total="1" passed="1" failed="0" inconclusive="0" skipped="0" asserts="2">
        <test-case id="0-1041" name="TestCastToImported" fullname="Kaitai.SpecCastToImported.TestCastToImported" methodname="TestCastToImported" classname="Kaitai.SpecCastToImported" runstate="Runnable" seed="717432355" result="Passed" start-time="2024-03-18 17:48:25Z" end-time="2024-03-18 17:48:25Z" duration="0.000486" asserts="2" />
      </test-suite>
      <test-suite type="TestFixture" id="0-1042" name="SpecCastToTop" fullname="Kaitai.SpecCastToTop" classname="Kaitai.SpecCastToTop" runstate="Runnable" testcasecount="1" result="Passed" start-time="2024-03-18 17:48:25Z" end-time="2024-03-18 17:48:25Z" duration="0.003096" total="1" passed="1" failed="0" inconclusive="0" skipped="0" asserts="3">
        <test-case id="0-1043" name="TestCastToTop" fullname="Kaitai.SpecCastToTop.TestCastToTop" methodname="TestCastToTop" classname="Kaitai.SpecCastToTop" runstate="Runnable" seed="2000260782" result="Passed" start-time="2024-03-18 17:48:25Z" end-time="2024-03-18 17:48:25Z" duration="0.000761" asserts="3" />
      </test-suite>
      <test-suite type="TestFixture" id="0-1044" name="SpecCombineBool" fullname="Kaitai.SpecCombineBool" classname="Kaitai.SpecCombineBool" runstate="Runnable" testcasecount="1" result="Passed" start-time="2024-03-18 17:48:25Z" end-time="2024-03-18 17:48:25Z" duration="0.002740" total="1" passed="1" failed="0" inconclusive="0" skipped="0" asserts="2">
        <test-case id="0-1045" name="TestCombineBool" fullname="Kaitai.SpecCombineBool.TestCombineBool" methodname="TestCombineBool" classname="Kaitai.SpecCombineBool" runstate="Runnable" seed="1573686190" result="Passed" start-time="2024-03-18 17:48:25Z" end-time="2024-03-18 17:48:25Z" duration="0.000401" asserts="2" />
      </test-suite>
      <test-suite type="TestFixture" id="0-1046" name="SpecCombineBytes" fullname="Kaitai.SpecCombineBytes" classname="Kaitai.SpecCombineBytes" runstate="Runnable" testcasecount="1" result="Passed" start-time="2024-03-18 17:48:25Z" end-time="2024-03-18 17:48:25Z" duration="0.003127" total="1" passed="1" failed="0" inconclusive="0" skipped="0" asserts="10">
        <test-case id="0-1047" name="TestCombineBytes" fullname="Kaitai.SpecCombineBytes.TestCombineBytes" methodname="TestCombineBytes" classname="Kaitai.SpecCombineBytes" runstate="Runnable" seed="1708727066" result="Passed" start-time="2024-03-18 17:48:25Z" end-time="2024-03-18 17:48:25Z" duration="0.000799" asserts="10" />
      </test-suite>
      <test-suite type="TestFixture" id="0-1048" name="SpecCombineEnum" fullname="Kaitai.SpecCombineEnum" classname="Kaitai.SpecCombineEnum" runstate="Runnable" testcasecount="1" result="Passed" start-time="2024-03-18 17:48:25Z" end-time="2024-03-18 17:48:25Z" duration="0.002786" total="1" passed="1" failed="0" inconclusive="0" skipped="0" asserts="3">
        <test-case id="0-1049" name="TestCombineEnum" fullname="Kaitai.SpecCombineEnum.TestCombineEnum" methodname="TestCombineEnum" classname="Kaitai.SpecCombineEnum" runstate="Runnable" seed="746098526" result="Passed" start-time="2024-03-18 17:48:25Z" end-time="2024-03-18 17:48:25Z" duration="0.000453" asserts="3" />
      </test-suite>
      <test-suite type="TestFixture" id="0-1050" name="SpecCombineStr" fullname="Kaitai.SpecCombineStr" classname="Kaitai.SpecCombineStr" runstate="Runnable" testcasecount="1" result="Passed" start-time="2024-03-18 17:48:25Z" end-time="2024-03-18 17:48:25Z" duration="0.003194" total="1" passed="1" failed="0" inconclusive="0" skipped="0" asserts="15">
        <test-case id="0-1051" name="TestCombineStr" fullname="Kaitai.SpecCombineStr.TestCombineStr" methodname="TestCombineStr" classname="Kaitai.SpecCombineStr" runstate="Runnable" seed="1489243638" result="Passed" start-time="2024-03-18 17:48:25Z" end-time="2024-03-18 17:48:25Z" duration="0.000862" asserts="15" />
      </test-suite>
      <test-suite type="TestFixture" id="0-1052" name="SpecDebug0" fullname="Kaitai.SpecDebug0" classname="Kaitai.SpecDebug0" runstate="Runnable" testcasecount="1" result="Passed" start-time="2024-03-18 17:48:25Z" end-time="2024-03-18 17:48:25Z" duration="0.002363" total="1" passed="1" failed="0" inconclusive="0" skipped="0" asserts="0">
        <test-case id="0-1053" name="TestDebug0" fullname="Kaitai.SpecDebug0.TestDebug0" methodname="TestDebug0" classname="Kaitai.SpecDebug0" runstate="Runnable" seed="1207945364" result="Passed" start-time="2024-03-18 17:48:25Z" end-time="2024-03-18 17:48:25Z" duration="0.000045" asserts="0" />
      </test-suite>
      <test-suite type="TestFixture" id="0-1054" name="SpecDebugArrayUser" fullname="Kaitai.SpecDebugArrayUser" classname="Kaitai.SpecDebugArrayUser" runstate="Runnable" testcasecount="1" result="Passed" start-time="2024-03-18 17:48:25Z" end-time="2024-03-18 17:48:25Z" duration="0.003106" total="1" passed="1" failed="0" inconclusive="0" skipped="0" asserts="4">
        <test-case id="0-1055" name="TestDebugArrayUser" fullname="Kaitai.SpecDebugArrayUser.TestDebugArrayUser" methodname="TestDebugArrayUser" classname="Kaitai.SpecDebugArrayUser" runstate="Runnable" seed="898345245" result="Passed" start-time="2024-03-18 17:48:25Z" end-time="2024-03-18 17:48:25Z" duration="0.000780" asserts="4" />
      </test-suite>
      <test-suite type="TestFixture" id="0-1056" name="SpecDebugEnumName" fullname="Kaitai.SpecDebugEnumName" classname="Kaitai.SpecDebugEnumName" runstate="Runnable" testcasecount="1" result="Passed" start-time="2024-03-18 17:48:25Z" end-time="2024-03-18 17:48:25Z" duration="0.002367" total="1" passed="1" failed="0" inconclusive="0" skipped="0" asserts="0">
        <test-case id="0-1057" name="TestDebugEnumName" fullname="Kaitai.SpecDebugEnumName.TestDebugEnumName" methodname="TestDebugEnumName" classname="Kaitai.SpecDebugEnumName" runstate="Runnable" seed="1365623947" result="Passed" start-time="2024-03-18 17:48:25Z" end-time="2024-03-18 17:48:25Z" duration="0.000044" asserts="0" />
      </test-suite>
      <test-suite type="TestFixture" id="0-1058" name="SpecDebugSwitchUser" fullname="Kaitai.SpecDebugSwitchUser" classname="Kaitai.SpecDebugSwitchUser" runstate="Runnable" testcasecount="1" result="Passed" start-time="2024-03-18 17:48:25Z" end-time="2024-03-18 17:48:25Z" duration="0.002840" total="1" passed="1" failed="0" inconclusive="0" skipped="0" asserts="2">
        <test-case id="0-1059" name="TestDebugSwitchUser" fullname="Kaitai.SpecDebugSwitchUser.TestDebugSwitchUser" methodname="TestDebugSwitchUser" classname="Kaitai.SpecDebugSwitchUser" runstate="Runnable" seed="1433352410" result="Passed" start-time="2024-03-18 17:48:25Z" end-time="2024-03-18 17:48:25Z" duration="0.000517" asserts="2" />
      </test-suite>
      <test-suite type="TestFixture" id="0-1060" name="SpecDefaultBigEndian" fullname="Kaitai.SpecDefaultBigEndian" classname="Kaitai.SpecDefaultBigEndian" runstate="Runnable" testcasecount="1" result="Passed" start-time="2024-03-18 17:48:25Z" end-time="2024-03-18 17:48:25Z" duration="0.002672" total="1" passed="1" failed="0" inconclusive="0" skipped="0" asserts="1">
        <test-case id="0-1061" name="TestDefaultBigEndian" fullname="Kaitai.SpecDefaultBigEndian.TestDefaultBigEndian" methodname="TestDefaultBigEndian" classname="Kaitai.SpecDefaultBigEndian" runstate="Runnable" seed="792503637" result="Passed" start-time="2024-03-18 17:48:25Z" end-time="2024-03-18 17:48:25Z" duration="0.000338" asserts="1" />
      </test-suite>
      <test-suite type="TestFixture" id="0-1062" name="SpecDefaultBitEndianMod" fullname="Kaitai.SpecDefaultBitEndianMod" classname="Kaitai.SpecDefaultBitEndianMod" runstate="Runnable" testcasecount="1" result="Passed" start-time="2024-03-18 17:48:25Z" end-time="2024-03-18 17:48:25Z" duration="0.002905" total="1" passed="1" failed="0" inconclusive="0" skipped="0" asserts="4">
        <test-case id="0-1063" name="TestDefaultBitEndianMod" fullname="Kaitai.SpecDefaultBitEndianMod.TestDefaultBitEndianMod" methodname="TestDefaultBitEndianMod" classname="Kaitai.SpecDefaultBitEndianMod" runstate="Runnable" seed="2145517702" result="Passed" start-time="2024-03-18 17:48:25Z" end-time="2024-03-18 17:48:25Z" duration="0.000582" asserts="4" />
      </test-suite>
      <test-suite type="TestFixture" id="0-1064" name="SpecDefaultEndianExprException" fullname="Kaitai.SpecDefaultEndianExprException" classname="Kaitai.SpecDefaultEndianExprException" runstate="Runnable" testcasecount="1" result="Passed" start-time="2024-03-18 17:48:25Z" end-time="2024-03-18 17:48:25Z" duration="0.005573" total="1" passed="1" failed="0" inconclusive="0" skipped="0" asserts="1">
        <test-case id="0-1065" name="TestDefaultEndianExprException" fullname="Kaitai.SpecDefaultEndianExprException.TestDefaultEndianExprException" methodname="TestDefaultEndianExprException" classname="Kaitai.SpecDefaultEndianExprException" runstate="Runnable" seed="381152043" result="Passed" start-time="2024-03-18 17:48:25Z" end-time="2024-03-18 17:48:25Z" duration="0.003223" asserts="1" />
      </test-suite>
      <test-suite type="TestFixture" id="0-1066" name="SpecDefaultEndianExprInherited" fullname="Kaitai.SpecDefaultEndianExprInherited" classname="Kaitai.SpecDefaultEndianExprInherited" runstate="Runnable" testcasecount="1" result="Passed" start-time="2024-03-18 17:48:25Z" end-time="2024-03-18 17:48:25Z" duration="0.004504" total="1" passed="1" failed="0" inconclusive="0" skipped="0" asserts="15">
        <test-case id="0-1067" name="TestDefaultEndianExprInherited" fullname="Kaitai.SpecDefaultEndianExprInherited.TestDefaultEndianExprInherited" methodname="TestDefaultEndianExprInherited" classname="Kaitai.SpecDefaultEndianExprInherited" runstate="Runnable" seed="718628704" result="Passed" start-time="2024-03-18 17:48:25Z" end-time="2024-03-18 17:48:25Z" duration="0.002129" asserts="15" />
      </test-suite>
      <test-suite type="TestFixture" id="0-1068" name="SpecDefaultEndianExprIsBe" fullname="Kaitai.SpecDefaultEndianExprIsBe" classname="Kaitai.SpecDefaultEndianExprIsBe" runstate="Runnable" testcasecount="1" result="Passed" start-time="2024-03-18 17:48:25Z" end-time="2024-03-18 17:48:25Z" duration="0.004356" total="1" passed="1" failed="0" inconclusive="0" skipped="0" asserts="18">
        <test-case id="0-1069" name="TestDefaultEndianExprIsBe" fullname="Kaitai.SpecDefaultEndianExprIsBe.TestDefaultEndianExprIsBe" methodname="TestDefaultEndianExprIsBe" classname="Kaitai.SpecDefaultEndianExprIsBe" runstate="Runnable" seed="1606812254" result="Passed" start-time="2024-03-18 17:48:25Z" end-time="2024-03-18 17:48:25Z" duration="0.002014" asserts="18" />
      </test-suite>
      <test-suite type="TestFixture" id="0-1070" name="SpecDefaultEndianExprIsLe" fullname="Kaitai.SpecDefaultEndianExprIsLe" classname="Kaitai.SpecDefaultEndianExprIsLe" runstate="Runnable" testcasecount="1" result="Passed" start-time="2024-03-18 17:48:25Z" end-time="2024-03-18 17:48:25Z" duration="0.004147" total="1" passed="1" failed="0" inconclusive="0" skipped="0" asserts="12">
        <test-case id="0-1071" name="TestDefaultEndianExprIsLe" fullname="Kaitai.SpecDefaultEndianExprIsLe.TestDefaultEndianExprIsLe" methodname="TestDefaultEndianExprIsLe" classname="Kaitai.SpecDefaultEndianExprIsLe" runstate="Runnable" seed="1802053264" result="Passed" start-time="2024-03-18 17:48:25Z" end-time="2024-03-18 17:48:25Z" duration="0.001797" asserts="12" />
      </test-suite>
      <test-suite type="TestFixture" id="0-1072" name="SpecDefaultEndianMod" fullname="Kaitai.SpecDefaultEndianMod" classname="Kaitai.SpecDefaultEndianMod" runstate="Runnable" testcasecount="1" result="Passed" start-time="2024-03-18 17:48:25Z" end-time="2024-03-18 17:48:25Z" duration="0.003006" total="1" passed="1" failed="0" inconclusive="0" skipped="0" asserts="3">
        <test-case id="0-1073" name="TestDefaultEndianMod" fullname="Kaitai.SpecDefaultEndianMod.TestDefaultEndianMod" methodname="TestDefaultEndianMod" classname="Kaitai.SpecDefaultEndianMod" runstate="Runnable" seed="384953713" result="Passed" start-time="2024-03-18 17:48:25Z" end-time="2024-03-18 17:48:25Z" duration="0.000673" asserts="3" />
      </test-suite>
      <test-suite type="TestFixture" id="0-1074" name="SpecDocstrings" fullname="Kaitai.SpecDocstrings" classname="Kaitai.SpecDocstrings" runstate="Runnable" testcasecount="1" result="Passed" start-time="2024-03-18 17:48:25Z" end-time="2024-03-18 17:48:25Z" duration="0.002592" total="1" passed="1" failed="0" inconclusive="0" skipped="0" asserts="0">
        <test-case id="0-1075" name="TestDocstrings" fullname="Kaitai.SpecDocstrings.TestDocstrings" methodname="TestDocstrings" classname="Kaitai.SpecDocstrings" runstate="Runnable" seed="122480945" result="Passed" start-time="2024-03-18 17:48:25Z" end-time="2024-03-18 17:48:25Z" duration="0.000267" asserts="0" />
      </test-suite>
      <test-suite type="TestFixture" id="0-1076" name="SpecDocstringsDocref" fullname="Kaitai.SpecDocstringsDocref" classname="Kaitai.SpecDocstringsDocref" runstate="Runnable" testcasecount="1" result="Passed" start-time="2024-03-18 17:48:25Z" end-time="2024-03-18 17:48:25Z" duration="0.002584" total="1" passed="1" failed="0" inconclusive="0" skipped="0" asserts="0">
        <test-case id="0-1077" name="TestDocstringsDocref" fullname="Kaitai.SpecDocstringsDocref.TestDocstringsDocref" methodname="TestDocstringsDocref" classname="Kaitai.SpecDocstringsDocref" runstate="Runnable" seed="252752373" result="Passed" start-time="2024-03-18 17:48:25Z" end-time="2024-03-18 17:48:25Z" duration="0.000259" asserts="0" />
      </test-suite>
      <test-suite type="TestFixture" id="0-1078" name="SpecDocstringsDocrefMulti" fullname="Kaitai.SpecDocstringsDocrefMulti" classname="Kaitai.SpecDocstringsDocrefMulti" runstate="Runnable" testcasecount="1" result="Passed" start-time="2024-03-18 17:48:25Z" end-time="2024-03-18 17:48:25Z" duration="0.002606" total="1" passed="1" failed="0" inconclusive="0" skipped="0" asserts="0">
        <test-case id="0-1079" name="TestDocstringsDocrefMulti" fullname="Kaitai.SpecDocstringsDocrefMulti.TestDocstringsDocrefMulti" methodname="TestDocstringsDocrefMulti" classname="Kaitai.SpecDocstringsDocrefMulti" runstate="Runnable" seed="943738053" result="Passed" start-time="2024-03-18 17:48:25Z" end-time="2024-03-18 17:48:25Z" duration="0.000220" asserts="0" />
      </test-suite>
      <test-suite type="TestFixture" id="0-1080" name="SpecEnum0" fullname="Kaitai.SpecEnum0" classname="Kaitai.SpecEnum0" runstate="Runnable" testcasecount="1" result="Passed" start-time="2024-03-18 17:48:25Z" end-time="2024-03-18 17:48:25Z" duration="0.002699" total="1" passed="1" failed="0" inconclusive="0" skipped="0" asserts="2">
        <test-case id="0-1081" name="TestEnum0" fullname="Kaitai.SpecEnum0.TestEnum0" methodname="TestEnum0" classname="Kaitai.SpecEnum0" runstate="Runnable" seed="1936604430" result="Passed" start-time="2024-03-18 17:48:25Z" end-time="2024-03-18 17:48:25Z" duration="0.000357" asserts="2" />
      </test-suite>
      <test-suite type="TestFixture" id="0-1082" name="SpecEnum1" fullname="Kaitai.SpecEnum1" classname="Kaitai.SpecEnum1" runstate="Runnable" testcasecount="1" result="Passed" start-time="2024-03-18 17:48:25Z" end-time="2024-03-18 17:48:25Z" duration="0.002839" total="1" passed="1" failed="0" inconclusive="0" skipped="0" asserts="2">
        <test-case id="0-1083" name="TestEnum1" fullname="Kaitai.SpecEnum1.TestEnum1" methodname="TestEnum1" classname="Kaitai.SpecEnum1" runstate="Runnable" seed="1815443948" result="Passed" start-time="2024-03-18 17:48:25Z" end-time="2024-03-18 17:48:25Z" duration="0.000498" asserts="2" />
      </test-suite>
      <test-suite type="TestFixture" id="0-1084" name="SpecEnumDeep" fullname="Kaitai.SpecEnumDeep" classname="Kaitai.SpecEnumDeep" runstate="Runnable" testcasecount="1" result="Passed" start-time="2024-03-18 17:48:25Z" end-time="2024-03-18 17:48:25Z" duration="0.002695" total="1" passed="1" failed="0" inconclusive="0" skipped="0" asserts="2">
        <test-case id="0-1085" name="TestEnumDeep" fullname="Kaitai.SpecEnumDeep.TestEnumDeep" methodname="TestEnumDeep" classname="Kaitai.SpecEnumDeep" runstate="Runnable" seed="1095750175" result="Passed" start-time="2024-03-18 17:48:25Z" end-time="2024-03-18 17:48:25Z" duration="0.000347" asserts="2" />
      </test-suite>
      <test-suite type="TestFixture" id="0-1086" name="SpecEnumDeepLiterals" fullname="Kaitai.SpecEnumDeepLiterals" classname="Kaitai.SpecEnumDeepLiterals" runstate="Runnable" testcasecount="1" result="Passed" start-time="2024-03-18 17:48:25Z" end-time="2024-03-18 17:48:25Z" duration="0.002775" total="1" passed="1" failed="0" inconclusive="0" skipped="0" asserts="2">
        <test-case id="0-1087" name="TestEnumDeepLiterals" fullname="Kaitai.SpecEnumDeepLiterals.TestEnumDeepLiterals" methodname="TestEnumDeepLiterals" classname="Kaitai.SpecEnumDeepLiterals" runstate="Runnable" seed="1502759403" result="Passed" start-time="2024-03-18 17:48:25Z" end-time="2024-03-18 17:48:25Z" duration="0.000430" asserts="2" />
      </test-suite>
      <test-suite type="TestFixture" id="0-1088" name="SpecEnumFancy" fullname="Kaitai.SpecEnumFancy" classname="Kaitai.SpecEnumFancy" runstate="Runnable" testcasecount="1" result="Passed" start-time="2024-03-18 17:48:25Z" end-time="2024-03-18 17:48:25Z" duration="0.002693" total="1" passed="1" failed="0" inconclusive="0" skipped="0" asserts="2">
        <test-case id="0-1089" name="TestEnumFancy" fullname="Kaitai.SpecEnumFancy.TestEnumFancy" methodname="TestEnumFancy" classname="Kaitai.SpecEnumFancy" runstate="Runnable" seed="462832659" result="Passed" start-time="2024-03-18 17:48:25Z" end-time="2024-03-18 17:48:25Z" duration="0.000350" asserts="2" />
      </test-suite>
      <test-suite type="TestFixture" id="0-1090" name="SpecEnumIf" fullname="Kaitai.SpecEnumIf" classname="Kaitai.SpecEnumIf" runstate="Runnable" testcasecount="1" result="Passed" start-time="2024-03-18 17:48:25Z" end-time="2024-03-18 17:48:25Z" duration="0.003337" total="1" passed="1" failed="0" inconclusive="0" skipped="0" asserts="7">
        <test-case id="0-1091" name="TestEnumIf" fullname="Kaitai.SpecEnumIf.TestEnumIf" methodname="TestEnumIf" classname="Kaitai.SpecEnumIf" runstate="Runnable" seed="369583589" result="Passed" start-time="2024-03-18 17:48:25Z" end-time="2024-03-18 17:48:25Z" duration="0.000976" asserts="7" />
      </test-suite>
      <test-suite type="TestFixture" id="0-1092" name="SpecEnumImport" fullname="Kaitai.SpecEnumImport" classname="Kaitai.SpecEnumImport" runstate="Runnable" testcasecount="1" result="Passed" start-time="2024-03-18 17:48:25Z" end-time="2024-03-18 17:48:25Z" duration="0.002678" total="1" passed="1" failed="0" inconclusive="0" skipped="0" asserts="2">
        <test-case id="0-1093" name="TestEnumImport" fullname="Kaitai.SpecEnumImport.TestEnumImport" methodname="TestEnumImport" classname="Kaitai.SpecEnumImport" runstate="Runnable" seed="1328351718" result="Passed" start-time="2024-03-18 17:48:25Z" end-time="2024-03-18 17:48:25Z" duration="0.000334" asserts="2" />
      </test-suite>
      <test-suite type="TestFixture" id="0-1094" name="SpecEnumIntRangeS" fullname="Kaitai.SpecEnumIntRangeS" classname="Kaitai.SpecEnumIntRangeS" runstate="Runnable" testcasecount="1" result="Passed" start-time="2024-03-18 17:48:25Z" end-time="2024-03-18 17:48:25Z" duration="0.002739" total="1" passed="1" failed="0" inconclusive="0" skipped="0" asserts="3">
        <test-case id="0-1095" name="TestEnumIntRangeS" fullname="Kaitai.SpecEnumIntRangeS.TestEnumIntRangeS" methodname="TestEnumIntRangeS" classname="Kaitai.SpecEnumIntRangeS" runstate="Runnable" seed="325319682" result="Passed" start-time="2024-03-18 17:48:25Z" end-time="2024-03-18 17:48:25Z" duration="0.000386" asserts="3" />
      </test-suite>
      <test-suite type="TestFixture" id="0-1096" name="SpecEnumInvalid" fullname="Kaitai.SpecEnumInvalid" classname="Kaitai.SpecEnumInvalid" runstate="Runnable" testcasecount="1" result="Passed" start-time="2024-03-18 17:48:25Z" end-time="2024-03-18 17:48:25Z" duration="0.002664" total="1" passed="1" failed="0" inconclusive="0" skipped="0" asserts="2">
        <test-case id="0-1097" name="TestEnumInvalid" fullname="Kaitai.SpecEnumInvalid.TestEnumInvalid" methodname="TestEnumInvalid" classname="Kaitai.SpecEnumInvalid" runstate="Runnable" seed="387623934" result="Passed" start-time="2024-03-18 17:48:25Z" end-time="2024-03-18 17:48:25Z" duration="0.000321" asserts="2" />
      </test-suite>
      <test-suite type="TestFixture" id="0-1098" name="SpecEnumNegative" fullname="Kaitai.SpecEnumNegative" classname="Kaitai.SpecEnumNegative" runstate="Runnable" testcasecount="1" result="Passed" start-time="2024-03-18 17:48:25Z" end-time="2024-03-18 17:48:25Z" duration="0.002723" total="1" passed="1" failed="0" inconclusive="0" skipped="0" asserts="2">
        <test-case id="0-1099" name="TestEnumNegative" fullname="Kaitai.SpecEnumNegative.TestEnumNegative" methodname="TestEnumNegative" classname="Kaitai.SpecEnumNegative" runstate="Runnable" seed="463722300" result="Passed" start-time="2024-03-18 17:48:25Z" end-time="2024-03-18 17:48:25Z" duration="0.000385" asserts="2" />
      </test-suite>
      <test-suite type="TestFixture" id="0-1100" name="SpecEnumOfValueInst" fullname="Kaitai.SpecEnumOfValueInst" classname="Kaitai.SpecEnumOfValueInst" runstate="Runnable" testcasecount="1" result="Passed" start-time="2024-03-18 17:48:25Z" end-time="2024-03-18 17:48:25Z" duration="0.002830" total="1" passed="1" failed="0" inconclusive="0" skipped="0" asserts="4">
        <test-case id="0-1101" name="TestEnumOfValueInst" fullname="Kaitai.SpecEnumOfValueInst.TestEnumOfValueInst" methodname="TestEnumOfValueInst" classname="Kaitai.SpecEnumOfValueInst" runstate="Runnable" seed="167469710" result="Passed" start-time="2024-03-18 17:48:25Z" end-time="2024-03-18 17:48:25Z" duration="0.000482" asserts="4" />
      </test-suite>
      <test-suite type="TestFixture" id="0-1102" name="SpecEofExceptionBytes" fullname="Kaitai.SpecEofExceptionBytes" classname="Kaitai.SpecEofExceptionBytes" runstate="Runnable" testcasecount="1" result="Passed" start-time="2024-03-18 17:48:25Z" end-time="2024-03-18 17:48:25Z" duration="0.003419" total="1" passed="1" failed="0" inconclusive="0" skipped="0" asserts="1">
        <test-case id="0-1103" name="TestEofExceptionBytes" fullname="Kaitai.SpecEofExceptionBytes.TestEofExceptionBytes" methodname="TestEofExceptionBytes" classname="Kaitai.SpecEofExceptionBytes" runstate="Runnable" seed="927916747" result="Passed" start-time="2024-03-18 17:48:25Z" end-time="2024-03-18 17:48:25Z" duration="0.001054" asserts="1" />
      </test-suite>
      <test-suite type="TestFixture" id="0-1104" name="SpecEofExceptionU4" fullname="Kaitai.SpecEofExceptionU4" classname="Kaitai.SpecEofExceptionU4" runstate="Runnable" testcasecount="1" result="Passed" start-time="2024-03-18 17:48:25Z" end-time="2024-03-18 17:48:25Z" duration="0.002760" total="1" passed="1" failed="0" inconclusive="0" skipped="0" asserts="1">
        <test-case id="0-1105" name="TestEofExceptionU4" fullname="Kaitai.SpecEofExceptionU4.TestEofExceptionU4" methodname="TestEofExceptionU4" classname="Kaitai.SpecEofExceptionU4" runstate="Runnable" seed="655969335" result="Passed" start-time="2024-03-18 17:48:25Z" end-time="2024-03-18 17:48:25Z" duration="0.000403" asserts="1" />
      </test-suite>
      <test-suite type="TestFixture" id="0-1106" name="SpecEosExceptionBytes" fullname="Kaitai.SpecEosExceptionBytes" classname="Kaitai.SpecEosExceptionBytes" runstate="Runnable" testcasecount="1" result="Passed" start-time="2024-03-18 17:48:25Z" end-time="2024-03-18 17:48:25Z" duration="0.002820" total="1" passed="1" failed="0" inconclusive="0" skipped="0" asserts="1">
        <test-case id="0-1107" name="TestEosExceptionBytes" fullname="Kaitai.SpecEosExceptionBytes.TestEosExceptionBytes" methodname="TestEosExceptionBytes" classname="Kaitai.SpecEosExceptionBytes" runstate="Runnable" seed="1396424533" result="Passed" start-time="2024-03-18 17:48:25Z" end-time="2024-03-18 17:48:25Z" duration="0.000466" asserts="1" />
      </test-suite>
      <test-suite type="TestFixture" id="0-1108" name="SpecEosExceptionU4" fullname="Kaitai.SpecEosExceptionU4" classname="Kaitai.SpecEosExceptionU4" runstate="Runnable" testcasecount="1" result="Passed" start-time="2024-03-18 17:48:25Z" end-time="2024-03-18 17:48:25Z" duration="0.002798" total="1" passed="1" failed="0" inconclusive="0" skipped="0" asserts="1">
        <test-case id="0-1109" name="TestEosExceptionU4" fullname="Kaitai.SpecEosExceptionU4.TestEosExceptionU4" methodname="TestEosExceptionU4" classname="Kaitai.SpecEosExceptionU4" runstate="Runnable" seed="248906759" result="Passed" start-time="2024-03-18 17:48:25Z" end-time="2024-03-18 17:48:25Z" duration="0.000445" asserts="1" />
      </test-suite>
      <test-suite type="TestFixture" id="0-1110" name="SpecExpr0" fullname="Kaitai.SpecExpr0" classname="Kaitai.SpecExpr0" runstate="Runnable" testcasecount="1" result="Passed" start-time="2024-03-18 17:48:25Z" end-time="2024-03-18 17:48:25Z" duration="0.002729" total="1" passed="1" failed="0" inconclusive="0" skipped="0" asserts="2">
        <test-case id="0-1111" name="TestExpr0" fullname="Kaitai.SpecExpr0.TestExpr0" methodname="TestExpr0" classname="Kaitai.SpecExpr0" runstate="Runnable" seed="1498808786" result="Passed" start-time="2024-03-18 17:48:25Z" end-time="2024-03-18 17:48:25Z" duration="0.000381" asserts="2" />
      </test-suite>
      <test-suite type="TestFixture" id="0-1112" name="SpecExpr1" fullname="Kaitai.SpecExpr1" classname="Kaitai.SpecExpr1" runstate="Runnable" testcasecount="1" result="Passed" start-time="2024-03-18 17:48:25Z" end-time="2024-03-18 17:48:25Z" duration="0.002824" total="1" passed="1" failed="0" inconclusive="0" skipped="0" asserts="4">
        <test-case id="0-1113" name="TestExpr1" fullname="Kaitai.SpecExpr1.TestExpr1" methodname="TestExpr1" classname="Kaitai.SpecExpr1" runstate="Runnable" seed="233178155" result="Passed" start-time="2024-03-18 17:48:25Z" end-time="2024-03-18 17:48:25Z" duration="0.000483" asserts="4" />
      </test-suite>
      <test-suite type="TestFixture" id="0-1114" name="SpecExpr2" fullname="Kaitai.SpecExpr2" classname="Kaitai.SpecExpr2" runstate="Runnable" testcasecount="1" result="Passed" start-time="2024-03-18 17:48:25Z" end-time="2024-03-18 17:48:25Z" duration="0.003701" total="1" passed="1" failed="0" inconclusive="0" skipped="0" asserts="17">
        <test-case id="0-1115" name="TestExpr2" fullname="Kaitai.SpecExpr2.TestExpr2" methodname="TestExpr2" classname="Kaitai.SpecExpr2" runstate="Runnable" seed="846199779" result="Passed" start-time="2024-03-18 17:48:25Z" end-time="2024-03-18 17:48:25Z" duration="0.001350" asserts="17" />
      </test-suite>
      <test-suite type="TestFixture" id="0-1116" name="SpecExpr3" fullname="Kaitai.SpecExpr3" classname="Kaitai.SpecExpr3" runstate="Runnable" testcasecount="1" result="Passed" start-time="2024-03-18 17:48:25Z" end-time="2024-03-18 17:48:25Z" duration="0.003369" total="1" passed="1" failed="0" inconclusive="0" skipped="0" asserts="12">
        <test-case id="0-1117" name="TestExpr3" fullname="Kaitai.SpecExpr3.TestExpr3" methodname="TestExpr3" classname="Kaitai.SpecExpr3" runstate="Runnable" seed="1367022497" result="Passed" start-time="2024-03-18 17:48:25Z" end-time="2024-03-18 17:48:25Z" duration="0.001020" asserts="12" />
      </test-suite>
      <test-suite type="TestFixture" id="0-1118" name="SpecExprArray" fullname="Kaitai.SpecExprArray" classname="Kaitai.SpecExprArray" runstate="Runnable" testcasecount="1" result="Passed" start-time="2024-03-18 17:48:25Z" end-time="2024-03-18 17:48:25Z" duration="0.007843" total="1" passed="1" failed="0" inconclusive="0" skipped="0" asserts="15">
        <test-case id="0-1119" name="TestExprArray" fullname="Kaitai.SpecExprArray.TestExprArray" methodname="TestExprArray" classname="Kaitai.SpecExprArray" runstate="Runnable" seed="2083805723" result="Passed" start-time="2024-03-18 17:48:25Z" end-time="2024-03-18 17:48:25Z" duration="0.005489" asserts="15" />
      </test-suite>
      <test-suite type="TestFixture" id="0-1120" name="SpecExprBytesCmp" fullname="Kaitai.SpecExprBytesCmp" classname="Kaitai.SpecExprBytesCmp" runstate="Runnable" testcasecount="1" result="Passed" start-time="2024-03-18 17:48:25Z" end-time="2024-03-18 17:48:25Z" duration="0.003446" total="1" passed="1" failed="0" inconclusive="0" skipped="0" asserts="10">
        <test-case id="0-1121" name="TestExprBytesCmp" fullname="Kaitai.SpecExprBytesCmp.TestExprBytesCmp" methodname="TestExprBytesCmp" classname="Kaitai.SpecExprBytesCmp" runstate="Runnable" seed="862971370" result="Passed" start-time="2024-03-18 17:48:25Z" end-time="2024-03-18 17:48:25Z" duration="0.001051" asserts="10" />
      </test-suite>
      <test-suite type="TestFixture" id="0-1122" name="SpecExprBytesNonLiteral" fullname="Kaitai.SpecExprBytesNonLiteral" classname="Kaitai.SpecExprBytesNonLiteral" runstate="Runnable" testcasecount="1" result="Passed" start-time="2024-03-18 17:48:25Z" end-time="2024-03-18 17:48:25Z" duration="0.002751" total="1" passed="1" failed="0" inconclusive="0" skipped="0" asserts="3">
        <test-case id="0-1123" name="TestExprBytesNonLiteral" fullname="Kaitai.SpecExprBytesNonLiteral.TestExprBytesNonLiteral" methodname="TestExprBytesNonLiteral" classname="Kaitai.SpecExprBytesNonLiteral" runstate="Runnable" seed="182396356" result="Passed" start-time="2024-03-18 17:48:25Z" end-time="2024-03-18 17:48:25Z" duration="0.000404" asserts="3" />
      </test-suite>
      <test-suite type="TestFixture" id="0-1124" name="SpecExprBytesOps" fullname="Kaitai.SpecExprBytesOps" classname="Kaitai.SpecExprBytesOps" runstate="Runnable" testcasecount="1" result="Passed" start-time="2024-03-18 17:48:25Z" end-time="2024-03-18 17:48:25Z" duration="0.005022" total="1" passed="1" failed="0" inconclusive="0" skipped="0" asserts="16">
        <test-case id="0-1125" name="TestExprBytesOps" fullname="Kaitai.SpecExprBytesOps.TestExprBytesOps" methodname="TestExprBytesOps" classname="Kaitai.SpecExprBytesOps" runstate="Runnable" seed="933722858" result="Passed" start-time="2024-03-18 17:48:25Z" end-time="2024-03-18 17:48:25Z" duration="0.002671" asserts="16" />
      </test-suite>
      <test-suite type="TestFixture" id="0-1126" name="SpecExprCalcArrayOps" fullname="Kaitai.SpecExprCalcArrayOps" classname="Kaitai.SpecExprCalcArrayOps" runstate="Runnable" testcasecount="1" result="Passed" start-time="2024-03-18 17:48:25Z" end-time="2024-03-18 17:48:25Z" duration="0.005031" total="1" passed="1" failed="0" inconclusive="0" skipped="0" asserts="18">
        <test-case id="0-1127" name="TestExprCalcArrayOps" fullname="Kaitai.SpecExprCalcArrayOps.TestExprCalcArrayOps" methodname="TestExprCalcArrayOps" classname="Kaitai.SpecExprCalcArrayOps" runstate="Runnable" seed="1636165648" result="Passed" start-time="2024-03-18 17:48:25Z" end-time="2024-03-18 17:48:25Z" duration="0.002672" asserts="18" />
      </test-suite>
      <test-suite type="TestFixture" id="0-1128" name="SpecExprEnum" fullname="Kaitai.SpecExprEnum" classname="Kaitai.SpecExprEnum" runstate="Runnable" testcasecount="1" result="Passed" start-time="2024-03-18 17:48:25Z" end-time="2024-03-18 17:48:25Z" duration="0.002829" total="1" passed="1" failed="0" inconclusive="0" skipped="0" asserts="3">
        <test-case id="0-1129" name="TestExprEnum" fullname="Kaitai.SpecExprEnum.TestExprEnum" methodname="TestExprEnum" classname="Kaitai.SpecExprEnum" runstate="Runnable" seed="1332421795" result="Passed" start-time="2024-03-18 17:48:25Z" end-time="2024-03-18 17:48:25Z" duration="0.000468" asserts="3" />
      </test-suite>
      <test-suite type="TestFixture" id="0-1130" name="SpecExprFstring0" fullname="Kaitai.SpecExprFstring0" classname="Kaitai.SpecExprFstring0" runstate="Runnable" testcasecount="1" result="Passed" start-time="2024-03-18 17:48:25Z" end-time="2024-03-18 17:48:25Z" duration="0.003197" total="1" passed="1" failed="0" inconclusive="0" skipped="0" asserts="9">
        <test-case id="0-1131" name="TestExprFstring0" fullname="Kaitai.SpecExprFstring0.TestExprFstring0" methodname="TestExprFstring0" classname="Kaitai.SpecExprFstring0" runstate="Runnable" seed="815877053" result="Passed" start-time="2024-03-18 17:48:25Z" end-time="2024-03-18 17:48:25Z" duration="0.000849" asserts="9" />
      </test-suite>
      <test-suite type="TestFixture" id="0-1132" name="SpecExprIfIntOps" fullname="Kaitai.SpecExprIfIntOps" classname="Kaitai.SpecExprIfIntOps" runstate="Runnable" testcasecount="1" result="Passed" start-time="2024-03-18 17:48:25Z" end-time="2024-03-18 17:48:25Z" duration="0.003083" total="1" passed="1" failed="0" inconclusive="0" skipped="0" asserts="2">
        <test-case id="0-1133" name="TestExprIfIntOps" fullname="Kaitai.SpecExprIfIntOps.TestExprIfIntOps" methodname="TestExprIfIntOps" classname="Kaitai.SpecExprIfIntOps" runstate="Runnable" seed="572232117" result="Passed" start-time="2024-03-18 17:48:25Z" end-time="2024-03-18 17:48:25Z" duration="0.000737" asserts="2" />
      </test-suite>
      <test-suite type="TestFixture" id="0-1134" name="SpecExprIntDiv" fullname="Kaitai.SpecExprIntDiv" classname="Kaitai.SpecExprIntDiv" runstate="Runnable" testcasecount="1" result="Failed" site="Child" start-time="2024-03-18 17:48:25Z" end-time="2024-03-18 17:48:25Z" duration="0.010493" total="1" passed="0" failed="1" inconclusive="0" skipped="0" asserts="4">
        <failure>
          <message><![CDATA[One or more child tests had errors]]></message>
        </failure>
        <test-case id="0-1135" name="TestExprIntDiv" fullname="Kaitai.SpecExprIntDiv.TestExprIntDiv" methodname="TestExprIntDiv" classname="Kaitai.SpecExprIntDiv" runstate="Runnable" seed="1153304409" result="Failed" start-time="2024-03-18 17:48:25Z" end-time="2024-03-18 17:48:25Z" duration="0.008104" asserts="4">
          <failure>
            <message><![CDATA[  Expected: -756
  But was:  -757
]]></message>
            <stack-trace><![CDATA[at Kaitai.SpecExprIntDiv.TestExprIntDiv () [0x00069] in <1e0d1807c49144ad8a6b1fdc1ad68f1d>:0
]]></stack-trace>
          </failure>
        </test-case>
      </test-suite>
      <test-suite type="TestFixture" id="0-1136" name="SpecExprIoEof" fullname="Kaitai.SpecExprIoEof" classname="Kaitai.SpecExprIoEof" runstate="Runnable" testcasecount="1" result="Passed" start-time="2024-03-18 17:48:25Z" end-time="2024-03-18 17:48:25Z" duration="0.003246" total="1" passed="1" failed="0" inconclusive="0" skipped="0" asserts="4">
        <test-case id="0-1137" name="TestExprIoEof" fullname="Kaitai.SpecExprIoEof.TestExprIoEof" methodname="TestExprIoEof" classname="Kaitai.SpecExprIoEof" runstate="Runnable" seed="456173295" result="Passed" start-time="2024-03-18 17:48:25Z" end-time="2024-03-18 17:48:25Z" duration="0.000870" asserts="4" />
      </test-suite>
      <test-suite type="TestFixture" id="0-1138" name="SpecExprIoPos" fullname="Kaitai.SpecExprIoPos" classname="Kaitai.SpecExprIoPos" runstate="Runnable" testcasecount="1" result="Passed" start-time="2024-03-18 17:48:25Z" end-time="2024-03-18 17:48:25Z" duration="0.003118" total="1" passed="1" failed="0" inconclusive="0" skipped="0" asserts="6">
        <test-case id="0-1139" name="TestExprIoPos" fullname="Kaitai.SpecExprIoPos.TestExprIoPos" methodname="TestExprIoPos" classname="Kaitai.SpecExprIoPos" runstate="Runnable" seed="418491083" result="Passed" start-time="2024-03-18 17:48:25Z" end-time="2024-03-18 17:48:25Z" duration="0.000738" asserts="6" />
      </test-suite>
      <test-suite type="TestFixture" id="0-1140" name="SpecExprMod" fullname="Kaitai.SpecExprMod" classname="Kaitai.SpecExprMod" runstate="Runnable" testcasecount="1" result="Passed" start-time="2024-03-18 17:48:25Z" end-time="2024-03-18 17:48:25Z" duration="0.003040" total="1" passed="1" failed="0" inconclusive="0" skipped="0" asserts="6">
        <test-case id="0-1141" name="TestExprMod" fullname="Kaitai.SpecExprMod.TestExprMod" methodname="TestExprMod" classname="Kaitai.SpecExprMod" runstate="Runnable" seed="796836705" result="Passed" start-time="2024-03-18 17:48:25Z" end-time="2024-03-18 17:48:25Z" duration="0.000652" asserts="6" />
      </test-suite>
      <test-suite type="TestFixture" id="0-1142" name="SpecExprSizeofType0" fullname="Kaitai.SpecExprSizeofType0" classname="Kaitai.SpecExprSizeofType0" runstate="Runnable" testcasecount="1" result="Passed" start-time="2024-03-18 17:48:25Z" end-time="2024-03-18 17:48:25Z" duration="0.002644" total="1" passed="1" failed="0" inconclusive="0" skipped="0" asserts="1">
        <test-case id="0-1143" name="TestExprSizeofType0" fullname="Kaitai.SpecExprSizeofType0.TestExprSizeofType0" methodname="TestExprSizeofType0" classname="Kaitai.SpecExprSizeofType0" runstate="Runnable" seed="595071889" result="Passed" start-time="2024-03-18 17:48:25Z" end-time="2024-03-18 17:48:25Z" duration="0.000293" asserts="1" />
      </test-suite>
      <test-suite type="TestFixture" id="0-1144" name="SpecExprSizeofType1" fullname="Kaitai.SpecExprSizeofType1" classname="Kaitai.SpecExprSizeofType1" runstate="Runnable" testcasecount="1" result="Passed" start-time="2024-03-18 17:48:25Z" end-time="2024-03-18 17:48:25Z" duration="0.002673" total="1" passed="1" failed="0" inconclusive="0" skipped="0" asserts="2">
        <test-case id="0-1145" name="TestExprSizeofType1" fullname="Kaitai.SpecExprSizeofType1.TestExprSizeofType1" methodname="TestExprSizeofType1" classname="Kaitai.SpecExprSizeofType1" runstate="Runnable" seed="1800837963" result="Passed" start-time="2024-03-18 17:48:25Z" end-time="2024-03-18 17:48:25Z" duration="0.000326" asserts="2" />
      </test-suite>
      <test-suite type="TestFixture" id="0-1146" name="SpecExprSizeofValue0" fullname="Kaitai.SpecExprSizeofValue0" classname="Kaitai.SpecExprSizeofValue0" runstate="Runnable" testcasecount="1" result="Passed" start-time="2024-03-18 17:48:25Z" end-time="2024-03-18 17:48:25Z" duration="0.002952" total="1" passed="1" failed="0" inconclusive="0" skipped="0" asserts="5">
        <test-case id="0-1147" name="TestExprSizeofValue0" fullname="Kaitai.SpecExprSizeofValue0.TestExprSizeofValue0" methodname="TestExprSizeofValue0" classname="Kaitai.SpecExprSizeofValue0" runstate="Runnable" seed="1922557453" result="Passed" start-time="2024-03-18 17:48:25Z" end-time="2024-03-18 17:48:25Z" duration="0.000601" asserts="5" />
      </test-suite>
      <test-suite type="TestFixture" id="0-1148" name="SpecExprSizeofValueSized" fullname="Kaitai.SpecExprSizeofValueSized" classname="Kaitai.SpecExprSizeofValueSized" runstate="Runnable" testcasecount="1" result="Passed" start-time="2024-03-18 17:48:25Z" end-time="2024-03-18 17:48:25Z" duration="0.003741" total="1" passed="1" failed="0" inconclusive="0" skipped="0" asserts="5">
        <test-case id="0-1149" name="TestExprSizeofValueSized" fullname="Kaitai.SpecExprSizeofValueSized.TestExprSizeofValueSized" methodname="TestExprSizeofValueSized" classname="Kaitai.SpecExprSizeofValueSized" runstate="Runnable" seed="846288675" result="Passed" start-time="2024-03-18 17:48:25Z" end-time="2024-03-18 17:48:25Z" duration="0.000592" asserts="5" />
      </test-suite>
      <test-suite type="TestFixture" id="0-1150" name="SpecExprStrEncodings" fullname="Kaitai.SpecExprStrEncodings" classname="Kaitai.SpecExprStrEncodings" runstate="Runnable" testcasecount="1" result="Passed" start-time="2024-03-18 17:48:25Z" end-time="2024-03-18 17:48:25Z" duration="0.108787" total="1" passed="1" failed="0" inconclusive="0" skipped="0" asserts="7">
        <test-case id="0-1151" name="TestExprStrEncodings" fullname="Kaitai.SpecExprStrEncodings.TestExprStrEncodings" methodname="TestExprStrEncodings" classname="Kaitai.SpecExprStrEncodings" runstate="Runnable" seed="1979295426" result="Passed" start-time="2024-03-18 17:48:25Z" end-time="2024-03-18 17:48:25Z" duration="0.106427" asserts="7" />
      </test-suite>
      <test-suite type="TestFixture" id="0-1152" name="SpecExprStrOps" fullname="Kaitai.SpecExprStrOps" classname="Kaitai.SpecExprStrOps" runstate="Runnable" testcasecount="1" result="Passed" start-time="2024-03-18 17:48:25Z" end-time="2024-03-18 17:48:25Z" duration="0.005172" total="1" passed="1" failed="0" inconclusive="0" skipped="0" asserts="17">
        <test-case id="0-1153" name="TestExprStrOps" fullname="Kaitai.SpecExprStrOps.TestExprStrOps" methodname="TestExprStrOps" classname="Kaitai.SpecExprStrOps" runstate="Runnable" seed="2143872114" result="Passed" start-time="2024-03-18 17:48:25Z" end-time="2024-03-18 17:48:25Z" duration="0.002795" asserts="17" />
      </test-suite>
      <test-suite type="TestFixture" id="0-1154" name="SpecExprToITrailing" fullname="Kaitai.SpecExprToITrailing" classname="Kaitai.SpecExprToITrailing" runstate="Runnable" testcasecount="1" result="Passed" start-time="2024-03-18 17:48:25Z" end-time="2024-03-18 17:48:25Z" duration="0.003143" total="1" passed="1" failed="0" inconclusive="0" skipped="0" asserts="3">
        <test-case id="0-1155" name="TestExprToITrailing" fullname="Kaitai.SpecExprToITrailing.TestExprToITrailing" methodname="TestExprToITrailing" classname="Kaitai.SpecExprToITrailing" runstate="Runnable" seed="1276196363" result="Passed" start-time="2024-03-18 17:48:25Z" end-time="2024-03-18 17:48:25Z" duration="0.000770" asserts="3" />
      </test-suite>
      <test-suite type="TestFixture" id="0-1156" name="SpecFixedContents" fullname="Kaitai.SpecFixedContents" classname="Kaitai.SpecFixedContents" runstate="Runnable" testcasecount="1" result="Passed" start-time="2024-03-18 17:48:25Z" end-time="2024-03-18 17:48:25Z" duration="0.002782" total="1" passed="1" failed="0" inconclusive="0" skipped="0" asserts="0">
        <test-case id="0-1157" name="TestFixedContents" fullname="Kaitai.SpecFixedContents.TestFixedContents" methodname="TestFixedContents" classname="Kaitai.SpecFixedContents" runstate="Runnable" seed="1902005068" result="Passed" start-time="2024-03-18 17:48:25Z" end-time="2024-03-18 17:48:25Z" duration="0.000433" asserts="0" />
      </test-suite>
      <test-suite type="TestFixture" id="0-1158" name="SpecFixedStruct" fullname="Kaitai.SpecFixedStruct" classname="Kaitai.SpecFixedStruct" runstate="Runnable" testcasecount="1" result="Passed" start-time="2024-03-18 17:48:25Z" end-time="2024-03-18 17:48:25Z" duration="0.004091" total="1" passed="1" failed="0" inconclusive="0" skipped="0" asserts="20">
        <test-case id="0-1159" name="TestFixedStruct" fullname="Kaitai.SpecFixedStruct.TestFixedStruct" methodname="TestFixedStruct" classname="Kaitai.SpecFixedStruct" runstate="Runnable" seed="28230028" result="Passed" start-time="2024-03-18 17:48:25Z" end-time="2024-03-18 17:48:25Z" duration="0.001742" asserts="20" />
      </test-suite>
      <test-suite type="TestFixture" id="0-1162" name="SpecFloatingPoints" fullname="Kaitai.SpecFloatingPoints" classname="Kaitai.SpecFloatingPoints" runstate="Runnable" testcasecount="1" result="Passed" start-time="2024-03-18 17:48:25Z" end-time="2024-03-18 17:48:25Z" duration="0.003042" total="1" passed="1" failed="0" inconclusive="0" skipped="0" asserts="8">
        <test-case id="0-1163" name="TestFloatingPoints" fullname="Kaitai.SpecFloatingPoints.TestFloatingPoints" methodname="TestFloatingPoints" classname="Kaitai.SpecFloatingPoints" runstate="Runnable" seed="1737084020" result="Passed" start-time="2024-03-18 17:48:25Z" end-time="2024-03-18 17:48:25Z" duration="0.000689" asserts="8" />
      </test-suite>
      <test-suite type="TestFixture" id="0-1160" name="SpecFloatToI" fullname="Kaitai.SpecFloatToI" classname="Kaitai.SpecFloatToI" runstate="Runnable" testcasecount="1" result="Passed" start-time="2024-03-18 17:48:25Z" end-time="2024-03-18 17:48:25Z" duration="0.003062" total="1" passed="1" failed="0" inconclusive="0" skipped="0" asserts="8">
        <test-case id="0-1161" name="TestFloatToI" fullname="Kaitai.SpecFloatToI.TestFloatToI" methodname="TestFloatToI" classname="Kaitai.SpecFloatToI" runstate="Runnable" seed="61080754" result="Passed" start-time="2024-03-18 17:48:25Z" end-time="2024-03-18 17:48:25Z" duration="0.000716" asserts="8" />
      </test-suite>
      <test-suite type="TestFixture" id="0-1164" name="SpecHelloWorld" fullname="Kaitai.SpecHelloWorld" classname="Kaitai.SpecHelloWorld" runstate="Runnable" testcasecount="1" result="Passed" start-time="2024-03-18 17:48:25Z" end-time="2024-03-18 17:48:25Z" duration="0.002562" total="1" passed="1" failed="0" inconclusive="0" skipped="0" asserts="1">
        <test-case id="0-1165" name="TestHelloWorld" fullname="Kaitai.SpecHelloWorld.TestHelloWorld" methodname="TestHelloWorld" classname="Kaitai.SpecHelloWorld" runstate="Runnable" seed="1936907384" result="Passed" start-time="2024-03-18 17:48:25Z" end-time="2024-03-18 17:48:25Z" duration="0.000213" asserts="1" />
      </test-suite>
      <test-suite type="TestFixture" id="0-1166" name="SpecIfInstances" fullname="Kaitai.SpecIfInstances" classname="Kaitai.SpecIfInstances" runstate="Runnable" testcasecount="1" result="Passed" start-time="2024-03-18 17:48:25Z" end-time="2024-03-18 17:48:25Z" duration="0.002727" total="1" passed="1" failed="0" inconclusive="0" skipped="0" asserts="1">
        <test-case id="0-1167" name="TestIfInstances" fullname="Kaitai.SpecIfInstances.TestIfInstances" methodname="TestIfInstances" classname="Kaitai.SpecIfInstances" runstate="Runnable" seed="155279342" result="Passed" start-time="2024-03-18 17:48:25Z" end-time="2024-03-18 17:48:25Z" duration="0.000386" asserts="1" />
      </test-suite>
      <test-suite type="TestFixture" id="0-1168" name="SpecIfStruct" fullname="Kaitai.SpecIfStruct" classname="Kaitai.SpecIfStruct" runstate="Runnable" testcasecount="1" result="Passed" start-time="2024-03-18 17:48:25Z" end-time="2024-03-18 17:48:25Z" duration="0.003113" total="1" passed="1" failed="0" inconclusive="0" skipped="0" asserts="7">
        <test-case id="0-1169" name="TestIfStruct" fullname="Kaitai.SpecIfStruct.TestIfStruct" methodname="TestIfStruct" classname="Kaitai.SpecIfStruct" runstate="Runnable" seed="549698604" result="Passed" start-time="2024-03-18 17:48:25Z" end-time="2024-03-18 17:48:25Z" duration="0.000767" asserts="7" />
      </test-suite>
      <test-suite type="TestFixture" id="0-1170" name="SpecIfValues" fullname="Kaitai.SpecIfValues" classname="Kaitai.SpecIfValues" runstate="Runnable" testcasecount="1" result="Passed" start-time="2024-03-18 17:48:25Z" end-time="2024-03-18 17:48:25Z" duration="0.003752" total="1" passed="1" failed="0" inconclusive="0" skipped="0" asserts="6">
        <test-case id="0-1171" name="TestIfValues" fullname="Kaitai.SpecIfValues.TestIfValues" methodname="TestIfValues" classname="Kaitai.SpecIfValues" runstate="Runnable" seed="1808828470" result="Passed" start-time="2024-03-18 17:48:25Z" end-time="2024-03-18 17:48:25Z" duration="0.001402" asserts="6" />
      </test-suite>
      <test-suite type="TestFixture" id="0-1172" name="SpecImports0" fullname="Kaitai.SpecImports0" classname="Kaitai.SpecImports0" runstate="Runnable" testcasecount="1" result="Passed" start-time="2024-03-18 17:48:25Z" end-time="2024-03-18 17:48:25Z" duration="0.002840" total="1" passed="1" failed="0" inconclusive="0" skipped="0" asserts="3">
        <test-case id="0-1173" name="TestImports0" fullname="Kaitai.SpecImports0.TestImports0" methodname="TestImports0" classname="Kaitai.SpecImports0" runstate="Runnable" seed="1664446607" result="Passed" start-time="2024-03-18 17:48:25Z" end-time="2024-03-18 17:48:25Z" duration="0.000435" asserts="3" />
      </test-suite>
      <test-suite type="TestFixture" id="0-1174" name="SpecImportsAbs" fullname="Kaitai.SpecImportsAbs" classname="Kaitai.SpecImportsAbs" runstate="Runnable" testcasecount="1" result="Passed" start-time="2024-03-18 17:48:25Z" end-time="2024-03-18 17:48:25Z" duration="0.003590" total="1" passed="1" failed="0" inconclusive="0" skipped="0" asserts="2">
        <test-case id="0-1175" name="TestImportsAbs" fullname="Kaitai.SpecImportsAbs.TestImportsAbs" methodname="TestImportsAbs" classname="Kaitai.SpecImportsAbs" runstate="Runnable" seed="227667318" result="Passed" start-time="2024-03-18 17:48:25Z" end-time="2024-03-18 17:48:25Z" duration="0.001245" asserts="2" />
      </test-suite>
      <test-suite type="TestFixture" id="0-1176" name="SpecImportsAbsAbs" fullname="Kaitai.SpecImportsAbsAbs" classname="Kaitai.SpecImportsAbsAbs" runstate="Runnable" testcasecount="1" result="Passed" start-time="2024-03-18 17:48:25Z" end-time="2024-03-18 17:48:25Z" duration="0.002917" total="1" passed="1" failed="0" inconclusive="0" skipped="0" asserts="3">
        <test-case id="0-1177" name="TestImportsAbsAbs" fullname="Kaitai.SpecImportsAbsAbs.TestImportsAbsAbs" methodname="TestImportsAbsAbs" classname="Kaitai.SpecImportsAbsAbs" runstate="Runnable" seed="329517172" result="Passed" start-time="2024-03-18 17:48:25Z" end-time="2024-03-18 17:48:25Z" duration="0.000568" asserts="3" />
      </test-suite>
      <test-suite type="TestFixture" id="0-1178" name="SpecImportsAbsRel" fullname="Kaitai.SpecImportsAbsRel" classname="Kaitai.SpecImportsAbsRel" runstate="Runnable" testcasecount="1" result="Passed" start-time="2024-03-18 17:48:25Z" end-time="2024-03-18 17:48:25Z" duration="0.002772" total="1" passed="1" failed="0" inconclusive="0" skipped="0" asserts="3">
        <test-case id="0-1179" name="TestImportsAbsRel" fullname="Kaitai.SpecImportsAbsRel.TestImportsAbsRel" methodname="TestImportsAbsRel" classname="Kaitai.SpecImportsAbsRel" runstate="Runnable" seed="128443869" result="Passed" start-time="2024-03-18 17:48:25Z" end-time="2024-03-18 17:48:25Z" duration="0.000429" asserts="3" />
      </test-suite>
      <test-suite type="TestFixture" id="0-1180" name="SpecImportsCircularA" fullname="Kaitai.SpecImportsCircularA" classname="Kaitai.SpecImportsCircularA" runstate="Runnable" testcasecount="1" result="Passed" start-time="2024-03-18 17:48:25Z" end-time="2024-03-18 17:48:25Z" duration="0.002900" total="1" passed="1" failed="0" inconclusive="0" skipped="0" asserts="5">
        <test-case id="0-1181" name="TestImportsCircularA" fullname="Kaitai.SpecImportsCircularA.TestImportsCircularA" methodname="TestImportsCircularA" classname="Kaitai.SpecImportsCircularA" runstate="Runnable" seed="528127045" result="Passed" start-time="2024-03-18 17:48:25Z" end-time="2024-03-18 17:48:25Z" duration="0.000548" asserts="5" />
      </test-suite>
      <test-suite type="TestFixture" id="0-1182" name="SpecImportsRel1" fullname="Kaitai.SpecImportsRel1" classname="Kaitai.SpecImportsRel1" runstate="Runnable" testcasecount="1" result="Passed" start-time="2024-03-18 17:48:25Z" end-time="2024-03-18 17:48:25Z" duration="0.002857" total="1" passed="1" failed="0" inconclusive="0" skipped="0" asserts="3">
        <test-case id="0-1183" name="TestImportsRel1" fullname="Kaitai.SpecImportsRel1.TestImportsRel1" methodname="TestImportsRel1" classname="Kaitai.SpecImportsRel1" runstate="Runnable" seed="672534392" result="Passed" start-time="2024-03-18 17:48:25Z" end-time="2024-03-18 17:48:25Z" duration="0.000498" asserts="3" />
      </test-suite>
      <test-suite type="TestFixture" id="0-1184" name="SpecIndexSizes" fullname="Kaitai.SpecIndexSizes" classname="Kaitai.SpecIndexSizes" runstate="Runnable" testcasecount="1" result="Passed" start-time="2024-03-18 17:48:25Z" end-time="2024-03-18 17:48:25Z" duration="0.003054" total="1" passed="1" failed="0" inconclusive="0" skipped="0" asserts="7">
        <test-case id="0-1185" name="TestIndexSizes" fullname="Kaitai.SpecIndexSizes.TestIndexSizes" methodname="TestIndexSizes" classname="Kaitai.SpecIndexSizes" runstate="Runnable" seed="604691781" result="Passed" start-time="2024-03-18 17:48:25Z" end-time="2024-03-18 17:48:25Z" duration="0.000706" asserts="7" />
      </test-suite>
      <test-suite type="TestFixture" id="0-1186" name="SpecIndexToParamEos" fullname="Kaitai.SpecIndexToParamEos" classname="Kaitai.SpecIndexToParamEos" runstate="Runnable" testcasecount="1" result="Passed" start-time="2024-03-18 17:48:25Z" end-time="2024-03-18 17:48:25Z" duration="0.003311" total="1" passed="1" failed="0" inconclusive="0" skipped="0" asserts="7">
        <test-case id="0-1187" name="TestIndexToParamEos" fullname="Kaitai.SpecIndexToParamEos.TestIndexToParamEos" methodname="TestIndexToParamEos" classname="Kaitai.SpecIndexToParamEos" runstate="Runnable" seed="1183527838" result="Passed" start-time="2024-03-18 17:48:25Z" end-time="2024-03-18 17:48:25Z" duration="0.000962" asserts="7" />
      </test-suite>
      <test-suite type="TestFixture" id="0-1188" name="SpecIndexToParamExpr" fullname="Kaitai.SpecIndexToParamExpr" classname="Kaitai.SpecIndexToParamExpr" runstate="Runnable" testcasecount="1" result="Passed" start-time="2024-03-18 17:48:25Z" end-time="2024-03-18 17:48:25Z" duration="0.003211" total="1" passed="1" failed="0" inconclusive="0" skipped="0" asserts="7">
        <test-case id="0-1189" name="TestIndexToParamExpr" fullname="Kaitai.SpecIndexToParamExpr.TestIndexToParamExpr" methodname="TestIndexToParamExpr" classname="Kaitai.SpecIndexToParamExpr" runstate="Runnable" seed="427379848" result="Passed" start-time="2024-03-18 17:48:25Z" end-time="2024-03-18 17:48:25Z" duration="0.000868" asserts="7" />
      </test-suite>
      <test-suite type="TestFixture" id="0-1190" name="SpecIndexToParamUntil" fullname="Kaitai.SpecIndexToParamUntil" classname="Kaitai.SpecIndexToParamUntil" runstate="Runnable" testcasecount="1" result="Passed" start-time="2024-03-18 17:48:25Z" end-time="2024-03-18 17:48:25Z" duration="0.003285" total="1" passed="1" failed="0" inconclusive="0" skipped="0" asserts="7">
        <test-case id="0-1191" name="TestIndexToParamUntil" fullname="Kaitai.SpecIndexToParamUntil.TestIndexToParamUntil" methodname="TestIndexToParamUntil" classname="Kaitai.SpecIndexToParamUntil" runstate="Runnable" seed="124301543" result="Passed" start-time="2024-03-18 17:48:25Z" end-time="2024-03-18 17:48:25Z" duration="0.000938" asserts="7" />
      </test-suite>
      <test-suite type="TestFixture" id="0-1192" name="SpecInstanceIoUser" fullname="Kaitai.SpecInstanceIoUser" classname="Kaitai.SpecInstanceIoUser" runstate="Runnable" testcasecount="1" result="Passed" start-time="2024-03-18 17:48:25Z" end-time="2024-03-18 17:48:25Z" duration="0.003518" total="1" passed="1" failed="0" inconclusive="0" skipped="0" asserts="4">
        <test-case id="0-1193" name="TestInstanceIoUser" fullname="Kaitai.SpecInstanceIoUser.TestInstanceIoUser" methodname="TestInstanceIoUser" classname="Kaitai.SpecInstanceIoUser" runstate="Runnable" seed="1071996512" result="Passed" start-time="2024-03-18 17:48:25Z" end-time="2024-03-18 17:48:25Z" duration="0.001157" asserts="4" />
      </test-suite>
      <test-suite type="TestFixture" id="0-1194" name="SpecInstanceStd" fullname="Kaitai.SpecInstanceStd" classname="Kaitai.SpecInstanceStd" runstate="Runnable" testcasecount="1" result="Passed" start-time="2024-03-18 17:48:25Z" end-time="2024-03-18 17:48:25Z" duration="0.002690" total="1" passed="1" failed="0" inconclusive="0" skipped="0" asserts="1">
        <test-case id="0-1195" name="TestInstanceStd" fullname="Kaitai.SpecInstanceStd.TestInstanceStd" methodname="TestInstanceStd" classname="Kaitai.SpecInstanceStd" runstate="Runnable" seed="185521427" result="Passed" start-time="2024-03-18 17:48:25Z" end-time="2024-03-18 17:48:25Z" duration="0.000351" asserts="1" />
      </test-suite>
      <test-suite type="TestFixture" id="0-1196" name="SpecInstanceStdArray" fullname="Kaitai.SpecInstanceStdArray" classname="Kaitai.SpecInstanceStdArray" runstate="Runnable" testcasecount="1" result="Passed" start-time="2024-03-18 17:48:25Z" end-time="2024-03-18 17:48:25Z" duration="0.003072" total="1" passed="1" failed="0" inconclusive="0" skipped="0" asserts="7">
        <test-case id="0-1197" name="TestInstanceStdArray" fullname="Kaitai.SpecInstanceStdArray.TestInstanceStdArray" methodname="TestInstanceStdArray" classname="Kaitai.SpecInstanceStdArray" runstate="Runnable" seed="1228687221" result="Passed" start-time="2024-03-18 17:48:25Z" end-time="2024-03-18 17:48:25Z" duration="0.000729" asserts="7" />
      </test-suite>
      <test-suite type="TestFixture" id="0-1198" name="SpecInstanceUserArray" fullname="Kaitai.SpecInstanceUserArray" classname="Kaitai.SpecInstanceUserArray" runstate="Runnable" testcasecount="1" result="Passed" start-time="2024-03-18 17:48:25Z" end-time="2024-03-18 17:48:25Z" duration="0.003400" total="1" passed="1" failed="0" inconclusive="0" skipped="0" asserts="10">
        <test-case id="0-1199" name="TestInstanceUserArray" fullname="Kaitai.SpecInstanceUserArray.TestInstanceUserArray" methodname="TestInstanceUserArray" classname="Kaitai.SpecInstanceUserArray" runstate="Runnable" seed="1205352504" result="Passed" start-time="2024-03-18 17:48:25Z" end-time="2024-03-18 17:48:25Z" duration="0.001057" asserts="10" />
      </test-suite>
      <test-suite type="TestFixture" id="0-1200" name="SpecIntegers" fullname="Kaitai.SpecIntegers" classname="Kaitai.SpecIntegers" runstate="Runnable" testcasecount="1" result="Passed" start-time="2024-03-18 17:48:25Z" end-time="2024-03-18 17:48:25Z" duration="0.003469" total="1" passed="1" failed="0" inconclusive="0" skipped="0" asserts="20">
        <test-case id="0-1201" name="TestIntegers" fullname="Kaitai.SpecIntegers.TestIntegers" methodname="TestIntegers" classname="Kaitai.SpecIntegers" runstate="Runnable" seed="1936203586" result="Passed" start-time="2024-03-18 17:48:25Z" end-time="2024-03-18 17:48:25Z" duration="0.001124" asserts="20" />
      </test-suite>
      <test-suite type="TestFixture" id="0-1202" name="SpecIntegersDoubleOverflow" fullname="Kaitai.SpecIntegersDoubleOverflow" classname="Kaitai.SpecIntegersDoubleOverflow" runstate="Runnable" testcasecount="1" result="Passed" start-time="2024-03-18 17:48:25Z" end-time="2024-03-18 17:48:25Z" duration="0.002835" total="1" passed="1" failed="0" inconclusive="0" skipped="0" asserts="8">
        <test-case id="0-1203" name="TestIntegersDoubleOverflow" fullname="Kaitai.SpecIntegersDoubleOverflow.TestIntegersDoubleOverflow" methodname="TestIntegersDoubleOverflow" classname="Kaitai.SpecIntegersDoubleOverflow" runstate="Runnable" seed="128744561" result="Passed" start-time="2024-03-18 17:48:25Z" end-time="2024-03-18 17:48:25Z" duration="0.000494" asserts="8" />
      </test-suite>
      <test-suite type="TestFixture" id="0-1204" name="SpecIntegersMinMax" fullname="Kaitai.SpecIntegersMinMax" classname="Kaitai.SpecIntegersMinMax" runstate="Runnable" testcasecount="1" result="Passed" start-time="2024-03-18 17:48:25Z" end-time="2024-03-18 17:48:25Z" duration="0.003559" total="1" passed="1" failed="0" inconclusive="0" skipped="0" asserts="28">
        <test-case id="0-1205" name="TestIntegersMinMax" fullname="Kaitai.SpecIntegersMinMax.TestIntegersMinMax" methodname="TestIntegersMinMax" classname="Kaitai.SpecIntegersMinMax" runstate="Runnable" seed="1530404698" result="Passed" start-time="2024-03-18 17:48:25Z" end-time="2024-03-18 17:48:25Z" duration="0.001181" asserts="28" />
      </test-suite>
      <test-suite type="TestFixture" id="0-1206" name="SpecIoLocalVar" fullname="Kaitai.SpecIoLocalVar" classname="Kaitai.SpecIoLocalVar" runstate="Runnable" testcasecount="1" result="Passed" start-time="2024-03-18 17:48:25Z" end-time="2024-03-18 17:48:25Z" duration="0.002961" total="1" passed="1" failed="0" inconclusive="0" skipped="0" asserts="2">
        <test-case id="0-1207" name="TestIoLocalVar" fullname="Kaitai.SpecIoLocalVar.TestIoLocalVar" methodname="TestIoLocalVar" classname="Kaitai.SpecIoLocalVar" runstate="Runnable" seed="1910554713" result="Passed" start-time="2024-03-18 17:48:25Z" end-time="2024-03-18 17:48:25Z" duration="0.000611" asserts="2" />
      </test-suite>
      <test-suite type="TestFixture" id="0-1208" name="SpecJsSignedRightShift" fullname="Kaitai.SpecJsSignedRightShift" classname="Kaitai.SpecJsSignedRightShift" runstate="Runnable" testcasecount="1" result="Passed" start-time="2024-03-18 17:48:25Z" end-time="2024-03-18 17:48:25Z" duration="0.002714" total="1" passed="1" failed="0" inconclusive="0" skipped="0" asserts="2">
        <test-case id="0-1209" name="TestJsSignedRightShift" fullname="Kaitai.SpecJsSignedRightShift.TestJsSignedRightShift" methodname="TestJsSignedRightShift" classname="Kaitai.SpecJsSignedRightShift" runstate="Runnable" seed="148326766" result="Passed" start-time="2024-03-18 17:48:25Z" end-time="2024-03-18 17:48:25Z" duration="0.000368" asserts="2" />
      </test-suite>
      <test-suite type="TestFixture" id="0-1210" name="SpecMetaTags" fullname="Kaitai.SpecMetaTags" classname="Kaitai.SpecMetaTags" runstate="Runnable" testcasecount="1" result="Passed" start-time="2024-03-18 17:48:25Z" end-time="2024-03-18 17:48:25Z" duration="0.002579" total="1" passed="1" failed="0" inconclusive="0" skipped="0" asserts="0">
        <test-case id="0-1211" name="TestMetaTags" fullname="Kaitai.SpecMetaTags.TestMetaTags" methodname="TestMetaTags" classname="Kaitai.SpecMetaTags" runstate="Runnable" seed="1632627861" result="Passed" start-time="2024-03-18 17:48:25Z" end-time="2024-03-18 17:48:25Z" duration="0.000233" asserts="0" />
      </test-suite>
      <test-suite type="TestFixture" id="0-1212" name="SpecMetaXref" fullname="Kaitai.SpecMetaXref" classname="Kaitai.SpecMetaXref" runstate="Runnable" testcasecount="1" result="Passed" start-time="2024-03-18 17:48:25Z" end-time="2024-03-18 17:48:25Z" duration="0.002568" total="1" passed="1" failed="0" inconclusive="0" skipped="0" asserts="0">
        <test-case id="0-1213" name="TestMetaXref" fullname="Kaitai.SpecMetaXref.TestMetaXref" methodname="TestMetaXref" classname="Kaitai.SpecMetaXref" runstate="Runnable" seed="1778221657" result="Passed" start-time="2024-03-18 17:48:25Z" end-time="2024-03-18 17:48:25Z" duration="0.000228" asserts="0" />
      </test-suite>
      <test-suite type="TestFixture" id="0-1214" name="SpecMultipleUse" fullname="Kaitai.SpecMultipleUse" classname="Kaitai.SpecMultipleUse" runstate="Runnable" testcasecount="1" result="Passed" start-time="2024-03-18 17:48:25Z" end-time="2024-03-18 17:48:25Z" duration="0.002934" total="1" passed="1" failed="0" inconclusive="0" skipped="0" asserts="2">
[...]
      </test-suite>
      <test-suite type="TestFixture" id="0-1398" name="SpecTsPacketHeader" fullname="Kaitai.SpecTsPacketHeader" classname="Kaitai.SpecTsPacketHeader" runstate="Runnable" testcasecount="1" result="Passed" start-time="2024-03-18 17:48:26Z" end-time="2024-03-18 17:48:26Z" duration="0.002940" total="1" passed="1" failed="0" inconclusive="0" skipped="0" asserts="7">
        <test-case id="0-1399" name="TestTsPacketHeader" fullname="Kaitai.SpecTsPacketHeader.TestTsPacketHeader" methodname="TestTsPacketHeader" classname="Kaitai.SpecTsPacketHeader" runstate="Runnable" seed="2032899957" result="Passed" start-time="2024-03-18 17:48:26Z" end-time="2024-03-18 17:48:26Z" duration="0.000565" asserts="7" />
      </test-suite>
      <test-suite type="TestFixture" id="0-1400" name="SpecTypeIntUnaryOp" fullname="Kaitai.SpecTypeIntUnaryOp" classname="Kaitai.SpecTypeIntUnaryOp" runstate="Runnable" testcasecount="1" result="Passed" start-time="2024-03-18 17:48:26Z" end-time="2024-03-18 17:48:26Z" duration="0.002826" total="1" passed="1" failed="0" inconclusive="0" skipped="0" asserts="4">
        <test-case id="0-1401" name="TestTypeIntUnaryOp" fullname="Kaitai.SpecTypeIntUnaryOp.TestTypeIntUnaryOp" methodname="TestTypeIntUnaryOp" classname="Kaitai.SpecTypeIntUnaryOp" runstate="Runnable" seed="506536577" result="Passed" start-time="2024-03-18 17:48:26Z" end-time="2024-03-18 17:48:26Z" duration="0.000470" asserts="4" />
      </test-suite>
      <test-suite type="TestFixture" id="0-1402" name="SpecTypeTernary" fullname="Kaitai.SpecTypeTernary" classname="Kaitai.SpecTypeTernary" runstate="Runnable" testcasecount="1" result="Passed" start-time="2024-03-18 17:48:26Z" end-time="2024-03-18 17:48:26Z" duration="0.002902" total="1" passed="1" failed="0" inconclusive="0" skipped="0" asserts="1">
        <test-case id="0-1403" name="TestTypeTernary" fullname="Kaitai.SpecTypeTernary.TestTypeTernary" methodname="TestTypeTernary" classname="Kaitai.SpecTypeTernary" runstate="Runnable" seed="1451111797" result="Passed" start-time="2024-03-18 17:48:26Z" end-time="2024-03-18 17:48:26Z" duration="0.000547" asserts="1" />
      </test-suite>
      <test-suite type="TestFixture" id="0-1404" name="SpecTypeTernary2ndFalsy" fullname="Kaitai.SpecTypeTernary2ndFalsy" classname="Kaitai.SpecTypeTernary2ndFalsy" runstate="Runnable" testcasecount="1" result="Passed" start-time="2024-03-18 17:48:26Z" end-time="2024-03-18 17:48:26Z" duration="0.003641" total="1" passed="1" failed="0" inconclusive="0" skipped="0" asserts="13">
        <test-case id="0-1405" name="TestTypeTernary2ndFalsy" fullname="Kaitai.SpecTypeTernary2ndFalsy.TestTypeTernary2ndFalsy" methodname="TestTypeTernary2ndFalsy" classname="Kaitai.SpecTypeTernary2ndFalsy" runstate="Runnable" seed="435364711" result="Passed" start-time="2024-03-18 17:48:26Z" end-time="2024-03-18 17:48:26Z" duration="0.001288" asserts="13" />
      </test-suite>
      <test-suite type="TestFixture" id="0-1406" name="SpecTypeTernaryOpaque" fullname="Kaitai.SpecTypeTernaryOpaque" classname="Kaitai.SpecTypeTernaryOpaque" runstate="Runnable" testcasecount="1" result="Passed" start-time="2024-03-18 17:48:26Z" end-time="2024-03-18 17:48:26Z" duration="0.002847" total="1" passed="1" failed="0" inconclusive="0" skipped="0" asserts="3">
        <test-case id="0-1407" name="TestTypeTernaryOpaque" fullname="Kaitai.SpecTypeTernaryOpaque.TestTypeTernaryOpaque" methodname="TestTypeTernaryOpaque" classname="Kaitai.SpecTypeTernaryOpaque" runstate="Runnable" seed="96130721" result="Passed" start-time="2024-03-18 17:48:26Z" end-time="2024-03-18 17:48:26Z" duration="0.000494" asserts="3" />
      </test-suite>
      <test-suite type="TestFixture" id="0-1408" name="SpecUserType" fullname="Kaitai.SpecUserType" classname="Kaitai.SpecUserType" runstate="Runnable" testcasecount="1" result="Passed" start-time="2024-03-18 17:48:26Z" end-time="2024-03-18 17:48:26Z" duration="0.002780" total="1" passed="1" failed="0" inconclusive="0" skipped="0" asserts="2">
        <test-case id="0-1409" name="TestUserType" fullname="Kaitai.SpecUserType.TestUserType" methodname="TestUserType" classname="Kaitai.SpecUserType" runstate="Runnable" seed="158162138" result="Passed" start-time="2024-03-18 17:48:26Z" end-time="2024-03-18 17:48:26Z" duration="0.000425" asserts="2" />
      </test-suite>
      <test-suite type="TestFixture" id="0-1410" name="SpecValidEqStrEncodings" fullname="Kaitai.SpecValidEqStrEncodings" classname="Kaitai.SpecValidEqStrEncodings" runstate="Runnable" testcasecount="1" result="Passed" start-time="2024-03-18 17:48:26Z" end-time="2024-03-18 17:48:26Z" duration="0.002924" total="1" passed="1" failed="0" inconclusive="0" skipped="0" asserts="0">
        <test-case id="0-1411" name="TestValidEqStrEncodings" fullname="Kaitai.SpecValidEqStrEncodings.TestValidEqStrEncodings" methodname="TestValidEqStrEncodings" classname="Kaitai.SpecValidEqStrEncodings" runstate="Runnable" seed="164677813" result="Passed" start-time="2024-03-18 17:48:26Z" end-time="2024-03-18 17:48:26Z" duration="0.000576" asserts="0" />
      </test-suite>
      <test-suite type="TestFixture" id="0-1412" name="SpecValidFailAnyofInt" fullname="Kaitai.SpecValidFailAnyofInt" classname="Kaitai.SpecValidFailAnyofInt" runstate="Runnable" testcasecount="1" result="Passed" start-time="2024-03-18 17:48:26Z" end-time="2024-03-18 17:48:26Z" duration="0.003122" total="1" passed="1" failed="0" inconclusive="0" skipped="0" asserts="1">
        <test-case id="0-1413" name="TestValidFailAnyofInt" fullname="Kaitai.SpecValidFailAnyofInt.TestValidFailAnyofInt" methodname="TestValidFailAnyofInt" classname="Kaitai.SpecValidFailAnyofInt" runstate="Runnable" seed="1084160285" result="Passed" start-time="2024-03-18 17:48:26Z" end-time="2024-03-18 17:48:26Z" duration="0.000761" asserts="1" />
      </test-suite>
      <test-suite type="TestFixture" id="0-1414" name="SpecValidFailContents" fullname="Kaitai.SpecValidFailContents" classname="Kaitai.SpecValidFailContents" runstate="Runnable" testcasecount="1" result="Passed" start-time="2024-03-18 17:48:26Z" end-time="2024-03-18 17:48:26Z" duration="0.002976" total="1" passed="1" failed="0" inconclusive="0" skipped="0" asserts="1">
        <test-case id="0-1415" name="TestValidFailContents" fullname="Kaitai.SpecValidFailContents.TestValidFailContents" methodname="TestValidFailContents" classname="Kaitai.SpecValidFailContents" runstate="Runnable" seed="673790318" result="Passed" start-time="2024-03-18 17:48:26Z" end-time="2024-03-18 17:48:26Z" duration="0.000619" asserts="1" />
      </test-suite>
      <test-suite type="TestFixture" id="0-1416" name="SpecValidFailEqBytes" fullname="Kaitai.SpecValidFailEqBytes" classname="Kaitai.SpecValidFailEqBytes" runstate="Runnable" testcasecount="1" result="Passed" start-time="2024-03-18 17:48:26Z" end-time="2024-03-18 17:48:26Z" duration="0.002784" total="1" passed="1" failed="0" inconclusive="0" skipped="0" asserts="1">
        <test-case id="0-1417" name="TestValidFailEqBytes" fullname="Kaitai.SpecValidFailEqBytes.TestValidFailEqBytes" methodname="TestValidFailEqBytes" classname="Kaitai.SpecValidFailEqBytes" runstate="Runnable" seed="903015530" result="Passed" start-time="2024-03-18 17:48:26Z" end-time="2024-03-18 17:48:26Z" duration="0.000426" asserts="1" />
      </test-suite>
      <test-suite type="TestFixture" id="0-1418" name="SpecValidFailEqInt" fullname="Kaitai.SpecValidFailEqInt" classname="Kaitai.SpecValidFailEqInt" runstate="Runnable" testcasecount="1" result="Passed" start-time="2024-03-18 17:48:26Z" end-time="2024-03-18 17:48:26Z" duration="0.002797" total="1" passed="1" failed="0" inconclusive="0" skipped="0" asserts="1">
        <test-case id="0-1419" name="TestValidFailEqInt" fullname="Kaitai.SpecValidFailEqInt.TestValidFailEqInt" methodname="TestValidFailEqInt" classname="Kaitai.SpecValidFailEqInt" runstate="Runnable" seed="1192555821" result="Passed" start-time="2024-03-18 17:48:26Z" end-time="2024-03-18 17:48:26Z" duration="0.000447" asserts="1" />
      </test-suite>
      <test-suite type="TestFixture" id="0-1420" name="SpecValidFailEqStr" fullname="Kaitai.SpecValidFailEqStr" classname="Kaitai.SpecValidFailEqStr" runstate="Runnable" testcasecount="1" result="Passed" start-time="2024-03-18 17:48:26Z" end-time="2024-03-18 17:48:26Z" duration="0.002770" total="1" passed="1" failed="0" inconclusive="0" skipped="0" asserts="1">
        <test-case id="0-1421" name="TestValidFailEqStr" fullname="Kaitai.SpecValidFailEqStr.TestValidFailEqStr" methodname="TestValidFailEqStr" classname="Kaitai.SpecValidFailEqStr" runstate="Runnable" seed="432916204" result="Passed" start-time="2024-03-18 17:48:26Z" end-time="2024-03-18 17:48:26Z" duration="0.000418" asserts="1" />
      </test-suite>
      <test-suite type="TestFixture" id="0-1422" name="SpecValidFailExpr" fullname="Kaitai.SpecValidFailExpr" classname="Kaitai.SpecValidFailExpr" runstate="Runnable" testcasecount="1" result="Passed" start-time="2024-03-18 17:48:26Z" end-time="2024-03-18 17:48:26Z" duration="0.003122" total="1" passed="1" failed="0" inconclusive="0" skipped="0" asserts="1">
        <test-case id="0-1423" name="TestValidFailExpr" fullname="Kaitai.SpecValidFailExpr.TestValidFailExpr" methodname="TestValidFailExpr" classname="Kaitai.SpecValidFailExpr" runstate="Runnable" seed="1213578735" result="Passed" start-time="2024-03-18 17:48:26Z" end-time="2024-03-18 17:48:26Z" duration="0.000772" asserts="1" />
      </test-suite>
      <test-suite type="TestFixture" id="0-1424" name="SpecValidFailInst" fullname="Kaitai.SpecValidFailInst" classname="Kaitai.SpecValidFailInst" runstate="Runnable" testcasecount="1" result="Passed" start-time="2024-03-18 17:48:26Z" end-time="2024-03-18 17:48:26Z" duration="0.002871" total="1" passed="1" failed="0" inconclusive="0" skipped="0" asserts="1">
        <test-case id="0-1425" name="TestValidFailInst" fullname="Kaitai.SpecValidFailInst.TestValidFailInst" methodname="TestValidFailInst" classname="Kaitai.SpecValidFailInst" runstate="Runnable" seed="702922369" result="Passed" start-time="2024-03-18 17:48:26Z" end-time="2024-03-18 17:48:26Z" duration="0.000518" asserts="1" />
      </test-suite>
      <test-suite type="TestFixture" id="0-1426" name="SpecValidFailMaxInt" fullname="Kaitai.SpecValidFailMaxInt" classname="Kaitai.SpecValidFailMaxInt" runstate="Runnable" testcasecount="1" result="Passed" start-time="2024-03-18 17:48:26Z" end-time="2024-03-18 17:48:26Z" duration="0.002831" total="1" passed="1" failed="0" inconclusive="0" skipped="0" asserts="1">
        <test-case id="0-1427" name="TestValidFailMaxInt" fullname="Kaitai.SpecValidFailMaxInt.TestValidFailMaxInt" methodname="TestValidFailMaxInt" classname="Kaitai.SpecValidFailMaxInt" runstate="Runnable" seed="564158249" result="Passed" start-time="2024-03-18 17:48:26Z" end-time="2024-03-18 17:48:26Z" duration="0.000477" asserts="1" />
      </test-suite>
      <test-suite type="TestFixture" id="0-1428" name="SpecValidFailMinInt" fullname="Kaitai.SpecValidFailMinInt" classname="Kaitai.SpecValidFailMinInt" runstate="Runnable" testcasecount="1" result="Passed" start-time="2024-03-18 17:48:26Z" end-time="2024-03-18 17:48:26Z" duration="0.002850" total="1" passed="1" failed="0" inconclusive="0" skipped="0" asserts="1">
        <test-case id="0-1429" name="TestValidFailMinInt" fullname="Kaitai.SpecValidFailMinInt.TestValidFailMinInt" methodname="TestValidFailMinInt" classname="Kaitai.SpecValidFailMinInt" runstate="Runnable" seed="1714472679" result="Passed" start-time="2024-03-18 17:48:26Z" end-time="2024-03-18 17:48:26Z" duration="0.000491" asserts="1" />
      </test-suite>
      <test-suite type="TestFixture" id="0-1430" name="SpecValidFailRangeBytes" fullname="Kaitai.SpecValidFailRangeBytes" classname="Kaitai.SpecValidFailRangeBytes" runstate="Runnable" testcasecount="1" result="Passed" start-time="2024-03-18 17:48:26Z" end-time="2024-03-18 17:48:26Z" duration="0.002868" total="1" passed="1" failed="0" inconclusive="0" skipped="0" asserts="1">
        <test-case id="0-1431" name="TestValidFailRangeBytes" fullname="Kaitai.SpecValidFailRangeBytes.TestValidFailRangeBytes" methodname="TestValidFailRangeBytes" classname="Kaitai.SpecValidFailRangeBytes" runstate="Runnable" seed="1348669894" result="Passed" start-time="2024-03-18 17:48:26Z" end-time="2024-03-18 17:48:26Z" duration="0.000522" asserts="1" />
      </test-suite>
      <test-suite type="TestFixture" id="0-1432" name="SpecValidFailRangeFloat" fullname="Kaitai.SpecValidFailRangeFloat" classname="Kaitai.SpecValidFailRangeFloat" runstate="Runnable" testcasecount="1" result="Passed" start-time="2024-03-18 17:48:26Z" end-time="2024-03-18 17:48:26Z" duration="0.003966" total="1" passed="1" failed="0" inconclusive="0" skipped="0" asserts="1">
        <test-case id="0-1433" name="TestValidFailRangeFloat" fullname="Kaitai.SpecValidFailRangeFloat.TestValidFailRangeFloat" methodname="TestValidFailRangeFloat" classname="Kaitai.SpecValidFailRangeFloat" runstate="Runnable" seed="1997545267" result="Passed" start-time="2024-03-18 17:48:26Z" end-time="2024-03-18 17:48:26Z" duration="0.001603" asserts="1" />
      </test-suite>
      <test-suite type="TestFixture" id="0-1434" name="SpecValidFailRangeInt" fullname="Kaitai.SpecValidFailRangeInt" classname="Kaitai.SpecValidFailRangeInt" runstate="Runnable" testcasecount="1" result="Passed" start-time="2024-03-18 17:48:26Z" end-time="2024-03-18 17:48:26Z" duration="0.002801" total="1" passed="1" failed="0" inconclusive="0" skipped="0" asserts="1">
        <test-case id="0-1435" name="TestValidFailRangeInt" fullname="Kaitai.SpecValidFailRangeInt.TestValidFailRangeInt" methodname="TestValidFailRangeInt" classname="Kaitai.SpecValidFailRangeInt" runstate="Runnable" seed="838023741" result="Passed" start-time="2024-03-18 17:48:26Z" end-time="2024-03-18 17:48:26Z" duration="0.000445" asserts="1" />
      </test-suite>
      <test-suite type="TestFixture" id="0-1436" name="SpecValidFailRangeStr" fullname="Kaitai.SpecValidFailRangeStr" classname="Kaitai.SpecValidFailRangeStr" runstate="Runnable" testcasecount="1" result="Passed" start-time="2024-03-18 17:48:26Z" end-time="2024-03-18 17:48:26Z" duration="0.002869" total="1" passed="1" failed="0" inconclusive="0" skipped="0" asserts="1">
        <test-case id="0-1437" name="TestValidFailRangeStr" fullname="Kaitai.SpecValidFailRangeStr.TestValidFailRangeStr" methodname="TestValidFailRangeStr" classname="Kaitai.SpecValidFailRangeStr" runstate="Runnable" seed="473126594" result="Passed" start-time="2024-03-18 17:48:26Z" end-time="2024-03-18 17:48:26Z" duration="0.000521" asserts="1" />
      </test-suite>
      <test-suite type="TestFixture" id="0-1438" name="SpecValidLong" fullname="Kaitai.SpecValidLong" classname="Kaitai.SpecValidLong" runstate="Runnable" testcasecount="1" result="Passed" start-time="2024-03-18 17:48:26Z" end-time="2024-03-18 17:48:26Z" duration="0.003101" total="1" passed="1" failed="0" inconclusive="0" skipped="0" asserts="0">
        <test-case id="0-1439" name="TestValidLong" fullname="Kaitai.SpecValidLong.TestValidLong" methodname="TestValidLong" classname="Kaitai.SpecValidLong" runstate="Runnable" seed="1183924706" result="Passed" start-time="2024-03-18 17:48:26Z" end-time="2024-03-18 17:48:26Z" duration="0.000761" asserts="0" />
      </test-suite>
      <test-suite type="TestFixture" id="0-1440" name="SpecValidNotParsedIf" fullname="Kaitai.SpecValidNotParsedIf" classname="Kaitai.SpecValidNotParsedIf" runstate="Runnable" testcasecount="1" result="Passed" start-time="2024-03-18 17:48:26Z" end-time="2024-03-18 17:48:26Z" duration="0.002796" total="1" passed="1" failed="0" inconclusive="0" skipped="0" asserts="0">
        <test-case id="0-1441" name="TestValidNotParsedIf" fullname="Kaitai.SpecValidNotParsedIf.TestValidNotParsedIf" methodname="TestValidNotParsedIf" classname="Kaitai.SpecValidNotParsedIf" runstate="Runnable" seed="1558091164" result="Passed" start-time="2024-03-18 17:48:26Z" end-time="2024-03-18 17:48:26Z" duration="0.000446" asserts="0" />
      </test-suite>
      <test-suite type="TestFixture" id="0-1442" name="SpecValidOptionalId" fullname="Kaitai.SpecValidOptionalId" classname="Kaitai.SpecValidOptionalId" runstate="Runnable" testcasecount="1" result="Passed" start-time="2024-03-18 17:48:26Z" end-time="2024-03-18 17:48:26Z" duration="0.002763" total="1" passed="1" failed="0" inconclusive="0" skipped="0" asserts="0">
        <test-case id="0-1443" name="TestValidOptionalId" fullname="Kaitai.SpecValidOptionalId.TestValidOptionalId" methodname="TestValidOptionalId" classname="Kaitai.SpecValidOptionalId" runstate="Runnable" seed="1523221286" result="Passed" start-time="2024-03-18 17:48:26Z" end-time="2024-03-18 17:48:26Z" duration="0.000425" asserts="0" />
      </test-suite>
      <test-suite type="TestFixture" id="0-1444" name="SpecValidShort" fullname="Kaitai.SpecValidShort" classname="Kaitai.SpecValidShort" runstate="Runnable" testcasecount="1" result="Passed" start-time="2024-03-18 17:48:26Z" end-time="2024-03-18 17:48:26Z" duration="0.003142" total="1" passed="1" failed="0" inconclusive="0" skipped="0" asserts="0">
        <test-case id="0-1445" name="TestValidShort" fullname="Kaitai.SpecValidShort.TestValidShort" methodname="TestValidShort" classname="Kaitai.SpecValidShort" runstate="Runnable" seed="518899644" result="Passed" start-time="2024-03-18 17:48:26Z" end-time="2024-03-18 17:48:26Z" duration="0.000810" asserts="0" />
      </test-suite>
      <test-suite type="TestFixture" id="0-1446" name="SpecValidSwitch" fullname="Kaitai.SpecValidSwitch" classname="Kaitai.SpecValidSwitch" runstate="Runnable" testcasecount="1" result="Passed" start-time="2024-03-18 17:48:26Z" end-time="2024-03-18 17:48:26Z" duration="0.002787" total="1" passed="1" failed="0" inconclusive="0" skipped="0" asserts="0">
        <test-case id="0-1447" name="TestValidSwitch" fullname="Kaitai.SpecValidSwitch.TestValidSwitch" methodname="TestValidSwitch" classname="Kaitai.SpecValidSwitch" runstate="Runnable" seed="843138881" result="Passed" start-time="2024-03-18 17:48:26Z" end-time="2024-03-18 17:48:26Z" duration="0.000427" asserts="0" />
      </test-suite>
      <test-suite type="TestFixture" id="0-1448" name="SpecZlibSurrounded" fullname="Kaitai.SpecZlibSurrounded" classname="Kaitai.SpecZlibSurrounded" runstate="Runnable" testcasecount="1" result="Passed" start-time="2024-03-18 17:48:26Z" end-time="2024-03-18 17:48:26Z" duration="0.007153" total="1" passed="1" failed="0" inconclusive="0" skipped="0" asserts="1">
        <test-case id="0-1449" name="TestZlibSurrounded" fullname="Kaitai.SpecZlibSurrounded.TestZlibSurrounded" methodname="TestZlibSurrounded" classname="Kaitai.SpecZlibSurrounded" runstate="Runnable" seed="1751371212" result="Passed" start-time="2024-03-18 17:48:26Z" end-time="2024-03-18 17:48:26Z" duration="0.004805" asserts="1" />
      </test-suite>
      <test-suite type="TestFixture" id="0-1450" name="SpecZlibWithHeader78" fullname="Kaitai.SpecZlibWithHeader78" classname="Kaitai.SpecZlibWithHeader78" runstate="Runnable" testcasecount="1" result="Passed" start-time="2024-03-18 17:48:26Z" end-time="2024-03-18 17:48:26Z" duration="0.002721" total="1" passed="1" failed="0" inconclusive="0" skipped="0" asserts="1">
        <test-case id="0-1451" name="TestZlibWithHeader78" fullname="Kaitai.SpecZlibWithHeader78.TestZlibWithHeader78" methodname="TestZlibWithHeader78" classname="Kaitai.SpecZlibWithHeader78" runstate="Runnable" seed="1284349813" result="Passed" start-time="2024-03-18 17:48:26Z" end-time="2024-03-18 17:48:26Z" duration="0.000367" asserts="1" />
      </test-suite>
    </test-suite>
  </test-suite>
</test-run>