<?xml version="1.0" encoding="utf-8" standalone="no"?>
<test-run id="2" testcasecount="184" result="Passed" total="184" passed="184" failed="0" inconclusive="0" skipped="0" asserts="860" engine-version="3.4.1.0" clr-version="4.0.30319.42000" start-time="2020-04-08 17:48:42Z" end-time="2020-04-08 17:48:45Z" duration="2.521061">
  <command-line><![CDATA[spec/csharp/packages/NUnit.ConsoleRunner.3.4.1/tools/nunit3-console.exe --result=test_out/csharp/TestResult.xml spec/csharp/kaitai_struct_csharp_tests/bin/Debug/kaitai_struct_csharp_tests.dll]]></command-line>
  <test-suite type="Assembly" id="0-1368" name="kaitai_struct_csharp_tests.dll" fullname="C:\projects\ci-targets\tests\spec\csharp\kaitai_struct_csharp_tests\bin\Debug\kaitai_struct_csharp_tests.dll" runstate="Runnable" testcasecount="184" result="Passed" start-time="2020-04-08 17:48:42Z" end-time="2020-04-08 17:48:45Z" duration="2.369913" total="184" passed="184" failed="0" inconclusive="0" skipped="0" asserts="860">
    <environment framework-version="3.4.1.0" clr-version="4.0.30319.42000" os-version="Microsoft Windows NT 10.0.14393.0" platform="Win32NT" cwd="C:\projects\ci-targets\tests" machine-name="APPVYR-WIN" user="appveyor" user-domain="APPVYR-WIN" culture="en-US" uiculture="en-US" os-architecture="x64" />
    <settings>
      <setting name="WorkDirectory" value="C:\projects\ci-targets\tests" />
      <setting name="ImageRuntimeVersion" value="4.0.30319" />
      <setting name="ImageTargetFrameworkName" value=".NETFramework,Version=v4.5" />
      <setting name="ImageRequiresX86" value="False" />
      <setting name="ImageRequiresDefaultAppDomainAssemblyResolver" value="False" />
      <setting name="NumberOfTestWorkers" value="2" />
    </settings>
    <properties>
      <property name="_PID" value="1228" />
      <property name="_APPDOMAIN" value="test-domain-" />
    </properties>
    <test-suite type="TestSuite" id="0-1369" name="Kaitai" fullname="Kaitai" runstate="Runnable" testcasecount="184" result="Passed" start-time="2020-04-08 17:48:42Z" end-time="2020-04-08 17:48:45Z" duration="2.330164" total="184" passed="184" failed="0" inconclusive="0" skipped="0" asserts="860">
      <test-suite type="TestFixture" id="0-1000" name="SpecBcdUserTypeBe" fullname="Kaitai.SpecBcdUserTypeBe" classname="Kaitai.SpecBcdUserTypeBe" runstate="Runnable" testcasecount="1" result="Passed" start-time="2020-04-08 17:48:42Z" end-time="2020-04-08 17:48:42Z" duration="0.067920" total="1" passed="1" failed="0" inconclusive="0" skipped="0" asserts="6">
        <test-case id="0-1001" name="TestBcdUserTypeBe" fullname="Kaitai.SpecBcdUserTypeBe.TestBcdUserTypeBe" methodname="TestBcdUserTypeBe" classname="Kaitai.SpecBcdUserTypeBe" runstate="Runnable" seed="79273550" result="Passed" start-time="2020-04-08 17:48:42Z" end-time="2020-04-08 17:48:42Z" duration="0.038364" asserts="6" />
      </test-suite>
      <test-suite type="TestFixture" id="0-1002" name="SpecBcdUserTypeLe" fullname="Kaitai.SpecBcdUserTypeLe" classname="Kaitai.SpecBcdUserTypeLe" runstate="Runnable" testcasecount="1" result="Passed" start-time="2020-04-08 17:48:42Z" end-time="2020-04-08 17:48:42Z" duration="0.014431" total="1" passed="1" failed="0" inconclusive="0" skipped="0" asserts="6">
        <test-case id="0-1003" name="TestBcdUserTypeLe" fullname="Kaitai.SpecBcdUserTypeLe.TestBcdUserTypeLe" methodname="TestBcdUserTypeLe" classname="Kaitai.SpecBcdUserTypeLe" runstate="Runnable" seed="1518628709" result="Passed" start-time="2020-04-08 17:48:42Z" end-time="2020-04-08 17:48:42Z" duration="0.010724" asserts="6" />
      </test-suite>
      <test-suite type="TestFixture" id="0-1004" name="SpecBitsByteAligned" fullname="Kaitai.SpecBitsByteAligned" classname="Kaitai.SpecBitsByteAligned" runstate="Runnable" testcasecount="1" result="Passed" start-time="2020-04-08 17:48:42Z" end-time="2020-04-08 17:48:42Z" duration="0.015354" total="1" passed="1" failed="0" inconclusive="0" skipped="0" asserts="9">
        <test-case id="0-1005" name="TestBitsByteAligned" fullname="Kaitai.SpecBitsByteAligned.TestBitsByteAligned" methodname="TestBitsByteAligned" classname="Kaitai.SpecBitsByteAligned" runstate="Runnable" seed="1970186730" result="Passed" start-time="2020-04-08 17:48:42Z" end-time="2020-04-08 17:48:42Z" duration="0.008847" asserts="9" />
      </test-suite>
      <test-suite type="TestFixture" id="0-1006" name="SpecBitsEnum" fullname="Kaitai.SpecBitsEnum" classname="Kaitai.SpecBitsEnum" runstate="Runnable" testcasecount="1" result="Passed" start-time="2020-04-08 17:48:42Z" end-time="2020-04-08 17:48:42Z" duration="0.005068" total="1" passed="1" failed="0" inconclusive="0" skipped="0" asserts="3">
        <test-case id="0-1007" name="TestBitsEnum" fullname="Kaitai.SpecBitsEnum.TestBitsEnum" methodname="TestBitsEnum" classname="Kaitai.SpecBitsEnum" runstate="Runnable" seed="1171152077" result="Passed" start-time="2020-04-08 17:48:42Z" end-time="2020-04-08 17:48:42Z" duration="0.001624" asserts="3" />
      </test-suite>
      <test-suite type="TestFixture" id="0-1008" name="SpecBitsSimple" fullname="Kaitai.SpecBitsSimple" classname="Kaitai.SpecBitsSimple" runstate="Runnable" testcasecount="1" result="Passed" start-time="2020-04-08 17:48:42Z" end-time="2020-04-08 17:48:42Z" duration="0.025922" total="1" passed="1" failed="0" inconclusive="0" skipped="0" asserts="14">
        <test-case id="0-1009" name="TestBitsSimple" fullname="Kaitai.SpecBitsSimple.TestBitsSimple" methodname="TestBitsSimple" classname="Kaitai.SpecBitsSimple" runstate="Runnable" seed="319949674" result="Passed" start-time="2020-04-08 17:48:42Z" end-time="2020-04-08 17:48:42Z" duration="0.016368" asserts="14" />
      </test-suite>
      <test-suite type="TestFixture" id="0-1010" name="SpecBufferedStruct" fullname="Kaitai.SpecBufferedStruct" classname="Kaitai.SpecBufferedStruct" runstate="Runnable" testcasecount="1" result="Passed" start-time="2020-04-08 17:48:42Z" end-time="2020-04-08 17:48:42Z" duration="0.011088" total="1" passed="1" failed="0" inconclusive="0" skipped="0" asserts="7">
        <test-case id="0-1011" name="TestBufferedStruct" fullname="Kaitai.SpecBufferedStruct.TestBufferedStruct" methodname="TestBufferedStruct" classname="Kaitai.SpecBufferedStruct" runstate="Runnable" seed="1253068459" result="Passed" start-time="2020-04-08 17:48:42Z" end-time="2020-04-08 17:48:42Z" duration="0.004842" asserts="7" />
      </test-suite>
      <test-suite type="TestFixture" id="0-1012" name="SpecBytesPadTerm" fullname="Kaitai.SpecBytesPadTerm" classname="Kaitai.SpecBytesPadTerm" runstate="Runnable" testcasecount="1" result="Passed" start-time="2020-04-08 17:48:42Z" end-time="2020-04-08 17:48:42Z" duration="0.008020" total="1" passed="1" failed="0" inconclusive="0" skipped="0" asserts="4">
        <test-case id="0-1013" name="TestBytesPadTerm" fullname="Kaitai.SpecBytesPadTerm.TestBytesPadTerm" methodname="TestBytesPadTerm" classname="Kaitai.SpecBytesPadTerm" runstate="Runnable" seed="1213180275" result="Passed" start-time="2020-04-08 17:48:42Z" end-time="2020-04-08 17:48:42Z" duration="0.003971" asserts="4" />
      </test-suite>
      <test-suite type="TestFixture" id="0-1014" name="SpecCastNested" fullname="Kaitai.SpecCastNested" classname="Kaitai.SpecCastNested" runstate="Runnable" testcasecount="1" result="Passed" start-time="2020-04-08 17:48:42Z" end-time="2020-04-08 17:48:42Z" duration="0.009466" total="1" passed="1" failed="0" inconclusive="0" skipped="0" asserts="4">
        <test-case id="0-1015" name="TestCastNested" fullname="Kaitai.SpecCastNested.TestCastNested" methodname="TestCastNested" classname="Kaitai.SpecCastNested" runstate="Runnable" seed="423272393" result="Passed" start-time="2020-04-08 17:48:42Z" end-time="2020-04-08 17:48:42Z" duration="0.005427" asserts="4" />
      </test-suite>
      <test-suite type="TestFixture" id="0-1016" name="SpecCastToImported" fullname="Kaitai.SpecCastToImported" classname="Kaitai.SpecCastToImported" runstate="Runnable" testcasecount="1" result="Passed" start-time="2020-04-08 17:48:42Z" end-time="2020-04-08 17:48:42Z" duration="0.005006" total="1" passed="1" failed="0" inconclusive="0" skipped="0" asserts="2">
        <test-case id="0-1017" name="TestCastToImported" fullname="Kaitai.SpecCastToImported.TestCastToImported" methodname="TestCastToImported" classname="Kaitai.SpecCastToImported" runstate="Runnable" seed="52599244" result="Passed" start-time="2020-04-08 17:48:42Z" end-time="2020-04-08 17:48:42Z" duration="0.001759" asserts="2" />
      </test-suite>
      <test-suite type="TestFixture" id="0-1018" name="SpecCastToTop" fullname="Kaitai.SpecCastToTop" classname="Kaitai.SpecCastToTop" runstate="Runnable" testcasecount="1" result="Passed" start-time="2020-04-08 17:48:43Z" end-time="2020-04-08 17:48:43Z" duration="0.006016" total="1" passed="1" failed="0" inconclusive="0" skipped="0" asserts="3">
        <test-case id="0-1019" name="TestCastToTop" fullname="Kaitai.SpecCastToTop.TestCastToTop" methodname="TestCastToTop" classname="Kaitai.SpecCastToTop" runstate="Runnable" seed="1115291998" result="Passed" start-time="2020-04-08 17:48:43Z" end-time="2020-04-08 17:48:43Z" duration="0.002355" asserts="3" />
      </test-suite>
      <test-suite type="TestFixture" id="0-1020" name="SpecCombineBool" fullname="Kaitai.SpecCombineBool" classname="Kaitai.SpecCombineBool" runstate="Runnable" testcasecount="1" result="Passed" start-time="2020-04-08 17:48:43Z" end-time="2020-04-08 17:48:43Z" duration="0.005011" total="1" passed="1" failed="0" inconclusive="0" skipped="0" asserts="2">
        <test-case id="0-1021" name="TestCombineBool" fullname="Kaitai.SpecCombineBool.TestCombineBool" methodname="TestCombineBool" classname="Kaitai.SpecCombineBool" runstate="Runnable" seed="1775291616" result="Passed" start-time="2020-04-08 17:48:43Z" end-time="2020-04-08 17:48:43Z" duration="0.001707" asserts="2" />
      </test-suite>
      <test-suite type="TestFixture" id="0-1022" name="SpecCombineBytes" fullname="Kaitai.SpecCombineBytes" classname="Kaitai.SpecCombineBytes" runstate="Runnable" testcasecount="1" result="Passed" start-time="2020-04-08 17:48:43Z" end-time="2020-04-08 17:48:43Z" duration="0.008034" total="1" passed="1" failed="0" inconclusive="0" skipped="0" asserts="10">
        <test-case id="0-1023" name="TestCombineBytes" fullname="Kaitai.SpecCombineBytes.TestCombineBytes" methodname="TestCombineBytes" classname="Kaitai.SpecCombineBytes" runstate="Runnable" seed="979412968" result="Passed" start-time="2020-04-08 17:48:43Z" end-time="2020-04-08 17:48:43Z" duration="0.004100" asserts="10" />
      </test-suite>
      <test-suite type="TestFixture" id="0-1024" name="SpecCombineEnum" fullname="Kaitai.SpecCombineEnum" classname="Kaitai.SpecCombineEnum" runstate="Runnable" testcasecount="1" result="Passed" start-time="2020-04-08 17:48:43Z" end-time="2020-04-08 17:48:43Z" duration="0.017583" total="1" passed="1" failed="0" inconclusive="0" skipped="0" asserts="3">
        <test-case id="0-1025" name="TestCombineEnum" fullname="Kaitai.SpecCombineEnum.TestCombineEnum" methodname="TestCombineEnum" classname="Kaitai.SpecCombineEnum" runstate="Runnable" seed="1486217028" result="Passed" start-time="2020-04-08 17:48:43Z" end-time="2020-04-08 17:48:43Z" duration="0.002151" asserts="3" />
      </test-suite>
      <test-suite type="TestFixture" id="0-1026" name="SpecCombineStr" fullname="Kaitai.SpecCombineStr" classname="Kaitai.SpecCombineStr" runstate="Runnable" testcasecount="1" result="Passed" start-time="2020-04-08 17:48:43Z" end-time="2020-04-08 17:48:43Z" duration="0.008649" total="1" passed="1" failed="0" inconclusive="0" skipped="0" asserts="15">
        <test-case id="0-1027" name="TestCombineStr" fullname="Kaitai.SpecCombineStr.TestCombineStr" methodname="TestCombineStr" classname="Kaitai.SpecCombineStr" runstate="Runnable" seed="1695553785" result="Passed" start-time="2020-04-08 17:48:43Z" end-time="2020-04-08 17:48:43Z" duration="0.004175" asserts="15" />
      </test-suite>
      <test-suite type="TestFixture" id="0-1028" name="SpecDebug0" fullname="Kaitai.SpecDebug0" classname="Kaitai.SpecDebug0" runstate="Runnable" testcasecount="1" result="Passed" start-time="2020-04-08 17:48:43Z" end-time="2020-04-08 17:48:43Z" duration="0.004094" total="1" passed="1" failed="0" inconclusive="0" skipped="0" asserts="0">
        <test-case id="0-1029" name="TestDebug0" fullname="Kaitai.SpecDebug0.TestDebug0" methodname="TestDebug0" classname="Kaitai.SpecDebug0" runstate="Runnable" seed="690257310" result="Passed" start-time="2020-04-08 17:48:43Z" end-time="2020-04-08 17:48:43Z" duration="0.000268" asserts="0" />
      </test-suite>
      <test-suite type="TestFixture" id="0-1030" name="SpecDebugArrayUser" fullname="Kaitai.SpecDebugArrayUser" classname="Kaitai.SpecDebugArrayUser" runstate="Runnable" testcasecount="1" result="Passed" start-time="2020-04-08 17:48:43Z" end-time="2020-04-08 17:48:43Z" duration="0.015020" total="1" passed="1" failed="0" inconclusive="0" skipped="0" asserts="4">
        <test-case id="0-1031" name="TestDebugArrayUser" fullname="Kaitai.SpecDebugArrayUser.TestDebugArrayUser" methodname="TestDebugArrayUser" classname="Kaitai.SpecDebugArrayUser" runstate="Runnable" seed="1920327260" result="Passed" start-time="2020-04-08 17:48:43Z" end-time="2020-04-08 17:48:43Z" duration="0.011156" asserts="4" />
      </test-suite>
      <test-suite type="TestFixture" id="0-1032" name="SpecDebugEnumName" fullname="Kaitai.SpecDebugEnumName" classname="Kaitai.SpecDebugEnumName" runstate="Runnable" testcasecount="1" result="Passed" start-time="2020-04-08 17:48:43Z" end-time="2020-04-08 17:48:43Z" duration="0.004011" total="1" passed="1" failed="0" inconclusive="0" skipped="0" asserts="0">
        <test-case id="0-1033" name="TestDebugEnumName" fullname="Kaitai.SpecDebugEnumName.TestDebugEnumName" methodname="TestDebugEnumName" classname="Kaitai.SpecDebugEnumName" runstate="Runnable" seed="1645522115" result="Passed" start-time="2020-04-08 17:48:43Z" end-time="2020-04-08 17:48:43Z" duration="0.000337" asserts="0" />
      </test-suite>
      <test-suite type="TestFixture" id="0-1034" name="SpecDebugSwitchUser" fullname="Kaitai.SpecDebugSwitchUser" classname="Kaitai.SpecDebugSwitchUser" runstate="Runnable" testcasecount="1" result="Passed" start-time="2020-04-08 17:48:43Z" end-time="2020-04-08 17:48:43Z" duration="0.006167" total="1" passed="1" failed="0" inconclusive="0" skipped="0" asserts="2">
        <test-case id="0-1035" name="TestDebugSwitchUser" fullname="Kaitai.SpecDebugSwitchUser.TestDebugSwitchUser" methodname="TestDebugSwitchUser" classname="Kaitai.SpecDebugSwitchUser" runstate="Runnable" seed="1299743525" result="Passed" start-time="2020-04-08 17:48:43Z" end-time="2020-04-08 17:48:43Z" duration="0.002153" asserts="2" />
      </test-suite>
      <test-suite type="TestFixture" id="0-1036" name="SpecDefaultBigEndian" fullname="Kaitai.SpecDefaultBigEndian" classname="Kaitai.SpecDefaultBigEndian" runstate="Runnable" testcasecount="1" result="Passed" start-time="2020-04-08 17:48:43Z" end-time="2020-04-08 17:48:43Z" duration="0.004716" total="1" passed="1" failed="0" inconclusive="0" skipped="0" asserts="1">
        <test-case id="0-1037" name="TestDefaultBigEndian" fullname="Kaitai.SpecDefaultBigEndian.TestDefaultBigEndian" methodname="TestDefaultBigEndian" classname="Kaitai.SpecDefaultBigEndian" runstate="Runnable" seed="157737737" result="Passed" start-time="2020-04-08 17:48:43Z" end-time="2020-04-08 17:48:43Z" duration="0.001229" asserts="1" />
      </test-suite>
      <test-suite type="TestFixture" id="0-1038" name="SpecDefaultEndianExprException" fullname="Kaitai.SpecDefaultEndianExprException" classname="Kaitai.SpecDefaultEndianExprException" runstate="Runnable" testcasecount="1" result="Passed" start-time="2020-04-08 17:48:43Z" end-time="2020-04-08 17:48:43Z" duration="0.026043" total="1" passed="1" failed="0" inconclusive="0" skipped="0" asserts="1">
        <test-case id="0-1039" name="TestDefaultEndianExprException" fullname="Kaitai.SpecDefaultEndianExprException.TestDefaultEndianExprException" methodname="TestDefaultEndianExprException" classname="Kaitai.SpecDefaultEndianExprException" runstate="Runnable" seed="1581383104" result="Passed" start-time="2020-04-08 17:48:43Z" end-time="2020-04-08 17:48:43Z" duration="0.022477" asserts="1" />
      </test-suite>
      <test-suite type="TestFixture" id="0-1040" name="SpecDefaultEndianExprInherited" fullname="Kaitai.SpecDefaultEndianExprInherited" classname="Kaitai.SpecDefaultEndianExprInherited" runstate="Runnable" testcasecount="1" result="Passed" start-time="2020-04-08 17:48:43Z" end-time="2020-04-08 17:48:43Z" duration="0.017122" total="1" passed="1" failed="0" inconclusive="0" skipped="0" asserts="15">
        <test-case id="0-1041" name="TestDefaultEndianExprInherited" fullname="Kaitai.SpecDefaultEndianExprInherited.TestDefaultEndianExprInherited" methodname="TestDefaultEndianExprInherited" classname="Kaitai.SpecDefaultEndianExprInherited" runstate="Runnable" seed="1315156808" result="Passed" start-time="2020-04-08 17:48:43Z" end-time="2020-04-08 17:48:43Z" duration="0.008419" asserts="15" />
      </test-suite>
      <test-suite type="TestFixture" id="0-1042" name="SpecDefaultEndianExprIsBe" fullname="Kaitai.SpecDefaultEndianExprIsBe" classname="Kaitai.SpecDefaultEndianExprIsBe" runstate="Runnable" testcasecount="1" result="Passed" start-time="2020-04-08 17:48:43Z" end-time="2020-04-08 17:48:43Z" duration="0.010045" total="1" passed="1" failed="0" inconclusive="0" skipped="0" asserts="18">
        <test-case id="0-1043" name="TestDefaultEndianExprIsBe" fullname="Kaitai.SpecDefaultEndianExprIsBe.TestDefaultEndianExprIsBe" methodname="TestDefaultEndianExprIsBe" classname="Kaitai.SpecDefaultEndianExprIsBe" runstate="Runnable" seed="356076318" result="Passed" start-time="2020-04-08 17:48:43Z" end-time="2020-04-08 17:48:43Z" duration="0.006727" asserts="18" />
      </test-suite>
      <test-suite type="TestFixture" id="0-1044" name="SpecDefaultEndianExprIsLe" fullname="Kaitai.SpecDefaultEndianExprIsLe" classname="Kaitai.SpecDefaultEndianExprIsLe" runstate="Runnable" testcasecount="1" result="Passed" start-time="2020-04-08 17:48:43Z" end-time="2020-04-08 17:48:43Z" duration="0.009067" total="1" passed="1" failed="0" inconclusive="0" skipped="0" asserts="12">
        <test-case id="0-1045" name="TestDefaultEndianExprIsLe" fullname="Kaitai.SpecDefaultEndianExprIsLe.TestDefaultEndianExprIsLe" methodname="TestDefaultEndianExprIsLe" classname="Kaitai.SpecDefaultEndianExprIsLe" runstate="Runnable" seed="1162710873" result="Passed" start-time="2020-04-08 17:48:43Z" end-time="2020-04-08 17:48:43Z" duration="0.004946" asserts="12" />
      </test-suite>
      <test-suite type="TestFixture" id="0-1046" name="SpecDefaultEndianMod" fullname="Kaitai.SpecDefaultEndianMod" classname="Kaitai.SpecDefaultEndianMod" runstate="Runnable" testcasecount="1" result="Passed" start-time="2020-04-08 17:48:43Z" end-time="2020-04-08 17:48:43Z" duration="0.007065" total="1" passed="1" failed="0" inconclusive="0" skipped="0" asserts="3">
        <test-case id="0-1047" name="TestDefaultEndianMod" fullname="Kaitai.SpecDefaultEndianMod.TestDefaultEndianMod" methodname="TestDefaultEndianMod" classname="Kaitai.SpecDefaultEndianMod" runstate="Runnable" seed="1653100685" result="Passed" start-time="2020-04-08 17:48:43Z" end-time="2020-04-08 17:48:43Z" duration="0.003372" asserts="3" />
      </test-suite>
      <test-suite type="TestFixture" id="0-1048" name="SpecDocstrings" fullname="Kaitai.SpecDocstrings" classname="Kaitai.SpecDocstrings" runstate="Runnable" testcasecount="1" result="Passed" start-time="2020-04-08 17:48:43Z" end-time="2020-04-08 17:48:43Z" duration="0.007022" total="1" passed="1" failed="0" inconclusive="0" skipped="0" asserts="0">
        <test-case id="0-1049" name="TestDocstrings" fullname="Kaitai.SpecDocstrings.TestDocstrings" methodname="TestDocstrings" classname="Kaitai.SpecDocstrings" runstate="Runnable" seed="1050281703" result="Passed" start-time="2020-04-08 17:48:43Z" end-time="2020-04-08 17:48:43Z" duration="0.002419" asserts="0" />
      </test-suite>
      <test-suite type="TestFixture" id="0-1050" name="SpecDocstringsDocref" fullname="Kaitai.SpecDocstringsDocref" classname="Kaitai.SpecDocstringsDocref" runstate="Runnable" testcasecount="1" result="Passed" start-time="2020-04-08 17:48:43Z" end-time="2020-04-08 17:48:43Z" duration="0.005980" total="1" passed="1" failed="0" inconclusive="0" skipped="0" asserts="0">
        <test-case id="0-1051" name="TestDocstringsDocref" fullname="Kaitai.SpecDocstringsDocref.TestDocstringsDocref" methodname="TestDocstringsDocref" classname="Kaitai.SpecDocstringsDocref" runstate="Runnable" seed="2142003738" result="Passed" start-time="2020-04-08 17:48:43Z" end-time="2020-04-08 17:48:43Z" duration="0.001203" asserts="0" />
      </test-suite>
      <test-suite type="TestFixture" id="0-1052" name="SpecDocstringsDocrefMulti" fullname="Kaitai.SpecDocstringsDocrefMulti" classname="Kaitai.SpecDocstringsDocrefMulti" runstate="Runnable" testcasecount="1" result="Passed" start-time="2020-04-08 17:48:43Z" end-time="2020-04-08 17:48:43Z" duration="0.009248" total="1" passed="1" failed="0" inconclusive="0" skipped="0" asserts="0">
        <test-case id="0-1053" name="TestDocstringsDocrefMulti" fullname="Kaitai.SpecDocstringsDocrefMulti.TestDocstringsDocrefMulti" methodname="TestDocstringsDocrefMulti" classname="Kaitai.SpecDocstringsDocrefMulti" runstate="Runnable" seed="1650074494" result="Passed" start-time="2020-04-08 17:48:43Z" end-time="2020-04-08 17:48:43Z" duration="0.001927" asserts="0" />
      </test-suite>
      <test-suite type="TestFixture" id="0-1054" name="SpecEnum0" fullname="Kaitai.SpecEnum0" classname="Kaitai.SpecEnum0" runstate="Runnable" testcasecount="1" result="Passed" start-time="2020-04-08 17:48:43Z" end-time="2020-04-08 17:48:43Z" duration="0.005379" total="1" passed="1" failed="0" inconclusive="0" skipped="0" asserts="2">
        <test-case id="0-1055" name="TestEnum0" fullname="Kaitai.SpecEnum0.TestEnum0" methodname="TestEnum0" classname="Kaitai.SpecEnum0" runstate="Runnable" seed="497296688" result="Passed" start-time="2020-04-08 17:48:43Z" end-time="2020-04-08 17:48:43Z" duration="0.001400" asserts="2" />
      </test-suite>
      <test-suite type="TestFixture" id="0-1056" name="SpecEnum1" fullname="Kaitai.SpecEnum1" classname="Kaitai.SpecEnum1" runstate="Runnable" testcasecount="1" result="Passed" start-time="2020-04-08 17:48:43Z" end-time="2020-04-08 17:48:43Z" duration="0.006134" total="1" passed="1" failed="0" inconclusive="0" skipped="0" asserts="2">
        <test-case id="0-1057" name="TestEnum1" fullname="Kaitai.SpecEnum1.TestEnum1" methodname="TestEnum1" classname="Kaitai.SpecEnum1" runstate="Runnable" seed="488217691" result="Passed" start-time="2020-04-08 17:48:43Z" end-time="2020-04-08 17:48:43Z" duration="0.002901" asserts="2" />
      </test-suite>
      <test-suite type="TestFixture" id="0-1058" name="SpecEnumDeep" fullname="Kaitai.SpecEnumDeep" classname="Kaitai.SpecEnumDeep" runstate="Runnable" testcasecount="1" result="Passed" start-time="2020-04-08 17:48:43Z" end-time="2020-04-08 17:48:43Z" duration="0.005294" total="1" passed="1" failed="0" inconclusive="0" skipped="0" asserts="2">
        <test-case id="0-1059" name="TestEnumDeep" fullname="Kaitai.SpecEnumDeep.TestEnumDeep" methodname="TestEnumDeep" classname="Kaitai.SpecEnumDeep" runstate="Runnable" seed="24067149" result="Passed" start-time="2020-04-08 17:48:43Z" end-time="2020-04-08 17:48:43Z" duration="0.001462" asserts="2" />
      </test-suite>
      <test-suite type="TestFixture" id="0-1060" name="SpecEnumDeepLiterals" fullname="Kaitai.SpecEnumDeepLiterals" classname="Kaitai.SpecEnumDeepLiterals" runstate="Runnable" testcasecount="1" result="Passed" start-time="2020-04-08 17:48:43Z" end-time="2020-04-08 17:48:43Z" duration="0.005966" total="1" passed="1" failed="0" inconclusive="0" skipped="0" asserts="2">
        <test-case id="0-1061" name="TestEnumDeepLiterals" fullname="Kaitai.SpecEnumDeepLiterals.TestEnumDeepLiterals" methodname="TestEnumDeepLiterals" classname="Kaitai.SpecEnumDeepLiterals" runstate="Runnable" seed="1223820421" result="Passed" start-time="2020-04-08 17:48:43Z" end-time="2020-04-08 17:48:43Z" duration="0.001809" asserts="2" />
      </test-suite>
      <test-suite type="TestFixture" id="0-1062" name="SpecEnumFancy" fullname="Kaitai.SpecEnumFancy" classname="Kaitai.SpecEnumFancy" runstate="Runnable" testcasecount="1" result="Passed" start-time="2020-04-08 17:48:43Z" end-time="2020-04-08 17:48:43Z" duration="0.004952" total="1" passed="1" failed="0" inconclusive="0" skipped="0" asserts="2">
        <test-case id="0-1063" name="TestEnumFancy" fullname="Kaitai.SpecEnumFancy.TestEnumFancy" methodname="TestEnumFancy" classname="Kaitai.SpecEnumFancy" runstate="Runnable" seed="5632004" result="Passed" start-time="2020-04-08 17:48:43Z" end-time="2020-04-08 17:48:43Z" duration="0.001167" asserts="2" />
      </test-suite>
      <test-suite type="TestFixture" id="0-1064" name="SpecEnumForUnknownId" fullname="Kaitai.SpecEnumForUnknownId" classname="Kaitai.SpecEnumForUnknownId" runstate="Runnable" testcasecount="1" result="Passed" start-time="2020-04-08 17:48:43Z" end-time="2020-04-08 17:48:43Z" duration="0.005026" total="1" passed="1" failed="0" inconclusive="0" skipped="0" asserts="1">
        <test-case id="0-1065" name="TestEnumForUnknownId" fullname="Kaitai.SpecEnumForUnknownId.TestEnumForUnknownId" methodname="TestEnumForUnknownId" classname="Kaitai.SpecEnumForUnknownId" runstate="Runnable" seed="513556540" result="Passed" start-time="2020-04-08 17:48:43Z" end-time="2020-04-08 17:48:43Z" duration="0.001177" asserts="1" />
      </test-suite>
      <test-suite type="TestFixture" id="0-1066" name="SpecEnumIf" fullname="Kaitai.SpecEnumIf" classname="Kaitai.SpecEnumIf" runstate="Runnable" testcasecount="1" result="Passed" start-time="2020-04-08 17:48:43Z" end-time="2020-04-08 17:48:43Z" duration="0.009708" total="1" passed="1" failed="0" inconclusive="0" skipped="0" asserts="7">
        <test-case id="0-1067" name="TestEnumIf" fullname="Kaitai.SpecEnumIf.TestEnumIf" methodname="TestEnumIf" classname="Kaitai.SpecEnumIf" runstate="Runnable" seed="1131130003" result="Passed" start-time="2020-04-08 17:48:43Z" end-time="2020-04-08 17:48:43Z" duration="0.004221" asserts="7" />
      </test-suite>
      <test-suite type="TestFixture" id="0-1068" name="SpecEnumImport" fullname="Kaitai.SpecEnumImport" classname="Kaitai.SpecEnumImport" runstate="Runnable" testcasecount="1" result="Passed" start-time="2020-04-08 17:48:43Z" end-time="2020-04-08 17:48:43Z" duration="0.005010" total="1" passed="1" failed="0" inconclusive="0" skipped="0" asserts="2">
        <test-case id="0-1069" name="TestEnumImport" fullname="Kaitai.SpecEnumImport.TestEnumImport" methodname="TestEnumImport" classname="Kaitai.SpecEnumImport" runstate="Runnable" seed="75293535" result="Passed" start-time="2020-04-08 17:48:43Z" end-time="2020-04-08 17:48:43Z" duration="0.001497" asserts="2" />
      </test-suite>
      <test-suite type="TestFixture" id="0-1070" name="SpecEnumIntRangeS" fullname="Kaitai.SpecEnumIntRangeS" classname="Kaitai.SpecEnumIntRangeS" runstate="Runnable" testcasecount="1" result="Passed" start-time="2020-04-08 17:48:43Z" end-time="2020-04-08 17:48:43Z" duration="0.005750" total="1" passed="1" failed="0" inconclusive="0" skipped="0" asserts="3">
        <test-case id="0-1071" name="TestEnumIntRangeS" fullname="Kaitai.SpecEnumIntRangeS.TestEnumIntRangeS" methodname="TestEnumIntRangeS" classname="Kaitai.SpecEnumIntRangeS" runstate="Runnable" seed="879514191" result="Passed" start-time="2020-04-08 17:48:43Z" end-time="2020-04-08 17:48:43Z" duration="0.001385" asserts="3" />
      </test-suite>
      <test-suite type="TestFixture" id="0-1072" name="SpecEnumNegative" fullname="Kaitai.SpecEnumNegative" classname="Kaitai.SpecEnumNegative" runstate="Runnable" testcasecount="1" result="Passed" start-time="2020-04-08 17:48:43Z" end-time="2020-04-08 17:48:43Z" duration="0.006063" total="1" passed="1" failed="0" inconclusive="0" skipped="0" asserts="2">
        <test-case id="0-1073" name="TestEnumNegative" fullname="Kaitai.SpecEnumNegative.TestEnumNegative" methodname="TestEnumNegative" classname="Kaitai.SpecEnumNegative" runstate="Runnable" seed="1530141274" result="Passed" start-time="2020-04-08 17:48:43Z" end-time="2020-04-08 17:48:43Z" duration="0.001753" asserts="2" />
      </test-suite>
      <test-suite type="TestFixture" id="0-1074" name="SpecEnumOfValueInst" fullname="Kaitai.SpecEnumOfValueInst" classname="Kaitai.SpecEnumOfValueInst" runstate="Runnable" testcasecount="1" result="Passed" start-time="2020-04-08 17:48:43Z" end-time="2020-04-08 17:48:43Z" duration="0.006407" total="1" passed="1" failed="0" inconclusive="0" skipped="0" asserts="4">
        <test-case id="0-1075" name="TestEnumOfValueInst" fullname="Kaitai.SpecEnumOfValueInst.TestEnumOfValueInst" methodname="TestEnumOfValueInst" classname="Kaitai.SpecEnumOfValueInst" runstate="Runnable" seed="409997546" result="Passed" start-time="2020-04-08 17:48:43Z" end-time="2020-04-08 17:48:43Z" duration="0.002359" asserts="4" />
      </test-suite>
      <test-suite type="TestFixture" id="0-1076" name="SpecEnumToI" fullname="Kaitai.SpecEnumToI" classname="Kaitai.SpecEnumToI" runstate="Runnable" testcasecount="1" result="Passed" start-time="2020-04-08 17:48:43Z" end-time="2020-04-08 17:48:43Z" duration="0.005041" total="1" passed="1" failed="0" inconclusive="0" skipped="0" asserts="5">
        <test-case id="0-1077" name="TestEnumToI" fullname="Kaitai.SpecEnumToI.TestEnumToI" methodname="TestEnumToI" classname="Kaitai.SpecEnumToI" runstate="Runnable" seed="530832417" result="Passed" start-time="2020-04-08 17:48:43Z" end-time="2020-04-08 17:48:43Z" duration="0.001744" asserts="5" />
      </test-suite>
      <test-suite type="TestFixture" id="0-1078" name="SpecEofExceptionBytes" fullname="Kaitai.SpecEofExceptionBytes" classname="Kaitai.SpecEofExceptionBytes" runstate="Runnable" testcasecount="1" result="Passed" start-time="2020-04-08 17:48:43Z" end-time="2020-04-08 17:48:43Z" duration="0.004850" total="1" passed="1" failed="0" inconclusive="0" skipped="0" asserts="1">
        <test-case id="0-1079" name="TestEofExceptionBytes" fullname="Kaitai.SpecEofExceptionBytes.TestEofExceptionBytes" methodname="TestEofExceptionBytes" classname="Kaitai.SpecEofExceptionBytes" runstate="Runnable" seed="1322061376" result="Passed" start-time="2020-04-08 17:48:43Z" end-time="2020-04-08 17:48:43Z" duration="0.001781" asserts="1" />
      </test-suite>
      <test-suite type="TestFixture" id="0-1080" name="SpecEofExceptionU4" fullname="Kaitai.SpecEofExceptionU4" classname="Kaitai.SpecEofExceptionU4" runstate="Runnable" testcasecount="1" result="Passed" start-time="2020-04-08 17:48:43Z" end-time="2020-04-08 17:48:43Z" duration="0.011052" total="1" passed="1" failed="0" inconclusive="0" skipped="0" asserts="1">
        <test-case id="0-1081" name="TestEofExceptionU4" fullname="Kaitai.SpecEofExceptionU4.TestEofExceptionU4" methodname="TestEofExceptionU4" classname="Kaitai.SpecEofExceptionU4" runstate="Runnable" seed="1078005349" result="Passed" start-time="2020-04-08 17:48:43Z" end-time="2020-04-08 17:48:43Z" duration="0.001346" asserts="1" />
      </test-suite>
      <test-suite type="TestFixture" id="0-1082" name="SpecEosExceptionBytes" fullname="Kaitai.SpecEosExceptionBytes" classname="Kaitai.SpecEosExceptionBytes" runstate="Runnable" testcasecount="1" result="Passed" start-time="2020-04-08 17:48:43Z" end-time="2020-04-08 17:48:43Z" duration="0.005321" total="1" passed="1" failed="0" inconclusive="0" skipped="0" asserts="1">
        <test-case id="0-1083" name="TestEosExceptionBytes" fullname="Kaitai.SpecEosExceptionBytes.TestEosExceptionBytes" methodname="TestEosExceptionBytes" classname="Kaitai.SpecEosExceptionBytes" runstate="Runnable" seed="1098720200" result="Passed" start-time="2020-04-08 17:48:43Z" end-time="2020-04-08 17:48:43Z" duration="0.001947" asserts="1" />
      </test-suite>
      <test-suite type="TestFixture" id="0-1084" name="SpecEosExceptionU4" fullname="Kaitai.SpecEosExceptionU4" classname="Kaitai.SpecEosExceptionU4" runstate="Runnable" testcasecount="1" result="Passed" start-time="2020-04-08 17:48:43Z" end-time="2020-04-08 17:48:43Z" duration="0.007030" total="1" passed="1" failed="0" inconclusive="0" skipped="0" asserts="1">
        <test-case id="0-1085" name="TestEosExceptionU4" fullname="Kaitai.SpecEosExceptionU4.TestEosExceptionU4" methodname="TestEosExceptionU4" classname="Kaitai.SpecEosExceptionU4" runstate="Runnable" seed="1934333082" result="Passed" start-time="2020-04-08 17:48:43Z" end-time="2020-04-08 17:48:43Z" duration="0.002136" asserts="1" />
      </test-suite>
      <test-suite type="TestFixture" id="0-1086" name="SpecExpr0" fullname="Kaitai.SpecExpr0" classname="Kaitai.SpecExpr0" runstate="Runnable" testcasecount="1" result="Passed" start-time="2020-04-08 17:48:43Z" end-time="2020-04-08 17:48:43Z" duration="0.010975" total="1" passed="1" failed="0" inconclusive="0" skipped="0" asserts="2">
        <test-case id="0-1087" name="TestExpr0" fullname="Kaitai.SpecExpr0.TestExpr0" methodname="TestExpr0" classname="Kaitai.SpecExpr0" runstate="Runnable" seed="1892001270" result="Passed" start-time="2020-04-08 17:48:43Z" end-time="2020-04-08 17:48:43Z" duration="0.007122" asserts="2" />
      </test-suite>
      <test-suite type="TestFixture" id="0-1088" name="SpecExpr1" fullname="Kaitai.SpecExpr1" classname="Kaitai.SpecExpr1" runstate="Runnable" testcasecount="1" result="Passed" start-time="2020-04-08 17:48:43Z" end-time="2020-04-08 17:48:43Z" duration="0.008304" total="1" passed="1" failed="0" inconclusive="0" skipped="0" asserts="4">
        <test-case id="0-1089" name="TestExpr1" fullname="Kaitai.SpecExpr1.TestExpr1" methodname="TestExpr1" classname="Kaitai.SpecExpr1" runstate="Runnable" seed="421187576" result="Passed" start-time="2020-04-08 17:48:43Z" end-time="2020-04-08 17:48:43Z" duration="0.004776" asserts="4" />
      </test-suite>
      <test-suite type="TestFixture" id="0-1090" name="SpecExpr2" fullname="Kaitai.SpecExpr2" classname="Kaitai.SpecExpr2" runstate="Runnable" testcasecount="1" result="Passed" start-time="2020-04-08 17:48:43Z" end-time="2020-04-08 17:48:43Z" duration="0.009152" total="1" passed="1" failed="0" inconclusive="0" skipped="0" asserts="17">
        <test-case id="0-1091" name="TestExpr2" fullname="Kaitai.SpecExpr2.TestExpr2" methodname="TestExpr2" classname="Kaitai.SpecExpr2" runstate="Runnable" seed="958422942" result="Passed" start-time="2020-04-08 17:48:43Z" end-time="2020-04-08 17:48:43Z" duration="0.005816" asserts="17" />
      </test-suite>
      <test-suite type="TestFixture" id="0-1092" name="SpecExpr3" fullname="Kaitai.SpecExpr3" classname="Kaitai.SpecExpr3" runstate="Runnable" testcasecount="1" result="Passed" start-time="2020-04-08 17:48:43Z" end-time="2020-04-08 17:48:43Z" duration="0.008152" total="1" passed="1" failed="0" inconclusive="0" skipped="0" asserts="12">
        <test-case id="0-1093" name="TestExpr3" fullname="Kaitai.SpecExpr3.TestExpr3" methodname="TestExpr3" classname="Kaitai.SpecExpr3" runstate="Runnable" seed="1276246510" result="Passed" start-time="2020-04-08 17:48:43Z" end-time="2020-04-08 17:48:43Z" duration="0.004849" asserts="12" />
      </test-suite>
      <test-suite type="TestFixture" id="0-1094" name="SpecExprArray" fullname="Kaitai.SpecExprArray" classname="Kaitai.SpecExprArray" runstate="Runnable" testcasecount="1" result="Passed" start-time="2020-04-08 17:48:43Z" end-time="2020-04-08 17:48:43Z" duration="0.033020" total="1" passed="1" failed="0" inconclusive="0" skipped="0" asserts="15">
        <test-case id="0-1095" name="TestExprArray" fullname="Kaitai.SpecExprArray.TestExprArray" methodname="TestExprArray" classname="Kaitai.SpecExprArray" runstate="Runnable" seed="1725357322" result="Passed" start-time="2020-04-08 17:48:43Z" end-time="2020-04-08 17:48:43Z" duration="0.028175" asserts="15" />
      </test-suite>
      <test-suite type="TestFixture" id="0-1096" name="SpecExprBytesCmp" fullname="Kaitai.SpecExprBytesCmp" classname="Kaitai.SpecExprBytesCmp" runstate="Runnable" testcasecount="1" result="Passed" start-time="2020-04-08 17:48:43Z" end-time="2020-04-08 17:48:43Z" duration="0.010621" total="1" passed="1" failed="0" inconclusive="0" skipped="0" asserts="10">
        <test-case id="0-1097" name="TestExprBytesCmp" fullname="Kaitai.SpecExprBytesCmp.TestExprBytesCmp" methodname="TestExprBytesCmp" classname="Kaitai.SpecExprBytesCmp" runstate="Runnable" seed="704409717" result="Passed" start-time="2020-04-08 17:48:43Z" end-time="2020-04-08 17:48:43Z" duration="0.004405" asserts="10" />
      </test-suite>
      <test-suite type="TestFixture" id="0-1098" name="SpecExprBytesOps" fullname="Kaitai.SpecExprBytesOps" classname="Kaitai.SpecExprBytesOps" runstate="Runnable" testcasecount="1" result="Passed" start-time="2020-04-08 17:48:43Z" end-time="2020-04-08 17:48:43Z" duration="0.013083" total="1" passed="1" failed="0" inconclusive="0" skipped="0" asserts="12">
        <test-case id="0-1099" name="TestExprBytesOps" fullname="Kaitai.SpecExprBytesOps.TestExprBytesOps" methodname="TestExprBytesOps" classname="Kaitai.SpecExprBytesOps" runstate="Runnable" seed="1938504093" result="Passed" start-time="2020-04-08 17:48:43Z" end-time="2020-04-08 17:48:43Z" duration="0.009146" asserts="12" />
      </test-suite>
      <test-suite type="TestFixture" id="0-1100" name="SpecExprCalcArrayOps" fullname="Kaitai.SpecExprCalcArrayOps" classname="Kaitai.SpecExprCalcArrayOps" runstate="Runnable" testcasecount="1" result="Passed" start-time="2020-04-08 17:48:43Z" end-time="2020-04-08 17:48:43Z" duration="0.016838" total="1" passed="1" failed="0" inconclusive="0" skipped="0" asserts="18">
        <test-case id="0-1101" name="TestExprCalcArrayOps" fullname="Kaitai.SpecExprCalcArrayOps.TestExprCalcArrayOps" methodname="TestExprCalcArrayOps" classname="Kaitai.SpecExprCalcArrayOps" runstate="Runnable" seed="1765550816" result="Passed" start-time="2020-04-08 17:48:43Z" end-time="2020-04-08 17:48:43Z" duration="0.012926" asserts="18" />
      </test-suite>
      <test-suite type="TestFixture" id="0-1102" name="SpecExprEnum" fullname="Kaitai.SpecExprEnum" classname="Kaitai.SpecExprEnum" runstate="Runnable" testcasecount="1" result="Passed" start-time="2020-04-08 17:48:43Z" end-time="2020-04-08 17:48:43Z" duration="0.006268" total="1" passed="1" failed="0" inconclusive="0" skipped="0" asserts="3">
        <test-case id="0-1103" name="TestExprEnum" fullname="Kaitai.SpecExprEnum.TestExprEnum" methodname="TestExprEnum" classname="Kaitai.SpecExprEnum" runstate="Runnable" seed="516441865" result="Passed" start-time="2020-04-08 17:48:43Z" end-time="2020-04-08 17:48:43Z" duration="0.002215" asserts="3" />
      </test-suite>
      <test-suite type="TestFixture" id="0-1104" name="SpecExprIoEof" fullname="Kaitai.SpecExprIoEof" classname="Kaitai.SpecExprIoEof" runstate="Runnable" testcasecount="1" result="Passed" start-time="2020-04-08 17:48:43Z" end-time="2020-04-08 17:48:43Z" duration="0.007020" total="1" passed="1" failed="0" inconclusive="0" skipped="0" asserts="4">
        <test-case id="0-1105" name="TestExprIoEof" fullname="Kaitai.SpecExprIoEof.TestExprIoEof" methodname="TestExprIoEof" classname="Kaitai.SpecExprIoEof" runstate="Runnable" seed="459202996" result="Passed" start-time="2020-04-08 17:48:43Z" end-time="2020-04-08 17:48:43Z" duration="0.003687" asserts="4" />
      </test-suite>
      <test-suite type="TestFixture" id="0-1106" name="SpecExprIoPos" fullname="Kaitai.SpecExprIoPos" classname="Kaitai.SpecExprIoPos" runstate="Runnable" testcasecount="1" result="Passed" start-time="2020-04-08 17:48:43Z" end-time="2020-04-08 17:48:43Z" duration="0.006281" total="1" passed="1" failed="0" inconclusive="0" skipped="0" asserts="6">
        <test-case id="0-1107" name="TestExprIoPos" fullname="Kaitai.SpecExprIoPos.TestExprIoPos" methodname="TestExprIoPos" classname="Kaitai.SpecExprIoPos" runstate="Runnable" seed="1417216268" result="Passed" start-time="2020-04-08 17:48:43Z" end-time="2020-04-08 17:48:43Z" duration="0.003079" asserts="6" />
      </test-suite>
      <test-suite type="TestFixture" id="0-1108" name="SpecExprMod" fullname="Kaitai.SpecExprMod" classname="Kaitai.SpecExprMod" runstate="Runnable" testcasecount="1" result="Passed" start-time="2020-04-08 17:48:43Z" end-time="2020-04-08 17:48:43Z" duration="0.006021" total="1" passed="1" failed="0" inconclusive="0" skipped="0" asserts="6">
        <test-case id="0-1109" name="TestExprMod" fullname="Kaitai.SpecExprMod.TestExprMod" methodname="TestExprMod" classname="Kaitai.SpecExprMod" runstate="Runnable" seed="22548607" result="Passed" start-time="2020-04-08 17:48:43Z" end-time="2020-04-08 17:48:43Z" duration="0.002502" asserts="6" />
      </test-suite>
      <test-suite type="TestFixture" id="0-1110" name="SpecExprSizeofType0" fullname="Kaitai.SpecExprSizeofType0" classname="Kaitai.SpecExprSizeofType0" runstate="Runnable" testcasecount="1" result="Passed" start-time="2020-04-08 17:48:43Z" end-time="2020-04-08 17:48:43Z" duration="0.005152" total="1" passed="1" failed="0" inconclusive="0" skipped="0" asserts="1">
        <test-case id="0-1111" name="TestExprSizeofType0" fullname="Kaitai.SpecExprSizeofType0.TestExprSizeofType0" methodname="TestExprSizeofType0" classname="Kaitai.SpecExprSizeofType0" runstate="Runnable" seed="954958165" result="Passed" start-time="2020-04-08 17:48:43Z" end-time="2020-04-08 17:48:43Z" duration="0.001526" asserts="1" />
      </test-suite>
      <test-suite type="TestFixture" id="0-1112" name="SpecExprSizeofType1" fullname="Kaitai.SpecExprSizeofType1" classname="Kaitai.SpecExprSizeofType1" runstate="Runnable" testcasecount="1" result="Passed" start-time="2020-04-08 17:48:43Z" end-time="2020-04-08 17:48:43Z" duration="0.005042" total="1" passed="1" failed="0" inconclusive="0" skipped="0" asserts="2">
        <test-case id="0-1113" name="TestExprSizeofType1" fullname="Kaitai.SpecExprSizeofType1.TestExprSizeofType1" methodname="TestExprSizeofType1" classname="Kaitai.SpecExprSizeofType1" runstate="Runnable" seed="22228923" result="Passed" start-time="2020-04-08 17:48:43Z" end-time="2020-04-08 17:48:43Z" duration="0.001193" asserts="2" />
      </test-suite>
      <test-suite type="TestFixture" id="0-1114" name="SpecExprSizeofValue0" fullname="Kaitai.SpecExprSizeofValue0" classname="Kaitai.SpecExprSizeofValue0" runstate="Runnable" testcasecount="1" result="Passed" start-time="2020-04-08 17:48:43Z" end-time="2020-04-08 17:48:43Z" duration="0.005025" total="1" passed="1" failed="0" inconclusive="0" skipped="0" asserts="5">
        <test-case id="0-1115" name="TestExprSizeofValue0" fullname="Kaitai.SpecExprSizeofValue0.TestExprSizeofValue0" methodname="TestExprSizeofValue0" classname="Kaitai.SpecExprSizeofValue0" runstate="Runnable" seed="1487820336" result="Passed" start-time="2020-04-08 17:48:43Z" end-time="2020-04-08 17:48:43Z" duration="0.001600" asserts="5" />
      </test-suite>
      <test-suite type="TestFixture" id="0-1116" name="SpecExprSizeofValueSized" fullname="Kaitai.SpecExprSizeofValueSized" classname="Kaitai.SpecExprSizeofValueSized" runstate="Runnable" testcasecount="1" result="Passed" start-time="2020-04-08 17:48:43Z" end-time="2020-04-08 17:48:43Z" duration="0.006021" total="1" passed="1" failed="0" inconclusive="0" skipped="0" asserts="5">
        <test-case id="0-1117" name="TestExprSizeofValueSized" fullname="Kaitai.SpecExprSizeofValueSized.TestExprSizeofValueSized" methodname="TestExprSizeofValueSized" classname="Kaitai.SpecExprSizeofValueSized" runstate="Runnable" seed="89688738" result="Passed" start-time="2020-04-08 17:48:43Z" end-time="2020-04-08 17:48:43Z" duration="0.002092" asserts="5" />
      </test-suite>
      <test-suite type="TestFixture" id="0-1118" name="SpecExprStrOps" fullname="Kaitai.SpecExprStrOps" classname="Kaitai.SpecExprStrOps" runstate="Runnable" testcasecount="1" result="Passed" start-time="2020-04-08 17:48:43Z" end-time="2020-04-08 17:48:43Z" duration="0.008026" total="1" passed="1" failed="0" inconclusive="0" skipped="0" asserts="17">
        <test-case id="0-1119" name="TestExprStrOps" fullname="Kaitai.SpecExprStrOps.TestExprStrOps" methodname="TestExprStrOps" classname="Kaitai.SpecExprStrOps" runstate="Runnable" seed="1763755953" result="Passed" start-time="2020-04-08 17:48:43Z" end-time="2020-04-08 17:48:43Z" duration="0.004935" asserts="17" />
      </test-suite>
      <test-suite type="TestFixture" id="0-1120" name="SpecFixedContents" fullname="Kaitai.SpecFixedContents" classname="Kaitai.SpecFixedContents" runstate="Runnable" testcasecount="1" result="Passed" start-time="2020-04-08 17:48:43Z" end-time="2020-04-08 17:48:43Z" duration="0.006013" total="1" passed="1" failed="0" inconclusive="0" skipped="0" asserts="0">
        <test-case id="0-1121" name="TestFixedContents" fullname="Kaitai.SpecFixedContents.TestFixedContents" methodname="TestFixedContents" classname="Kaitai.SpecFixedContents" runstate="Runnable" seed="144658464" result="Passed" start-time="2020-04-08 17:48:43Z" end-time="2020-04-08 17:48:43Z" duration="0.002311" asserts="0" />
      </test-suite>
      <test-suite type="TestFixture" id="0-1122" name="SpecFixedStruct" fullname="Kaitai.SpecFixedStruct" classname="Kaitai.SpecFixedStruct" runstate="Runnable" testcasecount="1" result="Passed" start-time="2020-04-08 17:48:43Z" end-time="2020-04-08 17:48:43Z" duration="0.015012" total="1" passed="1" failed="0" inconclusive="0" skipped="0" asserts="20">
        <test-case id="0-1123" name="TestFixedStruct" fullname="Kaitai.SpecFixedStruct.TestFixedStruct" methodname="TestFixedStruct" classname="Kaitai.SpecFixedStruct" runstate="Runnable" seed="561046032" result="Passed" start-time="2020-04-08 17:48:43Z" end-time="2020-04-08 17:48:43Z" duration="0.011074" asserts="20" />
      </test-suite>
      <test-suite type="TestFixture" id="0-1126" name="SpecFloatingPoints" fullname="Kaitai.SpecFloatingPoints" classname="Kaitai.SpecFloatingPoints" runstate="Runnable" testcasecount="1" result="Passed" start-time="2020-04-08 17:48:43Z" end-time="2020-04-08 17:48:43Z" duration="0.006011" total="1" passed="1" failed="0" inconclusive="0" skipped="0" asserts="8">
        <test-case id="0-1127" name="TestFloatingPoints" fullname="Kaitai.SpecFloatingPoints.TestFloatingPoints" methodname="TestFloatingPoints" classname="Kaitai.SpecFloatingPoints" runstate="Runnable" seed="1523196605" result="Passed" start-time="2020-04-08 17:48:43Z" end-time="2020-04-08 17:48:43Z" duration="0.002916" asserts="8" />
      </test-suite>
      <test-suite type="TestFixture" id="0-1124" name="SpecFloatToI" fullname="Kaitai.SpecFloatToI" classname="Kaitai.SpecFloatToI" runstate="Runnable" testcasecount="1" result="Passed" start-time="2020-04-08 17:48:43Z" end-time="2020-04-08 17:48:43Z" duration="0.014977" total="1" passed="1" failed="0" inconclusive="0" skipped="0" asserts="8">
        <test-case id="0-1125" name="TestFloatToI" fullname="Kaitai.SpecFloatToI.TestFloatToI" methodname="TestFloatToI" classname="Kaitai.SpecFloatToI" runstate="Runnable" seed="1338723476" result="Passed" start-time="2020-04-08 17:48:43Z" end-time="2020-04-08 17:48:43Z" duration="0.010917" asserts="8" />
      </test-suite>
      <test-suite type="TestFixture" id="0-1128" name="SpecHelloWorld" fullname="Kaitai.SpecHelloWorld" classname="Kaitai.SpecHelloWorld" runstate="Runnable" testcasecount="1" result="Passed" start-time="2020-04-08 17:48:43Z" end-time="2020-04-08 17:48:43Z" duration="0.004012" total="1" passed="1" failed="0" inconclusive="0" skipped="0" asserts="1">
        <test-case id="0-1129" name="TestHelloWorld" fullname="Kaitai.SpecHelloWorld.TestHelloWorld" methodname="TestHelloWorld" classname="Kaitai.SpecHelloWorld" runstate="Runnable" seed="2001706466" result="Passed" start-time="2020-04-08 17:48:43Z" end-time="2020-04-08 17:48:43Z" duration="0.000709" asserts="1" />
      </test-suite>
      <test-suite type="TestFixture" id="0-1130" name="SpecIfInstances" fullname="Kaitai.SpecIfInstances" classname="Kaitai.SpecIfInstances" runstate="Runnable" testcasecount="1" result="Passed" start-time="2020-04-08 17:48:43Z" end-time="2020-04-08 17:48:43Z" duration="0.005011" total="1" passed="1" failed="0" inconclusive="0" skipped="0" asserts="1">
        <test-case id="0-1131" name="TestIfInstances" fullname="Kaitai.SpecIfInstances.TestIfInstances" methodname="TestIfInstances" classname="Kaitai.SpecIfInstances" runstate="Runnable" seed="762071185" result="Passed" start-time="2020-04-08 17:48:43Z" end-time="2020-04-08 17:48:43Z" duration="0.000979" asserts="1" />
      </test-suite>
      <test-suite type="TestFixture" id="0-1132" name="SpecIfStruct" fullname="Kaitai.SpecIfStruct" classname="Kaitai.SpecIfStruct" runstate="Runnable" testcasecount="1" result="Passed" start-time="2020-04-08 17:48:43Z" end-time="2020-04-08 17:48:43Z" duration="0.006418" total="1" passed="1" failed="0" inconclusive="0" skipped="0" asserts="7">
        <test-case id="0-1133" name="TestIfStruct" fullname="Kaitai.SpecIfStruct.TestIfStruct" methodname="TestIfStruct" classname="Kaitai.SpecIfStruct" runstate="Runnable" seed="1643661763" result="Passed" start-time="2020-04-08 17:48:43Z" end-time="2020-04-08 17:48:43Z" duration="0.003545" asserts="7" />
      </test-suite>
      <test-suite type="TestFixture" id="0-1134" name="SpecIfValues" fullname="Kaitai.SpecIfValues" classname="Kaitai.SpecIfValues" runstate="Runnable" testcasecount="1" result="Passed" start-time="2020-04-08 17:48:43Z" end-time="2020-04-08 17:48:43Z" duration="0.005936" total="1" passed="1" failed="0" inconclusive="0" skipped="0" asserts="6">
        <test-case id="0-1135" name="TestIfValues" fullname="Kaitai.SpecIfValues.TestIfValues" methodname="TestIfValues" classname="Kaitai.SpecIfValues" runstate="Runnable" seed="2108898867" result="Passed" start-time="2020-04-08 17:48:43Z" end-time="2020-04-08 17:48:43Z" duration="0.002733" asserts="6" />
      </test-suite>
      <test-suite type="TestFixture" id="0-1136" name="SpecImports0" fullname="Kaitai.SpecImports0" classname="Kaitai.SpecImports0" runstate="Runnable" testcasecount="1" result="Passed" start-time="2020-04-08 17:48:43Z" end-time="2020-04-08 17:48:43Z" duration="0.005091" total="1" passed="1" failed="0" inconclusive="0" skipped="0" asserts="3">
        <test-case id="0-1137" name="TestImports0" fullname="Kaitai.SpecImports0.TestImports0" methodname="TestImports0" classname="Kaitai.SpecImports0" runstate="Runnable" seed="1400225771" result="Passed" start-time="2020-04-08 17:48:43Z" end-time="2020-04-08 17:48:43Z" duration="0.001531" asserts="3" />
      </test-suite>
      <test-suite type="TestFixture" id="0-1138" name="SpecImportsAbs" fullname="Kaitai.SpecImportsAbs" classname="Kaitai.SpecImportsAbs" runstate="Runnable" testcasecount="1" result="Passed" start-time="2020-04-08 17:48:43Z" end-time="2020-04-08 17:48:43Z" duration="0.008058" total="1" passed="1" failed="0" inconclusive="0" skipped="0" asserts="2">
        <test-case id="0-1139" name="TestImportsAbs" fullname="Kaitai.SpecImportsAbs.TestImportsAbs" methodname="TestImportsAbs" classname="Kaitai.SpecImportsAbs" runstate="Runnable" seed="2041505067" result="Passed" start-time="2020-04-08 17:48:43Z" end-time="2020-04-08 17:48:43Z" duration="0.004454" asserts="2" />
      </test-suite>
      <test-suite type="TestFixture" id="0-1140" name="SpecImportsCircularA" fullname="Kaitai.SpecImportsCircularA" classname="Kaitai.SpecImportsCircularA" runstate="Runnable" testcasecount="1" result="Passed" start-time="2020-04-08 17:48:43Z" end-time="2020-04-08 17:48:43Z" duration="0.006019" total="1" passed="1" failed="0" inconclusive="0" skipped="0" asserts="5">
        <test-case id="0-1141" name="TestImportsCircularA" fullname="Kaitai.SpecImportsCircularA.TestImportsCircularA" methodname="TestImportsCircularA" classname="Kaitai.SpecImportsCircularA" runstate="Runnable" seed="1721550764" result="Passed" start-time="2020-04-08 17:48:43Z" end-time="2020-04-08 17:48:43Z" duration="0.002149" asserts="5" />
      </test-suite>
      <test-suite type="TestFixture" id="0-1142" name="SpecIndexSizes" fullname="Kaitai.SpecIndexSizes" classname="Kaitai.SpecIndexSizes" runstate="Runnable" testcasecount="1" result="Passed" start-time="2020-04-08 17:48:43Z" end-time="2020-04-08 17:48:43Z" duration="0.020507" total="1" passed="1" failed="0" inconclusive="0" skipped="0" asserts="7">
        <test-case id="0-1143" name="TestIndexSizes" fullname="Kaitai.SpecIndexSizes.TestIndexSizes" methodname="TestIndexSizes" classname="Kaitai.SpecIndexSizes" runstate="Runnable" seed="1987597764" result="Passed" start-time="2020-04-08 17:48:43Z" end-time="2020-04-08 17:48:43Z" duration="0.002379" asserts="7" />
      </test-suite>
      <test-suite type="TestFixture" id="0-1144" name="SpecIndexToParamEos" fullname="Kaitai.SpecIndexToParamEos" classname="Kaitai.SpecIndexToParamEos" runstate="Runnable" testcasecount="1" result="Passed" start-time="2020-04-08 17:48:43Z" end-time="2020-04-08 17:48:43Z" duration="0.007704" total="1" passed="1" failed="0" inconclusive="0" skipped="0" asserts="7">
        <test-case id="0-1145" name="TestIndexToParamEos" fullname="Kaitai.SpecIndexToParamEos.TestIndexToParamEos" methodname="TestIndexToParamEos" classname="Kaitai.SpecIndexToParamEos" runstate="Runnable" seed="405237606" result="Passed" start-time="2020-04-08 17:48:43Z" end-time="2020-04-08 17:48:43Z" duration="0.003353" asserts="7" />
      </test-suite>
      <test-suite type="TestFixture" id="0-1146" name="SpecIndexToParamExpr" fullname="Kaitai.SpecIndexToParamExpr" classname="Kaitai.SpecIndexToParamExpr" runstate="Runnable" testcasecount="1" result="Passed" start-time="2020-04-08 17:48:43Z" end-time="2020-04-08 17:48:43Z" duration="0.006052" total="1" passed="1" failed="0" inconclusive="0" skipped="0" asserts="7">
        <test-case id="0-1147" name="TestIndexToParamExpr" fullname="Kaitai.SpecIndexToParamExpr.TestIndexToParamExpr" methodname="TestIndexToParamExpr" classname="Kaitai.SpecIndexToParamExpr" runstate="Runnable" seed="1846770147" result="Passed" start-time="2020-04-08 17:48:43Z" end-time="2020-04-08 17:48:43Z" duration="0.002689" asserts="7" />
      </test-suite>
      <test-suite type="TestFixture" id="0-1148" name="SpecIndexToParamUntil" fullname="Kaitai.SpecIndexToParamUntil" classname="Kaitai.SpecIndexToParamUntil" runstate="Runnable" testcasecount="1" result="Passed" start-time="2020-04-08 17:48:43Z" end-time="2020-04-08 17:48:43Z" duration="0.006055" total="1" passed="1" failed="0" inconclusive="0" skipped="0" asserts="7">
        <test-case id="0-1149" name="TestIndexToParamUntil" fullname="Kaitai.SpecIndexToParamUntil.TestIndexToParamUntil" methodname="TestIndexToParamUntil" classname="Kaitai.SpecIndexToParamUntil" runstate="Runnable" seed="1365091673" result="Passed" start-time="2020-04-08 17:48:43Z" end-time="2020-04-08 17:48:43Z" duration="0.002626" asserts="7" />
      </test-suite>
      <test-suite type="TestFixture" id="0-1150" name="SpecInstanceIoUser" fullname="Kaitai.SpecInstanceIoUser" classname="Kaitai.SpecInstanceIoUser" runstate="Runnable" testcasecount="1" result="Passed" start-time="2020-04-08 17:48:43Z" end-time="2020-04-08 17:48:43Z" duration="0.007160" total="1" passed="1" failed="0" inconclusive="0" skipped="0" asserts="4">
        <test-case id="0-1151" name="TestInstanceIoUser" fullname="Kaitai.SpecInstanceIoUser.TestInstanceIoUser" methodname="TestInstanceIoUser" classname="Kaitai.SpecInstanceIoUser" runstate="Runnable" seed="1895187075" result="Passed" start-time="2020-04-08 17:48:43Z" end-time="2020-04-08 17:48:43Z" duration="0.003578" asserts="4" />
      </test-suite>
      <test-suite type="TestFixture" id="0-1152" name="SpecInstanceStd" fullname="Kaitai.SpecInstanceStd" classname="Kaitai.SpecInstanceStd" runstate="Runnable" testcasecount="1" result="Passed" start-time="2020-04-08 17:48:43Z" end-time="2020-04-08 17:48:43Z" duration="0.005019" total="1" passed="1" failed="0" inconclusive="0" skipped="0" asserts="1">
        <test-case id="0-1153" name="TestInstanceStd" fullname="Kaitai.SpecInstanceStd.TestInstanceStd" methodname="TestInstanceStd" classname="Kaitai.SpecInstanceStd" runstate="Runnable" seed="591085814" result="Passed" start-time="2020-04-08 17:48:43Z" end-time="2020-04-08 17:48:43Z" duration="0.001341" asserts="1" />
      </test-suite>
      <test-suite type="TestFixture" id="0-1154" name="SpecInstanceStdArray" fullname="Kaitai.SpecInstanceStdArray" classname="Kaitai.SpecInstanceStdArray" runstate="Runnable" testcasecount="1" result="Passed" start-time="2020-04-08 17:48:43Z" end-time="2020-04-08 17:48:43Z" duration="0.005990" total="1" passed="1" failed="0" inconclusive="0" skipped="0" asserts="7">
        <test-case id="0-1155" name="TestInstanceStdArray" fullname="Kaitai.SpecInstanceStdArray.TestInstanceStdArray" methodname="TestInstanceStdArray" classname="Kaitai.SpecInstanceStdArray" runstate="Runnable" seed="202741706" result="Passed" start-time="2020-04-08 17:48:43Z" end-time="2020-04-08 17:48:43Z" duration="0.002791" asserts="7" />
      </test-suite>
      <test-suite type="TestFixture" id="0-1156" name="SpecInstanceUserArray" fullname="Kaitai.SpecInstanceUserArray" classname="Kaitai.SpecInstanceUserArray" runstate="Runnable" testcasecount="1" result="Passed" start-time="2020-04-08 17:48:43Z" end-time="2020-04-08 17:48:43Z" duration="0.007008" total="1" passed="1" failed="0" inconclusive="0" skipped="0" asserts="10">
        <test-case id="0-1157" name="TestInstanceUserArray" fullname="Kaitai.SpecInstanceUserArray.TestInstanceUserArray" methodname="TestInstanceUserArray" classname="Kaitai.SpecInstanceUserArray" runstate="Runnable" seed="846639035" result="Passed" start-time="2020-04-08 17:48:43Z" end-time="2020-04-08 17:48:43Z" duration="0.003759" asserts="10" />
      </test-suite>
      <test-suite type="TestFixture" id="0-1158" name="SpecIntegers" fullname="Kaitai.SpecIntegers" classname="Kaitai.SpecIntegers" runstate="Runnable" testcasecount="1" result="Passed" start-time="2020-04-08 17:48:43Z" end-time="2020-04-08 17:48:43Z" duration="0.010995" total="1" passed="1" failed="0" inconclusive="0" skipped="0" asserts="20">
        <test-case id="0-1159" name="TestIntegers" fullname="Kaitai.SpecIntegers.TestIntegers" methodname="TestIntegers" classname="Kaitai.SpecIntegers" runstate="Runnable" seed="2139273947" result="Passed" start-time="2020-04-08 17:48:43Z" end-time="2020-04-08 17:48:43Z" duration="0.007079" asserts="20" />
      </test-suite>
      <test-suite type="TestFixture" id="0-1160" name="SpecIntegersMinMax" fullname="Kaitai.SpecIntegersMinMax" classname="Kaitai.SpecIntegersMinMax" runstate="Runnable" testcasecount="1" result="Passed" start-time="2020-04-08 17:48:43Z" end-time="2020-04-08 17:48:43Z" duration="0.009030" total="1" passed="1" failed="0" inconclusive="0" skipped="0" asserts="28">
        <test-case id="0-1161" name="TestIntegersMinMax" fullname="Kaitai.SpecIntegersMinMax.TestIntegersMinMax" methodname="TestIntegersMinMax" classname="Kaitai.SpecIntegersMinMax" runstate="Runnable" seed="2011504756" result="Passed" start-time="2020-04-08 17:48:43Z" end-time="2020-04-08 17:48:43Z" duration="0.005836" asserts="28" />
      </test-suite>
      <test-suite type="TestFixture" id="0-1162" name="SpecIoLocalVar" fullname="Kaitai.SpecIoLocalVar" classname="Kaitai.SpecIoLocalVar" runstate="Runnable" testcasecount="1" result="Passed" start-time="2020-04-08 17:48:43Z" end-time="2020-04-08 17:48:43Z" duration="0.007015" total="1" passed="1" failed="0" inconclusive="0" skipped="0" asserts="2">
        <test-case id="0-1163" name="TestIoLocalVar" fullname="Kaitai.SpecIoLocalVar.TestIoLocalVar" methodname="TestIoLocalVar" classname="Kaitai.SpecIoLocalVar" runstate="Runnable" seed="1743583742" result="Passed" start-time="2020-04-08 17:48:43Z" end-time="2020-04-08 17:48:43Z" duration="0.003676" asserts="2" />
      </test-suite>
      <test-suite type="TestFixture" id="0-1164" name="SpecJsSignedRightShift" fullname="Kaitai.SpecJsSignedRightShift" classname="Kaitai.SpecJsSignedRightShift" runstate="Runnable" testcasecount="1" result="Passed" start-time="2020-04-08 17:48:43Z" end-time="2020-04-08 17:48:43Z" duration="0.004998" total="1" passed="1" failed="0" inconclusive="0" skipped="0" asserts="2">
        <test-case id="0-1165" name="TestJsSignedRightShift" fullname="Kaitai.SpecJsSignedRightShift.TestJsSignedRightShift" methodname="TestJsSignedRightShift" classname="Kaitai.SpecJsSignedRightShift" runstate="Runnable" seed="804961778" result="Passed" start-time="2020-04-08 17:48:43Z" end-time="2020-04-08 17:48:43Z" duration="0.001413" asserts="2" />
      </test-suite>
      <test-suite type="TestFixture" id="0-1166" name="SpecMetaTags" fullname="Kaitai.SpecMetaTags" classname="Kaitai.SpecMetaTags" runstate="Runnable" testcasecount="1" result="Passed" start-time="2020-04-08 17:48:43Z" end-time="2020-04-08 17:48:43Z" duration="0.006907" total="1" passed="1" failed="0" inconclusive="0" skipped="0" asserts="0">
        <test-case id="0-1167" name="TestMetaTags" fullname="Kaitai.SpecMetaTags.TestMetaTags" methodname="TestMetaTags" classname="Kaitai.SpecMetaTags" runstate="Runnable" seed="1127787193" result="Passed" start-time="2020-04-08 17:48:43Z" end-time="2020-04-08 17:48:43Z" duration="0.001754" asserts="0" />
      </test-suite>
      <test-suite type="TestFixture" id="0-1168" name="SpecMetaXref" fullname="Kaitai.SpecMetaXref" classname="Kaitai.SpecMetaXref" runstate="Runnable" testcasecount="1" result="Passed" start-time="2020-04-08 17:48:43Z" end-time="2020-04-08 17:48:43Z" duration="0.004028" total="1" passed="1" failed="0" inconclusive="0" skipped="0" asserts="0">
        <test-case id="0-1169" name="TestMetaXref" fullname="Kaitai.SpecMetaXref.TestMetaXref" methodname="TestMetaXref" classname="Kaitai.SpecMetaXref" runstate="Runnable" seed="1881570700" result="Passed" start-time="2020-04-08 17:48:43Z" end-time="2020-04-08 17:48:43Z" duration="0.000874" asserts="0" />
      </test-suite>
      <test-suite type="TestFixture" id="0-1170" name="SpecMultipleUse" fullname="Kaitai.SpecMultipleUse" classname="Kaitai.SpecMultipleUse" runstate="Runnable" testcasecount="1" result="Passed" start-time="2020-04-08 17:48:43Z" end-time="2020-04-08 17:48:43Z" duration="0.006576" total="1" passed="1" failed="0" inconclusive="0" skipped="0" asserts="2">
        <test-case id="0-1171" name="TestMultipleUse" fullname="Kaitai.SpecMultipleUse.TestMultipleUse" methodname="TestMultipleUse" classname="Kaitai.SpecMultipleUse" runstate="Runnable" seed="1548829965" result="Passed" start-time="2020-04-08 17:48:43Z" end-time="2020-04-08 17:48:43Z" duration="0.002585" asserts="2" />
      </test-suite>
      <test-suite type="TestFixture" id="0-1172" name="SpecNavParent" fullname="Kaitai.SpecNavParent" classname="Kaitai.SpecNavParent" runstate="Runnable" testcasecount="1" result="Passed" start-time="2020-04-08 17:48:43Z" end-time="2020-04-08 17:48:43Z" duration="0.012444" total="1" passed="1" failed="0" inconclusive="0" skipped="0" asserts="5">
        <test-case id="0-1173" name="TestNavParent" fullname="Kaitai.SpecNavParent.TestNavParent" methodname="TestNavParent" classname="Kaitai.SpecNavParent" runstate="Runnable" seed="1507843480" result="Passed" start-time="2020-04-08 17:48:43Z" end-time="2020-04-08 17:48:43Z" duration="0.007806" asserts="5" />
      </test-suite>
      <test-suite type="TestFixture" id="0-1174" name="SpecNavParent2" fullname="Kaitai.SpecNavParent2" classname="Kaitai.SpecNavParent2" runstate="Runnable" testcasecount="1" result="Passed" start-time="2020-04-08 17:48:43Z" end-time="2020-04-08 17:48:43Z" duration="0.009954" total="1" passed="1" failed="0" inconclusive="0" skipped="0" asserts="10">
        <test-case id="0-1175" name="TestNavParent2" fullname="Kaitai.SpecNavParent2.TestNavParent2" methodname="TestNavParent2" classname="Kaitai.SpecNavParent2" runstate="Runnable" seed="1788518287" result="Passed" start-time="2020-04-08 17:48:43Z" end-time="2020-04-08 17:48:43Z" duration="0.005111" asserts="10" />
      </test-suite>
      <test-suite type="TestFixture" id="0-1176" name="SpecNavParent3" fullname="Kaitai.SpecNavParent3" classname="Kaitai.SpecNavParent3" runstate="Runnable" testcasecount="1" result="Passed" start-time="2020-04-08 17:48:43Z" end-time="2020-04-08 17:48:43Z" duration="0.008034" total="1" passed="1" failed="0" inconclusive="0" skipped="0" asserts="10">
        <test-case id="0-1177" name="TestNavParent3" fullname="Kaitai.SpecNavParent3.TestNavParent3" methodname="TestNavParent3" classname="Kaitai.SpecNavParent3" runstate="Runnable" seed="1131362553" result="Passed" start-time="2020-04-08 17:48:43Z" end-time="2020-04-08 17:48:43Z" duration="0.004519" asserts="10" />
      </test-suite>
      <test-suite type="TestFixture" id="0-1178" name="SpecNavParentFalse" fullname="Kaitai.SpecNavParentFalse" classname="Kaitai.SpecNavParentFalse" runstate="Runnable" testcasecount="1" result="Passed" start-time="2020-04-08 17:48:43Z" end-time="2020-04-08 17:48:44Z" duration="0.007290" total="1" passed="1" failed="0" inconclusive="0" skipped="0" asserts="5">
        <test-case id="0-1179" name="TestNavParentFalse" fullname="Kaitai.SpecNavParentFalse.TestNavParentFalse" methodname="TestNavParentFalse" classname="Kaitai.SpecNavParentFalse" runstate="Runnable" seed="729148411" result="Passed" start-time="2020-04-08 17:48:44Z" end-time="2020-04-08 17:48:44Z" duration="0.003473" asserts="5" />
      </test-suite>
      <test-suite type="TestFixture" id="0-1180" name="SpecNavParentFalse2" fullname="Kaitai.SpecNavParentFalse2" classname="Kaitai.SpecNavParentFalse2" runstate="Runnable" testcasecount="1" result="Passed" start-time="2020-04-08 17:48:44Z" end-time="2020-04-08 17:48:44Z" duration="0.005050" total="1" passed="1" failed="0" inconclusive="0" skipped="0" asserts="1">
        <test-case id="0-1181" name="TestNavParentFalse2" fullname="Kaitai.SpecNavParentFalse2.TestNavParentFalse2" methodname="TestNavParentFalse2" classname="Kaitai.SpecNavParentFalse2" runstate="Runnable" seed="1165512708" result="Passed" start-time="2020-04-08 17:48:44Z" end-time="2020-04-08 17:48:44Z" duration="0.001419" asserts="1" />
      </test-suite>
      <test-suite type="TestFixture" id="0-1182" name="SpecNavParentOverride" fullname="Kaitai.SpecNavParentOverride" classname="Kaitai.SpecNavParentOverride" runstate="Runnable" testcasecount="1" result="Passed" start-time="2020-04-08 17:48:44Z" end-time="2020-04-08 17:48:44Z" duration="0.006019" total="1" passed="1" failed="0" inconclusive="0" skipped="0" asserts="3">
        <test-case id="0-1183" name="TestNavParentOverride" fullname="Kaitai.SpecNavParentOverride.TestNavParentOverride" methodname="TestNavParentOverride" classname="Kaitai.SpecNavParentOverride" runstate="Runnable" seed="694359540" result="Passed" start-time="2020-04-08 17:48:44Z" end-time="2020-04-08 17:48:44Z" duration="0.002214" asserts="3" />
      </test-suite>
      <test-suite type="TestFixture" id="0-1184" name="SpecNavParentSwitch" fullname="Kaitai.SpecNavParentSwitch" classname="Kaitai.SpecNavParentSwitch" runstate="Runnable" testcasecount="1" result="Passed" start-time="2020-04-08 17:48:44Z" end-time="2020-04-08 17:48:44Z" duration="0.007727" total="1" passed="1" failed="0" inconclusive="0" skipped="0" asserts="3">
        <test-case id="0-1185" name="TestNavParentSwitch" fullname="Kaitai.SpecNavParentSwitch.TestNavParentSwitch" methodname="TestNavParentSwitch" classname="Kaitai.SpecNavParentSwitch" runstate="Runnable" seed="1055375428" result="Passed" start-time="2020-04-08 17:48:44Z" end-time="2020-04-08 17:48:44Z" duration="0.003282" asserts="3" />
      </test-suite>
      <test-suite type="TestFixture" id="0-1186" name="SpecNavParentVsValueInst" fullname="Kaitai.SpecNavParentVsValueInst" classname="Kaitai.SpecNavParentVsValueInst" runstate="Runnable" testcasecount="1" result="Passed" start-time="2020-04-08 17:48:44Z" end-time="2020-04-08 17:48:44Z" duration="0.010967" total="1" passed="1" failed="0" inconclusive="0" skipped="0" asserts="1">
        <test-case id="0-1187" name="TestNavParentVsValueInst" fullname="Kaitai.SpecNavParentVsValueInst.TestNavParentVsValueInst" methodname="TestNavParentVsValueInst" classname="Kaitai.SpecNavParentVsValueInst" runstate="Runnable" seed="1999371199" result="Passed" start-time="2020-04-08 17:48:44Z" end-time="2020-04-08 17:48:44Z" duration="0.001740" asserts="1" />
      </test-suite>
      <test-suite type="TestFixture" id="0-1188" name="SpecNavRoot" fullname="Kaitai.SpecNavRoot" classname="Kaitai.SpecNavRoot" runstate="Runnable" testcasecount="1" result="Passed" start-time="2020-04-08 17:48:44Z" end-time="2020-04-08 17:48:44Z" duration="0.007033" total="1" passed="1" failed="0" inconclusive="0" skipped="0" asserts="5">
        <test-case id="0-1189" name="TestNavRoot" fullname="Kaitai.SpecNavRoot.TestNavRoot" methodname="TestNavRoot" classname="Kaitai.SpecNavRoot" runstate="Runnable" seed="1106264603" result="Passed" start-time="2020-04-08 17:48:44Z" end-time="2020-04-08 17:48:44Z" duration="0.003846" asserts="5" />
      </test-suite>
      <test-suite type="TestFixture" id="0-1190" name="SpecNestedSameName" fullname="Kaitai.SpecNestedSameName" classname="Kaitai.SpecNestedSameName" runstate="Runnable" testcasecount="1" result="Passed" start-time="2020-04-08 17:48:44Z" end-time="2020-04-08 17:48:44Z" duration="0.006018" total="1" passed="1" failed="0" inconclusive="0" skipped="0" asserts="2">
        <test-case id="0-1191" name="TestNestedSameName" fullname="Kaitai.SpecNestedSameName.TestNestedSameName" methodname="TestNestedSameName" classname="Kaitai.SpecNestedSameName" runstate="Runnable" seed="1674248681" result="Passed" start-time="2020-04-08 17:48:44Z" end-time="2020-04-08 17:48:44Z" duration="0.002396" asserts="2" />
      </test-suite>
      <test-suite type="TestFixture" id="0-1192" name="SpecNestedSameName2" fullname="Kaitai.SpecNestedSameName2" classname="Kaitai.SpecNestedSameName2" runstate="Runnable" testcasecount="1" result="Passed" start-time="2020-04-08 17:48:44Z" end-time="2020-04-08 17:48:44Z" duration="0.007719" total="1" passed="1" failed="0" inconclusive="0" skipped="0" asserts="5">
        <test-case id="0-1193" name="TestNestedSameName2" fullname="Kaitai.SpecNestedSameName2.TestNestedSameName2" methodname="TestNestedSameName2" classname="Kaitai.SpecNestedSameName2" runstate="Runnable" seed="1906325494" result="Passed" start-time="2020-04-08 17:48:44Z" end-time="2020-04-08 17:48:44Z" duration="0.003686" asserts="5" />
      </test-suite>
      <test-suite type="TestFixture" id="0-1194" name="SpecNestedTypes" fullname="Kaitai.SpecNestedTypes" classname="Kaitai.SpecNestedTypes" runstate="Runnable" testcasecount="1" result="Passed" start-time="2020-04-08 17:48:44Z" end-time="2020-04-08 17:48:44Z" duration="0.007023" total="1" passed="1" failed="0" inconclusive="0" skipped="0" asserts="3">
        <test-case id="0-1195" name="TestNestedTypes" fullname="Kaitai.SpecNestedTypes.TestNestedTypes" methodname="TestNestedTypes" classname="Kaitai.SpecNestedTypes" runstate="Runnable" seed="1341578346" result="Passed" start-time="2020-04-08 17:48:44Z" end-time="2020-04-08 17:48:44Z" duration="0.003138" asserts="3" />
      </test-suite>
      <test-suite type="TestFixture" id="0-1196" name="SpecNestedTypes2" fullname="Kaitai.SpecNestedTypes2" classname="Kaitai.SpecNestedTypes2" runstate="Runnable" testcasecount="1" result="Passed" start-time="2020-04-08 17:48:44Z" end-time="2020-04-08 17:48:44Z" duration="0.008008" total="1" passed="1" failed="0" inconclusive="0" skipped="0" asserts="7">
        <test-case id="0-1197" name="TestNestedTypes2" fullname="Kaitai.SpecNestedTypes2.TestNestedTypes2" methodname="TestNestedTypes2" classname="Kaitai.SpecNestedTypes2" runstate="Runnable" seed="1252174225" result="Passed" start-time="2020-04-08 17:48:44Z" end-time="2020-04-08 17:48:44Z" duration="0.004226" asserts="7" />
      </test-suite>
      <test-suite type="TestFixture" id="0-1198" name="SpecNestedTypes3" fullname="Kaitai.SpecNestedTypes3" classname="Kaitai.SpecNestedTypes3" runstate="Runnable" testcasecount="1" result="Passed" start-time="2020-04-08 17:48:44Z" end-time="2020-04-08 17:48:44Z" duration="0.006903" total="1" passed="1" failed="0" inconclusive="0" skipped="0" asserts="5">
        <test-case id="0-1199" name="TestNestedTypes3" fullname="Kaitai.SpecNestedTypes3.TestNestedTypes3" methodname="TestNestedTypes3" classname="Kaitai.SpecNestedTypes3" runstate="Runnable" seed="1477548918" result="Passed" start-time="2020-04-08 17:48:44Z" end-time="2020-04-08 17:48:44Z" duration="0.003220" asserts="5" />
      </test-suite>
      <test-suite type="TestFixture" id="0-1200" name="SpecNonStandard" fullname="Kaitai.SpecNonStandard" classname="Kaitai.SpecNonStandard" runstate="Runnable" testcasecount="1" result="Passed" start-time="2020-04-08 17:48:44Z" end-time="2020-04-08 17:48:44Z" duration="0.005973" total="1" passed="1" failed="0" inconclusive="0" skipped="0" asserts="1">
        <test-case id="0-1201" name="TestNonStandard" fullname="Kaitai.SpecNonStandard.TestNonStandard" methodname="TestNonStandard" classname="Kaitai.SpecNonStandard" runstate="Runnable" seed="1999166956" result="Passed" start-time="2020-04-08 17:48:44Z" end-time="2020-04-08 17:48:44Z" duration="0.001219" asserts="1" />
      </test-suite>
      <test-suite type="TestFixture" id="0-1202" name="SpecOpaqueExternalType" fullname="Kaitai.SpecOpaqueExternalType" classname="Kaitai.SpecOpaqueExternalType" runstate="Runnable" testcasecount="1" result="Passed" start-time="2020-04-08 17:48:44Z" end-time="2020-04-08 17:48:44Z" duration="0.006015" total="1" passed="1" failed="0" inconclusive="0" skipped="0" asserts="3">
        <test-case id="0-1203" name="TestOpaqueExternalType" fullname="Kaitai.SpecOpaqueExternalType.TestOpaqueExternalType" methodname="TestOpaqueExternalType" classname="Kaitai.SpecOpaqueExternalType" runstate="Runnable" seed="314857877" result="Passed" start-time="2020-04-08 17:48:44Z" end-time="2020-04-08 17:48:44Z" duration="0.002010" asserts="3" />
      </test-suite>
      <test-suite type="TestFixture" id="0-1204" name="SpecOpaqueExternalType02Parent" fullname="Kaitai.SpecOpaqueExternalType02Parent" classname="Kaitai.SpecOpaqueExternalType02Parent" runstate="Runnable" testcasecount="1" result="Passed" start-time="2020-04-08 17:48:44Z" end-time="2020-04-08 17:48:44Z" duration="0.006990" total="1" passed="1" failed="0" inconclusive="0" skipped="0" asserts="3">
        <test-case id="0-1205" name="TestOpaqueExternalType02Parent" fullname="Kaitai.SpecOpaqueExternalType02Parent.TestOpaqueExternalType02Parent" methodname="TestOpaqueExternalType02Parent" classname="Kaitai.SpecOpaqueExternalType02Parent" runstate="Runnable" seed="913116923" result="Passed" start-time="2020-04-08 17:48:44Z" end-time="2020-04-08 17:48:44Z" duration="0.003347" asserts="3" />
      </test-suite>
      <test-suite type="TestFixture" id="0-1206" name="SpecOpaqueWithParam" fullname="Kaitai.SpecOpaqueWithParam" classname="Kaitai.SpecOpaqueWithParam" runstate="Runnable" testcasecount="1" result="Passed" start-time="2020-04-08 17:48:44Z" end-time="2020-04-08 17:48:44Z" duration="0.006020" total="1" passed="1" failed="0" inconclusive="0" skipped="0" asserts="2">
        <test-case id="0-1207" name="TestOpaqueWithParam" fullname="Kaitai.SpecOpaqueWithParam.TestOpaqueWithParam" methodname="TestOpaqueWithParam" classname="Kaitai.SpecOpaqueWithParam" runstate="Runnable" seed="755235085" result="Passed" start-time="2020-04-08 17:48:44Z" end-time="2020-04-08 17:48:44Z" duration="0.002625" asserts="2" />
      </test-suite>
      <test-suite type="TestFixture" id="0-1208" name="SpecOptionalId" fullname="Kaitai.SpecOptionalId" classname="Kaitai.SpecOptionalId" runstate="Runnable" testcasecount="1" result="Passed" start-time="2020-04-08 17:48:44Z" end-time="2020-04-08 17:48:44Z" duration="0.006257" total="1" passed="1" failed="0" inconclusive="0" skipped="0" asserts="3">
        <test-case id="0-1209" name="TestOptionalId" fullname="Kaitai.SpecOptionalId.TestOptionalId" methodname="TestOptionalId" classname="Kaitai.SpecOptionalId" runstate="Runnable" seed="1401635940" result="Passed" start-time="2020-04-08 17:48:44Z" end-time="2020-04-08 17:48:44Z" duration="0.002151" asserts="3" />
      </test-suite>
      <test-suite type="TestFixture" id="0-1210" name="SpecParamsCallExtraParens" fullname="Kaitai.SpecParamsCallExtraParens" classname="Kaitai.SpecParamsCallExtraParens" runstate="Runnable" testcasecount="1" result="Passed" start-time="2020-04-08 17:48:44Z" end-time="2020-04-08 17:48:44Z" duration="0.004847" total="1" passed="1" failed="0" inconclusive="0" skipped="0" asserts="1">
        <test-case id="0-1211" name="TestParamsCallExtraParens" fullname="Kaitai.SpecParamsCallExtraParens.TestParamsCallExtraParens" methodname="TestParamsCallExtraParens" classname="Kaitai.SpecParamsCallExtraParens" runstate="Runnable" seed="1133112877" result="Passed" start-time="2020-04-08 17:48:44Z" end-time="2020-04-08 17:48:44Z" duration="0.001917" asserts="1" />
      </test-suite>
      <test-suite type="TestFixture" id="0-1212" name="SpecParamsCallShort" fullname="Kaitai.SpecParamsCallShort" classname="Kaitai.SpecParamsCallShort" runstate="Runnable" testcasecount="1" result="Passed" start-time="2020-04-08 17:48:44Z" end-time="2020-04-08 17:48:44Z" duration="0.008015" total="1" passed="1" failed="0" inconclusive="0" skipped="0" asserts="3">
        <test-case id="0-1213" name="TestParamsCallShort" fullname="Kaitai.SpecParamsCallShort.TestParamsCallShort" methodname="TestParamsCallShort" classname="Kaitai.SpecParamsCallShort" runstate="Runnable" seed="852936653" result="Passed" start-time="2020-04-08 17:48:44Z" end-time="2020-04-08 17:48:44Z" duration="0.004253" asserts="3" />
      </test-suite>
      <test-suite type="TestFixture" id="0-1214" name="SpecParamsDef" fullname="Kaitai.SpecParamsDef" classname="Kaitai.SpecParamsDef" runstate="Runnable" testcasecount="1" result="Passed" start-time="2020-04-08 17:48:44Z" end-time="2020-04-08 17:48:44Z" duration="0.005985" total="1" passed="1" failed="0" inconclusive="0" skipped="0" asserts="2">
        <test-case id="0-1215" name="TestParamsDef" fullname="Kaitai.SpecParamsDef.TestParamsDef" methodname="TestParamsDef" classname="Kaitai.SpecParamsDef" runstate="Runnable" seed="250289920" result="Passed" start-time="2020-04-08 17:48:44Z" end-time="2020-04-08 17:48:44Z" duration="0.002213" asserts="2" />
      </test-suite>
      <test-suite type="TestFixture" id="0-1216" name="SpecParamsEnum" fullname="Kaitai.SpecParamsEnum" classname="Kaitai.SpecParamsEnum" runstate="Runnable" testcasecount="1" result="Passed" start-time="2020-04-08 17:48:44Z" end-time="2020-04-08 17:48:44Z" duration="0.006021" total="1" passed="1" failed="0" inconclusive="0" skipped="0" asserts="2">
        <test-case id="0-1217" name="TestParamsEnum" fullname="Kaitai.SpecParamsEnum.TestParamsEnum" methodname="TestParamsEnum" classname="Kaitai.SpecParamsEnum" runstate="Runnable" seed="37031844" result="Passed" start-time="2020-04-08 17:48:44Z" end-time="2020-04-08 17:48:44Z" duration="0.002312" asserts="2" />
      </test-suite>
      <test-suite type="TestFixture" id="0-1218" name="SpecParamsPassArrayStr" fullname="Kaitai.SpecParamsPassArrayStr" classname="Kaitai.SpecParamsPassArrayStr" runstate="Runnable" testcasecount="1" result="Passed" start-time="2020-04-08 17:48:44Z" end-time="2020-04-08 17:48:44Z" duration="0.006035" total="1" passed="1" failed="0" inconclusive="0" skipped="0" asserts="7">
[...]
      </test-suite>
      <test-suite type="TestFixture" id="0-1314" name="SpecSwitchManualIntSize" fullname="Kaitai.SpecSwitchManualIntSize" classname="Kaitai.SpecSwitchManualIntSize" runstate="Runnable" testcasecount="1" result="Passed" start-time="2020-04-08 17:48:44Z" end-time="2020-04-08 17:48:44Z" duration="0.008969" total="1" passed="1" failed="0" inconclusive="0" skipped="0" asserts="10">
        <test-case id="0-1315" name="TestSwitchManualIntSize" fullname="Kaitai.SpecSwitchManualIntSize.TestSwitchManualIntSize" methodname="TestSwitchManualIntSize" classname="Kaitai.SpecSwitchManualIntSize" runstate="Runnable" seed="620195954" result="Passed" start-time="2020-04-08 17:48:44Z" end-time="2020-04-08 17:48:44Z" duration="0.005030" asserts="10" />
      </test-suite>
      <test-suite type="TestFixture" id="0-1316" name="SpecSwitchManualIntSizeElse" fullname="Kaitai.SpecSwitchManualIntSizeElse" classname="Kaitai.SpecSwitchManualIntSizeElse" runstate="Runnable" testcasecount="1" result="Passed" start-time="2020-04-08 17:48:44Z" end-time="2020-04-08 17:48:44Z" duration="0.009026" total="1" passed="1" failed="0" inconclusive="0" skipped="0" asserts="10">
        <test-case id="0-1317" name="TestSwitchManualIntSizeElse" fullname="Kaitai.SpecSwitchManualIntSizeElse.TestSwitchManualIntSizeElse" methodname="TestSwitchManualIntSizeElse" classname="Kaitai.SpecSwitchManualIntSizeElse" runstate="Runnable" seed="733745279" result="Passed" start-time="2020-04-08 17:48:44Z" end-time="2020-04-08 17:48:44Z" duration="0.005093" asserts="10" />
      </test-suite>
      <test-suite type="TestFixture" id="0-1318" name="SpecSwitchManualIntSizeEos" fullname="Kaitai.SpecSwitchManualIntSizeEos" classname="Kaitai.SpecSwitchManualIntSizeEos" runstate="Runnable" testcasecount="1" result="Passed" start-time="2020-04-08 17:48:44Z" end-time="2020-04-08 17:48:44Z" duration="0.009026" total="1" passed="1" failed="0" inconclusive="0" skipped="0" asserts="10">
        <test-case id="0-1319" name="TestSwitchManualIntSizeEos" fullname="Kaitai.SpecSwitchManualIntSizeEos.TestSwitchManualIntSizeEos" methodname="TestSwitchManualIntSizeEos" classname="Kaitai.SpecSwitchManualIntSizeEos" runstate="Runnable" seed="1683630243" result="Passed" start-time="2020-04-08 17:48:44Z" end-time="2020-04-08 17:48:44Z" duration="0.005075" asserts="10" />
      </test-suite>
      <test-suite type="TestFixture" id="0-1320" name="SpecSwitchManualStr" fullname="Kaitai.SpecSwitchManualStr" classname="Kaitai.SpecSwitchManualStr" runstate="Runnable" testcasecount="1" result="Passed" start-time="2020-04-08 17:48:44Z" end-time="2020-04-08 17:48:44Z" duration="0.008123" total="1" passed="1" failed="0" inconclusive="0" skipped="0" asserts="9">
        <test-case id="0-1321" name="TestSwitchManualStr" fullname="Kaitai.SpecSwitchManualStr.TestSwitchManualStr" methodname="TestSwitchManualStr" classname="Kaitai.SpecSwitchManualStr" runstate="Runnable" seed="1774678367" result="Passed" start-time="2020-04-08 17:48:44Z" end-time="2020-04-08 17:48:44Z" duration="0.004707" asserts="9" />
      </test-suite>
      <test-suite type="TestFixture" id="0-1322" name="SpecSwitchManualStrElse" fullname="Kaitai.SpecSwitchManualStrElse" classname="Kaitai.SpecSwitchManualStrElse" runstate="Runnable" testcasecount="1" result="Passed" start-time="2020-04-08 17:48:44Z" end-time="2020-04-08 17:48:44Z" duration="0.008045" total="1" passed="1" failed="0" inconclusive="0" skipped="0" asserts="9">
        <test-case id="0-1323" name="TestSwitchManualStrElse" fullname="Kaitai.SpecSwitchManualStrElse.TestSwitchManualStrElse" methodname="TestSwitchManualStrElse" classname="Kaitai.SpecSwitchManualStrElse" runstate="Runnable" seed="2086005676" result="Passed" start-time="2020-04-08 17:48:44Z" end-time="2020-04-08 17:48:44Z" duration="0.004325" asserts="9" />
      </test-suite>
      <test-suite type="TestFixture" id="0-1324" name="SpecSwitchMultiBoolOps" fullname="Kaitai.SpecSwitchMultiBoolOps" classname="Kaitai.SpecSwitchMultiBoolOps" runstate="Runnable" testcasecount="1" result="Passed" start-time="2020-04-08 17:48:44Z" end-time="2020-04-08 17:48:44Z" duration="0.016597" total="1" passed="1" failed="0" inconclusive="0" skipped="0" asserts="9">
        <test-case id="0-1325" name="TestSwitchMultiBoolOps" fullname="Kaitai.SpecSwitchMultiBoolOps.TestSwitchMultiBoolOps" methodname="TestSwitchMultiBoolOps" classname="Kaitai.SpecSwitchMultiBoolOps" runstate="Runnable" seed="826082047" result="Passed" start-time="2020-04-08 17:48:44Z" end-time="2020-04-08 17:48:44Z" duration="0.003131" asserts="9" />
      </test-suite>
      <test-suite type="TestFixture" id="0-1326" name="SpecSwitchRepeatExpr" fullname="Kaitai.SpecSwitchRepeatExpr" classname="Kaitai.SpecSwitchRepeatExpr" runstate="Runnable" testcasecount="1" result="Passed" start-time="2020-04-08 17:48:44Z" end-time="2020-04-08 17:48:44Z" duration="0.005995" total="1" passed="1" failed="0" inconclusive="0" skipped="0" asserts="3">
        <test-case id="0-1327" name="TestSwitchRepeatExpr" fullname="Kaitai.SpecSwitchRepeatExpr.TestSwitchRepeatExpr" methodname="TestSwitchRepeatExpr" classname="Kaitai.SpecSwitchRepeatExpr" runstate="Runnable" seed="1564208900" result="Passed" start-time="2020-04-08 17:48:44Z" end-time="2020-04-08 17:48:44Z" duration="0.002723" asserts="3" />
      </test-suite>
      <test-suite type="TestFixture" id="0-1328" name="SpecTermBytes" fullname="Kaitai.SpecTermBytes" classname="Kaitai.SpecTermBytes" runstate="Runnable" testcasecount="1" result="Passed" start-time="2020-04-08 17:48:44Z" end-time="2020-04-08 17:48:44Z" duration="0.005020" total="1" passed="1" failed="0" inconclusive="0" skipped="0" asserts="3">
        <test-case id="0-1329" name="TestTermBytes" fullname="Kaitai.SpecTermBytes.TestTermBytes" methodname="TestTermBytes" classname="Kaitai.SpecTermBytes" runstate="Runnable" seed="1960931051" result="Passed" start-time="2020-04-08 17:48:44Z" end-time="2020-04-08 17:48:44Z" duration="0.001436" asserts="3" />
      </test-suite>
      <test-suite type="TestFixture" id="0-1330" name="SpecTermStrz" fullname="Kaitai.SpecTermStrz" classname="Kaitai.SpecTermStrz" runstate="Runnable" testcasecount="1" result="Passed" start-time="2020-04-08 17:48:44Z" end-time="2020-04-08 17:48:44Z" duration="0.004016" total="1" passed="1" failed="0" inconclusive="0" skipped="0" asserts="3">
        <test-case id="0-1331" name="TestTermStrz" fullname="Kaitai.SpecTermStrz.TestTermStrz" methodname="TestTermStrz" classname="Kaitai.SpecTermStrz" runstate="Runnable" seed="669958842" result="Passed" start-time="2020-04-08 17:48:44Z" end-time="2020-04-08 17:48:44Z" duration="0.000831" asserts="3" />
      </test-suite>
      <test-suite type="TestFixture" id="0-1332" name="SpecTsPacketHeader" fullname="Kaitai.SpecTsPacketHeader" classname="Kaitai.SpecTsPacketHeader" runstate="Runnable" testcasecount="1" result="Passed" start-time="2020-04-08 17:48:44Z" end-time="2020-04-08 17:48:44Z" duration="0.006916" total="1" passed="1" failed="0" inconclusive="0" skipped="0" asserts="7">
        <test-case id="0-1333" name="TestTsPacketHeader" fullname="Kaitai.SpecTsPacketHeader.TestTsPacketHeader" methodname="TestTsPacketHeader" classname="Kaitai.SpecTsPacketHeader" runstate="Runnable" seed="1565560229" result="Passed" start-time="2020-04-08 17:48:44Z" end-time="2020-04-08 17:48:44Z" duration="0.002581" asserts="7" />
      </test-suite>
      <test-suite type="TestFixture" id="0-1334" name="SpecTypeIntUnaryOp" fullname="Kaitai.SpecTypeIntUnaryOp" classname="Kaitai.SpecTypeIntUnaryOp" runstate="Runnable" testcasecount="1" result="Passed" start-time="2020-04-08 17:48:44Z" end-time="2020-04-08 17:48:44Z" duration="0.005001" total="1" passed="1" failed="0" inconclusive="0" skipped="0" asserts="4">
        <test-case id="0-1335" name="TestTypeIntUnaryOp" fullname="Kaitai.SpecTypeIntUnaryOp.TestTypeIntUnaryOp" methodname="TestTypeIntUnaryOp" classname="Kaitai.SpecTypeIntUnaryOp" runstate="Runnable" seed="405241659" result="Passed" start-time="2020-04-08 17:48:44Z" end-time="2020-04-08 17:48:44Z" duration="0.001911" asserts="4" />
      </test-suite>
      <test-suite type="TestFixture" id="0-1336" name="SpecTypeTernary" fullname="Kaitai.SpecTypeTernary" classname="Kaitai.SpecTypeTernary" runstate="Runnable" testcasecount="1" result="Passed" start-time="2020-04-08 17:48:44Z" end-time="2020-04-08 17:48:44Z" duration="0.007024" total="1" passed="1" failed="0" inconclusive="0" skipped="0" asserts="1">
        <test-case id="0-1337" name="TestTypeTernary" fullname="Kaitai.SpecTypeTernary.TestTypeTernary" methodname="TestTypeTernary" classname="Kaitai.SpecTypeTernary" runstate="Runnable" seed="900812057" result="Passed" start-time="2020-04-08 17:48:44Z" end-time="2020-04-08 17:48:44Z" duration="0.003141" asserts="1" />
      </test-suite>
      <test-suite type="TestFixture" id="0-1338" name="SpecTypeTernaryOpaque" fullname="Kaitai.SpecTypeTernaryOpaque" classname="Kaitai.SpecTypeTernaryOpaque" runstate="Runnable" testcasecount="1" result="Passed" start-time="2020-04-08 17:48:44Z" end-time="2020-04-08 17:48:44Z" duration="0.009009" total="1" passed="1" failed="0" inconclusive="0" skipped="0" asserts="3">
        <test-case id="0-1339" name="TestTypeTernaryOpaque" fullname="Kaitai.SpecTypeTernaryOpaque.TestTypeTernaryOpaque" methodname="TestTypeTernaryOpaque" classname="Kaitai.SpecTypeTernaryOpaque" runstate="Runnable" seed="1166012299" result="Passed" start-time="2020-04-08 17:48:44Z" end-time="2020-04-08 17:48:44Z" duration="0.002530" asserts="3" />
      </test-suite>
      <test-suite type="TestFixture" id="0-1340" name="SpecUserType" fullname="Kaitai.SpecUserType" classname="Kaitai.SpecUserType" runstate="Runnable" testcasecount="1" result="Passed" start-time="2020-04-08 17:48:44Z" end-time="2020-04-08 17:48:44Z" duration="0.005023" total="1" passed="1" failed="0" inconclusive="0" skipped="0" asserts="2">
        <test-case id="0-1341" name="TestUserType" fullname="Kaitai.SpecUserType.TestUserType" methodname="TestUserType" classname="Kaitai.SpecUserType" runstate="Runnable" seed="892396967" result="Passed" start-time="2020-04-08 17:48:44Z" end-time="2020-04-08 17:48:44Z" duration="0.001838" asserts="2" />
      </test-suite>
      <test-suite type="TestFixture" id="0-1342" name="SpecValidFailAnyofInt" fullname="Kaitai.SpecValidFailAnyofInt" classname="Kaitai.SpecValidFailAnyofInt" runstate="Runnable" testcasecount="1" result="Passed" start-time="2020-04-08 17:48:44Z" end-time="2020-04-08 17:48:44Z" duration="0.009837" total="1" passed="1" failed="0" inconclusive="0" skipped="0" asserts="1">
        <test-case id="0-1343" name="TestValidFailAnyofInt" fullname="Kaitai.SpecValidFailAnyofInt.TestValidFailAnyofInt" methodname="TestValidFailAnyofInt" classname="Kaitai.SpecValidFailAnyofInt" runstate="Runnable" seed="1777661604" result="Passed" start-time="2020-04-08 17:48:44Z" end-time="2020-04-08 17:48:44Z" duration="0.003339" asserts="1" />
      </test-suite>
      <test-suite type="TestFixture" id="0-1344" name="SpecValidFailContents" fullname="Kaitai.SpecValidFailContents" classname="Kaitai.SpecValidFailContents" runstate="Runnable" testcasecount="1" result="Passed" start-time="2020-04-08 17:48:44Z" end-time="2020-04-08 17:48:44Z" duration="0.007017" total="1" passed="1" failed="0" inconclusive="0" skipped="0" asserts="1">
        <test-case id="0-1345" name="TestValidFailContents" fullname="Kaitai.SpecValidFailContents.TestValidFailContents" methodname="TestValidFailContents" classname="Kaitai.SpecValidFailContents" runstate="Runnable" seed="618635329" result="Passed" start-time="2020-04-08 17:48:44Z" end-time="2020-04-08 17:48:44Z" duration="0.003425" asserts="1" />
      </test-suite>
      <test-suite type="TestFixture" id="0-1346" name="SpecValidFailEqBytes" fullname="Kaitai.SpecValidFailEqBytes" classname="Kaitai.SpecValidFailEqBytes" runstate="Runnable" testcasecount="1" result="Passed" start-time="2020-04-08 17:48:44Z" end-time="2020-04-08 17:48:44Z" duration="0.005049" total="1" passed="1" failed="0" inconclusive="0" skipped="0" asserts="1">
        <test-case id="0-1347" name="TestValidFailEqBytes" fullname="Kaitai.SpecValidFailEqBytes.TestValidFailEqBytes" methodname="TestValidFailEqBytes" classname="Kaitai.SpecValidFailEqBytes" runstate="Runnable" seed="2052407851" result="Passed" start-time="2020-04-08 17:48:44Z" end-time="2020-04-08 17:48:44Z" duration="0.001927" asserts="1" />
      </test-suite>
      <test-suite type="TestFixture" id="0-1348" name="SpecValidFailEqInt" fullname="Kaitai.SpecValidFailEqInt" classname="Kaitai.SpecValidFailEqInt" runstate="Runnable" testcasecount="1" result="Passed" start-time="2020-04-08 17:48:44Z" end-time="2020-04-08 17:48:44Z" duration="0.006017" total="1" passed="1" failed="0" inconclusive="0" skipped="0" asserts="1">
        <test-case id="0-1349" name="TestValidFailEqInt" fullname="Kaitai.SpecValidFailEqInt.TestValidFailEqInt" methodname="TestValidFailEqInt" classname="Kaitai.SpecValidFailEqInt" runstate="Runnable" seed="870736585" result="Passed" start-time="2020-04-08 17:48:44Z" end-time="2020-04-08 17:48:44Z" duration="0.002054" asserts="1" />
      </test-suite>
      <test-suite type="TestFixture" id="0-1350" name="SpecValidFailInst" fullname="Kaitai.SpecValidFailInst" classname="Kaitai.SpecValidFailInst" runstate="Runnable" testcasecount="1" result="Passed" start-time="2020-04-08 17:48:44Z" end-time="2020-04-08 17:48:44Z" duration="0.007014" total="1" passed="1" failed="0" inconclusive="0" skipped="0" asserts="1">
        <test-case id="0-1351" name="TestValidFailInst" fullname="Kaitai.SpecValidFailInst.TestValidFailInst" methodname="TestValidFailInst" classname="Kaitai.SpecValidFailInst" runstate="Runnable" seed="1451853745" result="Passed" start-time="2020-04-08 17:48:44Z" end-time="2020-04-08 17:48:44Z" duration="0.003182" asserts="1" />
      </test-suite>
      <test-suite type="TestFixture" id="0-1352" name="SpecValidFailMaxInt" fullname="Kaitai.SpecValidFailMaxInt" classname="Kaitai.SpecValidFailMaxInt" runstate="Runnable" testcasecount="1" result="Passed" start-time="2020-04-08 17:48:44Z" end-time="2020-04-08 17:48:45Z" duration="0.006034" total="1" passed="1" failed="0" inconclusive="0" skipped="0" asserts="1">
        <test-case id="0-1353" name="TestValidFailMaxInt" fullname="Kaitai.SpecValidFailMaxInt.TestValidFailMaxInt" methodname="TestValidFailMaxInt" classname="Kaitai.SpecValidFailMaxInt" runstate="Runnable" seed="533939098" result="Passed" start-time="2020-04-08 17:48:44Z" end-time="2020-04-08 17:48:44Z" duration="0.002356" asserts="1" />
      </test-suite>
      <test-suite type="TestFixture" id="0-1354" name="SpecValidFailMinInt" fullname="Kaitai.SpecValidFailMinInt" classname="Kaitai.SpecValidFailMinInt" runstate="Runnable" testcasecount="1" result="Passed" start-time="2020-04-08 17:48:45Z" end-time="2020-04-08 17:48:45Z" duration="0.006050" total="1" passed="1" failed="0" inconclusive="0" skipped="0" asserts="1">
        <test-case id="0-1355" name="TestValidFailMinInt" fullname="Kaitai.SpecValidFailMinInt.TestValidFailMinInt" methodname="TestValidFailMinInt" classname="Kaitai.SpecValidFailMinInt" runstate="Runnable" seed="1381263184" result="Passed" start-time="2020-04-08 17:48:45Z" end-time="2020-04-08 17:48:45Z" duration="0.002200" asserts="1" />
      </test-suite>
      <test-suite type="TestFixture" id="0-1356" name="SpecValidFailRangeInt" fullname="Kaitai.SpecValidFailRangeInt" classname="Kaitai.SpecValidFailRangeInt" runstate="Runnable" testcasecount="1" result="Passed" start-time="2020-04-08 17:48:45Z" end-time="2020-04-08 17:48:45Z" duration="0.006053" total="1" passed="1" failed="0" inconclusive="0" skipped="0" asserts="1">
        <test-case id="0-1357" name="TestValidFailRangeInt" fullname="Kaitai.SpecValidFailRangeInt.TestValidFailRangeInt" methodname="TestValidFailRangeInt" classname="Kaitai.SpecValidFailRangeInt" runstate="Runnable" seed="91746540" result="Passed" start-time="2020-04-08 17:48:45Z" end-time="2020-04-08 17:48:45Z" duration="0.002694" asserts="1" />
      </test-suite>
      <test-suite type="TestFixture" id="0-1358" name="SpecValidLong" fullname="Kaitai.SpecValidLong" classname="Kaitai.SpecValidLong" runstate="Runnable" testcasecount="1" result="Passed" start-time="2020-04-08 17:48:45Z" end-time="2020-04-08 17:48:45Z" duration="0.009427" total="1" passed="1" failed="0" inconclusive="0" skipped="0" asserts="0">
        <test-case id="0-1359" name="TestValidLong" fullname="Kaitai.SpecValidLong.TestValidLong" methodname="TestValidLong" classname="Kaitai.SpecValidLong" runstate="Runnable" seed="500593272" result="Passed" start-time="2020-04-08 17:48:45Z" end-time="2020-04-08 17:48:45Z" duration="0.005079" asserts="0" />
      </test-suite>
      <test-suite type="TestFixture" id="0-1360" name="SpecValidNotParsedIf" fullname="Kaitai.SpecValidNotParsedIf" classname="Kaitai.SpecValidNotParsedIf" runstate="Runnable" testcasecount="1" result="Passed" start-time="2020-04-08 17:48:45Z" end-time="2020-04-08 17:48:45Z" duration="0.005697" total="1" passed="1" failed="0" inconclusive="0" skipped="0" asserts="0">
        <test-case id="0-1361" name="TestValidNotParsedIf" fullname="Kaitai.SpecValidNotParsedIf.TestValidNotParsedIf" methodname="TestValidNotParsedIf" classname="Kaitai.SpecValidNotParsedIf" runstate="Runnable" seed="1092787230" result="Passed" start-time="2020-04-08 17:48:45Z" end-time="2020-04-08 17:48:45Z" duration="0.001551" asserts="0" />
      </test-suite>
      <test-suite type="TestFixture" id="0-1362" name="SpecValidShort" fullname="Kaitai.SpecValidShort" classname="Kaitai.SpecValidShort" runstate="Runnable" testcasecount="1" result="Passed" start-time="2020-04-08 17:48:45Z" end-time="2020-04-08 17:48:45Z" duration="0.011016" total="1" passed="1" failed="0" inconclusive="0" skipped="0" asserts="0">
        <test-case id="0-1363" name="TestValidShort" fullname="Kaitai.SpecValidShort.TestValidShort" methodname="TestValidShort" classname="Kaitai.SpecValidShort" runstate="Runnable" seed="1103392917" result="Passed" start-time="2020-04-08 17:48:45Z" end-time="2020-04-08 17:48:45Z" duration="0.004933" asserts="0" />
      </test-suite>
      <test-suite type="TestFixture" id="0-1364" name="SpecValidSwitch" fullname="Kaitai.SpecValidSwitch" classname="Kaitai.SpecValidSwitch" runstate="Runnable" testcasecount="1" result="Passed" start-time="2020-04-08 17:48:45Z" end-time="2020-04-08 17:48:45Z" duration="0.005020" total="1" passed="1" failed="0" inconclusive="0" skipped="0" asserts="0">
        <test-case id="0-1365" name="TestValidSwitch" fullname="Kaitai.SpecValidSwitch.TestValidSwitch" methodname="TestValidSwitch" classname="Kaitai.SpecValidSwitch" runstate="Runnable" seed="275772381" result="Passed" start-time="2020-04-08 17:48:45Z" end-time="2020-04-08 17:48:45Z" duration="0.001625" asserts="0" />
      </test-suite>
      <test-suite type="TestFixture" id="0-1366" name="SpecZlibWithHeader78" fullname="Kaitai.SpecZlibWithHeader78" classname="Kaitai.SpecZlibWithHeader78" runstate="Runnable" testcasecount="1" result="Passed" start-time="2020-04-08 17:48:45Z" end-time="2020-04-08 17:48:45Z" duration="0.031022" total="1" passed="1" failed="0" inconclusive="0" skipped="0" asserts="1">
        <test-case id="0-1367" name="TestZlibWithHeader78" fullname="Kaitai.SpecZlibWithHeader78.TestZlibWithHeader78" methodname="TestZlibWithHeader78" classname="Kaitai.SpecZlibWithHeader78" runstate="Runnable" seed="1215501234" result="Passed" start-time="2020-04-08 17:48:45Z" end-time="2020-04-08 17:48:45Z" duration="0.026438" asserts="1" />
      </test-suite>
    </test-suite>
  </test-suite>
</test-run>