<?xml version="1.0" encoding="utf-8" standalone="no"?>
<test-run id="2" testcasecount="235" result="Failed" total="235" passed="234" failed="1" inconclusive="0" skipped="0" asserts="1063" engine-version="3.4.1.0" clr-version="4.0.30319.42000" start-time="2024-06-11 10:09:17Z" end-time="2024-06-11 10:09:19Z" duration="1.524662">
  <command-line><![CDATA[/home/runner/.nuget/packages/nunit.consolerunner/3.4.1/tools/nunit3-console.exe --result=test_out/csharp/TestResult.xml spec/csharp/kaitai_struct_csharp_tests_netframework/bin/Debug/kaitai_struct_csharp_tests.dll]]></command-line>
  <test-suite type="Assembly" id="0-1470" name="kaitai_struct_csharp_tests.dll" fullname="/home/runner/work/ci_targets/ci_targets/tests/spec/csharp/kaitai_struct_csharp_tests_netframework/bin/Debug/kaitai_struct_csharp_tests.dll" runstate="Runnable" testcasecount="235" result="Failed" site="Child" start-time="2024-06-11 10:09:17Z" end-time="2024-06-11 10:09:19Z" duration="1.444637" total="235" passed="234" failed="1" inconclusive="0" skipped="0" asserts="1063">
    <environment framework-version="3.4.1.0" clr-version="4.0.30319.42000" os-version="Unix 6.5.0.1021" platform="Unix" cwd="/home/runner/work/ci_targets/ci_targets/tests" machine-name="fv-az1501-4" user="runner" user-domain="fv-az1501-4" culture="" uiculture="" os-architecture="x64" />
    <settings>
      <setting name="WorkDirectory" value="/home/runner/work/ci_targets/ci_targets/tests" />
      <setting name="ImageRuntimeVersion" value="4.0.30319" />
      <setting name="ImageTargetFrameworkName" value=".NETFramework,Version=v4.8" />
      <setting name="ImageRequiresX86" value="False" />
      <setting name="ImageRequiresDefaultAppDomainAssemblyResolver" value="False" />
      <setting name="NumberOfTestWorkers" value="4" />
    </settings>
    <properties>
      <property name="_PID" value="2579" />
      <property name="_APPDOMAIN" value="test-domain-" />
    </properties>
    <failure>
      <message><![CDATA[One or more child tests had errors]]></message>
    </failure>
    <test-suite type="TestSuite" id="0-1471" name="Kaitai" fullname="Kaitai" runstate="Runnable" testcasecount="235" result="Failed" site="Child" start-time="2024-06-11 10:09:17Z" end-time="2024-06-11 10:09:19Z" duration="1.433565" total="235" passed="234" failed="1" inconclusive="0" skipped="0" asserts="1063">
      <failure>
        <message><![CDATA[One or more child tests had errors]]></message>
      </failure>
      <test-suite type="TestFixture" id="0-1000" name="SpecBcdUserTypeBe" fullname="Kaitai.SpecBcdUserTypeBe" classname="Kaitai.SpecBcdUserTypeBe" runstate="Runnable" testcasecount="1" result="Passed" start-time="2024-06-11 10:09:17Z" end-time="2024-06-11 10:09:17Z" duration="0.019842" total="1" passed="1" failed="0" inconclusive="0" skipped="0" asserts="6">
        <test-case id="0-1001" name="TestBcdUserTypeBe" fullname="Kaitai.SpecBcdUserTypeBe.TestBcdUserTypeBe" methodname="TestBcdUserTypeBe" classname="Kaitai.SpecBcdUserTypeBe" runstate="Runnable" seed="1938020373" result="Passed" start-time="2024-06-11 10:09:17Z" end-time="2024-06-11 10:09:17Z" duration="0.012801" asserts="6" />
      </test-suite>
      <test-suite type="TestFixture" id="0-1002" name="SpecBcdUserTypeLe" fullname="Kaitai.SpecBcdUserTypeLe" classname="Kaitai.SpecBcdUserTypeLe" runstate="Runnable" testcasecount="1" result="Passed" start-time="2024-06-11 10:09:17Z" end-time="2024-06-11 10:09:17Z" duration="0.004747" total="1" passed="1" failed="0" inconclusive="0" skipped="0" asserts="6">
        <test-case id="0-1003" name="TestBcdUserTypeLe" fullname="Kaitai.SpecBcdUserTypeLe.TestBcdUserTypeLe" methodname="TestBcdUserTypeLe" classname="Kaitai.SpecBcdUserTypeLe" runstate="Runnable" seed="2038762857" result="Passed" start-time="2024-06-11 10:09:17Z" end-time="2024-06-11 10:09:17Z" duration="0.002405" asserts="6" />
      </test-suite>
      <test-suite type="TestFixture" id="0-1004" name="SpecBitsByteAligned" fullname="Kaitai.SpecBitsByteAligned" classname="Kaitai.SpecBitsByteAligned" runstate="Runnable" testcasecount="1" result="Passed" start-time="2024-06-11 10:09:17Z" end-time="2024-06-11 10:09:17Z" duration="0.004998" total="1" passed="1" failed="0" inconclusive="0" skipped="0" asserts="9">
        <test-case id="0-1005" name="TestBitsByteAligned" fullname="Kaitai.SpecBitsByteAligned.TestBitsByteAligned" methodname="TestBitsByteAligned" classname="Kaitai.SpecBitsByteAligned" runstate="Runnable" seed="1262480709" result="Passed" start-time="2024-06-11 10:09:17Z" end-time="2024-06-11 10:09:17Z" duration="0.002655" asserts="9" />
      </test-suite>
      <test-suite type="TestFixture" id="0-1006" name="SpecBitsEnum" fullname="Kaitai.SpecBitsEnum" classname="Kaitai.SpecBitsEnum" runstate="Runnable" testcasecount="1" result="Passed" start-time="2024-06-11 10:09:17Z" end-time="2024-06-11 10:09:17Z" duration="0.002933" total="1" passed="1" failed="0" inconclusive="0" skipped="0" asserts="3">
        <test-case id="0-1007" name="TestBitsEnum" fullname="Kaitai.SpecBitsEnum.TestBitsEnum" methodname="TestBitsEnum" classname="Kaitai.SpecBitsEnum" runstate="Runnable" seed="1940407691" result="Passed" start-time="2024-06-11 10:09:17Z" end-time="2024-06-11 10:09:17Z" duration="0.000568" asserts="3" />
      </test-suite>
      <test-suite type="TestFixture" id="0-1008" name="SpecBitsSeqEndianCombo" fullname="Kaitai.SpecBitsSeqEndianCombo" classname="Kaitai.SpecBitsSeqEndianCombo" runstate="Runnable" testcasecount="1" result="Passed" start-time="2024-06-11 10:09:17Z" end-time="2024-06-11 10:09:17Z" duration="0.002903" total="1" passed="1" failed="0" inconclusive="0" skipped="0" asserts="8">
        <test-case id="0-1009" name="TestBitsSeqEndianCombo" fullname="Kaitai.SpecBitsSeqEndianCombo.TestBitsSeqEndianCombo" methodname="TestBitsSeqEndianCombo" classname="Kaitai.SpecBitsSeqEndianCombo" runstate="Runnable" seed="828170012" result="Passed" start-time="2024-06-11 10:09:17Z" end-time="2024-06-11 10:09:17Z" duration="0.000569" asserts="8" />
      </test-suite>
      <test-suite type="TestFixture" id="0-1010" name="SpecBitsShiftByB32Le" fullname="Kaitai.SpecBitsShiftByB32Le" classname="Kaitai.SpecBitsShiftByB32Le" runstate="Runnable" testcasecount="1" result="Passed" start-time="2024-06-11 10:09:17Z" end-time="2024-06-11 10:09:17Z" duration="0.002688" total="1" passed="1" failed="0" inconclusive="0" skipped="0" asserts="2">
        <test-case id="0-1011" name="TestBitsShiftByB32Le" fullname="Kaitai.SpecBitsShiftByB32Le.TestBitsShiftByB32Le" methodname="TestBitsShiftByB32Le" classname="Kaitai.SpecBitsShiftByB32Le" runstate="Runnable" seed="1012829473" result="Passed" start-time="2024-06-11 10:09:17Z" end-time="2024-06-11 10:09:17Z" duration="0.000343" asserts="2" />
      </test-suite>
      <test-suite type="TestFixture" id="0-1012" name="SpecBitsShiftByB64Le" fullname="Kaitai.SpecBitsShiftByB64Le" classname="Kaitai.SpecBitsShiftByB64Le" runstate="Runnable" testcasecount="1" result="Passed" start-time="2024-06-11 10:09:17Z" end-time="2024-06-11 10:09:17Z" duration="0.002660" total="1" passed="1" failed="0" inconclusive="0" skipped="0" asserts="2">
        <test-case id="0-1013" name="TestBitsShiftByB64Le" fullname="Kaitai.SpecBitsShiftByB64Le.TestBitsShiftByB64Le" methodname="TestBitsShiftByB64Le" classname="Kaitai.SpecBitsShiftByB64Le" runstate="Runnable" seed="1636905069" result="Passed" start-time="2024-06-11 10:09:17Z" end-time="2024-06-11 10:09:17Z" duration="0.000295" asserts="2" />
      </test-suite>
      <test-suite type="TestFixture" id="0-1014" name="SpecBitsSignedResB32Be" fullname="Kaitai.SpecBitsSignedResB32Be" classname="Kaitai.SpecBitsSignedResB32Be" runstate="Runnable" testcasecount="1" result="Passed" start-time="2024-06-11 10:09:17Z" end-time="2024-06-11 10:09:17Z" duration="0.002596" total="1" passed="1" failed="0" inconclusive="0" skipped="0" asserts="1">
        <test-case id="0-1015" name="TestBitsSignedResB32Be" fullname="Kaitai.SpecBitsSignedResB32Be.TestBitsSignedResB32Be" methodname="TestBitsSignedResB32Be" classname="Kaitai.SpecBitsSignedResB32Be" runstate="Runnable" seed="1078260325" result="Passed" start-time="2024-06-11 10:09:17Z" end-time="2024-06-11 10:09:17Z" duration="0.000258" asserts="1" />
      </test-suite>
      <test-suite type="TestFixture" id="0-1016" name="SpecBitsSignedResB32Le" fullname="Kaitai.SpecBitsSignedResB32Le" classname="Kaitai.SpecBitsSignedResB32Le" runstate="Runnable" testcasecount="1" result="Passed" start-time="2024-06-11 10:09:17Z" end-time="2024-06-11 10:09:17Z" duration="0.002581" total="1" passed="1" failed="0" inconclusive="0" skipped="0" asserts="1">
        <test-case id="0-1017" name="TestBitsSignedResB32Le" fullname="Kaitai.SpecBitsSignedResB32Le.TestBitsSignedResB32Le" methodname="TestBitsSignedResB32Le" classname="Kaitai.SpecBitsSignedResB32Le" runstate="Runnable" seed="1591699733" result="Passed" start-time="2024-06-11 10:09:17Z" end-time="2024-06-11 10:09:17Z" duration="0.000252" asserts="1" />
      </test-suite>
      <test-suite type="TestFixture" id="0-1018" name="SpecBitsSignedShiftB32Le" fullname="Kaitai.SpecBitsSignedShiftB32Le" classname="Kaitai.SpecBitsSignedShiftB32Le" runstate="Runnable" testcasecount="1" result="Passed" start-time="2024-06-11 10:09:17Z" end-time="2024-06-11 10:09:17Z" duration="0.002622" total="1" passed="1" failed="0" inconclusive="0" skipped="0" asserts="2">
        <test-case id="0-1019" name="TestBitsSignedShiftB32Le" fullname="Kaitai.SpecBitsSignedShiftB32Le.TestBitsSignedShiftB32Le" methodname="TestBitsSignedShiftB32Le" classname="Kaitai.SpecBitsSignedShiftB32Le" runstate="Runnable" seed="846301832" result="Passed" start-time="2024-06-11 10:09:17Z" end-time="2024-06-11 10:09:17Z" duration="0.000280" asserts="2" />
      </test-suite>
      <test-suite type="TestFixture" id="0-1020" name="SpecBitsSignedShiftB64Le" fullname="Kaitai.SpecBitsSignedShiftB64Le" classname="Kaitai.SpecBitsSignedShiftB64Le" runstate="Runnable" testcasecount="1" result="Passed" start-time="2024-06-11 10:09:17Z" end-time="2024-06-11 10:09:17Z" duration="0.002659" total="1" passed="1" failed="0" inconclusive="0" skipped="0" asserts="2">
        <test-case id="0-1021" name="TestBitsSignedShiftB64Le" fullname="Kaitai.SpecBitsSignedShiftB64Le.TestBitsSignedShiftB64Le" methodname="TestBitsSignedShiftB64Le" classname="Kaitai.SpecBitsSignedShiftB64Le" runstate="Runnable" seed="2033061664" result="Passed" start-time="2024-06-11 10:09:17Z" end-time="2024-06-11 10:09:17Z" duration="0.000305" asserts="2" />
      </test-suite>
      <test-suite type="TestFixture" id="0-1022" name="SpecBitsSimple" fullname="Kaitai.SpecBitsSimple" classname="Kaitai.SpecBitsSimple" runstate="Runnable" testcasecount="1" result="Passed" start-time="2024-06-11 10:09:17Z" end-time="2024-06-11 10:09:17Z" duration="0.003828" total="1" passed="1" failed="0" inconclusive="0" skipped="0" asserts="14">
        <test-case id="0-1023" name="TestBitsSimple" fullname="Kaitai.SpecBitsSimple.TestBitsSimple" methodname="TestBitsSimple" classname="Kaitai.SpecBitsSimple" runstate="Runnable" seed="116071737" result="Passed" start-time="2024-06-11 10:09:17Z" end-time="2024-06-11 10:09:17Z" duration="0.001508" asserts="14" />
      </test-suite>
      <test-suite type="TestFixture" id="0-1024" name="SpecBitsSimpleLe" fullname="Kaitai.SpecBitsSimpleLe" classname="Kaitai.SpecBitsSimpleLe" runstate="Runnable" testcasecount="1" result="Passed" start-time="2024-06-11 10:09:17Z" end-time="2024-06-11 10:09:17Z" duration="0.003030" total="1" passed="1" failed="0" inconclusive="0" skipped="0" asserts="14">
        <test-case id="0-1025" name="TestBitsSimpleLe" fullname="Kaitai.SpecBitsSimpleLe.TestBitsSimpleLe" methodname="TestBitsSimpleLe" classname="Kaitai.SpecBitsSimpleLe" runstate="Runnable" seed="2120275799" result="Passed" start-time="2024-06-11 10:09:17Z" end-time="2024-06-11 10:09:17Z" duration="0.000708" asserts="14" />
      </test-suite>
      <test-suite type="TestFixture" id="0-1026" name="SpecBitsUnalignedB32Be" fullname="Kaitai.SpecBitsUnalignedB32Be" classname="Kaitai.SpecBitsUnalignedB32Be" runstate="Runnable" testcasecount="1" result="Passed" start-time="2024-06-11 10:09:17Z" end-time="2024-06-11 10:09:17Z" duration="0.002663" total="1" passed="1" failed="0" inconclusive="0" skipped="0" asserts="3">
        <test-case id="0-1027" name="TestBitsUnalignedB32Be" fullname="Kaitai.SpecBitsUnalignedB32Be.TestBitsUnalignedB32Be" methodname="TestBitsUnalignedB32Be" classname="Kaitai.SpecBitsUnalignedB32Be" runstate="Runnable" seed="1870400352" result="Passed" start-time="2024-06-11 10:09:17Z" end-time="2024-06-11 10:09:17Z" duration="0.000336" asserts="3" />
      </test-suite>
      <test-suite type="TestFixture" id="0-1028" name="SpecBitsUnalignedB32Le" fullname="Kaitai.SpecBitsUnalignedB32Le" classname="Kaitai.SpecBitsUnalignedB32Le" runstate="Runnable" testcasecount="1" result="Passed" start-time="2024-06-11 10:09:17Z" end-time="2024-06-11 10:09:17Z" duration="0.002642" total="1" passed="1" failed="0" inconclusive="0" skipped="0" asserts="3">
        <test-case id="0-1029" name="TestBitsUnalignedB32Le" fullname="Kaitai.SpecBitsUnalignedB32Le.TestBitsUnalignedB32Le" methodname="TestBitsUnalignedB32Le" classname="Kaitai.SpecBitsUnalignedB32Le" runstate="Runnable" seed="932732786" result="Passed" start-time="2024-06-11 10:09:17Z" end-time="2024-06-11 10:09:17Z" duration="0.000323" asserts="3" />
      </test-suite>
      <test-suite type="TestFixture" id="0-1030" name="SpecBitsUnalignedB64Be" fullname="Kaitai.SpecBitsUnalignedB64Be" classname="Kaitai.SpecBitsUnalignedB64Be" runstate="Runnable" testcasecount="1" result="Passed" start-time="2024-06-11 10:09:17Z" end-time="2024-06-11 10:09:17Z" duration="0.002679" total="1" passed="1" failed="0" inconclusive="0" skipped="0" asserts="3">
        <test-case id="0-1031" name="TestBitsUnalignedB64Be" fullname="Kaitai.SpecBitsUnalignedB64Be.TestBitsUnalignedB64Be" methodname="TestBitsUnalignedB64Be" classname="Kaitai.SpecBitsUnalignedB64Be" runstate="Runnable" seed="1111945640" result="Passed" start-time="2024-06-11 10:09:17Z" end-time="2024-06-11 10:09:17Z" duration="0.000340" asserts="3" />
      </test-suite>
      <test-suite type="TestFixture" id="0-1032" name="SpecBitsUnalignedB64Le" fullname="Kaitai.SpecBitsUnalignedB64Le" classname="Kaitai.SpecBitsUnalignedB64Le" runstate="Runnable" testcasecount="1" result="Passed" start-time="2024-06-11 10:09:17Z" end-time="2024-06-11 10:09:17Z" duration="0.002700" total="1" passed="1" failed="0" inconclusive="0" skipped="0" asserts="3">
        <test-case id="0-1033" name="TestBitsUnalignedB64Le" fullname="Kaitai.SpecBitsUnalignedB64Le.TestBitsUnalignedB64Le" methodname="TestBitsUnalignedB64Le" classname="Kaitai.SpecBitsUnalignedB64Le" runstate="Runnable" seed="238340172" result="Passed" start-time="2024-06-11 10:09:17Z" end-time="2024-06-11 10:09:17Z" duration="0.000369" asserts="3" />
      </test-suite>
      <test-suite type="TestFixture" id="0-1034" name="SpecBufferedStruct" fullname="Kaitai.SpecBufferedStruct" classname="Kaitai.SpecBufferedStruct" runstate="Runnable" testcasecount="1" result="Passed" start-time="2024-06-11 10:09:17Z" end-time="2024-06-11 10:09:17Z" duration="0.003329" total="1" passed="1" failed="0" inconclusive="0" skipped="0" asserts="7">
        <test-case id="0-1035" name="TestBufferedStruct" fullname="Kaitai.SpecBufferedStruct.TestBufferedStruct" methodname="TestBufferedStruct" classname="Kaitai.SpecBufferedStruct" runstate="Runnable" seed="194604200" result="Passed" start-time="2024-06-11 10:09:17Z" end-time="2024-06-11 10:09:17Z" duration="0.000995" asserts="7" />
      </test-suite>
      <test-suite type="TestFixture" id="0-1036" name="SpecBytesPadTerm" fullname="Kaitai.SpecBytesPadTerm" classname="Kaitai.SpecBytesPadTerm" runstate="Runnable" testcasecount="1" result="Passed" start-time="2024-06-11 10:09:17Z" end-time="2024-06-11 10:09:17Z" duration="0.002925" total="1" passed="1" failed="0" inconclusive="0" skipped="0" asserts="4">
        <test-case id="0-1037" name="TestBytesPadTerm" fullname="Kaitai.SpecBytesPadTerm.TestBytesPadTerm" methodname="TestBytesPadTerm" classname="Kaitai.SpecBytesPadTerm" runstate="Runnable" seed="526637313" result="Passed" start-time="2024-06-11 10:09:17Z" end-time="2024-06-11 10:09:17Z" duration="0.000587" asserts="4" />
      </test-suite>
      <test-suite type="TestFixture" id="0-1038" name="SpecCastNested" fullname="Kaitai.SpecCastNested" classname="Kaitai.SpecCastNested" runstate="Runnable" testcasecount="1" result="Passed" start-time="2024-06-11 10:09:17Z" end-time="2024-06-11 10:09:17Z" duration="0.017732" total="1" passed="1" failed="0" inconclusive="0" skipped="0" asserts="4">
        <test-case id="0-1039" name="TestCastNested" fullname="Kaitai.SpecCastNested.TestCastNested" methodname="TestCastNested" classname="Kaitai.SpecCastNested" runstate="Runnable" seed="2072656667" result="Passed" start-time="2024-06-11 10:09:17Z" end-time="2024-06-11 10:09:17Z" duration="0.015392" asserts="4" />
      </test-suite>
      <test-suite type="TestFixture" id="0-1040" name="SpecCastToTop" fullname="Kaitai.SpecCastToTop" classname="Kaitai.SpecCastToTop" runstate="Runnable" testcasecount="1" result="Passed" start-time="2024-06-11 10:09:17Z" end-time="2024-06-11 10:09:17Z" duration="0.003182" total="1" passed="1" failed="0" inconclusive="0" skipped="0" asserts="3">
        <test-case id="0-1041" name="TestCastToTop" fullname="Kaitai.SpecCastToTop.TestCastToTop" methodname="TestCastToTop" classname="Kaitai.SpecCastToTop" runstate="Runnable" seed="411763256" result="Passed" start-time="2024-06-11 10:09:17Z" end-time="2024-06-11 10:09:17Z" duration="0.000832" asserts="3" />
      </test-suite>
      <test-suite type="TestFixture" id="0-1042" name="SpecCombineBool" fullname="Kaitai.SpecCombineBool" classname="Kaitai.SpecCombineBool" runstate="Runnable" testcasecount="1" result="Passed" start-time="2024-06-11 10:09:17Z" end-time="2024-06-11 10:09:17Z" duration="0.002740" total="1" passed="1" failed="0" inconclusive="0" skipped="0" asserts="2">
        <test-case id="0-1043" name="TestCombineBool" fullname="Kaitai.SpecCombineBool.TestCombineBool" methodname="TestCombineBool" classname="Kaitai.SpecCombineBool" runstate="Runnable" seed="1648024529" result="Passed" start-time="2024-06-11 10:09:17Z" end-time="2024-06-11 10:09:17Z" duration="0.000407" asserts="2" />
      </test-suite>
      <test-suite type="TestFixture" id="0-1044" name="SpecCombineBytes" fullname="Kaitai.SpecCombineBytes" classname="Kaitai.SpecCombineBytes" runstate="Runnable" testcasecount="1" result="Passed" start-time="2024-06-11 10:09:17Z" end-time="2024-06-11 10:09:17Z" duration="0.003102" total="1" passed="1" failed="0" inconclusive="0" skipped="0" asserts="10">
        <test-case id="0-1045" name="TestCombineBytes" fullname="Kaitai.SpecCombineBytes.TestCombineBytes" methodname="TestCombineBytes" classname="Kaitai.SpecCombineBytes" runstate="Runnable" seed="721101029" result="Passed" start-time="2024-06-11 10:09:17Z" end-time="2024-06-11 10:09:17Z" duration="0.000766" asserts="10" />
      </test-suite>
      <test-suite type="TestFixture" id="0-1046" name="SpecCombineEnum" fullname="Kaitai.SpecCombineEnum" classname="Kaitai.SpecCombineEnum" runstate="Runnable" testcasecount="1" result="Passed" start-time="2024-06-11 10:09:17Z" end-time="2024-06-11 10:09:17Z" duration="0.002805" total="1" passed="1" failed="0" inconclusive="0" skipped="0" asserts="3">
        <test-case id="0-1047" name="TestCombineEnum" fullname="Kaitai.SpecCombineEnum.TestCombineEnum" methodname="TestCombineEnum" classname="Kaitai.SpecCombineEnum" runstate="Runnable" seed="580792143" result="Passed" start-time="2024-06-11 10:09:17Z" end-time="2024-06-11 10:09:17Z" duration="0.000463" asserts="3" />
      </test-suite>
      <test-suite type="TestFixture" id="0-1048" name="SpecCombineStr" fullname="Kaitai.SpecCombineStr" classname="Kaitai.SpecCombineStr" runstate="Runnable" testcasecount="1" result="Passed" start-time="2024-06-11 10:09:17Z" end-time="2024-06-11 10:09:17Z" duration="0.003274" total="1" passed="1" failed="0" inconclusive="0" skipped="0" asserts="15">
        <test-case id="0-1049" name="TestCombineStr" fullname="Kaitai.SpecCombineStr.TestCombineStr" methodname="TestCombineStr" classname="Kaitai.SpecCombineStr" runstate="Runnable" seed="1048112675" result="Passed" start-time="2024-06-11 10:09:17Z" end-time="2024-06-11 10:09:17Z" duration="0.000934" asserts="15" />
      </test-suite>
      <test-suite type="TestFixture" id="0-1050" name="SpecDebug0" fullname="Kaitai.SpecDebug0" classname="Kaitai.SpecDebug0" runstate="Runnable" testcasecount="1" result="Passed" start-time="2024-06-11 10:09:17Z" end-time="2024-06-11 10:09:17Z" duration="0.002417" total="1" passed="1" failed="0" inconclusive="0" skipped="0" asserts="0">
        <test-case id="0-1051" name="TestDebug0" fullname="Kaitai.SpecDebug0.TestDebug0" methodname="TestDebug0" classname="Kaitai.SpecDebug0" runstate="Runnable" seed="180550598" result="Passed" start-time="2024-06-11 10:09:17Z" end-time="2024-06-11 10:09:17Z" duration="0.000054" asserts="0" />
      </test-suite>
      <test-suite type="TestFixture" id="0-1052" name="SpecDebugArrayUser" fullname="Kaitai.SpecDebugArrayUser" classname="Kaitai.SpecDebugArrayUser" runstate="Runnable" testcasecount="1" result="Passed" start-time="2024-06-11 10:09:17Z" end-time="2024-06-11 10:09:17Z" duration="0.003078" total="1" passed="1" failed="0" inconclusive="0" skipped="0" asserts="4">
        <test-case id="0-1053" name="TestDebugArrayUser" fullname="Kaitai.SpecDebugArrayUser.TestDebugArrayUser" methodname="TestDebugArrayUser" classname="Kaitai.SpecDebugArrayUser" runstate="Runnable" seed="9249427" result="Passed" start-time="2024-06-11 10:09:17Z" end-time="2024-06-11 10:09:17Z" duration="0.000748" asserts="4" />
      </test-suite>
      <test-suite type="TestFixture" id="0-1054" name="SpecDebugEnumName" fullname="Kaitai.SpecDebugEnumName" classname="Kaitai.SpecDebugEnumName" runstate="Runnable" testcasecount="1" result="Passed" start-time="2024-06-11 10:09:17Z" end-time="2024-06-11 10:09:17Z" duration="0.002385" total="1" passed="1" failed="0" inconclusive="0" skipped="0" asserts="0">
        <test-case id="0-1055" name="TestDebugEnumName" fullname="Kaitai.SpecDebugEnumName.TestDebugEnumName" methodname="TestDebugEnumName" classname="Kaitai.SpecDebugEnumName" runstate="Runnable" seed="1967881605" result="Passed" start-time="2024-06-11 10:09:17Z" end-time="2024-06-11 10:09:17Z" duration="0.000054" asserts="0" />
      </test-suite>
      <test-suite type="TestFixture" id="0-1056" name="SpecDebugSwitchUser" fullname="Kaitai.SpecDebugSwitchUser" classname="Kaitai.SpecDebugSwitchUser" runstate="Runnable" testcasecount="1" result="Passed" start-time="2024-06-11 10:09:17Z" end-time="2024-06-11 10:09:17Z" duration="0.002861" total="1" passed="1" failed="0" inconclusive="0" skipped="0" asserts="2">
        <test-case id="0-1057" name="TestDebugSwitchUser" fullname="Kaitai.SpecDebugSwitchUser.TestDebugSwitchUser" methodname="TestDebugSwitchUser" classname="Kaitai.SpecDebugSwitchUser" runstate="Runnable" seed="1106321681" result="Passed" start-time="2024-06-11 10:09:17Z" end-time="2024-06-11 10:09:17Z" duration="0.000534" asserts="2" />
      </test-suite>
      <test-suite type="TestFixture" id="0-1058" name="SpecDefaultBigEndian" fullname="Kaitai.SpecDefaultBigEndian" classname="Kaitai.SpecDefaultBigEndian" runstate="Runnable" testcasecount="1" result="Passed" start-time="2024-06-11 10:09:17Z" end-time="2024-06-11 10:09:17Z" duration="0.002663" total="1" passed="1" failed="0" inconclusive="0" skipped="0" asserts="1">
        <test-case id="0-1059" name="TestDefaultBigEndian" fullname="Kaitai.SpecDefaultBigEndian.TestDefaultBigEndian" methodname="TestDefaultBigEndian" classname="Kaitai.SpecDefaultBigEndian" runstate="Runnable" seed="656238690" result="Passed" start-time="2024-06-11 10:09:17Z" end-time="2024-06-11 10:09:17Z" duration="0.000328" asserts="1" />
      </test-suite>
      <test-suite type="TestFixture" id="0-1060" name="SpecDefaultBitEndianMod" fullname="Kaitai.SpecDefaultBitEndianMod" classname="Kaitai.SpecDefaultBitEndianMod" runstate="Runnable" testcasecount="1" result="Passed" start-time="2024-06-11 10:09:17Z" end-time="2024-06-11 10:09:17Z" duration="0.002959" total="1" passed="1" failed="0" inconclusive="0" skipped="0" asserts="4">
        <test-case id="0-1061" name="TestDefaultBitEndianMod" fullname="Kaitai.SpecDefaultBitEndianMod.TestDefaultBitEndianMod" methodname="TestDefaultBitEndianMod" classname="Kaitai.SpecDefaultBitEndianMod" runstate="Runnable" seed="907411681" result="Passed" start-time="2024-06-11 10:09:17Z" end-time="2024-06-11 10:09:17Z" duration="0.000586" asserts="4" />
      </test-suite>
      <test-suite type="TestFixture" id="0-1062" name="SpecDefaultEndianExprException" fullname="Kaitai.SpecDefaultEndianExprException" classname="Kaitai.SpecDefaultEndianExprException" runstate="Runnable" testcasecount="1" result="Passed" start-time="2024-06-11 10:09:17Z" end-time="2024-06-11 10:09:17Z" duration="0.005518" total="1" passed="1" failed="0" inconclusive="0" skipped="0" asserts="1">
        <test-case id="0-1063" name="TestDefaultEndianExprException" fullname="Kaitai.SpecDefaultEndianExprException.TestDefaultEndianExprException" methodname="TestDefaultEndianExprException" classname="Kaitai.SpecDefaultEndianExprException" runstate="Runnable" seed="275716791" result="Passed" start-time="2024-06-11 10:09:17Z" end-time="2024-06-11 10:09:17Z" duration="0.003180" asserts="1" />
      </test-suite>
      <test-suite type="TestFixture" id="0-1064" name="SpecDefaultEndianExprInherited" fullname="Kaitai.SpecDefaultEndianExprInherited" classname="Kaitai.SpecDefaultEndianExprInherited" runstate="Runnable" testcasecount="1" result="Passed" start-time="2024-06-11 10:09:17Z" end-time="2024-06-11 10:09:17Z" duration="0.004525" total="1" passed="1" failed="0" inconclusive="0" skipped="0" asserts="15">
        <test-case id="0-1065" name="TestDefaultEndianExprInherited" fullname="Kaitai.SpecDefaultEndianExprInherited.TestDefaultEndianExprInherited" methodname="TestDefaultEndianExprInherited" classname="Kaitai.SpecDefaultEndianExprInherited" runstate="Runnable" seed="40073866" result="Passed" start-time="2024-06-11 10:09:17Z" end-time="2024-06-11 10:09:17Z" duration="0.002183" asserts="15" />
      </test-suite>
      <test-suite type="TestFixture" id="0-1066" name="SpecDefaultEndianExprIsBe" fullname="Kaitai.SpecDefaultEndianExprIsBe" classname="Kaitai.SpecDefaultEndianExprIsBe" runstate="Runnable" testcasecount="1" result="Passed" start-time="2024-06-11 10:09:17Z" end-time="2024-06-11 10:09:17Z" duration="0.004381" total="1" passed="1" failed="0" inconclusive="0" skipped="0" asserts="18">
        <test-case id="0-1067" name="TestDefaultEndianExprIsBe" fullname="Kaitai.SpecDefaultEndianExprIsBe.TestDefaultEndianExprIsBe" methodname="TestDefaultEndianExprIsBe" classname="Kaitai.SpecDefaultEndianExprIsBe" runstate="Runnable" seed="611071603" result="Passed" start-time="2024-06-11 10:09:17Z" end-time="2024-06-11 10:09:17Z" duration="0.002035" asserts="18" />
      </test-suite>
      <test-suite type="TestFixture" id="0-1068" name="SpecDefaultEndianExprIsLe" fullname="Kaitai.SpecDefaultEndianExprIsLe" classname="Kaitai.SpecDefaultEndianExprIsLe" runstate="Runnable" testcasecount="1" result="Passed" start-time="2024-06-11 10:09:17Z" end-time="2024-06-11 10:09:17Z" duration="0.003675" total="1" passed="1" failed="0" inconclusive="0" skipped="0" asserts="12">
        <test-case id="0-1069" name="TestDefaultEndianExprIsLe" fullname="Kaitai.SpecDefaultEndianExprIsLe.TestDefaultEndianExprIsLe" methodname="TestDefaultEndianExprIsLe" classname="Kaitai.SpecDefaultEndianExprIsLe" runstate="Runnable" seed="1997429609" result="Passed" start-time="2024-06-11 10:09:17Z" end-time="2024-06-11 10:09:17Z" duration="0.001332" asserts="12" />
      </test-suite>
      <test-suite type="TestFixture" id="0-1070" name="SpecDefaultEndianMod" fullname="Kaitai.SpecDefaultEndianMod" classname="Kaitai.SpecDefaultEndianMod" runstate="Runnable" testcasecount="1" result="Passed" start-time="2024-06-11 10:09:17Z" end-time="2024-06-11 10:09:17Z" duration="0.003169" total="1" passed="1" failed="0" inconclusive="0" skipped="0" asserts="3">
        <test-case id="0-1071" name="TestDefaultEndianMod" fullname="Kaitai.SpecDefaultEndianMod.TestDefaultEndianMod" methodname="TestDefaultEndianMod" classname="Kaitai.SpecDefaultEndianMod" runstate="Runnable" seed="709952998" result="Passed" start-time="2024-06-11 10:09:17Z" end-time="2024-06-11 10:09:17Z" duration="0.000743" asserts="3" />
      </test-suite>
      <test-suite type="TestFixture" id="0-1072" name="SpecDocstrings" fullname="Kaitai.SpecDocstrings" classname="Kaitai.SpecDocstrings" runstate="Runnable" testcasecount="1" result="Passed" start-time="2024-06-11 10:09:17Z" end-time="2024-06-11 10:09:17Z" duration="0.002604" total="1" passed="1" failed="0" inconclusive="0" skipped="0" asserts="0">
        <test-case id="0-1073" name="TestDocstrings" fullname="Kaitai.SpecDocstrings.TestDocstrings" methodname="TestDocstrings" classname="Kaitai.SpecDocstrings" runstate="Runnable" seed="1023074989" result="Passed" start-time="2024-06-11 10:09:17Z" end-time="2024-06-11 10:09:17Z" duration="0.000264" asserts="0" />
      </test-suite>
      <test-suite type="TestFixture" id="0-1074" name="SpecDocstringsDocref" fullname="Kaitai.SpecDocstringsDocref" classname="Kaitai.SpecDocstringsDocref" runstate="Runnable" testcasecount="1" result="Passed" start-time="2024-06-11 10:09:17Z" end-time="2024-06-11 10:09:17Z" duration="0.002598" total="1" passed="1" failed="0" inconclusive="0" skipped="0" asserts="0">
        <test-case id="0-1075" name="TestDocstringsDocref" fullname="Kaitai.SpecDocstringsDocref.TestDocstringsDocref" methodname="TestDocstringsDocref" classname="Kaitai.SpecDocstringsDocref" runstate="Runnable" seed="188460920" result="Passed" start-time="2024-06-11 10:09:17Z" end-time="2024-06-11 10:09:17Z" duration="0.000275" asserts="0" />
      </test-suite>
      <test-suite type="TestFixture" id="0-1076" name="SpecDocstringsDocrefMulti" fullname="Kaitai.SpecDocstringsDocrefMulti" classname="Kaitai.SpecDocstringsDocrefMulti" runstate="Runnable" testcasecount="1" result="Passed" start-time="2024-06-11 10:09:17Z" end-time="2024-06-11 10:09:17Z" duration="0.002571" total="1" passed="1" failed="0" inconclusive="0" skipped="0" asserts="0">
        <test-case id="0-1077" name="TestDocstringsDocrefMulti" fullname="Kaitai.SpecDocstringsDocrefMulti.TestDocstringsDocrefMulti" methodname="TestDocstringsDocrefMulti" classname="Kaitai.SpecDocstringsDocrefMulti" runstate="Runnable" seed="1282726110" result="Passed" start-time="2024-06-11 10:09:17Z" end-time="2024-06-11 10:09:17Z" duration="0.000213" asserts="0" />
      </test-suite>
      <test-suite type="TestFixture" id="0-1078" name="SpecEnum0" fullname="Kaitai.SpecEnum0" classname="Kaitai.SpecEnum0" runstate="Runnable" testcasecount="1" result="Passed" start-time="2024-06-11 10:09:17Z" end-time="2024-06-11 10:09:17Z" duration="0.002654" total="1" passed="1" failed="0" inconclusive="0" skipped="0" asserts="2">
        <test-case id="0-1079" name="TestEnum0" fullname="Kaitai.SpecEnum0.TestEnum0" methodname="TestEnum0" classname="Kaitai.SpecEnum0" runstate="Runnable" seed="49059726" result="Passed" start-time="2024-06-11 10:09:17Z" end-time="2024-06-11 10:09:17Z" duration="0.000334" asserts="2" />
      </test-suite>
      <test-suite type="TestFixture" id="0-1080" name="SpecEnum1" fullname="Kaitai.SpecEnum1" classname="Kaitai.SpecEnum1" runstate="Runnable" testcasecount="1" result="Passed" start-time="2024-06-11 10:09:17Z" end-time="2024-06-11 10:09:17Z" duration="0.002763" total="1" passed="1" failed="0" inconclusive="0" skipped="0" asserts="2">
        <test-case id="0-1081" name="TestEnum1" fullname="Kaitai.SpecEnum1.TestEnum1" methodname="TestEnum1" classname="Kaitai.SpecEnum1" runstate="Runnable" seed="211232230" result="Passed" start-time="2024-06-11 10:09:17Z" end-time="2024-06-11 10:09:17Z" duration="0.000444" asserts="2" />
      </test-suite>
      <test-suite type="TestFixture" id="0-1082" name="SpecEnumDeep" fullname="Kaitai.SpecEnumDeep" classname="Kaitai.SpecEnumDeep" runstate="Runnable" testcasecount="1" result="Passed" start-time="2024-06-11 10:09:18Z" end-time="2024-06-11 10:09:18Z" duration="0.002643" total="1" passed="1" failed="0" inconclusive="0" skipped="0" asserts="2">
        <test-case id="0-1083" name="TestEnumDeep" fullname="Kaitai.SpecEnumDeep.TestEnumDeep" methodname="TestEnumDeep" classname="Kaitai.SpecEnumDeep" runstate="Runnable" seed="1591140913" result="Passed" start-time="2024-06-11 10:09:18Z" end-time="2024-06-11 10:09:18Z" duration="0.000323" asserts="2" />
      </test-suite>
      <test-suite type="TestFixture" id="0-1084" name="SpecEnumDeepLiterals" fullname="Kaitai.SpecEnumDeepLiterals" classname="Kaitai.SpecEnumDeepLiterals" runstate="Runnable" testcasecount="1" result="Passed" start-time="2024-06-11 10:09:18Z" end-time="2024-06-11 10:09:18Z" duration="0.002726" total="1" passed="1" failed="0" inconclusive="0" skipped="0" asserts="2">
        <test-case id="0-1085" name="TestEnumDeepLiterals" fullname="Kaitai.SpecEnumDeepLiterals.TestEnumDeepLiterals" methodname="TestEnumDeepLiterals" classname="Kaitai.SpecEnumDeepLiterals" runstate="Runnable" seed="2109117164" result="Passed" start-time="2024-06-11 10:09:18Z" end-time="2024-06-11 10:09:18Z" duration="0.000407" asserts="2" />
      </test-suite>
      <test-suite type="TestFixture" id="0-1086" name="SpecEnumFancy" fullname="Kaitai.SpecEnumFancy" classname="Kaitai.SpecEnumFancy" runstate="Runnable" testcasecount="1" result="Passed" start-time="2024-06-11 10:09:18Z" end-time="2024-06-11 10:09:18Z" duration="0.002664" total="1" passed="1" failed="0" inconclusive="0" skipped="0" asserts="2">
        <test-case id="0-1087" name="TestEnumFancy" fullname="Kaitai.SpecEnumFancy.TestEnumFancy" methodname="TestEnumFancy" classname="Kaitai.SpecEnumFancy" runstate="Runnable" seed="174584077" result="Passed" start-time="2024-06-11 10:09:18Z" end-time="2024-06-11 10:09:18Z" duration="0.000312" asserts="2" />
      </test-suite>
      <test-suite type="TestFixture" id="0-1088" name="SpecEnumIf" fullname="Kaitai.SpecEnumIf" classname="Kaitai.SpecEnumIf" runstate="Runnable" testcasecount="1" result="Passed" start-time="2024-06-11 10:09:18Z" end-time="2024-06-11 10:09:18Z" duration="0.003271" total="1" passed="1" failed="0" inconclusive="0" skipped="0" asserts="7">
        <test-case id="0-1089" name="TestEnumIf" fullname="Kaitai.SpecEnumIf.TestEnumIf" methodname="TestEnumIf" classname="Kaitai.SpecEnumIf" runstate="Runnable" seed="479322022" result="Passed" start-time="2024-06-11 10:09:18Z" end-time="2024-06-11 10:09:18Z" duration="0.000905" asserts="7" />
      </test-suite>
      <test-suite type="TestFixture" id="0-1090" name="SpecEnumImportLiterals" fullname="Kaitai.SpecEnumImportLiterals" classname="Kaitai.SpecEnumImportLiterals" runstate="Runnable" testcasecount="1" result="Passed" start-time="2024-06-11 10:09:18Z" end-time="2024-06-11 10:09:18Z" duration="0.002736" total="1" passed="1" failed="0" inconclusive="0" skipped="0" asserts="3">
        <test-case id="0-1091" name="TestEnumImportLiterals" fullname="Kaitai.SpecEnumImportLiterals.TestEnumImportLiterals" methodname="TestEnumImportLiterals" classname="Kaitai.SpecEnumImportLiterals" runstate="Runnable" seed="1485802826" result="Passed" start-time="2024-06-11 10:09:18Z" end-time="2024-06-11 10:09:18Z" duration="0.000396" asserts="3" />
      </test-suite>
      <test-suite type="TestFixture" id="0-1092" name="SpecEnumImportSeq" fullname="Kaitai.SpecEnumImportSeq" classname="Kaitai.SpecEnumImportSeq" runstate="Runnable" testcasecount="1" result="Passed" start-time="2024-06-11 10:09:18Z" end-time="2024-06-11 10:09:18Z" duration="0.002659" total="1" passed="1" failed="0" inconclusive="0" skipped="0" asserts="2">
        <test-case id="0-1093" name="TestEnumImportSeq" fullname="Kaitai.SpecEnumImportSeq.TestEnumImportSeq" methodname="TestEnumImportSeq" classname="Kaitai.SpecEnumImportSeq" runstate="Runnable" seed="356976604" result="Passed" start-time="2024-06-11 10:09:18Z" end-time="2024-06-11 10:09:18Z" duration="0.000324" asserts="2" />
      </test-suite>
      <test-suite type="TestFixture" id="0-1094" name="SpecEnumIntRangeS" fullname="Kaitai.SpecEnumIntRangeS" classname="Kaitai.SpecEnumIntRangeS" runstate="Runnable" testcasecount="1" result="Passed" start-time="2024-06-11 10:09:18Z" end-time="2024-06-11 10:09:18Z" duration="0.002701" total="1" passed="1" failed="0" inconclusive="0" skipped="0" asserts="3">
        <test-case id="0-1095" name="TestEnumIntRangeS" fullname="Kaitai.SpecEnumIntRangeS.TestEnumIntRangeS" methodname="TestEnumIntRangeS" classname="Kaitai.SpecEnumIntRangeS" runstate="Runnable" seed="308201371" result="Passed" start-time="2024-06-11 10:09:18Z" end-time="2024-06-11 10:09:18Z" duration="0.000365" asserts="3" />
      </test-suite>
      <test-suite type="TestFixture" id="0-1096" name="SpecEnumInvalid" fullname="Kaitai.SpecEnumInvalid" classname="Kaitai.SpecEnumInvalid" runstate="Runnable" testcasecount="1" result="Passed" start-time="2024-06-11 10:09:18Z" end-time="2024-06-11 10:09:18Z" duration="0.002653" total="1" passed="1" failed="0" inconclusive="0" skipped="0" asserts="2">
        <test-case id="0-1097" name="TestEnumInvalid" fullname="Kaitai.SpecEnumInvalid.TestEnumInvalid" methodname="TestEnumInvalid" classname="Kaitai.SpecEnumInvalid" runstate="Runnable" seed="1779810358" result="Passed" start-time="2024-06-11 10:09:18Z" end-time="2024-06-11 10:09:18Z" duration="0.000320" asserts="2" />
      </test-suite>
      <test-suite type="TestFixture" id="0-1098" name="SpecEnumNegative" fullname="Kaitai.SpecEnumNegative" classname="Kaitai.SpecEnumNegative" runstate="Runnable" testcasecount="1" result="Passed" start-time="2024-06-11 10:09:18Z" end-time="2024-06-11 10:09:18Z" duration="0.002705" total="1" passed="1" failed="0" inconclusive="0" skipped="0" asserts="2">
        <test-case id="0-1099" name="TestEnumNegative" fullname="Kaitai.SpecEnumNegative.TestEnumNegative" methodname="TestEnumNegative" classname="Kaitai.SpecEnumNegative" runstate="Runnable" seed="32806662" result="Passed" start-time="2024-06-11 10:09:18Z" end-time="2024-06-11 10:09:18Z" duration="0.000373" asserts="2" />
      </test-suite>
      <test-suite type="TestFixture" id="0-1100" name="SpecEnumOfValueInst" fullname="Kaitai.SpecEnumOfValueInst" classname="Kaitai.SpecEnumOfValueInst" runstate="Runnable" testcasecount="1" result="Passed" start-time="2024-06-11 10:09:18Z" end-time="2024-06-11 10:09:18Z" duration="0.002812" total="1" passed="1" failed="0" inconclusive="0" skipped="0" asserts="4">
        <test-case id="0-1101" name="TestEnumOfValueInst" fullname="Kaitai.SpecEnumOfValueInst.TestEnumOfValueInst" methodname="TestEnumOfValueInst" classname="Kaitai.SpecEnumOfValueInst" runstate="Runnable" seed="1311487465" result="Passed" start-time="2024-06-11 10:09:18Z" end-time="2024-06-11 10:09:18Z" duration="0.000476" asserts="4" />
      </test-suite>
      <test-suite type="TestFixture" id="0-1102" name="SpecEofExceptionBytes" fullname="Kaitai.SpecEofExceptionBytes" classname="Kaitai.SpecEofExceptionBytes" runstate="Runnable" testcasecount="1" result="Passed" start-time="2024-06-11 10:09:18Z" end-time="2024-06-11 10:09:18Z" duration="0.003365" total="1" passed="1" failed="0" inconclusive="0" skipped="0" asserts="1">
        <test-case id="0-1103" name="TestEofExceptionBytes" fullname="Kaitai.SpecEofExceptionBytes.TestEofExceptionBytes" methodname="TestEofExceptionBytes" classname="Kaitai.SpecEofExceptionBytes" runstate="Runnable" seed="1225043900" result="Passed" start-time="2024-06-11 10:09:18Z" end-time="2024-06-11 10:09:18Z" duration="0.001022" asserts="1" />
      </test-suite>
      <test-suite type="TestFixture" id="0-1104" name="SpecEofExceptionSized" fullname="Kaitai.SpecEofExceptionSized" classname="Kaitai.SpecEofExceptionSized" runstate="Runnable" testcasecount="1" result="Passed" start-time="2024-06-11 10:09:18Z" end-time="2024-06-11 10:09:18Z" duration="0.002752" total="1" passed="1" failed="0" inconclusive="0" skipped="0" asserts="1">
        <test-case id="0-1105" name="TestEofExceptionSized" fullname="Kaitai.SpecEofExceptionSized.TestEofExceptionSized" methodname="TestEofExceptionSized" classname="Kaitai.SpecEofExceptionSized" runstate="Runnable" seed="1522639800" result="Passed" start-time="2024-06-11 10:09:18Z" end-time="2024-06-11 10:09:18Z" duration="0.000392" asserts="1" />
      </test-suite>
      <test-suite type="TestFixture" id="0-1106" name="SpecEofExceptionU4" fullname="Kaitai.SpecEofExceptionU4" classname="Kaitai.SpecEofExceptionU4" runstate="Runnable" testcasecount="1" result="Passed" start-time="2024-06-11 10:09:18Z" end-time="2024-06-11 10:09:18Z" duration="0.002699" total="1" passed="1" failed="0" inconclusive="0" skipped="0" asserts="1">
        <test-case id="0-1107" name="TestEofExceptionU4" fullname="Kaitai.SpecEofExceptionU4.TestEofExceptionU4" methodname="TestEofExceptionU4" classname="Kaitai.SpecEofExceptionU4" runstate="Runnable" seed="1033284774" result="Passed" start-time="2024-06-11 10:09:18Z" end-time="2024-06-11 10:09:18Z" duration="0.000360" asserts="1" />
      </test-suite>
      <test-suite type="TestFixture" id="0-1108" name="SpecEosExceptionBytes" fullname="Kaitai.SpecEosExceptionBytes" classname="Kaitai.SpecEosExceptionBytes" runstate="Runnable" testcasecount="1" result="Passed" start-time="2024-06-11 10:09:18Z" end-time="2024-06-11 10:09:18Z" duration="0.002762" total="1" passed="1" failed="0" inconclusive="0" skipped="0" asserts="1">
        <test-case id="0-1109" name="TestEosExceptionBytes" fullname="Kaitai.SpecEosExceptionBytes.TestEosExceptionBytes" methodname="TestEosExceptionBytes" classname="Kaitai.SpecEosExceptionBytes" runstate="Runnable" seed="848266984" result="Passed" start-time="2024-06-11 10:09:18Z" end-time="2024-06-11 10:09:18Z" duration="0.000428" asserts="1" />
      </test-suite>
      <test-suite type="TestFixture" id="0-1110" name="SpecEosExceptionSized" fullname="Kaitai.SpecEosExceptionSized" classname="Kaitai.SpecEosExceptionSized" runstate="Runnable" testcasecount="1" result="Passed" start-time="2024-06-11 10:09:18Z" end-time="2024-06-11 10:09:18Z" duration="0.002817" total="1" passed="1" failed="0" inconclusive="0" skipped="0" asserts="1">
        <test-case id="0-1111" name="TestEosExceptionSized" fullname="Kaitai.SpecEosExceptionSized.TestEosExceptionSized" methodname="TestEosExceptionSized" classname="Kaitai.SpecEosExceptionSized" runstate="Runnable" seed="471169781" result="Passed" start-time="2024-06-11 10:09:18Z" end-time="2024-06-11 10:09:18Z" duration="0.000484" asserts="1" />
      </test-suite>
      <test-suite type="TestFixture" id="0-1112" name="SpecEosExceptionU4" fullname="Kaitai.SpecEosExceptionU4" classname="Kaitai.SpecEosExceptionU4" runstate="Runnable" testcasecount="1" result="Passed" start-time="2024-06-11 10:09:18Z" end-time="2024-06-11 10:09:18Z" duration="0.002760" total="1" passed="1" failed="0" inconclusive="0" skipped="0" asserts="1">
        <test-case id="0-1113" name="TestEosExceptionU4" fullname="Kaitai.SpecEosExceptionU4.TestEosExceptionU4" methodname="TestEosExceptionU4" classname="Kaitai.SpecEosExceptionU4" runstate="Runnable" seed="570903378" result="Passed" start-time="2024-06-11 10:09:18Z" end-time="2024-06-11 10:09:18Z" duration="0.000427" asserts="1" />
      </test-suite>
      <test-suite type="TestFixture" id="0-1114" name="SpecExpr0" fullname="Kaitai.SpecExpr0" classname="Kaitai.SpecExpr0" runstate="Runnable" testcasecount="1" result="Passed" start-time="2024-06-11 10:09:18Z" end-time="2024-06-11 10:09:18Z" duration="0.002703" total="1" passed="1" failed="0" inconclusive="0" skipped="0" asserts="2">
        <test-case id="0-1115" name="TestExpr0" fullname="Kaitai.SpecExpr0.TestExpr0" methodname="TestExpr0" classname="Kaitai.SpecExpr0" runstate="Runnable" seed="203245789" result="Passed" start-time="2024-06-11 10:09:18Z" end-time="2024-06-11 10:09:18Z" duration="0.000373" asserts="2" />
      </test-suite>
      <test-suite type="TestFixture" id="0-1116" name="SpecExpr1" fullname="Kaitai.SpecExpr1" classname="Kaitai.SpecExpr1" runstate="Runnable" testcasecount="1" result="Passed" start-time="2024-06-11 10:09:18Z" end-time="2024-06-11 10:09:18Z" duration="0.002787" total="1" passed="1" failed="0" inconclusive="0" skipped="0" asserts="4">
        <test-case id="0-1117" name="TestExpr1" fullname="Kaitai.SpecExpr1.TestExpr1" methodname="TestExpr1" classname="Kaitai.SpecExpr1" runstate="Runnable" seed="1641407812" result="Passed" start-time="2024-06-11 10:09:18Z" end-time="2024-06-11 10:09:18Z" duration="0.000455" asserts="4" />
      </test-suite>
      <test-suite type="TestFixture" id="0-1118" name="SpecExpr2" fullname="Kaitai.SpecExpr2" classname="Kaitai.SpecExpr2" runstate="Runnable" testcasecount="1" result="Passed" start-time="2024-06-11 10:09:18Z" end-time="2024-06-11 10:09:18Z" duration="0.003657" total="1" passed="1" failed="0" inconclusive="0" skipped="0" asserts="17">
        <test-case id="0-1119" name="TestExpr2" fullname="Kaitai.SpecExpr2.TestExpr2" methodname="TestExpr2" classname="Kaitai.SpecExpr2" runstate="Runnable" seed="1606939973" result="Passed" start-time="2024-06-11 10:09:18Z" end-time="2024-06-11 10:09:18Z" duration="0.001327" asserts="17" />
      </test-suite>
      <test-suite type="TestFixture" id="0-1120" name="SpecExpr3" fullname="Kaitai.SpecExpr3" classname="Kaitai.SpecExpr3" runstate="Runnable" testcasecount="1" result="Passed" start-time="2024-06-11 10:09:18Z" end-time="2024-06-11 10:09:18Z" duration="0.003357" total="1" passed="1" failed="0" inconclusive="0" skipped="0" asserts="12">
        <test-case id="0-1121" name="TestExpr3" fullname="Kaitai.SpecExpr3.TestExpr3" methodname="TestExpr3" classname="Kaitai.SpecExpr3" runstate="Runnable" seed="1944612051" result="Passed" start-time="2024-06-11 10:09:18Z" end-time="2024-06-11 10:09:18Z" duration="0.001017" asserts="12" />
      </test-suite>
      <test-suite type="TestFixture" id="0-1122" name="SpecExprArray" fullname="Kaitai.SpecExprArray" classname="Kaitai.SpecExprArray" runstate="Runnable" testcasecount="1" result="Passed" start-time="2024-06-11 10:09:18Z" end-time="2024-06-11 10:09:18Z" duration="0.007831" total="1" passed="1" failed="0" inconclusive="0" skipped="0" asserts="15">
        <test-case id="0-1123" name="TestExprArray" fullname="Kaitai.SpecExprArray.TestExprArray" methodname="TestExprArray" classname="Kaitai.SpecExprArray" runstate="Runnable" seed="205785709" result="Passed" start-time="2024-06-11 10:09:18Z" end-time="2024-06-11 10:09:18Z" duration="0.005495" asserts="15" />
      </test-suite>
      <test-suite type="TestFixture" id="0-1124" name="SpecExprBytesCmp" fullname="Kaitai.SpecExprBytesCmp" classname="Kaitai.SpecExprBytesCmp" runstate="Runnable" testcasecount="1" result="Passed" start-time="2024-06-11 10:09:18Z" end-time="2024-06-11 10:09:18Z" duration="0.003369" total="1" passed="1" failed="0" inconclusive="0" skipped="0" asserts="10">
        <test-case id="0-1125" name="TestExprBytesCmp" fullname="Kaitai.SpecExprBytesCmp.TestExprBytesCmp" methodname="TestExprBytesCmp" classname="Kaitai.SpecExprBytesCmp" runstate="Runnable" seed="883697137" result="Passed" start-time="2024-06-11 10:09:18Z" end-time="2024-06-11 10:09:18Z" duration="0.001023" asserts="10" />
      </test-suite>
      <test-suite type="TestFixture" id="0-1126" name="SpecExprBytesNonLiteral" fullname="Kaitai.SpecExprBytesNonLiteral" classname="Kaitai.SpecExprBytesNonLiteral" runstate="Runnable" testcasecount="1" result="Passed" start-time="2024-06-11 10:09:18Z" end-time="2024-06-11 10:09:18Z" duration="0.002735" total="1" passed="1" failed="0" inconclusive="0" skipped="0" asserts="3">
        <test-case id="0-1127" name="TestExprBytesNonLiteral" fullname="Kaitai.SpecExprBytesNonLiteral.TestExprBytesNonLiteral" methodname="TestExprBytesNonLiteral" classname="Kaitai.SpecExprBytesNonLiteral" runstate="Runnable" seed="1497614522" result="Passed" start-time="2024-06-11 10:09:18Z" end-time="2024-06-11 10:09:18Z" duration="0.000396" asserts="3" />
      </test-suite>
      <test-suite type="TestFixture" id="0-1128" name="SpecExprBytesOps" fullname="Kaitai.SpecExprBytesOps" classname="Kaitai.SpecExprBytesOps" runstate="Runnable" testcasecount="1" result="Passed" start-time="2024-06-11 10:09:18Z" end-time="2024-06-11 10:09:18Z" duration="0.004888" total="1" passed="1" failed="0" inconclusive="0" skipped="0" asserts="16">
        <test-case id="0-1129" name="TestExprBytesOps" fullname="Kaitai.SpecExprBytesOps.TestExprBytesOps" methodname="TestExprBytesOps" classname="Kaitai.SpecExprBytesOps" runstate="Runnable" seed="1304475086" result="Passed" start-time="2024-06-11 10:09:18Z" end-time="2024-06-11 10:09:18Z" duration="0.002550" asserts="16" />
      </test-suite>
      <test-suite type="TestFixture" id="0-1130" name="SpecExprCalcArrayOps" fullname="Kaitai.SpecExprCalcArrayOps" classname="Kaitai.SpecExprCalcArrayOps" runstate="Runnable" testcasecount="1" result="Passed" start-time="2024-06-11 10:09:18Z" end-time="2024-06-11 10:09:18Z" duration="0.004981" total="1" passed="1" failed="0" inconclusive="0" skipped="0" asserts="18">
        <test-case id="0-1131" name="TestExprCalcArrayOps" fullname="Kaitai.SpecExprCalcArrayOps.TestExprCalcArrayOps" methodname="TestExprCalcArrayOps" classname="Kaitai.SpecExprCalcArrayOps" runstate="Runnable" seed="120534231" result="Passed" start-time="2024-06-11 10:09:18Z" end-time="2024-06-11 10:09:18Z" duration="0.002638" asserts="18" />
      </test-suite>
      <test-suite type="TestFixture" id="0-1132" name="SpecExprEnum" fullname="Kaitai.SpecExprEnum" classname="Kaitai.SpecExprEnum" runstate="Runnable" testcasecount="1" result="Passed" start-time="2024-06-11 10:09:18Z" end-time="2024-06-11 10:09:18Z" duration="0.002821" total="1" passed="1" failed="0" inconclusive="0" skipped="0" asserts="3">
        <test-case id="0-1133" name="TestExprEnum" fullname="Kaitai.SpecExprEnum.TestExprEnum" methodname="TestExprEnum" classname="Kaitai.SpecExprEnum" runstate="Runnable" seed="1703432987" result="Passed" start-time="2024-06-11 10:09:18Z" end-time="2024-06-11 10:09:18Z" duration="0.000479" asserts="3" />
      </test-suite>
      <test-suite type="TestFixture" id="0-1134" name="SpecExprFstring0" fullname="Kaitai.SpecExprFstring0" classname="Kaitai.SpecExprFstring0" runstate="Runnable" testcasecount="1" result="Passed" start-time="2024-06-11 10:09:18Z" end-time="2024-06-11 10:09:18Z" duration="0.003162" total="1" passed="1" failed="0" inconclusive="0" skipped="0" asserts="9">
        <test-case id="0-1135" name="TestExprFstring0" fullname="Kaitai.SpecExprFstring0.TestExprFstring0" methodname="TestExprFstring0" classname="Kaitai.SpecExprFstring0" runstate="Runnable" seed="1693172806" result="Passed" start-time="2024-06-11 10:09:18Z" end-time="2024-06-11 10:09:18Z" duration="0.000820" asserts="9" />
      </test-suite>
      <test-suite type="TestFixture" id="0-1136" name="SpecExprIfIntOps" fullname="Kaitai.SpecExprIfIntOps" classname="Kaitai.SpecExprIfIntOps" runstate="Runnable" testcasecount="1" result="Passed" start-time="2024-06-11 10:09:18Z" end-time="2024-06-11 10:09:18Z" duration="0.003069" total="1" passed="1" failed="0" inconclusive="0" skipped="0" asserts="2">
        <test-case id="0-1137" name="TestExprIfIntOps" fullname="Kaitai.SpecExprIfIntOps.TestExprIfIntOps" methodname="TestExprIfIntOps" classname="Kaitai.SpecExprIfIntOps" runstate="Runnable" seed="737995799" result="Passed" start-time="2024-06-11 10:09:18Z" end-time="2024-06-11 10:09:18Z" duration="0.000728" asserts="2" />
      </test-suite>
      <test-suite type="TestFixture" id="0-1138" name="SpecExprIntDiv" fullname="Kaitai.SpecExprIntDiv" classname="Kaitai.SpecExprIntDiv" runstate="Runnable" testcasecount="1" result="Failed" site="Child" start-time="2024-06-11 10:09:18Z" end-time="2024-06-11 10:09:18Z" duration="0.010432" total="1" passed="0" failed="1" inconclusive="0" skipped="0" asserts="4">
        <failure>
          <message><![CDATA[One or more child tests had errors]]></message>
        </failure>
        <test-case id="0-1139" name="TestExprIntDiv" fullname="Kaitai.SpecExprIntDiv.TestExprIntDiv" methodname="TestExprIntDiv" classname="Kaitai.SpecExprIntDiv" runstate="Runnable" seed="1203012055" result="Failed" start-time="2024-06-11 10:09:18Z" end-time="2024-06-11 10:09:18Z" duration="0.008041" asserts="4">
          <failure>
            <message><![CDATA[  Expected: -756
  But was:  -757
]]></message>
            <stack-trace><![CDATA[at Kaitai.SpecExprIntDiv.TestExprIntDiv () [0x00069] in <0551a76891084478af1af7800682b79e>:0
]]></stack-trace>
          </failure>
        </test-case>
      </test-suite>
      <test-suite type="TestFixture" id="0-1140" name="SpecExprIoEof" fullname="Kaitai.SpecExprIoEof" classname="Kaitai.SpecExprIoEof" runstate="Runnable" testcasecount="1" result="Passed" start-time="2024-06-11 10:09:18Z" end-time="2024-06-11 10:09:18Z" duration="0.003185" total="1" passed="1" failed="0" inconclusive="0" skipped="0" asserts="4">
        <test-case id="0-1141" name="TestExprIoEof" fullname="Kaitai.SpecExprIoEof.TestExprIoEof" methodname="TestExprIoEof" classname="Kaitai.SpecExprIoEof" runstate="Runnable" seed="165875488" result="Passed" start-time="2024-06-11 10:09:18Z" end-time="2024-06-11 10:09:18Z" duration="0.000828" asserts="4" />
      </test-suite>
      <test-suite type="TestFixture" id="0-1142" name="SpecExprIoPos" fullname="Kaitai.SpecExprIoPos" classname="Kaitai.SpecExprIoPos" runstate="Runnable" testcasecount="1" result="Passed" start-time="2024-06-11 10:09:18Z" end-time="2024-06-11 10:09:18Z" duration="0.002962" total="1" passed="1" failed="0" inconclusive="0" skipped="0" asserts="6">
        <test-case id="0-1143" name="TestExprIoPos" fullname="Kaitai.SpecExprIoPos.TestExprIoPos" methodname="TestExprIoPos" classname="Kaitai.SpecExprIoPos" runstate="Runnable" seed="1107419626" result="Passed" start-time="2024-06-11 10:09:18Z" end-time="2024-06-11 10:09:18Z" duration="0.000620" asserts="6" />
      </test-suite>
      <test-suite type="TestFixture" id="0-1144" name="SpecExprMod" fullname="Kaitai.SpecExprMod" classname="Kaitai.SpecExprMod" runstate="Runnable" testcasecount="1" result="Passed" start-time="2024-06-11 10:09:18Z" end-time="2024-06-11 10:09:18Z" duration="0.002967" total="1" passed="1" failed="0" inconclusive="0" skipped="0" asserts="6">
        <test-case id="0-1145" name="TestExprMod" fullname="Kaitai.SpecExprMod.TestExprMod" methodname="TestExprMod" classname="Kaitai.SpecExprMod" runstate="Runnable" seed="524385562" result="Passed" start-time="2024-06-11 10:09:18Z" end-time="2024-06-11 10:09:18Z" duration="0.000626" asserts="6" />
      </test-suite>
      <test-suite type="TestFixture" id="0-1146" name="SpecExprOpsParens" fullname="Kaitai.SpecExprOpsParens" classname="Kaitai.SpecExprOpsParens" runstate="Runnable" testcasecount="1" result="Passed" start-time="2024-06-11 10:09:18Z" end-time="2024-06-11 10:09:18Z" duration="0.004843" total="1" passed="1" failed="0" inconclusive="0" skipped="0" asserts="9">
        <test-case id="0-1147" name="TestExprOpsParens" fullname="Kaitai.SpecExprOpsParens.TestExprOpsParens" methodname="TestExprOpsParens" classname="Kaitai.SpecExprOpsParens" runstate="Runnable" seed="1626283256" result="Passed" start-time="2024-06-11 10:09:18Z" end-time="2024-06-11 10:09:18Z" duration="0.002494" asserts="9" />
      </test-suite>
      <test-suite type="TestFixture" id="0-1148" name="SpecExprSizeofType0" fullname="Kaitai.SpecExprSizeofType0" classname="Kaitai.SpecExprSizeofType0" runstate="Runnable" testcasecount="1" result="Passed" start-time="2024-06-11 10:09:18Z" end-time="2024-06-11 10:09:18Z" duration="0.002631" total="1" passed="1" failed="0" inconclusive="0" skipped="0" asserts="1">
        <test-case id="0-1149" name="TestExprSizeofType0" fullname="Kaitai.SpecExprSizeofType0.TestExprSizeofType0" methodname="TestExprSizeofType0" classname="Kaitai.SpecExprSizeofType0" runstate="Runnable" seed="614594377" result="Passed" start-time="2024-06-11 10:09:18Z" end-time="2024-06-11 10:09:18Z" duration="0.000291" asserts="1" />
      </test-suite>
      <test-suite type="TestFixture" id="0-1150" name="SpecExprSizeofType1" fullname="Kaitai.SpecExprSizeofType1" classname="Kaitai.SpecExprSizeofType1" runstate="Runnable" testcasecount="1" result="Passed" start-time="2024-06-11 10:09:18Z" end-time="2024-06-11 10:09:18Z" duration="0.002690" total="1" passed="1" failed="0" inconclusive="0" skipped="0" asserts="2">
        <test-case id="0-1151" name="TestExprSizeofType1" fullname="Kaitai.SpecExprSizeofType1.TestExprSizeofType1" methodname="TestExprSizeofType1" classname="Kaitai.SpecExprSizeofType1" runstate="Runnable" seed="1249947735" result="Passed" start-time="2024-06-11 10:09:18Z" end-time="2024-06-11 10:09:18Z" duration="0.000330" asserts="2" />
      </test-suite>
      <test-suite type="TestFixture" id="0-1152" name="SpecExprSizeofValue0" fullname="Kaitai.SpecExprSizeofValue0" classname="Kaitai.SpecExprSizeofValue0" runstate="Runnable" testcasecount="1" result="Passed" start-time="2024-06-11 10:09:18Z" end-time="2024-06-11 10:09:18Z" duration="0.002923" total="1" passed="1" failed="0" inconclusive="0" skipped="0" asserts="5">
        <test-case id="0-1153" name="TestExprSizeofValue0" fullname="Kaitai.SpecExprSizeofValue0.TestExprSizeofValue0" methodname="TestExprSizeofValue0" classname="Kaitai.SpecExprSizeofValue0" runstate="Runnable" seed="1206426607" result="Passed" start-time="2024-06-11 10:09:18Z" end-time="2024-06-11 10:09:18Z" duration="0.000590" asserts="5" />
      </test-suite>
      <test-suite type="TestFixture" id="0-1154" name="SpecExprSizeofValueSized" fullname="Kaitai.SpecExprSizeofValueSized" classname="Kaitai.SpecExprSizeofValueSized" runstate="Runnable" testcasecount="1" result="Passed" start-time="2024-06-11 10:09:18Z" end-time="2024-06-11 10:09:18Z" duration="0.002927" total="1" passed="1" failed="0" inconclusive="0" skipped="0" asserts="5">
        <test-case id="0-1155" name="TestExprSizeofValueSized" fullname="Kaitai.SpecExprSizeofValueSized.TestExprSizeofValueSized" methodname="TestExprSizeofValueSized" classname="Kaitai.SpecExprSizeofValueSized" runstate="Runnable" seed="1206990887" result="Passed" start-time="2024-06-11 10:09:18Z" end-time="2024-06-11 10:09:18Z" duration="0.000587" asserts="5" />
      </test-suite>
      <test-suite type="TestFixture" id="0-1156" name="SpecExprStrEncodings" fullname="Kaitai.SpecExprStrEncodings" classname="Kaitai.SpecExprStrEncodings" runstate="Runnable" testcasecount="1" result="Passed" start-time="2024-06-11 10:09:18Z" end-time="2024-06-11 10:09:18Z" duration="0.159179" total="1" passed="1" failed="0" inconclusive="0" skipped="0" asserts="7">
        <test-case id="0-1157" name="TestExprStrEncodings" fullname="Kaitai.SpecExprStrEncodings.TestExprStrEncodings" methodname="TestExprStrEncodings" classname="Kaitai.SpecExprStrEncodings" runstate="Runnable" seed="698841544" result="Passed" start-time="2024-06-11 10:09:18Z" end-time="2024-06-11 10:09:18Z" duration="0.156832" asserts="7" />
      </test-suite>
      <test-suite type="TestFixture" id="0-1158" name="SpecExprStrOps" fullname="Kaitai.SpecExprStrOps" classname="Kaitai.SpecExprStrOps" runstate="Runnable" testcasecount="1" result="Passed" start-time="2024-06-11 10:09:18Z" end-time="2024-06-11 10:09:18Z" duration="0.003427" total="1" passed="1" failed="0" inconclusive="0" skipped="0" asserts="17">
        <test-case id="0-1159" name="TestExprStrOps" fullname="Kaitai.SpecExprStrOps.TestExprStrOps" methodname="TestExprStrOps" classname="Kaitai.SpecExprStrOps" runstate="Runnable" seed="651943903" result="Passed" start-time="2024-06-11 10:09:18Z" end-time="2024-06-11 10:09:18Z" duration="0.001067" asserts="17" />
      </test-suite>
      <test-suite type="TestFixture" id="0-1160" name="SpecExprToITrailing" fullname="Kaitai.SpecExprToITrailing" classname="Kaitai.SpecExprToITrailing" runstate="Runnable" testcasecount="1" result="Passed" start-time="2024-06-11 10:09:18Z" end-time="2024-06-11 10:09:18Z" duration="0.003080" total="1" passed="1" failed="0" inconclusive="0" skipped="0" asserts="3">
        <test-case id="0-1161" name="TestExprToITrailing" fullname="Kaitai.SpecExprToITrailing.TestExprToITrailing" methodname="TestExprToITrailing" classname="Kaitai.SpecExprToITrailing" runstate="Runnable" seed="1835692342" result="Passed" start-time="2024-06-11 10:09:18Z" end-time="2024-06-11 10:09:18Z" duration="0.000746" asserts="3" />
      </test-suite>
      <test-suite type="TestFixture" id="0-1162" name="SpecFixedContents" fullname="Kaitai.SpecFixedContents" classname="Kaitai.SpecFixedContents" runstate="Runnable" testcasecount="1" result="Passed" start-time="2024-06-11 10:09:18Z" end-time="2024-06-11 10:09:18Z" duration="0.002771" total="1" passed="1" failed="0" inconclusive="0" skipped="0" asserts="0">
        <test-case id="0-1163" name="TestFixedContents" fullname="Kaitai.SpecFixedContents.TestFixedContents" methodname="TestFixedContents" classname="Kaitai.SpecFixedContents" runstate="Runnable" seed="728936645" result="Passed" start-time="2024-06-11 10:09:18Z" end-time="2024-06-11 10:09:18Z" duration="0.000426" asserts="0" />
      </test-suite>
      <test-suite type="TestFixture" id="0-1164" name="SpecFixedStruct" fullname="Kaitai.SpecFixedStruct" classname="Kaitai.SpecFixedStruct" runstate="Runnable" testcasecount="1" result="Passed" start-time="2024-06-11 10:09:18Z" end-time="2024-06-11 10:09:18Z" duration="0.004023" total="1" passed="1" failed="0" inconclusive="0" skipped="0" asserts="20">
        <test-case id="0-1165" name="TestFixedStruct" fullname="Kaitai.SpecFixedStruct.TestFixedStruct" methodname="TestFixedStruct" classname="Kaitai.SpecFixedStruct" runstate="Runnable" seed="1080433306" result="Passed" start-time="2024-06-11 10:09:18Z" end-time="2024-06-11 10:09:18Z" duration="0.001681" asserts="20" />
      </test-suite>
      <test-suite type="TestFixture" id="0-1168" name="SpecFloatingPoints" fullname="Kaitai.SpecFloatingPoints" classname="Kaitai.SpecFloatingPoints" runstate="Runnable" testcasecount="1" result="Passed" start-time="2024-06-11 10:09:18Z" end-time="2024-06-11 10:09:18Z" duration="0.003079" total="1" passed="1" failed="0" inconclusive="0" skipped="0" asserts="8">
        <test-case id="0-1169" name="TestFloatingPoints" fullname="Kaitai.SpecFloatingPoints.TestFloatingPoints" methodname="TestFloatingPoints" classname="Kaitai.SpecFloatingPoints" runstate="Runnable" seed="655651296" result="Passed" start-time="2024-06-11 10:09:18Z" end-time="2024-06-11 10:09:18Z" duration="0.000733" asserts="8" />
      </test-suite>
      <test-suite type="TestFixture" id="0-1166" name="SpecFloatToI" fullname="Kaitai.SpecFloatToI" classname="Kaitai.SpecFloatToI" runstate="Runnable" testcasecount="1" result="Passed" start-time="2024-06-11 10:09:18Z" end-time="2024-06-11 10:09:18Z" duration="0.003058" total="1" passed="1" failed="0" inconclusive="0" skipped="0" asserts="8">
        <test-case id="0-1167" name="TestFloatToI" fullname="Kaitai.SpecFloatToI.TestFloatToI" methodname="TestFloatToI" classname="Kaitai.SpecFloatToI" runstate="Runnable" seed="1034371776" result="Passed" start-time="2024-06-11 10:09:18Z" end-time="2024-06-11 10:09:18Z" duration="0.000715" asserts="8" />
      </test-suite>
      <test-suite type="TestFixture" id="0-1170" name="SpecHelloWorld" fullname="Kaitai.SpecHelloWorld" classname="Kaitai.SpecHelloWorld" runstate="Runnable" testcasecount="1" result="Passed" start-time="2024-06-11 10:09:18Z" end-time="2024-06-11 10:09:18Z" duration="0.002641" total="1" passed="1" failed="0" inconclusive="0" skipped="0" asserts="1">
        <test-case id="0-1171" name="TestHelloWorld" fullname="Kaitai.SpecHelloWorld.TestHelloWorld" methodname="TestHelloWorld" classname="Kaitai.SpecHelloWorld" runstate="Runnable" seed="904450721" result="Passed" start-time="2024-06-11 10:09:18Z" end-time="2024-06-11 10:09:18Z" duration="0.000303" asserts="1" />
      </test-suite>
      <test-suite type="TestFixture" id="0-1172" name="SpecIfInstances" fullname="Kaitai.SpecIfInstances" classname="Kaitai.SpecIfInstances" runstate="Runnable" testcasecount="1" result="Passed" start-time="2024-06-11 10:09:18Z" end-time="2024-06-11 10:09:18Z" duration="0.002707" total="1" passed="1" failed="0" inconclusive="0" skipped="0" asserts="1">
        <test-case id="0-1173" name="TestIfInstances" fullname="Kaitai.SpecIfInstances.TestIfInstances" methodname="TestIfInstances" classname="Kaitai.SpecIfInstances" runstate="Runnable" seed="1894856860" result="Passed" start-time="2024-06-11 10:09:18Z" end-time="2024-06-11 10:09:18Z" duration="0.000375" asserts="1" />
      </test-suite>
      <test-suite type="TestFixture" id="0-1174" name="SpecIfStruct" fullname="Kaitai.SpecIfStruct" classname="Kaitai.SpecIfStruct" runstate="Runnable" testcasecount="1" result="Passed" start-time="2024-06-11 10:09:18Z" end-time="2024-06-11 10:09:18Z" duration="0.003123" total="1" passed="1" failed="0" inconclusive="0" skipped="0" asserts="7">
        <test-case id="0-1175" name="TestIfStruct" fullname="Kaitai.SpecIfStruct.TestIfStruct" methodname="TestIfStruct" classname="Kaitai.SpecIfStruct" runstate="Runnable" seed="118022936" result="Passed" start-time="2024-06-11 10:09:18Z" end-time="2024-06-11 10:09:18Z" duration="0.000791" asserts="7" />
      </test-suite>
      <test-suite type="TestFixture" id="0-1176" name="SpecIfValues" fullname="Kaitai.SpecIfValues" classname="Kaitai.SpecIfValues" runstate="Runnable" testcasecount="1" result="Passed" start-time="2024-06-11 10:09:18Z" end-time="2024-06-11 10:09:18Z" duration="0.003318" total="1" passed="1" failed="0" inconclusive="0" skipped="0" asserts="6">
        <test-case id="0-1177" name="TestIfValues" fullname="Kaitai.SpecIfValues.TestIfValues" methodname="TestIfValues" classname="Kaitai.SpecIfValues" runstate="Runnable" seed="1228047018" result="Passed" start-time="2024-06-11 10:09:18Z" end-time="2024-06-11 10:09:18Z" duration="0.000986" asserts="6" />
      </test-suite>
      <test-suite type="TestFixture" id="0-1178" name="SpecImports0" fullname="Kaitai.SpecImports0" classname="Kaitai.SpecImports0" runstate="Runnable" testcasecount="1" result="Passed" start-time="2024-06-11 10:09:18Z" end-time="2024-06-11 10:09:18Z" duration="0.002743" total="1" passed="1" failed="0" inconclusive="0" skipped="0" asserts="3">
        <test-case id="0-1179" name="TestImports0" fullname="Kaitai.SpecImports0.TestImports0" methodname="TestImports0" classname="Kaitai.SpecImports0" runstate="Runnable" seed="813256566" result="Passed" start-time="2024-06-11 10:09:18Z" end-time="2024-06-11 10:09:18Z" duration="0.000401" asserts="3" />
      </test-suite>
      <test-suite type="TestFixture" id="0-1180" name="SpecImportsAbs" fullname="Kaitai.SpecImportsAbs" classname="Kaitai.SpecImportsAbs" runstate="Runnable" testcasecount="1" result="Passed" start-time="2024-06-11 10:09:18Z" end-time="2024-06-11 10:09:18Z" duration="0.003546" total="1" passed="1" failed="0" inconclusive="0" skipped="0" asserts="2">
        <test-case id="0-1181" name="TestImportsAbs" fullname="Kaitai.SpecImportsAbs.TestImportsAbs" methodname="TestImportsAbs" classname="Kaitai.SpecImportsAbs" runstate="Runnable" seed="2120948855" result="Passed" start-time="2024-06-11 10:09:18Z" end-time="2024-06-11 10:09:18Z" duration="0.001207" asserts="2" />
      </test-suite>
      <test-suite type="TestFixture" id="0-1182" name="SpecImportsAbsAbs" fullname="Kaitai.SpecImportsAbsAbs" classname="Kaitai.SpecImportsAbsAbs" runstate="Runnable" testcasecount="1" result="Passed" start-time="2024-06-11 10:09:18Z" end-time="2024-06-11 10:09:18Z" duration="0.002846" total="1" passed="1" failed="0" inconclusive="0" skipped="0" asserts="3">
        <test-case id="0-1183" name="TestImportsAbsAbs" fullname="Kaitai.SpecImportsAbsAbs.TestImportsAbsAbs" methodname="TestImportsAbsAbs" classname="Kaitai.SpecImportsAbsAbs" runstate="Runnable" seed="1515935289" result="Passed" start-time="2024-06-11 10:09:18Z" end-time="2024-06-11 10:09:18Z" duration="0.000506" asserts="3" />
      </test-suite>
      <test-suite type="TestFixture" id="0-1184" name="SpecImportsAbsRel" fullname="Kaitai.SpecImportsAbsRel" classname="Kaitai.SpecImportsAbsRel" runstate="Runnable" testcasecount="1" result="Passed" start-time="2024-06-11 10:09:18Z" end-time="2024-06-11 10:09:18Z" duration="0.002760" total="1" passed="1" failed="0" inconclusive="0" skipped="0" asserts="3">
        <test-case id="0-1185" name="TestImportsAbsRel" fullname="Kaitai.SpecImportsAbsRel.TestImportsAbsRel" methodname="TestImportsAbsRel" classname="Kaitai.SpecImportsAbsRel" runstate="Runnable" seed="672990351" result="Passed" start-time="2024-06-11 10:09:18Z" end-time="2024-06-11 10:09:18Z" duration="0.000422" asserts="3" />
      </test-suite>
      <test-suite type="TestFixture" id="0-1186" name="SpecImportsCastToImported" fullname="Kaitai.SpecImportsCastToImported" classname="Kaitai.SpecImportsCastToImported" runstate="Runnable" testcasecount="1" result="Passed" start-time="2024-06-11 10:09:18Z" end-time="2024-06-11 10:09:18Z" duration="0.002795" total="1" passed="1" failed="0" inconclusive="0" skipped="0" asserts="2">
        <test-case id="0-1187" name="TestImportsCastToImported" fullname="Kaitai.SpecImportsCastToImported.TestImportsCastToImported" methodname="TestImportsCastToImported" classname="Kaitai.SpecImportsCastToImported" runstate="Runnable" seed="1960537271" result="Passed" start-time="2024-06-11 10:09:18Z" end-time="2024-06-11 10:09:18Z" duration="0.000458" asserts="2" />
      </test-suite>
      <test-suite type="TestFixture" id="0-1188" name="SpecImportsCastToImported2" fullname="Kaitai.SpecImportsCastToImported2" classname="Kaitai.SpecImportsCastToImported2" runstate="Runnable" testcasecount="1" result="Passed" start-time="2024-06-11 10:09:18Z" end-time="2024-06-11 10:09:18Z" duration="0.002803" total="1" passed="1" failed="0" inconclusive="0" skipped="0" asserts="2">
        <test-case id="0-1189" name="TestImportsCastToImported2" fullname="Kaitai.SpecImportsCastToImported2.TestImportsCastToImported2" methodname="TestImportsCastToImported2" classname="Kaitai.SpecImportsCastToImported2" runstate="Runnable" seed="1534917187" result="Passed" start-time="2024-06-11 10:09:18Z" end-time="2024-06-11 10:09:18Z" duration="0.000467" asserts="2" />
      </test-suite>
      <test-suite type="TestFixture" id="0-1190" name="SpecImportsCircularA" fullname="Kaitai.SpecImportsCircularA" classname="Kaitai.SpecImportsCircularA" runstate="Runnable" testcasecount="1" result="Passed" start-time="2024-06-11 10:09:18Z" end-time="2024-06-11 10:09:18Z" duration="0.002837" total="1" passed="1" failed="0" inconclusive="0" skipped="0" asserts="5">
        <test-case id="0-1191" name="TestImportsCircularA" fullname="Kaitai.SpecImportsCircularA.TestImportsCircularA" methodname="TestImportsCircularA" classname="Kaitai.SpecImportsCircularA" runstate="Runnable" seed="2029636092" result="Passed" start-time="2024-06-11 10:09:18Z" end-time="2024-06-11 10:09:18Z" duration="0.000508" asserts="5" />
      </test-suite>
      <test-suite type="TestFixture" id="0-1192" name="SpecImportsParamsDefArrayUsertypeImported" fullname="Kaitai.SpecImportsParamsDefArrayUsertypeImported" classname="Kaitai.SpecImportsParamsDefArrayUsertypeImported" runstate="Runnable" testcasecount="1" result="Passed" start-time="2024-06-11 10:09:18Z" end-time="2024-06-11 10:09:18Z" duration="0.003188" total="1" passed="1" failed="0" inconclusive="0" skipped="0" asserts="5">
        <test-case id="0-1193" name="TestImportsParamsDefArrayUsertypeImported" fullname="Kaitai.SpecImportsParamsDefArrayUsertypeImported.TestImportsParamsDefArrayUsertypeImported" methodname="TestImportsParamsDefArrayUsertypeImported" classname="Kaitai.SpecImportsParamsDefArrayUsertypeImported" runstate="Runnable" seed="1563844436" result="Passed" start-time="2024-06-11 10:09:18Z" end-time="2024-06-11 10:09:18Z" duration="0.000855" asserts="5" />
      </test-suite>
      <test-suite type="TestFixture" id="0-1194" name="SpecImportsParamsDefEnumImported" fullname="Kaitai.SpecImportsParamsDefEnumImported" classname="Kaitai.SpecImportsParamsDefEnumImported" runstate="Runnable" testcasecount="1" result="Passed" start-time="2024-06-11 10:09:18Z" end-time="2024-06-11 10:09:18Z" duration="0.002813" total="1" passed="1" failed="0" inconclusive="0" skipped="0" asserts="4">
        <test-case id="0-1195" name="TestImportsParamsDefEnumImported" fullname="Kaitai.SpecImportsParamsDefEnumImported.TestImportsParamsDefEnumImported" methodname="TestImportsParamsDefEnumImported" classname="Kaitai.SpecImportsParamsDefEnumImported" runstate="Runnable" seed="581781187" result="Passed" start-time="2024-06-11 10:09:18Z" end-time="2024-06-11 10:09:18Z" duration="0.000480" asserts="4" />
      </test-suite>
      <test-suite type="TestFixture" id="0-1196" name="SpecImportsParamsDefUsertypeImported" fullname="Kaitai.SpecImportsParamsDefUsertypeImported" classname="Kaitai.SpecImportsParamsDefUsertypeImported" runstate="Runnable" testcasecount="1" result="Passed" start-time="2024-06-11 10:09:18Z" end-time="2024-06-11 10:09:18Z" duration="0.002783" total="1" passed="1" failed="0" inconclusive="0" skipped="0" asserts="2">
        <test-case id="0-1197" name="TestImportsParamsDefUsertypeImported" fullname="Kaitai.SpecImportsParamsDefUsertypeImported.TestImportsParamsDefUsertypeImported" methodname="TestImportsParamsDefUsertypeImported" classname="Kaitai.SpecImportsParamsDefUsertypeImported" runstate="Runnable" seed="951946066" result="Passed" start-time="2024-06-11 10:09:18Z" end-time="2024-06-11 10:09:18Z" duration="0.000443" asserts="2" />
      </test-suite>
      <test-suite type="TestFixture" id="0-1198" name="SpecImportsRel1" fullname="Kaitai.SpecImportsRel1" classname="Kaitai.SpecImportsRel1" runstate="Runnable" testcasecount="1" result="Passed" start-time="2024-06-11 10:09:18Z" end-time="2024-06-11 10:09:18Z" duration="0.002839" total="1" passed="1" failed="0" inconclusive="0" skipped="0" asserts="3">
        <test-case id="0-1199" name="TestImportsRel1" fullname="Kaitai.SpecImportsRel1.TestImportsRel1" methodname="TestImportsRel1" classname="Kaitai.SpecImportsRel1" runstate="Runnable" seed="2077255934" result="Passed" start-time="2024-06-11 10:09:18Z" end-time="2024-06-11 10:09:18Z" duration="0.000501" asserts="3" />
      </test-suite>
      <test-suite type="TestFixture" id="0-1200" name="SpecIndexSizes" fullname="Kaitai.SpecIndexSizes" classname="Kaitai.SpecIndexSizes" runstate="Runnable" testcasecount="1" result="Passed" start-time="2024-06-11 10:09:18Z" end-time="2024-06-11 10:09:18Z" duration="0.003738" total="1" passed="1" failed="0" inconclusive="0" skipped="0" asserts="7">
        <test-case id="0-1201" name="TestIndexSizes" fullname="Kaitai.SpecIndexSizes.TestIndexSizes" methodname="TestIndexSizes" classname="Kaitai.SpecIndexSizes" runstate="Runnable" seed="1759625710" result="Passed" start-time="2024-06-11 10:09:18Z" end-time="2024-06-11 10:09:18Z" duration="0.001408" asserts="7" />
      </test-suite>
      <test-suite type="TestFixture" id="0-1202" name="SpecIndexToParamEos" fullname="Kaitai.SpecIndexToParamEos" classname="Kaitai.SpecIndexToParamEos" runstate="Runnable" testcasecount="1" result="Passed" start-time="2024-06-11 10:09:18Z" end-time="2024-06-11 10:09:18Z" duration="0.003260" total="1" passed="1" failed="0" inconclusive="0" skipped="0" asserts="7">
        <test-case id="0-1203" name="TestIndexToParamEos" fullname="Kaitai.SpecIndexToParamEos.TestIndexToParamEos" methodname="TestIndexToParamEos" classname="Kaitai.SpecIndexToParamEos" runstate="Runnable" seed="2082499046" result="Passed" start-time="2024-06-11 10:09:18Z" end-time="2024-06-11 10:09:18Z" duration="0.000923" asserts="7" />
      </test-suite>
      <test-suite type="TestFixture" id="0-1204" name="SpecIndexToParamExpr" fullname="Kaitai.SpecIndexToParamExpr" classname="Kaitai.SpecIndexToParamExpr" runstate="Runnable" testcasecount="1" result="Passed" start-time="2024-06-11 10:09:18Z" end-time="2024-06-11 10:09:18Z" duration="0.003187" total="1" passed="1" failed="0" inconclusive="0" skipped="0" asserts="7">
        <test-case id="0-1205" name="TestIndexToParamExpr" fullname="Kaitai.SpecIndexToParamExpr.TestIndexToParamExpr" methodname="TestIndexToParamExpr" classname="Kaitai.SpecIndexToParamExpr" runstate="Runnable" seed="618086574" result="Passed" start-time="2024-06-11 10:09:18Z" end-time="2024-06-11 10:09:18Z" duration="0.000853" asserts="7" />
      </test-suite>
      <test-suite type="TestFixture" id="0-1206" name="SpecIndexToParamUntil" fullname="Kaitai.SpecIndexToParamUntil" classname="Kaitai.SpecIndexToParamUntil" runstate="Runnable" testcasecount="1" result="Passed" start-time="2024-06-11 10:09:18Z" end-time="2024-06-11 10:09:18Z" duration="0.003256" total="1" passed="1" failed="0" inconclusive="0" skipped="0" asserts="7">
        <test-case id="0-1207" name="TestIndexToParamUntil" fullname="Kaitai.SpecIndexToParamUntil.TestIndexToParamUntil" methodname="TestIndexToParamUntil" classname="Kaitai.SpecIndexToParamUntil" runstate="Runnable" seed="425968757" result="Passed" start-time="2024-06-11 10:09:18Z" end-time="2024-06-11 10:09:18Z" duration="0.000916" asserts="7" />
      </test-suite>
      <test-suite type="TestFixture" id="0-1208" name="SpecInstanceIoUser" fullname="Kaitai.SpecInstanceIoUser" classname="Kaitai.SpecInstanceIoUser" runstate="Runnable" testcasecount="1" result="Passed" start-time="2024-06-11 10:09:18Z" end-time="2024-06-11 10:09:18Z" duration="0.003387" total="1" passed="1" failed="0" inconclusive="0" skipped="0" asserts="4">
        <test-case id="0-1209" name="TestInstanceIoUser" fullname="Kaitai.SpecInstanceIoUser.TestInstanceIoUser" methodname="TestInstanceIoUser" classname="Kaitai.SpecInstanceIoUser" runstate="Runnable" seed="1776016020" result="Passed" start-time="2024-06-11 10:09:18Z" end-time="2024-06-11 10:09:18Z" duration="0.001095" asserts="4" />
      </test-suite>
      <test-suite type="TestFixture" id="0-1210" name="SpecInstanceStd" fullname="Kaitai.SpecInstanceStd" classname="Kaitai.SpecInstanceStd" runstate="Runnable" testcasecount="1" result="Passed" start-time="2024-06-11 10:09:18Z" end-time="2024-06-11 10:09:18Z" duration="0.002668" total="1" passed="1" failed="0" inconclusive="0" skipped="0" asserts="1">
        <test-case id="0-1211" name="TestInstanceStd" fullname="Kaitai.SpecInstanceStd.TestInstanceStd" methodname="TestInstanceStd" classname="Kaitai.SpecInstanceStd" runstate="Runnable" seed="1161974988" result="Passed" start-time="2024-06-11 10:09:18Z" end-time="2024-06-11 10:09:18Z" duration="0.000333" asserts="1" />
      </test-suite>
      <test-suite type="TestFixture" id="0-1212" name="SpecInstanceStdArray" fullname="Kaitai.SpecInstanceStdArray" classname="Kaitai.SpecInstanceStdArray" runstate="Runnable" testcasecount="1" result="Passed" start-time="2024-06-11 10:09:18Z" end-time="2024-06-11 10:09:18Z" duration="0.003009" total="1" passed="1" failed="0" inconclusive="0" skipped="0" asserts="7">
[...]
      </test-suite>
      <test-suite type="TestFixture" id="0-1416" name="SpecTsPacketHeader" fullname="Kaitai.SpecTsPacketHeader" classname="Kaitai.SpecTsPacketHeader" runstate="Runnable" testcasecount="1" result="Passed" start-time="2024-06-11 10:09:19Z" end-time="2024-06-11 10:09:19Z" duration="0.002817" total="1" passed="1" failed="0" inconclusive="0" skipped="0" asserts="7">
        <test-case id="0-1417" name="TestTsPacketHeader" fullname="Kaitai.SpecTsPacketHeader.TestTsPacketHeader" methodname="TestTsPacketHeader" classname="Kaitai.SpecTsPacketHeader" runstate="Runnable" seed="602704678" result="Passed" start-time="2024-06-11 10:09:19Z" end-time="2024-06-11 10:09:19Z" duration="0.000500" asserts="7" />
      </test-suite>
      <test-suite type="TestFixture" id="0-1418" name="SpecTypeIntUnaryOp" fullname="Kaitai.SpecTypeIntUnaryOp" classname="Kaitai.SpecTypeIntUnaryOp" runstate="Runnable" testcasecount="1" result="Passed" start-time="2024-06-11 10:09:19Z" end-time="2024-06-11 10:09:19Z" duration="0.002731" total="1" passed="1" failed="0" inconclusive="0" skipped="0" asserts="4">
        <test-case id="0-1419" name="TestTypeIntUnaryOp" fullname="Kaitai.SpecTypeIntUnaryOp.TestTypeIntUnaryOp" methodname="TestTypeIntUnaryOp" classname="Kaitai.SpecTypeIntUnaryOp" runstate="Runnable" seed="1088865008" result="Passed" start-time="2024-06-11 10:09:19Z" end-time="2024-06-11 10:09:19Z" duration="0.000411" asserts="4" />
      </test-suite>
      <test-suite type="TestFixture" id="0-1420" name="SpecTypeTernary" fullname="Kaitai.SpecTypeTernary" classname="Kaitai.SpecTypeTernary" runstate="Runnable" testcasecount="1" result="Passed" start-time="2024-06-11 10:09:19Z" end-time="2024-06-11 10:09:19Z" duration="0.002806" total="1" passed="1" failed="0" inconclusive="0" skipped="0" asserts="1">
        <test-case id="0-1421" name="TestTypeTernary" fullname="Kaitai.SpecTypeTernary.TestTypeTernary" methodname="TestTypeTernary" classname="Kaitai.SpecTypeTernary" runstate="Runnable" seed="1759350604" result="Passed" start-time="2024-06-11 10:09:19Z" end-time="2024-06-11 10:09:19Z" duration="0.000489" asserts="1" />
      </test-suite>
      <test-suite type="TestFixture" id="0-1422" name="SpecTypeTernary2ndFalsy" fullname="Kaitai.SpecTypeTernary2ndFalsy" classname="Kaitai.SpecTypeTernary2ndFalsy" runstate="Runnable" testcasecount="1" result="Passed" start-time="2024-06-11 10:09:19Z" end-time="2024-06-11 10:09:19Z" duration="0.003533" total="1" passed="1" failed="0" inconclusive="0" skipped="0" asserts="13">
        <test-case id="0-1423" name="TestTypeTernary2ndFalsy" fullname="Kaitai.SpecTypeTernary2ndFalsy.TestTypeTernary2ndFalsy" methodname="TestTypeTernary2ndFalsy" classname="Kaitai.SpecTypeTernary2ndFalsy" runstate="Runnable" seed="468195660" result="Passed" start-time="2024-06-11 10:09:19Z" end-time="2024-06-11 10:09:19Z" duration="0.001213" asserts="13" />
      </test-suite>
      <test-suite type="TestFixture" id="0-1424" name="SpecTypeTernaryOpaque" fullname="Kaitai.SpecTypeTernaryOpaque" classname="Kaitai.SpecTypeTernaryOpaque" runstate="Runnable" testcasecount="1" result="Passed" start-time="2024-06-11 10:09:19Z" end-time="2024-06-11 10:09:19Z" duration="0.002789" total="1" passed="1" failed="0" inconclusive="0" skipped="0" asserts="3">
        <test-case id="0-1425" name="TestTypeTernaryOpaque" fullname="Kaitai.SpecTypeTernaryOpaque.TestTypeTernaryOpaque" methodname="TestTypeTernaryOpaque" classname="Kaitai.SpecTypeTernaryOpaque" runstate="Runnable" seed="886946908" result="Passed" start-time="2024-06-11 10:09:19Z" end-time="2024-06-11 10:09:19Z" duration="0.000452" asserts="3" />
      </test-suite>
      <test-suite type="TestFixture" id="0-1426" name="SpecUserType" fullname="Kaitai.SpecUserType" classname="Kaitai.SpecUserType" runstate="Runnable" testcasecount="1" result="Passed" start-time="2024-06-11 10:09:19Z" end-time="2024-06-11 10:09:19Z" duration="0.002695" total="1" passed="1" failed="0" inconclusive="0" skipped="0" asserts="2">
        <test-case id="0-1427" name="TestUserType" fullname="Kaitai.SpecUserType.TestUserType" methodname="TestUserType" classname="Kaitai.SpecUserType" runstate="Runnable" seed="863617866" result="Passed" start-time="2024-06-11 10:09:19Z" end-time="2024-06-11 10:09:19Z" duration="0.000376" asserts="2" />
      </test-suite>
      <test-suite type="TestFixture" id="0-1428" name="SpecValidEqStrEncodings" fullname="Kaitai.SpecValidEqStrEncodings" classname="Kaitai.SpecValidEqStrEncodings" runstate="Runnable" testcasecount="1" result="Passed" start-time="2024-06-11 10:09:19Z" end-time="2024-06-11 10:09:19Z" duration="0.002821" total="1" passed="1" failed="0" inconclusive="0" skipped="0" asserts="0">
        <test-case id="0-1429" name="TestValidEqStrEncodings" fullname="Kaitai.SpecValidEqStrEncodings.TestValidEqStrEncodings" methodname="TestValidEqStrEncodings" classname="Kaitai.SpecValidEqStrEncodings" runstate="Runnable" seed="217002819" result="Passed" start-time="2024-06-11 10:09:19Z" end-time="2024-06-11 10:09:19Z" duration="0.000501" asserts="0" />
      </test-suite>
      <test-suite type="TestFixture" id="0-1430" name="SpecValidFailAnyofInt" fullname="Kaitai.SpecValidFailAnyofInt" classname="Kaitai.SpecValidFailAnyofInt" runstate="Runnable" testcasecount="1" result="Passed" start-time="2024-06-11 10:09:19Z" end-time="2024-06-11 10:09:19Z" duration="0.003029" total="1" passed="1" failed="0" inconclusive="0" skipped="0" asserts="1">
        <test-case id="0-1431" name="TestValidFailAnyofInt" fullname="Kaitai.SpecValidFailAnyofInt.TestValidFailAnyofInt" methodname="TestValidFailAnyofInt" classname="Kaitai.SpecValidFailAnyofInt" runstate="Runnable" seed="663505318" result="Passed" start-time="2024-06-11 10:09:19Z" end-time="2024-06-11 10:09:19Z" duration="0.000701" asserts="1" />
      </test-suite>
      <test-suite type="TestFixture" id="0-1432" name="SpecValidFailContents" fullname="Kaitai.SpecValidFailContents" classname="Kaitai.SpecValidFailContents" runstate="Runnable" testcasecount="1" result="Passed" start-time="2024-06-11 10:09:19Z" end-time="2024-06-11 10:09:19Z" duration="0.002973" total="1" passed="1" failed="0" inconclusive="0" skipped="0" asserts="1">
        <test-case id="0-1433" name="TestValidFailContents" fullname="Kaitai.SpecValidFailContents.TestValidFailContents" methodname="TestValidFailContents" classname="Kaitai.SpecValidFailContents" runstate="Runnable" seed="1160443853" result="Passed" start-time="2024-06-11 10:09:19Z" end-time="2024-06-11 10:09:19Z" duration="0.000649" asserts="1" />
      </test-suite>
      <test-suite type="TestFixture" id="0-1434" name="SpecValidFailEqBytes" fullname="Kaitai.SpecValidFailEqBytes" classname="Kaitai.SpecValidFailEqBytes" runstate="Runnable" testcasecount="1" result="Passed" start-time="2024-06-11 10:09:19Z" end-time="2024-06-11 10:09:19Z" duration="0.003356" total="1" passed="1" failed="0" inconclusive="0" skipped="0" asserts="1">
        <test-case id="0-1435" name="TestValidFailEqBytes" fullname="Kaitai.SpecValidFailEqBytes.TestValidFailEqBytes" methodname="TestValidFailEqBytes" classname="Kaitai.SpecValidFailEqBytes" runstate="Runnable" seed="1100589898" result="Passed" start-time="2024-06-11 10:09:19Z" end-time="2024-06-11 10:09:19Z" duration="0.001025" asserts="1" />
      </test-suite>
      <test-suite type="TestFixture" id="0-1436" name="SpecValidFailEqInt" fullname="Kaitai.SpecValidFailEqInt" classname="Kaitai.SpecValidFailEqInt" runstate="Runnable" testcasecount="1" result="Passed" start-time="2024-06-11 10:09:19Z" end-time="2024-06-11 10:09:19Z" duration="0.002804" total="1" passed="1" failed="0" inconclusive="0" skipped="0" asserts="1">
        <test-case id="0-1437" name="TestValidFailEqInt" fullname="Kaitai.SpecValidFailEqInt.TestValidFailEqInt" methodname="TestValidFailEqInt" classname="Kaitai.SpecValidFailEqInt" runstate="Runnable" seed="171372111" result="Passed" start-time="2024-06-11 10:09:19Z" end-time="2024-06-11 10:09:19Z" duration="0.000460" asserts="1" />
      </test-suite>
      <test-suite type="TestFixture" id="0-1438" name="SpecValidFailEqStr" fullname="Kaitai.SpecValidFailEqStr" classname="Kaitai.SpecValidFailEqStr" runstate="Runnable" testcasecount="1" result="Passed" start-time="2024-06-11 10:09:19Z" end-time="2024-06-11 10:09:19Z" duration="0.002729" total="1" passed="1" failed="0" inconclusive="0" skipped="0" asserts="1">
        <test-case id="0-1439" name="TestValidFailEqStr" fullname="Kaitai.SpecValidFailEqStr.TestValidFailEqStr" methodname="TestValidFailEqStr" classname="Kaitai.SpecValidFailEqStr" runstate="Runnable" seed="551280456" result="Passed" start-time="2024-06-11 10:09:19Z" end-time="2024-06-11 10:09:19Z" duration="0.000394" asserts="1" />
      </test-suite>
      <test-suite type="TestFixture" id="0-1440" name="SpecValidFailExpr" fullname="Kaitai.SpecValidFailExpr" classname="Kaitai.SpecValidFailExpr" runstate="Runnable" testcasecount="1" result="Passed" start-time="2024-06-11 10:09:19Z" end-time="2024-06-11 10:09:19Z" duration="0.003115" total="1" passed="1" failed="0" inconclusive="0" skipped="0" asserts="1">
        <test-case id="0-1441" name="TestValidFailExpr" fullname="Kaitai.SpecValidFailExpr.TestValidFailExpr" methodname="TestValidFailExpr" classname="Kaitai.SpecValidFailExpr" runstate="Runnable" seed="1776813074" result="Passed" start-time="2024-06-11 10:09:19Z" end-time="2024-06-11 10:09:19Z" duration="0.000778" asserts="1" />
      </test-suite>
      <test-suite type="TestFixture" id="0-1442" name="SpecValidFailInst" fullname="Kaitai.SpecValidFailInst" classname="Kaitai.SpecValidFailInst" runstate="Runnable" testcasecount="1" result="Passed" start-time="2024-06-11 10:09:19Z" end-time="2024-06-11 10:09:19Z" duration="0.002867" total="1" passed="1" failed="0" inconclusive="0" skipped="0" asserts="1">
        <test-case id="0-1443" name="TestValidFailInst" fullname="Kaitai.SpecValidFailInst.TestValidFailInst" methodname="TestValidFailInst" classname="Kaitai.SpecValidFailInst" runstate="Runnable" seed="720357250" result="Passed" start-time="2024-06-11 10:09:19Z" end-time="2024-06-11 10:09:19Z" duration="0.000504" asserts="1" />
      </test-suite>
      <test-suite type="TestFixture" id="0-1444" name="SpecValidFailMaxInt" fullname="Kaitai.SpecValidFailMaxInt" classname="Kaitai.SpecValidFailMaxInt" runstate="Runnable" testcasecount="1" result="Passed" start-time="2024-06-11 10:09:19Z" end-time="2024-06-11 10:09:19Z" duration="0.002812" total="1" passed="1" failed="0" inconclusive="0" skipped="0" asserts="1">
        <test-case id="0-1445" name="TestValidFailMaxInt" fullname="Kaitai.SpecValidFailMaxInt.TestValidFailMaxInt" methodname="TestValidFailMaxInt" classname="Kaitai.SpecValidFailMaxInt" runstate="Runnable" seed="1447647946" result="Passed" start-time="2024-06-11 10:09:19Z" end-time="2024-06-11 10:09:19Z" duration="0.000472" asserts="1" />
      </test-suite>
      <test-suite type="TestFixture" id="0-1446" name="SpecValidFailMinInt" fullname="Kaitai.SpecValidFailMinInt" classname="Kaitai.SpecValidFailMinInt" runstate="Runnable" testcasecount="1" result="Passed" start-time="2024-06-11 10:09:19Z" end-time="2024-06-11 10:09:19Z" duration="0.002810" total="1" passed="1" failed="0" inconclusive="0" skipped="0" asserts="1">
        <test-case id="0-1447" name="TestValidFailMinInt" fullname="Kaitai.SpecValidFailMinInt.TestValidFailMinInt" methodname="TestValidFailMinInt" classname="Kaitai.SpecValidFailMinInt" runstate="Runnable" seed="1041868103" result="Passed" start-time="2024-06-11 10:09:19Z" end-time="2024-06-11 10:09:19Z" duration="0.000475" asserts="1" />
      </test-suite>
      <test-suite type="TestFixture" id="0-1448" name="SpecValidFailRangeBytes" fullname="Kaitai.SpecValidFailRangeBytes" classname="Kaitai.SpecValidFailRangeBytes" runstate="Runnable" testcasecount="1" result="Passed" start-time="2024-06-11 10:09:19Z" end-time="2024-06-11 10:09:19Z" duration="0.002814" total="1" passed="1" failed="0" inconclusive="0" skipped="0" asserts="1">
        <test-case id="0-1449" name="TestValidFailRangeBytes" fullname="Kaitai.SpecValidFailRangeBytes.TestValidFailRangeBytes" methodname="TestValidFailRangeBytes" classname="Kaitai.SpecValidFailRangeBytes" runstate="Runnable" seed="817254959" result="Passed" start-time="2024-06-11 10:09:19Z" end-time="2024-06-11 10:09:19Z" duration="0.000479" asserts="1" />
      </test-suite>
      <test-suite type="TestFixture" id="0-1450" name="SpecValidFailRangeFloat" fullname="Kaitai.SpecValidFailRangeFloat" classname="Kaitai.SpecValidFailRangeFloat" runstate="Runnable" testcasecount="1" result="Passed" start-time="2024-06-11 10:09:19Z" end-time="2024-06-11 10:09:19Z" duration="0.003924" total="1" passed="1" failed="0" inconclusive="0" skipped="0" asserts="1">
        <test-case id="0-1451" name="TestValidFailRangeFloat" fullname="Kaitai.SpecValidFailRangeFloat.TestValidFailRangeFloat" methodname="TestValidFailRangeFloat" classname="Kaitai.SpecValidFailRangeFloat" runstate="Runnable" seed="935450385" result="Passed" start-time="2024-06-11 10:09:19Z" end-time="2024-06-11 10:09:19Z" duration="0.001560" asserts="1" />
      </test-suite>
      <test-suite type="TestFixture" id="0-1452" name="SpecValidFailRangeInt" fullname="Kaitai.SpecValidFailRangeInt" classname="Kaitai.SpecValidFailRangeInt" runstate="Runnable" testcasecount="1" result="Passed" start-time="2024-06-11 10:09:19Z" end-time="2024-06-11 10:09:19Z" duration="0.002772" total="1" passed="1" failed="0" inconclusive="0" skipped="0" asserts="1">
        <test-case id="0-1453" name="TestValidFailRangeInt" fullname="Kaitai.SpecValidFailRangeInt.TestValidFailRangeInt" methodname="TestValidFailRangeInt" classname="Kaitai.SpecValidFailRangeInt" runstate="Runnable" seed="57598799" result="Passed" start-time="2024-06-11 10:09:19Z" end-time="2024-06-11 10:09:19Z" duration="0.000427" asserts="1" />
      </test-suite>
      <test-suite type="TestFixture" id="0-1454" name="SpecValidFailRangeStr" fullname="Kaitai.SpecValidFailRangeStr" classname="Kaitai.SpecValidFailRangeStr" runstate="Runnable" testcasecount="1" result="Passed" start-time="2024-06-11 10:09:19Z" end-time="2024-06-11 10:09:19Z" duration="0.002821" total="1" passed="1" failed="0" inconclusive="0" skipped="0" asserts="1">
        <test-case id="0-1455" name="TestValidFailRangeStr" fullname="Kaitai.SpecValidFailRangeStr.TestValidFailRangeStr" methodname="TestValidFailRangeStr" classname="Kaitai.SpecValidFailRangeStr" runstate="Runnable" seed="1215450208" result="Passed" start-time="2024-06-11 10:09:19Z" end-time="2024-06-11 10:09:19Z" duration="0.000480" asserts="1" />
      </test-suite>
      <test-suite type="TestFixture" id="0-1456" name="SpecValidLong" fullname="Kaitai.SpecValidLong" classname="Kaitai.SpecValidLong" runstate="Runnable" testcasecount="1" result="Passed" start-time="2024-06-11 10:09:19Z" end-time="2024-06-11 10:09:19Z" duration="0.003098" total="1" passed="1" failed="0" inconclusive="0" skipped="0" asserts="0">
        <test-case id="0-1457" name="TestValidLong" fullname="Kaitai.SpecValidLong.TestValidLong" methodname="TestValidLong" classname="Kaitai.SpecValidLong" runstate="Runnable" seed="1710358098" result="Passed" start-time="2024-06-11 10:09:19Z" end-time="2024-06-11 10:09:19Z" duration="0.000737" asserts="0" />
      </test-suite>
      <test-suite type="TestFixture" id="0-1458" name="SpecValidNotParsedIf" fullname="Kaitai.SpecValidNotParsedIf" classname="Kaitai.SpecValidNotParsedIf" runstate="Runnable" testcasecount="1" result="Passed" start-time="2024-06-11 10:09:19Z" end-time="2024-06-11 10:09:19Z" duration="0.002767" total="1" passed="1" failed="0" inconclusive="0" skipped="0" asserts="0">
        <test-case id="0-1459" name="TestValidNotParsedIf" fullname="Kaitai.SpecValidNotParsedIf.TestValidNotParsedIf" methodname="TestValidNotParsedIf" classname="Kaitai.SpecValidNotParsedIf" runstate="Runnable" seed="1906668393" result="Passed" start-time="2024-06-11 10:09:19Z" end-time="2024-06-11 10:09:19Z" duration="0.000432" asserts="0" />
      </test-suite>
      <test-suite type="TestFixture" id="0-1460" name="SpecValidOptionalId" fullname="Kaitai.SpecValidOptionalId" classname="Kaitai.SpecValidOptionalId" runstate="Runnable" testcasecount="1" result="Passed" start-time="2024-06-11 10:09:19Z" end-time="2024-06-11 10:09:19Z" duration="0.002740" total="1" passed="1" failed="0" inconclusive="0" skipped="0" asserts="0">
        <test-case id="0-1461" name="TestValidOptionalId" fullname="Kaitai.SpecValidOptionalId.TestValidOptionalId" methodname="TestValidOptionalId" classname="Kaitai.SpecValidOptionalId" runstate="Runnable" seed="166453091" result="Passed" start-time="2024-06-11 10:09:19Z" end-time="2024-06-11 10:09:19Z" duration="0.000408" asserts="0" />
      </test-suite>
      <test-suite type="TestFixture" id="0-1462" name="SpecValidShort" fullname="Kaitai.SpecValidShort" classname="Kaitai.SpecValidShort" runstate="Runnable" testcasecount="1" result="Passed" start-time="2024-06-11 10:09:19Z" end-time="2024-06-11 10:09:19Z" duration="0.003045" total="1" passed="1" failed="0" inconclusive="0" skipped="0" asserts="0">
        <test-case id="0-1463" name="TestValidShort" fullname="Kaitai.SpecValidShort.TestValidShort" methodname="TestValidShort" classname="Kaitai.SpecValidShort" runstate="Runnable" seed="1007939619" result="Passed" start-time="2024-06-11 10:09:19Z" end-time="2024-06-11 10:09:19Z" duration="0.000714" asserts="0" />
      </test-suite>
      <test-suite type="TestFixture" id="0-1464" name="SpecValidSwitch" fullname="Kaitai.SpecValidSwitch" classname="Kaitai.SpecValidSwitch" runstate="Runnable" testcasecount="1" result="Passed" start-time="2024-06-11 10:09:19Z" end-time="2024-06-11 10:09:19Z" duration="0.002694" total="1" passed="1" failed="0" inconclusive="0" skipped="0" asserts="0">
        <test-case id="0-1465" name="TestValidSwitch" fullname="Kaitai.SpecValidSwitch.TestValidSwitch" methodname="TestValidSwitch" classname="Kaitai.SpecValidSwitch" runstate="Runnable" seed="452539627" result="Passed" start-time="2024-06-11 10:09:19Z" end-time="2024-06-11 10:09:19Z" duration="0.000362" asserts="0" />
      </test-suite>
      <test-suite type="TestFixture" id="0-1466" name="SpecZlibSurrounded" fullname="Kaitai.SpecZlibSurrounded" classname="Kaitai.SpecZlibSurrounded" runstate="Runnable" testcasecount="1" result="Passed" start-time="2024-06-11 10:09:19Z" end-time="2024-06-11 10:09:19Z" duration="0.007266" total="1" passed="1" failed="0" inconclusive="0" skipped="0" asserts="1">
        <test-case id="0-1467" name="TestZlibSurrounded" fullname="Kaitai.SpecZlibSurrounded.TestZlibSurrounded" methodname="TestZlibSurrounded" classname="Kaitai.SpecZlibSurrounded" runstate="Runnable" seed="1477252987" result="Passed" start-time="2024-06-11 10:09:19Z" end-time="2024-06-11 10:09:19Z" duration="0.004934" asserts="1" />
      </test-suite>
      <test-suite type="TestFixture" id="0-1468" name="SpecZlibWithHeader78" fullname="Kaitai.SpecZlibWithHeader78" classname="Kaitai.SpecZlibWithHeader78" runstate="Runnable" testcasecount="1" result="Passed" start-time="2024-06-11 10:09:19Z" end-time="2024-06-11 10:09:19Z" duration="0.002715" total="1" passed="1" failed="0" inconclusive="0" skipped="0" asserts="1">
        <test-case id="0-1469" name="TestZlibWithHeader78" fullname="Kaitai.SpecZlibWithHeader78.TestZlibWithHeader78" methodname="TestZlibWithHeader78" classname="Kaitai.SpecZlibWithHeader78" runstate="Runnable" seed="1956608123" result="Passed" start-time="2024-06-11 10:09:19Z" end-time="2024-06-11 10:09:19Z" duration="0.000373" asserts="1" />
      </test-suite>
    </test-suite>
  </test-suite>
</test-run>