<?xml version="1.0" encoding="utf-8" standalone="no"?>
<test-run id="0" runstate="Runnable" testcasecount="256" result="Failed" total="256" passed="254" failed="2" warnings="0" inconclusive="0" skipped="0" asserts="1145" engine-version="3.19.0.0" clr-version="4.0.30319.42000" start-time="2025-03-05 21:55:33Z" end-time="2025-03-05 21:55:37Z" duration="4.114266">
  <command-line><![CDATA[C:\Users\runneradmin\.nuget\packages\nunit.consolerunner\3.19.0\tools\nunit3-console.exe --result=test_out/csharp/TestResult.xml spec/csharp/kaitai_struct_csharp_tests_netframework/bin/Debug/kaitai_struct_csharp_tests.dll]]></command-line>
  <test-suite type="Assembly" id="1-1512" name="kaitai_struct_csharp_tests.dll" fullname="D:\a\ci_targets\ci_targets\tests\spec\csharp\kaitai_struct_csharp_tests_netframework\bin\Debug\kaitai_struct_csharp_tests.dll" runstate="Runnable" testcasecount="256" result="Failed" site="Child" start-time="2025-03-05T21:55:36.4606620Z" end-time="2025-03-05T21:55:37.2887966Z" duration="0.829166" total="256" passed="254" failed="2" warnings="0" inconclusive="0" skipped="0" asserts="1145">
    <environment framework-version="3.14.0.0" clr-version="4.0.30319.42000" os-version="Microsoft Windows NT 10.0.20348.0" platform="Win32NT" cwd="D:\a\ci_targets\ci_targets\tests" machine-name="fv-az1455-95" user="runneradmin" user-domain="fv-az1455-95" culture="en-US" uiculture="en-US" os-architecture="x64" />
    <settings>
      <setting name="DisposeRunners" value="True" />
      <setting name="WorkDirectory" value="D:\a\ci_targets\ci_targets\tests" />
      <setting name="ImageRuntimeVersion" value="4.0.30319" />
      <setting name="ImageTargetFrameworkName" value=".NETFramework,Version=v4.8" />
      <setting name="ImageRequiresX86" value="False" />
      <setting name="ImageRequiresDefaultAppDomainAssemblyResolver" value="False" />
      <setting name="TargetRuntimeFramework" value="net-4.8" />
      <setting name="NumberOfTestWorkers" value="4" />
    </settings>
    <properties>
      <property name="_PID" value="6592" />
      <property name="_APPDOMAIN" value="domain-" />
    </properties>
    <failure>
      <message><![CDATA[One or more child tests had errors]]></message>
    </failure>
    <test-suite type="TestSuite" id="1-1513" name="Kaitai" fullname="Kaitai" runstate="Runnable" testcasecount="256" result="Failed" site="Child" start-time="2025-03-05T21:55:36.4919163Z" end-time="2025-03-05T21:55:37.2887966Z" duration="0.791582" total="256" passed="254" failed="2" warnings="0" inconclusive="0" skipped="0" asserts="1145">
      <failure>
        <message><![CDATA[One or more child tests had errors]]></message>
      </failure>
      <test-suite type="TestFixture" id="1-1000" name="SpecBcdUserTypeBe" fullname="Kaitai.SpecBcdUserTypeBe" classname="Kaitai.SpecBcdUserTypeBe" runstate="Runnable" testcasecount="1" result="Passed" start-time="2025-03-05T21:55:36.4919163Z" end-time="2025-03-05T21:55:36.7887914Z" duration="0.287030" total="1" passed="1" failed="0" warnings="0" inconclusive="0" skipped="0" asserts="6">
        <test-case id="1-1001" name="TestBcdUserTypeBe" fullname="Kaitai.SpecBcdUserTypeBe.TestBcdUserTypeBe" methodname="TestBcdUserTypeBe" classname="Kaitai.SpecBcdUserTypeBe" runstate="Runnable" seed="1771585569" result="Passed" start-time="2025-03-05T21:55:36.4919163Z" end-time="2025-03-05T21:55:36.7731688Z" duration="0.280358" asserts="6" />
      </test-suite>
      <test-suite type="TestFixture" id="1-1002" name="SpecBcdUserTypeLe" fullname="Kaitai.SpecBcdUserTypeLe" classname="Kaitai.SpecBcdUserTypeLe" runstate="Runnable" testcasecount="1" result="Passed" start-time="2025-03-05T21:55:36.7887914Z" end-time="2025-03-05T21:55:36.7887914Z" duration="0.004123" total="1" passed="1" failed="0" warnings="0" inconclusive="0" skipped="0" asserts="6">
        <test-case id="1-1003" name="TestBcdUserTypeLe" fullname="Kaitai.SpecBcdUserTypeLe.TestBcdUserTypeLe" methodname="TestBcdUserTypeLe" classname="Kaitai.SpecBcdUserTypeLe" runstate="Runnable" seed="1322943508" result="Passed" start-time="2025-03-05T21:55:36.7887914Z" end-time="2025-03-05T21:55:36.7887914Z" duration="0.003972" asserts="6" />
      </test-suite>
      <test-suite type="TestFixture" id="1-1004" name="SpecBitsByteAligned" fullname="Kaitai.SpecBitsByteAligned" classname="Kaitai.SpecBitsByteAligned" runstate="Runnable" testcasecount="1" result="Passed" start-time="2025-03-05T21:55:36.7887914Z" end-time="2025-03-05T21:55:36.8044191Z" duration="0.012563" total="1" passed="1" failed="0" warnings="0" inconclusive="0" skipped="0" asserts="9">
        <test-case id="1-1005" name="TestBitsByteAligned" fullname="Kaitai.SpecBitsByteAligned.TestBitsByteAligned" methodname="TestBitsByteAligned" classname="Kaitai.SpecBitsByteAligned" runstate="Runnable" seed="791775032" result="Passed" start-time="2025-03-05T21:55:36.7887914Z" end-time="2025-03-05T21:55:36.8044191Z" duration="0.012428" asserts="9" />
      </test-suite>
      <test-suite type="TestFixture" id="1-1006" name="SpecBitsEnum" fullname="Kaitai.SpecBitsEnum" classname="Kaitai.SpecBitsEnum" runstate="Runnable" testcasecount="1" result="Passed" start-time="2025-03-05T21:55:36.8044191Z" end-time="2025-03-05T21:55:36.8044191Z" duration="0.000755" total="1" passed="1" failed="0" warnings="0" inconclusive="0" skipped="0" asserts="3">
        <test-case id="1-1007" name="TestBitsEnum" fullname="Kaitai.SpecBitsEnum.TestBitsEnum" methodname="TestBitsEnum" classname="Kaitai.SpecBitsEnum" runstate="Runnable" seed="1396128079" result="Passed" start-time="2025-03-05T21:55:36.8044191Z" end-time="2025-03-05T21:55:36.8044191Z" duration="0.000651" asserts="3" />
      </test-suite>
      <test-suite type="TestFixture" id="1-1008" name="SpecBitsSeqEndianCombo" fullname="Kaitai.SpecBitsSeqEndianCombo" classname="Kaitai.SpecBitsSeqEndianCombo" runstate="Runnable" testcasecount="1" result="Passed" start-time="2025-03-05T21:55:36.8044191Z" end-time="2025-03-05T21:55:36.8044191Z" duration="0.001623" total="1" passed="1" failed="0" warnings="0" inconclusive="0" skipped="0" asserts="8">
        <test-case id="1-1009" name="TestBitsSeqEndianCombo" fullname="Kaitai.SpecBitsSeqEndianCombo.TestBitsSeqEndianCombo" methodname="TestBitsSeqEndianCombo" classname="Kaitai.SpecBitsSeqEndianCombo" runstate="Runnable" seed="1753053425" result="Passed" start-time="2025-03-05T21:55:36.8044191Z" end-time="2025-03-05T21:55:36.8044191Z" duration="0.001504" asserts="8" />
      </test-suite>
      <test-suite type="TestFixture" id="1-1010" name="SpecBitsShiftByB32Le" fullname="Kaitai.SpecBitsShiftByB32Le" classname="Kaitai.SpecBitsShiftByB32Le" runstate="Runnable" testcasecount="1" result="Passed" start-time="2025-03-05T21:55:36.8044191Z" end-time="2025-03-05T21:55:36.8044191Z" duration="0.000793" total="1" passed="1" failed="0" warnings="0" inconclusive="0" skipped="0" asserts="2">
        <test-case id="1-1011" name="TestBitsShiftByB32Le" fullname="Kaitai.SpecBitsShiftByB32Le.TestBitsShiftByB32Le" methodname="TestBitsShiftByB32Le" classname="Kaitai.SpecBitsShiftByB32Le" runstate="Runnable" seed="1862251787" result="Passed" start-time="2025-03-05T21:55:36.8044191Z" end-time="2025-03-05T21:55:36.8044191Z" duration="0.000676" asserts="2" />
      </test-suite>
      <test-suite type="TestFixture" id="1-1012" name="SpecBitsShiftByB64Le" fullname="Kaitai.SpecBitsShiftByB64Le" classname="Kaitai.SpecBitsShiftByB64Le" runstate="Runnable" testcasecount="1" result="Passed" start-time="2025-03-05T21:55:36.8044191Z" end-time="2025-03-05T21:55:36.8044191Z" duration="0.000591" total="1" passed="1" failed="0" warnings="0" inconclusive="0" skipped="0" asserts="2">
        <test-case id="1-1013" name="TestBitsShiftByB64Le" fullname="Kaitai.SpecBitsShiftByB64Le.TestBitsShiftByB64Le" methodname="TestBitsShiftByB64Le" classname="Kaitai.SpecBitsShiftByB64Le" runstate="Runnable" seed="1264137269" result="Passed" start-time="2025-03-05T21:55:36.8044191Z" end-time="2025-03-05T21:55:36.8044191Z" duration="0.000462" asserts="2" />
      </test-suite>
      <test-suite type="TestFixture" id="1-1014" name="SpecBitsSignedResB32Be" fullname="Kaitai.SpecBitsSignedResB32Be" classname="Kaitai.SpecBitsSignedResB32Be" runstate="Runnable" testcasecount="1" result="Passed" start-time="2025-03-05T21:55:36.8044191Z" end-time="2025-03-05T21:55:36.8044191Z" duration="0.000477" total="1" passed="1" failed="0" warnings="0" inconclusive="0" skipped="0" asserts="1">
        <test-case id="1-1015" name="TestBitsSignedResB32Be" fullname="Kaitai.SpecBitsSignedResB32Be.TestBitsSignedResB32Be" methodname="TestBitsSignedResB32Be" classname="Kaitai.SpecBitsSignedResB32Be" runstate="Runnable" seed="1567889588" result="Passed" start-time="2025-03-05T21:55:36.8044191Z" end-time="2025-03-05T21:55:36.8044191Z" duration="0.000381" asserts="1" />
      </test-suite>
      <test-suite type="TestFixture" id="1-1016" name="SpecBitsSignedResB32Le" fullname="Kaitai.SpecBitsSignedResB32Le" classname="Kaitai.SpecBitsSignedResB32Le" runstate="Runnable" testcasecount="1" result="Passed" start-time="2025-03-05T21:55:36.8044191Z" end-time="2025-03-05T21:55:36.8044191Z" duration="0.000443" total="1" passed="1" failed="0" warnings="0" inconclusive="0" skipped="0" asserts="1">
        <test-case id="1-1017" name="TestBitsSignedResB32Le" fullname="Kaitai.SpecBitsSignedResB32Le.TestBitsSignedResB32Le" methodname="TestBitsSignedResB32Le" classname="Kaitai.SpecBitsSignedResB32Le" runstate="Runnable" seed="598675924" result="Passed" start-time="2025-03-05T21:55:36.8044191Z" end-time="2025-03-05T21:55:36.8044191Z" duration="0.000353" asserts="1" />
      </test-suite>
      <test-suite type="TestFixture" id="1-1018" name="SpecBitsSignedShiftB32Le" fullname="Kaitai.SpecBitsSignedShiftB32Le" classname="Kaitai.SpecBitsSignedShiftB32Le" runstate="Runnable" testcasecount="1" result="Passed" start-time="2025-03-05T21:55:36.8044191Z" end-time="2025-03-05T21:55:36.8044191Z" duration="0.000538" total="1" passed="1" failed="0" warnings="0" inconclusive="0" skipped="0" asserts="2">
        <test-case id="1-1019" name="TestBitsSignedShiftB32Le" fullname="Kaitai.SpecBitsSignedShiftB32Le.TestBitsSignedShiftB32Le" methodname="TestBitsSignedShiftB32Le" classname="Kaitai.SpecBitsSignedShiftB32Le" runstate="Runnable" seed="2078493032" result="Passed" start-time="2025-03-05T21:55:36.8044191Z" end-time="2025-03-05T21:55:36.8044191Z" duration="0.000432" asserts="2" />
      </test-suite>
      <test-suite type="TestFixture" id="1-1020" name="SpecBitsSignedShiftB64Le" fullname="Kaitai.SpecBitsSignedShiftB64Le" classname="Kaitai.SpecBitsSignedShiftB64Le" runstate="Runnable" testcasecount="1" result="Passed" start-time="2025-03-05T21:55:36.8044191Z" end-time="2025-03-05T21:55:36.8044191Z" duration="0.000529" total="1" passed="1" failed="0" warnings="0" inconclusive="0" skipped="0" asserts="2">
        <test-case id="1-1021" name="TestBitsSignedShiftB64Le" fullname="Kaitai.SpecBitsSignedShiftB64Le.TestBitsSignedShiftB64Le" methodname="TestBitsSignedShiftB64Le" classname="Kaitai.SpecBitsSignedShiftB64Le" runstate="Runnable" seed="1513170934" result="Passed" start-time="2025-03-05T21:55:36.8044191Z" end-time="2025-03-05T21:55:36.8044191Z" duration="0.000430" asserts="2" />
      </test-suite>
      <test-suite type="TestFixture" id="1-1022" name="SpecBitsSimple" fullname="Kaitai.SpecBitsSimple" classname="Kaitai.SpecBitsSimple" runstate="Runnable" testcasecount="1" result="Passed" start-time="2025-03-05T21:55:36.8044191Z" end-time="2025-03-05T21:55:36.8044191Z" duration="0.001736" total="1" passed="1" failed="0" warnings="0" inconclusive="0" skipped="0" asserts="14">
        <test-case id="1-1023" name="TestBitsSimple" fullname="Kaitai.SpecBitsSimple.TestBitsSimple" methodname="TestBitsSimple" classname="Kaitai.SpecBitsSimple" runstate="Runnable" seed="211964556" result="Passed" start-time="2025-03-05T21:55:36.8044191Z" end-time="2025-03-05T21:55:36.8044191Z" duration="0.001647" asserts="14" />
      </test-suite>
      <test-suite type="TestFixture" id="1-1024" name="SpecBitsSimpleLe" fullname="Kaitai.SpecBitsSimpleLe" classname="Kaitai.SpecBitsSimpleLe" runstate="Runnable" testcasecount="1" result="Passed" start-time="2025-03-05T21:55:36.8044191Z" end-time="2025-03-05T21:55:36.8044191Z" duration="0.001786" total="1" passed="1" failed="0" warnings="0" inconclusive="0" skipped="0" asserts="14">
        <test-case id="1-1025" name="TestBitsSimpleLe" fullname="Kaitai.SpecBitsSimpleLe.TestBitsSimpleLe" methodname="TestBitsSimpleLe" classname="Kaitai.SpecBitsSimpleLe" runstate="Runnable" seed="2004186552" result="Passed" start-time="2025-03-05T21:55:36.8044191Z" end-time="2025-03-05T21:55:36.8044191Z" duration="0.001688" asserts="14" />
      </test-suite>
      <test-suite type="TestFixture" id="1-1026" name="SpecBitsUnalignedB32Be" fullname="Kaitai.SpecBitsUnalignedB32Be" classname="Kaitai.SpecBitsUnalignedB32Be" runstate="Runnable" testcasecount="1" result="Passed" start-time="2025-03-05T21:55:36.8044191Z" end-time="2025-03-05T21:55:36.8044191Z" duration="0.000677" total="1" passed="1" failed="0" warnings="0" inconclusive="0" skipped="0" asserts="3">
        <test-case id="1-1027" name="TestBitsUnalignedB32Be" fullname="Kaitai.SpecBitsUnalignedB32Be.TestBitsUnalignedB32Be" methodname="TestBitsUnalignedB32Be" classname="Kaitai.SpecBitsUnalignedB32Be" runstate="Runnable" seed="1826124920" result="Passed" start-time="2025-03-05T21:55:36.8044191Z" end-time="2025-03-05T21:55:36.8044191Z" duration="0.000573" asserts="3" />
      </test-suite>
      <test-suite type="TestFixture" id="1-1028" name="SpecBitsUnalignedB32Le" fullname="Kaitai.SpecBitsUnalignedB32Le" classname="Kaitai.SpecBitsUnalignedB32Le" runstate="Runnable" testcasecount="1" result="Passed" start-time="2025-03-05T21:55:36.8044191Z" end-time="2025-03-05T21:55:36.8044191Z" duration="0.000609" total="1" passed="1" failed="0" warnings="0" inconclusive="0" skipped="0" asserts="3">
        <test-case id="1-1029" name="TestBitsUnalignedB32Le" fullname="Kaitai.SpecBitsUnalignedB32Le.TestBitsUnalignedB32Le" methodname="TestBitsUnalignedB32Le" classname="Kaitai.SpecBitsUnalignedB32Le" runstate="Runnable" seed="909716622" result="Passed" start-time="2025-03-05T21:55:36.8044191Z" end-time="2025-03-05T21:55:36.8044191Z" duration="0.000518" asserts="3" />
      </test-suite>
      <test-suite type="TestFixture" id="1-1030" name="SpecBitsUnalignedB64Be" fullname="Kaitai.SpecBitsUnalignedB64Be" classname="Kaitai.SpecBitsUnalignedB64Be" runstate="Runnable" testcasecount="1" result="Passed" start-time="2025-03-05T21:55:36.8044191Z" end-time="2025-03-05T21:55:36.8200529Z" duration="0.000773" total="1" passed="1" failed="0" warnings="0" inconclusive="0" skipped="0" asserts="3">
        <test-case id="1-1031" name="TestBitsUnalignedB64Be" fullname="Kaitai.SpecBitsUnalignedB64Be.TestBitsUnalignedB64Be" methodname="TestBitsUnalignedB64Be" classname="Kaitai.SpecBitsUnalignedB64Be" runstate="Runnable" seed="397839148" result="Passed" start-time="2025-03-05T21:55:36.8044191Z" end-time="2025-03-05T21:55:36.8200529Z" duration="0.000680" asserts="3" />
      </test-suite>
      <test-suite type="TestFixture" id="1-1032" name="SpecBitsUnalignedB64Le" fullname="Kaitai.SpecBitsUnalignedB64Le" classname="Kaitai.SpecBitsUnalignedB64Le" runstate="Runnable" testcasecount="1" result="Passed" start-time="2025-03-05T21:55:36.8200529Z" end-time="2025-03-05T21:55:36.8200529Z" duration="0.000699" total="1" passed="1" failed="0" warnings="0" inconclusive="0" skipped="0" asserts="3">
        <test-case id="1-1033" name="TestBitsUnalignedB64Le" fullname="Kaitai.SpecBitsUnalignedB64Le.TestBitsUnalignedB64Le" methodname="TestBitsUnalignedB64Le" classname="Kaitai.SpecBitsUnalignedB64Le" runstate="Runnable" seed="87740320" result="Passed" start-time="2025-03-05T21:55:36.8200529Z" end-time="2025-03-05T21:55:36.8200529Z" duration="0.000610" asserts="3" />
      </test-suite>
      <test-suite type="TestFixture" id="1-1034" name="SpecBufferedStruct" fullname="Kaitai.SpecBufferedStruct" classname="Kaitai.SpecBufferedStruct" runstate="Runnable" testcasecount="1" result="Passed" start-time="2025-03-05T21:55:36.8200529Z" end-time="2025-03-05T21:55:36.8200529Z" duration="0.001844" total="1" passed="1" failed="0" warnings="0" inconclusive="0" skipped="0" asserts="7">
        <test-case id="1-1035" name="TestBufferedStruct" fullname="Kaitai.SpecBufferedStruct.TestBufferedStruct" methodname="TestBufferedStruct" classname="Kaitai.SpecBufferedStruct" runstate="Runnable" seed="1544626365" result="Passed" start-time="2025-03-05T21:55:36.8200529Z" end-time="2025-03-05T21:55:36.8200529Z" duration="0.001747" asserts="7" />
      </test-suite>
      <test-suite type="TestFixture" id="1-1036" name="SpecBytesPadTerm" fullname="Kaitai.SpecBytesPadTerm" classname="Kaitai.SpecBytesPadTerm" runstate="Runnable" testcasecount="1" result="Passed" start-time="2025-03-05T21:55:36.8200529Z" end-time="2025-03-05T21:55:36.8200529Z" duration="0.001208" total="1" passed="1" failed="0" warnings="0" inconclusive="0" skipped="0" asserts="4">
        <test-case id="1-1037" name="TestBytesPadTerm" fullname="Kaitai.SpecBytesPadTerm.TestBytesPadTerm" methodname="TestBytesPadTerm" classname="Kaitai.SpecBytesPadTerm" runstate="Runnable" seed="1251266352" result="Passed" start-time="2025-03-05T21:55:36.8200529Z" end-time="2025-03-05T21:55:36.8200529Z" duration="0.001116" asserts="4" />
      </test-suite>
      <test-suite type="TestFixture" id="1-1038" name="SpecCastNested" fullname="Kaitai.SpecCastNested" classname="Kaitai.SpecCastNested" runstate="Runnable" testcasecount="1" result="Passed" start-time="2025-03-05T21:55:36.8200529Z" end-time="2025-03-05T21:55:36.8200529Z" duration="0.003074" total="1" passed="1" failed="0" warnings="0" inconclusive="0" skipped="0" asserts="4">
        <test-case id="1-1039" name="TestCastNested" fullname="Kaitai.SpecCastNested.TestCastNested" methodname="TestCastNested" classname="Kaitai.SpecCastNested" runstate="Runnable" seed="177993790" result="Passed" start-time="2025-03-05T21:55:36.8200529Z" end-time="2025-03-05T21:55:36.8200529Z" duration="0.002974" asserts="4" />
      </test-suite>
      <test-suite type="TestFixture" id="1-1040" name="SpecCastToTop" fullname="Kaitai.SpecCastToTop" classname="Kaitai.SpecCastToTop" runstate="Runnable" testcasecount="1" result="Passed" start-time="2025-03-05T21:55:36.8200529Z" end-time="2025-03-05T21:55:36.8200529Z" duration="0.000884" total="1" passed="1" failed="0" warnings="0" inconclusive="0" skipped="0" asserts="3">
        <test-case id="1-1041" name="TestCastToTop" fullname="Kaitai.SpecCastToTop.TestCastToTop" methodname="TestCastToTop" classname="Kaitai.SpecCastToTop" runstate="Runnable" seed="1252918134" result="Passed" start-time="2025-03-05T21:55:36.8200529Z" end-time="2025-03-05T21:55:36.8200529Z" duration="0.000789" asserts="3" />
      </test-suite>
      <test-suite type="TestFixture" id="1-1042" name="SpecCombineBool" fullname="Kaitai.SpecCombineBool" classname="Kaitai.SpecCombineBool" runstate="Runnable" testcasecount="1" result="Passed" start-time="2025-03-05T21:55:36.8200529Z" end-time="2025-03-05T21:55:36.8200529Z" duration="0.000667" total="1" passed="1" failed="0" warnings="0" inconclusive="0" skipped="0" asserts="2">
        <test-case id="1-1043" name="TestCombineBool" fullname="Kaitai.SpecCombineBool.TestCombineBool" methodname="TestCombineBool" classname="Kaitai.SpecCombineBool" runstate="Runnable" seed="1605578296" result="Passed" start-time="2025-03-05T21:55:36.8200529Z" end-time="2025-03-05T21:55:36.8200529Z" duration="0.000561" asserts="2" />
      </test-suite>
      <test-suite type="TestFixture" id="1-1044" name="SpecCombineBytes" fullname="Kaitai.SpecCombineBytes" classname="Kaitai.SpecCombineBytes" runstate="Runnable" testcasecount="1" result="Passed" start-time="2025-03-05T21:55:36.8200529Z" end-time="2025-03-05T21:55:36.8200529Z" duration="0.001572" total="1" passed="1" failed="0" warnings="0" inconclusive="0" skipped="0" asserts="10">
        <test-case id="1-1045" name="TestCombineBytes" fullname="Kaitai.SpecCombineBytes.TestCombineBytes" methodname="TestCombineBytes" classname="Kaitai.SpecCombineBytes" runstate="Runnable" seed="1691078345" result="Passed" start-time="2025-03-05T21:55:36.8200529Z" end-time="2025-03-05T21:55:36.8200529Z" duration="0.001473" asserts="10" />
      </test-suite>
      <test-suite type="TestFixture" id="1-1046" name="SpecCombineEnum" fullname="Kaitai.SpecCombineEnum" classname="Kaitai.SpecCombineEnum" runstate="Runnable" testcasecount="1" result="Passed" start-time="2025-03-05T21:55:36.8200529Z" end-time="2025-03-05T21:55:36.8200529Z" duration="0.000726" total="1" passed="1" failed="0" warnings="0" inconclusive="0" skipped="0" asserts="3">
        <test-case id="1-1047" name="TestCombineEnum" fullname="Kaitai.SpecCombineEnum.TestCombineEnum" methodname="TestCombineEnum" classname="Kaitai.SpecCombineEnum" runstate="Runnable" seed="850597459" result="Passed" start-time="2025-03-05T21:55:36.8200529Z" end-time="2025-03-05T21:55:36.8200529Z" duration="0.000633" asserts="3" />
      </test-suite>
      <test-suite type="TestFixture" id="1-1048" name="SpecCombineStr" fullname="Kaitai.SpecCombineStr" classname="Kaitai.SpecCombineStr" runstate="Runnable" testcasecount="1" result="Passed" start-time="2025-03-05T21:55:36.8200529Z" end-time="2025-03-05T21:55:36.8200529Z" duration="0.001598" total="1" passed="1" failed="0" warnings="0" inconclusive="0" skipped="0" asserts="15">
        <test-case id="1-1049" name="TestCombineStr" fullname="Kaitai.SpecCombineStr.TestCombineStr" methodname="TestCombineStr" classname="Kaitai.SpecCombineStr" runstate="Runnable" seed="403984421" result="Passed" start-time="2025-03-05T21:55:36.8200529Z" end-time="2025-03-05T21:55:36.8200529Z" duration="0.001507" asserts="15" />
      </test-suite>
      <test-suite type="TestFixture" id="1-1050" name="SpecDebug0" fullname="Kaitai.SpecDebug0" classname="Kaitai.SpecDebug0" runstate="Runnable" testcasecount="1" result="Passed" start-time="2025-03-05T21:55:36.8200529Z" end-time="2025-03-05T21:55:36.8200529Z" duration="0.000808" total="1" passed="1" failed="0" warnings="0" inconclusive="0" skipped="0" asserts="6">
        <test-case id="1-1051" name="TestDebug0" fullname="Kaitai.SpecDebug0.TestDebug0" methodname="TestDebug0" classname="Kaitai.SpecDebug0" runstate="Runnable" seed="1438061602" result="Passed" start-time="2025-03-05T21:55:36.8200529Z" end-time="2025-03-05T21:55:36.8200529Z" duration="0.000711" asserts="6" />
      </test-suite>
      <test-suite type="TestFixture" id="1-1052" name="SpecDebugArrayUser" fullname="Kaitai.SpecDebugArrayUser" classname="Kaitai.SpecDebugArrayUser" runstate="Runnable" testcasecount="1" result="Passed" start-time="2025-03-05T21:55:36.8200529Z" end-time="2025-03-05T21:55:36.8200529Z" duration="0.001123" total="1" passed="1" failed="0" warnings="0" inconclusive="0" skipped="0" asserts="5">
        <test-case id="1-1053" name="TestDebugArrayUser" fullname="Kaitai.SpecDebugArrayUser.TestDebugArrayUser" methodname="TestDebugArrayUser" classname="Kaitai.SpecDebugArrayUser" runstate="Runnable" seed="889421747" result="Passed" start-time="2025-03-05T21:55:36.8200529Z" end-time="2025-03-05T21:55:36.8200529Z" duration="0.001029" asserts="5" />
      </test-suite>
      <test-suite type="TestFixture" id="1-1054" name="SpecDebugArrayUserCurrentExcluded" fullname="Kaitai.SpecDebugArrayUserCurrentExcluded" classname="Kaitai.SpecDebugArrayUserCurrentExcluded" runstate="Runnable" testcasecount="1" result="Passed" start-time="2025-03-05T21:55:36.8200529Z" end-time="2025-03-05T21:55:36.8356582Z" duration="0.000967" total="1" passed="1" failed="0" warnings="0" inconclusive="0" skipped="0" asserts="3">
        <test-case id="1-1055" name="TestDebugArrayUserCurrentExcluded" fullname="Kaitai.SpecDebugArrayUserCurrentExcluded.TestDebugArrayUserCurrentExcluded" methodname="TestDebugArrayUserCurrentExcluded" classname="Kaitai.SpecDebugArrayUserCurrentExcluded" runstate="Runnable" seed="215107806" result="Passed" start-time="2025-03-05T21:55:36.8200529Z" end-time="2025-03-05T21:55:36.8356582Z" duration="0.000872" asserts="3" />
      </test-suite>
      <test-suite type="TestFixture" id="1-1056" name="SpecDebugArrayUserEofException" fullname="Kaitai.SpecDebugArrayUserEofException" classname="Kaitai.SpecDebugArrayUserEofException" runstate="Runnable" testcasecount="1" result="Passed" start-time="2025-03-05T21:55:36.8356582Z" end-time="2025-03-05T21:55:36.8356582Z" duration="0.011871" total="1" passed="1" failed="0" warnings="0" inconclusive="0" skipped="0" asserts="9">
        <test-case id="1-1057" name="TestDebugArrayUserEofException" fullname="Kaitai.SpecDebugArrayUserEofException.TestDebugArrayUserEofException" methodname="TestDebugArrayUserEofException" classname="Kaitai.SpecDebugArrayUserEofException" runstate="Runnable" seed="1661255812" result="Passed" start-time="2025-03-05T21:55:36.8356582Z" end-time="2025-03-05T21:55:36.8356582Z" duration="0.011772" asserts="9" />
      </test-suite>
      <test-suite type="TestFixture" id="1-1058" name="SpecDebugSwitchUser" fullname="Kaitai.SpecDebugSwitchUser" classname="Kaitai.SpecDebugSwitchUser" runstate="Runnable" testcasecount="1" result="Passed" start-time="2025-03-05T21:55:36.8356582Z" end-time="2025-03-05T21:55:36.8356582Z" duration="0.000907" total="1" passed="1" failed="0" warnings="0" inconclusive="0" skipped="0" asserts="2">
        <test-case id="1-1059" name="TestDebugSwitchUser" fullname="Kaitai.SpecDebugSwitchUser.TestDebugSwitchUser" methodname="TestDebugSwitchUser" classname="Kaitai.SpecDebugSwitchUser" runstate="Runnable" seed="976338923" result="Passed" start-time="2025-03-05T21:55:36.8356582Z" end-time="2025-03-05T21:55:36.8356582Z" duration="0.000807" asserts="2" />
      </test-suite>
      <test-suite type="TestFixture" id="1-1060" name="SpecDefaultBigEndian" fullname="Kaitai.SpecDefaultBigEndian" classname="Kaitai.SpecDefaultBigEndian" runstate="Runnable" testcasecount="1" result="Passed" start-time="2025-03-05T21:55:36.8356582Z" end-time="2025-03-05T21:55:36.8356582Z" duration="0.000516" total="1" passed="1" failed="0" warnings="0" inconclusive="0" skipped="0" asserts="1">
        <test-case id="1-1061" name="TestDefaultBigEndian" fullname="Kaitai.SpecDefaultBigEndian.TestDefaultBigEndian" methodname="TestDefaultBigEndian" classname="Kaitai.SpecDefaultBigEndian" runstate="Runnable" seed="1721021943" result="Passed" start-time="2025-03-05T21:55:36.8356582Z" end-time="2025-03-05T21:55:36.8356582Z" duration="0.000421" asserts="1" />
      </test-suite>
      <test-suite type="TestFixture" id="1-1062" name="SpecDefaultBitEndianMod" fullname="Kaitai.SpecDefaultBitEndianMod" classname="Kaitai.SpecDefaultBitEndianMod" runstate="Runnable" testcasecount="1" result="Passed" start-time="2025-03-05T21:55:36.8356582Z" end-time="2025-03-05T21:55:36.8356582Z" duration="0.001105" total="1" passed="1" failed="0" warnings="0" inconclusive="0" skipped="0" asserts="4">
        <test-case id="1-1063" name="TestDefaultBitEndianMod" fullname="Kaitai.SpecDefaultBitEndianMod.TestDefaultBitEndianMod" methodname="TestDefaultBitEndianMod" classname="Kaitai.SpecDefaultBitEndianMod" runstate="Runnable" seed="1109109936" result="Passed" start-time="2025-03-05T21:55:36.8356582Z" end-time="2025-03-05T21:55:36.8356582Z" duration="0.001000" asserts="4" />
      </test-suite>
      <test-suite type="TestFixture" id="1-1064" name="SpecDefaultEndianExprException" fullname="Kaitai.SpecDefaultEndianExprException" classname="Kaitai.SpecDefaultEndianExprException" runstate="Runnable" testcasecount="1" result="Passed" start-time="2025-03-05T21:55:36.8356582Z" end-time="2025-03-05T21:55:36.8512827Z" duration="0.001653" total="1" passed="1" failed="0" warnings="0" inconclusive="0" skipped="0" asserts="1">
        <test-case id="1-1065" name="TestDefaultEndianExprException" fullname="Kaitai.SpecDefaultEndianExprException.TestDefaultEndianExprException" methodname="TestDefaultEndianExprException" classname="Kaitai.SpecDefaultEndianExprException" runstate="Runnable" seed="1511668867" result="Passed" start-time="2025-03-05T21:55:36.8356582Z" end-time="2025-03-05T21:55:36.8512827Z" duration="0.001561" asserts="1" />
      </test-suite>
      <test-suite type="TestFixture" id="1-1066" name="SpecDefaultEndianExprInherited" fullname="Kaitai.SpecDefaultEndianExprInherited" classname="Kaitai.SpecDefaultEndianExprInherited" runstate="Runnable" testcasecount="1" result="Passed" start-time="2025-03-05T21:55:36.8512827Z" end-time="2025-03-05T21:55:36.8512827Z" duration="0.003057" total="1" passed="1" failed="0" warnings="0" inconclusive="0" skipped="0" asserts="15">
        <test-case id="1-1067" name="TestDefaultEndianExprInherited" fullname="Kaitai.SpecDefaultEndianExprInherited.TestDefaultEndianExprInherited" methodname="TestDefaultEndianExprInherited" classname="Kaitai.SpecDefaultEndianExprInherited" runstate="Runnable" seed="1874617097" result="Passed" start-time="2025-03-05T21:55:36.8512827Z" end-time="2025-03-05T21:55:36.8512827Z" duration="0.002963" asserts="15" />
      </test-suite>
      <test-suite type="TestFixture" id="1-1068" name="SpecDefaultEndianExprIsBe" fullname="Kaitai.SpecDefaultEndianExprIsBe" classname="Kaitai.SpecDefaultEndianExprIsBe" runstate="Runnable" testcasecount="1" result="Passed" start-time="2025-03-05T21:55:36.8512827Z" end-time="2025-03-05T21:55:36.8512827Z" duration="0.003072" total="1" passed="1" failed="0" warnings="0" inconclusive="0" skipped="0" asserts="18">
        <test-case id="1-1069" name="TestDefaultEndianExprIsBe" fullname="Kaitai.SpecDefaultEndianExprIsBe.TestDefaultEndianExprIsBe" methodname="TestDefaultEndianExprIsBe" classname="Kaitai.SpecDefaultEndianExprIsBe" runstate="Runnable" seed="335288334" result="Passed" start-time="2025-03-05T21:55:36.8512827Z" end-time="2025-03-05T21:55:36.8512827Z" duration="0.002959" asserts="18" />
      </test-suite>
      <test-suite type="TestFixture" id="1-1070" name="SpecDefaultEndianExprIsLe" fullname="Kaitai.SpecDefaultEndianExprIsLe" classname="Kaitai.SpecDefaultEndianExprIsLe" runstate="Runnable" testcasecount="1" result="Passed" start-time="2025-03-05T21:55:36.8512827Z" end-time="2025-03-05T21:55:36.8512827Z" duration="0.002749" total="1" passed="1" failed="0" warnings="0" inconclusive="0" skipped="0" asserts="12">
        <test-case id="1-1071" name="TestDefaultEndianExprIsLe" fullname="Kaitai.SpecDefaultEndianExprIsLe.TestDefaultEndianExprIsLe" methodname="TestDefaultEndianExprIsLe" classname="Kaitai.SpecDefaultEndianExprIsLe" runstate="Runnable" seed="1653854660" result="Passed" start-time="2025-03-05T21:55:36.8512827Z" end-time="2025-03-05T21:55:36.8512827Z" duration="0.002643" asserts="12" />
      </test-suite>
      <test-suite type="TestFixture" id="1-1072" name="SpecDefaultEndianMod" fullname="Kaitai.SpecDefaultEndianMod" classname="Kaitai.SpecDefaultEndianMod" runstate="Runnable" testcasecount="1" result="Passed" start-time="2025-03-05T21:55:36.8512827Z" end-time="2025-03-05T21:55:36.8512827Z" duration="0.001152" total="1" passed="1" failed="0" warnings="0" inconclusive="0" skipped="0" asserts="3">
        <test-case id="1-1073" name="TestDefaultEndianMod" fullname="Kaitai.SpecDefaultEndianMod.TestDefaultEndianMod" methodname="TestDefaultEndianMod" classname="Kaitai.SpecDefaultEndianMod" runstate="Runnable" seed="435636011" result="Passed" start-time="2025-03-05T21:55:36.8512827Z" end-time="2025-03-05T21:55:36.8512827Z" duration="0.001020" asserts="3" />
      </test-suite>
      <test-suite type="TestFixture" id="1-1074" name="SpecDocstrings" fullname="Kaitai.SpecDocstrings" classname="Kaitai.SpecDocstrings" runstate="Runnable" testcasecount="1" result="Passed" start-time="2025-03-05T21:55:36.8512827Z" end-time="2025-03-05T21:55:36.8512827Z" duration="0.000405" total="1" passed="1" failed="0" warnings="0" inconclusive="0" skipped="0" asserts="0">
        <test-case id="1-1075" name="TestDocstrings" fullname="Kaitai.SpecDocstrings.TestDocstrings" methodname="TestDocstrings" classname="Kaitai.SpecDocstrings" runstate="Runnable" seed="1253554372" result="Passed" start-time="2025-03-05T21:55:36.8512827Z" end-time="2025-03-05T21:55:36.8512827Z" duration="0.000308" asserts="0" />
      </test-suite>
      <test-suite type="TestFixture" id="1-1076" name="SpecDocstringsDocref" fullname="Kaitai.SpecDocstringsDocref" classname="Kaitai.SpecDocstringsDocref" runstate="Runnable" testcasecount="1" result="Passed" start-time="2025-03-05T21:55:36.8512827Z" end-time="2025-03-05T21:55:36.8512827Z" duration="0.000400" total="1" passed="1" failed="0" warnings="0" inconclusive="0" skipped="0" asserts="0">
        <test-case id="1-1077" name="TestDocstringsDocref" fullname="Kaitai.SpecDocstringsDocref.TestDocstringsDocref" methodname="TestDocstringsDocref" classname="Kaitai.SpecDocstringsDocref" runstate="Runnable" seed="1290764309" result="Passed" start-time="2025-03-05T21:55:36.8512827Z" end-time="2025-03-05T21:55:36.8512827Z" duration="0.000309" asserts="0" />
      </test-suite>
      <test-suite type="TestFixture" id="1-1078" name="SpecDocstringsDocrefMulti" fullname="Kaitai.SpecDocstringsDocrefMulti" classname="Kaitai.SpecDocstringsDocrefMulti" runstate="Runnable" testcasecount="1" result="Passed" start-time="2025-03-05T21:55:36.8512827Z" end-time="2025-03-05T21:55:36.8512827Z" duration="0.000355" total="1" passed="1" failed="0" warnings="0" inconclusive="0" skipped="0" asserts="0">
        <test-case id="1-1079" name="TestDocstringsDocrefMulti" fullname="Kaitai.SpecDocstringsDocrefMulti.TestDocstringsDocrefMulti" methodname="TestDocstringsDocrefMulti" classname="Kaitai.SpecDocstringsDocrefMulti" runstate="Runnable" seed="1550179803" result="Passed" start-time="2025-03-05T21:55:36.8512827Z" end-time="2025-03-05T21:55:36.8512827Z" duration="0.000264" asserts="0" />
      </test-suite>
      <test-suite type="TestFixture" id="1-1080" name="SpecEnum0" fullname="Kaitai.SpecEnum0" classname="Kaitai.SpecEnum0" runstate="Runnable" testcasecount="1" result="Passed" start-time="2025-03-05T21:55:36.8512827Z" end-time="2025-03-05T21:55:36.8512827Z" duration="0.000526" total="1" passed="1" failed="0" warnings="0" inconclusive="0" skipped="0" asserts="2">
        <test-case id="1-1081" name="TestEnum0" fullname="Kaitai.SpecEnum0.TestEnum0" methodname="TestEnum0" classname="Kaitai.SpecEnum0" runstate="Runnable" seed="951882850" result="Passed" start-time="2025-03-05T21:55:36.8512827Z" end-time="2025-03-05T21:55:36.8512827Z" duration="0.000440" asserts="2" />
      </test-suite>
      <test-suite type="TestFixture" id="1-1082" name="SpecEnum1" fullname="Kaitai.SpecEnum1" classname="Kaitai.SpecEnum1" runstate="Runnable" testcasecount="1" result="Passed" start-time="2025-03-05T21:55:36.8512827Z" end-time="2025-03-05T21:55:36.8512827Z" duration="0.000809" total="1" passed="1" failed="0" warnings="0" inconclusive="0" skipped="0" asserts="2">
        <test-case id="1-1083" name="TestEnum1" fullname="Kaitai.SpecEnum1.TestEnum1" methodname="TestEnum1" classname="Kaitai.SpecEnum1" runstate="Runnable" seed="1408253946" result="Passed" start-time="2025-03-05T21:55:36.8512827Z" end-time="2025-03-05T21:55:36.8512827Z" duration="0.000719" asserts="2" />
      </test-suite>
      <test-suite type="TestFixture" id="1-1084" name="SpecEnumDeep" fullname="Kaitai.SpecEnumDeep" classname="Kaitai.SpecEnumDeep" runstate="Runnable" testcasecount="1" result="Passed" start-time="2025-03-05T21:55:36.8512827Z" end-time="2025-03-05T21:55:36.8512827Z" duration="0.000664" total="1" passed="1" failed="0" warnings="0" inconclusive="0" skipped="0" asserts="2">
        <test-case id="1-1085" name="TestEnumDeep" fullname="Kaitai.SpecEnumDeep.TestEnumDeep" methodname="TestEnumDeep" classname="Kaitai.SpecEnumDeep" runstate="Runnable" seed="944570896" result="Passed" start-time="2025-03-05T21:55:36.8512827Z" end-time="2025-03-05T21:55:36.8512827Z" duration="0.000573" asserts="2" />
      </test-suite>
      <test-suite type="TestFixture" id="1-1086" name="SpecEnumDeepLiterals" fullname="Kaitai.SpecEnumDeepLiterals" classname="Kaitai.SpecEnumDeepLiterals" runstate="Runnable" testcasecount="1" result="Passed" start-time="2025-03-05T21:55:36.8512827Z" end-time="2025-03-05T21:55:36.8512827Z" duration="0.000672" total="1" passed="1" failed="0" warnings="0" inconclusive="0" skipped="0" asserts="2">
        <test-case id="1-1087" name="TestEnumDeepLiterals" fullname="Kaitai.SpecEnumDeepLiterals.TestEnumDeepLiterals" methodname="TestEnumDeepLiterals" classname="Kaitai.SpecEnumDeepLiterals" runstate="Runnable" seed="427665520" result="Passed" start-time="2025-03-05T21:55:36.8512827Z" end-time="2025-03-05T21:55:36.8512827Z" duration="0.000582" asserts="2" />
      </test-suite>
      <test-suite type="TestFixture" id="1-1088" name="SpecEnumFancy" fullname="Kaitai.SpecEnumFancy" classname="Kaitai.SpecEnumFancy" runstate="Runnable" testcasecount="1" result="Passed" start-time="2025-03-05T21:55:36.8512827Z" end-time="2025-03-05T21:55:36.8512827Z" duration="0.000537" total="1" passed="1" failed="0" warnings="0" inconclusive="0" skipped="0" asserts="2">
        <test-case id="1-1089" name="TestEnumFancy" fullname="Kaitai.SpecEnumFancy.TestEnumFancy" methodname="TestEnumFancy" classname="Kaitai.SpecEnumFancy" runstate="Runnable" seed="1361152407" result="Passed" start-time="2025-03-05T21:55:36.8512827Z" end-time="2025-03-05T21:55:36.8512827Z" duration="0.000445" asserts="2" />
      </test-suite>
      <test-suite type="TestFixture" id="1-1090" name="SpecEnumIf" fullname="Kaitai.SpecEnumIf" classname="Kaitai.SpecEnumIf" runstate="Runnable" testcasecount="1" result="Passed" start-time="2025-03-05T21:55:36.8512827Z" end-time="2025-03-05T21:55:36.8669084Z" duration="0.001537" total="1" passed="1" failed="0" warnings="0" inconclusive="0" skipped="0" asserts="7">
        <test-case id="1-1091" name="TestEnumIf" fullname="Kaitai.SpecEnumIf.TestEnumIf" methodname="TestEnumIf" classname="Kaitai.SpecEnumIf" runstate="Runnable" seed="282058783" result="Passed" start-time="2025-03-05T21:55:36.8512827Z" end-time="2025-03-05T21:55:36.8669084Z" duration="0.001449" asserts="7" />
      </test-suite>
      <test-suite type="TestFixture" id="1-1092" name="SpecEnumImportLiterals" fullname="Kaitai.SpecEnumImportLiterals" classname="Kaitai.SpecEnumImportLiterals" runstate="Runnable" testcasecount="1" result="Passed" start-time="2025-03-05T21:55:36.8669084Z" end-time="2025-03-05T21:55:36.8669084Z" duration="0.000633" total="1" passed="1" failed="0" warnings="0" inconclusive="0" skipped="0" asserts="3">
        <test-case id="1-1093" name="TestEnumImportLiterals" fullname="Kaitai.SpecEnumImportLiterals.TestEnumImportLiterals" methodname="TestEnumImportLiterals" classname="Kaitai.SpecEnumImportLiterals" runstate="Runnable" seed="380180893" result="Passed" start-time="2025-03-05T21:55:36.8669084Z" end-time="2025-03-05T21:55:36.8669084Z" duration="0.000540" asserts="3" />
      </test-suite>
      <test-suite type="TestFixture" id="1-1094" name="SpecEnumImportSeq" fullname="Kaitai.SpecEnumImportSeq" classname="Kaitai.SpecEnumImportSeq" runstate="Runnable" testcasecount="1" result="Passed" start-time="2025-03-05T21:55:36.8669084Z" end-time="2025-03-05T21:55:36.8669084Z" duration="0.000756" total="1" passed="1" failed="0" warnings="0" inconclusive="0" skipped="0" asserts="2">
        <test-case id="1-1095" name="TestEnumImportSeq" fullname="Kaitai.SpecEnumImportSeq.TestEnumImportSeq" methodname="TestEnumImportSeq" classname="Kaitai.SpecEnumImportSeq" runstate="Runnable" seed="477933151" result="Passed" start-time="2025-03-05T21:55:36.8669084Z" end-time="2025-03-05T21:55:36.8669084Z" duration="0.000662" asserts="2" />
      </test-suite>
      <test-suite type="TestFixture" id="1-1096" name="SpecEnumIntRangeS" fullname="Kaitai.SpecEnumIntRangeS" classname="Kaitai.SpecEnumIntRangeS" runstate="Runnable" testcasecount="1" result="Passed" start-time="2025-03-05T21:55:36.8669084Z" end-time="2025-03-05T21:55:36.8669084Z" duration="0.000936" total="1" passed="1" failed="0" warnings="0" inconclusive="0" skipped="0" asserts="3">
        <test-case id="1-1097" name="TestEnumIntRangeS" fullname="Kaitai.SpecEnumIntRangeS.TestEnumIntRangeS" methodname="TestEnumIntRangeS" classname="Kaitai.SpecEnumIntRangeS" runstate="Runnable" seed="601812256" result="Passed" start-time="2025-03-05T21:55:36.8669084Z" end-time="2025-03-05T21:55:36.8669084Z" duration="0.000809" asserts="3" />
      </test-suite>
      <test-suite type="TestFixture" id="1-1098" name="SpecEnumInvalid" fullname="Kaitai.SpecEnumInvalid" classname="Kaitai.SpecEnumInvalid" runstate="Runnable" testcasecount="1" result="Passed" start-time="2025-03-05T21:55:36.8669084Z" end-time="2025-03-05T21:55:36.8669084Z" duration="0.000795" total="1" passed="1" failed="0" warnings="0" inconclusive="0" skipped="0" asserts="2">
        <test-case id="1-1099" name="TestEnumInvalid" fullname="Kaitai.SpecEnumInvalid.TestEnumInvalid" methodname="TestEnumInvalid" classname="Kaitai.SpecEnumInvalid" runstate="Runnable" seed="181277704" result="Passed" start-time="2025-03-05T21:55:36.8669084Z" end-time="2025-03-05T21:55:36.8669084Z" duration="0.000673" asserts="2" />
      </test-suite>
      <test-suite type="TestFixture" id="1-1100" name="SpecEnumNegative" fullname="Kaitai.SpecEnumNegative" classname="Kaitai.SpecEnumNegative" runstate="Runnable" testcasecount="1" result="Passed" start-time="2025-03-05T21:55:36.8669084Z" end-time="2025-03-05T21:55:36.8669084Z" duration="0.000875" total="1" passed="1" failed="0" warnings="0" inconclusive="0" skipped="0" asserts="2">
        <test-case id="1-1101" name="TestEnumNegative" fullname="Kaitai.SpecEnumNegative.TestEnumNegative" methodname="TestEnumNegative" classname="Kaitai.SpecEnumNegative" runstate="Runnable" seed="1087518559" result="Passed" start-time="2025-03-05T21:55:36.8669084Z" end-time="2025-03-05T21:55:36.8669084Z" duration="0.000757" asserts="2" />
      </test-suite>
      <test-suite type="TestFixture" id="1-1102" name="SpecEnumOfValueInst" fullname="Kaitai.SpecEnumOfValueInst" classname="Kaitai.SpecEnumOfValueInst" runstate="Runnable" testcasecount="1" result="Passed" start-time="2025-03-05T21:55:36.8669084Z" end-time="2025-03-05T21:55:36.8669084Z" duration="0.001116" total="1" passed="1" failed="0" warnings="0" inconclusive="0" skipped="0" asserts="4">
        <test-case id="1-1103" name="TestEnumOfValueInst" fullname="Kaitai.SpecEnumOfValueInst.TestEnumOfValueInst" methodname="TestEnumOfValueInst" classname="Kaitai.SpecEnumOfValueInst" runstate="Runnable" seed="1149143539" result="Passed" start-time="2025-03-05T21:55:36.8669084Z" end-time="2025-03-05T21:55:36.8669084Z" duration="0.000994" asserts="4" />
      </test-suite>
      <test-suite type="TestFixture" id="1-1104" name="SpecEnumToI" fullname="Kaitai.SpecEnumToI" classname="Kaitai.SpecEnumToI" runstate="Runnable" testcasecount="1" result="Passed" start-time="2025-03-05T21:55:36.8669084Z" end-time="2025-03-05T21:55:36.8669084Z" duration="0.001156" total="1" passed="1" failed="0" warnings="0" inconclusive="0" skipped="0" asserts="8">
        <test-case id="1-1105" name="TestEnumToI" fullname="Kaitai.SpecEnumToI.TestEnumToI" methodname="TestEnumToI" classname="Kaitai.SpecEnumToI" runstate="Runnable" seed="1636498204" result="Passed" start-time="2025-03-05T21:55:36.8669084Z" end-time="2025-03-05T21:55:36.8669084Z" duration="0.001065" asserts="8" />
      </test-suite>
      <test-suite type="TestFixture" id="1-1106" name="SpecEnumToIClassBorder1" fullname="Kaitai.SpecEnumToIClassBorder1" classname="Kaitai.SpecEnumToIClassBorder1" runstate="Runnable" testcasecount="1" result="Passed" start-time="2025-03-05T21:55:36.8669084Z" end-time="2025-03-05T21:55:36.8669084Z" duration="0.000961" total="1" passed="1" failed="0" warnings="0" inconclusive="0" skipped="0" asserts="3">
        <test-case id="1-1107" name="TestEnumToIClassBorder1" fullname="Kaitai.SpecEnumToIClassBorder1.TestEnumToIClassBorder1" methodname="TestEnumToIClassBorder1" classname="Kaitai.SpecEnumToIClassBorder1" runstate="Runnable" seed="1826134406" result="Passed" start-time="2025-03-05T21:55:36.8669084Z" end-time="2025-03-05T21:55:36.8669084Z" duration="0.000869" asserts="3" />
      </test-suite>
      <test-suite type="TestFixture" id="1-1108" name="SpecEnumToIInvalid" fullname="Kaitai.SpecEnumToIInvalid" classname="Kaitai.SpecEnumToIInvalid" runstate="Runnable" testcasecount="1" result="Passed" start-time="2025-03-05T21:55:36.8669084Z" end-time="2025-03-05T21:55:36.8669084Z" duration="0.001134" total="1" passed="1" failed="0" warnings="0" inconclusive="0" skipped="0" asserts="8">
        <test-case id="1-1109" name="TestEnumToIInvalid" fullname="Kaitai.SpecEnumToIInvalid.TestEnumToIInvalid" methodname="TestEnumToIInvalid" classname="Kaitai.SpecEnumToIInvalid" runstate="Runnable" seed="348838846" result="Passed" start-time="2025-03-05T21:55:36.8669084Z" end-time="2025-03-05T21:55:36.8669084Z" duration="0.001037" asserts="8" />
      </test-suite>
      <test-suite type="TestFixture" id="1-1110" name="SpecEofExceptionBytes" fullname="Kaitai.SpecEofExceptionBytes" classname="Kaitai.SpecEofExceptionBytes" runstate="Runnable" testcasecount="1" result="Passed" start-time="2025-03-05T21:55:36.8669084Z" end-time="2025-03-05T21:55:36.8669084Z" duration="0.000573" total="1" passed="1" failed="0" warnings="0" inconclusive="0" skipped="0" asserts="1">
        <test-case id="1-1111" name="TestEofExceptionBytes" fullname="Kaitai.SpecEofExceptionBytes.TestEofExceptionBytes" methodname="TestEofExceptionBytes" classname="Kaitai.SpecEofExceptionBytes" runstate="Runnable" seed="271896428" result="Passed" start-time="2025-03-05T21:55:36.8669084Z" end-time="2025-03-05T21:55:36.8669084Z" duration="0.000481" asserts="1" />
      </test-suite>
      <test-suite type="TestFixture" id="1-1112" name="SpecEofExceptionSized" fullname="Kaitai.SpecEofExceptionSized" classname="Kaitai.SpecEofExceptionSized" runstate="Runnable" testcasecount="1" result="Passed" start-time="2025-03-05T21:55:36.8669084Z" end-time="2025-03-05T21:55:36.8669084Z" duration="0.001301" total="1" passed="1" failed="0" warnings="0" inconclusive="0" skipped="0" asserts="1">
        <test-case id="1-1113" name="TestEofExceptionSized" fullname="Kaitai.SpecEofExceptionSized.TestEofExceptionSized" methodname="TestEofExceptionSized" classname="Kaitai.SpecEofExceptionSized" runstate="Runnable" seed="251855224" result="Passed" start-time="2025-03-05T21:55:36.8669084Z" end-time="2025-03-05T21:55:36.8669084Z" duration="0.001202" asserts="1" />
      </test-suite>
      <test-suite type="TestFixture" id="1-1114" name="SpecEofExceptionU4" fullname="Kaitai.SpecEofExceptionU4" classname="Kaitai.SpecEofExceptionU4" runstate="Runnable" testcasecount="1" result="Passed" start-time="2025-03-05T21:55:36.8669084Z" end-time="2025-03-05T21:55:36.8669084Z" duration="0.000560" total="1" passed="1" failed="0" warnings="0" inconclusive="0" skipped="0" asserts="1">
        <test-case id="1-1115" name="TestEofExceptionU4" fullname="Kaitai.SpecEofExceptionU4.TestEofExceptionU4" methodname="TestEofExceptionU4" classname="Kaitai.SpecEofExceptionU4" runstate="Runnable" seed="101416727" result="Passed" start-time="2025-03-05T21:55:36.8669084Z" end-time="2025-03-05T21:55:36.8669084Z" duration="0.000463" asserts="1" />
      </test-suite>
      <test-suite type="TestFixture" id="1-1116" name="SpecEosExceptionBytes" fullname="Kaitai.SpecEosExceptionBytes" classname="Kaitai.SpecEosExceptionBytes" runstate="Runnable" testcasecount="1" result="Passed" start-time="2025-03-05T21:55:36.8669084Z" end-time="2025-03-05T21:55:36.8669084Z" duration="0.000775" total="1" passed="1" failed="0" warnings="0" inconclusive="0" skipped="0" asserts="1">
        <test-case id="1-1117" name="TestEosExceptionBytes" fullname="Kaitai.SpecEosExceptionBytes.TestEosExceptionBytes" methodname="TestEosExceptionBytes" classname="Kaitai.SpecEosExceptionBytes" runstate="Runnable" seed="1723124808" result="Passed" start-time="2025-03-05T21:55:36.8669084Z" end-time="2025-03-05T21:55:36.8669084Z" duration="0.000679" asserts="1" />
      </test-suite>
      <test-suite type="TestFixture" id="1-1118" name="SpecEosExceptionSized" fullname="Kaitai.SpecEosExceptionSized" classname="Kaitai.SpecEosExceptionSized" runstate="Runnable" testcasecount="1" result="Passed" start-time="2025-03-05T21:55:36.8669084Z" end-time="2025-03-05T21:55:36.8669084Z" duration="0.000765" total="1" passed="1" failed="0" warnings="0" inconclusive="0" skipped="0" asserts="1">
        <test-case id="1-1119" name="TestEosExceptionSized" fullname="Kaitai.SpecEosExceptionSized.TestEosExceptionSized" methodname="TestEosExceptionSized" classname="Kaitai.SpecEosExceptionSized" runstate="Runnable" seed="1333046770" result="Passed" start-time="2025-03-05T21:55:36.8669084Z" end-time="2025-03-05T21:55:36.8669084Z" duration="0.000654" asserts="1" />
      </test-suite>
      <test-suite type="TestFixture" id="1-1120" name="SpecEosExceptionU4" fullname="Kaitai.SpecEosExceptionU4" classname="Kaitai.SpecEosExceptionU4" runstate="Runnable" testcasecount="1" result="Passed" start-time="2025-03-05T21:55:36.8669084Z" end-time="2025-03-05T21:55:36.8669084Z" duration="0.000642" total="1" passed="1" failed="0" warnings="0" inconclusive="0" skipped="0" asserts="1">
        <test-case id="1-1121" name="TestEosExceptionU4" fullname="Kaitai.SpecEosExceptionU4.TestEosExceptionU4" methodname="TestEosExceptionU4" classname="Kaitai.SpecEosExceptionU4" runstate="Runnable" seed="596042740" result="Passed" start-time="2025-03-05T21:55:36.8669084Z" end-time="2025-03-05T21:55:36.8669084Z" duration="0.000550" asserts="1" />
      </test-suite>
      <test-suite type="TestFixture" id="1-1122" name="SpecExpr0" fullname="Kaitai.SpecExpr0" classname="Kaitai.SpecExpr0" runstate="Runnable" testcasecount="1" result="Passed" start-time="2025-03-05T21:55:36.8669084Z" end-time="2025-03-05T21:55:36.8669084Z" duration="0.000578" total="1" passed="1" failed="0" warnings="0" inconclusive="0" skipped="0" asserts="2">
        <test-case id="1-1123" name="TestExpr0" fullname="Kaitai.SpecExpr0.TestExpr0" methodname="TestExpr0" classname="Kaitai.SpecExpr0" runstate="Runnable" seed="550390860" result="Passed" start-time="2025-03-05T21:55:36.8669084Z" end-time="2025-03-05T21:55:36.8669084Z" duration="0.000487" asserts="2" />
      </test-suite>
      <test-suite type="TestFixture" id="1-1124" name="SpecExpr1" fullname="Kaitai.SpecExpr1" classname="Kaitai.SpecExpr1" runstate="Runnable" testcasecount="1" result="Passed" start-time="2025-03-05T21:55:36.8669084Z" end-time="2025-03-05T21:55:36.8669084Z" duration="0.000765" total="1" passed="1" failed="0" warnings="0" inconclusive="0" skipped="0" asserts="4">
        <test-case id="1-1125" name="TestExpr1" fullname="Kaitai.SpecExpr1.TestExpr1" methodname="TestExpr1" classname="Kaitai.SpecExpr1" runstate="Runnable" seed="1591850992" result="Passed" start-time="2025-03-05T21:55:36.8669084Z" end-time="2025-03-05T21:55:36.8669084Z" duration="0.000673" asserts="4" />
      </test-suite>
      <test-suite type="TestFixture" id="1-1126" name="SpecExpr2" fullname="Kaitai.SpecExpr2" classname="Kaitai.SpecExpr2" runstate="Runnable" testcasecount="1" result="Passed" start-time="2025-03-05T21:55:36.8669084Z" end-time="2025-03-05T21:55:36.8825318Z" duration="0.002441" total="1" passed="1" failed="0" warnings="0" inconclusive="0" skipped="0" asserts="17">
        <test-case id="1-1127" name="TestExpr2" fullname="Kaitai.SpecExpr2.TestExpr2" methodname="TestExpr2" classname="Kaitai.SpecExpr2" runstate="Runnable" seed="2053570554" result="Passed" start-time="2025-03-05T21:55:36.8825318Z" end-time="2025-03-05T21:55:36.8825318Z" duration="0.002303" asserts="17" />
      </test-suite>
      <test-suite type="TestFixture" id="1-1128" name="SpecExpr3" fullname="Kaitai.SpecExpr3" classname="Kaitai.SpecExpr3" runstate="Runnable" testcasecount="1" result="Passed" start-time="2025-03-05T21:55:36.8825318Z" end-time="2025-03-05T21:55:36.8825318Z" duration="0.001664" total="1" passed="1" failed="0" warnings="0" inconclusive="0" skipped="0" asserts="12">
        <test-case id="1-1129" name="TestExpr3" fullname="Kaitai.SpecExpr3.TestExpr3" methodname="TestExpr3" classname="Kaitai.SpecExpr3" runstate="Runnable" seed="1494584428" result="Passed" start-time="2025-03-05T21:55:36.8825318Z" end-time="2025-03-05T21:55:36.8825318Z" duration="0.001571" asserts="12" />
      </test-suite>
      <test-suite type="TestFixture" id="1-1130" name="SpecExprArray" fullname="Kaitai.SpecExprArray" classname="Kaitai.SpecExprArray" runstate="Runnable" testcasecount="1" result="Passed" start-time="2025-03-05T21:55:36.8825318Z" end-time="2025-03-05T21:55:36.8825318Z" duration="0.009432" total="1" passed="1" failed="0" warnings="0" inconclusive="0" skipped="0" asserts="15">
        <test-case id="1-1131" name="TestExprArray" fullname="Kaitai.SpecExprArray.TestExprArray" methodname="TestExprArray" classname="Kaitai.SpecExprArray" runstate="Runnable" seed="233632809" result="Passed" start-time="2025-03-05T21:55:36.8825318Z" end-time="2025-03-05T21:55:36.8825318Z" duration="0.009319" asserts="15" />
      </test-suite>
      <test-suite type="TestFixture" id="1-1132" name="SpecExprBytesCmp" fullname="Kaitai.SpecExprBytesCmp" classname="Kaitai.SpecExprBytesCmp" runstate="Runnable" testcasecount="1" result="Passed" start-time="2025-03-05T21:55:36.8825318Z" end-time="2025-03-05T21:55:36.8825318Z" duration="0.001909" total="1" passed="1" failed="0" warnings="0" inconclusive="0" skipped="0" asserts="10">
        <test-case id="1-1133" name="TestExprBytesCmp" fullname="Kaitai.SpecExprBytesCmp.TestExprBytesCmp" methodname="TestExprBytesCmp" classname="Kaitai.SpecExprBytesCmp" runstate="Runnable" seed="1152517257" result="Passed" start-time="2025-03-05T21:55:36.8825318Z" end-time="2025-03-05T21:55:36.8825318Z" duration="0.001766" asserts="10" />
      </test-suite>
      <test-suite type="TestFixture" id="1-1134" name="SpecExprBytesNonLiteral" fullname="Kaitai.SpecExprBytesNonLiteral" classname="Kaitai.SpecExprBytesNonLiteral" runstate="Runnable" testcasecount="1" result="Passed" start-time="2025-03-05T21:55:36.8825318Z" end-time="2025-03-05T21:55:36.8981848Z" duration="0.000825" total="1" passed="1" failed="0" warnings="0" inconclusive="0" skipped="0" asserts="3">
        <test-case id="1-1135" name="TestExprBytesNonLiteral" fullname="Kaitai.SpecExprBytesNonLiteral.TestExprBytesNonLiteral" methodname="TestExprBytesNonLiteral" classname="Kaitai.SpecExprBytesNonLiteral" runstate="Runnable" seed="399469820" result="Passed" start-time="2025-03-05T21:55:36.8825318Z" end-time="2025-03-05T21:55:36.8981848Z" duration="0.000715" asserts="3" />
      </test-suite>
      <test-suite type="TestFixture" id="1-1136" name="SpecExprBytesOps" fullname="Kaitai.SpecExprBytesOps" classname="Kaitai.SpecExprBytesOps" runstate="Runnable" testcasecount="1" result="Passed" start-time="2025-03-05T21:55:36.8981848Z" end-time="2025-03-05T21:55:36.8981848Z" duration="0.003061" total="1" passed="1" failed="0" warnings="0" inconclusive="0" skipped="0" asserts="16">
        <test-case id="1-1137" name="TestExprBytesOps" fullname="Kaitai.SpecExprBytesOps.TestExprBytesOps" methodname="TestExprBytesOps" classname="Kaitai.SpecExprBytesOps" runstate="Runnable" seed="273751187" result="Passed" start-time="2025-03-05T21:55:36.8981848Z" end-time="2025-03-05T21:55:36.8981848Z" duration="0.002951" asserts="16" />
      </test-suite>
      <test-suite type="TestFixture" id="1-1138" name="SpecExprCalcArrayOps" fullname="Kaitai.SpecExprCalcArrayOps" classname="Kaitai.SpecExprCalcArrayOps" runstate="Runnable" testcasecount="1" result="Passed" start-time="2025-03-05T21:55:36.8981848Z" end-time="2025-03-05T21:55:36.8981848Z" duration="0.003513" total="1" passed="1" failed="0" warnings="0" inconclusive="0" skipped="0" asserts="18">
        <test-case id="1-1139" name="TestExprCalcArrayOps" fullname="Kaitai.SpecExprCalcArrayOps.TestExprCalcArrayOps" methodname="TestExprCalcArrayOps" classname="Kaitai.SpecExprCalcArrayOps" runstate="Runnable" seed="1856660267" result="Passed" start-time="2025-03-05T21:55:36.8981848Z" end-time="2025-03-05T21:55:36.8981848Z" duration="0.003392" asserts="18" />
      </test-suite>
      <test-suite type="TestFixture" id="1-1140" name="SpecExprEnum" fullname="Kaitai.SpecExprEnum" classname="Kaitai.SpecExprEnum" runstate="Runnable" testcasecount="1" result="Passed" start-time="2025-03-05T21:55:36.8981848Z" end-time="2025-03-05T21:55:36.8981848Z" duration="0.000799" total="1" passed="1" failed="0" warnings="0" inconclusive="0" skipped="0" asserts="3">
        <test-case id="1-1141" name="TestExprEnum" fullname="Kaitai.SpecExprEnum.TestExprEnum" methodname="TestExprEnum" classname="Kaitai.SpecExprEnum" runstate="Runnable" seed="509654310" result="Passed" start-time="2025-03-05T21:55:36.8981848Z" end-time="2025-03-05T21:55:36.8981848Z" duration="0.000691" asserts="3" />
      </test-suite>
      <test-suite type="TestFixture" id="1-1142" name="SpecExprFstring0" fullname="Kaitai.SpecExprFstring0" classname="Kaitai.SpecExprFstring0" runstate="Runnable" testcasecount="1" result="Passed" start-time="2025-03-05T21:55:36.8981848Z" end-time="2025-03-05T21:55:36.8981848Z" duration="0.001177" total="1" passed="1" failed="0" warnings="0" inconclusive="0" skipped="0" asserts="9">
        <test-case id="1-1143" name="TestExprFstring0" fullname="Kaitai.SpecExprFstring0.TestExprFstring0" methodname="TestExprFstring0" classname="Kaitai.SpecExprFstring0" runstate="Runnable" seed="1890198932" result="Passed" start-time="2025-03-05T21:55:36.8981848Z" end-time="2025-03-05T21:55:36.8981848Z" duration="0.001074" asserts="9" />
      </test-suite>
      <test-suite type="TestFixture" id="1-1144" name="SpecExprIfIntOps" fullname="Kaitai.SpecExprIfIntOps" classname="Kaitai.SpecExprIfIntOps" runstate="Runnable" testcasecount="1" result="Passed" start-time="2025-03-05T21:55:36.8981848Z" end-time="2025-03-05T21:55:36.8981848Z" duration="0.001073" total="1" passed="1" failed="0" warnings="0" inconclusive="0" skipped="0" asserts="2">
        <test-case id="1-1145" name="TestExprIfIntOps" fullname="Kaitai.SpecExprIfIntOps.TestExprIfIntOps" methodname="TestExprIfIntOps" classname="Kaitai.SpecExprIfIntOps" runstate="Runnable" seed="1586413859" result="Passed" start-time="2025-03-05T21:55:36.8981848Z" end-time="2025-03-05T21:55:36.8981848Z" duration="0.000973" asserts="2" />
      </test-suite>
      <test-suite type="TestFixture" id="1-1146" name="SpecExprIntDiv" fullname="Kaitai.SpecExprIntDiv" classname="Kaitai.SpecExprIntDiv" runstate="Runnable" testcasecount="1" result="Failed" site="Child" start-time="2025-03-05T21:55:36.8981848Z" end-time="2025-03-05T21:55:37.0544260Z" duration="0.151195" total="1" passed="0" failed="1" warnings="0" inconclusive="0" skipped="0" asserts="4">
        <failure>
          <message><![CDATA[One or more child tests had errors]]></message>
        </failure>
        <test-case id="1-1147" name="TestExprIntDiv" fullname="Kaitai.SpecExprIntDiv.TestExprIntDiv" methodname="TestExprIntDiv" classname="Kaitai.SpecExprIntDiv" runstate="Runnable" seed="2016849794" result="Failed" start-time="2025-03-05T21:55:36.8981848Z" end-time="2025-03-05T21:55:37.0544260Z" duration="0.150971" asserts="4">
          <failure>
            <message><![CDATA[  Expected: -756
  But was:  -757
]]></message>
            <stack-trace><![CDATA[   at Kaitai.SpecExprIntDiv.TestExprIntDiv() in D:\a\ci_targets\ci_targets\tests\spec\csharp\kaitai_struct_csharp_tests\tests\SpecExprIntDiv.cs:line 18
]]></stack-trace>
          </failure>
          <assertions>
            <assertion result="Failed">
              <message><![CDATA[  Expected: -756
  But was:  -757
]]></message>
              <stack-trace><![CDATA[   at Kaitai.SpecExprIntDiv.TestExprIntDiv() in D:\a\ci_targets\ci_targets\tests\spec\csharp\kaitai_struct_csharp_tests\tests\SpecExprIntDiv.cs:line 18
]]></stack-trace>
            </assertion>
          </assertions>
        </test-case>
      </test-suite>
      <test-suite type="TestFixture" id="1-1148" name="SpecExprIoEof" fullname="Kaitai.SpecExprIoEof" classname="Kaitai.SpecExprIoEof" runstate="Runnable" testcasecount="1" result="Passed" start-time="2025-03-05T21:55:37.0544260Z" end-time="2025-03-05T21:55:37.0544260Z" duration="0.002033" total="1" passed="1" failed="0" warnings="0" inconclusive="0" skipped="0" asserts="4">
        <test-case id="1-1149" name="TestExprIoEof" fullname="Kaitai.SpecExprIoEof.TestExprIoEof" methodname="TestExprIoEof" classname="Kaitai.SpecExprIoEof" runstate="Runnable" seed="1092157443" result="Passed" start-time="2025-03-05T21:55:37.0544260Z" end-time="2025-03-05T21:55:37.0544260Z" duration="0.001858" asserts="4" />
      </test-suite>
      <test-suite type="TestFixture" id="1-1150" name="SpecExprIoPos" fullname="Kaitai.SpecExprIoPos" classname="Kaitai.SpecExprIoPos" runstate="Runnable" testcasecount="1" result="Passed" start-time="2025-03-05T21:55:37.0544260Z" end-time="2025-03-05T21:55:37.0544260Z" duration="0.001689" total="1" passed="1" failed="0" warnings="0" inconclusive="0" skipped="0" asserts="6">
        <test-case id="1-1151" name="TestExprIoPos" fullname="Kaitai.SpecExprIoPos.TestExprIoPos" methodname="TestExprIoPos" classname="Kaitai.SpecExprIoPos" runstate="Runnable" seed="1768981230" result="Passed" start-time="2025-03-05T21:55:37.0544260Z" end-time="2025-03-05T21:55:37.0544260Z" duration="0.001544" asserts="6" />
      </test-suite>
      <test-suite type="TestFixture" id="1-1152" name="SpecExprMod" fullname="Kaitai.SpecExprMod" classname="Kaitai.SpecExprMod" runstate="Runnable" testcasecount="1" result="Passed" start-time="2025-03-05T21:55:37.0544260Z" end-time="2025-03-05T21:55:37.0544260Z" duration="0.001143" total="1" passed="1" failed="0" warnings="0" inconclusive="0" skipped="0" asserts="6">
        <test-case id="1-1153" name="TestExprMod" fullname="Kaitai.SpecExprMod.TestExprMod" methodname="TestExprMod" classname="Kaitai.SpecExprMod" runstate="Runnable" seed="2050872531" result="Passed" start-time="2025-03-05T21:55:37.0544260Z" end-time="2025-03-05T21:55:37.0544260Z" duration="0.001043" asserts="6" />
      </test-suite>
      <test-suite type="TestFixture" id="1-1154" name="SpecExprOpsParens" fullname="Kaitai.SpecExprOpsParens" classname="Kaitai.SpecExprOpsParens" runstate="Runnable" testcasecount="1" result="Passed" start-time="2025-03-05T21:55:37.0544260Z" end-time="2025-03-05T21:55:37.0544260Z" duration="0.003032" total="1" passed="1" failed="0" warnings="0" inconclusive="0" skipped="0" asserts="9">
        <test-case id="1-1155" name="TestExprOpsParens" fullname="Kaitai.SpecExprOpsParens.TestExprOpsParens" methodname="TestExprOpsParens" classname="Kaitai.SpecExprOpsParens" runstate="Runnable" seed="1501269159" result="Passed" start-time="2025-03-05T21:55:37.0544260Z" end-time="2025-03-05T21:55:37.0544260Z" duration="0.002933" asserts="9" />
      </test-suite>
      <test-suite type="TestFixture" id="1-1156" name="SpecExprSizeofType0" fullname="Kaitai.SpecExprSizeofType0" classname="Kaitai.SpecExprSizeofType0" runstate="Runnable" testcasecount="1" result="Passed" start-time="2025-03-05T21:55:37.0544260Z" end-time="2025-03-05T21:55:37.0544260Z" duration="0.000457" total="1" passed="1" failed="0" warnings="0" inconclusive="0" skipped="0" asserts="1">
        <test-case id="1-1157" name="TestExprSizeofType0" fullname="Kaitai.SpecExprSizeofType0.TestExprSizeofType0" methodname="TestExprSizeofType0" classname="Kaitai.SpecExprSizeofType0" runstate="Runnable" seed="1490729826" result="Passed" start-time="2025-03-05T21:55:37.0544260Z" end-time="2025-03-05T21:55:37.0544260Z" duration="0.000361" asserts="1" />
      </test-suite>
      <test-suite type="TestFixture" id="1-1158" name="SpecExprSizeofType1" fullname="Kaitai.SpecExprSizeofType1" classname="Kaitai.SpecExprSizeofType1" runstate="Runnable" testcasecount="1" result="Passed" start-time="2025-03-05T21:55:37.0544260Z" end-time="2025-03-05T21:55:37.0544260Z" duration="0.000508" total="1" passed="1" failed="0" warnings="0" inconclusive="0" skipped="0" asserts="2">
        <test-case id="1-1159" name="TestExprSizeofType1" fullname="Kaitai.SpecExprSizeofType1.TestExprSizeofType1" methodname="TestExprSizeofType1" classname="Kaitai.SpecExprSizeofType1" runstate="Runnable" seed="1978784886" result="Passed" start-time="2025-03-05T21:55:37.0544260Z" end-time="2025-03-05T21:55:37.0544260Z" duration="0.000417" asserts="2" />
      </test-suite>
      <test-suite type="TestFixture" id="1-1160" name="SpecExprSizeofValue0" fullname="Kaitai.SpecExprSizeofValue0" classname="Kaitai.SpecExprSizeofValue0" runstate="Runnable" testcasecount="1" result="Passed" start-time="2025-03-05T21:55:37.0544260Z" end-time="2025-03-05T21:55:37.0700507Z" duration="0.000994" total="1" passed="1" failed="0" warnings="0" inconclusive="0" skipped="0" asserts="5">
        <test-case id="1-1161" name="TestExprSizeofValue0" fullname="Kaitai.SpecExprSizeofValue0.TestExprSizeofValue0" methodname="TestExprSizeofValue0" classname="Kaitai.SpecExprSizeofValue0" runstate="Runnable" seed="104231533" result="Passed" start-time="2025-03-05T21:55:37.0544260Z" end-time="2025-03-05T21:55:37.0700507Z" duration="0.000898" asserts="5" />
      </test-suite>
      <test-suite type="TestFixture" id="1-1162" name="SpecExprSizeofValueSized" fullname="Kaitai.SpecExprSizeofValueSized" classname="Kaitai.SpecExprSizeofValueSized" runstate="Runnable" testcasecount="1" result="Passed" start-time="2025-03-05T21:55:37.0700507Z" end-time="2025-03-05T21:55:37.0700507Z" duration="0.000975" total="1" passed="1" failed="0" warnings="0" inconclusive="0" skipped="0" asserts="5">
        <test-case id="1-1163" name="TestExprSizeofValueSized" fullname="Kaitai.SpecExprSizeofValueSized.TestExprSizeofValueSized" methodname="TestExprSizeofValueSized" classname="Kaitai.SpecExprSizeofValueSized" runstate="Runnable" seed="508758017" result="Passed" start-time="2025-03-05T21:55:37.0700507Z" end-time="2025-03-05T21:55:37.0700507Z" duration="0.000884" asserts="5" />
      </test-suite>
      <test-suite type="TestFixture" id="1-1164" name="SpecExprStrEncodings" fullname="Kaitai.SpecExprStrEncodings" classname="Kaitai.SpecExprStrEncodings" runstate="Runnable" testcasecount="1" result="Passed" start-time="2025-03-05T21:55:37.0700507Z" end-time="2025-03-05T21:55:37.0700507Z" duration="0.002494" total="1" passed="1" failed="0" warnings="0" inconclusive="0" skipped="0" asserts="7">
        <test-case id="1-1165" name="TestExprStrEncodings" fullname="Kaitai.SpecExprStrEncodings.TestExprStrEncodings" methodname="TestExprStrEncodings" classname="Kaitai.SpecExprStrEncodings" runstate="Runnable" seed="1091140587" result="Passed" start-time="2025-03-05T21:55:37.0700507Z" end-time="2025-03-05T21:55:37.0700507Z" duration="0.002397" asserts="7" />
      </test-suite>
      <test-suite type="TestFixture" id="1-1166" name="SpecExprStrOps" fullname="Kaitai.SpecExprStrOps" classname="Kaitai.SpecExprStrOps" runstate="Runnable" testcasecount="1" result="Passed" start-time="2025-03-05T21:55:37.0700507Z" end-time="2025-03-05T21:55:37.0700507Z" duration="0.002257" total="1" passed="1" failed="0" warnings="0" inconclusive="0" skipped="0" asserts="18">
        <test-case id="1-1167" name="TestExprStrOps" fullname="Kaitai.SpecExprStrOps.TestExprStrOps" methodname="TestExprStrOps" classname="Kaitai.SpecExprStrOps" runstate="Runnable" seed="109615715" result="Passed" start-time="2025-03-05T21:55:37.0700507Z" end-time="2025-03-05T21:55:37.0700507Z" duration="0.002159" asserts="18" />
      </test-suite>
      <test-suite type="TestFixture" id="1-1168" name="SpecExprToITrailing" fullname="Kaitai.SpecExprToITrailing" classname="Kaitai.SpecExprToITrailing" runstate="Runnable" testcasecount="1" result="Passed" start-time="2025-03-05T21:55:37.0700507Z" end-time="2025-03-05T21:55:37.0700507Z" duration="0.001138" total="1" passed="1" failed="0" warnings="0" inconclusive="0" skipped="0" asserts="3">
        <test-case id="1-1169" name="TestExprToITrailing" fullname="Kaitai.SpecExprToITrailing.TestExprToITrailing" methodname="TestExprToITrailing" classname="Kaitai.SpecExprToITrailing" runstate="Runnable" seed="811813971" result="Passed" start-time="2025-03-05T21:55:37.0700507Z" end-time="2025-03-05T21:55:37.0700507Z" duration="0.001044" asserts="3" />
      </test-suite>
      <test-suite type="TestFixture" id="1-1170" name="SpecFixedContents" fullname="Kaitai.SpecFixedContents" classname="Kaitai.SpecFixedContents" runstate="Runnable" testcasecount="1" result="Passed" start-time="2025-03-05T21:55:37.0700507Z" end-time="2025-03-05T21:55:37.0700507Z" duration="0.000731" total="1" passed="1" failed="0" warnings="0" inconclusive="0" skipped="0" asserts="0">
        <test-case id="1-1171" name="TestFixedContents" fullname="Kaitai.SpecFixedContents.TestFixedContents" methodname="TestFixedContents" classname="Kaitai.SpecFixedContents" runstate="Runnable" seed="778089306" result="Passed" start-time="2025-03-05T21:55:37.0700507Z" end-time="2025-03-05T21:55:37.0700507Z" duration="0.000630" asserts="0" />
      </test-suite>
      <test-suite type="TestFixture" id="1-1172" name="SpecFixedStruct" fullname="Kaitai.SpecFixedStruct" classname="Kaitai.SpecFixedStruct" runstate="Runnable" testcasecount="1" result="Passed" start-time="2025-03-05T21:55:37.0700507Z" end-time="2025-03-05T21:55:37.0700507Z" duration="0.003451" total="1" passed="1" failed="0" warnings="0" inconclusive="0" skipped="0" asserts="20">
        <test-case id="1-1173" name="TestFixedStruct" fullname="Kaitai.SpecFixedStruct.TestFixedStruct" methodname="TestFixedStruct" classname="Kaitai.SpecFixedStruct" runstate="Runnable" seed="1367161021" result="Passed" start-time="2025-03-05T21:55:37.0700507Z" end-time="2025-03-05T21:55:37.0700507Z" duration="0.003353" asserts="20" />
      </test-suite>
      <test-suite type="TestFixture" id="1-1176" name="SpecFloatingPoints" fullname="Kaitai.SpecFloatingPoints" classname="Kaitai.SpecFloatingPoints" runstate="Runnable" testcasecount="1" result="Passed" start-time="2025-03-05T21:55:37.0700507Z" end-time="2025-03-05T21:55:37.0700507Z" duration="0.001647" total="1" passed="1" failed="0" warnings="0" inconclusive="0" skipped="0" asserts="8">
        <test-case id="1-1177" name="TestFloatingPoints" fullname="Kaitai.SpecFloatingPoints.TestFloatingPoints" methodname="TestFloatingPoints" classname="Kaitai.SpecFloatingPoints" runstate="Runnable" seed="1291486290" result="Passed" start-time="2025-03-05T21:55:37.0700507Z" end-time="2025-03-05T21:55:37.0700507Z" duration="0.001551" asserts="8" />
      </test-suite>
      <test-suite type="TestFixture" id="1-1174" name="SpecFloatToI" fullname="Kaitai.SpecFloatToI" classname="Kaitai.SpecFloatToI" runstate="Runnable" testcasecount="1" result="Passed" start-time="2025-03-05T21:55:37.0700507Z" end-time="2025-03-05T21:55:37.0700507Z" duration="0.001331" total="1" passed="1" failed="0" warnings="0" inconclusive="0" skipped="0" asserts="8">
        <test-case id="1-1175" name="TestFloatToI" fullname="Kaitai.SpecFloatToI.TestFloatToI" methodname="TestFloatToI" classname="Kaitai.SpecFloatToI" runstate="Runnable" seed="787055563" result="Passed" start-time="2025-03-05T21:55:37.0700507Z" end-time="2025-03-05T21:55:37.0700507Z" duration="0.001229" asserts="8" />
      </test-suite>
      <test-suite type="TestFixture" id="1-1178" name="SpecHelloWorld" fullname="Kaitai.SpecHelloWorld" classname="Kaitai.SpecHelloWorld" runstate="Runnable" testcasecount="1" result="Passed" start-time="2025-03-05T21:55:37.0700507Z" end-time="2025-03-05T21:55:37.0700507Z" duration="0.000490" total="1" passed="1" failed="0" warnings="0" inconclusive="0" skipped="0" asserts="1">
        <test-case id="1-1179" name="TestHelloWorld" fullname="Kaitai.SpecHelloWorld.TestHelloWorld" methodname="TestHelloWorld" classname="Kaitai.SpecHelloWorld" runstate="Runnable" seed="610468638" result="Passed" start-time="2025-03-05T21:55:37.0700507Z" end-time="2025-03-05T21:55:37.0700507Z" duration="0.000394" asserts="1" />
      </test-suite>
      <test-suite type="TestFixture" id="1-1180" name="SpecIfInstances" fullname="Kaitai.SpecIfInstances" classname="Kaitai.SpecIfInstances" runstate="Runnable" testcasecount="1" result="Passed" start-time="2025-03-05T21:55:37.0700507Z" end-time="2025-03-05T21:55:37.0856612Z" duration="0.000469" total="1" passed="1" failed="0" warnings="0" inconclusive="0" skipped="0" asserts="1">
        <test-case id="1-1181" name="TestIfInstances" fullname="Kaitai.SpecIfInstances.TestIfInstances" methodname="TestIfInstances" classname="Kaitai.SpecIfInstances" runstate="Runnable" seed="129195690" result="Passed" start-time="2025-03-05T21:55:37.0700507Z" end-time="2025-03-05T21:55:37.0856612Z" duration="0.000360" asserts="1" />
      </test-suite>
      <test-suite type="TestFixture" id="1-1182" name="SpecIfStruct" fullname="Kaitai.SpecIfStruct" classname="Kaitai.SpecIfStruct" runstate="Runnable" testcasecount="1" result="Passed" start-time="2025-03-05T21:55:37.0856612Z" end-time="2025-03-05T21:55:37.0856612Z" duration="0.001527" total="1" passed="1" failed="0" warnings="0" inconclusive="0" skipped="0" asserts="7">
        <test-case id="1-1183" name="TestIfStruct" fullname="Kaitai.SpecIfStruct.TestIfStruct" methodname="TestIfStruct" classname="Kaitai.SpecIfStruct" runstate="Runnable" seed="1814767802" result="Passed" start-time="2025-03-05T21:55:37.0856612Z" end-time="2025-03-05T21:55:37.0856612Z" duration="0.001402" asserts="7" />
      </test-suite>
      <test-suite type="TestFixture" id="1-1184" name="SpecIfValues" fullname="Kaitai.SpecIfValues" classname="Kaitai.SpecIfValues" runstate="Runnable" testcasecount="1" result="Passed" start-time="2025-03-05T21:55:37.0856612Z" end-time="2025-03-05T21:55:37.0856612Z" duration="0.001155" total="1" passed="1" failed="0" warnings="0" inconclusive="0" skipped="0" asserts="6">
        <test-case id="1-1185" name="TestIfValues" fullname="Kaitai.SpecIfValues.TestIfValues" methodname="TestIfValues" classname="Kaitai.SpecIfValues" runstate="Runnable" seed="297306825" result="Passed" start-time="2025-03-05T21:55:37.0856612Z" end-time="2025-03-05T21:55:37.0856612Z" duration="0.001055" asserts="6" />
      </test-suite>
      <test-suite type="TestFixture" id="1-1186" name="SpecImports0" fullname="Kaitai.SpecImports0" classname="Kaitai.SpecImports0" runstate="Runnable" testcasecount="1" result="Passed" start-time="2025-03-05T21:55:37.0856612Z" end-time="2025-03-05T21:55:37.0856612Z" duration="0.000701" total="1" passed="1" failed="0" warnings="0" inconclusive="0" skipped="0" asserts="3">
        <test-case id="1-1187" name="TestImports0" fullname="Kaitai.SpecImports0.TestImports0" methodname="TestImports0" classname="Kaitai.SpecImports0" runstate="Runnable" seed="1890131390" result="Passed" start-time="2025-03-05T21:55:37.0856612Z" end-time="2025-03-05T21:55:37.0856612Z" duration="0.000604" asserts="3" />
      </test-suite>
      <test-suite type="TestFixture" id="1-1188" name="SpecImportsAbs" fullname="Kaitai.SpecImportsAbs" classname="Kaitai.SpecImportsAbs" runstate="Runnable" testcasecount="1" result="Passed" start-time="2025-03-05T21:55:37.0856612Z" end-time="2025-03-05T21:55:37.0856612Z" duration="0.001844" total="1" passed="1" failed="0" warnings="0" inconclusive="0" skipped="0" asserts="2">
        <test-case id="1-1189" name="TestImportsAbs" fullname="Kaitai.SpecImportsAbs.TestImportsAbs" methodname="TestImportsAbs" classname="Kaitai.SpecImportsAbs" runstate="Runnable" seed="1742962787" result="Passed" start-time="2025-03-05T21:55:37.0856612Z" end-time="2025-03-05T21:55:37.0856612Z" duration="0.001749" asserts="2" />
      </test-suite>
      <test-suite type="TestFixture" id="1-1190" name="SpecImportsAbsAbs" fullname="Kaitai.SpecImportsAbsAbs" classname="Kaitai.SpecImportsAbsAbs" runstate="Runnable" testcasecount="1" result="Passed" start-time="2025-03-05T21:55:37.0856612Z" end-time="2025-03-05T21:55:37.0856612Z" duration="0.000957" total="1" passed="1" failed="0" warnings="0" inconclusive="0" skipped="0" asserts="3">
        <test-case id="1-1191" name="TestImportsAbsAbs" fullname="Kaitai.SpecImportsAbsAbs.TestImportsAbsAbs" methodname="TestImportsAbsAbs" classname="Kaitai.SpecImportsAbsAbs" runstate="Runnable" seed="582067553" result="Passed" start-time="2025-03-05T21:55:37.0856612Z" end-time="2025-03-05T21:55:37.0856612Z" duration="0.000862" asserts="3" />
      </test-suite>
      <test-suite type="TestFixture" id="1-1192" name="SpecImportsAbsRel" fullname="Kaitai.SpecImportsAbsRel" classname="Kaitai.SpecImportsAbsRel" runstate="Runnable" testcasecount="1" result="Passed" start-time="2025-03-05T21:55:37.0856612Z" end-time="2025-03-05T21:55:37.0856612Z" duration="0.000763" total="1" passed="1" failed="0" warnings="0" inconclusive="0" skipped="0" asserts="3">
        <test-case id="1-1193" name="TestImportsAbsRel" fullname="Kaitai.SpecImportsAbsRel.TestImportsAbsRel" methodname="TestImportsAbsRel" classname="Kaitai.SpecImportsAbsRel" runstate="Runnable" seed="1773621110" result="Passed" start-time="2025-03-05T21:55:37.0856612Z" end-time="2025-03-05T21:55:37.0856612Z" duration="0.000669" asserts="3" />
      </test-suite>
      <test-suite type="TestFixture" id="1-1194" name="SpecImportsCastToImported" fullname="Kaitai.SpecImportsCastToImported" classname="Kaitai.SpecImportsCastToImported" runstate="Runnable" testcasecount="1" result="Passed" start-time="2025-03-05T21:55:37.0856612Z" end-time="2025-03-05T21:55:37.0856612Z" duration="0.000810" total="1" passed="1" failed="0" warnings="0" inconclusive="0" skipped="0" asserts="2">
        <test-case id="1-1195" name="TestImportsCastToImported" fullname="Kaitai.SpecImportsCastToImported.TestImportsCastToImported" methodname="TestImportsCastToImported" classname="Kaitai.SpecImportsCastToImported" runstate="Runnable" seed="1576686606" result="Passed" start-time="2025-03-05T21:55:37.0856612Z" end-time="2025-03-05T21:55:37.0856612Z" duration="0.000717" asserts="2" />
      </test-suite>
      <test-suite type="TestFixture" id="1-1196" name="SpecImportsCastToImported2" fullname="Kaitai.SpecImportsCastToImported2" classname="Kaitai.SpecImportsCastToImported2" runstate="Runnable" testcasecount="1" result="Passed" start-time="2025-03-05T21:55:37.0856612Z" end-time="2025-03-05T21:55:37.0856612Z" duration="0.000787" total="1" passed="1" failed="0" warnings="0" inconclusive="0" skipped="0" asserts="2">
        <test-case id="1-1197" name="TestImportsCastToImported2" fullname="Kaitai.SpecImportsCastToImported2.TestImportsCastToImported2" methodname="TestImportsCastToImported2" classname="Kaitai.SpecImportsCastToImported2" runstate="Runnable" seed="409463443" result="Passed" start-time="2025-03-05T21:55:37.0856612Z" end-time="2025-03-05T21:55:37.0856612Z" duration="0.000690" asserts="2" />
      </test-suite>
      <test-suite type="TestFixture" id="1-1198" name="SpecImportsCircularA" fullname="Kaitai.SpecImportsCircularA" classname="Kaitai.SpecImportsCircularA" runstate="Runnable" testcasecount="1" result="Passed" start-time="2025-03-05T21:55:37.0856612Z" end-time="2025-03-05T21:55:37.0856612Z" duration="0.000855" total="1" passed="1" failed="0" warnings="0" inconclusive="0" skipped="0" asserts="5">
        <test-case id="1-1199" name="TestImportsCircularA" fullname="Kaitai.SpecImportsCircularA.TestImportsCircularA" methodname="TestImportsCircularA" classname="Kaitai.SpecImportsCircularA" runstate="Runnable" seed="1921788841" result="Passed" start-time="2025-03-05T21:55:37.0856612Z" end-time="2025-03-05T21:55:37.0856612Z" duration="0.000763" asserts="5" />
      </test-suite>
[...]
      </test-suite>
      <test-suite type="TestFixture" id="1-1462" name="SpecValidFailEqInt" fullname="Kaitai.SpecValidFailEqInt" classname="Kaitai.SpecValidFailEqInt" runstate="Runnable" testcasecount="1" result="Passed" start-time="2025-03-05T21:55:37.2419062Z" end-time="2025-03-05T21:55:37.2419062Z" duration="0.000782" total="1" passed="1" failed="0" warnings="0" inconclusive="0" skipped="0" asserts="1">
        <test-case id="1-1463" name="TestValidFailEqInt" fullname="Kaitai.SpecValidFailEqInt.TestValidFailEqInt" methodname="TestValidFailEqInt" classname="Kaitai.SpecValidFailEqInt" runstate="Runnable" seed="2061442091" result="Passed" start-time="2025-03-05T21:55:37.2419062Z" end-time="2025-03-05T21:55:37.2419062Z" duration="0.000680" asserts="1" />
      </test-suite>
      <test-suite type="TestFixture" id="1-1464" name="SpecValidFailEqStr" fullname="Kaitai.SpecValidFailEqStr" classname="Kaitai.SpecValidFailEqStr" runstate="Runnable" testcasecount="1" result="Passed" start-time="2025-03-05T21:55:37.2419062Z" end-time="2025-03-05T21:55:37.2419062Z" duration="0.000670" total="1" passed="1" failed="0" warnings="0" inconclusive="0" skipped="0" asserts="1">
        <test-case id="1-1465" name="TestValidFailEqStr" fullname="Kaitai.SpecValidFailEqStr.TestValidFailEqStr" methodname="TestValidFailEqStr" classname="Kaitai.SpecValidFailEqStr" runstate="Runnable" seed="808747128" result="Passed" start-time="2025-03-05T21:55:37.2419062Z" end-time="2025-03-05T21:55:37.2419062Z" duration="0.000545" asserts="1" />
      </test-suite>
      <test-suite type="TestFixture" id="1-1466" name="SpecValidFailExpr" fullname="Kaitai.SpecValidFailExpr" classname="Kaitai.SpecValidFailExpr" runstate="Runnable" testcasecount="1" result="Passed" start-time="2025-03-05T21:55:37.2419062Z" end-time="2025-03-05T21:55:37.2575331Z" duration="0.000962" total="1" passed="1" failed="0" warnings="0" inconclusive="0" skipped="0" asserts="1">
        <test-case id="1-1467" name="TestValidFailExpr" fullname="Kaitai.SpecValidFailExpr.TestValidFailExpr" methodname="TestValidFailExpr" classname="Kaitai.SpecValidFailExpr" runstate="Runnable" seed="1136677348" result="Passed" start-time="2025-03-05T21:55:37.2419062Z" end-time="2025-03-05T21:55:37.2575331Z" duration="0.000798" asserts="1" />
      </test-suite>
      <test-suite type="TestFixture" id="1-1468" name="SpecValidFailInEnum" fullname="Kaitai.SpecValidFailInEnum" classname="Kaitai.SpecValidFailInEnum" runstate="Runnable" testcasecount="1" result="Passed" start-time="2025-03-05T21:55:37.2575331Z" end-time="2025-03-05T21:55:37.2575331Z" duration="0.000824" total="1" passed="1" failed="0" warnings="0" inconclusive="0" skipped="0" asserts="1">
        <test-case id="1-1469" name="TestValidFailInEnum" fullname="Kaitai.SpecValidFailInEnum.TestValidFailInEnum" methodname="TestValidFailInEnum" classname="Kaitai.SpecValidFailInEnum" runstate="Runnable" seed="1541603910" result="Passed" start-time="2025-03-05T21:55:37.2575331Z" end-time="2025-03-05T21:55:37.2575331Z" duration="0.000725" asserts="1" />
      </test-suite>
      <test-suite type="TestFixture" id="1-1470" name="SpecValidFailInst" fullname="Kaitai.SpecValidFailInst" classname="Kaitai.SpecValidFailInst" runstate="Runnable" testcasecount="1" result="Passed" start-time="2025-03-05T21:55:37.2575331Z" end-time="2025-03-05T21:55:37.2575331Z" duration="0.000749" total="1" passed="1" failed="0" warnings="0" inconclusive="0" skipped="0" asserts="1">
        <test-case id="1-1471" name="TestValidFailInst" fullname="Kaitai.SpecValidFailInst.TestValidFailInst" methodname="TestValidFailInst" classname="Kaitai.SpecValidFailInst" runstate="Runnable" seed="1226500426" result="Passed" start-time="2025-03-05T21:55:37.2575331Z" end-time="2025-03-05T21:55:37.2575331Z" duration="0.000655" asserts="1" />
      </test-suite>
      <test-suite type="TestFixture" id="1-1472" name="SpecValidFailMaxInt" fullname="Kaitai.SpecValidFailMaxInt" classname="Kaitai.SpecValidFailMaxInt" runstate="Runnable" testcasecount="1" result="Passed" start-time="2025-03-05T21:55:37.2575331Z" end-time="2025-03-05T21:55:37.2575331Z" duration="0.000890" total="1" passed="1" failed="0" warnings="0" inconclusive="0" skipped="0" asserts="1">
        <test-case id="1-1473" name="TestValidFailMaxInt" fullname="Kaitai.SpecValidFailMaxInt.TestValidFailMaxInt" methodname="TestValidFailMaxInt" classname="Kaitai.SpecValidFailMaxInt" runstate="Runnable" seed="1167912034" result="Passed" start-time="2025-03-05T21:55:37.2575331Z" end-time="2025-03-05T21:55:37.2575331Z" duration="0.000786" asserts="1" />
      </test-suite>
      <test-suite type="TestFixture" id="1-1474" name="SpecValidFailMinInt" fullname="Kaitai.SpecValidFailMinInt" classname="Kaitai.SpecValidFailMinInt" runstate="Runnable" testcasecount="1" result="Passed" start-time="2025-03-05T21:55:37.2575331Z" end-time="2025-03-05T21:55:37.2575331Z" duration="0.000807" total="1" passed="1" failed="0" warnings="0" inconclusive="0" skipped="0" asserts="1">
        <test-case id="1-1475" name="TestValidFailMinInt" fullname="Kaitai.SpecValidFailMinInt.TestValidFailMinInt" methodname="TestValidFailMinInt" classname="Kaitai.SpecValidFailMinInt" runstate="Runnable" seed="893885072" result="Passed" start-time="2025-03-05T21:55:37.2575331Z" end-time="2025-03-05T21:55:37.2575331Z" duration="0.000710" asserts="1" />
      </test-suite>
      <test-suite type="TestFixture" id="1-1476" name="SpecValidFailRangeBytes" fullname="Kaitai.SpecValidFailRangeBytes" classname="Kaitai.SpecValidFailRangeBytes" runstate="Runnable" testcasecount="1" result="Passed" start-time="2025-03-05T21:55:37.2575331Z" end-time="2025-03-05T21:55:37.2575331Z" duration="0.000811" total="1" passed="1" failed="0" warnings="0" inconclusive="0" skipped="0" asserts="1">
        <test-case id="1-1477" name="TestValidFailRangeBytes" fullname="Kaitai.SpecValidFailRangeBytes.TestValidFailRangeBytes" methodname="TestValidFailRangeBytes" classname="Kaitai.SpecValidFailRangeBytes" runstate="Runnable" seed="472974267" result="Passed" start-time="2025-03-05T21:55:37.2575331Z" end-time="2025-03-05T21:55:37.2575331Z" duration="0.000718" asserts="1" />
      </test-suite>
      <test-suite type="TestFixture" id="1-1478" name="SpecValidFailRangeFloat" fullname="Kaitai.SpecValidFailRangeFloat" classname="Kaitai.SpecValidFailRangeFloat" runstate="Runnable" testcasecount="1" result="Passed" start-time="2025-03-05T21:55:37.2575331Z" end-time="2025-03-05T21:55:37.2575331Z" duration="0.001721" total="1" passed="1" failed="0" warnings="0" inconclusive="0" skipped="0" asserts="1">
        <test-case id="1-1479" name="TestValidFailRangeFloat" fullname="Kaitai.SpecValidFailRangeFloat.TestValidFailRangeFloat" methodname="TestValidFailRangeFloat" classname="Kaitai.SpecValidFailRangeFloat" runstate="Runnable" seed="1958153" result="Passed" start-time="2025-03-05T21:55:37.2575331Z" end-time="2025-03-05T21:55:37.2575331Z" duration="0.001623" asserts="1" />
      </test-suite>
      <test-suite type="TestFixture" id="1-1480" name="SpecValidFailRangeInt" fullname="Kaitai.SpecValidFailRangeInt" classname="Kaitai.SpecValidFailRangeInt" runstate="Runnable" testcasecount="1" result="Passed" start-time="2025-03-05T21:55:37.2575331Z" end-time="2025-03-05T21:55:37.2575331Z" duration="0.000765" total="1" passed="1" failed="0" warnings="0" inconclusive="0" skipped="0" asserts="1">
        <test-case id="1-1481" name="TestValidFailRangeInt" fullname="Kaitai.SpecValidFailRangeInt.TestValidFailRangeInt" methodname="TestValidFailRangeInt" classname="Kaitai.SpecValidFailRangeInt" runstate="Runnable" seed="754244937" result="Passed" start-time="2025-03-05T21:55:37.2575331Z" end-time="2025-03-05T21:55:37.2575331Z" duration="0.000660" asserts="1" />
      </test-suite>
      <test-suite type="TestFixture" id="1-1482" name="SpecValidFailRangeStr" fullname="Kaitai.SpecValidFailRangeStr" classname="Kaitai.SpecValidFailRangeStr" runstate="Runnable" testcasecount="1" result="Passed" start-time="2025-03-05T21:55:37.2575331Z" end-time="2025-03-05T21:55:37.2575331Z" duration="0.000677" total="1" passed="1" failed="0" warnings="0" inconclusive="0" skipped="0" asserts="1">
        <test-case id="1-1483" name="TestValidFailRangeStr" fullname="Kaitai.SpecValidFailRangeStr.TestValidFailRangeStr" methodname="TestValidFailRangeStr" classname="Kaitai.SpecValidFailRangeStr" runstate="Runnable" seed="1815187147" result="Passed" start-time="2025-03-05T21:55:37.2575331Z" end-time="2025-03-05T21:55:37.2575331Z" duration="0.000581" asserts="1" />
      </test-suite>
      <test-suite type="TestFixture" id="1-1484" name="SpecValidFailRepeatAnyofInt" fullname="Kaitai.SpecValidFailRepeatAnyofInt" classname="Kaitai.SpecValidFailRepeatAnyofInt" runstate="Runnable" testcasecount="1" result="Passed" start-time="2025-03-05T21:55:37.2575331Z" end-time="2025-03-05T21:55:37.2575331Z" duration="0.000715" total="1" passed="1" failed="0" warnings="0" inconclusive="0" skipped="0" asserts="1">
        <test-case id="1-1485" name="TestValidFailRepeatAnyofInt" fullname="Kaitai.SpecValidFailRepeatAnyofInt.TestValidFailRepeatAnyofInt" methodname="TestValidFailRepeatAnyofInt" classname="Kaitai.SpecValidFailRepeatAnyofInt" runstate="Runnable" seed="2100186258" result="Passed" start-time="2025-03-05T21:55:37.2575331Z" end-time="2025-03-05T21:55:37.2575331Z" duration="0.000619" asserts="1" />
      </test-suite>
      <test-suite type="TestFixture" id="1-1486" name="SpecValidFailRepeatContents" fullname="Kaitai.SpecValidFailRepeatContents" classname="Kaitai.SpecValidFailRepeatContents" runstate="Runnable" testcasecount="1" result="Passed" start-time="2025-03-05T21:55:37.2575331Z" end-time="2025-03-05T21:55:37.2575331Z" duration="0.000754" total="1" passed="1" failed="0" warnings="0" inconclusive="0" skipped="0" asserts="1">
        <test-case id="1-1487" name="TestValidFailRepeatContents" fullname="Kaitai.SpecValidFailRepeatContents.TestValidFailRepeatContents" methodname="TestValidFailRepeatContents" classname="Kaitai.SpecValidFailRepeatContents" runstate="Runnable" seed="403224495" result="Passed" start-time="2025-03-05T21:55:37.2575331Z" end-time="2025-03-05T21:55:37.2575331Z" duration="0.000660" asserts="1" />
      </test-suite>
      <test-suite type="TestFixture" id="1-1488" name="SpecValidFailRepeatEqInt" fullname="Kaitai.SpecValidFailRepeatEqInt" classname="Kaitai.SpecValidFailRepeatEqInt" runstate="Runnable" testcasecount="1" result="Passed" start-time="2025-03-05T21:55:37.2575331Z" end-time="2025-03-05T21:55:37.2575331Z" duration="0.000790" total="1" passed="1" failed="0" warnings="0" inconclusive="0" skipped="0" asserts="1">
        <test-case id="1-1489" name="TestValidFailRepeatEqInt" fullname="Kaitai.SpecValidFailRepeatEqInt.TestValidFailRepeatEqInt" methodname="TestValidFailRepeatEqInt" classname="Kaitai.SpecValidFailRepeatEqInt" runstate="Runnable" seed="1557436319" result="Passed" start-time="2025-03-05T21:55:37.2575331Z" end-time="2025-03-05T21:55:37.2575331Z" duration="0.000683" asserts="1" />
      </test-suite>
      <test-suite type="TestFixture" id="1-1490" name="SpecValidFailRepeatExpr" fullname="Kaitai.SpecValidFailRepeatExpr" classname="Kaitai.SpecValidFailRepeatExpr" runstate="Runnable" testcasecount="1" result="Passed" start-time="2025-03-05T21:55:37.2575331Z" end-time="2025-03-05T21:55:37.2575331Z" duration="0.000701" total="1" passed="1" failed="0" warnings="0" inconclusive="0" skipped="0" asserts="1">
        <test-case id="1-1491" name="TestValidFailRepeatExpr" fullname="Kaitai.SpecValidFailRepeatExpr.TestValidFailRepeatExpr" methodname="TestValidFailRepeatExpr" classname="Kaitai.SpecValidFailRepeatExpr" runstate="Runnable" seed="1586383532" result="Passed" start-time="2025-03-05T21:55:37.2575331Z" end-time="2025-03-05T21:55:37.2575331Z" duration="0.000605" asserts="1" />
      </test-suite>
      <test-suite type="TestFixture" id="1-1492" name="SpecValidFailRepeatInst" fullname="Kaitai.SpecValidFailRepeatInst" classname="Kaitai.SpecValidFailRepeatInst" runstate="Runnable" testcasecount="1" result="Passed" start-time="2025-03-05T21:55:37.2575331Z" end-time="2025-03-05T21:55:37.2575331Z" duration="0.000791" total="1" passed="1" failed="0" warnings="0" inconclusive="0" skipped="0" asserts="1">
        <test-case id="1-1493" name="TestValidFailRepeatInst" fullname="Kaitai.SpecValidFailRepeatInst.TestValidFailRepeatInst" methodname="TestValidFailRepeatInst" classname="Kaitai.SpecValidFailRepeatInst" runstate="Runnable" seed="1869905937" result="Passed" start-time="2025-03-05T21:55:37.2575331Z" end-time="2025-03-05T21:55:37.2575331Z" duration="0.000696" asserts="1" />
      </test-suite>
      <test-suite type="TestFixture" id="1-1494" name="SpecValidFailRepeatMaxInt" fullname="Kaitai.SpecValidFailRepeatMaxInt" classname="Kaitai.SpecValidFailRepeatMaxInt" runstate="Runnable" testcasecount="1" result="Passed" start-time="2025-03-05T21:55:37.2575331Z" end-time="2025-03-05T21:55:37.2575331Z" duration="0.000692" total="1" passed="1" failed="0" warnings="0" inconclusive="0" skipped="0" asserts="1">
        <test-case id="1-1495" name="TestValidFailRepeatMaxInt" fullname="Kaitai.SpecValidFailRepeatMaxInt.TestValidFailRepeatMaxInt" methodname="TestValidFailRepeatMaxInt" classname="Kaitai.SpecValidFailRepeatMaxInt" runstate="Runnable" seed="1286327426" result="Passed" start-time="2025-03-05T21:55:37.2575331Z" end-time="2025-03-05T21:55:37.2575331Z" duration="0.000597" asserts="1" />
      </test-suite>
      <test-suite type="TestFixture" id="1-1496" name="SpecValidFailRepeatMinInt" fullname="Kaitai.SpecValidFailRepeatMinInt" classname="Kaitai.SpecValidFailRepeatMinInt" runstate="Runnable" testcasecount="1" result="Passed" start-time="2025-03-05T21:55:37.2575331Z" end-time="2025-03-05T21:55:37.2575331Z" duration="0.001427" total="1" passed="1" failed="0" warnings="0" inconclusive="0" skipped="0" asserts="1">
        <test-case id="1-1497" name="TestValidFailRepeatMinInt" fullname="Kaitai.SpecValidFailRepeatMinInt.TestValidFailRepeatMinInt" methodname="TestValidFailRepeatMinInt" classname="Kaitai.SpecValidFailRepeatMinInt" runstate="Runnable" seed="1584080801" result="Passed" start-time="2025-03-05T21:55:37.2575331Z" end-time="2025-03-05T21:55:37.2575331Z" duration="0.001330" asserts="1" />
      </test-suite>
      <test-suite type="TestFixture" id="1-1498" name="SpecValidLong" fullname="Kaitai.SpecValidLong" classname="Kaitai.SpecValidLong" runstate="Runnable" testcasecount="1" result="Passed" start-time="2025-03-05T21:55:37.2575331Z" end-time="2025-03-05T21:55:37.2575331Z" duration="0.001302" total="1" passed="1" failed="0" warnings="0" inconclusive="0" skipped="0" asserts="0">
        <test-case id="1-1499" name="TestValidLong" fullname="Kaitai.SpecValidLong.TestValidLong" methodname="TestValidLong" classname="Kaitai.SpecValidLong" runstate="Runnable" seed="314816346" result="Passed" start-time="2025-03-05T21:55:37.2575331Z" end-time="2025-03-05T21:55:37.2575331Z" duration="0.001201" asserts="0" />
      </test-suite>
      <test-suite type="TestFixture" id="1-1500" name="SpecValidNotParsedIf" fullname="Kaitai.SpecValidNotParsedIf" classname="Kaitai.SpecValidNotParsedIf" runstate="Runnable" testcasecount="1" result="Passed" start-time="2025-03-05T21:55:37.2575331Z" end-time="2025-03-05T21:55:37.2575331Z" duration="0.000586" total="1" passed="1" failed="0" warnings="0" inconclusive="0" skipped="0" asserts="0">
        <test-case id="1-1501" name="TestValidNotParsedIf" fullname="Kaitai.SpecValidNotParsedIf.TestValidNotParsedIf" methodname="TestValidNotParsedIf" classname="Kaitai.SpecValidNotParsedIf" runstate="Runnable" seed="2096274927" result="Passed" start-time="2025-03-05T21:55:37.2575331Z" end-time="2025-03-05T21:55:37.2575331Z" duration="0.000487" asserts="0" />
      </test-suite>
      <test-suite type="TestFixture" id="1-1502" name="SpecValidOptionalId" fullname="Kaitai.SpecValidOptionalId" classname="Kaitai.SpecValidOptionalId" runstate="Runnable" testcasecount="1" result="Passed" start-time="2025-03-05T21:55:37.2575331Z" end-time="2025-03-05T21:55:37.2731671Z" duration="0.000768" total="1" passed="1" failed="0" warnings="0" inconclusive="0" skipped="0" asserts="0">
        <test-case id="1-1503" name="TestValidOptionalId" fullname="Kaitai.SpecValidOptionalId.TestValidOptionalId" methodname="TestValidOptionalId" classname="Kaitai.SpecValidOptionalId" runstate="Runnable" seed="394995207" result="Passed" start-time="2025-03-05T21:55:37.2575331Z" end-time="2025-03-05T21:55:37.2731671Z" duration="0.000672" asserts="0" />
      </test-suite>
      <test-suite type="TestFixture" id="1-1504" name="SpecValidShort" fullname="Kaitai.SpecValidShort" classname="Kaitai.SpecValidShort" runstate="Runnable" testcasecount="1" result="Passed" start-time="2025-03-05T21:55:37.2731671Z" end-time="2025-03-05T21:55:37.2731671Z" duration="0.001252" total="1" passed="1" failed="0" warnings="0" inconclusive="0" skipped="0" asserts="0">
        <test-case id="1-1505" name="TestValidShort" fullname="Kaitai.SpecValidShort.TestValidShort" methodname="TestValidShort" classname="Kaitai.SpecValidShort" runstate="Runnable" seed="1949510151" result="Passed" start-time="2025-03-05T21:55:37.2731671Z" end-time="2025-03-05T21:55:37.2731671Z" duration="0.001151" asserts="0" />
      </test-suite>
      <test-suite type="TestFixture" id="1-1506" name="SpecValidSwitch" fullname="Kaitai.SpecValidSwitch" classname="Kaitai.SpecValidSwitch" runstate="Runnable" testcasecount="1" result="Passed" start-time="2025-03-05T21:55:37.2731671Z" end-time="2025-03-05T21:55:37.2731671Z" duration="0.000638" total="1" passed="1" failed="0" warnings="0" inconclusive="0" skipped="0" asserts="0">
        <test-case id="1-1507" name="TestValidSwitch" fullname="Kaitai.SpecValidSwitch.TestValidSwitch" methodname="TestValidSwitch" classname="Kaitai.SpecValidSwitch" runstate="Runnable" seed="1097919394" result="Passed" start-time="2025-03-05T21:55:37.2731671Z" end-time="2025-03-05T21:55:37.2731671Z" duration="0.000540" asserts="0" />
      </test-suite>
      <test-suite type="TestFixture" id="1-1508" name="SpecZlibSurrounded" fullname="Kaitai.SpecZlibSurrounded" classname="Kaitai.SpecZlibSurrounded" runstate="Runnable" testcasecount="1" result="Passed" start-time="2025-03-05T21:55:37.2731671Z" end-time="2025-03-05T21:55:37.2887966Z" duration="0.015598" total="1" passed="1" failed="0" warnings="0" inconclusive="0" skipped="0" asserts="1">
        <test-case id="1-1509" name="TestZlibSurrounded" fullname="Kaitai.SpecZlibSurrounded.TestZlibSurrounded" methodname="TestZlibSurrounded" classname="Kaitai.SpecZlibSurrounded" runstate="Runnable" seed="140753537" result="Passed" start-time="2025-03-05T21:55:37.2731671Z" end-time="2025-03-05T21:55:37.2887966Z" duration="0.015501" asserts="1" />
      </test-suite>
      <test-suite type="TestFixture" id="1-1510" name="SpecZlibWithHeader78" fullname="Kaitai.SpecZlibWithHeader78" classname="Kaitai.SpecZlibWithHeader78" runstate="Runnable" testcasecount="1" result="Passed" start-time="2025-03-05T21:55:37.2887966Z" end-time="2025-03-05T21:55:37.2887966Z" duration="0.000628" total="1" passed="1" failed="0" warnings="0" inconclusive="0" skipped="0" asserts="1">
        <test-case id="1-1511" name="TestZlibWithHeader78" fullname="Kaitai.SpecZlibWithHeader78.TestZlibWithHeader78" methodname="TestZlibWithHeader78" classname="Kaitai.SpecZlibWithHeader78" runstate="Runnable" seed="671989174" result="Passed" start-time="2025-03-05T21:55:37.2887966Z" end-time="2025-03-05T21:55:37.2887966Z" duration="0.000519" asserts="1" />
      </test-suite>
    </test-suite>
  </test-suite>
</test-run>