<?xml version="1.0" encoding="utf-8" standalone="no"?>
<test-run id="0" runstate="Runnable" testcasecount="256" result="Failed" total="256" passed="254" failed="2" warnings="0" inconclusive="0" skipped="0" asserts="1148" engine-version="3.19.0.0" clr-version="4.0.30319.42000" start-time="2025-08-16 17:43:21Z" end-time="2025-08-16 17:43:25Z" duration="3.517848">
  <command-line><![CDATA[C:\Users\runneradmin\.nuget\packages\nunit.consolerunner\3.19.0\tools\nunit3-console.exe --result=test_out/csharp/TestResult.xml spec/csharp/kaitai_struct_csharp_tests_netframework/bin/Debug/kaitai_struct_csharp_tests.dll]]></command-line>
  <test-suite type="Assembly" id="1-1512" name="kaitai_struct_csharp_tests.dll" fullname="D:\a\ci_targets\ci_targets\tests\spec\csharp\kaitai_struct_csharp_tests_netframework\bin\Debug\kaitai_struct_csharp_tests.dll" runstate="Runnable" testcasecount="256" result="Failed" site="Child" start-time="2025-08-16T17:43:24.2394396Z" end-time="2025-08-16T17:43:25.0534898Z" duration="0.822815" total="256" passed="254" failed="2" warnings="0" inconclusive="0" skipped="0" asserts="1148">
    <environment framework-version="3.14.0.0" clr-version="4.0.30319.42000" os-version="Microsoft Windows NT 10.0.20348.0" platform="Win32NT" cwd="D:\a\ci_targets\ci_targets\tests" machine-name="runnervmr86sf" user="runneradmin" user-domain="runnervmr86sf" culture="en-US" uiculture="en-US" os-architecture="x64" />
    <settings>
      <setting name="DisposeRunners" value="True" />
      <setting name="WorkDirectory" value="D:\a\ci_targets\ci_targets\tests" />
      <setting name="ImageRuntimeVersion" value="4.0.30319" />
      <setting name="ImageTargetFrameworkName" value=".NETFramework,Version=v4.8" />
      <setting name="ImageRequiresX86" value="False" />
      <setting name="ImageRequiresDefaultAppDomainAssemblyResolver" value="False" />
      <setting name="TargetRuntimeFramework" value="net-4.8" />
      <setting name="NumberOfTestWorkers" value="4" />
    </settings>
    <properties>
      <property name="_PID" value="7116" />
      <property name="_APPDOMAIN" value="domain-" />
    </properties>
    <failure>
      <message><![CDATA[One or more child tests had errors]]></message>
    </failure>
    <test-suite type="TestSuite" id="1-1513" name="Kaitai" fullname="Kaitai" runstate="Runnable" testcasecount="256" result="Failed" site="Child" start-time="2025-08-16T17:43:24.2712989Z" end-time="2025-08-16T17:43:25.0534898Z" duration="0.784367" total="256" passed="254" failed="2" warnings="0" inconclusive="0" skipped="0" asserts="1148">
      <failure>
        <message><![CDATA[One or more child tests had errors]]></message>
      </failure>
      <test-suite type="TestFixture" id="1-1000" name="SpecBcdUserTypeBe" fullname="Kaitai.SpecBcdUserTypeBe" classname="Kaitai.SpecBcdUserTypeBe" runstate="Runnable" testcasecount="1" result="Passed" start-time="2025-08-16T17:43:24.2712989Z" end-time="2025-08-16T17:43:24.4431556Z" duration="0.170288" total="1" passed="1" failed="0" warnings="0" inconclusive="0" skipped="0" asserts="6">
        <test-case id="1-1001" name="TestBcdUserTypeBe" fullname="Kaitai.SpecBcdUserTypeBe.TestBcdUserTypeBe" methodname="TestBcdUserTypeBe" classname="Kaitai.SpecBcdUserTypeBe" runstate="Runnable" seed="748721549" result="Passed" start-time="2025-08-16T17:43:24.2868263Z" end-time="2025-08-16T17:43:24.4431556Z" duration="0.163014" asserts="6" />
      </test-suite>
      <test-suite type="TestFixture" id="1-1002" name="SpecBcdUserTypeLe" fullname="Kaitai.SpecBcdUserTypeLe" classname="Kaitai.SpecBcdUserTypeLe" runstate="Runnable" testcasecount="1" result="Passed" start-time="2025-08-16T17:43:24.4431556Z" end-time="2025-08-16T17:43:24.4587517Z" duration="0.004072" total="1" passed="1" failed="0" warnings="0" inconclusive="0" skipped="0" asserts="6">
        <test-case id="1-1003" name="TestBcdUserTypeLe" fullname="Kaitai.SpecBcdUserTypeLe.TestBcdUserTypeLe" methodname="TestBcdUserTypeLe" classname="Kaitai.SpecBcdUserTypeLe" runstate="Runnable" seed="2107610311" result="Passed" start-time="2025-08-16T17:43:24.4431556Z" end-time="2025-08-16T17:43:24.4587517Z" duration="0.003914" asserts="6" />
      </test-suite>
      <test-suite type="TestFixture" id="1-1004" name="SpecBitsByteAligned" fullname="Kaitai.SpecBitsByteAligned" classname="Kaitai.SpecBitsByteAligned" runstate="Runnable" testcasecount="1" result="Passed" start-time="2025-08-16T17:43:24.4587517Z" end-time="2025-08-16T17:43:24.4587517Z" duration="0.012147" total="1" passed="1" failed="0" warnings="0" inconclusive="0" skipped="0" asserts="9">
        <test-case id="1-1005" name="TestBitsByteAligned" fullname="Kaitai.SpecBitsByteAligned.TestBitsByteAligned" methodname="TestBitsByteAligned" classname="Kaitai.SpecBitsByteAligned" runstate="Runnable" seed="281093598" result="Passed" start-time="2025-08-16T17:43:24.4587517Z" end-time="2025-08-16T17:43:24.4587517Z" duration="0.011997" asserts="9" />
      </test-suite>
      <test-suite type="TestFixture" id="1-1006" name="SpecBitsEnum" fullname="Kaitai.SpecBitsEnum" classname="Kaitai.SpecBitsEnum" runstate="Runnable" testcasecount="1" result="Passed" start-time="2025-08-16T17:43:24.4587517Z" end-time="2025-08-16T17:43:24.4587517Z" duration="0.000770" total="1" passed="1" failed="0" warnings="0" inconclusive="0" skipped="0" asserts="3">
        <test-case id="1-1007" name="TestBitsEnum" fullname="Kaitai.SpecBitsEnum.TestBitsEnum" methodname="TestBitsEnum" classname="Kaitai.SpecBitsEnum" runstate="Runnable" seed="638296943" result="Passed" start-time="2025-08-16T17:43:24.4587517Z" end-time="2025-08-16T17:43:24.4587517Z" duration="0.000665" asserts="3" />
      </test-suite>
      <test-suite type="TestFixture" id="1-1008" name="SpecBitsSeqEndianCombo" fullname="Kaitai.SpecBitsSeqEndianCombo" classname="Kaitai.SpecBitsSeqEndianCombo" runstate="Runnable" testcasecount="1" result="Passed" start-time="2025-08-16T17:43:24.4587517Z" end-time="2025-08-16T17:43:24.4743724Z" duration="0.001413" total="1" passed="1" failed="0" warnings="0" inconclusive="0" skipped="0" asserts="8">
        <test-case id="1-1009" name="TestBitsSeqEndianCombo" fullname="Kaitai.SpecBitsSeqEndianCombo.TestBitsSeqEndianCombo" methodname="TestBitsSeqEndianCombo" classname="Kaitai.SpecBitsSeqEndianCombo" runstate="Runnable" seed="71045992" result="Passed" start-time="2025-08-16T17:43:24.4587517Z" end-time="2025-08-16T17:43:24.4743724Z" duration="0.001299" asserts="8" />
      </test-suite>
      <test-suite type="TestFixture" id="1-1010" name="SpecBitsShiftByB32Le" fullname="Kaitai.SpecBitsShiftByB32Le" classname="Kaitai.SpecBitsShiftByB32Le" runstate="Runnable" testcasecount="1" result="Passed" start-time="2025-08-16T17:43:24.4743724Z" end-time="2025-08-16T17:43:24.4743724Z" duration="0.000553" total="1" passed="1" failed="0" warnings="0" inconclusive="0" skipped="0" asserts="2">
        <test-case id="1-1011" name="TestBitsShiftByB32Le" fullname="Kaitai.SpecBitsShiftByB32Le.TestBitsShiftByB32Le" methodname="TestBitsShiftByB32Le" classname="Kaitai.SpecBitsShiftByB32Le" runstate="Runnable" seed="451909035" result="Passed" start-time="2025-08-16T17:43:24.4743724Z" end-time="2025-08-16T17:43:24.4743724Z" duration="0.000463" asserts="2" />
      </test-suite>
      <test-suite type="TestFixture" id="1-1012" name="SpecBitsShiftByB64Le" fullname="Kaitai.SpecBitsShiftByB64Le" classname="Kaitai.SpecBitsShiftByB64Le" runstate="Runnable" testcasecount="1" result="Passed" start-time="2025-08-16T17:43:24.4743724Z" end-time="2025-08-16T17:43:24.4743724Z" duration="0.000517" total="1" passed="1" failed="0" warnings="0" inconclusive="0" skipped="0" asserts="2">
        <test-case id="1-1013" name="TestBitsShiftByB64Le" fullname="Kaitai.SpecBitsShiftByB64Le.TestBitsShiftByB64Le" methodname="TestBitsShiftByB64Le" classname="Kaitai.SpecBitsShiftByB64Le" runstate="Runnable" seed="313065983" result="Passed" start-time="2025-08-16T17:43:24.4743724Z" end-time="2025-08-16T17:43:24.4743724Z" duration="0.000428" asserts="2" />
      </test-suite>
      <test-suite type="TestFixture" id="1-1014" name="SpecBitsSignedResB32Be" fullname="Kaitai.SpecBitsSignedResB32Be" classname="Kaitai.SpecBitsSignedResB32Be" runstate="Runnable" testcasecount="1" result="Passed" start-time="2025-08-16T17:43:24.4743724Z" end-time="2025-08-16T17:43:24.4743724Z" duration="0.000465" total="1" passed="1" failed="0" warnings="0" inconclusive="0" skipped="0" asserts="1">
        <test-case id="1-1015" name="TestBitsSignedResB32Be" fullname="Kaitai.SpecBitsSignedResB32Be.TestBitsSignedResB32Be" methodname="TestBitsSignedResB32Be" classname="Kaitai.SpecBitsSignedResB32Be" runstate="Runnable" seed="1855792513" result="Passed" start-time="2025-08-16T17:43:24.4743724Z" end-time="2025-08-16T17:43:24.4743724Z" duration="0.000372" asserts="1" />
      </test-suite>
      <test-suite type="TestFixture" id="1-1016" name="SpecBitsSignedResB32Le" fullname="Kaitai.SpecBitsSignedResB32Le" classname="Kaitai.SpecBitsSignedResB32Le" runstate="Runnable" testcasecount="1" result="Passed" start-time="2025-08-16T17:43:24.4743724Z" end-time="2025-08-16T17:43:24.4743724Z" duration="0.000433" total="1" passed="1" failed="0" warnings="0" inconclusive="0" skipped="0" asserts="1">
        <test-case id="1-1017" name="TestBitsSignedResB32Le" fullname="Kaitai.SpecBitsSignedResB32Le.TestBitsSignedResB32Le" methodname="TestBitsSignedResB32Le" classname="Kaitai.SpecBitsSignedResB32Le" runstate="Runnable" seed="741644965" result="Passed" start-time="2025-08-16T17:43:24.4743724Z" end-time="2025-08-16T17:43:24.4743724Z" duration="0.000346" asserts="1" />
      </test-suite>
      <test-suite type="TestFixture" id="1-1018" name="SpecBitsSignedShiftB32Le" fullname="Kaitai.SpecBitsSignedShiftB32Le" classname="Kaitai.SpecBitsSignedShiftB32Le" runstate="Runnable" testcasecount="1" result="Passed" start-time="2025-08-16T17:43:24.4743724Z" end-time="2025-08-16T17:43:24.4743724Z" duration="0.000516" total="1" passed="1" failed="0" warnings="0" inconclusive="0" skipped="0" asserts="2">
        <test-case id="1-1019" name="TestBitsSignedShiftB32Le" fullname="Kaitai.SpecBitsSignedShiftB32Le.TestBitsSignedShiftB32Le" methodname="TestBitsSignedShiftB32Le" classname="Kaitai.SpecBitsSignedShiftB32Le" runstate="Runnable" seed="1587145295" result="Passed" start-time="2025-08-16T17:43:24.4743724Z" end-time="2025-08-16T17:43:24.4743724Z" duration="0.000422" asserts="2" />
      </test-suite>
      <test-suite type="TestFixture" id="1-1020" name="SpecBitsSignedShiftB64Le" fullname="Kaitai.SpecBitsSignedShiftB64Le" classname="Kaitai.SpecBitsSignedShiftB64Le" runstate="Runnable" testcasecount="1" result="Passed" start-time="2025-08-16T17:43:24.4743724Z" end-time="2025-08-16T17:43:24.4743724Z" duration="0.000495" total="1" passed="1" failed="0" warnings="0" inconclusive="0" skipped="0" asserts="2">
        <test-case id="1-1021" name="TestBitsSignedShiftB64Le" fullname="Kaitai.SpecBitsSignedShiftB64Le.TestBitsSignedShiftB64Le" methodname="TestBitsSignedShiftB64Le" classname="Kaitai.SpecBitsSignedShiftB64Le" runstate="Runnable" seed="930601578" result="Passed" start-time="2025-08-16T17:43:24.4743724Z" end-time="2025-08-16T17:43:24.4743724Z" duration="0.000409" asserts="2" />
      </test-suite>
      <test-suite type="TestFixture" id="1-1022" name="SpecBitsSimple" fullname="Kaitai.SpecBitsSimple" classname="Kaitai.SpecBitsSimple" runstate="Runnable" testcasecount="1" result="Passed" start-time="2025-08-16T17:43:24.4743724Z" end-time="2025-08-16T17:43:24.4743724Z" duration="0.001695" total="1" passed="1" failed="0" warnings="0" inconclusive="0" skipped="0" asserts="14">
        <test-case id="1-1023" name="TestBitsSimple" fullname="Kaitai.SpecBitsSimple.TestBitsSimple" methodname="TestBitsSimple" classname="Kaitai.SpecBitsSimple" runstate="Runnable" seed="198892220" result="Passed" start-time="2025-08-16T17:43:24.4743724Z" end-time="2025-08-16T17:43:24.4743724Z" duration="0.001609" asserts="14" />
      </test-suite>
      <test-suite type="TestFixture" id="1-1024" name="SpecBitsSimpleLe" fullname="Kaitai.SpecBitsSimpleLe" classname="Kaitai.SpecBitsSimpleLe" runstate="Runnable" testcasecount="1" result="Passed" start-time="2025-08-16T17:43:24.4743724Z" end-time="2025-08-16T17:43:24.4743724Z" duration="0.001730" total="1" passed="1" failed="0" warnings="0" inconclusive="0" skipped="0" asserts="14">
        <test-case id="1-1025" name="TestBitsSimpleLe" fullname="Kaitai.SpecBitsSimpleLe.TestBitsSimpleLe" methodname="TestBitsSimpleLe" classname="Kaitai.SpecBitsSimpleLe" runstate="Runnable" seed="746799954" result="Passed" start-time="2025-08-16T17:43:24.4743724Z" end-time="2025-08-16T17:43:24.4743724Z" duration="0.001632" asserts="14" />
      </test-suite>
      <test-suite type="TestFixture" id="1-1026" name="SpecBitsUnalignedB32Be" fullname="Kaitai.SpecBitsUnalignedB32Be" classname="Kaitai.SpecBitsUnalignedB32Be" runstate="Runnable" testcasecount="1" result="Passed" start-time="2025-08-16T17:43:24.4743724Z" end-time="2025-08-16T17:43:24.4743724Z" duration="0.000667" total="1" passed="1" failed="0" warnings="0" inconclusive="0" skipped="0" asserts="3">
        <test-case id="1-1027" name="TestBitsUnalignedB32Be" fullname="Kaitai.SpecBitsUnalignedB32Be.TestBitsUnalignedB32Be" methodname="TestBitsUnalignedB32Be" classname="Kaitai.SpecBitsUnalignedB32Be" runstate="Runnable" seed="1857539297" result="Passed" start-time="2025-08-16T17:43:24.4743724Z" end-time="2025-08-16T17:43:24.4743724Z" duration="0.000571" asserts="3" />
      </test-suite>
      <test-suite type="TestFixture" id="1-1028" name="SpecBitsUnalignedB32Le" fullname="Kaitai.SpecBitsUnalignedB32Le" classname="Kaitai.SpecBitsUnalignedB32Le" runstate="Runnable" testcasecount="1" result="Passed" start-time="2025-08-16T17:43:24.4743724Z" end-time="2025-08-16T17:43:24.4743724Z" duration="0.000650" total="1" passed="1" failed="0" warnings="0" inconclusive="0" skipped="0" asserts="3">
        <test-case id="1-1029" name="TestBitsUnalignedB32Le" fullname="Kaitai.SpecBitsUnalignedB32Le.TestBitsUnalignedB32Le" methodname="TestBitsUnalignedB32Le" classname="Kaitai.SpecBitsUnalignedB32Le" runstate="Runnable" seed="663250314" result="Passed" start-time="2025-08-16T17:43:24.4743724Z" end-time="2025-08-16T17:43:24.4743724Z" duration="0.000560" asserts="3" />
      </test-suite>
      <test-suite type="TestFixture" id="1-1030" name="SpecBitsUnalignedB64Be" fullname="Kaitai.SpecBitsUnalignedB64Be" classname="Kaitai.SpecBitsUnalignedB64Be" runstate="Runnable" testcasecount="1" result="Passed" start-time="2025-08-16T17:43:24.4743724Z" end-time="2025-08-16T17:43:24.4743724Z" duration="0.000622" total="1" passed="1" failed="0" warnings="0" inconclusive="0" skipped="0" asserts="3">
        <test-case id="1-1031" name="TestBitsUnalignedB64Be" fullname="Kaitai.SpecBitsUnalignedB64Be.TestBitsUnalignedB64Be" methodname="TestBitsUnalignedB64Be" classname="Kaitai.SpecBitsUnalignedB64Be" runstate="Runnable" seed="1214462345" result="Passed" start-time="2025-08-16T17:43:24.4743724Z" end-time="2025-08-16T17:43:24.4743724Z" duration="0.000532" asserts="3" />
      </test-suite>
      <test-suite type="TestFixture" id="1-1032" name="SpecBitsUnalignedB64Le" fullname="Kaitai.SpecBitsUnalignedB64Le" classname="Kaitai.SpecBitsUnalignedB64Le" runstate="Runnable" testcasecount="1" result="Passed" start-time="2025-08-16T17:43:24.4743724Z" end-time="2025-08-16T17:43:24.4743724Z" duration="0.000627" total="1" passed="1" failed="0" warnings="0" inconclusive="0" skipped="0" asserts="3">
        <test-case id="1-1033" name="TestBitsUnalignedB64Le" fullname="Kaitai.SpecBitsUnalignedB64Le.TestBitsUnalignedB64Le" methodname="TestBitsUnalignedB64Le" classname="Kaitai.SpecBitsUnalignedB64Le" runstate="Runnable" seed="1417676467" result="Passed" start-time="2025-08-16T17:43:24.4743724Z" end-time="2025-08-16T17:43:24.4743724Z" duration="0.000539" asserts="3" />
      </test-suite>
      <test-suite type="TestFixture" id="1-1034" name="SpecBufferedStruct" fullname="Kaitai.SpecBufferedStruct" classname="Kaitai.SpecBufferedStruct" runstate="Runnable" testcasecount="1" result="Passed" start-time="2025-08-16T17:43:24.4743724Z" end-time="2025-08-16T17:43:24.4743724Z" duration="0.001803" total="1" passed="1" failed="0" warnings="0" inconclusive="0" skipped="0" asserts="7">
        <test-case id="1-1035" name="TestBufferedStruct" fullname="Kaitai.SpecBufferedStruct.TestBufferedStruct" methodname="TestBufferedStruct" classname="Kaitai.SpecBufferedStruct" runstate="Runnable" seed="299211983" result="Passed" start-time="2025-08-16T17:43:24.4743724Z" end-time="2025-08-16T17:43:24.4743724Z" duration="0.001710" asserts="7" />
      </test-suite>
      <test-suite type="TestFixture" id="1-1036" name="SpecBytesPadTerm" fullname="Kaitai.SpecBytesPadTerm" classname="Kaitai.SpecBytesPadTerm" runstate="Runnable" testcasecount="1" result="Passed" start-time="2025-08-16T17:43:24.4743724Z" end-time="2025-08-16T17:43:24.4743724Z" duration="0.001122" total="1" passed="1" failed="0" warnings="0" inconclusive="0" skipped="0" asserts="4">
        <test-case id="1-1037" name="TestBytesPadTerm" fullname="Kaitai.SpecBytesPadTerm.TestBytesPadTerm" methodname="TestBytesPadTerm" classname="Kaitai.SpecBytesPadTerm" runstate="Runnable" seed="1566930447" result="Passed" start-time="2025-08-16T17:43:24.4743724Z" end-time="2025-08-16T17:43:24.4743724Z" duration="0.000996" asserts="4" />
      </test-suite>
      <test-suite type="TestFixture" id="1-1038" name="SpecCastNested" fullname="Kaitai.SpecCastNested" classname="Kaitai.SpecCastNested" runstate="Runnable" testcasecount="1" result="Passed" start-time="2025-08-16T17:43:24.4743724Z" end-time="2025-08-16T17:43:24.4900029Z" duration="0.002910" total="1" passed="1" failed="0" warnings="0" inconclusive="0" skipped="0" asserts="4">
        <test-case id="1-1039" name="TestCastNested" fullname="Kaitai.SpecCastNested.TestCastNested" methodname="TestCastNested" classname="Kaitai.SpecCastNested" runstate="Runnable" seed="1133125472" result="Passed" start-time="2025-08-16T17:43:24.4743724Z" end-time="2025-08-16T17:43:24.4900029Z" duration="0.002815" asserts="4" />
      </test-suite>
      <test-suite type="TestFixture" id="1-1040" name="SpecCastToTop" fullname="Kaitai.SpecCastToTop" classname="Kaitai.SpecCastToTop" runstate="Runnable" testcasecount="1" result="Passed" start-time="2025-08-16T17:43:24.4900029Z" end-time="2025-08-16T17:43:24.4900029Z" duration="0.000841" total="1" passed="1" failed="0" warnings="0" inconclusive="0" skipped="0" asserts="3">
        <test-case id="1-1041" name="TestCastToTop" fullname="Kaitai.SpecCastToTop.TestCastToTop" methodname="TestCastToTop" classname="Kaitai.SpecCastToTop" runstate="Runnable" seed="1354473218" result="Passed" start-time="2025-08-16T17:43:24.4900029Z" end-time="2025-08-16T17:43:24.4900029Z" duration="0.000750" asserts="3" />
      </test-suite>
      <test-suite type="TestFixture" id="1-1042" name="SpecCombineBool" fullname="Kaitai.SpecCombineBool" classname="Kaitai.SpecCombineBool" runstate="Runnable" testcasecount="1" result="Passed" start-time="2025-08-16T17:43:24.4900029Z" end-time="2025-08-16T17:43:24.4900029Z" duration="0.000632" total="1" passed="1" failed="0" warnings="0" inconclusive="0" skipped="0" asserts="2">
        <test-case id="1-1043" name="TestCombineBool" fullname="Kaitai.SpecCombineBool.TestCombineBool" methodname="TestCombineBool" classname="Kaitai.SpecCombineBool" runstate="Runnable" seed="1895308094" result="Passed" start-time="2025-08-16T17:43:24.4900029Z" end-time="2025-08-16T17:43:24.4900029Z" duration="0.000542" asserts="2" />
      </test-suite>
      <test-suite type="TestFixture" id="1-1044" name="SpecCombineBytes" fullname="Kaitai.SpecCombineBytes" classname="Kaitai.SpecCombineBytes" runstate="Runnable" testcasecount="1" result="Passed" start-time="2025-08-16T17:43:24.4900029Z" end-time="2025-08-16T17:43:24.4900029Z" duration="0.001411" total="1" passed="1" failed="0" warnings="0" inconclusive="0" skipped="0" asserts="10">
        <test-case id="1-1045" name="TestCombineBytes" fullname="Kaitai.SpecCombineBytes.TestCombineBytes" methodname="TestCombineBytes" classname="Kaitai.SpecCombineBytes" runstate="Runnable" seed="370650258" result="Passed" start-time="2025-08-16T17:43:24.4900029Z" end-time="2025-08-16T17:43:24.4900029Z" duration="0.001322" asserts="10" />
      </test-suite>
      <test-suite type="TestFixture" id="1-1046" name="SpecCombineEnum" fullname="Kaitai.SpecCombineEnum" classname="Kaitai.SpecCombineEnum" runstate="Runnable" testcasecount="1" result="Passed" start-time="2025-08-16T17:43:24.4900029Z" end-time="2025-08-16T17:43:24.4900029Z" duration="0.000708" total="1" passed="1" failed="0" warnings="0" inconclusive="0" skipped="0" asserts="3">
        <test-case id="1-1047" name="TestCombineEnum" fullname="Kaitai.SpecCombineEnum.TestCombineEnum" methodname="TestCombineEnum" classname="Kaitai.SpecCombineEnum" runstate="Runnable" seed="91008322" result="Passed" start-time="2025-08-16T17:43:24.4900029Z" end-time="2025-08-16T17:43:24.4900029Z" duration="0.000617" asserts="3" />
      </test-suite>
      <test-suite type="TestFixture" id="1-1048" name="SpecCombineStr" fullname="Kaitai.SpecCombineStr" classname="Kaitai.SpecCombineStr" runstate="Runnable" testcasecount="1" result="Passed" start-time="2025-08-16T17:43:24.4900029Z" end-time="2025-08-16T17:43:24.4900029Z" duration="0.001569" total="1" passed="1" failed="0" warnings="0" inconclusive="0" skipped="0" asserts="15">
        <test-case id="1-1049" name="TestCombineStr" fullname="Kaitai.SpecCombineStr.TestCombineStr" methodname="TestCombineStr" classname="Kaitai.SpecCombineStr" runstate="Runnable" seed="533877301" result="Passed" start-time="2025-08-16T17:43:24.4900029Z" end-time="2025-08-16T17:43:24.4900029Z" duration="0.001480" asserts="15" />
      </test-suite>
      <test-suite type="TestFixture" id="1-1050" name="SpecDebug0" fullname="Kaitai.SpecDebug0" classname="Kaitai.SpecDebug0" runstate="Runnable" testcasecount="1" result="Passed" start-time="2025-08-16T17:43:24.4900029Z" end-time="2025-08-16T17:43:24.4900029Z" duration="0.000812" total="1" passed="1" failed="0" warnings="0" inconclusive="0" skipped="0" asserts="6">
        <test-case id="1-1051" name="TestDebug0" fullname="Kaitai.SpecDebug0.TestDebug0" methodname="TestDebug0" classname="Kaitai.SpecDebug0" runstate="Runnable" seed="627379561" result="Passed" start-time="2025-08-16T17:43:24.4900029Z" end-time="2025-08-16T17:43:24.4900029Z" duration="0.000717" asserts="6" />
      </test-suite>
      <test-suite type="TestFixture" id="1-1052" name="SpecDebugArrayUser" fullname="Kaitai.SpecDebugArrayUser" classname="Kaitai.SpecDebugArrayUser" runstate="Runnable" testcasecount="1" result="Passed" start-time="2025-08-16T17:43:24.4900029Z" end-time="2025-08-16T17:43:24.4900029Z" duration="0.001023" total="1" passed="1" failed="0" warnings="0" inconclusive="0" skipped="0" asserts="5">
        <test-case id="1-1053" name="TestDebugArrayUser" fullname="Kaitai.SpecDebugArrayUser.TestDebugArrayUser" methodname="TestDebugArrayUser" classname="Kaitai.SpecDebugArrayUser" runstate="Runnable" seed="209145930" result="Passed" start-time="2025-08-16T17:43:24.4900029Z" end-time="2025-08-16T17:43:24.4900029Z" duration="0.000933" asserts="5" />
      </test-suite>
      <test-suite type="TestFixture" id="1-1054" name="SpecDebugArrayUserCurrentExcluded" fullname="Kaitai.SpecDebugArrayUserCurrentExcluded" classname="Kaitai.SpecDebugArrayUserCurrentExcluded" runstate="Runnable" testcasecount="1" result="Passed" start-time="2025-08-16T17:43:24.4900029Z" end-time="2025-08-16T17:43:24.4900029Z" duration="0.000930" total="1" passed="1" failed="0" warnings="0" inconclusive="0" skipped="0" asserts="3">
        <test-case id="1-1055" name="TestDebugArrayUserCurrentExcluded" fullname="Kaitai.SpecDebugArrayUserCurrentExcluded.TestDebugArrayUserCurrentExcluded" methodname="TestDebugArrayUserCurrentExcluded" classname="Kaitai.SpecDebugArrayUserCurrentExcluded" runstate="Runnable" seed="447315212" result="Passed" start-time="2025-08-16T17:43:24.4900029Z" end-time="2025-08-16T17:43:24.4900029Z" duration="0.000840" asserts="3" />
      </test-suite>
      <test-suite type="TestFixture" id="1-1056" name="SpecDebugArrayUserEofException" fullname="Kaitai.SpecDebugArrayUserEofException" classname="Kaitai.SpecDebugArrayUserEofException" runstate="Runnable" testcasecount="1" result="Passed" start-time="2025-08-16T17:43:24.4900029Z" end-time="2025-08-16T17:43:24.5056185Z" duration="0.011000" total="1" passed="1" failed="0" warnings="0" inconclusive="0" skipped="0" asserts="9">
        <test-case id="1-1057" name="TestDebugArrayUserEofException" fullname="Kaitai.SpecDebugArrayUserEofException.TestDebugArrayUserEofException" methodname="TestDebugArrayUserEofException" classname="Kaitai.SpecDebugArrayUserEofException" runstate="Runnable" seed="840864148" result="Passed" start-time="2025-08-16T17:43:24.4900029Z" end-time="2025-08-16T17:43:24.5056185Z" duration="0.010907" asserts="9" />
      </test-suite>
      <test-suite type="TestFixture" id="1-1058" name="SpecDebugSwitchUser" fullname="Kaitai.SpecDebugSwitchUser" classname="Kaitai.SpecDebugSwitchUser" runstate="Runnable" testcasecount="1" result="Passed" start-time="2025-08-16T17:43:24.5056185Z" end-time="2025-08-16T17:43:24.5056185Z" duration="0.000908" total="1" passed="1" failed="0" warnings="0" inconclusive="0" skipped="0" asserts="2">
        <test-case id="1-1059" name="TestDebugSwitchUser" fullname="Kaitai.SpecDebugSwitchUser.TestDebugSwitchUser" methodname="TestDebugSwitchUser" classname="Kaitai.SpecDebugSwitchUser" runstate="Runnable" seed="18713748" result="Passed" start-time="2025-08-16T17:43:24.5056185Z" end-time="2025-08-16T17:43:24.5056185Z" duration="0.000811" asserts="2" />
      </test-suite>
      <test-suite type="TestFixture" id="1-1060" name="SpecDefaultBigEndian" fullname="Kaitai.SpecDefaultBigEndian" classname="Kaitai.SpecDefaultBigEndian" runstate="Runnable" testcasecount="1" result="Passed" start-time="2025-08-16T17:43:24.5056185Z" end-time="2025-08-16T17:43:24.5056185Z" duration="0.000702" total="1" passed="1" failed="0" warnings="0" inconclusive="0" skipped="0" asserts="1">
        <test-case id="1-1061" name="TestDefaultBigEndian" fullname="Kaitai.SpecDefaultBigEndian.TestDefaultBigEndian" methodname="TestDefaultBigEndian" classname="Kaitai.SpecDefaultBigEndian" runstate="Runnable" seed="567737758" result="Passed" start-time="2025-08-16T17:43:24.5056185Z" end-time="2025-08-16T17:43:24.5056185Z" duration="0.000586" asserts="1" />
      </test-suite>
      <test-suite type="TestFixture" id="1-1062" name="SpecDefaultBitEndianMod" fullname="Kaitai.SpecDefaultBitEndianMod" classname="Kaitai.SpecDefaultBitEndianMod" runstate="Runnable" testcasecount="1" result="Passed" start-time="2025-08-16T17:43:24.5056185Z" end-time="2025-08-16T17:43:24.5056185Z" duration="0.001073" total="1" passed="1" failed="0" warnings="0" inconclusive="0" skipped="0" asserts="4">
        <test-case id="1-1063" name="TestDefaultBitEndianMod" fullname="Kaitai.SpecDefaultBitEndianMod.TestDefaultBitEndianMod" methodname="TestDefaultBitEndianMod" classname="Kaitai.SpecDefaultBitEndianMod" runstate="Runnable" seed="1372469424" result="Passed" start-time="2025-08-16T17:43:24.5056185Z" end-time="2025-08-16T17:43:24.5056185Z" duration="0.000982" asserts="4" />
      </test-suite>
      <test-suite type="TestFixture" id="1-1064" name="SpecDefaultEndianExprException" fullname="Kaitai.SpecDefaultEndianExprException" classname="Kaitai.SpecDefaultEndianExprException" runstate="Runnable" testcasecount="1" result="Passed" start-time="2025-08-16T17:43:24.5056185Z" end-time="2025-08-16T17:43:24.5056185Z" duration="0.001577" total="1" passed="1" failed="0" warnings="0" inconclusive="0" skipped="0" asserts="1">
        <test-case id="1-1065" name="TestDefaultEndianExprException" fullname="Kaitai.SpecDefaultEndianExprException.TestDefaultEndianExprException" methodname="TestDefaultEndianExprException" classname="Kaitai.SpecDefaultEndianExprException" runstate="Runnable" seed="760380827" result="Passed" start-time="2025-08-16T17:43:24.5056185Z" end-time="2025-08-16T17:43:24.5056185Z" duration="0.001486" asserts="1" />
      </test-suite>
      <test-suite type="TestFixture" id="1-1066" name="SpecDefaultEndianExprInherited" fullname="Kaitai.SpecDefaultEndianExprInherited" classname="Kaitai.SpecDefaultEndianExprInherited" runstate="Runnable" testcasecount="1" result="Passed" start-time="2025-08-16T17:43:24.5056185Z" end-time="2025-08-16T17:43:24.5056185Z" duration="0.002898" total="1" passed="1" failed="0" warnings="0" inconclusive="0" skipped="0" asserts="15">
        <test-case id="1-1067" name="TestDefaultEndianExprInherited" fullname="Kaitai.SpecDefaultEndianExprInherited.TestDefaultEndianExprInherited" methodname="TestDefaultEndianExprInherited" classname="Kaitai.SpecDefaultEndianExprInherited" runstate="Runnable" seed="415907713" result="Passed" start-time="2025-08-16T17:43:24.5056185Z" end-time="2025-08-16T17:43:24.5056185Z" duration="0.002806" asserts="15" />
      </test-suite>
      <test-suite type="TestFixture" id="1-1068" name="SpecDefaultEndianExprIsBe" fullname="Kaitai.SpecDefaultEndianExprIsBe" classname="Kaitai.SpecDefaultEndianExprIsBe" runstate="Runnable" testcasecount="1" result="Passed" start-time="2025-08-16T17:43:24.5056185Z" end-time="2025-08-16T17:43:24.5056185Z" duration="0.003187" total="1" passed="1" failed="0" warnings="0" inconclusive="0" skipped="0" asserts="18">
        <test-case id="1-1069" name="TestDefaultEndianExprIsBe" fullname="Kaitai.SpecDefaultEndianExprIsBe.TestDefaultEndianExprIsBe" methodname="TestDefaultEndianExprIsBe" classname="Kaitai.SpecDefaultEndianExprIsBe" runstate="Runnable" seed="320711503" result="Passed" start-time="2025-08-16T17:43:24.5056185Z" end-time="2025-08-16T17:43:24.5056185Z" duration="0.003090" asserts="18" />
      </test-suite>
      <test-suite type="TestFixture" id="1-1070" name="SpecDefaultEndianExprIsLe" fullname="Kaitai.SpecDefaultEndianExprIsLe" classname="Kaitai.SpecDefaultEndianExprIsLe" runstate="Runnable" testcasecount="1" result="Passed" start-time="2025-08-16T17:43:24.5056185Z" end-time="2025-08-16T17:43:24.5212516Z" duration="0.002492" total="1" passed="1" failed="0" warnings="0" inconclusive="0" skipped="0" asserts="12">
        <test-case id="1-1071" name="TestDefaultEndianExprIsLe" fullname="Kaitai.SpecDefaultEndianExprIsLe.TestDefaultEndianExprIsLe" methodname="TestDefaultEndianExprIsLe" classname="Kaitai.SpecDefaultEndianExprIsLe" runstate="Runnable" seed="1199380721" result="Passed" start-time="2025-08-16T17:43:24.5056185Z" end-time="2025-08-16T17:43:24.5212516Z" duration="0.002397" asserts="12" />
      </test-suite>
      <test-suite type="TestFixture" id="1-1072" name="SpecDefaultEndianMod" fullname="Kaitai.SpecDefaultEndianMod" classname="Kaitai.SpecDefaultEndianMod" runstate="Runnable" testcasecount="1" result="Passed" start-time="2025-08-16T17:43:24.5212516Z" end-time="2025-08-16T17:43:24.5212516Z" duration="0.001081" total="1" passed="1" failed="0" warnings="0" inconclusive="0" skipped="0" asserts="3">
        <test-case id="1-1073" name="TestDefaultEndianMod" fullname="Kaitai.SpecDefaultEndianMod.TestDefaultEndianMod" methodname="TestDefaultEndianMod" classname="Kaitai.SpecDefaultEndianMod" runstate="Runnable" seed="1367385243" result="Passed" start-time="2025-08-16T17:43:24.5212516Z" end-time="2025-08-16T17:43:24.5212516Z" duration="0.000982" asserts="3" />
      </test-suite>
      <test-suite type="TestFixture" id="1-1074" name="SpecDocstrings" fullname="Kaitai.SpecDocstrings" classname="Kaitai.SpecDocstrings" runstate="Runnable" testcasecount="1" result="Passed" start-time="2025-08-16T17:43:24.5212516Z" end-time="2025-08-16T17:43:24.5212516Z" duration="0.000397" total="1" passed="1" failed="0" warnings="0" inconclusive="0" skipped="0" asserts="0">
        <test-case id="1-1075" name="TestDocstrings" fullname="Kaitai.SpecDocstrings.TestDocstrings" methodname="TestDocstrings" classname="Kaitai.SpecDocstrings" runstate="Runnable" seed="591271409" result="Passed" start-time="2025-08-16T17:43:24.5212516Z" end-time="2025-08-16T17:43:24.5212516Z" duration="0.000306" asserts="0" />
      </test-suite>
      <test-suite type="TestFixture" id="1-1076" name="SpecDocstringsDocref" fullname="Kaitai.SpecDocstringsDocref" classname="Kaitai.SpecDocstringsDocref" runstate="Runnable" testcasecount="1" result="Passed" start-time="2025-08-16T17:43:24.5212516Z" end-time="2025-08-16T17:43:24.5212516Z" duration="0.000417" total="1" passed="1" failed="0" warnings="0" inconclusive="0" skipped="0" asserts="0">
        <test-case id="1-1077" name="TestDocstringsDocref" fullname="Kaitai.SpecDocstringsDocref.TestDocstringsDocref" methodname="TestDocstringsDocref" classname="Kaitai.SpecDocstringsDocref" runstate="Runnable" seed="1179550927" result="Passed" start-time="2025-08-16T17:43:24.5212516Z" end-time="2025-08-16T17:43:24.5212516Z" duration="0.000322" asserts="0" />
      </test-suite>
      <test-suite type="TestFixture" id="1-1078" name="SpecDocstringsDocrefMulti" fullname="Kaitai.SpecDocstringsDocrefMulti" classname="Kaitai.SpecDocstringsDocrefMulti" runstate="Runnable" testcasecount="1" result="Passed" start-time="2025-08-16T17:43:24.5212516Z" end-time="2025-08-16T17:43:24.5212516Z" duration="0.000373" total="1" passed="1" failed="0" warnings="0" inconclusive="0" skipped="0" asserts="0">
        <test-case id="1-1079" name="TestDocstringsDocrefMulti" fullname="Kaitai.SpecDocstringsDocrefMulti.TestDocstringsDocrefMulti" methodname="TestDocstringsDocrefMulti" classname="Kaitai.SpecDocstringsDocrefMulti" runstate="Runnable" seed="1688785625" result="Passed" start-time="2025-08-16T17:43:24.5212516Z" end-time="2025-08-16T17:43:24.5212516Z" duration="0.000279" asserts="0" />
      </test-suite>
      <test-suite type="TestFixture" id="1-1080" name="SpecEnum0" fullname="Kaitai.SpecEnum0" classname="Kaitai.SpecEnum0" runstate="Runnable" testcasecount="1" result="Passed" start-time="2025-08-16T17:43:24.5212516Z" end-time="2025-08-16T17:43:24.5212516Z" duration="0.000554" total="1" passed="1" failed="0" warnings="0" inconclusive="0" skipped="0" asserts="2">
        <test-case id="1-1081" name="TestEnum0" fullname="Kaitai.SpecEnum0.TestEnum0" methodname="TestEnum0" classname="Kaitai.SpecEnum0" runstate="Runnable" seed="865368841" result="Passed" start-time="2025-08-16T17:43:24.5212516Z" end-time="2025-08-16T17:43:24.5212516Z" duration="0.000459" asserts="2" />
      </test-suite>
      <test-suite type="TestFixture" id="1-1082" name="SpecEnum1" fullname="Kaitai.SpecEnum1" classname="Kaitai.SpecEnum1" runstate="Runnable" testcasecount="1" result="Passed" start-time="2025-08-16T17:43:24.5212516Z" end-time="2025-08-16T17:43:24.5212516Z" duration="0.001208" total="1" passed="1" failed="0" warnings="0" inconclusive="0" skipped="0" asserts="2">
        <test-case id="1-1083" name="TestEnum1" fullname="Kaitai.SpecEnum1.TestEnum1" methodname="TestEnum1" classname="Kaitai.SpecEnum1" runstate="Runnable" seed="1142800279" result="Passed" start-time="2025-08-16T17:43:24.5212516Z" end-time="2025-08-16T17:43:24.5212516Z" duration="0.001106" asserts="2" />
      </test-suite>
      <test-suite type="TestFixture" id="1-1084" name="SpecEnumDeep" fullname="Kaitai.SpecEnumDeep" classname="Kaitai.SpecEnumDeep" runstate="Runnable" testcasecount="1" result="Passed" start-time="2025-08-16T17:43:24.5212516Z" end-time="2025-08-16T17:43:24.5212516Z" duration="0.000677" total="1" passed="1" failed="0" warnings="0" inconclusive="0" skipped="0" asserts="2">
        <test-case id="1-1085" name="TestEnumDeep" fullname="Kaitai.SpecEnumDeep.TestEnumDeep" methodname="TestEnumDeep" classname="Kaitai.SpecEnumDeep" runstate="Runnable" seed="1577353501" result="Passed" start-time="2025-08-16T17:43:24.5212516Z" end-time="2025-08-16T17:43:24.5212516Z" duration="0.000563" asserts="2" />
      </test-suite>
      <test-suite type="TestFixture" id="1-1086" name="SpecEnumDeepLiterals" fullname="Kaitai.SpecEnumDeepLiterals" classname="Kaitai.SpecEnumDeepLiterals" runstate="Runnable" testcasecount="1" result="Passed" start-time="2025-08-16T17:43:24.5212516Z" end-time="2025-08-16T17:43:24.5212516Z" duration="0.000675" total="1" passed="1" failed="0" warnings="0" inconclusive="0" skipped="0" asserts="2">
        <test-case id="1-1087" name="TestEnumDeepLiterals" fullname="Kaitai.SpecEnumDeepLiterals.TestEnumDeepLiterals" methodname="TestEnumDeepLiterals" classname="Kaitai.SpecEnumDeepLiterals" runstate="Runnable" seed="99012592" result="Passed" start-time="2025-08-16T17:43:24.5212516Z" end-time="2025-08-16T17:43:24.5212516Z" duration="0.000587" asserts="2" />
      </test-suite>
      <test-suite type="TestFixture" id="1-1088" name="SpecEnumFancy" fullname="Kaitai.SpecEnumFancy" classname="Kaitai.SpecEnumFancy" runstate="Runnable" testcasecount="1" result="Passed" start-time="2025-08-16T17:43:24.5212516Z" end-time="2025-08-16T17:43:24.5212516Z" duration="0.000530" total="1" passed="1" failed="0" warnings="0" inconclusive="0" skipped="0" asserts="2">
        <test-case id="1-1089" name="TestEnumFancy" fullname="Kaitai.SpecEnumFancy.TestEnumFancy" methodname="TestEnumFancy" classname="Kaitai.SpecEnumFancy" runstate="Runnable" seed="763711222" result="Passed" start-time="2025-08-16T17:43:24.5212516Z" end-time="2025-08-16T17:43:24.5212516Z" duration="0.000438" asserts="2" />
      </test-suite>
      <test-suite type="TestFixture" id="1-1090" name="SpecEnumIf" fullname="Kaitai.SpecEnumIf" classname="Kaitai.SpecEnumIf" runstate="Runnable" testcasecount="1" result="Passed" start-time="2025-08-16T17:43:24.5212516Z" end-time="2025-08-16T17:43:24.5212516Z" duration="0.001401" total="1" passed="1" failed="0" warnings="0" inconclusive="0" skipped="0" asserts="7">
        <test-case id="1-1091" name="TestEnumIf" fullname="Kaitai.SpecEnumIf.TestEnumIf" methodname="TestEnumIf" classname="Kaitai.SpecEnumIf" runstate="Runnable" seed="1411457046" result="Passed" start-time="2025-08-16T17:43:24.5212516Z" end-time="2025-08-16T17:43:24.5212516Z" duration="0.001306" asserts="7" />
      </test-suite>
      <test-suite type="TestFixture" id="1-1092" name="SpecEnumImportLiterals" fullname="Kaitai.SpecEnumImportLiterals" classname="Kaitai.SpecEnumImportLiterals" runstate="Runnable" testcasecount="1" result="Passed" start-time="2025-08-16T17:43:24.5212516Z" end-time="2025-08-16T17:43:24.5212516Z" duration="0.000618" total="1" passed="1" failed="0" warnings="0" inconclusive="0" skipped="0" asserts="3">
        <test-case id="1-1093" name="TestEnumImportLiterals" fullname="Kaitai.SpecEnumImportLiterals.TestEnumImportLiterals" methodname="TestEnumImportLiterals" classname="Kaitai.SpecEnumImportLiterals" runstate="Runnable" seed="1148719161" result="Passed" start-time="2025-08-16T17:43:24.5212516Z" end-time="2025-08-16T17:43:24.5212516Z" duration="0.000528" asserts="3" />
      </test-suite>
      <test-suite type="TestFixture" id="1-1094" name="SpecEnumImportSeq" fullname="Kaitai.SpecEnumImportSeq" classname="Kaitai.SpecEnumImportSeq" runstate="Runnable" testcasecount="1" result="Passed" start-time="2025-08-16T17:43:24.5212516Z" end-time="2025-08-16T17:43:24.5212516Z" duration="0.000519" total="1" passed="1" failed="0" warnings="0" inconclusive="0" skipped="0" asserts="2">
        <test-case id="1-1095" name="TestEnumImportSeq" fullname="Kaitai.SpecEnumImportSeq.TestEnumImportSeq" methodname="TestEnumImportSeq" classname="Kaitai.SpecEnumImportSeq" runstate="Runnable" seed="1322313798" result="Passed" start-time="2025-08-16T17:43:24.5212516Z" end-time="2025-08-16T17:43:24.5212516Z" duration="0.000433" asserts="2" />
      </test-suite>
      <test-suite type="TestFixture" id="1-1096" name="SpecEnumIntRangeS" fullname="Kaitai.SpecEnumIntRangeS" classname="Kaitai.SpecEnumIntRangeS" runstate="Runnable" testcasecount="1" result="Passed" start-time="2025-08-16T17:43:24.5212516Z" end-time="2025-08-16T17:43:24.5212516Z" duration="0.000595" total="1" passed="1" failed="0" warnings="0" inconclusive="0" skipped="0" asserts="3">
        <test-case id="1-1097" name="TestEnumIntRangeS" fullname="Kaitai.SpecEnumIntRangeS.TestEnumIntRangeS" methodname="TestEnumIntRangeS" classname="Kaitai.SpecEnumIntRangeS" runstate="Runnable" seed="960380960" result="Passed" start-time="2025-08-16T17:43:24.5212516Z" end-time="2025-08-16T17:43:24.5212516Z" duration="0.000508" asserts="3" />
      </test-suite>
      <test-suite type="TestFixture" id="1-1098" name="SpecEnumInvalid" fullname="Kaitai.SpecEnumInvalid" classname="Kaitai.SpecEnumInvalid" runstate="Runnable" testcasecount="1" result="Passed" start-time="2025-08-16T17:43:24.5212516Z" end-time="2025-08-16T17:43:24.5212516Z" duration="0.000505" total="1" passed="1" failed="0" warnings="0" inconclusive="0" skipped="0" asserts="2">
        <test-case id="1-1099" name="TestEnumInvalid" fullname="Kaitai.SpecEnumInvalid.TestEnumInvalid" methodname="TestEnumInvalid" classname="Kaitai.SpecEnumInvalid" runstate="Runnable" seed="1383270277" result="Passed" start-time="2025-08-16T17:43:24.5212516Z" end-time="2025-08-16T17:43:24.5212516Z" duration="0.000421" asserts="2" />
      </test-suite>
      <test-suite type="TestFixture" id="1-1100" name="SpecEnumNegative" fullname="Kaitai.SpecEnumNegative" classname="Kaitai.SpecEnumNegative" runstate="Runnable" testcasecount="1" result="Passed" start-time="2025-08-16T17:43:24.5212516Z" end-time="2025-08-16T17:43:24.5212516Z" duration="0.000558" total="1" passed="1" failed="0" warnings="0" inconclusive="0" skipped="0" asserts="2">
        <test-case id="1-1101" name="TestEnumNegative" fullname="Kaitai.SpecEnumNegative.TestEnumNegative" methodname="TestEnumNegative" classname="Kaitai.SpecEnumNegative" runstate="Runnable" seed="78498948" result="Passed" start-time="2025-08-16T17:43:24.5212516Z" end-time="2025-08-16T17:43:24.5212516Z" duration="0.000473" asserts="2" />
      </test-suite>
      <test-suite type="TestFixture" id="1-1102" name="SpecEnumOfValueInst" fullname="Kaitai.SpecEnumOfValueInst" classname="Kaitai.SpecEnumOfValueInst" runstate="Runnable" testcasecount="1" result="Passed" start-time="2025-08-16T17:43:24.5212516Z" end-time="2025-08-16T17:43:24.5212516Z" duration="0.000727" total="1" passed="1" failed="0" warnings="0" inconclusive="0" skipped="0" asserts="4">
        <test-case id="1-1103" name="TestEnumOfValueInst" fullname="Kaitai.SpecEnumOfValueInst.TestEnumOfValueInst" methodname="TestEnumOfValueInst" classname="Kaitai.SpecEnumOfValueInst" runstate="Runnable" seed="964013825" result="Passed" start-time="2025-08-16T17:43:24.5212516Z" end-time="2025-08-16T17:43:24.5212516Z" duration="0.000637" asserts="4" />
      </test-suite>
      <test-suite type="TestFixture" id="1-1104" name="SpecEnumToI" fullname="Kaitai.SpecEnumToI" classname="Kaitai.SpecEnumToI" runstate="Runnable" testcasecount="1" result="Passed" start-time="2025-08-16T17:43:24.5212516Z" end-time="2025-08-16T17:43:24.5212516Z" duration="0.001151" total="1" passed="1" failed="0" warnings="0" inconclusive="0" skipped="0" asserts="8">
        <test-case id="1-1105" name="TestEnumToI" fullname="Kaitai.SpecEnumToI.TestEnumToI" methodname="TestEnumToI" classname="Kaitai.SpecEnumToI" runstate="Runnable" seed="1270099943" result="Passed" start-time="2025-08-16T17:43:24.5212516Z" end-time="2025-08-16T17:43:24.5212516Z" duration="0.001063" asserts="8" />
      </test-suite>
      <test-suite type="TestFixture" id="1-1106" name="SpecEnumToIClassBorder1" fullname="Kaitai.SpecEnumToIClassBorder1" classname="Kaitai.SpecEnumToIClassBorder1" runstate="Runnable" testcasecount="1" result="Passed" start-time="2025-08-16T17:43:24.5212516Z" end-time="2025-08-16T17:43:24.5212516Z" duration="0.000923" total="1" passed="1" failed="0" warnings="0" inconclusive="0" skipped="0" asserts="3">
        <test-case id="1-1107" name="TestEnumToIClassBorder1" fullname="Kaitai.SpecEnumToIClassBorder1.TestEnumToIClassBorder1" methodname="TestEnumToIClassBorder1" classname="Kaitai.SpecEnumToIClassBorder1" runstate="Runnable" seed="623602777" result="Passed" start-time="2025-08-16T17:43:24.5212516Z" end-time="2025-08-16T17:43:24.5212516Z" duration="0.000835" asserts="3" />
      </test-suite>
      <test-suite type="TestFixture" id="1-1108" name="SpecEnumToIInvalid" fullname="Kaitai.SpecEnumToIInvalid" classname="Kaitai.SpecEnumToIInvalid" runstate="Runnable" testcasecount="1" result="Passed" start-time="2025-08-16T17:43:24.5212516Z" end-time="2025-08-16T17:43:24.5212516Z" duration="0.001080" total="1" passed="1" failed="0" warnings="0" inconclusive="0" skipped="0" asserts="8">
        <test-case id="1-1109" name="TestEnumToIInvalid" fullname="Kaitai.SpecEnumToIInvalid.TestEnumToIInvalid" methodname="TestEnumToIInvalid" classname="Kaitai.SpecEnumToIInvalid" runstate="Runnable" seed="772308389" result="Passed" start-time="2025-08-16T17:43:24.5212516Z" end-time="2025-08-16T17:43:24.5212516Z" duration="0.000986" asserts="8" />
      </test-suite>
      <test-suite type="TestFixture" id="1-1110" name="SpecEofExceptionBytes" fullname="Kaitai.SpecEofExceptionBytes" classname="Kaitai.SpecEofExceptionBytes" runstate="Runnable" testcasecount="1" result="Passed" start-time="2025-08-16T17:43:24.5212516Z" end-time="2025-08-16T17:43:24.5368771Z" duration="0.000599" total="1" passed="1" failed="0" warnings="0" inconclusive="0" skipped="0" asserts="1">
        <test-case id="1-1111" name="TestEofExceptionBytes" fullname="Kaitai.SpecEofExceptionBytes.TestEofExceptionBytes" methodname="TestEofExceptionBytes" classname="Kaitai.SpecEofExceptionBytes" runstate="Runnable" seed="1358800059" result="Passed" start-time="2025-08-16T17:43:24.5212516Z" end-time="2025-08-16T17:43:24.5368771Z" duration="0.000510" asserts="1" />
      </test-suite>
      <test-suite type="TestFixture" id="1-1112" name="SpecEofExceptionSized" fullname="Kaitai.SpecEofExceptionSized" classname="Kaitai.SpecEofExceptionSized" runstate="Runnable" testcasecount="1" result="Passed" start-time="2025-08-16T17:43:24.5368771Z" end-time="2025-08-16T17:43:24.5368771Z" duration="0.000541" total="1" passed="1" failed="0" warnings="0" inconclusive="0" skipped="0" asserts="1">
        <test-case id="1-1113" name="TestEofExceptionSized" fullname="Kaitai.SpecEofExceptionSized.TestEofExceptionSized" methodname="TestEofExceptionSized" classname="Kaitai.SpecEofExceptionSized" runstate="Runnable" seed="80457775" result="Passed" start-time="2025-08-16T17:43:24.5368771Z" end-time="2025-08-16T17:43:24.5368771Z" duration="0.000450" asserts="1" />
      </test-suite>
      <test-suite type="TestFixture" id="1-1114" name="SpecEofExceptionU4" fullname="Kaitai.SpecEofExceptionU4" classname="Kaitai.SpecEofExceptionU4" runstate="Runnable" testcasecount="1" result="Passed" start-time="2025-08-16T17:43:24.5368771Z" end-time="2025-08-16T17:43:24.5368771Z" duration="0.000527" total="1" passed="1" failed="0" warnings="0" inconclusive="0" skipped="0" asserts="1">
        <test-case id="1-1115" name="TestEofExceptionU4" fullname="Kaitai.SpecEofExceptionU4.TestEofExceptionU4" methodname="TestEofExceptionU4" classname="Kaitai.SpecEofExceptionU4" runstate="Runnable" seed="1165860867" result="Passed" start-time="2025-08-16T17:43:24.5368771Z" end-time="2025-08-16T17:43:24.5368771Z" duration="0.000437" asserts="1" />
      </test-suite>
      <test-suite type="TestFixture" id="1-1116" name="SpecEosExceptionBytes" fullname="Kaitai.SpecEosExceptionBytes" classname="Kaitai.SpecEosExceptionBytes" runstate="Runnable" testcasecount="1" result="Passed" start-time="2025-08-16T17:43:24.5368771Z" end-time="2025-08-16T17:43:24.5368771Z" duration="0.000627" total="1" passed="1" failed="0" warnings="0" inconclusive="0" skipped="0" asserts="1">
        <test-case id="1-1117" name="TestEosExceptionBytes" fullname="Kaitai.SpecEosExceptionBytes.TestEosExceptionBytes" methodname="TestEosExceptionBytes" classname="Kaitai.SpecEosExceptionBytes" runstate="Runnable" seed="1291238512" result="Passed" start-time="2025-08-16T17:43:24.5368771Z" end-time="2025-08-16T17:43:24.5368771Z" duration="0.000537" asserts="1" />
      </test-suite>
      <test-suite type="TestFixture" id="1-1118" name="SpecEosExceptionSized" fullname="Kaitai.SpecEosExceptionSized" classname="Kaitai.SpecEosExceptionSized" runstate="Runnable" testcasecount="1" result="Passed" start-time="2025-08-16T17:43:24.5368771Z" end-time="2025-08-16T17:43:24.5368771Z" duration="0.000650" total="1" passed="1" failed="0" warnings="0" inconclusive="0" skipped="0" asserts="1">
        <test-case id="1-1119" name="TestEosExceptionSized" fullname="Kaitai.SpecEosExceptionSized.TestEosExceptionSized" methodname="TestEosExceptionSized" classname="Kaitai.SpecEosExceptionSized" runstate="Runnable" seed="470675842" result="Passed" start-time="2025-08-16T17:43:24.5368771Z" end-time="2025-08-16T17:43:24.5368771Z" duration="0.000560" asserts="1" />
      </test-suite>
      <test-suite type="TestFixture" id="1-1120" name="SpecEosExceptionU4" fullname="Kaitai.SpecEosExceptionU4" classname="Kaitai.SpecEosExceptionU4" runstate="Runnable" testcasecount="1" result="Passed" start-time="2025-08-16T17:43:24.5368771Z" end-time="2025-08-16T17:43:24.5368771Z" duration="0.000619" total="1" passed="1" failed="0" warnings="0" inconclusive="0" skipped="0" asserts="1">
        <test-case id="1-1121" name="TestEosExceptionU4" fullname="Kaitai.SpecEosExceptionU4.TestEosExceptionU4" methodname="TestEosExceptionU4" classname="Kaitai.SpecEosExceptionU4" runstate="Runnable" seed="836582076" result="Passed" start-time="2025-08-16T17:43:24.5368771Z" end-time="2025-08-16T17:43:24.5368771Z" duration="0.000531" asserts="1" />
      </test-suite>
      <test-suite type="TestFixture" id="1-1122" name="SpecExpr0" fullname="Kaitai.SpecExpr0" classname="Kaitai.SpecExpr0" runstate="Runnable" testcasecount="1" result="Passed" start-time="2025-08-16T17:43:24.5368771Z" end-time="2025-08-16T17:43:24.5368771Z" duration="0.000562" total="1" passed="1" failed="0" warnings="0" inconclusive="0" skipped="0" asserts="2">
        <test-case id="1-1123" name="TestExpr0" fullname="Kaitai.SpecExpr0.TestExpr0" methodname="TestExpr0" classname="Kaitai.SpecExpr0" runstate="Runnable" seed="1414957962" result="Passed" start-time="2025-08-16T17:43:24.5368771Z" end-time="2025-08-16T17:43:24.5368771Z" duration="0.000472" asserts="2" />
      </test-suite>
      <test-suite type="TestFixture" id="1-1124" name="SpecExpr1" fullname="Kaitai.SpecExpr1" classname="Kaitai.SpecExpr1" runstate="Runnable" testcasecount="1" result="Passed" start-time="2025-08-16T17:43:24.5368771Z" end-time="2025-08-16T17:43:24.5368771Z" duration="0.000731" total="1" passed="1" failed="0" warnings="0" inconclusive="0" skipped="0" asserts="4">
        <test-case id="1-1125" name="TestExpr1" fullname="Kaitai.SpecExpr1.TestExpr1" methodname="TestExpr1" classname="Kaitai.SpecExpr1" runstate="Runnable" seed="1237594434" result="Passed" start-time="2025-08-16T17:43:24.5368771Z" end-time="2025-08-16T17:43:24.5368771Z" duration="0.000645" asserts="4" />
      </test-suite>
      <test-suite type="TestFixture" id="1-1126" name="SpecExpr2" fullname="Kaitai.SpecExpr2" classname="Kaitai.SpecExpr2" runstate="Runnable" testcasecount="1" result="Passed" start-time="2025-08-16T17:43:24.5368771Z" end-time="2025-08-16T17:43:24.5368771Z" duration="0.002284" total="1" passed="1" failed="0" warnings="0" inconclusive="0" skipped="0" asserts="17">
        <test-case id="1-1127" name="TestExpr2" fullname="Kaitai.SpecExpr2.TestExpr2" methodname="TestExpr2" classname="Kaitai.SpecExpr2" runstate="Runnable" seed="1614928035" result="Passed" start-time="2025-08-16T17:43:24.5368771Z" end-time="2025-08-16T17:43:24.5368771Z" duration="0.002194" asserts="17" />
      </test-suite>
      <test-suite type="TestFixture" id="1-1128" name="SpecExpr3" fullname="Kaitai.SpecExpr3" classname="Kaitai.SpecExpr3" runstate="Runnable" testcasecount="1" result="Passed" start-time="2025-08-16T17:43:24.5368771Z" end-time="2025-08-16T17:43:24.5368771Z" duration="0.001827" total="1" passed="1" failed="0" warnings="0" inconclusive="0" skipped="0" asserts="12">
        <test-case id="1-1129" name="TestExpr3" fullname="Kaitai.SpecExpr3.TestExpr3" methodname="TestExpr3" classname="Kaitai.SpecExpr3" runstate="Runnable" seed="684397885" result="Passed" start-time="2025-08-16T17:43:24.5368771Z" end-time="2025-08-16T17:43:24.5368771Z" duration="0.001707" asserts="12" />
      </test-suite>
      <test-suite type="TestFixture" id="1-1130" name="SpecExprArray" fullname="Kaitai.SpecExprArray" classname="Kaitai.SpecExprArray" runstate="Runnable" testcasecount="1" result="Passed" start-time="2025-08-16T17:43:24.5368771Z" end-time="2025-08-16T17:43:24.5524884Z" duration="0.021360" total="1" passed="1" failed="0" warnings="0" inconclusive="0" skipped="0" asserts="15">
        <test-case id="1-1131" name="TestExprArray" fullname="Kaitai.SpecExprArray.TestExprArray" methodname="TestExprArray" classname="Kaitai.SpecExprArray" runstate="Runnable" seed="1787858426" result="Passed" start-time="2025-08-16T17:43:24.5368771Z" end-time="2025-08-16T17:43:24.5524884Z" duration="0.021265" asserts="15" />
      </test-suite>
      <test-suite type="TestFixture" id="1-1132" name="SpecExprBytesCmp" fullname="Kaitai.SpecExprBytesCmp" classname="Kaitai.SpecExprBytesCmp" runstate="Runnable" testcasecount="1" result="Passed" start-time="2025-08-16T17:43:24.5524884Z" end-time="2025-08-16T17:43:24.5681154Z" duration="0.001833" total="1" passed="1" failed="0" warnings="0" inconclusive="0" skipped="0" asserts="10">
        <test-case id="1-1133" name="TestExprBytesCmp" fullname="Kaitai.SpecExprBytesCmp.TestExprBytesCmp" methodname="TestExprBytesCmp" classname="Kaitai.SpecExprBytesCmp" runstate="Runnable" seed="317920259" result="Passed" start-time="2025-08-16T17:43:24.5524884Z" end-time="2025-08-16T17:43:24.5681154Z" duration="0.001732" asserts="10" />
      </test-suite>
      <test-suite type="TestFixture" id="1-1134" name="SpecExprBytesNonLiteral" fullname="Kaitai.SpecExprBytesNonLiteral" classname="Kaitai.SpecExprBytesNonLiteral" runstate="Runnable" testcasecount="1" result="Passed" start-time="2025-08-16T17:43:24.5681154Z" end-time="2025-08-16T17:43:24.5681154Z" duration="0.000700" total="1" passed="1" failed="0" warnings="0" inconclusive="0" skipped="0" asserts="3">
        <test-case id="1-1135" name="TestExprBytesNonLiteral" fullname="Kaitai.SpecExprBytesNonLiteral.TestExprBytesNonLiteral" methodname="TestExprBytesNonLiteral" classname="Kaitai.SpecExprBytesNonLiteral" runstate="Runnable" seed="1824282726" result="Passed" start-time="2025-08-16T17:43:24.5681154Z" end-time="2025-08-16T17:43:24.5681154Z" duration="0.000606" asserts="3" />
      </test-suite>
      <test-suite type="TestFixture" id="1-1136" name="SpecExprBytesOps" fullname="Kaitai.SpecExprBytesOps" classname="Kaitai.SpecExprBytesOps" runstate="Runnable" testcasecount="1" result="Passed" start-time="2025-08-16T17:43:24.5681154Z" end-time="2025-08-16T17:43:24.5681154Z" duration="0.002793" total="1" passed="1" failed="0" warnings="0" inconclusive="0" skipped="0" asserts="16">
        <test-case id="1-1137" name="TestExprBytesOps" fullname="Kaitai.SpecExprBytesOps.TestExprBytesOps" methodname="TestExprBytesOps" classname="Kaitai.SpecExprBytesOps" runstate="Runnable" seed="807151480" result="Passed" start-time="2025-08-16T17:43:24.5681154Z" end-time="2025-08-16T17:43:24.5681154Z" duration="0.002695" asserts="16" />
      </test-suite>
      <test-suite type="TestFixture" id="1-1138" name="SpecExprCalcArrayOps" fullname="Kaitai.SpecExprCalcArrayOps" classname="Kaitai.SpecExprCalcArrayOps" runstate="Runnable" testcasecount="1" result="Passed" start-time="2025-08-16T17:43:24.5681154Z" end-time="2025-08-16T17:43:24.5681154Z" duration="0.003757" total="1" passed="1" failed="0" warnings="0" inconclusive="0" skipped="0" asserts="18">
        <test-case id="1-1139" name="TestExprCalcArrayOps" fullname="Kaitai.SpecExprCalcArrayOps.TestExprCalcArrayOps" methodname="TestExprCalcArrayOps" classname="Kaitai.SpecExprCalcArrayOps" runstate="Runnable" seed="724257971" result="Passed" start-time="2025-08-16T17:43:24.5681154Z" end-time="2025-08-16T17:43:24.5681154Z" duration="0.003664" asserts="18" />
      </test-suite>
      <test-suite type="TestFixture" id="1-1140" name="SpecExprEnum" fullname="Kaitai.SpecExprEnum" classname="Kaitai.SpecExprEnum" runstate="Runnable" testcasecount="1" result="Passed" start-time="2025-08-16T17:43:24.5681154Z" end-time="2025-08-16T17:43:24.5681154Z" duration="0.000729" total="1" passed="1" failed="0" warnings="0" inconclusive="0" skipped="0" asserts="3">
        <test-case id="1-1141" name="TestExprEnum" fullname="Kaitai.SpecExprEnum.TestExprEnum" methodname="TestExprEnum" classname="Kaitai.SpecExprEnum" runstate="Runnable" seed="195255988" result="Passed" start-time="2025-08-16T17:43:24.5681154Z" end-time="2025-08-16T17:43:24.5681154Z" duration="0.000637" asserts="3" />
      </test-suite>
      <test-suite type="TestFixture" id="1-1142" name="SpecExprFstring0" fullname="Kaitai.SpecExprFstring0" classname="Kaitai.SpecExprFstring0" runstate="Runnable" testcasecount="1" result="Passed" start-time="2025-08-16T17:43:24.5681154Z" end-time="2025-08-16T17:43:24.5681154Z" duration="0.001128" total="1" passed="1" failed="0" warnings="0" inconclusive="0" skipped="0" asserts="9">
        <test-case id="1-1143" name="TestExprFstring0" fullname="Kaitai.SpecExprFstring0.TestExprFstring0" methodname="TestExprFstring0" classname="Kaitai.SpecExprFstring0" runstate="Runnable" seed="104801943" result="Passed" start-time="2025-08-16T17:43:24.5681154Z" end-time="2025-08-16T17:43:24.5681154Z" duration="0.001035" asserts="9" />
      </test-suite>
      <test-suite type="TestFixture" id="1-1144" name="SpecExprIfIntOps" fullname="Kaitai.SpecExprIfIntOps" classname="Kaitai.SpecExprIfIntOps" runstate="Runnable" testcasecount="1" result="Passed" start-time="2025-08-16T17:43:24.5681154Z" end-time="2025-08-16T17:43:24.5681154Z" duration="0.001015" total="1" passed="1" failed="0" warnings="0" inconclusive="0" skipped="0" asserts="2">
        <test-case id="1-1145" name="TestExprIfIntOps" fullname="Kaitai.SpecExprIfIntOps.TestExprIfIntOps" methodname="TestExprIfIntOps" classname="Kaitai.SpecExprIfIntOps" runstate="Runnable" seed="1046506840" result="Passed" start-time="2025-08-16T17:43:24.5681154Z" end-time="2025-08-16T17:43:24.5681154Z" duration="0.000925" asserts="2" />
      </test-suite>
      <test-suite type="TestFixture" id="1-1146" name="SpecExprIntDiv" fullname="Kaitai.SpecExprIntDiv" classname="Kaitai.SpecExprIntDiv" runstate="Runnable" testcasecount="1" result="Failed" site="Child" start-time="2025-08-16T17:43:24.5681154Z" end-time="2025-08-16T17:43:24.8190285Z" duration="0.243007" total="1" passed="0" failed="1" warnings="0" inconclusive="0" skipped="0" asserts="4">
        <failure>
          <message><![CDATA[One or more child tests had errors]]></message>
        </failure>
        <test-case id="1-1147" name="TestExprIntDiv" fullname="Kaitai.SpecExprIntDiv.TestExprIntDiv" methodname="TestExprIntDiv" classname="Kaitai.SpecExprIntDiv" runstate="Runnable" seed="205277727" result="Failed" start-time="2025-08-16T17:43:24.5681154Z" end-time="2025-08-16T17:43:24.8190285Z" duration="0.242817" asserts="4">
          <failure>
            <message><![CDATA[  Expected: -756
  But was:  -757
]]></message>
            <stack-trace><![CDATA[   at Kaitai.SpecExprIntDiv.TestExprIntDiv() in D:\a\ci_targets\ci_targets\tests\spec\csharp\kaitai_struct_csharp_tests\tests\SpecExprIntDiv.cs:line 18
]]></stack-trace>
          </failure>
          <assertions>
            <assertion result="Failed">
              <message><![CDATA[  Expected: -756
  But was:  -757
]]></message>
              <stack-trace><![CDATA[   at Kaitai.SpecExprIntDiv.TestExprIntDiv() in D:\a\ci_targets\ci_targets\tests\spec\csharp\kaitai_struct_csharp_tests\tests\SpecExprIntDiv.cs:line 18
]]></stack-trace>
            </assertion>
          </assertions>
        </test-case>
      </test-suite>
      <test-suite type="TestFixture" id="1-1148" name="SpecExprIoEof" fullname="Kaitai.SpecExprIoEof" classname="Kaitai.SpecExprIoEof" runstate="Runnable" testcasecount="1" result="Passed" start-time="2025-08-16T17:43:24.8190285Z" end-time="2025-08-16T17:43:24.8190285Z" duration="0.002053" total="1" passed="1" failed="0" warnings="0" inconclusive="0" skipped="0" asserts="4">
        <test-case id="1-1149" name="TestExprIoEof" fullname="Kaitai.SpecExprIoEof.TestExprIoEof" methodname="TestExprIoEof" classname="Kaitai.SpecExprIoEof" runstate="Runnable" seed="412577648" result="Passed" start-time="2025-08-16T17:43:24.8190285Z" end-time="2025-08-16T17:43:24.8190285Z" duration="0.001892" asserts="4" />
      </test-suite>
      <test-suite type="TestFixture" id="1-1150" name="SpecExprIoPos" fullname="Kaitai.SpecExprIoPos" classname="Kaitai.SpecExprIoPos" runstate="Runnable" testcasecount="1" result="Passed" start-time="2025-08-16T17:43:24.8190285Z" end-time="2025-08-16T17:43:24.8190285Z" duration="0.001679" total="1" passed="1" failed="0" warnings="0" inconclusive="0" skipped="0" asserts="6">
        <test-case id="1-1151" name="TestExprIoPos" fullname="Kaitai.SpecExprIoPos.TestExprIoPos" methodname="TestExprIoPos" classname="Kaitai.SpecExprIoPos" runstate="Runnable" seed="717794101" result="Passed" start-time="2025-08-16T17:43:24.8190285Z" end-time="2025-08-16T17:43:24.8190285Z" duration="0.001537" asserts="6" />
      </test-suite>
      <test-suite type="TestFixture" id="1-1152" name="SpecExprMod" fullname="Kaitai.SpecExprMod" classname="Kaitai.SpecExprMod" runstate="Runnable" testcasecount="1" result="Passed" start-time="2025-08-16T17:43:24.8190285Z" end-time="2025-08-16T17:43:24.8190285Z" duration="0.001117" total="1" passed="1" failed="0" warnings="0" inconclusive="0" skipped="0" asserts="6">
        <test-case id="1-1153" name="TestExprMod" fullname="Kaitai.SpecExprMod.TestExprMod" methodname="TestExprMod" classname="Kaitai.SpecExprMod" runstate="Runnable" seed="329133904" result="Passed" start-time="2025-08-16T17:43:24.8190285Z" end-time="2025-08-16T17:43:24.8190285Z" duration="0.001024" asserts="6" />
      </test-suite>
      <test-suite type="TestFixture" id="1-1154" name="SpecExprOpsParens" fullname="Kaitai.SpecExprOpsParens" classname="Kaitai.SpecExprOpsParens" runstate="Runnable" testcasecount="1" result="Passed" start-time="2025-08-16T17:43:24.8190285Z" end-time="2025-08-16T17:43:24.8190285Z" duration="0.006253" total="1" passed="1" failed="0" warnings="0" inconclusive="0" skipped="0" asserts="9">
        <test-case id="1-1155" name="TestExprOpsParens" fullname="Kaitai.SpecExprOpsParens.TestExprOpsParens" methodname="TestExprOpsParens" classname="Kaitai.SpecExprOpsParens" runstate="Runnable" seed="2052387340" result="Passed" start-time="2025-08-16T17:43:24.8190285Z" end-time="2025-08-16T17:43:24.8190285Z" duration="0.006153" asserts="9" />
      </test-suite>
      <test-suite type="TestFixture" id="1-1156" name="SpecExprSizeofType0" fullname="Kaitai.SpecExprSizeofType0" classname="Kaitai.SpecExprSizeofType0" runstate="Runnable" testcasecount="1" result="Passed" start-time="2025-08-16T17:43:24.8190285Z" end-time="2025-08-16T17:43:24.8190285Z" duration="0.000448" total="1" passed="1" failed="0" warnings="0" inconclusive="0" skipped="0" asserts="1">
        <test-case id="1-1157" name="TestExprSizeofType0" fullname="Kaitai.SpecExprSizeofType0.TestExprSizeofType0" methodname="TestExprSizeofType0" classname="Kaitai.SpecExprSizeofType0" runstate="Runnable" seed="526585658" result="Passed" start-time="2025-08-16T17:43:24.8190285Z" end-time="2025-08-16T17:43:24.8190285Z" duration="0.000350" asserts="1" />
      </test-suite>
      <test-suite type="TestFixture" id="1-1158" name="SpecExprSizeofType1" fullname="Kaitai.SpecExprSizeofType1" classname="Kaitai.SpecExprSizeofType1" runstate="Runnable" testcasecount="1" result="Passed" start-time="2025-08-16T17:43:24.8190285Z" end-time="2025-08-16T17:43:24.8190285Z" duration="0.000497" total="1" passed="1" failed="0" warnings="0" inconclusive="0" skipped="0" asserts="2">
        <test-case id="1-1159" name="TestExprSizeofType1" fullname="Kaitai.SpecExprSizeofType1.TestExprSizeofType1" methodname="TestExprSizeofType1" classname="Kaitai.SpecExprSizeofType1" runstate="Runnable" seed="1585378099" result="Passed" start-time="2025-08-16T17:43:24.8190285Z" end-time="2025-08-16T17:43:24.8190285Z" duration="0.000405" asserts="2" />
      </test-suite>
      <test-suite type="TestFixture" id="1-1160" name="SpecExprSizeofValue0" fullname="Kaitai.SpecExprSizeofValue0" classname="Kaitai.SpecExprSizeofValue0" runstate="Runnable" testcasecount="1" result="Passed" start-time="2025-08-16T17:43:24.8190285Z" end-time="2025-08-16T17:43:24.8346608Z" duration="0.000971" total="1" passed="1" failed="0" warnings="0" inconclusive="0" skipped="0" asserts="5">
        <test-case id="1-1161" name="TestExprSizeofValue0" fullname="Kaitai.SpecExprSizeofValue0.TestExprSizeofValue0" methodname="TestExprSizeofValue0" classname="Kaitai.SpecExprSizeofValue0" runstate="Runnable" seed="37490926" result="Passed" start-time="2025-08-16T17:43:24.8190285Z" end-time="2025-08-16T17:43:24.8346608Z" duration="0.000879" asserts="5" />
      </test-suite>
      <test-suite type="TestFixture" id="1-1162" name="SpecExprSizeofValueSized" fullname="Kaitai.SpecExprSizeofValueSized" classname="Kaitai.SpecExprSizeofValueSized" runstate="Runnable" testcasecount="1" result="Passed" start-time="2025-08-16T17:43:24.8346608Z" end-time="2025-08-16T17:43:24.8346608Z" duration="0.000924" total="1" passed="1" failed="0" warnings="0" inconclusive="0" skipped="0" asserts="5">
        <test-case id="1-1163" name="TestExprSizeofValueSized" fullname="Kaitai.SpecExprSizeofValueSized.TestExprSizeofValueSized" methodname="TestExprSizeofValueSized" classname="Kaitai.SpecExprSizeofValueSized" runstate="Runnable" seed="1436070003" result="Passed" start-time="2025-08-16T17:43:24.8346608Z" end-time="2025-08-16T17:43:24.8346608Z" duration="0.000829" asserts="5" />
      </test-suite>
      <test-suite type="TestFixture" id="1-1164" name="SpecExprStrEncodings" fullname="Kaitai.SpecExprStrEncodings" classname="Kaitai.SpecExprStrEncodings" runstate="Runnable" testcasecount="1" result="Passed" start-time="2025-08-16T17:43:24.8346608Z" end-time="2025-08-16T17:43:24.8346608Z" duration="0.002344" total="1" passed="1" failed="0" warnings="0" inconclusive="0" skipped="0" asserts="7">
        <test-case id="1-1165" name="TestExprStrEncodings" fullname="Kaitai.SpecExprStrEncodings.TestExprStrEncodings" methodname="TestExprStrEncodings" classname="Kaitai.SpecExprStrEncodings" runstate="Runnable" seed="999077451" result="Passed" start-time="2025-08-16T17:43:24.8346608Z" end-time="2025-08-16T17:43:24.8346608Z" duration="0.002254" asserts="7" />
      </test-suite>
      <test-suite type="TestFixture" id="1-1166" name="SpecExprStrOps" fullname="Kaitai.SpecExprStrOps" classname="Kaitai.SpecExprStrOps" runstate="Runnable" testcasecount="1" result="Passed" start-time="2025-08-16T17:43:24.8346608Z" end-time="2025-08-16T17:43:24.8346608Z" duration="0.001926" total="1" passed="1" failed="0" warnings="0" inconclusive="0" skipped="0" asserts="18">
        <test-case id="1-1167" name="TestExprStrOps" fullname="Kaitai.SpecExprStrOps.TestExprStrOps" methodname="TestExprStrOps" classname="Kaitai.SpecExprStrOps" runstate="Runnable" seed="1630449482" result="Passed" start-time="2025-08-16T17:43:24.8346608Z" end-time="2025-08-16T17:43:24.8346608Z" duration="0.001833" asserts="18" />
      </test-suite>
      <test-suite type="TestFixture" id="1-1168" name="SpecExprToITrailing" fullname="Kaitai.SpecExprToITrailing" classname="Kaitai.SpecExprToITrailing" runstate="Runnable" testcasecount="1" result="Passed" start-time="2025-08-16T17:43:24.8346608Z" end-time="2025-08-16T17:43:24.8346608Z" duration="0.001055" total="1" passed="1" failed="0" warnings="0" inconclusive="0" skipped="0" asserts="3">
        <test-case id="1-1169" name="TestExprToITrailing" fullname="Kaitai.SpecExprToITrailing.TestExprToITrailing" methodname="TestExprToITrailing" classname="Kaitai.SpecExprToITrailing" runstate="Runnable" seed="131075756" result="Passed" start-time="2025-08-16T17:43:24.8346608Z" end-time="2025-08-16T17:43:24.8346608Z" duration="0.000964" asserts="3" />
      </test-suite>
      <test-suite type="TestFixture" id="1-1170" name="SpecFixedContents" fullname="Kaitai.SpecFixedContents" classname="Kaitai.SpecFixedContents" runstate="Runnable" testcasecount="1" result="Passed" start-time="2025-08-16T17:43:24.8346608Z" end-time="2025-08-16T17:43:24.8346608Z" duration="0.000709" total="1" passed="1" failed="0" warnings="0" inconclusive="0" skipped="0" asserts="0">
        <test-case id="1-1171" name="TestFixedContents" fullname="Kaitai.SpecFixedContents.TestFixedContents" methodname="TestFixedContents" classname="Kaitai.SpecFixedContents" runstate="Runnable" seed="363732423" result="Passed" start-time="2025-08-16T17:43:24.8346608Z" end-time="2025-08-16T17:43:24.8346608Z" duration="0.000613" asserts="0" />
      </test-suite>
      <test-suite type="TestFixture" id="1-1172" name="SpecFixedStruct" fullname="Kaitai.SpecFixedStruct" classname="Kaitai.SpecFixedStruct" runstate="Runnable" testcasecount="1" result="Passed" start-time="2025-08-16T17:43:24.8346608Z" end-time="2025-08-16T17:43:24.8346608Z" duration="0.003311" total="1" passed="1" failed="0" warnings="0" inconclusive="0" skipped="0" asserts="20">
        <test-case id="1-1173" name="TestFixedStruct" fullname="Kaitai.SpecFixedStruct.TestFixedStruct" methodname="TestFixedStruct" classname="Kaitai.SpecFixedStruct" runstate="Runnable" seed="1620708975" result="Passed" start-time="2025-08-16T17:43:24.8346608Z" end-time="2025-08-16T17:43:24.8346608Z" duration="0.003215" asserts="20" />
      </test-suite>
      <test-suite type="TestFixture" id="1-1176" name="SpecFloatingPoints" fullname="Kaitai.SpecFloatingPoints" classname="Kaitai.SpecFloatingPoints" runstate="Runnable" testcasecount="1" result="Passed" start-time="2025-08-16T17:43:24.8346608Z" end-time="2025-08-16T17:43:24.8346608Z" duration="0.001045" total="1" passed="1" failed="0" warnings="0" inconclusive="0" skipped="0" asserts="8">
        <test-case id="1-1177" name="TestFloatingPoints" fullname="Kaitai.SpecFloatingPoints.TestFloatingPoints" methodname="TestFloatingPoints" classname="Kaitai.SpecFloatingPoints" runstate="Runnable" seed="1599073723" result="Passed" start-time="2025-08-16T17:43:24.8346608Z" end-time="2025-08-16T17:43:24.8346608Z" duration="0.000951" asserts="8" />
      </test-suite>
      <test-suite type="TestFixture" id="1-1174" name="SpecFloatToI" fullname="Kaitai.SpecFloatToI" classname="Kaitai.SpecFloatToI" runstate="Runnable" testcasecount="1" result="Passed" start-time="2025-08-16T17:43:24.8346608Z" end-time="2025-08-16T17:43:24.8346608Z" duration="0.001590" total="1" passed="1" failed="0" warnings="0" inconclusive="0" skipped="0" asserts="8">
        <test-case id="1-1175" name="TestFloatToI" fullname="Kaitai.SpecFloatToI.TestFloatToI" methodname="TestFloatToI" classname="Kaitai.SpecFloatToI" runstate="Runnable" seed="1350021364" result="Passed" start-time="2025-08-16T17:43:24.8346608Z" end-time="2025-08-16T17:43:24.8346608Z" duration="0.001499" asserts="8" />
      </test-suite>
      <test-suite type="TestFixture" id="1-1178" name="SpecHelloWorld" fullname="Kaitai.SpecHelloWorld" classname="Kaitai.SpecHelloWorld" runstate="Runnable" testcasecount="1" result="Passed" start-time="2025-08-16T17:43:24.8346608Z" end-time="2025-08-16T17:43:24.8346608Z" duration="0.000481" total="1" passed="1" failed="0" warnings="0" inconclusive="0" skipped="0" asserts="1">
        <test-case id="1-1179" name="TestHelloWorld" fullname="Kaitai.SpecHelloWorld.TestHelloWorld" methodname="TestHelloWorld" classname="Kaitai.SpecHelloWorld" runstate="Runnable" seed="1091817007" result="Passed" start-time="2025-08-16T17:43:24.8346608Z" end-time="2025-08-16T17:43:24.8346608Z" duration="0.000390" asserts="1" />
      </test-suite>
      <test-suite type="TestFixture" id="1-1180" name="SpecIfInstances" fullname="Kaitai.SpecIfInstances" classname="Kaitai.SpecIfInstances" runstate="Runnable" testcasecount="1" result="Passed" start-time="2025-08-16T17:43:24.8346608Z" end-time="2025-08-16T17:43:24.8346608Z" duration="0.000431" total="1" passed="1" failed="0" warnings="0" inconclusive="0" skipped="0" asserts="1">
        <test-case id="1-1181" name="TestIfInstances" fullname="Kaitai.SpecIfInstances.TestIfInstances" methodname="TestIfInstances" classname="Kaitai.SpecIfInstances" runstate="Runnable" seed="971547835" result="Passed" start-time="2025-08-16T17:43:24.8346608Z" end-time="2025-08-16T17:43:24.8346608Z" duration="0.000342" asserts="1" />
      </test-suite>
      <test-suite type="TestFixture" id="1-1182" name="SpecIfStruct" fullname="Kaitai.SpecIfStruct" classname="Kaitai.SpecIfStruct" runstate="Runnable" testcasecount="1" result="Passed" start-time="2025-08-16T17:43:24.8346608Z" end-time="2025-08-16T17:43:24.8502832Z" duration="0.001593" total="1" passed="1" failed="0" warnings="0" inconclusive="0" skipped="0" asserts="10">
        <test-case id="1-1183" name="TestIfStruct" fullname="Kaitai.SpecIfStruct.TestIfStruct" methodname="TestIfStruct" classname="Kaitai.SpecIfStruct" runstate="Runnable" seed="270266074" result="Passed" start-time="2025-08-16T17:43:24.8346608Z" end-time="2025-08-16T17:43:24.8502832Z" duration="0.001504" asserts="10" />
      </test-suite>
      <test-suite type="TestFixture" id="1-1184" name="SpecIfValues" fullname="Kaitai.SpecIfValues" classname="Kaitai.SpecIfValues" runstate="Runnable" testcasecount="1" result="Passed" start-time="2025-08-16T17:43:24.8502832Z" end-time="2025-08-16T17:43:24.8502832Z" duration="0.001147" total="1" passed="1" failed="0" warnings="0" inconclusive="0" skipped="0" asserts="6">
        <test-case id="1-1185" name="TestIfValues" fullname="Kaitai.SpecIfValues.TestIfValues" methodname="TestIfValues" classname="Kaitai.SpecIfValues" runstate="Runnable" seed="797609343" result="Passed" start-time="2025-08-16T17:43:24.8502832Z" end-time="2025-08-16T17:43:24.8502832Z" duration="0.001054" asserts="6" />
      </test-suite>
      <test-suite type="TestFixture" id="1-1186" name="SpecImports0" fullname="Kaitai.SpecImports0" classname="Kaitai.SpecImports0" runstate="Runnable" testcasecount="1" result="Passed" start-time="2025-08-16T17:43:24.8502832Z" end-time="2025-08-16T17:43:24.8502832Z" duration="0.000696" total="1" passed="1" failed="0" warnings="0" inconclusive="0" skipped="0" asserts="3">
        <test-case id="1-1187" name="TestImports0" fullname="Kaitai.SpecImports0.TestImports0" methodname="TestImports0" classname="Kaitai.SpecImports0" runstate="Runnable" seed="1382486063" result="Passed" start-time="2025-08-16T17:43:24.8502832Z" end-time="2025-08-16T17:43:24.8502832Z" duration="0.000603" asserts="3" />
      </test-suite>
      <test-suite type="TestFixture" id="1-1188" name="SpecImportsAbs" fullname="Kaitai.SpecImportsAbs" classname="Kaitai.SpecImportsAbs" runstate="Runnable" testcasecount="1" result="Passed" start-time="2025-08-16T17:43:24.8502832Z" end-time="2025-08-16T17:43:24.8502832Z" duration="0.001845" total="1" passed="1" failed="0" warnings="0" inconclusive="0" skipped="0" asserts="2">
        <test-case id="1-1189" name="TestImportsAbs" fullname="Kaitai.SpecImportsAbs.TestImportsAbs" methodname="TestImportsAbs" classname="Kaitai.SpecImportsAbs" runstate="Runnable" seed="175843525" result="Passed" start-time="2025-08-16T17:43:24.8502832Z" end-time="2025-08-16T17:43:24.8502832Z" duration="0.001752" asserts="2" />
      </test-suite>
      <test-suite type="TestFixture" id="1-1190" name="SpecImportsAbsAbs" fullname="Kaitai.SpecImportsAbsAbs" classname="Kaitai.SpecImportsAbsAbs" runstate="Runnable" testcasecount="1" result="Passed" start-time="2025-08-16T17:43:24.8502832Z" end-time="2025-08-16T17:43:24.8502832Z" duration="0.000923" total="1" passed="1" failed="0" warnings="0" inconclusive="0" skipped="0" asserts="3">
        <test-case id="1-1191" name="TestImportsAbsAbs" fullname="Kaitai.SpecImportsAbsAbs.TestImportsAbsAbs" methodname="TestImportsAbsAbs" classname="Kaitai.SpecImportsAbsAbs" runstate="Runnable" seed="1152181818" result="Passed" start-time="2025-08-16T17:43:24.8502832Z" end-time="2025-08-16T17:43:24.8502832Z" duration="0.000826" asserts="3" />
      </test-suite>
      <test-suite type="TestFixture" id="1-1192" name="SpecImportsAbsRel" fullname="Kaitai.SpecImportsAbsRel" classname="Kaitai.SpecImportsAbsRel" runstate="Runnable" testcasecount="1" result="Passed" start-time="2025-08-16T17:43:24.8502832Z" end-time="2025-08-16T17:43:24.8502832Z" duration="0.000762" total="1" passed="1" failed="0" warnings="0" inconclusive="0" skipped="0" asserts="3">
        <test-case id="1-1193" name="TestImportsAbsRel" fullname="Kaitai.SpecImportsAbsRel.TestImportsAbsRel" methodname="TestImportsAbsRel" classname="Kaitai.SpecImportsAbsRel" runstate="Runnable" seed="113453083" result="Passed" start-time="2025-08-16T17:43:24.8502832Z" end-time="2025-08-16T17:43:24.8502832Z" duration="0.000669" asserts="3" />
      </test-suite>
      <test-suite type="TestFixture" id="1-1194" name="SpecImportsCastToImported" fullname="Kaitai.SpecImportsCastToImported" classname="Kaitai.SpecImportsCastToImported" runstate="Runnable" testcasecount="1" result="Passed" start-time="2025-08-16T17:43:24.8502832Z" end-time="2025-08-16T17:43:24.8502832Z" duration="0.000790" total="1" passed="1" failed="0" warnings="0" inconclusive="0" skipped="0" asserts="2">
        <test-case id="1-1195" name="TestImportsCastToImported" fullname="Kaitai.SpecImportsCastToImported.TestImportsCastToImported" methodname="TestImportsCastToImported" classname="Kaitai.SpecImportsCastToImported" runstate="Runnable" seed="1203845755" result="Passed" start-time="2025-08-16T17:43:24.8502832Z" end-time="2025-08-16T17:43:24.8502832Z" duration="0.000699" asserts="2" />
      </test-suite>
      <test-suite type="TestFixture" id="1-1196" name="SpecImportsCastToImported2" fullname="Kaitai.SpecImportsCastToImported2" classname="Kaitai.SpecImportsCastToImported2" runstate="Runnable" testcasecount="1" result="Passed" start-time="2025-08-16T17:43:24.8502832Z" end-time="2025-08-16T17:43:24.8502832Z" duration="0.000757" total="1" passed="1" failed="0" warnings="0" inconclusive="0" skipped="0" asserts="2">
        <test-case id="1-1197" name="TestImportsCastToImported2" fullname="Kaitai.SpecImportsCastToImported2.TestImportsCastToImported2" methodname="TestImportsCastToImported2" classname="Kaitai.SpecImportsCastToImported2" runstate="Runnable" seed="2015163615" result="Passed" start-time="2025-08-16T17:43:24.8502832Z" end-time="2025-08-16T17:43:24.8502832Z" duration="0.000664" asserts="2" />
      </test-suite>
      <test-suite type="TestFixture" id="1-1198" name="SpecImportsCircularA" fullname="Kaitai.SpecImportsCircularA" classname="Kaitai.SpecImportsCircularA" runstate="Runnable" testcasecount="1" result="Passed" start-time="2025-08-16T17:43:24.8502832Z" end-time="2025-08-16T17:43:24.8502832Z" duration="0.000849" total="1" passed="1" failed="0" warnings="0" inconclusive="0" skipped="0" asserts="5">
        <test-case id="1-1199" name="TestImportsCircularA" fullname="Kaitai.SpecImportsCircularA.TestImportsCircularA" methodname="TestImportsCircularA" classname="Kaitai.SpecImportsCircularA" runstate="Runnable" seed="1340565843" result="Passed" start-time="2025-08-16T17:43:24.8502832Z" end-time="2025-08-16T17:43:24.8502832Z" duration="0.000758" asserts="5" />
      </test-suite>
[...]
      </test-suite>
      <test-suite type="TestFixture" id="1-1462" name="SpecValidFailEqInt" fullname="Kaitai.SpecValidFailEqInt" classname="Kaitai.SpecValidFailEqInt" runstate="Runnable" testcasecount="1" result="Passed" start-time="2025-08-16T17:43:25.0066150Z" end-time="2025-08-16T17:43:25.0066150Z" duration="0.000797" total="1" passed="1" failed="0" warnings="0" inconclusive="0" skipped="0" asserts="1">
        <test-case id="1-1463" name="TestValidFailEqInt" fullname="Kaitai.SpecValidFailEqInt.TestValidFailEqInt" methodname="TestValidFailEqInt" classname="Kaitai.SpecValidFailEqInt" runstate="Runnable" seed="316688302" result="Passed" start-time="2025-08-16T17:43:25.0066150Z" end-time="2025-08-16T17:43:25.0066150Z" duration="0.000671" asserts="1" />
      </test-suite>
      <test-suite type="TestFixture" id="1-1464" name="SpecValidFailEqStr" fullname="Kaitai.SpecValidFailEqStr" classname="Kaitai.SpecValidFailEqStr" runstate="Runnable" testcasecount="1" result="Passed" start-time="2025-08-16T17:43:25.0066150Z" end-time="2025-08-16T17:43:25.0066150Z" duration="0.000647" total="1" passed="1" failed="0" warnings="0" inconclusive="0" skipped="0" asserts="1">
        <test-case id="1-1465" name="TestValidFailEqStr" fullname="Kaitai.SpecValidFailEqStr.TestValidFailEqStr" methodname="TestValidFailEqStr" classname="Kaitai.SpecValidFailEqStr" runstate="Runnable" seed="390937650" result="Passed" start-time="2025-08-16T17:43:25.0066150Z" end-time="2025-08-16T17:43:25.0066150Z" duration="0.000545" asserts="1" />
      </test-suite>
      <test-suite type="TestFixture" id="1-1466" name="SpecValidFailExpr" fullname="Kaitai.SpecValidFailExpr" classname="Kaitai.SpecValidFailExpr" runstate="Runnable" testcasecount="1" result="Passed" start-time="2025-08-16T17:43:25.0066150Z" end-time="2025-08-16T17:43:25.0066150Z" duration="0.000829" total="1" passed="1" failed="0" warnings="0" inconclusive="0" skipped="0" asserts="1">
        <test-case id="1-1467" name="TestValidFailExpr" fullname="Kaitai.SpecValidFailExpr.TestValidFailExpr" methodname="TestValidFailExpr" classname="Kaitai.SpecValidFailExpr" runstate="Runnable" seed="1992927303" result="Passed" start-time="2025-08-16T17:43:25.0066150Z" end-time="2025-08-16T17:43:25.0066150Z" duration="0.000733" asserts="1" />
      </test-suite>
      <test-suite type="TestFixture" id="1-1468" name="SpecValidFailInEnum" fullname="Kaitai.SpecValidFailInEnum" classname="Kaitai.SpecValidFailInEnum" runstate="Runnable" testcasecount="1" result="Passed" start-time="2025-08-16T17:43:25.0066150Z" end-time="2025-08-16T17:43:25.0066150Z" duration="0.000816" total="1" passed="1" failed="0" warnings="0" inconclusive="0" skipped="0" asserts="1">
        <test-case id="1-1469" name="TestValidFailInEnum" fullname="Kaitai.SpecValidFailInEnum.TestValidFailInEnum" methodname="TestValidFailInEnum" classname="Kaitai.SpecValidFailInEnum" runstate="Runnable" seed="1158954271" result="Passed" start-time="2025-08-16T17:43:25.0066150Z" end-time="2025-08-16T17:43:25.0066150Z" duration="0.000720" asserts="1" />
      </test-suite>
      <test-suite type="TestFixture" id="1-1470" name="SpecValidFailInst" fullname="Kaitai.SpecValidFailInst" classname="Kaitai.SpecValidFailInst" runstate="Runnable" testcasecount="1" result="Passed" start-time="2025-08-16T17:43:25.0066150Z" end-time="2025-08-16T17:43:25.0066150Z" duration="0.000844" total="1" passed="1" failed="0" warnings="0" inconclusive="0" skipped="0" asserts="1">
        <test-case id="1-1471" name="TestValidFailInst" fullname="Kaitai.SpecValidFailInst.TestValidFailInst" methodname="TestValidFailInst" classname="Kaitai.SpecValidFailInst" runstate="Runnable" seed="2021170078" result="Passed" start-time="2025-08-16T17:43:25.0066150Z" end-time="2025-08-16T17:43:25.0066150Z" duration="0.000739" asserts="1" />
      </test-suite>
      <test-suite type="TestFixture" id="1-1472" name="SpecValidFailMaxInt" fullname="Kaitai.SpecValidFailMaxInt" classname="Kaitai.SpecValidFailMaxInt" runstate="Runnable" testcasecount="1" result="Passed" start-time="2025-08-16T17:43:25.0066150Z" end-time="2025-08-16T17:43:25.0222453Z" duration="0.000904" total="1" passed="1" failed="0" warnings="0" inconclusive="0" skipped="0" asserts="1">
        <test-case id="1-1473" name="TestValidFailMaxInt" fullname="Kaitai.SpecValidFailMaxInt.TestValidFailMaxInt" methodname="TestValidFailMaxInt" classname="Kaitai.SpecValidFailMaxInt" runstate="Runnable" seed="1579231034" result="Passed" start-time="2025-08-16T17:43:25.0066150Z" end-time="2025-08-16T17:43:25.0222453Z" duration="0.000801" asserts="1" />
      </test-suite>
      <test-suite type="TestFixture" id="1-1474" name="SpecValidFailMinInt" fullname="Kaitai.SpecValidFailMinInt" classname="Kaitai.SpecValidFailMinInt" runstate="Runnable" testcasecount="1" result="Passed" start-time="2025-08-16T17:43:25.0222453Z" end-time="2025-08-16T17:43:25.0222453Z" duration="0.000820" total="1" passed="1" failed="0" warnings="0" inconclusive="0" skipped="0" asserts="1">
        <test-case id="1-1475" name="TestValidFailMinInt" fullname="Kaitai.SpecValidFailMinInt.TestValidFailMinInt" methodname="TestValidFailMinInt" classname="Kaitai.SpecValidFailMinInt" runstate="Runnable" seed="1769013226" result="Passed" start-time="2025-08-16T17:43:25.0222453Z" end-time="2025-08-16T17:43:25.0222453Z" duration="0.000718" asserts="1" />
      </test-suite>
      <test-suite type="TestFixture" id="1-1476" name="SpecValidFailRangeBytes" fullname="Kaitai.SpecValidFailRangeBytes" classname="Kaitai.SpecValidFailRangeBytes" runstate="Runnable" testcasecount="1" result="Passed" start-time="2025-08-16T17:43:25.0222453Z" end-time="2025-08-16T17:43:25.0222453Z" duration="0.001903" total="1" passed="1" failed="0" warnings="0" inconclusive="0" skipped="0" asserts="1">
        <test-case id="1-1477" name="TestValidFailRangeBytes" fullname="Kaitai.SpecValidFailRangeBytes.TestValidFailRangeBytes" methodname="TestValidFailRangeBytes" classname="Kaitai.SpecValidFailRangeBytes" runstate="Runnable" seed="77435402" result="Passed" start-time="2025-08-16T17:43:25.0222453Z" end-time="2025-08-16T17:43:25.0222453Z" duration="0.001797" asserts="1" />
      </test-suite>
      <test-suite type="TestFixture" id="1-1478" name="SpecValidFailRangeFloat" fullname="Kaitai.SpecValidFailRangeFloat" classname="Kaitai.SpecValidFailRangeFloat" runstate="Runnable" testcasecount="1" result="Passed" start-time="2025-08-16T17:43:25.0222453Z" end-time="2025-08-16T17:43:25.0222453Z" duration="0.000780" total="1" passed="1" failed="0" warnings="0" inconclusive="0" skipped="0" asserts="1">
        <test-case id="1-1479" name="TestValidFailRangeFloat" fullname="Kaitai.SpecValidFailRangeFloat.TestValidFailRangeFloat" methodname="TestValidFailRangeFloat" classname="Kaitai.SpecValidFailRangeFloat" runstate="Runnable" seed="1398770907" result="Passed" start-time="2025-08-16T17:43:25.0222453Z" end-time="2025-08-16T17:43:25.0222453Z" duration="0.000680" asserts="1" />
      </test-suite>
      <test-suite type="TestFixture" id="1-1480" name="SpecValidFailRangeInt" fullname="Kaitai.SpecValidFailRangeInt" classname="Kaitai.SpecValidFailRangeInt" runstate="Runnable" testcasecount="1" result="Passed" start-time="2025-08-16T17:43:25.0222453Z" end-time="2025-08-16T17:43:25.0222453Z" duration="0.000655" total="1" passed="1" failed="0" warnings="0" inconclusive="0" skipped="0" asserts="1">
        <test-case id="1-1481" name="TestValidFailRangeInt" fullname="Kaitai.SpecValidFailRangeInt.TestValidFailRangeInt" methodname="TestValidFailRangeInt" classname="Kaitai.SpecValidFailRangeInt" runstate="Runnable" seed="864575868" result="Passed" start-time="2025-08-16T17:43:25.0222453Z" end-time="2025-08-16T17:43:25.0222453Z" duration="0.000559" asserts="1" />
      </test-suite>
      <test-suite type="TestFixture" id="1-1482" name="SpecValidFailRangeStr" fullname="Kaitai.SpecValidFailRangeStr" classname="Kaitai.SpecValidFailRangeStr" runstate="Runnable" testcasecount="1" result="Passed" start-time="2025-08-16T17:43:25.0222453Z" end-time="2025-08-16T17:43:25.0222453Z" duration="0.000674" total="1" passed="1" failed="0" warnings="0" inconclusive="0" skipped="0" asserts="1">
        <test-case id="1-1483" name="TestValidFailRangeStr" fullname="Kaitai.SpecValidFailRangeStr.TestValidFailRangeStr" methodname="TestValidFailRangeStr" classname="Kaitai.SpecValidFailRangeStr" runstate="Runnable" seed="968640677" result="Passed" start-time="2025-08-16T17:43:25.0222453Z" end-time="2025-08-16T17:43:25.0222453Z" duration="0.000578" asserts="1" />
      </test-suite>
      <test-suite type="TestFixture" id="1-1484" name="SpecValidFailRepeatAnyofInt" fullname="Kaitai.SpecValidFailRepeatAnyofInt" classname="Kaitai.SpecValidFailRepeatAnyofInt" runstate="Runnable" testcasecount="1" result="Passed" start-time="2025-08-16T17:43:25.0222453Z" end-time="2025-08-16T17:43:25.0222453Z" duration="0.000733" total="1" passed="1" failed="0" warnings="0" inconclusive="0" skipped="0" asserts="1">
        <test-case id="1-1485" name="TestValidFailRepeatAnyofInt" fullname="Kaitai.SpecValidFailRepeatAnyofInt.TestValidFailRepeatAnyofInt" methodname="TestValidFailRepeatAnyofInt" classname="Kaitai.SpecValidFailRepeatAnyofInt" runstate="Runnable" seed="1697484998" result="Passed" start-time="2025-08-16T17:43:25.0222453Z" end-time="2025-08-16T17:43:25.0222453Z" duration="0.000627" asserts="1" />
      </test-suite>
      <test-suite type="TestFixture" id="1-1486" name="SpecValidFailRepeatContents" fullname="Kaitai.SpecValidFailRepeatContents" classname="Kaitai.SpecValidFailRepeatContents" runstate="Runnable" testcasecount="1" result="Passed" start-time="2025-08-16T17:43:25.0222453Z" end-time="2025-08-16T17:43:25.0222453Z" duration="0.000818" total="1" passed="1" failed="0" warnings="0" inconclusive="0" skipped="0" asserts="1">
        <test-case id="1-1487" name="TestValidFailRepeatContents" fullname="Kaitai.SpecValidFailRepeatContents.TestValidFailRepeatContents" methodname="TestValidFailRepeatContents" classname="Kaitai.SpecValidFailRepeatContents" runstate="Runnable" seed="1620385601" result="Passed" start-time="2025-08-16T17:43:25.0222453Z" end-time="2025-08-16T17:43:25.0222453Z" duration="0.000720" asserts="1" />
      </test-suite>
      <test-suite type="TestFixture" id="1-1488" name="SpecValidFailRepeatEqInt" fullname="Kaitai.SpecValidFailRepeatEqInt" classname="Kaitai.SpecValidFailRepeatEqInt" runstate="Runnable" testcasecount="1" result="Passed" start-time="2025-08-16T17:43:25.0222453Z" end-time="2025-08-16T17:43:25.0222453Z" duration="0.000717" total="1" passed="1" failed="0" warnings="0" inconclusive="0" skipped="0" asserts="1">
        <test-case id="1-1489" name="TestValidFailRepeatEqInt" fullname="Kaitai.SpecValidFailRepeatEqInt.TestValidFailRepeatEqInt" methodname="TestValidFailRepeatEqInt" classname="Kaitai.SpecValidFailRepeatEqInt" runstate="Runnable" seed="747594137" result="Passed" start-time="2025-08-16T17:43:25.0222453Z" end-time="2025-08-16T17:43:25.0222453Z" duration="0.000621" asserts="1" />
      </test-suite>
      <test-suite type="TestFixture" id="1-1490" name="SpecValidFailRepeatExpr" fullname="Kaitai.SpecValidFailRepeatExpr" classname="Kaitai.SpecValidFailRepeatExpr" runstate="Runnable" testcasecount="1" result="Passed" start-time="2025-08-16T17:43:25.0222453Z" end-time="2025-08-16T17:43:25.0222453Z" duration="0.000702" total="1" passed="1" failed="0" warnings="0" inconclusive="0" skipped="0" asserts="1">
        <test-case id="1-1491" name="TestValidFailRepeatExpr" fullname="Kaitai.SpecValidFailRepeatExpr.TestValidFailRepeatExpr" methodname="TestValidFailRepeatExpr" classname="Kaitai.SpecValidFailRepeatExpr" runstate="Runnable" seed="1440251273" result="Passed" start-time="2025-08-16T17:43:25.0222453Z" end-time="2025-08-16T17:43:25.0222453Z" duration="0.000603" asserts="1" />
      </test-suite>
      <test-suite type="TestFixture" id="1-1492" name="SpecValidFailRepeatInst" fullname="Kaitai.SpecValidFailRepeatInst" classname="Kaitai.SpecValidFailRepeatInst" runstate="Runnable" testcasecount="1" result="Passed" start-time="2025-08-16T17:43:25.0222453Z" end-time="2025-08-16T17:43:25.0222453Z" duration="0.000820" total="1" passed="1" failed="0" warnings="0" inconclusive="0" skipped="0" asserts="1">
        <test-case id="1-1493" name="TestValidFailRepeatInst" fullname="Kaitai.SpecValidFailRepeatInst.TestValidFailRepeatInst" methodname="TestValidFailRepeatInst" classname="Kaitai.SpecValidFailRepeatInst" runstate="Runnable" seed="1245818385" result="Passed" start-time="2025-08-16T17:43:25.0222453Z" end-time="2025-08-16T17:43:25.0222453Z" duration="0.000725" asserts="1" />
      </test-suite>
      <test-suite type="TestFixture" id="1-1494" name="SpecValidFailRepeatMaxInt" fullname="Kaitai.SpecValidFailRepeatMaxInt" classname="Kaitai.SpecValidFailRepeatMaxInt" runstate="Runnable" testcasecount="1" result="Passed" start-time="2025-08-16T17:43:25.0222453Z" end-time="2025-08-16T17:43:25.0222453Z" duration="0.000682" total="1" passed="1" failed="0" warnings="0" inconclusive="0" skipped="0" asserts="1">
        <test-case id="1-1495" name="TestValidFailRepeatMaxInt" fullname="Kaitai.SpecValidFailRepeatMaxInt.TestValidFailRepeatMaxInt" methodname="TestValidFailRepeatMaxInt" classname="Kaitai.SpecValidFailRepeatMaxInt" runstate="Runnable" seed="2098775236" result="Passed" start-time="2025-08-16T17:43:25.0222453Z" end-time="2025-08-16T17:43:25.0222453Z" duration="0.000585" asserts="1" />
      </test-suite>
      <test-suite type="TestFixture" id="1-1496" name="SpecValidFailRepeatMinInt" fullname="Kaitai.SpecValidFailRepeatMinInt" classname="Kaitai.SpecValidFailRepeatMinInt" runstate="Runnable" testcasecount="1" result="Passed" start-time="2025-08-16T17:43:25.0222453Z" end-time="2025-08-16T17:43:25.0378652Z" duration="0.015427" total="1" passed="1" failed="0" warnings="0" inconclusive="0" skipped="0" asserts="1">
        <test-case id="1-1497" name="TestValidFailRepeatMinInt" fullname="Kaitai.SpecValidFailRepeatMinInt.TestValidFailRepeatMinInt" methodname="TestValidFailRepeatMinInt" classname="Kaitai.SpecValidFailRepeatMinInt" runstate="Runnable" seed="717628122" result="Passed" start-time="2025-08-16T17:43:25.0222453Z" end-time="2025-08-16T17:43:25.0378652Z" duration="0.015326" asserts="1" />
      </test-suite>
      <test-suite type="TestFixture" id="1-1498" name="SpecValidLong" fullname="Kaitai.SpecValidLong" classname="Kaitai.SpecValidLong" runstate="Runnable" testcasecount="1" result="Passed" start-time="2025-08-16T17:43:25.0378652Z" end-time="2025-08-16T17:43:25.0378652Z" duration="0.001343" total="1" passed="1" failed="0" warnings="0" inconclusive="0" skipped="0" asserts="0">
        <test-case id="1-1499" name="TestValidLong" fullname="Kaitai.SpecValidLong.TestValidLong" methodname="TestValidLong" classname="Kaitai.SpecValidLong" runstate="Runnable" seed="898559923" result="Passed" start-time="2025-08-16T17:43:25.0378652Z" end-time="2025-08-16T17:43:25.0378652Z" duration="0.001223" asserts="0" />
      </test-suite>
      <test-suite type="TestFixture" id="1-1500" name="SpecValidNotParsedIf" fullname="Kaitai.SpecValidNotParsedIf" classname="Kaitai.SpecValidNotParsedIf" runstate="Runnable" testcasecount="1" result="Passed" start-time="2025-08-16T17:43:25.0378652Z" end-time="2025-08-16T17:43:25.0378652Z" duration="0.000612" total="1" passed="1" failed="0" warnings="0" inconclusive="0" skipped="0" asserts="0">
        <test-case id="1-1501" name="TestValidNotParsedIf" fullname="Kaitai.SpecValidNotParsedIf.TestValidNotParsedIf" methodname="TestValidNotParsedIf" classname="Kaitai.SpecValidNotParsedIf" runstate="Runnable" seed="1854687611" result="Passed" start-time="2025-08-16T17:43:25.0378652Z" end-time="2025-08-16T17:43:25.0378652Z" duration="0.000514" asserts="0" />
      </test-suite>
      <test-suite type="TestFixture" id="1-1502" name="SpecValidOptionalId" fullname="Kaitai.SpecValidOptionalId" classname="Kaitai.SpecValidOptionalId" runstate="Runnable" testcasecount="1" result="Passed" start-time="2025-08-16T17:43:25.0378652Z" end-time="2025-08-16T17:43:25.0378652Z" duration="0.000674" total="1" passed="1" failed="0" warnings="0" inconclusive="0" skipped="0" asserts="0">
        <test-case id="1-1503" name="TestValidOptionalId" fullname="Kaitai.SpecValidOptionalId.TestValidOptionalId" methodname="TestValidOptionalId" classname="Kaitai.SpecValidOptionalId" runstate="Runnable" seed="1827855359" result="Passed" start-time="2025-08-16T17:43:25.0378652Z" end-time="2025-08-16T17:43:25.0378652Z" duration="0.000576" asserts="0" />
      </test-suite>
      <test-suite type="TestFixture" id="1-1504" name="SpecValidShort" fullname="Kaitai.SpecValidShort" classname="Kaitai.SpecValidShort" runstate="Runnable" testcasecount="1" result="Passed" start-time="2025-08-16T17:43:25.0378652Z" end-time="2025-08-16T17:43:25.0378652Z" duration="0.001257" total="1" passed="1" failed="0" warnings="0" inconclusive="0" skipped="0" asserts="0">
        <test-case id="1-1505" name="TestValidShort" fullname="Kaitai.SpecValidShort.TestValidShort" methodname="TestValidShort" classname="Kaitai.SpecValidShort" runstate="Runnable" seed="1887969596" result="Passed" start-time="2025-08-16T17:43:25.0378652Z" end-time="2025-08-16T17:43:25.0378652Z" duration="0.001158" asserts="0" />
      </test-suite>
      <test-suite type="TestFixture" id="1-1506" name="SpecValidSwitch" fullname="Kaitai.SpecValidSwitch" classname="Kaitai.SpecValidSwitch" runstate="Runnable" testcasecount="1" result="Passed" start-time="2025-08-16T17:43:25.0378652Z" end-time="2025-08-16T17:43:25.0378652Z" duration="0.000617" total="1" passed="1" failed="0" warnings="0" inconclusive="0" skipped="0" asserts="0">
        <test-case id="1-1507" name="TestValidSwitch" fullname="Kaitai.SpecValidSwitch.TestValidSwitch" methodname="TestValidSwitch" classname="Kaitai.SpecValidSwitch" runstate="Runnable" seed="1759767096" result="Passed" start-time="2025-08-16T17:43:25.0378652Z" end-time="2025-08-16T17:43:25.0378652Z" duration="0.000513" asserts="0" />
      </test-suite>
      <test-suite type="TestFixture" id="1-1508" name="SpecZlibSurrounded" fullname="Kaitai.SpecZlibSurrounded" classname="Kaitai.SpecZlibSurrounded" runstate="Runnable" testcasecount="1" result="Passed" start-time="2025-08-16T17:43:25.0378652Z" end-time="2025-08-16T17:43:25.0534898Z" duration="0.014354" total="1" passed="1" failed="0" warnings="0" inconclusive="0" skipped="0" asserts="1">
        <test-case id="1-1509" name="TestZlibSurrounded" fullname="Kaitai.SpecZlibSurrounded.TestZlibSurrounded" methodname="TestZlibSurrounded" classname="Kaitai.SpecZlibSurrounded" runstate="Runnable" seed="1735332268" result="Passed" start-time="2025-08-16T17:43:25.0378652Z" end-time="2025-08-16T17:43:25.0534898Z" duration="0.014260" asserts="1" />
      </test-suite>
      <test-suite type="TestFixture" id="1-1510" name="SpecZlibWithHeader78" fullname="Kaitai.SpecZlibWithHeader78" classname="Kaitai.SpecZlibWithHeader78" runstate="Runnable" testcasecount="1" result="Passed" start-time="2025-08-16T17:43:25.0534898Z" end-time="2025-08-16T17:43:25.0534898Z" duration="0.000621" total="1" passed="1" failed="0" warnings="0" inconclusive="0" skipped="0" asserts="1">
        <test-case id="1-1511" name="TestZlibWithHeader78" fullname="Kaitai.SpecZlibWithHeader78.TestZlibWithHeader78" methodname="TestZlibWithHeader78" classname="Kaitai.SpecZlibWithHeader78" runstate="Runnable" seed="221056781" result="Passed" start-time="2025-08-16T17:43:25.0534898Z" end-time="2025-08-16T17:43:25.0534898Z" duration="0.000521" asserts="1" />
      </test-suite>
    </test-suite>
  </test-suite>
</test-run>