<?xml version="1.0" encoding="utf-8" standalone="no"?>
<test-run id="2" testcasecount="219" result="Failed" total="219" passed="217" failed="2" inconclusive="0" skipped="0" asserts="977" engine-version="3.4.1.0" clr-version="4.0.30319.42000" start-time="2023-07-28 21:32:14Z" end-time="2023-07-28 21:32:29Z" duration="14.767115">
  <command-line><![CDATA[C:\Users\runneradmin\.nuget\packages\nunit.consolerunner\3.4.1\tools\nunit3-console.exe --result=test_out/csharp/TestResult.xml spec/csharp/kaitai_struct_csharp_tests_netframework/bin/Debug/kaitai_struct_csharp_tests.dll]]></command-line>
  <test-suite type="Assembly" id="0-1438" name="kaitai_struct_csharp_tests.dll" fullname="D:\a\ci_targets\ci_targets\tests\spec\csharp\kaitai_struct_csharp_tests_netframework\bin\Debug\kaitai_struct_csharp_tests.dll" runstate="Runnable" testcasecount="219" result="Failed" site="Child" start-time="2023-07-28 21:32:15Z" end-time="2023-07-28 21:32:29Z" duration="13.978780" total="219" passed="217" failed="2" inconclusive="0" skipped="0" asserts="977">
    <environment framework-version="3.4.1.0" clr-version="4.0.30319.42000" os-version="Microsoft Windows NT 10.0.20348.0" platform="Win32NT" cwd="D:\a\ci_targets\ci_targets\tests" machine-name="fv-az282-537" user="runneradmin" user-domain="fv-az282-537" culture="en-US" uiculture="en-US" os-architecture="x64" />
    <settings>
      <setting name="WorkDirectory" value="D:\a\ci_targets\ci_targets\tests" />
      <setting name="ImageRuntimeVersion" value="4.0.30319" />
      <setting name="ImageTargetFrameworkName" value=".NETFramework,Version=v4.8" />
      <setting name="ImageRequiresX86" value="False" />
      <setting name="ImageRequiresDefaultAppDomainAssemblyResolver" value="False" />
      <setting name="NumberOfTestWorkers" value="2" />
    </settings>
    <properties>
      <property name="_PID" value="1076" />
      <property name="_APPDOMAIN" value="test-domain-" />
    </properties>
    <failure>
      <message><![CDATA[One or more child tests had errors]]></message>
    </failure>
    <test-suite type="TestSuite" id="0-1439" name="Kaitai" fullname="Kaitai" runstate="Runnable" testcasecount="219" result="Failed" site="Child" start-time="2023-07-28 21:32:15Z" end-time="2023-07-28 21:32:29Z" duration="13.932268" total="219" passed="217" failed="2" inconclusive="0" skipped="0" asserts="977">
      <failure>
        <message><![CDATA[One or more child tests had errors]]></message>
      </failure>
      <test-suite type="TestFixture" id="0-1000" name="SpecBcdUserTypeBe" fullname="Kaitai.SpecBcdUserTypeBe" classname="Kaitai.SpecBcdUserTypeBe" runstate="Runnable" testcasecount="1" result="Passed" start-time="2023-07-28 21:32:15Z" end-time="2023-07-28 21:32:15Z" duration="0.081772" total="1" passed="1" failed="0" inconclusive="0" skipped="0" asserts="6">
        <test-case id="0-1001" name="TestBcdUserTypeBe" fullname="Kaitai.SpecBcdUserTypeBe.TestBcdUserTypeBe" methodname="TestBcdUserTypeBe" classname="Kaitai.SpecBcdUserTypeBe" runstate="Runnable" seed="1320601877" result="Passed" start-time="2023-07-28 21:32:15Z" end-time="2023-07-28 21:32:15Z" duration="0.054718" asserts="6" />
      </test-suite>
      <test-suite type="TestFixture" id="0-1002" name="SpecBcdUserTypeLe" fullname="Kaitai.SpecBcdUserTypeLe" classname="Kaitai.SpecBcdUserTypeLe" runstate="Runnable" testcasecount="1" result="Passed" start-time="2023-07-28 21:32:15Z" end-time="2023-07-28 21:32:15Z" duration="0.031260" total="1" passed="1" failed="0" inconclusive="0" skipped="0" asserts="6">
        <test-case id="0-1003" name="TestBcdUserTypeLe" fullname="Kaitai.SpecBcdUserTypeLe.TestBcdUserTypeLe" methodname="TestBcdUserTypeLe" classname="Kaitai.SpecBcdUserTypeLe" runstate="Runnable" seed="834548300" result="Passed" start-time="2023-07-28 21:32:15Z" end-time="2023-07-28 21:32:15Z" duration="0.005427" asserts="6" />
      </test-suite>
      <test-suite type="TestFixture" id="0-1004" name="SpecBitsByteAligned" fullname="Kaitai.SpecBitsByteAligned" classname="Kaitai.SpecBitsByteAligned" runstate="Runnable" testcasecount="1" result="Passed" start-time="2023-07-28 21:32:15Z" end-time="2023-07-28 21:32:15Z" duration="0.031281" total="1" passed="1" failed="0" inconclusive="0" skipped="0" asserts="9">
        <test-case id="0-1005" name="TestBitsByteAligned" fullname="Kaitai.SpecBitsByteAligned.TestBitsByteAligned" methodname="TestBitsByteAligned" classname="Kaitai.SpecBitsByteAligned" runstate="Runnable" seed="222245606" result="Passed" start-time="2023-07-28 21:32:15Z" end-time="2023-07-28 21:32:15Z" duration="0.005367" asserts="9" />
      </test-suite>
      <test-suite type="TestFixture" id="0-1006" name="SpecBitsEnum" fullname="Kaitai.SpecBitsEnum" classname="Kaitai.SpecBitsEnum" runstate="Runnable" testcasecount="1" result="Passed" start-time="2023-07-28 21:32:15Z" end-time="2023-07-28 21:32:15Z" duration="0.031098" total="1" passed="1" failed="0" inconclusive="0" skipped="0" asserts="3">
        <test-case id="0-1007" name="TestBitsEnum" fullname="Kaitai.SpecBitsEnum.TestBitsEnum" methodname="TestBitsEnum" classname="Kaitai.SpecBitsEnum" runstate="Runnable" seed="1491520539" result="Passed" start-time="2023-07-28 21:32:15Z" end-time="2023-07-28 21:32:15Z" duration="0.001000" asserts="3" />
      </test-suite>
      <test-suite type="TestFixture" id="0-1008" name="SpecBitsSeqEndianCombo" fullname="Kaitai.SpecBitsSeqEndianCombo" classname="Kaitai.SpecBitsSeqEndianCombo" runstate="Runnable" testcasecount="1" result="Passed" start-time="2023-07-28 21:32:15Z" end-time="2023-07-28 21:32:15Z" duration="0.031120" total="1" passed="1" failed="0" inconclusive="0" skipped="0" asserts="8">
        <test-case id="0-1009" name="TestBitsSeqEndianCombo" fullname="Kaitai.SpecBitsSeqEndianCombo.TestBitsSeqEndianCombo" methodname="TestBitsSeqEndianCombo" classname="Kaitai.SpecBitsSeqEndianCombo" runstate="Runnable" seed="134209620" result="Passed" start-time="2023-07-28 21:32:15Z" end-time="2023-07-28 21:32:15Z" duration="0.006394" asserts="8" />
      </test-suite>
      <test-suite type="TestFixture" id="0-1010" name="SpecBitsShiftByB32Le" fullname="Kaitai.SpecBitsShiftByB32Le" classname="Kaitai.SpecBitsShiftByB32Le" runstate="Runnable" testcasecount="1" result="Passed" start-time="2023-07-28 21:32:15Z" end-time="2023-07-28 21:32:15Z" duration="0.031110" total="1" passed="1" failed="0" inconclusive="0" skipped="0" asserts="2">
        <test-case id="0-1011" name="TestBitsShiftByB32Le" fullname="Kaitai.SpecBitsShiftByB32Le.TestBitsShiftByB32Le" methodname="TestBitsShiftByB32Le" classname="Kaitai.SpecBitsShiftByB32Le" runstate="Runnable" seed="196897523" result="Passed" start-time="2023-07-28 21:32:15Z" end-time="2023-07-28 21:32:15Z" duration="0.000874" asserts="2" />
      </test-suite>
      <test-suite type="TestFixture" id="0-1012" name="SpecBitsShiftByB64Le" fullname="Kaitai.SpecBitsShiftByB64Le" classname="Kaitai.SpecBitsShiftByB64Le" runstate="Runnable" testcasecount="1" result="Passed" start-time="2023-07-28 21:32:15Z" end-time="2023-07-28 21:32:15Z" duration="0.031274" total="1" passed="1" failed="0" inconclusive="0" skipped="0" asserts="2">
        <test-case id="0-1013" name="TestBitsShiftByB64Le" fullname="Kaitai.SpecBitsShiftByB64Le.TestBitsShiftByB64Le" methodname="TestBitsShiftByB64Le" classname="Kaitai.SpecBitsShiftByB64Le" runstate="Runnable" seed="1134331294" result="Passed" start-time="2023-07-28 21:32:15Z" end-time="2023-07-28 21:32:15Z" duration="0.000819" asserts="2" />
      </test-suite>
      <test-suite type="TestFixture" id="0-1014" name="SpecBitsSignedResB32Be" fullname="Kaitai.SpecBitsSignedResB32Be" classname="Kaitai.SpecBitsSignedResB32Be" runstate="Runnable" testcasecount="1" result="Passed" start-time="2023-07-28 21:32:15Z" end-time="2023-07-28 21:32:15Z" duration="0.031371" total="1" passed="1" failed="0" inconclusive="0" skipped="0" asserts="1">
        <test-case id="0-1015" name="TestBitsSignedResB32Be" fullname="Kaitai.SpecBitsSignedResB32Be.TestBitsSignedResB32Be" methodname="TestBitsSignedResB32Be" classname="Kaitai.SpecBitsSignedResB32Be" runstate="Runnable" seed="1485597929" result="Passed" start-time="2023-07-28 21:32:15Z" end-time="2023-07-28 21:32:15Z" duration="0.001127" asserts="1" />
      </test-suite>
      <test-suite type="TestFixture" id="0-1016" name="SpecBitsSignedResB32Le" fullname="Kaitai.SpecBitsSignedResB32Le" classname="Kaitai.SpecBitsSignedResB32Le" runstate="Runnable" testcasecount="1" result="Passed" start-time="2023-07-28 21:32:15Z" end-time="2023-07-28 21:32:16Z" duration="0.031323" total="1" passed="1" failed="0" inconclusive="0" skipped="0" asserts="1">
        <test-case id="0-1017" name="TestBitsSignedResB32Le" fullname="Kaitai.SpecBitsSignedResB32Le.TestBitsSignedResB32Le" methodname="TestBitsSignedResB32Le" classname="Kaitai.SpecBitsSignedResB32Le" runstate="Runnable" seed="323570859" result="Passed" start-time="2023-07-28 21:32:16Z" end-time="2023-07-28 21:32:16Z" duration="0.000800" asserts="1" />
      </test-suite>
      <test-suite type="TestFixture" id="0-1018" name="SpecBitsSignedShiftB32Le" fullname="Kaitai.SpecBitsSignedShiftB32Le" classname="Kaitai.SpecBitsSignedShiftB32Le" runstate="Runnable" testcasecount="1" result="Passed" start-time="2023-07-28 21:32:16Z" end-time="2023-07-28 21:32:16Z" duration="0.031268" total="1" passed="1" failed="0" inconclusive="0" skipped="0" asserts="2">
        <test-case id="0-1019" name="TestBitsSignedShiftB32Le" fullname="Kaitai.SpecBitsSignedShiftB32Le.TestBitsSignedShiftB32Le" methodname="TestBitsSignedShiftB32Le" classname="Kaitai.SpecBitsSignedShiftB32Le" runstate="Runnable" seed="1966166052" result="Passed" start-time="2023-07-28 21:32:16Z" end-time="2023-07-28 21:32:16Z" duration="0.000928" asserts="2" />
      </test-suite>
      <test-suite type="TestFixture" id="0-1020" name="SpecBitsSignedShiftB64Le" fullname="Kaitai.SpecBitsSignedShiftB64Le" classname="Kaitai.SpecBitsSignedShiftB64Le" runstate="Runnable" testcasecount="1" result="Passed" start-time="2023-07-28 21:32:16Z" end-time="2023-07-28 21:32:16Z" duration="0.031203" total="1" passed="1" failed="0" inconclusive="0" skipped="0" asserts="2">
        <test-case id="0-1021" name="TestBitsSignedShiftB64Le" fullname="Kaitai.SpecBitsSignedShiftB64Le.TestBitsSignedShiftB64Le" methodname="TestBitsSignedShiftB64Le" classname="Kaitai.SpecBitsSignedShiftB64Le" runstate="Runnable" seed="234241292" result="Passed" start-time="2023-07-28 21:32:16Z" end-time="2023-07-28 21:32:16Z" duration="0.000957" asserts="2" />
      </test-suite>
      <test-suite type="TestFixture" id="0-1022" name="SpecBitsSimple" fullname="Kaitai.SpecBitsSimple" classname="Kaitai.SpecBitsSimple" runstate="Runnable" testcasecount="1" result="Passed" start-time="2023-07-28 21:32:16Z" end-time="2023-07-28 21:32:16Z" duration="0.031228" total="1" passed="1" failed="0" inconclusive="0" skipped="0" asserts="14">
        <test-case id="0-1023" name="TestBitsSimple" fullname="Kaitai.SpecBitsSimple.TestBitsSimple" methodname="TestBitsSimple" classname="Kaitai.SpecBitsSimple" runstate="Runnable" seed="1973990118" result="Passed" start-time="2023-07-28 21:32:16Z" end-time="2023-07-28 21:32:16Z" duration="0.002454" asserts="14" />
      </test-suite>
      <test-suite type="TestFixture" id="0-1024" name="SpecBitsSimpleLe" fullname="Kaitai.SpecBitsSimpleLe" classname="Kaitai.SpecBitsSimpleLe" runstate="Runnable" testcasecount="1" result="Passed" start-time="2023-07-28 21:32:16Z" end-time="2023-07-28 21:32:16Z" duration="0.031240" total="1" passed="1" failed="0" inconclusive="0" skipped="0" asserts="14">
        <test-case id="0-1025" name="TestBitsSimpleLe" fullname="Kaitai.SpecBitsSimpleLe.TestBitsSimpleLe" methodname="TestBitsSimpleLe" classname="Kaitai.SpecBitsSimpleLe" runstate="Runnable" seed="1625333643" result="Passed" start-time="2023-07-28 21:32:16Z" end-time="2023-07-28 21:32:16Z" duration="0.002167" asserts="14" />
      </test-suite>
      <test-suite type="TestFixture" id="0-1026" name="SpecBitsUnalignedB32Be" fullname="Kaitai.SpecBitsUnalignedB32Be" classname="Kaitai.SpecBitsUnalignedB32Be" runstate="Runnable" testcasecount="1" result="Passed" start-time="2023-07-28 21:32:16Z" end-time="2023-07-28 21:32:16Z" duration="0.031237" total="1" passed="1" failed="0" inconclusive="0" skipped="0" asserts="3">
        <test-case id="0-1027" name="TestBitsUnalignedB32Be" fullname="Kaitai.SpecBitsUnalignedB32Be.TestBitsUnalignedB32Be" methodname="TestBitsUnalignedB32Be" classname="Kaitai.SpecBitsUnalignedB32Be" runstate="Runnable" seed="2080361439" result="Passed" start-time="2023-07-28 21:32:16Z" end-time="2023-07-28 21:32:16Z" duration="0.001081" asserts="3" />
      </test-suite>
      <test-suite type="TestFixture" id="0-1028" name="SpecBitsUnalignedB32Le" fullname="Kaitai.SpecBitsUnalignedB32Le" classname="Kaitai.SpecBitsUnalignedB32Le" runstate="Runnable" testcasecount="1" result="Passed" start-time="2023-07-28 21:32:16Z" end-time="2023-07-28 21:32:16Z" duration="0.031367" total="1" passed="1" failed="0" inconclusive="0" skipped="0" asserts="3">
        <test-case id="0-1029" name="TestBitsUnalignedB32Le" fullname="Kaitai.SpecBitsUnalignedB32Le.TestBitsUnalignedB32Le" methodname="TestBitsUnalignedB32Le" classname="Kaitai.SpecBitsUnalignedB32Le" runstate="Runnable" seed="1911191785" result="Passed" start-time="2023-07-28 21:32:16Z" end-time="2023-07-28 21:32:16Z" duration="0.000999" asserts="3" />
      </test-suite>
      <test-suite type="TestFixture" id="0-1030" name="SpecBitsUnalignedB64Be" fullname="Kaitai.SpecBitsUnalignedB64Be" classname="Kaitai.SpecBitsUnalignedB64Be" runstate="Runnable" testcasecount="1" result="Passed" start-time="2023-07-28 21:32:16Z" end-time="2023-07-28 21:32:16Z" duration="0.031149" total="1" passed="1" failed="0" inconclusive="0" skipped="0" asserts="3">
        <test-case id="0-1031" name="TestBitsUnalignedB64Be" fullname="Kaitai.SpecBitsUnalignedB64Be.TestBitsUnalignedB64Be" methodname="TestBitsUnalignedB64Be" classname="Kaitai.SpecBitsUnalignedB64Be" runstate="Runnable" seed="542307390" result="Passed" start-time="2023-07-28 21:32:16Z" end-time="2023-07-28 21:32:16Z" duration="0.000990" asserts="3" />
      </test-suite>
      <test-suite type="TestFixture" id="0-1032" name="SpecBitsUnalignedB64Le" fullname="Kaitai.SpecBitsUnalignedB64Le" classname="Kaitai.SpecBitsUnalignedB64Le" runstate="Runnable" testcasecount="1" result="Passed" start-time="2023-07-28 21:32:16Z" end-time="2023-07-28 21:32:16Z" duration="0.031379" total="1" passed="1" failed="0" inconclusive="0" skipped="0" asserts="3">
        <test-case id="0-1033" name="TestBitsUnalignedB64Le" fullname="Kaitai.SpecBitsUnalignedB64Le.TestBitsUnalignedB64Le" methodname="TestBitsUnalignedB64Le" classname="Kaitai.SpecBitsUnalignedB64Le" runstate="Runnable" seed="879718068" result="Passed" start-time="2023-07-28 21:32:16Z" end-time="2023-07-28 21:32:16Z" duration="0.001111" asserts="3" />
      </test-suite>
      <test-suite type="TestFixture" id="0-1034" name="SpecBufferedStruct" fullname="Kaitai.SpecBufferedStruct" classname="Kaitai.SpecBufferedStruct" runstate="Runnable" testcasecount="1" result="Passed" start-time="2023-07-28 21:32:16Z" end-time="2023-07-28 21:32:16Z" duration="0.031151" total="1" passed="1" failed="0" inconclusive="0" skipped="0" asserts="7">
        <test-case id="0-1035" name="TestBufferedStruct" fullname="Kaitai.SpecBufferedStruct.TestBufferedStruct" methodname="TestBufferedStruct" classname="Kaitai.SpecBufferedStruct" runstate="Runnable" seed="1239493939" result="Passed" start-time="2023-07-28 21:32:16Z" end-time="2023-07-28 21:32:16Z" duration="0.002642" asserts="7" />
      </test-suite>
      <test-suite type="TestFixture" id="0-1036" name="SpecBytesPadTerm" fullname="Kaitai.SpecBytesPadTerm" classname="Kaitai.SpecBytesPadTerm" runstate="Runnable" testcasecount="1" result="Passed" start-time="2023-07-28 21:32:16Z" end-time="2023-07-28 21:32:16Z" duration="0.031234" total="1" passed="1" failed="0" inconclusive="0" skipped="0" asserts="4">
        <test-case id="0-1037" name="TestBytesPadTerm" fullname="Kaitai.SpecBytesPadTerm.TestBytesPadTerm" methodname="TestBytesPadTerm" classname="Kaitai.SpecBytesPadTerm" runstate="Runnable" seed="47141106" result="Passed" start-time="2023-07-28 21:32:16Z" end-time="2023-07-28 21:32:16Z" duration="0.001651" asserts="4" />
      </test-suite>
      <test-suite type="TestFixture" id="0-1038" name="SpecCastNested" fullname="Kaitai.SpecCastNested" classname="Kaitai.SpecCastNested" runstate="Runnable" testcasecount="1" result="Passed" start-time="2023-07-28 21:32:16Z" end-time="2023-07-28 21:32:16Z" duration="0.031292" total="1" passed="1" failed="0" inconclusive="0" skipped="0" asserts="4">
        <test-case id="0-1039" name="TestCastNested" fullname="Kaitai.SpecCastNested.TestCastNested" methodname="TestCastNested" classname="Kaitai.SpecCastNested" runstate="Runnable" seed="177424236" result="Passed" start-time="2023-07-28 21:32:16Z" end-time="2023-07-28 21:32:16Z" duration="0.002727" asserts="4" />
      </test-suite>
      <test-suite type="TestFixture" id="0-1040" name="SpecCastToImported" fullname="Kaitai.SpecCastToImported" classname="Kaitai.SpecCastToImported" runstate="Runnable" testcasecount="1" result="Passed" start-time="2023-07-28 21:32:16Z" end-time="2023-07-28 21:32:16Z" duration="0.031283" total="1" passed="1" failed="0" inconclusive="0" skipped="0" asserts="2">
        <test-case id="0-1041" name="TestCastToImported" fullname="Kaitai.SpecCastToImported.TestCastToImported" methodname="TestCastToImported" classname="Kaitai.SpecCastToImported" runstate="Runnable" seed="1463050192" result="Passed" start-time="2023-07-28 21:32:16Z" end-time="2023-07-28 21:32:16Z" duration="0.001215" asserts="2" />
      </test-suite>
      <test-suite type="TestFixture" id="0-1042" name="SpecCastToTop" fullname="Kaitai.SpecCastToTop" classname="Kaitai.SpecCastToTop" runstate="Runnable" testcasecount="1" result="Passed" start-time="2023-07-28 21:32:16Z" end-time="2023-07-28 21:32:16Z" duration="0.031207" total="1" passed="1" failed="0" inconclusive="0" skipped="0" asserts="3">
        <test-case id="0-1043" name="TestCastToTop" fullname="Kaitai.SpecCastToTop.TestCastToTop" methodname="TestCastToTop" classname="Kaitai.SpecCastToTop" runstate="Runnable" seed="1262608737" result="Passed" start-time="2023-07-28 21:32:16Z" end-time="2023-07-28 21:32:16Z" duration="0.001387" asserts="3" />
      </test-suite>
      <test-suite type="TestFixture" id="0-1044" name="SpecCombineBool" fullname="Kaitai.SpecCombineBool" classname="Kaitai.SpecCombineBool" runstate="Runnable" testcasecount="1" result="Passed" start-time="2023-07-28 21:32:16Z" end-time="2023-07-28 21:32:16Z" duration="0.031272" total="1" passed="1" failed="0" inconclusive="0" skipped="0" asserts="2">
        <test-case id="0-1045" name="TestCombineBool" fullname="Kaitai.SpecCombineBool.TestCombineBool" methodname="TestCombineBool" classname="Kaitai.SpecCombineBool" runstate="Runnable" seed="41248488" result="Passed" start-time="2023-07-28 21:32:16Z" end-time="2023-07-28 21:32:16Z" duration="0.001064" asserts="2" />
      </test-suite>
      <test-suite type="TestFixture" id="0-1046" name="SpecCombineBytes" fullname="Kaitai.SpecCombineBytes" classname="Kaitai.SpecCombineBytes" runstate="Runnable" testcasecount="1" result="Passed" start-time="2023-07-28 21:32:16Z" end-time="2023-07-28 21:32:16Z" duration="0.031335" total="1" passed="1" failed="0" inconclusive="0" skipped="0" asserts="10">
        <test-case id="0-1047" name="TestCombineBytes" fullname="Kaitai.SpecCombineBytes.TestCombineBytes" methodname="TestCombineBytes" classname="Kaitai.SpecCombineBytes" runstate="Runnable" seed="648440271" result="Passed" start-time="2023-07-28 21:32:16Z" end-time="2023-07-28 21:32:16Z" duration="0.002137" asserts="10" />
      </test-suite>
      <test-suite type="TestFixture" id="0-1048" name="SpecCombineEnum" fullname="Kaitai.SpecCombineEnum" classname="Kaitai.SpecCombineEnum" runstate="Runnable" testcasecount="1" result="Passed" start-time="2023-07-28 21:32:16Z" end-time="2023-07-28 21:32:17Z" duration="0.031214" total="1" passed="1" failed="0" inconclusive="0" skipped="0" asserts="3">
        <test-case id="0-1049" name="TestCombineEnum" fullname="Kaitai.SpecCombineEnum.TestCombineEnum" methodname="TestCombineEnum" classname="Kaitai.SpecCombineEnum" runstate="Runnable" seed="1109277729" result="Passed" start-time="2023-07-28 21:32:17Z" end-time="2023-07-28 21:32:17Z" duration="0.001122" asserts="3" />
      </test-suite>
      <test-suite type="TestFixture" id="0-1050" name="SpecCombineStr" fullname="Kaitai.SpecCombineStr" classname="Kaitai.SpecCombineStr" runstate="Runnable" testcasecount="1" result="Passed" start-time="2023-07-28 21:32:17Z" end-time="2023-07-28 21:32:17Z" duration="0.031158" total="1" passed="1" failed="0" inconclusive="0" skipped="0" asserts="15">
        <test-case id="0-1051" name="TestCombineStr" fullname="Kaitai.SpecCombineStr.TestCombineStr" methodname="TestCombineStr" classname="Kaitai.SpecCombineStr" runstate="Runnable" seed="789279903" result="Passed" start-time="2023-07-28 21:32:17Z" end-time="2023-07-28 21:32:17Z" duration="0.002259" asserts="15" />
      </test-suite>
      <test-suite type="TestFixture" id="0-1052" name="SpecDebug0" fullname="Kaitai.SpecDebug0" classname="Kaitai.SpecDebug0" runstate="Runnable" testcasecount="1" result="Passed" start-time="2023-07-28 21:32:17Z" end-time="2023-07-28 21:32:17Z" duration="0.031290" total="1" passed="1" failed="0" inconclusive="0" skipped="0" asserts="0">
        <test-case id="0-1053" name="TestDebug0" fullname="Kaitai.SpecDebug0.TestDebug0" methodname="TestDebug0" classname="Kaitai.SpecDebug0" runstate="Runnable" seed="621122727" result="Passed" start-time="2023-07-28 21:32:17Z" end-time="2023-07-28 21:32:17Z" duration="0.000291" asserts="0" />
      </test-suite>
      <test-suite type="TestFixture" id="0-1054" name="SpecDebugArrayUser" fullname="Kaitai.SpecDebugArrayUser" classname="Kaitai.SpecDebugArrayUser" runstate="Runnable" testcasecount="1" result="Passed" start-time="2023-07-28 21:32:17Z" end-time="2023-07-28 21:32:17Z" duration="0.031296" total="1" passed="1" failed="0" inconclusive="0" skipped="0" asserts="4">
        <test-case id="0-1055" name="TestDebugArrayUser" fullname="Kaitai.SpecDebugArrayUser.TestDebugArrayUser" methodname="TestDebugArrayUser" classname="Kaitai.SpecDebugArrayUser" runstate="Runnable" seed="604807982" result="Passed" start-time="2023-07-28 21:32:17Z" end-time="2023-07-28 21:32:17Z" duration="0.001492" asserts="4" />
      </test-suite>
      <test-suite type="TestFixture" id="0-1056" name="SpecDebugEnumName" fullname="Kaitai.SpecDebugEnumName" classname="Kaitai.SpecDebugEnumName" runstate="Runnable" testcasecount="1" result="Passed" start-time="2023-07-28 21:32:17Z" end-time="2023-07-28 21:32:17Z" duration="0.031273" total="1" passed="1" failed="0" inconclusive="0" skipped="0" asserts="0">
        <test-case id="0-1057" name="TestDebugEnumName" fullname="Kaitai.SpecDebugEnumName.TestDebugEnumName" methodname="TestDebugEnumName" classname="Kaitai.SpecDebugEnumName" runstate="Runnable" seed="721654317" result="Passed" start-time="2023-07-28 21:32:17Z" end-time="2023-07-28 21:32:17Z" duration="0.000187" asserts="0" />
      </test-suite>
      <test-suite type="TestFixture" id="0-1058" name="SpecDebugSwitchUser" fullname="Kaitai.SpecDebugSwitchUser" classname="Kaitai.SpecDebugSwitchUser" runstate="Runnable" testcasecount="1" result="Passed" start-time="2023-07-28 21:32:17Z" end-time="2023-07-28 21:32:17Z" duration="0.031505" total="1" passed="1" failed="0" inconclusive="0" skipped="0" asserts="2">
        <test-case id="0-1059" name="TestDebugSwitchUser" fullname="Kaitai.SpecDebugSwitchUser.TestDebugSwitchUser" methodname="TestDebugSwitchUser" classname="Kaitai.SpecDebugSwitchUser" runstate="Runnable" seed="1088867908" result="Passed" start-time="2023-07-28 21:32:17Z" end-time="2023-07-28 21:32:17Z" duration="0.001357" asserts="2" />
      </test-suite>
      <test-suite type="TestFixture" id="0-1060" name="SpecDefaultBigEndian" fullname="Kaitai.SpecDefaultBigEndian" classname="Kaitai.SpecDefaultBigEndian" runstate="Runnable" testcasecount="1" result="Passed" start-time="2023-07-28 21:32:17Z" end-time="2023-07-28 21:32:17Z" duration="0.031298" total="1" passed="1" failed="0" inconclusive="0" skipped="0" asserts="1">
        <test-case id="0-1061" name="TestDefaultBigEndian" fullname="Kaitai.SpecDefaultBigEndian.TestDefaultBigEndian" methodname="TestDefaultBigEndian" classname="Kaitai.SpecDefaultBigEndian" runstate="Runnable" seed="842624004" result="Passed" start-time="2023-07-28 21:32:17Z" end-time="2023-07-28 21:32:17Z" duration="0.000900" asserts="1" />
      </test-suite>
      <test-suite type="TestFixture" id="0-1062" name="SpecDefaultBitEndianMod" fullname="Kaitai.SpecDefaultBitEndianMod" classname="Kaitai.SpecDefaultBitEndianMod" runstate="Runnable" testcasecount="1" result="Passed" start-time="2023-07-28 21:32:17Z" end-time="2023-07-28 21:32:17Z" duration="0.031431" total="1" passed="1" failed="0" inconclusive="0" skipped="0" asserts="4">
        <test-case id="0-1063" name="TestDefaultBitEndianMod" fullname="Kaitai.SpecDefaultBitEndianMod.TestDefaultBitEndianMod" methodname="TestDefaultBitEndianMod" classname="Kaitai.SpecDefaultBitEndianMod" runstate="Runnable" seed="1254930629" result="Passed" start-time="2023-07-28 21:32:17Z" end-time="2023-07-28 21:32:17Z" duration="0.001548" asserts="4" />
      </test-suite>
      <test-suite type="TestFixture" id="0-1064" name="SpecDefaultEndianExprException" fullname="Kaitai.SpecDefaultEndianExprException" classname="Kaitai.SpecDefaultEndianExprException" runstate="Runnable" testcasecount="1" result="Passed" start-time="2023-07-28 21:32:17Z" end-time="2023-07-28 21:32:17Z" duration="0.031264" total="1" passed="1" failed="0" inconclusive="0" skipped="0" asserts="1">
        <test-case id="0-1065" name="TestDefaultEndianExprException" fullname="Kaitai.SpecDefaultEndianExprException.TestDefaultEndianExprException" methodname="TestDefaultEndianExprException" classname="Kaitai.SpecDefaultEndianExprException" runstate="Runnable" seed="2073778289" result="Passed" start-time="2023-07-28 21:32:17Z" end-time="2023-07-28 21:32:17Z" duration="0.008958" asserts="1" />
      </test-suite>
      <test-suite type="TestFixture" id="0-1066" name="SpecDefaultEndianExprInherited" fullname="Kaitai.SpecDefaultEndianExprInherited" classname="Kaitai.SpecDefaultEndianExprInherited" runstate="Runnable" testcasecount="1" result="Passed" start-time="2023-07-28 21:32:17Z" end-time="2023-07-28 21:32:17Z" duration="0.031282" total="1" passed="1" failed="0" inconclusive="0" skipped="0" asserts="15">
        <test-case id="0-1067" name="TestDefaultEndianExprInherited" fullname="Kaitai.SpecDefaultEndianExprInherited.TestDefaultEndianExprInherited" methodname="TestDefaultEndianExprInherited" classname="Kaitai.SpecDefaultEndianExprInherited" runstate="Runnable" seed="176537228" result="Passed" start-time="2023-07-28 21:32:17Z" end-time="2023-07-28 21:32:17Z" duration="0.004202" asserts="15" />
      </test-suite>
      <test-suite type="TestFixture" id="0-1068" name="SpecDefaultEndianExprIsBe" fullname="Kaitai.SpecDefaultEndianExprIsBe" classname="Kaitai.SpecDefaultEndianExprIsBe" runstate="Runnable" testcasecount="1" result="Passed" start-time="2023-07-28 21:32:17Z" end-time="2023-07-28 21:32:17Z" duration="0.031361" total="1" passed="1" failed="0" inconclusive="0" skipped="0" asserts="18">
        <test-case id="0-1069" name="TestDefaultEndianExprIsBe" fullname="Kaitai.SpecDefaultEndianExprIsBe.TestDefaultEndianExprIsBe" methodname="TestDefaultEndianExprIsBe" classname="Kaitai.SpecDefaultEndianExprIsBe" runstate="Runnable" seed="1216144734" result="Passed" start-time="2023-07-28 21:32:17Z" end-time="2023-07-28 21:32:17Z" duration="0.004405" asserts="18" />
      </test-suite>
      <test-suite type="TestFixture" id="0-1070" name="SpecDefaultEndianExprIsLe" fullname="Kaitai.SpecDefaultEndianExprIsLe" classname="Kaitai.SpecDefaultEndianExprIsLe" runstate="Runnable" testcasecount="1" result="Passed" start-time="2023-07-28 21:32:17Z" end-time="2023-07-28 21:32:17Z" duration="0.031233" total="1" passed="1" failed="0" inconclusive="0" skipped="0" asserts="12">
        <test-case id="0-1071" name="TestDefaultEndianExprIsLe" fullname="Kaitai.SpecDefaultEndianExprIsLe.TestDefaultEndianExprIsLe" methodname="TestDefaultEndianExprIsLe" classname="Kaitai.SpecDefaultEndianExprIsLe" runstate="Runnable" seed="363367510" result="Passed" start-time="2023-07-28 21:32:17Z" end-time="2023-07-28 21:32:17Z" duration="0.002965" asserts="12" />
      </test-suite>
      <test-suite type="TestFixture" id="0-1072" name="SpecDefaultEndianMod" fullname="Kaitai.SpecDefaultEndianMod" classname="Kaitai.SpecDefaultEndianMod" runstate="Runnable" testcasecount="1" result="Passed" start-time="2023-07-28 21:32:17Z" end-time="2023-07-28 21:32:17Z" duration="0.031211" total="1" passed="1" failed="0" inconclusive="0" skipped="0" asserts="3">
        <test-case id="0-1073" name="TestDefaultEndianMod" fullname="Kaitai.SpecDefaultEndianMod.TestDefaultEndianMod" methodname="TestDefaultEndianMod" classname="Kaitai.SpecDefaultEndianMod" runstate="Runnable" seed="1382955448" result="Passed" start-time="2023-07-28 21:32:17Z" end-time="2023-07-28 21:32:17Z" duration="0.001742" asserts="3" />
      </test-suite>
      <test-suite type="TestFixture" id="0-1074" name="SpecDocstrings" fullname="Kaitai.SpecDocstrings" classname="Kaitai.SpecDocstrings" runstate="Runnable" testcasecount="1" result="Passed" start-time="2023-07-28 21:32:17Z" end-time="2023-07-28 21:32:17Z" duration="0.031191" total="1" passed="1" failed="0" inconclusive="0" skipped="0" asserts="0">
        <test-case id="0-1075" name="TestDocstrings" fullname="Kaitai.SpecDocstrings.TestDocstrings" methodname="TestDocstrings" classname="Kaitai.SpecDocstrings" runstate="Runnable" seed="693755351" result="Passed" start-time="2023-07-28 21:32:17Z" end-time="2023-07-28 21:32:17Z" duration="0.000766" asserts="0" />
      </test-suite>
      <test-suite type="TestFixture" id="0-1076" name="SpecDocstringsDocref" fullname="Kaitai.SpecDocstringsDocref" classname="Kaitai.SpecDocstringsDocref" runstate="Runnable" testcasecount="1" result="Passed" start-time="2023-07-28 21:32:17Z" end-time="2023-07-28 21:32:17Z" duration="0.031287" total="1" passed="1" failed="0" inconclusive="0" skipped="0" asserts="0">
        <test-case id="0-1077" name="TestDocstringsDocref" fullname="Kaitai.SpecDocstringsDocref.TestDocstringsDocref" methodname="TestDocstringsDocref" classname="Kaitai.SpecDocstringsDocref" runstate="Runnable" seed="52301568" result="Passed" start-time="2023-07-28 21:32:17Z" end-time="2023-07-28 21:32:17Z" duration="0.000720" asserts="0" />
      </test-suite>
      <test-suite type="TestFixture" id="0-1078" name="SpecDocstringsDocrefMulti" fullname="Kaitai.SpecDocstringsDocrefMulti" classname="Kaitai.SpecDocstringsDocrefMulti" runstate="Runnable" testcasecount="1" result="Passed" start-time="2023-07-28 21:32:17Z" end-time="2023-07-28 21:32:17Z" duration="0.031201" total="1" passed="1" failed="0" inconclusive="0" skipped="0" asserts="0">
        <test-case id="0-1079" name="TestDocstringsDocrefMulti" fullname="Kaitai.SpecDocstringsDocrefMulti.TestDocstringsDocrefMulti" methodname="TestDocstringsDocrefMulti" classname="Kaitai.SpecDocstringsDocrefMulti" runstate="Runnable" seed="1601348988" result="Passed" start-time="2023-07-28 21:32:17Z" end-time="2023-07-28 21:32:17Z" duration="0.000713" asserts="0" />
      </test-suite>
      <test-suite type="TestFixture" id="0-1080" name="SpecEnum0" fullname="Kaitai.SpecEnum0" classname="Kaitai.SpecEnum0" runstate="Runnable" testcasecount="1" result="Passed" start-time="2023-07-28 21:32:17Z" end-time="2023-07-28 21:32:18Z" duration="0.031523" total="1" passed="1" failed="0" inconclusive="0" skipped="0" asserts="2">
        <test-case id="0-1081" name="TestEnum0" fullname="Kaitai.SpecEnum0.TestEnum0" methodname="TestEnum0" classname="Kaitai.SpecEnum0" runstate="Runnable" seed="120118066" result="Passed" start-time="2023-07-28 21:32:18Z" end-time="2023-07-28 21:32:18Z" duration="0.000885" asserts="2" />
      </test-suite>
      <test-suite type="TestFixture" id="0-1082" name="SpecEnum1" fullname="Kaitai.SpecEnum1" classname="Kaitai.SpecEnum1" runstate="Runnable" testcasecount="1" result="Passed" start-time="2023-07-28 21:32:18Z" end-time="2023-07-28 21:32:18Z" duration="0.031287" total="1" passed="1" failed="0" inconclusive="0" skipped="0" asserts="2">
        <test-case id="0-1083" name="TestEnum1" fullname="Kaitai.SpecEnum1.TestEnum1" methodname="TestEnum1" classname="Kaitai.SpecEnum1" runstate="Runnable" seed="856716163" result="Passed" start-time="2023-07-28 21:32:18Z" end-time="2023-07-28 21:32:18Z" duration="0.001359" asserts="2" />
      </test-suite>
      <test-suite type="TestFixture" id="0-1084" name="SpecEnumDeep" fullname="Kaitai.SpecEnumDeep" classname="Kaitai.SpecEnumDeep" runstate="Runnable" testcasecount="1" result="Passed" start-time="2023-07-28 21:32:18Z" end-time="2023-07-28 21:32:18Z" duration="0.031263" total="1" passed="1" failed="0" inconclusive="0" skipped="0" asserts="2">
        <test-case id="0-1085" name="TestEnumDeep" fullname="Kaitai.SpecEnumDeep.TestEnumDeep" methodname="TestEnumDeep" classname="Kaitai.SpecEnumDeep" runstate="Runnable" seed="1858659707" result="Passed" start-time="2023-07-28 21:32:18Z" end-time="2023-07-28 21:32:18Z" duration="0.000873" asserts="2" />
      </test-suite>
      <test-suite type="TestFixture" id="0-1086" name="SpecEnumDeepLiterals" fullname="Kaitai.SpecEnumDeepLiterals" classname="Kaitai.SpecEnumDeepLiterals" runstate="Runnable" testcasecount="1" result="Passed" start-time="2023-07-28 21:32:18Z" end-time="2023-07-28 21:32:18Z" duration="0.031272" total="1" passed="1" failed="0" inconclusive="0" skipped="0" asserts="2">
        <test-case id="0-1087" name="TestEnumDeepLiterals" fullname="Kaitai.SpecEnumDeepLiterals.TestEnumDeepLiterals" methodname="TestEnumDeepLiterals" classname="Kaitai.SpecEnumDeepLiterals" runstate="Runnable" seed="1672679694" result="Passed" start-time="2023-07-28 21:32:18Z" end-time="2023-07-28 21:32:18Z" duration="0.001289" asserts="2" />
      </test-suite>
      <test-suite type="TestFixture" id="0-1088" name="SpecEnumFancy" fullname="Kaitai.SpecEnumFancy" classname="Kaitai.SpecEnumFancy" runstate="Runnable" testcasecount="1" result="Passed" start-time="2023-07-28 21:32:18Z" end-time="2023-07-28 21:32:18Z" duration="0.031356" total="1" passed="1" failed="0" inconclusive="0" skipped="0" asserts="2">
        <test-case id="0-1089" name="TestEnumFancy" fullname="Kaitai.SpecEnumFancy.TestEnumFancy" methodname="TestEnumFancy" classname="Kaitai.SpecEnumFancy" runstate="Runnable" seed="216178498" result="Passed" start-time="2023-07-28 21:32:18Z" end-time="2023-07-28 21:32:18Z" duration="0.000972" asserts="2" />
      </test-suite>
      <test-suite type="TestFixture" id="0-1090" name="SpecEnumForUnknownId" fullname="Kaitai.SpecEnumForUnknownId" classname="Kaitai.SpecEnumForUnknownId" runstate="Runnable" testcasecount="1" result="Passed" start-time="2023-07-28 21:32:18Z" end-time="2023-07-28 21:32:18Z" duration="0.031339" total="1" passed="1" failed="0" inconclusive="0" skipped="0" asserts="1">
        <test-case id="0-1091" name="TestEnumForUnknownId" fullname="Kaitai.SpecEnumForUnknownId.TestEnumForUnknownId" methodname="TestEnumForUnknownId" classname="Kaitai.SpecEnumForUnknownId" runstate="Runnable" seed="536177092" result="Passed" start-time="2023-07-28 21:32:18Z" end-time="2023-07-28 21:32:18Z" duration="0.000883" asserts="1" />
      </test-suite>
      <test-suite type="TestFixture" id="0-1092" name="SpecEnumIf" fullname="Kaitai.SpecEnumIf" classname="Kaitai.SpecEnumIf" runstate="Runnable" testcasecount="1" result="Passed" start-time="2023-07-28 21:32:18Z" end-time="2023-07-28 21:32:18Z" duration="0.031257" total="1" passed="1" failed="0" inconclusive="0" skipped="0" asserts="7">
        <test-case id="0-1093" name="TestEnumIf" fullname="Kaitai.SpecEnumIf.TestEnumIf" methodname="TestEnumIf" classname="Kaitai.SpecEnumIf" runstate="Runnable" seed="1906148299" result="Passed" start-time="2023-07-28 21:32:18Z" end-time="2023-07-28 21:32:18Z" duration="0.002296" asserts="7" />
      </test-suite>
      <test-suite type="TestFixture" id="0-1094" name="SpecEnumImport" fullname="Kaitai.SpecEnumImport" classname="Kaitai.SpecEnumImport" runstate="Runnable" testcasecount="1" result="Passed" start-time="2023-07-28 21:32:18Z" end-time="2023-07-28 21:32:18Z" duration="0.031291" total="1" passed="1" failed="0" inconclusive="0" skipped="0" asserts="2">
        <test-case id="0-1095" name="TestEnumImport" fullname="Kaitai.SpecEnumImport.TestEnumImport" methodname="TestEnumImport" classname="Kaitai.SpecEnumImport" runstate="Runnable" seed="2083895802" result="Passed" start-time="2023-07-28 21:32:18Z" end-time="2023-07-28 21:32:18Z" duration="0.000942" asserts="2" />
      </test-suite>
      <test-suite type="TestFixture" id="0-1096" name="SpecEnumIntRangeS" fullname="Kaitai.SpecEnumIntRangeS" classname="Kaitai.SpecEnumIntRangeS" runstate="Runnable" testcasecount="1" result="Passed" start-time="2023-07-28 21:32:18Z" end-time="2023-07-28 21:32:18Z" duration="0.031265" total="1" passed="1" failed="0" inconclusive="0" skipped="0" asserts="3">
        <test-case id="0-1097" name="TestEnumIntRangeS" fullname="Kaitai.SpecEnumIntRangeS.TestEnumIntRangeS" methodname="TestEnumIntRangeS" classname="Kaitai.SpecEnumIntRangeS" runstate="Runnable" seed="107341419" result="Passed" start-time="2023-07-28 21:32:18Z" end-time="2023-07-28 21:32:18Z" duration="0.001030" asserts="3" />
      </test-suite>
      <test-suite type="TestFixture" id="0-1098" name="SpecEnumInvalid" fullname="Kaitai.SpecEnumInvalid" classname="Kaitai.SpecEnumInvalid" runstate="Runnable" testcasecount="1" result="Passed" start-time="2023-07-28 21:32:18Z" end-time="2023-07-28 21:32:18Z" duration="0.031161" total="1" passed="1" failed="0" inconclusive="0" skipped="0" asserts="2">
        <test-case id="0-1099" name="TestEnumInvalid" fullname="Kaitai.SpecEnumInvalid.TestEnumInvalid" methodname="TestEnumInvalid" classname="Kaitai.SpecEnumInvalid" runstate="Runnable" seed="2109475533" result="Passed" start-time="2023-07-28 21:32:18Z" end-time="2023-07-28 21:32:18Z" duration="0.000975" asserts="2" />
      </test-suite>
      <test-suite type="TestFixture" id="0-1100" name="SpecEnumNegative" fullname="Kaitai.SpecEnumNegative" classname="Kaitai.SpecEnumNegative" runstate="Runnable" testcasecount="1" result="Passed" start-time="2023-07-28 21:32:18Z" end-time="2023-07-28 21:32:18Z" duration="0.031277" total="1" passed="1" failed="0" inconclusive="0" skipped="0" asserts="2">
        <test-case id="0-1101" name="TestEnumNegative" fullname="Kaitai.SpecEnumNegative.TestEnumNegative" methodname="TestEnumNegative" classname="Kaitai.SpecEnumNegative" runstate="Runnable" seed="804554988" result="Passed" start-time="2023-07-28 21:32:18Z" end-time="2023-07-28 21:32:18Z" duration="0.001059" asserts="2" />
      </test-suite>
      <test-suite type="TestFixture" id="0-1102" name="SpecEnumOfValueInst" fullname="Kaitai.SpecEnumOfValueInst" classname="Kaitai.SpecEnumOfValueInst" runstate="Runnable" testcasecount="1" result="Passed" start-time="2023-07-28 21:32:18Z" end-time="2023-07-28 21:32:18Z" duration="0.031263" total="1" passed="1" failed="0" inconclusive="0" skipped="0" asserts="4">
        <test-case id="0-1103" name="TestEnumOfValueInst" fullname="Kaitai.SpecEnumOfValueInst.TestEnumOfValueInst" methodname="TestEnumOfValueInst" classname="Kaitai.SpecEnumOfValueInst" runstate="Runnable" seed="2046654017" result="Passed" start-time="2023-07-28 21:32:18Z" end-time="2023-07-28 21:32:18Z" duration="0.001335" asserts="4" />
      </test-suite>
      <test-suite type="TestFixture" id="0-1104" name="SpecEofExceptionBytes" fullname="Kaitai.SpecEofExceptionBytes" classname="Kaitai.SpecEofExceptionBytes" runstate="Runnable" testcasecount="1" result="Passed" start-time="2023-07-28 21:32:18Z" end-time="2023-07-28 21:32:18Z" duration="0.031168" total="1" passed="1" failed="0" inconclusive="0" skipped="0" asserts="1">
        <test-case id="0-1105" name="TestEofExceptionBytes" fullname="Kaitai.SpecEofExceptionBytes.TestEofExceptionBytes" methodname="TestEofExceptionBytes" classname="Kaitai.SpecEofExceptionBytes" runstate="Runnable" seed="137780545" result="Passed" start-time="2023-07-28 21:32:18Z" end-time="2023-07-28 21:32:18Z" duration="0.001018" asserts="1" />
      </test-suite>
      <test-suite type="TestFixture" id="0-1106" name="SpecEofExceptionU4" fullname="Kaitai.SpecEofExceptionU4" classname="Kaitai.SpecEofExceptionU4" runstate="Runnable" testcasecount="1" result="Passed" start-time="2023-07-28 21:32:18Z" end-time="2023-07-28 21:32:18Z" duration="0.031214" total="1" passed="1" failed="0" inconclusive="0" skipped="0" asserts="1">
        <test-case id="0-1107" name="TestEofExceptionU4" fullname="Kaitai.SpecEofExceptionU4.TestEofExceptionU4" methodname="TestEofExceptionU4" classname="Kaitai.SpecEofExceptionU4" runstate="Runnable" seed="9493177" result="Passed" start-time="2023-07-28 21:32:18Z" end-time="2023-07-28 21:32:18Z" duration="0.001049" asserts="1" />
      </test-suite>
      <test-suite type="TestFixture" id="0-1108" name="SpecEosExceptionBytes" fullname="Kaitai.SpecEosExceptionBytes" classname="Kaitai.SpecEosExceptionBytes" runstate="Runnable" testcasecount="1" result="Passed" start-time="2023-07-28 21:32:18Z" end-time="2023-07-28 21:32:18Z" duration="0.031205" total="1" passed="1" failed="0" inconclusive="0" skipped="0" asserts="1">
        <test-case id="0-1109" name="TestEosExceptionBytes" fullname="Kaitai.SpecEosExceptionBytes.TestEosExceptionBytes" methodname="TestEosExceptionBytes" classname="Kaitai.SpecEosExceptionBytes" runstate="Runnable" seed="301116379" result="Passed" start-time="2023-07-28 21:32:18Z" end-time="2023-07-28 21:32:18Z" duration="0.001156" asserts="1" />
      </test-suite>
      <test-suite type="TestFixture" id="0-1110" name="SpecEosExceptionU4" fullname="Kaitai.SpecEosExceptionU4" classname="Kaitai.SpecEosExceptionU4" runstate="Runnable" testcasecount="1" result="Passed" start-time="2023-07-28 21:32:18Z" end-time="2023-07-28 21:32:18Z" duration="0.031252" total="1" passed="1" failed="0" inconclusive="0" skipped="0" asserts="1">
        <test-case id="0-1111" name="TestEosExceptionU4" fullname="Kaitai.SpecEosExceptionU4.TestEosExceptionU4" methodname="TestEosExceptionU4" classname="Kaitai.SpecEosExceptionU4" runstate="Runnable" seed="65577774" result="Passed" start-time="2023-07-28 21:32:18Z" end-time="2023-07-28 21:32:18Z" duration="0.001192" asserts="1" />
      </test-suite>
      <test-suite type="TestFixture" id="0-1112" name="SpecExpr0" fullname="Kaitai.SpecExpr0" classname="Kaitai.SpecExpr0" runstate="Runnable" testcasecount="1" result="Passed" start-time="2023-07-28 21:32:18Z" end-time="2023-07-28 21:32:19Z" duration="0.031218" total="1" passed="1" failed="0" inconclusive="0" skipped="0" asserts="2">
        <test-case id="0-1113" name="TestExpr0" fullname="Kaitai.SpecExpr0.TestExpr0" methodname="TestExpr0" classname="Kaitai.SpecExpr0" runstate="Runnable" seed="1967486208" result="Passed" start-time="2023-07-28 21:32:19Z" end-time="2023-07-28 21:32:19Z" duration="0.000949" asserts="2" />
      </test-suite>
      <test-suite type="TestFixture" id="0-1114" name="SpecExpr1" fullname="Kaitai.SpecExpr1" classname="Kaitai.SpecExpr1" runstate="Runnable" testcasecount="1" result="Passed" start-time="2023-07-28 21:32:19Z" end-time="2023-07-28 21:32:19Z" duration="0.031209" total="1" passed="1" failed="0" inconclusive="0" skipped="0" asserts="4">
        <test-case id="0-1115" name="TestExpr1" fullname="Kaitai.SpecExpr1.TestExpr1" methodname="TestExpr1" classname="Kaitai.SpecExpr1" runstate="Runnable" seed="1278986430" result="Passed" start-time="2023-07-28 21:32:19Z" end-time="2023-07-28 21:32:19Z" duration="0.001346" asserts="4" />
      </test-suite>
      <test-suite type="TestFixture" id="0-1116" name="SpecExpr2" fullname="Kaitai.SpecExpr2" classname="Kaitai.SpecExpr2" runstate="Runnable" testcasecount="1" result="Passed" start-time="2023-07-28 21:32:19Z" end-time="2023-07-28 21:32:19Z" duration="0.031291" total="1" passed="1" failed="0" inconclusive="0" skipped="0" asserts="17">
        <test-case id="0-1117" name="TestExpr2" fullname="Kaitai.SpecExpr2.TestExpr2" methodname="TestExpr2" classname="Kaitai.SpecExpr2" runstate="Runnable" seed="1163570285" result="Passed" start-time="2023-07-28 21:32:19Z" end-time="2023-07-28 21:32:19Z" duration="0.003547" asserts="17" />
      </test-suite>
      <test-suite type="TestFixture" id="0-1118" name="SpecExpr3" fullname="Kaitai.SpecExpr3" classname="Kaitai.SpecExpr3" runstate="Runnable" testcasecount="1" result="Passed" start-time="2023-07-28 21:32:19Z" end-time="2023-07-28 21:32:19Z" duration="0.031342" total="1" passed="1" failed="0" inconclusive="0" skipped="0" asserts="12">
        <test-case id="0-1119" name="TestExpr3" fullname="Kaitai.SpecExpr3.TestExpr3" methodname="TestExpr3" classname="Kaitai.SpecExpr3" runstate="Runnable" seed="150852815" result="Passed" start-time="2023-07-28 21:32:19Z" end-time="2023-07-28 21:32:19Z" duration="0.002469" asserts="12" />
      </test-suite>
      <test-suite type="TestFixture" id="0-1120" name="SpecExprArray" fullname="Kaitai.SpecExprArray" classname="Kaitai.SpecExprArray" runstate="Runnable" testcasecount="1" result="Passed" start-time="2023-07-28 21:32:19Z" end-time="2023-07-28 21:32:19Z" duration="0.031245" total="1" passed="1" failed="0" inconclusive="0" skipped="0" asserts="15">
        <test-case id="0-1121" name="TestExprArray" fullname="Kaitai.SpecExprArray.TestExprArray" methodname="TestExprArray" classname="Kaitai.SpecExprArray" runstate="Runnable" seed="2071803572" result="Passed" start-time="2023-07-28 21:32:19Z" end-time="2023-07-28 21:32:19Z" duration="0.011865" asserts="15" />
      </test-suite>
      <test-suite type="TestFixture" id="0-1122" name="SpecExprBytesCmp" fullname="Kaitai.SpecExprBytesCmp" classname="Kaitai.SpecExprBytesCmp" runstate="Runnable" testcasecount="1" result="Passed" start-time="2023-07-28 21:32:19Z" end-time="2023-07-28 21:32:19Z" duration="0.031215" total="1" passed="1" failed="0" inconclusive="0" skipped="0" asserts="10">
        <test-case id="0-1123" name="TestExprBytesCmp" fullname="Kaitai.SpecExprBytesCmp.TestExprBytesCmp" methodname="TestExprBytesCmp" classname="Kaitai.SpecExprBytesCmp" runstate="Runnable" seed="1854895628" result="Passed" start-time="2023-07-28 21:32:19Z" end-time="2023-07-28 21:32:19Z" duration="0.002166" asserts="10" />
      </test-suite>
      <test-suite type="TestFixture" id="0-1124" name="SpecExprBytesNonLiteral" fullname="Kaitai.SpecExprBytesNonLiteral" classname="Kaitai.SpecExprBytesNonLiteral" runstate="Runnable" testcasecount="1" result="Passed" start-time="2023-07-28 21:32:19Z" end-time="2023-07-28 21:32:19Z" duration="0.031275" total="1" passed="1" failed="0" inconclusive="0" skipped="0" asserts="3">
        <test-case id="0-1125" name="TestExprBytesNonLiteral" fullname="Kaitai.SpecExprBytesNonLiteral.TestExprBytesNonLiteral" methodname="TestExprBytesNonLiteral" classname="Kaitai.SpecExprBytesNonLiteral" runstate="Runnable" seed="533765663" result="Passed" start-time="2023-07-28 21:32:19Z" end-time="2023-07-28 21:32:19Z" duration="0.001120" asserts="3" />
      </test-suite>
      <test-suite type="TestFixture" id="0-1126" name="SpecExprBytesOps" fullname="Kaitai.SpecExprBytesOps" classname="Kaitai.SpecExprBytesOps" runstate="Runnable" testcasecount="1" result="Passed" start-time="2023-07-28 21:32:19Z" end-time="2023-07-28 21:32:19Z" duration="0.031549" total="1" passed="1" failed="0" inconclusive="0" skipped="0" asserts="16">
        <test-case id="0-1127" name="TestExprBytesOps" fullname="Kaitai.SpecExprBytesOps.TestExprBytesOps" methodname="TestExprBytesOps" classname="Kaitai.SpecExprBytesOps" runstate="Runnable" seed="455158452" result="Passed" start-time="2023-07-28 21:32:19Z" end-time="2023-07-28 21:32:19Z" duration="0.004106" asserts="16" />
      </test-suite>
      <test-suite type="TestFixture" id="0-1128" name="SpecExprCalcArrayOps" fullname="Kaitai.SpecExprCalcArrayOps" classname="Kaitai.SpecExprCalcArrayOps" runstate="Runnable" testcasecount="1" result="Passed" start-time="2023-07-28 21:32:19Z" end-time="2023-07-28 21:32:19Z" duration="0.031347" total="1" passed="1" failed="0" inconclusive="0" skipped="0" asserts="18">
        <test-case id="0-1129" name="TestExprCalcArrayOps" fullname="Kaitai.SpecExprCalcArrayOps.TestExprCalcArrayOps" methodname="TestExprCalcArrayOps" classname="Kaitai.SpecExprCalcArrayOps" runstate="Runnable" seed="115479974" result="Passed" start-time="2023-07-28 21:32:19Z" end-time="2023-07-28 21:32:19Z" duration="0.004933" asserts="18" />
      </test-suite>
      <test-suite type="TestFixture" id="0-1130" name="SpecExprEnum" fullname="Kaitai.SpecExprEnum" classname="Kaitai.SpecExprEnum" runstate="Runnable" testcasecount="1" result="Passed" start-time="2023-07-28 21:32:19Z" end-time="2023-07-28 21:32:19Z" duration="0.031242" total="1" passed="1" failed="0" inconclusive="0" skipped="0" asserts="3">
        <test-case id="0-1131" name="TestExprEnum" fullname="Kaitai.SpecExprEnum.TestExprEnum" methodname="TestExprEnum" classname="Kaitai.SpecExprEnum" runstate="Runnable" seed="1889914016" result="Passed" start-time="2023-07-28 21:32:19Z" end-time="2023-07-28 21:32:19Z" duration="0.001270" asserts="3" />
      </test-suite>
      <test-suite type="TestFixture" id="0-1132" name="SpecExprIfIntOps" fullname="Kaitai.SpecExprIfIntOps" classname="Kaitai.SpecExprIfIntOps" runstate="Runnable" testcasecount="1" result="Passed" start-time="2023-07-28 21:32:19Z" end-time="2023-07-28 21:32:19Z" duration="0.031286" total="1" passed="1" failed="0" inconclusive="0" skipped="0" asserts="2">
        <test-case id="0-1133" name="TestExprIfIntOps" fullname="Kaitai.SpecExprIfIntOps.TestExprIfIntOps" methodname="TestExprIfIntOps" classname="Kaitai.SpecExprIfIntOps" runstate="Runnable" seed="1185041105" result="Passed" start-time="2023-07-28 21:32:19Z" end-time="2023-07-28 21:32:19Z" duration="0.001727" asserts="2" />
      </test-suite>
      <test-suite type="TestFixture" id="0-1134" name="SpecExprIntDiv" fullname="Kaitai.SpecExprIntDiv" classname="Kaitai.SpecExprIntDiv" runstate="Runnable" testcasecount="1" result="Failed" site="Child" start-time="2023-07-28 21:32:19Z" end-time="2023-07-28 21:32:19Z" duration="0.172493" total="1" passed="0" failed="1" inconclusive="0" skipped="0" asserts="4">
        <failure>
          <message><![CDATA[One or more child tests had errors]]></message>
        </failure>
        <test-case id="0-1135" name="TestExprIntDiv" fullname="Kaitai.SpecExprIntDiv.TestExprIntDiv" methodname="TestExprIntDiv" classname="Kaitai.SpecExprIntDiv" runstate="Runnable" seed="1370912537" result="Failed" start-time="2023-07-28 21:32:19Z" end-time="2023-07-28 21:32:19Z" duration="0.143897" asserts="4">
          <failure>
            <message><![CDATA[  Expected: -756
  But was:  -757
]]></message>
            <stack-trace><![CDATA[at Kaitai.SpecExprIntDiv.TestExprIntDiv() in D:\a\ci_targets\ci_targets\tests\spec\csharp\kaitai_struct_csharp_tests\tests\SpecExprIntDiv.cs:line 18
]]></stack-trace>
          </failure>
        </test-case>
      </test-suite>
      <test-suite type="TestFixture" id="0-1136" name="SpecExprIoEof" fullname="Kaitai.SpecExprIoEof" classname="Kaitai.SpecExprIoEof" runstate="Runnable" testcasecount="1" result="Passed" start-time="2023-07-28 21:32:19Z" end-time="2023-07-28 21:32:19Z" duration="0.031197" total="1" passed="1" failed="0" inconclusive="0" skipped="0" asserts="4">
        <test-case id="0-1137" name="TestExprIoEof" fullname="Kaitai.SpecExprIoEof.TestExprIoEof" methodname="TestExprIoEof" classname="Kaitai.SpecExprIoEof" runstate="Runnable" seed="729449748" result="Passed" start-time="2023-07-28 21:32:19Z" end-time="2023-07-28 21:32:19Z" duration="0.002258" asserts="4" />
      </test-suite>
      <test-suite type="TestFixture" id="0-1138" name="SpecExprIoPos" fullname="Kaitai.SpecExprIoPos" classname="Kaitai.SpecExprIoPos" runstate="Runnable" testcasecount="1" result="Passed" start-time="2023-07-28 21:32:19Z" end-time="2023-07-28 21:32:19Z" duration="0.031276" total="1" passed="1" failed="0" inconclusive="0" skipped="0" asserts="6">
        <test-case id="0-1139" name="TestExprIoPos" fullname="Kaitai.SpecExprIoPos.TestExprIoPos" methodname="TestExprIoPos" classname="Kaitai.SpecExprIoPos" runstate="Runnable" seed="116951838" result="Passed" start-time="2023-07-28 21:32:19Z" end-time="2023-07-28 21:32:19Z" duration="0.001883" asserts="6" />
      </test-suite>
      <test-suite type="TestFixture" id="0-1140" name="SpecExprMod" fullname="Kaitai.SpecExprMod" classname="Kaitai.SpecExprMod" runstate="Runnable" testcasecount="1" result="Passed" start-time="2023-07-28 21:32:20Z" end-time="2023-07-28 21:32:20Z" duration="0.031228" total="1" passed="1" failed="0" inconclusive="0" skipped="0" asserts="6">
        <test-case id="0-1141" name="TestExprMod" fullname="Kaitai.SpecExprMod.TestExprMod" methodname="TestExprMod" classname="Kaitai.SpecExprMod" runstate="Runnable" seed="2084253601" result="Passed" start-time="2023-07-28 21:32:20Z" end-time="2023-07-28 21:32:20Z" duration="0.001643" asserts="6" />
      </test-suite>
      <test-suite type="TestFixture" id="0-1142" name="SpecExprSizeofType0" fullname="Kaitai.SpecExprSizeofType0" classname="Kaitai.SpecExprSizeofType0" runstate="Runnable" testcasecount="1" result="Passed" start-time="2023-07-28 21:32:20Z" end-time="2023-07-28 21:32:20Z" duration="0.031216" total="1" passed="1" failed="0" inconclusive="0" skipped="0" asserts="1">
        <test-case id="0-1143" name="TestExprSizeofType0" fullname="Kaitai.SpecExprSizeofType0.TestExprSizeofType0" methodname="TestExprSizeofType0" classname="Kaitai.SpecExprSizeofType0" runstate="Runnable" seed="1393698445" result="Passed" start-time="2023-07-28 21:32:20Z" end-time="2023-07-28 21:32:20Z" duration="0.000800" asserts="1" />
      </test-suite>
      <test-suite type="TestFixture" id="0-1144" name="SpecExprSizeofType1" fullname="Kaitai.SpecExprSizeofType1" classname="Kaitai.SpecExprSizeofType1" runstate="Runnable" testcasecount="1" result="Passed" start-time="2023-07-28 21:32:20Z" end-time="2023-07-28 21:32:20Z" duration="0.031246" total="1" passed="1" failed="0" inconclusive="0" skipped="0" asserts="2">
        <test-case id="0-1145" name="TestExprSizeofType1" fullname="Kaitai.SpecExprSizeofType1.TestExprSizeofType1" methodname="TestExprSizeofType1" classname="Kaitai.SpecExprSizeofType1" runstate="Runnable" seed="1348548943" result="Passed" start-time="2023-07-28 21:32:20Z" end-time="2023-07-28 21:32:20Z" duration="0.000881" asserts="2" />
      </test-suite>
      <test-suite type="TestFixture" id="0-1146" name="SpecExprSizeofValue0" fullname="Kaitai.SpecExprSizeofValue0" classname="Kaitai.SpecExprSizeofValue0" runstate="Runnable" testcasecount="1" result="Passed" start-time="2023-07-28 21:32:20Z" end-time="2023-07-28 21:32:20Z" duration="0.031214" total="1" passed="1" failed="0" inconclusive="0" skipped="0" asserts="5">
        <test-case id="0-1147" name="TestExprSizeofValue0" fullname="Kaitai.SpecExprSizeofValue0.TestExprSizeofValue0" methodname="TestExprSizeofValue0" classname="Kaitai.SpecExprSizeofValue0" runstate="Runnable" seed="1586837046" result="Passed" start-time="2023-07-28 21:32:20Z" end-time="2023-07-28 21:32:20Z" duration="0.001439" asserts="5" />
      </test-suite>
      <test-suite type="TestFixture" id="0-1148" name="SpecExprSizeofValueSized" fullname="Kaitai.SpecExprSizeofValueSized" classname="Kaitai.SpecExprSizeofValueSized" runstate="Runnable" testcasecount="1" result="Passed" start-time="2023-07-28 21:32:20Z" end-time="2023-07-28 21:32:20Z" duration="0.031270" total="1" passed="1" failed="0" inconclusive="0" skipped="0" asserts="5">
        <test-case id="0-1149" name="TestExprSizeofValueSized" fullname="Kaitai.SpecExprSizeofValueSized.TestExprSizeofValueSized" methodname="TestExprSizeofValueSized" classname="Kaitai.SpecExprSizeofValueSized" runstate="Runnable" seed="426479195" result="Passed" start-time="2023-07-28 21:32:20Z" end-time="2023-07-28 21:32:20Z" duration="0.001460" asserts="5" />
      </test-suite>
      <test-suite type="TestFixture" id="0-1150" name="SpecExprStrEncodings" fullname="Kaitai.SpecExprStrEncodings" classname="Kaitai.SpecExprStrEncodings" runstate="Runnable" testcasecount="1" result="Passed" start-time="2023-07-28 21:32:20Z" end-time="2023-07-28 21:32:20Z" duration="0.031266" total="1" passed="1" failed="0" inconclusive="0" skipped="0" asserts="7">
        <test-case id="0-1151" name="TestExprStrEncodings" fullname="Kaitai.SpecExprStrEncodings.TestExprStrEncodings" methodname="TestExprStrEncodings" classname="Kaitai.SpecExprStrEncodings" runstate="Runnable" seed="2075439718" result="Passed" start-time="2023-07-28 21:32:20Z" end-time="2023-07-28 21:32:20Z" duration="0.003715" asserts="7" />
      </test-suite>
      <test-suite type="TestFixture" id="0-1152" name="SpecExprStrOps" fullname="Kaitai.SpecExprStrOps" classname="Kaitai.SpecExprStrOps" runstate="Runnable" testcasecount="1" result="Passed" start-time="2023-07-28 21:32:20Z" end-time="2023-07-28 21:32:20Z" duration="0.031532" total="1" passed="1" failed="0" inconclusive="0" skipped="0" asserts="17">
        <test-case id="0-1153" name="TestExprStrOps" fullname="Kaitai.SpecExprStrOps.TestExprStrOps" methodname="TestExprStrOps" classname="Kaitai.SpecExprStrOps" runstate="Runnable" seed="874954479" result="Passed" start-time="2023-07-28 21:32:20Z" end-time="2023-07-28 21:32:20Z" duration="0.003837" asserts="17" />
      </test-suite>
      <test-suite type="TestFixture" id="0-1154" name="SpecExprToITrailing" fullname="Kaitai.SpecExprToITrailing" classname="Kaitai.SpecExprToITrailing" runstate="Runnable" testcasecount="1" result="Failed" site="Child" start-time="2023-07-28 21:32:20Z" end-time="2023-07-28 21:32:20Z" duration="0.046826" total="1" passed="0" failed="1" inconclusive="0" skipped="0" asserts="1">
        <failure>
          <message><![CDATA[One or more child tests had errors]]></message>
        </failure>
        <test-case id="0-1155" name="TestExprToITrailing" fullname="Kaitai.SpecExprToITrailing.TestExprToITrailing" methodname="TestExprToITrailing" classname="Kaitai.SpecExprToITrailing" runstate="Runnable" seed="34240024" result="Failed" label="Error" start-time="2023-07-28 21:32:20Z" end-time="2023-07-28 21:32:20Z" duration="0.026337" asserts="1">
          <failure>
            <message><![CDATA[System.ArgumentException : Invalid Base.]]></message>
            <stack-trace><![CDATA[   at System.Convert.ToInt64(String value, Int32 fromBase)
   at Kaitai.ExprToITrailing.get_ToIR13() in D:\a\ci_targets\ci_targets\tests\compiled\csharp\ExprToITrailing.cs:line 47
   at Kaitai.SpecExprToITrailing.TestExprToITrailing() in D:\a\ci_targets\ci_targets\tests\spec\csharp\kaitai_struct_csharp_tests\tests\SpecExprToITrailing.cs:line 21]]></stack-trace>
          </failure>
        </test-case>
      </test-suite>
      <test-suite type="TestFixture" id="0-1156" name="SpecFixedContents" fullname="Kaitai.SpecFixedContents" classname="Kaitai.SpecFixedContents" runstate="Runnable" testcasecount="1" result="Passed" start-time="2023-07-28 21:32:20Z" end-time="2023-07-28 21:32:20Z" duration="0.031542" total="1" passed="1" failed="0" inconclusive="0" skipped="0" asserts="0">
        <test-case id="0-1157" name="TestFixedContents" fullname="Kaitai.SpecFixedContents.TestFixedContents" methodname="TestFixedContents" classname="Kaitai.SpecFixedContents" runstate="Runnable" seed="1337507056" result="Passed" start-time="2023-07-28 21:32:20Z" end-time="2023-07-28 21:32:20Z" duration="0.001368" asserts="0" />
      </test-suite>
      <test-suite type="TestFixture" id="0-1158" name="SpecFixedStruct" fullname="Kaitai.SpecFixedStruct" classname="Kaitai.SpecFixedStruct" runstate="Runnable" testcasecount="1" result="Passed" start-time="2023-07-28 21:32:20Z" end-time="2023-07-28 21:32:20Z" duration="0.031201" total="1" passed="1" failed="0" inconclusive="0" skipped="0" asserts="20">
        <test-case id="0-1159" name="TestFixedStruct" fullname="Kaitai.SpecFixedStruct.TestFixedStruct" methodname="TestFixedStruct" classname="Kaitai.SpecFixedStruct" runstate="Runnable" seed="1644791475" result="Passed" start-time="2023-07-28 21:32:20Z" end-time="2023-07-28 21:32:20Z" duration="0.005281" asserts="20" />
      </test-suite>
      <test-suite type="TestFixture" id="0-1162" name="SpecFloatingPoints" fullname="Kaitai.SpecFloatingPoints" classname="Kaitai.SpecFloatingPoints" runstate="Runnable" testcasecount="1" result="Passed" start-time="2023-07-28 21:32:20Z" end-time="2023-07-28 21:32:20Z" duration="0.031304" total="1" passed="1" failed="0" inconclusive="0" skipped="0" asserts="8">
        <test-case id="0-1163" name="TestFloatingPoints" fullname="Kaitai.SpecFloatingPoints.TestFloatingPoints" methodname="TestFloatingPoints" classname="Kaitai.SpecFloatingPoints" runstate="Runnable" seed="171748820" result="Passed" start-time="2023-07-28 21:32:20Z" end-time="2023-07-28 21:32:20Z" duration="0.001589" asserts="8" />
      </test-suite>
      <test-suite type="TestFixture" id="0-1160" name="SpecFloatToI" fullname="Kaitai.SpecFloatToI" classname="Kaitai.SpecFloatToI" runstate="Runnable" testcasecount="1" result="Passed" start-time="2023-07-28 21:32:20Z" end-time="2023-07-28 21:32:20Z" duration="0.031243" total="1" passed="1" failed="0" inconclusive="0" skipped="0" asserts="8">
        <test-case id="0-1161" name="TestFloatToI" fullname="Kaitai.SpecFloatToI.TestFloatToI" methodname="TestFloatToI" classname="Kaitai.SpecFloatToI" runstate="Runnable" seed="1168480623" result="Passed" start-time="2023-07-28 21:32:20Z" end-time="2023-07-28 21:32:20Z" duration="0.001665" asserts="8" />
      </test-suite>
      <test-suite type="TestFixture" id="0-1164" name="SpecHelloWorld" fullname="Kaitai.SpecHelloWorld" classname="Kaitai.SpecHelloWorld" runstate="Runnable" testcasecount="1" result="Passed" start-time="2023-07-28 21:32:20Z" end-time="2023-07-28 21:32:20Z" duration="0.031282" total="1" passed="1" failed="0" inconclusive="0" skipped="0" asserts="1">
        <test-case id="0-1165" name="TestHelloWorld" fullname="Kaitai.SpecHelloWorld.TestHelloWorld" methodname="TestHelloWorld" classname="Kaitai.SpecHelloWorld" runstate="Runnable" seed="550831516" result="Passed" start-time="2023-07-28 21:32:20Z" end-time="2023-07-28 21:32:20Z" duration="0.000616" asserts="1" />
      </test-suite>
      <test-suite type="TestFixture" id="0-1166" name="SpecIfInstances" fullname="Kaitai.SpecIfInstances" classname="Kaitai.SpecIfInstances" runstate="Runnable" testcasecount="1" result="Passed" start-time="2023-07-28 21:32:20Z" end-time="2023-07-28 21:32:20Z" duration="0.031249" total="1" passed="1" failed="0" inconclusive="0" skipped="0" asserts="1">
        <test-case id="0-1167" name="TestIfInstances" fullname="Kaitai.SpecIfInstances.TestIfInstances" methodname="TestIfInstances" classname="Kaitai.SpecIfInstances" runstate="Runnable" seed="1289269587" result="Passed" start-time="2023-07-28 21:32:20Z" end-time="2023-07-28 21:32:20Z" duration="0.001047" asserts="1" />
      </test-suite>
      <test-suite type="TestFixture" id="0-1168" name="SpecIfStruct" fullname="Kaitai.SpecIfStruct" classname="Kaitai.SpecIfStruct" runstate="Runnable" testcasecount="1" result="Passed" start-time="2023-07-28 21:32:20Z" end-time="2023-07-28 21:32:20Z" duration="0.031270" total="1" passed="1" failed="0" inconclusive="0" skipped="0" asserts="7">
        <test-case id="0-1169" name="TestIfStruct" fullname="Kaitai.SpecIfStruct.TestIfStruct" methodname="TestIfStruct" classname="Kaitai.SpecIfStruct" runstate="Runnable" seed="684066789" result="Passed" start-time="2023-07-28 21:32:20Z" end-time="2023-07-28 21:32:20Z" duration="0.002173" asserts="7" />
      </test-suite>
      <test-suite type="TestFixture" id="0-1170" name="SpecIfValues" fullname="Kaitai.SpecIfValues" classname="Kaitai.SpecIfValues" runstate="Runnable" testcasecount="1" result="Passed" start-time="2023-07-28 21:32:20Z" end-time="2023-07-28 21:32:20Z" duration="0.031182" total="1" passed="1" failed="0" inconclusive="0" skipped="0" asserts="6">
        <test-case id="0-1171" name="TestIfValues" fullname="Kaitai.SpecIfValues.TestIfValues" methodname="TestIfValues" classname="Kaitai.SpecIfValues" runstate="Runnable" seed="1473052564" result="Passed" start-time="2023-07-28 21:32:20Z" end-time="2023-07-28 21:32:20Z" duration="0.001866" asserts="6" />
      </test-suite>
      <test-suite type="TestFixture" id="0-1172" name="SpecImports0" fullname="Kaitai.SpecImports0" classname="Kaitai.SpecImports0" runstate="Runnable" testcasecount="1" result="Passed" start-time="2023-07-28 21:32:21Z" end-time="2023-07-28 21:32:21Z" duration="0.031193" total="1" passed="1" failed="0" inconclusive="0" skipped="0" asserts="3">
        <test-case id="0-1173" name="TestImports0" fullname="Kaitai.SpecImports0.TestImports0" methodname="TestImports0" classname="Kaitai.SpecImports0" runstate="Runnable" seed="553294068" result="Passed" start-time="2023-07-28 21:32:21Z" end-time="2023-07-28 21:32:21Z" duration="0.001184" asserts="3" />
      </test-suite>
      <test-suite type="TestFixture" id="0-1174" name="SpecImportsAbs" fullname="Kaitai.SpecImportsAbs" classname="Kaitai.SpecImportsAbs" runstate="Runnable" testcasecount="1" result="Passed" start-time="2023-07-28 21:32:21Z" end-time="2023-07-28 21:32:21Z" duration="0.031205" total="1" passed="1" failed="0" inconclusive="0" skipped="0" asserts="2">
        <test-case id="0-1175" name="TestImportsAbs" fullname="Kaitai.SpecImportsAbs.TestImportsAbs" methodname="TestImportsAbs" classname="Kaitai.SpecImportsAbs" runstate="Runnable" seed="927147389" result="Passed" start-time="2023-07-28 21:32:21Z" end-time="2023-07-28 21:32:21Z" duration="0.002646" asserts="2" />
      </test-suite>
      <test-suite type="TestFixture" id="0-1176" name="SpecImportsAbsAbs" fullname="Kaitai.SpecImportsAbsAbs" classname="Kaitai.SpecImportsAbsAbs" runstate="Runnable" testcasecount="1" result="Passed" start-time="2023-07-28 21:32:21Z" end-time="2023-07-28 21:32:21Z" duration="0.031221" total="1" passed="1" failed="0" inconclusive="0" skipped="0" asserts="3">
        <test-case id="0-1177" name="TestImportsAbsAbs" fullname="Kaitai.SpecImportsAbsAbs.TestImportsAbsAbs" methodname="TestImportsAbsAbs" classname="Kaitai.SpecImportsAbsAbs" runstate="Runnable" seed="68108950" result="Passed" start-time="2023-07-28 21:32:21Z" end-time="2023-07-28 21:32:21Z" duration="0.001481" asserts="3" />
      </test-suite>
      <test-suite type="TestFixture" id="0-1178" name="SpecImportsAbsRel" fullname="Kaitai.SpecImportsAbsRel" classname="Kaitai.SpecImportsAbsRel" runstate="Runnable" testcasecount="1" result="Passed" start-time="2023-07-28 21:32:21Z" end-time="2023-07-28 21:32:21Z" duration="0.031289" total="1" passed="1" failed="0" inconclusive="0" skipped="0" asserts="3">
        <test-case id="0-1179" name="TestImportsAbsRel" fullname="Kaitai.SpecImportsAbsRel.TestImportsAbsRel" methodname="TestImportsAbsRel" classname="Kaitai.SpecImportsAbsRel" runstate="Runnable" seed="1945130801" result="Passed" start-time="2023-07-28 21:32:21Z" end-time="2023-07-28 21:32:21Z" duration="0.001351" asserts="3" />
      </test-suite>
      <test-suite type="TestFixture" id="0-1180" name="SpecImportsCircularA" fullname="Kaitai.SpecImportsCircularA" classname="Kaitai.SpecImportsCircularA" runstate="Runnable" testcasecount="1" result="Passed" start-time="2023-07-28 21:32:21Z" end-time="2023-07-28 21:32:21Z" duration="0.031327" total="1" passed="1" failed="0" inconclusive="0" skipped="0" asserts="5">
        <test-case id="0-1181" name="TestImportsCircularA" fullname="Kaitai.SpecImportsCircularA.TestImportsCircularA" methodname="TestImportsCircularA" classname="Kaitai.SpecImportsCircularA" runstate="Runnable" seed="1996575901" result="Passed" start-time="2023-07-28 21:32:21Z" end-time="2023-07-28 21:32:21Z" duration="0.001382" asserts="5" />
      </test-suite>
      <test-suite type="TestFixture" id="0-1182" name="SpecImportsRel1" fullname="Kaitai.SpecImportsRel1" classname="Kaitai.SpecImportsRel1" runstate="Runnable" testcasecount="1" result="Passed" start-time="2023-07-28 21:32:21Z" end-time="2023-07-28 21:32:21Z" duration="0.031229" total="1" passed="1" failed="0" inconclusive="0" skipped="0" asserts="3">
        <test-case id="0-1183" name="TestImportsRel1" fullname="Kaitai.SpecImportsRel1.TestImportsRel1" methodname="TestImportsRel1" classname="Kaitai.SpecImportsRel1" runstate="Runnable" seed="1110222198" result="Passed" start-time="2023-07-28 21:32:21Z" end-time="2023-07-28 21:32:21Z" duration="0.001354" asserts="3" />
      </test-suite>
      <test-suite type="TestFixture" id="0-1184" name="SpecIndexSizes" fullname="Kaitai.SpecIndexSizes" classname="Kaitai.SpecIndexSizes" runstate="Runnable" testcasecount="1" result="Passed" start-time="2023-07-28 21:32:21Z" end-time="2023-07-28 21:32:21Z" duration="0.031176" total="1" passed="1" failed="0" inconclusive="0" skipped="0" asserts="7">
        <test-case id="0-1185" name="TestIndexSizes" fullname="Kaitai.SpecIndexSizes.TestIndexSizes" methodname="TestIndexSizes" classname="Kaitai.SpecIndexSizes" runstate="Runnable" seed="1405162580" result="Passed" start-time="2023-07-28 21:32:21Z" end-time="2023-07-28 21:32:21Z" duration="0.001432" asserts="7" />
      </test-suite>
      <test-suite type="TestFixture" id="0-1186" name="SpecIndexToParamEos" fullname="Kaitai.SpecIndexToParamEos" classname="Kaitai.SpecIndexToParamEos" runstate="Runnable" testcasecount="1" result="Passed" start-time="2023-07-28 21:32:21Z" end-time="2023-07-28 21:32:21Z" duration="0.031279" total="1" passed="1" failed="0" inconclusive="0" skipped="0" asserts="7">
        <test-case id="0-1187" name="TestIndexToParamEos" fullname="Kaitai.SpecIndexToParamEos.TestIndexToParamEos" methodname="TestIndexToParamEos" classname="Kaitai.SpecIndexToParamEos" runstate="Runnable" seed="448875484" result="Passed" start-time="2023-07-28 21:32:21Z" end-time="2023-07-28 21:32:21Z" duration="0.001975" asserts="7" />
      </test-suite>
      <test-suite type="TestFixture" id="0-1188" name="SpecIndexToParamExpr" fullname="Kaitai.SpecIndexToParamExpr" classname="Kaitai.SpecIndexToParamExpr" runstate="Runnable" testcasecount="1" result="Passed" start-time="2023-07-28 21:32:21Z" end-time="2023-07-28 21:32:21Z" duration="0.031544" total="1" passed="1" failed="0" inconclusive="0" skipped="0" asserts="7">
        <test-case id="0-1189" name="TestIndexToParamExpr" fullname="Kaitai.SpecIndexToParamExpr.TestIndexToParamExpr" methodname="TestIndexToParamExpr" classname="Kaitai.SpecIndexToParamExpr" runstate="Runnable" seed="2133729866" result="Passed" start-time="2023-07-28 21:32:21Z" end-time="2023-07-28 21:32:21Z" duration="0.001986" asserts="7" />
      </test-suite>
      <test-suite type="TestFixture" id="0-1190" name="SpecIndexToParamUntil" fullname="Kaitai.SpecIndexToParamUntil" classname="Kaitai.SpecIndexToParamUntil" runstate="Runnable" testcasecount="1" result="Passed" start-time="2023-07-28 21:32:21Z" end-time="2023-07-28 21:32:21Z" duration="0.031269" total="1" passed="1" failed="0" inconclusive="0" skipped="0" asserts="7">
        <test-case id="0-1191" name="TestIndexToParamUntil" fullname="Kaitai.SpecIndexToParamUntil.TestIndexToParamUntil" methodname="TestIndexToParamUntil" classname="Kaitai.SpecIndexToParamUntil" runstate="Runnable" seed="1808520837" result="Passed" start-time="2023-07-28 21:32:21Z" end-time="2023-07-28 21:32:21Z" duration="0.002018" asserts="7" />
      </test-suite>
      <test-suite type="TestFixture" id="0-1192" name="SpecInstanceIoUser" fullname="Kaitai.SpecInstanceIoUser" classname="Kaitai.SpecInstanceIoUser" runstate="Runnable" testcasecount="1" result="Passed" start-time="2023-07-28 21:32:21Z" end-time="2023-07-28 21:32:21Z" duration="0.031181" total="1" passed="1" failed="0" inconclusive="0" skipped="0" asserts="4">
        <test-case id="0-1193" name="TestInstanceIoUser" fullname="Kaitai.SpecInstanceIoUser.TestInstanceIoUser" methodname="TestInstanceIoUser" classname="Kaitai.SpecInstanceIoUser" runstate="Runnable" seed="255764123" result="Passed" start-time="2023-07-28 21:32:21Z" end-time="2023-07-28 21:32:21Z" duration="0.002234" asserts="4" />
      </test-suite>
      <test-suite type="TestFixture" id="0-1194" name="SpecInstanceStd" fullname="Kaitai.SpecInstanceStd" classname="Kaitai.SpecInstanceStd" runstate="Runnable" testcasecount="1" result="Passed" start-time="2023-07-28 21:32:21Z" end-time="2023-07-28 21:32:21Z" duration="0.031336" total="1" passed="1" failed="0" inconclusive="0" skipped="0" asserts="1">
        <test-case id="0-1195" name="TestInstanceStd" fullname="Kaitai.SpecInstanceStd.TestInstanceStd" methodname="TestInstanceStd" classname="Kaitai.SpecInstanceStd" runstate="Runnable" seed="1114889345" result="Passed" start-time="2023-07-28 21:32:21Z" end-time="2023-07-28 21:32:21Z" duration="0.000983" asserts="1" />
      </test-suite>
      <test-suite type="TestFixture" id="0-1196" name="SpecInstanceStdArray" fullname="Kaitai.SpecInstanceStdArray" classname="Kaitai.SpecInstanceStdArray" runstate="Runnable" testcasecount="1" result="Passed" start-time="2023-07-28 21:32:21Z" end-time="2023-07-28 21:32:21Z" duration="0.031273" total="1" passed="1" failed="0" inconclusive="0" skipped="0" asserts="7">
        <test-case id="0-1197" name="TestInstanceStdArray" fullname="Kaitai.SpecInstanceStdArray.TestInstanceStdArray" methodname="TestInstanceStdArray" classname="Kaitai.SpecInstanceStdArray" runstate="Runnable" seed="1364160157" result="Passed" start-time="2023-07-28 21:32:21Z" end-time="2023-07-28 21:32:21Z" duration="0.001584" asserts="7" />
      </test-suite>
      <test-suite type="TestFixture" id="0-1198" name="SpecIntegers" fullname="Kaitai.SpecIntegers" classname="Kaitai.SpecIntegers" runstate="Runnable" testcasecount="1" result="Passed" start-time="2023-07-28 21:32:21Z" end-time="2023-07-28 21:32:21Z" duration="0.031320" total="1" passed="1" failed="0" inconclusive="0" skipped="0" asserts="20">
        <test-case id="0-1199" name="TestIntegers" fullname="Kaitai.SpecIntegers.TestIntegers" methodname="TestIntegers" classname="Kaitai.SpecIntegers" runstate="Runnable" seed="669108483" result="Passed" start-time="2023-07-28 21:32:21Z" end-time="2023-07-28 21:32:21Z" duration="0.003789" asserts="20" />
      </test-suite>
      <test-suite type="TestFixture" id="0-1200" name="SpecIntegersDoubleOverflow" fullname="Kaitai.SpecIntegersDoubleOverflow" classname="Kaitai.SpecIntegersDoubleOverflow" runstate="Runnable" testcasecount="1" result="Passed" start-time="2023-07-28 21:32:21Z" end-time="2023-07-28 21:32:21Z" duration="0.031222" total="1" passed="1" failed="0" inconclusive="0" skipped="0" asserts="8">
        <test-case id="0-1201" name="TestIntegersDoubleOverflow" fullname="Kaitai.SpecIntegersDoubleOverflow.TestIntegersDoubleOverflow" methodname="TestIntegersDoubleOverflow" classname="Kaitai.SpecIntegersDoubleOverflow" runstate="Runnable" seed="1133009308" result="Passed" start-time="2023-07-28 21:32:21Z" end-time="2023-07-28 21:32:21Z" duration="0.001336" asserts="8" />
      </test-suite>
      <test-suite type="TestFixture" id="0-1202" name="SpecIntegersMinMax" fullname="Kaitai.SpecIntegersMinMax" classname="Kaitai.SpecIntegersMinMax" runstate="Runnable" testcasecount="1" result="Passed" start-time="2023-07-28 21:32:21Z" end-time="2023-07-28 21:32:22Z" duration="0.031285" total="1" passed="1" failed="0" inconclusive="0" skipped="0" asserts="28">
        <test-case id="0-1203" name="TestIntegersMinMax" fullname="Kaitai.SpecIntegersMinMax.TestIntegersMinMax" methodname="TestIntegersMinMax" classname="Kaitai.SpecIntegersMinMax" runstate="Runnable" seed="824328687" result="Passed" start-time="2023-07-28 21:32:21Z" end-time="2023-07-28 21:32:21Z" duration="0.003321" asserts="28" />
      </test-suite>
      <test-suite type="TestFixture" id="0-1204" name="SpecIoLocalVar" fullname="Kaitai.SpecIoLocalVar" classname="Kaitai.SpecIoLocalVar" runstate="Runnable" testcasecount="1" result="Passed" start-time="2023-07-28 21:32:22Z" end-time="2023-07-28 21:32:22Z" duration="0.031307" total="1" passed="1" failed="0" inconclusive="0" skipped="0" asserts="2">
        <test-case id="0-1205" name="TestIoLocalVar" fullname="Kaitai.SpecIoLocalVar.TestIoLocalVar" methodname="TestIoLocalVar" classname="Kaitai.SpecIoLocalVar" runstate="Runnable" seed="721947903" result="Passed" start-time="2023-07-28 21:32:22Z" end-time="2023-07-28 21:32:22Z" duration="0.001680" asserts="2" />
      </test-suite>
      <test-suite type="TestFixture" id="0-1206" name="SpecJsSignedRightShift" fullname="Kaitai.SpecJsSignedRightShift" classname="Kaitai.SpecJsSignedRightShift" runstate="Runnable" testcasecount="1" result="Passed" start-time="2023-07-28 21:32:22Z" end-time="2023-07-28 21:32:22Z" duration="0.031271" total="1" passed="1" failed="0" inconclusive="0" skipped="0" asserts="2">
        <test-case id="0-1207" name="TestJsSignedRightShift" fullname="Kaitai.SpecJsSignedRightShift.TestJsSignedRightShift" methodname="TestJsSignedRightShift" classname="Kaitai.SpecJsSignedRightShift" runstate="Runnable" seed="1176777998" result="Passed" start-time="2023-07-28 21:32:22Z" end-time="2023-07-28 21:32:22Z" duration="0.000862" asserts="2" />
      </test-suite>
      <test-suite type="TestFixture" id="0-1208" name="SpecMetaTags" fullname="Kaitai.SpecMetaTags" classname="Kaitai.SpecMetaTags" runstate="Runnable" testcasecount="1" result="Passed" start-time="2023-07-28 21:32:22Z" end-time="2023-07-28 21:32:22Z" duration="0.031192" total="1" passed="1" failed="0" inconclusive="0" skipped="0" asserts="0">
        <test-case id="0-1209" name="TestMetaTags" fullname="Kaitai.SpecMetaTags.TestMetaTags" methodname="TestMetaTags" classname="Kaitai.SpecMetaTags" runstate="Runnable" seed="1898846328" result="Passed" start-time="2023-07-28 21:32:22Z" end-time="2023-07-28 21:32:22Z" duration="0.000699" asserts="0" />
      </test-suite>
      <test-suite type="TestFixture" id="0-1210" name="SpecMetaXref" fullname="Kaitai.SpecMetaXref" classname="Kaitai.SpecMetaXref" runstate="Runnable" testcasecount="1" result="Passed" start-time="2023-07-28 21:32:22Z" end-time="2023-07-28 21:32:22Z" duration="0.031211" total="1" passed="1" failed="0" inconclusive="0" skipped="0" asserts="0">
        <test-case id="0-1211" name="TestMetaXref" fullname="Kaitai.SpecMetaXref.TestMetaXref" methodname="TestMetaXref" classname="Kaitai.SpecMetaXref" runstate="Runnable" seed="809933192" result="Passed" start-time="2023-07-28 21:32:22Z" end-time="2023-07-28 21:32:22Z" duration="0.000639" asserts="0" />
      </test-suite>
      <test-suite type="TestFixture" id="0-1212" name="SpecMultipleUse" fullname="Kaitai.SpecMultipleUse" classname="Kaitai.SpecMultipleUse" runstate="Runnable" testcasecount="1" result="Passed" start-time="2023-07-28 21:32:22Z" end-time="2023-07-28 21:32:22Z" duration="0.031331" total="1" passed="1" failed="0" inconclusive="0" skipped="0" asserts="2">
[...]
      </test-suite>
      <test-suite type="TestFixture" id="0-1384" name="SpecTsPacketHeader" fullname="Kaitai.SpecTsPacketHeader" classname="Kaitai.SpecTsPacketHeader" runstate="Runnable" testcasecount="1" result="Passed" start-time="2023-07-28 21:32:27Z" end-time="2023-07-28 21:32:27Z" duration="0.031285" total="1" passed="1" failed="0" inconclusive="0" skipped="0" asserts="7">
        <test-case id="0-1385" name="TestTsPacketHeader" fullname="Kaitai.SpecTsPacketHeader.TestTsPacketHeader" methodname="TestTsPacketHeader" classname="Kaitai.SpecTsPacketHeader" runstate="Runnable" seed="933053718" result="Passed" start-time="2023-07-28 21:32:27Z" end-time="2023-07-28 21:32:27Z" duration="0.001670" asserts="7" />
      </test-suite>
      <test-suite type="TestFixture" id="0-1386" name="SpecTypeIntUnaryOp" fullname="Kaitai.SpecTypeIntUnaryOp" classname="Kaitai.SpecTypeIntUnaryOp" runstate="Runnable" testcasecount="1" result="Passed" start-time="2023-07-28 21:32:27Z" end-time="2023-07-28 21:32:27Z" duration="0.031258" total="1" passed="1" failed="0" inconclusive="0" skipped="0" asserts="4">
        <test-case id="0-1387" name="TestTypeIntUnaryOp" fullname="Kaitai.SpecTypeIntUnaryOp.TestTypeIntUnaryOp" methodname="TestTypeIntUnaryOp" classname="Kaitai.SpecTypeIntUnaryOp" runstate="Runnable" seed="865470126" result="Passed" start-time="2023-07-28 21:32:27Z" end-time="2023-07-28 21:32:27Z" duration="0.001205" asserts="4" />
      </test-suite>
      <test-suite type="TestFixture" id="0-1388" name="SpecTypeTernary" fullname="Kaitai.SpecTypeTernary" classname="Kaitai.SpecTypeTernary" runstate="Runnable" testcasecount="1" result="Passed" start-time="2023-07-28 21:32:27Z" end-time="2023-07-28 21:32:27Z" duration="0.031233" total="1" passed="1" failed="0" inconclusive="0" skipped="0" asserts="1">
        <test-case id="0-1389" name="TestTypeTernary" fullname="Kaitai.SpecTypeTernary.TestTypeTernary" methodname="TestTypeTernary" classname="Kaitai.SpecTypeTernary" runstate="Runnable" seed="1603504394" result="Passed" start-time="2023-07-28 21:32:27Z" end-time="2023-07-28 21:32:27Z" duration="0.001312" asserts="1" />
      </test-suite>
      <test-suite type="TestFixture" id="0-1390" name="SpecTypeTernary2ndFalsy" fullname="Kaitai.SpecTypeTernary2ndFalsy" classname="Kaitai.SpecTypeTernary2ndFalsy" runstate="Runnable" testcasecount="1" result="Passed" start-time="2023-07-28 21:32:27Z" end-time="2023-07-28 21:32:27Z" duration="0.031201" total="1" passed="1" failed="0" inconclusive="0" skipped="0" asserts="13">
        <test-case id="0-1391" name="TestTypeTernary2ndFalsy" fullname="Kaitai.SpecTypeTernary2ndFalsy.TestTypeTernary2ndFalsy" methodname="TestTypeTernary2ndFalsy" classname="Kaitai.SpecTypeTernary2ndFalsy" runstate="Runnable" seed="1077369767" result="Passed" start-time="2023-07-28 21:32:27Z" end-time="2023-07-28 21:32:27Z" duration="0.002752" asserts="13" />
      </test-suite>
      <test-suite type="TestFixture" id="0-1392" name="SpecTypeTernaryOpaque" fullname="Kaitai.SpecTypeTernaryOpaque" classname="Kaitai.SpecTypeTernaryOpaque" runstate="Runnable" testcasecount="1" result="Passed" start-time="2023-07-28 21:32:27Z" end-time="2023-07-28 21:32:27Z" duration="0.031321" total="1" passed="1" failed="0" inconclusive="0" skipped="0" asserts="3">
        <test-case id="0-1393" name="TestTypeTernaryOpaque" fullname="Kaitai.SpecTypeTernaryOpaque.TestTypeTernaryOpaque" methodname="TestTypeTernaryOpaque" classname="Kaitai.SpecTypeTernaryOpaque" runstate="Runnable" seed="354554260" result="Passed" start-time="2023-07-28 21:32:27Z" end-time="2023-07-28 21:32:27Z" duration="0.001255" asserts="3" />
      </test-suite>
      <test-suite type="TestFixture" id="0-1394" name="SpecUserType" fullname="Kaitai.SpecUserType" classname="Kaitai.SpecUserType" runstate="Runnable" testcasecount="1" result="Passed" start-time="2023-07-28 21:32:27Z" end-time="2023-07-28 21:32:28Z" duration="0.031320" total="1" passed="1" failed="0" inconclusive="0" skipped="0" asserts="2">
        <test-case id="0-1395" name="TestUserType" fullname="Kaitai.SpecUserType.TestUserType" methodname="TestUserType" classname="Kaitai.SpecUserType" runstate="Runnable" seed="17229165" result="Passed" start-time="2023-07-28 21:32:27Z" end-time="2023-07-28 21:32:27Z" duration="0.001321" asserts="2" />
      </test-suite>
      <test-suite type="TestFixture" id="0-1396" name="SpecValidEqStrEncodings" fullname="Kaitai.SpecValidEqStrEncodings" classname="Kaitai.SpecValidEqStrEncodings" runstate="Runnable" testcasecount="1" result="Passed" start-time="2023-07-28 21:32:28Z" end-time="2023-07-28 21:32:28Z" duration="0.031208" total="1" passed="1" failed="0" inconclusive="0" skipped="0" asserts="0">
        <test-case id="0-1397" name="TestValidEqStrEncodings" fullname="Kaitai.SpecValidEqStrEncodings.TestValidEqStrEncodings" methodname="TestValidEqStrEncodings" classname="Kaitai.SpecValidEqStrEncodings" runstate="Runnable" seed="198475857" result="Passed" start-time="2023-07-28 21:32:28Z" end-time="2023-07-28 21:32:28Z" duration="0.001839" asserts="0" />
      </test-suite>
      <test-suite type="TestFixture" id="0-1398" name="SpecValidFailAnyofInt" fullname="Kaitai.SpecValidFailAnyofInt" classname="Kaitai.SpecValidFailAnyofInt" runstate="Runnable" testcasecount="1" result="Passed" start-time="2023-07-28 21:32:28Z" end-time="2023-07-28 21:32:28Z" duration="0.031311" total="1" passed="1" failed="0" inconclusive="0" skipped="0" asserts="1">
        <test-case id="0-1399" name="TestValidFailAnyofInt" fullname="Kaitai.SpecValidFailAnyofInt.TestValidFailAnyofInt" methodname="TestValidFailAnyofInt" classname="Kaitai.SpecValidFailAnyofInt" runstate="Runnable" seed="1662226325" result="Passed" start-time="2023-07-28 21:32:28Z" end-time="2023-07-28 21:32:28Z" duration="0.001652" asserts="1" />
      </test-suite>
      <test-suite type="TestFixture" id="0-1400" name="SpecValidFailContents" fullname="Kaitai.SpecValidFailContents" classname="Kaitai.SpecValidFailContents" runstate="Runnable" testcasecount="1" result="Passed" start-time="2023-07-28 21:32:28Z" end-time="2023-07-28 21:32:28Z" duration="0.031279" total="1" passed="1" failed="0" inconclusive="0" skipped="0" asserts="1">
        <test-case id="0-1401" name="TestValidFailContents" fullname="Kaitai.SpecValidFailContents.TestValidFailContents" methodname="TestValidFailContents" classname="Kaitai.SpecValidFailContents" runstate="Runnable" seed="863860390" result="Passed" start-time="2023-07-28 21:32:28Z" end-time="2023-07-28 21:32:28Z" duration="0.001787" asserts="1" />
      </test-suite>
      <test-suite type="TestFixture" id="0-1402" name="SpecValidFailEqBytes" fullname="Kaitai.SpecValidFailEqBytes" classname="Kaitai.SpecValidFailEqBytes" runstate="Runnable" testcasecount="1" result="Passed" start-time="2023-07-28 21:32:28Z" end-time="2023-07-28 21:32:28Z" duration="0.031310" total="1" passed="1" failed="0" inconclusive="0" skipped="0" asserts="1">
        <test-case id="0-1403" name="TestValidFailEqBytes" fullname="Kaitai.SpecValidFailEqBytes.TestValidFailEqBytes" methodname="TestValidFailEqBytes" classname="Kaitai.SpecValidFailEqBytes" runstate="Runnable" seed="418005239" result="Passed" start-time="2023-07-28 21:32:28Z" end-time="2023-07-28 21:32:28Z" duration="0.001217" asserts="1" />
      </test-suite>
      <test-suite type="TestFixture" id="0-1404" name="SpecValidFailEqInt" fullname="Kaitai.SpecValidFailEqInt" classname="Kaitai.SpecValidFailEqInt" runstate="Runnable" testcasecount="1" result="Passed" start-time="2023-07-28 21:32:28Z" end-time="2023-07-28 21:32:28Z" duration="0.031376" total="1" passed="1" failed="0" inconclusive="0" skipped="0" asserts="1">
        <test-case id="0-1405" name="TestValidFailEqInt" fullname="Kaitai.SpecValidFailEqInt.TestValidFailEqInt" methodname="TestValidFailEqInt" classname="Kaitai.SpecValidFailEqInt" runstate="Runnable" seed="978314401" result="Passed" start-time="2023-07-28 21:32:28Z" end-time="2023-07-28 21:32:28Z" duration="0.001503" asserts="1" />
      </test-suite>
      <test-suite type="TestFixture" id="0-1406" name="SpecValidFailEqStr" fullname="Kaitai.SpecValidFailEqStr" classname="Kaitai.SpecValidFailEqStr" runstate="Runnable" testcasecount="1" result="Passed" start-time="2023-07-28 21:32:28Z" end-time="2023-07-28 21:32:28Z" duration="0.031329" total="1" passed="1" failed="0" inconclusive="0" skipped="0" asserts="1">
        <test-case id="0-1407" name="TestValidFailEqStr" fullname="Kaitai.SpecValidFailEqStr.TestValidFailEqStr" methodname="TestValidFailEqStr" classname="Kaitai.SpecValidFailEqStr" runstate="Runnable" seed="2090199410" result="Passed" start-time="2023-07-28 21:32:28Z" end-time="2023-07-28 21:32:28Z" duration="0.001124" asserts="1" />
      </test-suite>
      <test-suite type="TestFixture" id="0-1408" name="SpecValidFailExpr" fullname="Kaitai.SpecValidFailExpr" classname="Kaitai.SpecValidFailExpr" runstate="Runnable" testcasecount="1" result="Passed" start-time="2023-07-28 21:32:28Z" end-time="2023-07-28 21:32:28Z" duration="0.031298" total="1" passed="1" failed="0" inconclusive="0" skipped="0" asserts="1">
        <test-case id="0-1409" name="TestValidFailExpr" fullname="Kaitai.SpecValidFailExpr.TestValidFailExpr" methodname="TestValidFailExpr" classname="Kaitai.SpecValidFailExpr" runstate="Runnable" seed="1213939513" result="Passed" start-time="2023-07-28 21:32:28Z" end-time="2023-07-28 21:32:28Z" duration="0.001514" asserts="1" />
      </test-suite>
      <test-suite type="TestFixture" id="0-1410" name="SpecValidFailInst" fullname="Kaitai.SpecValidFailInst" classname="Kaitai.SpecValidFailInst" runstate="Runnable" testcasecount="1" result="Passed" start-time="2023-07-28 21:32:28Z" end-time="2023-07-28 21:32:28Z" duration="0.031214" total="1" passed="1" failed="0" inconclusive="0" skipped="0" asserts="1">
        <test-case id="0-1411" name="TestValidFailInst" fullname="Kaitai.SpecValidFailInst.TestValidFailInst" methodname="TestValidFailInst" classname="Kaitai.SpecValidFailInst" runstate="Runnable" seed="84377896" result="Passed" start-time="2023-07-28 21:32:28Z" end-time="2023-07-28 21:32:28Z" duration="0.001248" asserts="1" />
      </test-suite>
      <test-suite type="TestFixture" id="0-1412" name="SpecValidFailMaxInt" fullname="Kaitai.SpecValidFailMaxInt" classname="Kaitai.SpecValidFailMaxInt" runstate="Runnable" testcasecount="1" result="Passed" start-time="2023-07-28 21:32:28Z" end-time="2023-07-28 21:32:28Z" duration="0.031897" total="1" passed="1" failed="0" inconclusive="0" skipped="0" asserts="1">
        <test-case id="0-1413" name="TestValidFailMaxInt" fullname="Kaitai.SpecValidFailMaxInt.TestValidFailMaxInt" methodname="TestValidFailMaxInt" classname="Kaitai.SpecValidFailMaxInt" runstate="Runnable" seed="228747542" result="Passed" start-time="2023-07-28 21:32:28Z" end-time="2023-07-28 21:32:28Z" duration="0.001556" asserts="1" />
      </test-suite>
      <test-suite type="TestFixture" id="0-1414" name="SpecValidFailMinInt" fullname="Kaitai.SpecValidFailMinInt" classname="Kaitai.SpecValidFailMinInt" runstate="Runnable" testcasecount="1" result="Passed" start-time="2023-07-28 21:32:28Z" end-time="2023-07-28 21:32:28Z" duration="0.031136" total="1" passed="1" failed="0" inconclusive="0" skipped="0" asserts="1">
        <test-case id="0-1415" name="TestValidFailMinInt" fullname="Kaitai.SpecValidFailMinInt.TestValidFailMinInt" methodname="TestValidFailMinInt" classname="Kaitai.SpecValidFailMinInt" runstate="Runnable" seed="1910427833" result="Passed" start-time="2023-07-28 21:32:28Z" end-time="2023-07-28 21:32:28Z" duration="0.001553" asserts="1" />
      </test-suite>
      <test-suite type="TestFixture" id="0-1416" name="SpecValidFailRangeBytes" fullname="Kaitai.SpecValidFailRangeBytes" classname="Kaitai.SpecValidFailRangeBytes" runstate="Runnable" testcasecount="1" result="Passed" start-time="2023-07-28 21:32:28Z" end-time="2023-07-28 21:32:28Z" duration="0.031249" total="1" passed="1" failed="0" inconclusive="0" skipped="0" asserts="1">
        <test-case id="0-1417" name="TestValidFailRangeBytes" fullname="Kaitai.SpecValidFailRangeBytes.TestValidFailRangeBytes" methodname="TestValidFailRangeBytes" classname="Kaitai.SpecValidFailRangeBytes" runstate="Runnable" seed="1695548439" result="Passed" start-time="2023-07-28 21:32:28Z" end-time="2023-07-28 21:32:28Z" duration="0.001383" asserts="1" />
      </test-suite>
      <test-suite type="TestFixture" id="0-1418" name="SpecValidFailRangeFloat" fullname="Kaitai.SpecValidFailRangeFloat" classname="Kaitai.SpecValidFailRangeFloat" runstate="Runnable" testcasecount="1" result="Passed" start-time="2023-07-28 21:32:28Z" end-time="2023-07-28 21:32:28Z" duration="0.031310" total="1" passed="1" failed="0" inconclusive="0" skipped="0" asserts="1">
        <test-case id="0-1419" name="TestValidFailRangeFloat" fullname="Kaitai.SpecValidFailRangeFloat.TestValidFailRangeFloat" methodname="TestValidFailRangeFloat" classname="Kaitai.SpecValidFailRangeFloat" runstate="Runnable" seed="1006720087" result="Passed" start-time="2023-07-28 21:32:28Z" end-time="2023-07-28 21:32:28Z" duration="0.001188" asserts="1" />
      </test-suite>
      <test-suite type="TestFixture" id="0-1420" name="SpecValidFailRangeInt" fullname="Kaitai.SpecValidFailRangeInt" classname="Kaitai.SpecValidFailRangeInt" runstate="Runnable" testcasecount="1" result="Passed" start-time="2023-07-28 21:32:28Z" end-time="2023-07-28 21:32:28Z" duration="0.031185" total="1" passed="1" failed="0" inconclusive="0" skipped="0" asserts="1">
        <test-case id="0-1421" name="TestValidFailRangeInt" fullname="Kaitai.SpecValidFailRangeInt.TestValidFailRangeInt" methodname="TestValidFailRangeInt" classname="Kaitai.SpecValidFailRangeInt" runstate="Runnable" seed="354085097" result="Passed" start-time="2023-07-28 21:32:28Z" end-time="2023-07-28 21:32:28Z" duration="0.001321" asserts="1" />
      </test-suite>
      <test-suite type="TestFixture" id="0-1422" name="SpecValidFailRangeStr" fullname="Kaitai.SpecValidFailRangeStr" classname="Kaitai.SpecValidFailRangeStr" runstate="Runnable" testcasecount="1" result="Passed" start-time="2023-07-28 21:32:28Z" end-time="2023-07-28 21:32:28Z" duration="0.031248" total="1" passed="1" failed="0" inconclusive="0" skipped="0" asserts="1">
        <test-case id="0-1423" name="TestValidFailRangeStr" fullname="Kaitai.SpecValidFailRangeStr.TestValidFailRangeStr" methodname="TestValidFailRangeStr" classname="Kaitai.SpecValidFailRangeStr" runstate="Runnable" seed="394534182" result="Passed" start-time="2023-07-28 21:32:28Z" end-time="2023-07-28 21:32:28Z" duration="0.001122" asserts="1" />
      </test-suite>
      <test-suite type="TestFixture" id="0-1424" name="SpecValidLong" fullname="Kaitai.SpecValidLong" classname="Kaitai.SpecValidLong" runstate="Runnable" testcasecount="1" result="Passed" start-time="2023-07-28 21:32:28Z" end-time="2023-07-28 21:32:28Z" duration="0.031230" total="1" passed="1" failed="0" inconclusive="0" skipped="0" asserts="0">
        <test-case id="0-1425" name="TestValidLong" fullname="Kaitai.SpecValidLong.TestValidLong" methodname="TestValidLong" classname="Kaitai.SpecValidLong" runstate="Runnable" seed="501165319" result="Passed" start-time="2023-07-28 21:32:28Z" end-time="2023-07-28 21:32:28Z" duration="0.002332" asserts="0" />
      </test-suite>
      <test-suite type="TestFixture" id="0-1426" name="SpecValidNotParsedIf" fullname="Kaitai.SpecValidNotParsedIf" classname="Kaitai.SpecValidNotParsedIf" runstate="Runnable" testcasecount="1" result="Passed" start-time="2023-07-28 21:32:28Z" end-time="2023-07-28 21:32:29Z" duration="0.031395" total="1" passed="1" failed="0" inconclusive="0" skipped="0" asserts="0">
        <test-case id="0-1427" name="TestValidNotParsedIf" fullname="Kaitai.SpecValidNotParsedIf.TestValidNotParsedIf" methodname="TestValidNotParsedIf" classname="Kaitai.SpecValidNotParsedIf" runstate="Runnable" seed="1544146295" result="Passed" start-time="2023-07-28 21:32:28Z" end-time="2023-07-28 21:32:28Z" duration="0.001084" asserts="0" />
      </test-suite>
      <test-suite type="TestFixture" id="0-1428" name="SpecValidOptionalId" fullname="Kaitai.SpecValidOptionalId" classname="Kaitai.SpecValidOptionalId" runstate="Runnable" testcasecount="1" result="Passed" start-time="2023-07-28 21:32:29Z" end-time="2023-07-28 21:32:29Z" duration="0.031272" total="1" passed="1" failed="0" inconclusive="0" skipped="0" asserts="0">
        <test-case id="0-1429" name="TestValidOptionalId" fullname="Kaitai.SpecValidOptionalId.TestValidOptionalId" methodname="TestValidOptionalId" classname="Kaitai.SpecValidOptionalId" runstate="Runnable" seed="804588018" result="Passed" start-time="2023-07-28 21:32:29Z" end-time="2023-07-28 21:32:29Z" duration="0.001217" asserts="0" />
      </test-suite>
      <test-suite type="TestFixture" id="0-1430" name="SpecValidShort" fullname="Kaitai.SpecValidShort" classname="Kaitai.SpecValidShort" runstate="Runnable" testcasecount="1" result="Passed" start-time="2023-07-28 21:32:29Z" end-time="2023-07-28 21:32:29Z" duration="0.031281" total="1" passed="1" failed="0" inconclusive="0" skipped="0" asserts="0">
        <test-case id="0-1431" name="TestValidShort" fullname="Kaitai.SpecValidShort.TestValidShort" methodname="TestValidShort" classname="Kaitai.SpecValidShort" runstate="Runnable" seed="1699736969" result="Passed" start-time="2023-07-28 21:32:29Z" end-time="2023-07-28 21:32:29Z" duration="0.002607" asserts="0" />
      </test-suite>
      <test-suite type="TestFixture" id="0-1432" name="SpecValidSwitch" fullname="Kaitai.SpecValidSwitch" classname="Kaitai.SpecValidSwitch" runstate="Runnable" testcasecount="1" result="Passed" start-time="2023-07-28 21:32:29Z" end-time="2023-07-28 21:32:29Z" duration="0.031275" total="1" passed="1" failed="0" inconclusive="0" skipped="0" asserts="0">
        <test-case id="0-1433" name="TestValidSwitch" fullname="Kaitai.SpecValidSwitch.TestValidSwitch" methodname="TestValidSwitch" classname="Kaitai.SpecValidSwitch" runstate="Runnable" seed="174960753" result="Passed" start-time="2023-07-28 21:32:29Z" end-time="2023-07-28 21:32:29Z" duration="0.001154" asserts="0" />
      </test-suite>
      <test-suite type="TestFixture" id="0-1434" name="SpecZlibSurrounded" fullname="Kaitai.SpecZlibSurrounded" classname="Kaitai.SpecZlibSurrounded" runstate="Runnable" testcasecount="1" result="Passed" start-time="2023-07-28 21:32:29Z" end-time="2023-07-28 21:32:29Z" duration="0.062526" total="1" passed="1" failed="0" inconclusive="0" skipped="0" asserts="1">
        <test-case id="0-1435" name="TestZlibSurrounded" fullname="Kaitai.SpecZlibSurrounded.TestZlibSurrounded" methodname="TestZlibSurrounded" classname="Kaitai.SpecZlibSurrounded" runstate="Runnable" seed="1247654783" result="Passed" start-time="2023-07-28 21:32:29Z" end-time="2023-07-28 21:32:29Z" duration="0.042838" asserts="1" />
      </test-suite>
      <test-suite type="TestFixture" id="0-1436" name="SpecZlibWithHeader78" fullname="Kaitai.SpecZlibWithHeader78" classname="Kaitai.SpecZlibWithHeader78" runstate="Runnable" testcasecount="1" result="Passed" start-time="2023-07-28 21:32:29Z" end-time="2023-07-28 21:32:29Z" duration="0.031140" total="1" passed="1" failed="0" inconclusive="0" skipped="0" asserts="1">
        <test-case id="0-1437" name="TestZlibWithHeader78" fullname="Kaitai.SpecZlibWithHeader78.TestZlibWithHeader78" methodname="TestZlibWithHeader78" classname="Kaitai.SpecZlibWithHeader78" runstate="Runnable" seed="931493822" result="Passed" start-time="2023-07-28 21:32:29Z" end-time="2023-07-28 21:32:29Z" duration="0.001340" asserts="1" />
      </test-suite>
    </test-suite>
  </test-suite>
</test-run>