<?xml version="1.0" encoding="utf-8" standalone="no"?>
<test-run id="2" testcasecount="194" result="Failed" total="194" passed="193" failed="1" inconclusive="0" skipped="0" asserts="827" engine-version="3.4.1.0" clr-version="4.0.30319.42000" start-time="2021-02-06 14:35:23Z" end-time="2021-02-06 14:35:25Z" duration="2.127968">
  <command-line><![CDATA[spec/csharp/packages/NUnit.ConsoleRunner.3.4.1/tools/nunit3-console.exe --result=test_out/csharp/TestResult.xml spec/csharp/kaitai_struct_csharp_tests/bin/Debug/kaitai_struct_csharp_tests.dll]]></command-line>
  <test-suite type="Assembly" id="0-1388" name="kaitai_struct_csharp_tests.dll" fullname="C:\projects\ci-targets\tests\spec\csharp\kaitai_struct_csharp_tests\bin\Debug\kaitai_struct_csharp_tests.dll" runstate="Runnable" testcasecount="194" result="Failed" site="Child" start-time="2021-02-06 14:35:23Z" end-time="2021-02-06 14:35:25Z" duration="2.035657" total="194" passed="193" failed="1" inconclusive="0" skipped="0" asserts="827">
    <environment framework-version="3.4.1.0" clr-version="4.0.30319.42000" os-version="Microsoft Windows NT 10.0.14393.0" platform="Win32NT" cwd="C:\projects\ci-targets\tests" machine-name="APPVYR-WIN" user="appveyor" user-domain="APPVYR-WIN" culture="en-US" uiculture="en-US" os-architecture="x64" />
    <settings>
      <setting name="WorkDirectory" value="C:\projects\ci-targets\tests" />
      <setting name="ImageRuntimeVersion" value="4.0.30319" />
      <setting name="ImageTargetFrameworkName" value=".NETFramework,Version=v4.5" />
      <setting name="ImageRequiresX86" value="False" />
      <setting name="ImageRequiresDefaultAppDomainAssemblyResolver" value="False" />
      <setting name="NumberOfTestWorkers" value="2" />
    </settings>
    <properties>
      <property name="_PID" value="1976" />
      <property name="_APPDOMAIN" value="test-domain-" />
    </properties>
    <failure>
      <message><![CDATA[One or more child tests had errors]]></message>
    </failure>
    <test-suite type="TestSuite" id="0-1389" name="Kaitai" fullname="Kaitai" runstate="Runnable" testcasecount="194" result="Failed" site="Child" start-time="2021-02-06 14:35:23Z" end-time="2021-02-06 14:35:25Z" duration="2.012527" total="194" passed="193" failed="1" inconclusive="0" skipped="0" asserts="827">
      <failure>
        <message><![CDATA[One or more child tests had errors]]></message>
      </failure>
      <test-suite type="TestFixture" id="0-1000" name="SpecBitsByteAligned" fullname="Kaitai.SpecBitsByteAligned" classname="Kaitai.SpecBitsByteAligned" runstate="Runnable" testcasecount="1" result="Passed" start-time="2021-02-06 14:35:23Z" end-time="2021-02-06 14:35:23Z" duration="0.035724" total="1" passed="1" failed="0" inconclusive="0" skipped="0" asserts="9">
        <test-case id="0-1001" name="TestBitsByteAligned" fullname="Kaitai.SpecBitsByteAligned.TestBitsByteAligned" methodname="TestBitsByteAligned" classname="Kaitai.SpecBitsByteAligned" runstate="Runnable" seed="1608645823" result="Passed" start-time="2021-02-06 14:35:23Z" end-time="2021-02-06 14:35:23Z" duration="0.022830" asserts="9" />
      </test-suite>
      <test-suite type="TestFixture" id="0-1002" name="SpecBitsEnum" fullname="Kaitai.SpecBitsEnum" classname="Kaitai.SpecBitsEnum" runstate="Runnable" testcasecount="1" result="Passed" start-time="2021-02-06 14:35:23Z" end-time="2021-02-06 14:35:23Z" duration="0.004020" total="1" passed="1" failed="0" inconclusive="0" skipped="0" asserts="3">
        <test-case id="0-1003" name="TestBitsEnum" fullname="Kaitai.SpecBitsEnum.TestBitsEnum" methodname="TestBitsEnum" classname="Kaitai.SpecBitsEnum" runstate="Runnable" seed="1307070488" result="Passed" start-time="2021-02-06 14:35:23Z" end-time="2021-02-06 14:35:23Z" duration="0.000914" asserts="3" />
      </test-suite>
      <test-suite type="TestFixture" id="0-1004" name="SpecBitsSeqEndianCombo" fullname="Kaitai.SpecBitsSeqEndianCombo" classname="Kaitai.SpecBitsSeqEndianCombo" runstate="Runnable" testcasecount="1" result="Passed" start-time="2021-02-06 14:35:23Z" end-time="2021-02-06 14:35:23Z" duration="0.006016" total="1" passed="1" failed="0" inconclusive="0" skipped="0" asserts="8">
        <test-case id="0-1005" name="TestBitsSeqEndianCombo" fullname="Kaitai.SpecBitsSeqEndianCombo.TestBitsSeqEndianCombo" methodname="TestBitsSeqEndianCombo" classname="Kaitai.SpecBitsSeqEndianCombo" runstate="Runnable" seed="1445856498" result="Passed" start-time="2021-02-06 14:35:23Z" end-time="2021-02-06 14:35:23Z" duration="0.002048" asserts="8" />
      </test-suite>
      <test-suite type="TestFixture" id="0-1006" name="SpecBitsSignedB32Le" fullname="Kaitai.SpecBitsSignedB32Le" classname="Kaitai.SpecBitsSignedB32Le" runstate="Runnable" testcasecount="1" result="Passed" start-time="2021-02-06 14:35:23Z" end-time="2021-02-06 14:35:23Z" duration="0.005010" total="1" passed="1" failed="0" inconclusive="0" skipped="0" asserts="4">
        <test-case id="0-1007" name="TestBitsSignedB32Le" fullname="Kaitai.SpecBitsSignedB32Le.TestBitsSignedB32Le" methodname="TestBitsSignedB32Le" classname="Kaitai.SpecBitsSignedB32Le" runstate="Runnable" seed="1793465184" result="Passed" start-time="2021-02-06 14:35:23Z" end-time="2021-02-06 14:35:23Z" duration="0.001108" asserts="4" />
      </test-suite>
      <test-suite type="TestFixture" id="0-1008" name="SpecBitsSignedB64Le" fullname="Kaitai.SpecBitsSignedB64Le" classname="Kaitai.SpecBitsSignedB64Le" runstate="Runnable" testcasecount="1" result="Passed" start-time="2021-02-06 14:35:23Z" end-time="2021-02-06 14:35:23Z" duration="0.004935" total="1" passed="1" failed="0" inconclusive="0" skipped="0" asserts="4">
        <test-case id="0-1009" name="TestBitsSignedB64Le" fullname="Kaitai.SpecBitsSignedB64Le.TestBitsSignedB64Le" methodname="TestBitsSignedB64Le" classname="Kaitai.SpecBitsSignedB64Le" runstate="Runnable" seed="1219528535" result="Passed" start-time="2021-02-06 14:35:23Z" end-time="2021-02-06 14:35:23Z" duration="0.001113" asserts="4" />
      </test-suite>
      <test-suite type="TestFixture" id="0-1010" name="SpecBitsSimple" fullname="Kaitai.SpecBitsSimple" classname="Kaitai.SpecBitsSimple" runstate="Runnable" testcasecount="1" result="Passed" start-time="2021-02-06 14:35:23Z" end-time="2021-02-06 14:35:23Z" duration="0.006058" total="1" passed="1" failed="0" inconclusive="0" skipped="0" asserts="14">
        <test-case id="0-1011" name="TestBitsSimple" fullname="Kaitai.SpecBitsSimple.TestBitsSimple" methodname="TestBitsSimple" classname="Kaitai.SpecBitsSimple" runstate="Runnable" seed="1925253610" result="Passed" start-time="2021-02-06 14:35:23Z" end-time="2021-02-06 14:35:23Z" duration="0.002920" asserts="14" />
      </test-suite>
      <test-suite type="TestFixture" id="0-1012" name="SpecBitsSimpleLe" fullname="Kaitai.SpecBitsSimpleLe" classname="Kaitai.SpecBitsSimpleLe" runstate="Runnable" testcasecount="1" result="Passed" start-time="2021-02-06 14:35:23Z" end-time="2021-02-06 14:35:23Z" duration="0.005993" total="1" passed="1" failed="0" inconclusive="0" skipped="0" asserts="14">
        <test-case id="0-1013" name="TestBitsSimpleLe" fullname="Kaitai.SpecBitsSimpleLe.TestBitsSimpleLe" methodname="TestBitsSimpleLe" classname="Kaitai.SpecBitsSimpleLe" runstate="Runnable" seed="1756851851" result="Passed" start-time="2021-02-06 14:35:23Z" end-time="2021-02-06 14:35:23Z" duration="0.002315" asserts="14" />
      </test-suite>
      <test-suite type="TestFixture" id="0-1014" name="SpecBufferedStruct" fullname="Kaitai.SpecBufferedStruct" classname="Kaitai.SpecBufferedStruct" runstate="Runnable" testcasecount="1" result="Passed" start-time="2021-02-06 14:35:23Z" end-time="2021-02-06 14:35:23Z" duration="0.006055" total="1" passed="1" failed="0" inconclusive="0" skipped="0" asserts="7">
        <test-case id="0-1015" name="TestBufferedStruct" fullname="Kaitai.SpecBufferedStruct.TestBufferedStruct" methodname="TestBufferedStruct" classname="Kaitai.SpecBufferedStruct" runstate="Runnable" seed="2116937380" result="Passed" start-time="2021-02-06 14:35:23Z" end-time="2021-02-06 14:35:23Z" duration="0.002921" asserts="7" />
      </test-suite>
      <test-suite type="TestFixture" id="0-1016" name="SpecBytesPadTerm" fullname="Kaitai.SpecBytesPadTerm" classname="Kaitai.SpecBytesPadTerm" runstate="Runnable" testcasecount="1" result="Passed" start-time="2021-02-06 14:35:23Z" end-time="2021-02-06 14:35:23Z" duration="0.005007" total="1" passed="1" failed="0" inconclusive="0" skipped="0" asserts="4">
        <test-case id="0-1017" name="TestBytesPadTerm" fullname="Kaitai.SpecBytesPadTerm.TestBytesPadTerm" methodname="TestBytesPadTerm" classname="Kaitai.SpecBytesPadTerm" runstate="Runnable" seed="136545404" result="Passed" start-time="2021-02-06 14:35:23Z" end-time="2021-02-06 14:35:23Z" duration="0.001489" asserts="4" />
      </test-suite>
      <test-suite type="TestFixture" id="0-1018" name="SpecCastNested" fullname="Kaitai.SpecCastNested" classname="Kaitai.SpecCastNested" runstate="Runnable" testcasecount="1" result="Passed" start-time="2021-02-06 14:35:23Z" end-time="2021-02-06 14:35:23Z" duration="0.007014" total="1" passed="1" failed="0" inconclusive="0" skipped="0" asserts="4">
        <test-case id="0-1019" name="TestCastNested" fullname="Kaitai.SpecCastNested.TestCastNested" methodname="TestCastNested" classname="Kaitai.SpecCastNested" runstate="Runnable" seed="308551267" result="Passed" start-time="2021-02-06 14:35:23Z" end-time="2021-02-06 14:35:23Z" duration="0.003638" asserts="4" />
      </test-suite>
      <test-suite type="TestFixture" id="0-1020" name="SpecCastToImported" fullname="Kaitai.SpecCastToImported" classname="Kaitai.SpecCastToImported" runstate="Runnable" testcasecount="1" result="Passed" start-time="2021-02-06 14:35:23Z" end-time="2021-02-06 14:35:23Z" duration="0.004876" total="1" passed="1" failed="0" inconclusive="0" skipped="0" asserts="2">
        <test-case id="0-1021" name="TestCastToImported" fullname="Kaitai.SpecCastToImported.TestCastToImported" methodname="TestCastToImported" classname="Kaitai.SpecCastToImported" runstate="Runnable" seed="571582864" result="Passed" start-time="2021-02-06 14:35:23Z" end-time="2021-02-06 14:35:23Z" duration="0.001017" asserts="2" />
      </test-suite>
      <test-suite type="TestFixture" id="0-1022" name="SpecCastToTop" fullname="Kaitai.SpecCastToTop" classname="Kaitai.SpecCastToTop" runstate="Runnable" testcasecount="1" result="Passed" start-time="2021-02-06 14:35:23Z" end-time="2021-02-06 14:35:23Z" duration="0.007145" total="1" passed="1" failed="0" inconclusive="0" skipped="0" asserts="3">
        <test-case id="0-1023" name="TestCastToTop" fullname="Kaitai.SpecCastToTop.TestCastToTop" methodname="TestCastToTop" classname="Kaitai.SpecCastToTop" runstate="Runnable" seed="1555433016" result="Passed" start-time="2021-02-06 14:35:23Z" end-time="2021-02-06 14:35:23Z" duration="0.003644" asserts="3" />
      </test-suite>
      <test-suite type="TestFixture" id="0-1024" name="SpecCombineBool" fullname="Kaitai.SpecCombineBool" classname="Kaitai.SpecCombineBool" runstate="Runnable" testcasecount="1" result="Passed" start-time="2021-02-06 14:35:23Z" end-time="2021-02-06 14:35:23Z" duration="0.007067" total="1" passed="1" failed="0" inconclusive="0" skipped="0" asserts="2">
        <test-case id="0-1025" name="TestCombineBool" fullname="Kaitai.SpecCombineBool.TestCombineBool" methodname="TestCombineBool" classname="Kaitai.SpecCombineBool" runstate="Runnable" seed="495276279" result="Passed" start-time="2021-02-06 14:35:23Z" end-time="2021-02-06 14:35:23Z" duration="0.003570" asserts="2" />
      </test-suite>
      <test-suite type="TestFixture" id="0-1026" name="SpecCombineEnum" fullname="Kaitai.SpecCombineEnum" classname="Kaitai.SpecCombineEnum" runstate="Runnable" testcasecount="1" result="Passed" start-time="2021-02-06 14:35:23Z" end-time="2021-02-06 14:35:23Z" duration="0.027929" total="1" passed="1" failed="0" inconclusive="0" skipped="0" asserts="3">
        <test-case id="0-1027" name="TestCombineEnum" fullname="Kaitai.SpecCombineEnum.TestCombineEnum" methodname="TestCombineEnum" classname="Kaitai.SpecCombineEnum" runstate="Runnable" seed="199173513" result="Passed" start-time="2021-02-06 14:35:23Z" end-time="2021-02-06 14:35:23Z" duration="0.001448" asserts="3" />
      </test-suite>
      <test-suite type="TestFixture" id="0-1028" name="SpecDebug0" fullname="Kaitai.SpecDebug0" classname="Kaitai.SpecDebug0" runstate="Runnable" testcasecount="1" result="Passed" start-time="2021-02-06 14:35:23Z" end-time="2021-02-06 14:35:23Z" duration="0.004005" total="1" passed="1" failed="0" inconclusive="0" skipped="0" asserts="0">
        <test-case id="0-1029" name="TestDebug0" fullname="Kaitai.SpecDebug0.TestDebug0" methodname="TestDebug0" classname="Kaitai.SpecDebug0" runstate="Runnable" seed="329638158" result="Passed" start-time="2021-02-06 14:35:23Z" end-time="2021-02-06 14:35:23Z" duration="0.000116" asserts="0" />
      </test-suite>
      <test-suite type="TestFixture" id="0-1030" name="SpecDebugArrayUser" fullname="Kaitai.SpecDebugArrayUser" classname="Kaitai.SpecDebugArrayUser" runstate="Runnable" testcasecount="1" result="Passed" start-time="2021-02-06 14:35:23Z" end-time="2021-02-06 14:35:23Z" duration="0.005016" total="1" passed="1" failed="0" inconclusive="0" skipped="0" asserts="4">
        <test-case id="0-1031" name="TestDebugArrayUser" fullname="Kaitai.SpecDebugArrayUser.TestDebugArrayUser" methodname="TestDebugArrayUser" classname="Kaitai.SpecDebugArrayUser" runstate="Runnable" seed="544468063" result="Passed" start-time="2021-02-06 14:35:23Z" end-time="2021-02-06 14:35:23Z" duration="0.001443" asserts="4" />
      </test-suite>
      <test-suite type="TestFixture" id="0-1032" name="SpecDebugEnumName" fullname="Kaitai.SpecDebugEnumName" classname="Kaitai.SpecDebugEnumName" runstate="Runnable" testcasecount="1" result="Passed" start-time="2021-02-06 14:35:23Z" end-time="2021-02-06 14:35:23Z" duration="0.004011" total="1" passed="1" failed="0" inconclusive="0" skipped="0" asserts="0">
        <test-case id="0-1033" name="TestDebugEnumName" fullname="Kaitai.SpecDebugEnumName.TestDebugEnumName" methodname="TestDebugEnumName" classname="Kaitai.SpecDebugEnumName" runstate="Runnable" seed="967369798" result="Passed" start-time="2021-02-06 14:35:23Z" end-time="2021-02-06 14:35:23Z" duration="0.000101" asserts="0" />
      </test-suite>
      <test-suite type="TestFixture" id="0-1034" name="SpecDebugSwitchUser" fullname="Kaitai.SpecDebugSwitchUser" classname="Kaitai.SpecDebugSwitchUser" runstate="Runnable" testcasecount="1" result="Passed" start-time="2021-02-06 14:35:23Z" end-time="2021-02-06 14:35:23Z" duration="0.005006" total="1" passed="1" failed="0" inconclusive="0" skipped="0" asserts="2">
        <test-case id="0-1035" name="TestDebugSwitchUser" fullname="Kaitai.SpecDebugSwitchUser.TestDebugSwitchUser" methodname="TestDebugSwitchUser" classname="Kaitai.SpecDebugSwitchUser" runstate="Runnable" seed="779165207" result="Passed" start-time="2021-02-06 14:35:23Z" end-time="2021-02-06 14:35:23Z" duration="0.001271" asserts="2" />
      </test-suite>
      <test-suite type="TestFixture" id="0-1036" name="SpecDefaultBigEndian" fullname="Kaitai.SpecDefaultBigEndian" classname="Kaitai.SpecDefaultBigEndian" runstate="Runnable" testcasecount="1" result="Passed" start-time="2021-02-06 14:35:23Z" end-time="2021-02-06 14:35:23Z" duration="0.003966" total="1" passed="1" failed="0" inconclusive="0" skipped="0" asserts="1">
        <test-case id="0-1037" name="TestDefaultBigEndian" fullname="Kaitai.SpecDefaultBigEndian.TestDefaultBigEndian" methodname="TestDefaultBigEndian" classname="Kaitai.SpecDefaultBigEndian" runstate="Runnable" seed="2080809355" result="Passed" start-time="2021-02-06 14:35:23Z" end-time="2021-02-06 14:35:23Z" duration="0.000662" asserts="1" />
      </test-suite>
      <test-suite type="TestFixture" id="0-1038" name="SpecDefaultBitEndianMod" fullname="Kaitai.SpecDefaultBitEndianMod" classname="Kaitai.SpecDefaultBitEndianMod" runstate="Runnable" testcasecount="1" result="Passed" start-time="2021-02-06 14:35:23Z" end-time="2021-02-06 14:35:23Z" duration="0.006011" total="1" passed="1" failed="0" inconclusive="0" skipped="0" asserts="4">
        <test-case id="0-1039" name="TestDefaultBitEndianMod" fullname="Kaitai.SpecDefaultBitEndianMod.TestDefaultBitEndianMod" methodname="TestDefaultBitEndianMod" classname="Kaitai.SpecDefaultBitEndianMod" runstate="Runnable" seed="2142053832" result="Passed" start-time="2021-02-06 14:35:23Z" end-time="2021-02-06 14:35:23Z" duration="0.002033" asserts="4" />
      </test-suite>
      <test-suite type="TestFixture" id="0-1040" name="SpecDefaultEndianExprException" fullname="Kaitai.SpecDefaultEndianExprException" classname="Kaitai.SpecDefaultEndianExprException" runstate="Runnable" testcasecount="1" result="Passed" start-time="2021-02-06 14:35:23Z" end-time="2021-02-06 14:35:23Z" duration="0.016820" total="1" passed="1" failed="0" inconclusive="0" skipped="0" asserts="1">
        <test-case id="0-1041" name="TestDefaultEndianExprException" fullname="Kaitai.SpecDefaultEndianExprException.TestDefaultEndianExprException" methodname="TestDefaultEndianExprException" classname="Kaitai.SpecDefaultEndianExprException" runstate="Runnable" seed="131804319" result="Passed" start-time="2021-02-06 14:35:23Z" end-time="2021-02-06 14:35:23Z" duration="0.013605" asserts="1" />
      </test-suite>
      <test-suite type="TestFixture" id="0-1042" name="SpecDefaultEndianExprInherited" fullname="Kaitai.SpecDefaultEndianExprInherited" classname="Kaitai.SpecDefaultEndianExprInherited" runstate="Runnable" testcasecount="1" result="Passed" start-time="2021-02-06 14:35:23Z" end-time="2021-02-06 14:35:23Z" duration="0.009043" total="1" passed="1" failed="0" inconclusive="0" skipped="0" asserts="15">
        <test-case id="0-1043" name="TestDefaultEndianExprInherited" fullname="Kaitai.SpecDefaultEndianExprInherited.TestDefaultEndianExprInherited" methodname="TestDefaultEndianExprInherited" classname="Kaitai.SpecDefaultEndianExprInherited" runstate="Runnable" seed="1875709067" result="Passed" start-time="2021-02-06 14:35:23Z" end-time="2021-02-06 14:35:23Z" duration="0.005608" asserts="15" />
      </test-suite>
      <test-suite type="TestFixture" id="0-1044" name="SpecDefaultEndianExprIsBe" fullname="Kaitai.SpecDefaultEndianExprIsBe" classname="Kaitai.SpecDefaultEndianExprIsBe" runstate="Runnable" testcasecount="1" result="Passed" start-time="2021-02-06 14:35:23Z" end-time="2021-02-06 14:35:23Z" duration="0.009008" total="1" passed="1" failed="0" inconclusive="0" skipped="0" asserts="18">
        <test-case id="0-1045" name="TestDefaultEndianExprIsBe" fullname="Kaitai.SpecDefaultEndianExprIsBe.TestDefaultEndianExprIsBe" methodname="TestDefaultEndianExprIsBe" classname="Kaitai.SpecDefaultEndianExprIsBe" runstate="Runnable" seed="482346186" result="Passed" start-time="2021-02-06 14:35:23Z" end-time="2021-02-06 14:35:23Z" duration="0.005826" asserts="18" />
      </test-suite>
      <test-suite type="TestFixture" id="0-1046" name="SpecDefaultEndianExprIsLe" fullname="Kaitai.SpecDefaultEndianExprIsLe" classname="Kaitai.SpecDefaultEndianExprIsLe" runstate="Runnable" testcasecount="1" result="Passed" start-time="2021-02-06 14:35:23Z" end-time="2021-02-06 14:35:23Z" duration="0.005975" total="1" passed="1" failed="0" inconclusive="0" skipped="0" asserts="12">
        <test-case id="0-1047" name="TestDefaultEndianExprIsLe" fullname="Kaitai.SpecDefaultEndianExprIsLe.TestDefaultEndianExprIsLe" methodname="TestDefaultEndianExprIsLe" classname="Kaitai.SpecDefaultEndianExprIsLe" runstate="Runnable" seed="830382686" result="Passed" start-time="2021-02-06 14:35:23Z" end-time="2021-02-06 14:35:23Z" duration="0.002754" asserts="12" />
      </test-suite>
      <test-suite type="TestFixture" id="0-1048" name="SpecDefaultEndianMod" fullname="Kaitai.SpecDefaultEndianMod" classname="Kaitai.SpecDefaultEndianMod" runstate="Runnable" testcasecount="1" result="Passed" start-time="2021-02-06 14:35:23Z" end-time="2021-02-06 14:35:23Z" duration="0.004980" total="1" passed="1" failed="0" inconclusive="0" skipped="0" asserts="3">
        <test-case id="0-1049" name="TestDefaultEndianMod" fullname="Kaitai.SpecDefaultEndianMod.TestDefaultEndianMod" methodname="TestDefaultEndianMod" classname="Kaitai.SpecDefaultEndianMod" runstate="Runnable" seed="251464390" result="Passed" start-time="2021-02-06 14:35:23Z" end-time="2021-02-06 14:35:23Z" duration="0.001671" asserts="3" />
      </test-suite>
      <test-suite type="TestFixture" id="0-1050" name="SpecDocstrings" fullname="Kaitai.SpecDocstrings" classname="Kaitai.SpecDocstrings" runstate="Runnable" testcasecount="1" result="Passed" start-time="2021-02-06 14:35:23Z" end-time="2021-02-06 14:35:23Z" duration="0.003971" total="1" passed="1" failed="0" inconclusive="0" skipped="0" asserts="0">
        <test-case id="0-1051" name="TestDocstrings" fullname="Kaitai.SpecDocstrings.TestDocstrings" methodname="TestDocstrings" classname="Kaitai.SpecDocstrings" runstate="Runnable" seed="1347993612" result="Passed" start-time="2021-02-06 14:35:23Z" end-time="2021-02-06 14:35:23Z" duration="0.000490" asserts="0" />
      </test-suite>
      <test-suite type="TestFixture" id="0-1052" name="SpecDocstringsDocref" fullname="Kaitai.SpecDocstringsDocref" classname="Kaitai.SpecDocstringsDocref" runstate="Runnable" testcasecount="1" result="Passed" start-time="2021-02-06 14:35:23Z" end-time="2021-02-06 14:35:23Z" duration="0.004017" total="1" passed="1" failed="0" inconclusive="0" skipped="0" asserts="0">
        <test-case id="0-1053" name="TestDocstringsDocref" fullname="Kaitai.SpecDocstringsDocref.TestDocstringsDocref" methodname="TestDocstringsDocref" classname="Kaitai.SpecDocstringsDocref" runstate="Runnable" seed="2028416513" result="Passed" start-time="2021-02-06 14:35:23Z" end-time="2021-02-06 14:35:23Z" duration="0.000498" asserts="0" />
      </test-suite>
      <test-suite type="TestFixture" id="0-1054" name="SpecDocstringsDocrefMulti" fullname="Kaitai.SpecDocstringsDocrefMulti" classname="Kaitai.SpecDocstringsDocrefMulti" runstate="Runnable" testcasecount="1" result="Passed" start-time="2021-02-06 14:35:23Z" end-time="2021-02-06 14:35:23Z" duration="0.004047" total="1" passed="1" failed="0" inconclusive="0" skipped="0" asserts="0">
        <test-case id="0-1055" name="TestDocstringsDocrefMulti" fullname="Kaitai.SpecDocstringsDocrefMulti.TestDocstringsDocrefMulti" methodname="TestDocstringsDocrefMulti" classname="Kaitai.SpecDocstringsDocrefMulti" runstate="Runnable" seed="885647593" result="Passed" start-time="2021-02-06 14:35:23Z" end-time="2021-02-06 14:35:23Z" duration="0.000455" asserts="0" />
      </test-suite>
      <test-suite type="TestFixture" id="0-1056" name="SpecEnum0" fullname="Kaitai.SpecEnum0" classname="Kaitai.SpecEnum0" runstate="Runnable" testcasecount="1" result="Passed" start-time="2021-02-06 14:35:23Z" end-time="2021-02-06 14:35:23Z" duration="0.005093" total="1" passed="1" failed="0" inconclusive="0" skipped="0" asserts="2">
        <test-case id="0-1057" name="TestEnum0" fullname="Kaitai.SpecEnum0.TestEnum0" methodname="TestEnum0" classname="Kaitai.SpecEnum0" runstate="Runnable" seed="855564273" result="Passed" start-time="2021-02-06 14:35:23Z" end-time="2021-02-06 14:35:23Z" duration="0.001210" asserts="2" />
      </test-suite>
      <test-suite type="TestFixture" id="0-1058" name="SpecEnum1" fullname="Kaitai.SpecEnum1" classname="Kaitai.SpecEnum1" runstate="Runnable" testcasecount="1" result="Passed" start-time="2021-02-06 14:35:23Z" end-time="2021-02-06 14:35:23Z" duration="0.005019" total="1" passed="1" failed="0" inconclusive="0" skipped="0" asserts="2">
        <test-case id="0-1059" name="TestEnum1" fullname="Kaitai.SpecEnum1.TestEnum1" methodname="TestEnum1" classname="Kaitai.SpecEnum1" runstate="Runnable" seed="965154702" result="Passed" start-time="2021-02-06 14:35:23Z" end-time="2021-02-06 14:35:23Z" duration="0.001263" asserts="2" />
      </test-suite>
      <test-suite type="TestFixture" id="0-1060" name="SpecEnumDeep" fullname="Kaitai.SpecEnumDeep" classname="Kaitai.SpecEnumDeep" runstate="Runnable" testcasecount="1" result="Passed" start-time="2021-02-06 14:35:23Z" end-time="2021-02-06 14:35:23Z" duration="0.004009" total="1" passed="1" failed="0" inconclusive="0" skipped="0" asserts="2">
        <test-case id="0-1061" name="TestEnumDeep" fullname="Kaitai.SpecEnumDeep.TestEnumDeep" methodname="TestEnumDeep" classname="Kaitai.SpecEnumDeep" runstate="Runnable" seed="1629916396" result="Passed" start-time="2021-02-06 14:35:23Z" end-time="2021-02-06 14:35:23Z" duration="0.000765" asserts="2" />
      </test-suite>
      <test-suite type="TestFixture" id="0-1062" name="SpecEnumDeepLiterals" fullname="Kaitai.SpecEnumDeepLiterals" classname="Kaitai.SpecEnumDeepLiterals" runstate="Runnable" testcasecount="1" result="Passed" start-time="2021-02-06 14:35:23Z" end-time="2021-02-06 14:35:23Z" duration="0.005015" total="1" passed="1" failed="0" inconclusive="0" skipped="0" asserts="2">
        <test-case id="0-1063" name="TestEnumDeepLiterals" fullname="Kaitai.SpecEnumDeepLiterals.TestEnumDeepLiterals" methodname="TestEnumDeepLiterals" classname="Kaitai.SpecEnumDeepLiterals" runstate="Runnable" seed="1909351692" result="Passed" start-time="2021-02-06 14:35:23Z" end-time="2021-02-06 14:35:23Z" duration="0.001089" asserts="2" />
      </test-suite>
      <test-suite type="TestFixture" id="0-1064" name="SpecEnumFancy" fullname="Kaitai.SpecEnumFancy" classname="Kaitai.SpecEnumFancy" runstate="Runnable" testcasecount="1" result="Passed" start-time="2021-02-06 14:35:23Z" end-time="2021-02-06 14:35:23Z" duration="0.003992" total="1" passed="1" failed="0" inconclusive="0" skipped="0" asserts="2">
        <test-case id="0-1065" name="TestEnumFancy" fullname="Kaitai.SpecEnumFancy.TestEnumFancy" methodname="TestEnumFancy" classname="Kaitai.SpecEnumFancy" runstate="Runnable" seed="769883606" result="Passed" start-time="2021-02-06 14:35:23Z" end-time="2021-02-06 14:35:23Z" duration="0.000691" asserts="2" />
      </test-suite>
      <test-suite type="TestFixture" id="0-1066" name="SpecEnumForUnknownId" fullname="Kaitai.SpecEnumForUnknownId" classname="Kaitai.SpecEnumForUnknownId" runstate="Runnable" testcasecount="1" result="Passed" start-time="2021-02-06 14:35:23Z" end-time="2021-02-06 14:35:23Z" duration="0.003946" total="1" passed="1" failed="0" inconclusive="0" skipped="0" asserts="1">
        <test-case id="0-1067" name="TestEnumForUnknownId" fullname="Kaitai.SpecEnumForUnknownId.TestEnumForUnknownId" methodname="TestEnumForUnknownId" classname="Kaitai.SpecEnumForUnknownId" runstate="Runnable" seed="652853514" result="Passed" start-time="2021-02-06 14:35:23Z" end-time="2021-02-06 14:35:23Z" duration="0.000634" asserts="1" />
      </test-suite>
      <test-suite type="TestFixture" id="0-1068" name="SpecEnumIf" fullname="Kaitai.SpecEnumIf" classname="Kaitai.SpecEnumIf" runstate="Runnable" testcasecount="1" result="Passed" start-time="2021-02-06 14:35:23Z" end-time="2021-02-06 14:35:23Z" duration="0.006008" total="1" passed="1" failed="0" inconclusive="0" skipped="0" asserts="7">
        <test-case id="0-1069" name="TestEnumIf" fullname="Kaitai.SpecEnumIf.TestEnumIf" methodname="TestEnumIf" classname="Kaitai.SpecEnumIf" runstate="Runnable" seed="1189888041" result="Passed" start-time="2021-02-06 14:35:23Z" end-time="2021-02-06 14:35:23Z" duration="0.002096" asserts="7" />
      </test-suite>
      <test-suite type="TestFixture" id="0-1070" name="SpecEnumImport" fullname="Kaitai.SpecEnumImport" classname="Kaitai.SpecEnumImport" runstate="Runnable" testcasecount="1" result="Passed" start-time="2021-02-06 14:35:23Z" end-time="2021-02-06 14:35:23Z" duration="0.004021" total="1" passed="1" failed="0" inconclusive="0" skipped="0" asserts="2">
        <test-case id="0-1071" name="TestEnumImport" fullname="Kaitai.SpecEnumImport.TestEnumImport" methodname="TestEnumImport" classname="Kaitai.SpecEnumImport" runstate="Runnable" seed="492491884" result="Passed" start-time="2021-02-06 14:35:23Z" end-time="2021-02-06 14:35:23Z" duration="0.000758" asserts="2" />
      </test-suite>
      <test-suite type="TestFixture" id="0-1072" name="SpecEnumIntRangeS" fullname="Kaitai.SpecEnumIntRangeS" classname="Kaitai.SpecEnumIntRangeS" runstate="Runnable" testcasecount="1" result="Passed" start-time="2021-02-06 14:35:23Z" end-time="2021-02-06 14:35:23Z" duration="0.005003" total="1" passed="1" failed="0" inconclusive="0" skipped="0" asserts="3">
        <test-case id="0-1073" name="TestEnumIntRangeS" fullname="Kaitai.SpecEnumIntRangeS.TestEnumIntRangeS" methodname="TestEnumIntRangeS" classname="Kaitai.SpecEnumIntRangeS" runstate="Runnable" seed="1202861821" result="Passed" start-time="2021-02-06 14:35:23Z" end-time="2021-02-06 14:35:23Z" duration="0.001051" asserts="3" />
      </test-suite>
      <test-suite type="TestFixture" id="0-1074" name="SpecEnumInvalid" fullname="Kaitai.SpecEnumInvalid" classname="Kaitai.SpecEnumInvalid" runstate="Runnable" testcasecount="1" result="Passed" start-time="2021-02-06 14:35:23Z" end-time="2021-02-06 14:35:23Z" duration="0.004006" total="1" passed="1" failed="0" inconclusive="0" skipped="0" asserts="2">
        <test-case id="0-1075" name="TestEnumInvalid" fullname="Kaitai.SpecEnumInvalid.TestEnumInvalid" methodname="TestEnumInvalid" classname="Kaitai.SpecEnumInvalid" runstate="Runnable" seed="381746972" result="Passed" start-time="2021-02-06 14:35:23Z" end-time="2021-02-06 14:35:23Z" duration="0.000749" asserts="2" />
      </test-suite>
      <test-suite type="TestFixture" id="0-1076" name="SpecEnumNegative" fullname="Kaitai.SpecEnumNegative" classname="Kaitai.SpecEnumNegative" runstate="Runnable" testcasecount="1" result="Passed" start-time="2021-02-06 14:35:23Z" end-time="2021-02-06 14:35:23Z" duration="0.003973" total="1" passed="1" failed="0" inconclusive="0" skipped="0" asserts="2">
        <test-case id="0-1077" name="TestEnumNegative" fullname="Kaitai.SpecEnumNegative.TestEnumNegative" methodname="TestEnumNegative" classname="Kaitai.SpecEnumNegative" runstate="Runnable" seed="1248637519" result="Passed" start-time="2021-02-06 14:35:23Z" end-time="2021-02-06 14:35:23Z" duration="0.000813" asserts="2" />
      </test-suite>
      <test-suite type="TestFixture" id="0-1078" name="SpecEnumOfValueInst" fullname="Kaitai.SpecEnumOfValueInst" classname="Kaitai.SpecEnumOfValueInst" runstate="Runnable" testcasecount="1" result="Passed" start-time="2021-02-06 14:35:23Z" end-time="2021-02-06 14:35:23Z" duration="0.004986" total="1" passed="1" failed="0" inconclusive="0" skipped="0" asserts="4">
        <test-case id="0-1079" name="TestEnumOfValueInst" fullname="Kaitai.SpecEnumOfValueInst.TestEnumOfValueInst" methodname="TestEnumOfValueInst" classname="Kaitai.SpecEnumOfValueInst" runstate="Runnable" seed="1081462631" result="Passed" start-time="2021-02-06 14:35:23Z" end-time="2021-02-06 14:35:23Z" duration="0.001068" asserts="4" />
      </test-suite>
      <test-suite type="TestFixture" id="0-1080" name="SpecEofExceptionBytes" fullname="Kaitai.SpecEofExceptionBytes" classname="Kaitai.SpecEofExceptionBytes" runstate="Runnable" testcasecount="1" result="Passed" start-time="2021-02-06 14:35:23Z" end-time="2021-02-06 14:35:23Z" duration="0.005016" total="1" passed="1" failed="0" inconclusive="0" skipped="0" asserts="1">
        <test-case id="0-1081" name="TestEofExceptionBytes" fullname="Kaitai.SpecEofExceptionBytes.TestEofExceptionBytes" methodname="TestEofExceptionBytes" classname="Kaitai.SpecEofExceptionBytes" runstate="Runnable" seed="1247603569" result="Passed" start-time="2021-02-06 14:35:23Z" end-time="2021-02-06 14:35:23Z" duration="0.000983" asserts="1" />
      </test-suite>
      <test-suite type="TestFixture" id="0-1082" name="SpecEofExceptionU4" fullname="Kaitai.SpecEofExceptionU4" classname="Kaitai.SpecEofExceptionU4" runstate="Runnable" testcasecount="1" result="Passed" start-time="2021-02-06 14:35:23Z" end-time="2021-02-06 14:35:23Z" duration="0.004010" total="1" passed="1" failed="0" inconclusive="0" skipped="0" asserts="1">
        <test-case id="0-1083" name="TestEofExceptionU4" fullname="Kaitai.SpecEofExceptionU4.TestEofExceptionU4" methodname="TestEofExceptionU4" classname="Kaitai.SpecEofExceptionU4" runstate="Runnable" seed="216484147" result="Passed" start-time="2021-02-06 14:35:23Z" end-time="2021-02-06 14:35:23Z" duration="0.000698" asserts="1" />
      </test-suite>
      <test-suite type="TestFixture" id="0-1084" name="SpecEosExceptionBytes" fullname="Kaitai.SpecEosExceptionBytes" classname="Kaitai.SpecEosExceptionBytes" runstate="Runnable" testcasecount="1" result="Passed" start-time="2021-02-06 14:35:23Z" end-time="2021-02-06 14:35:23Z" duration="0.005017" total="1" passed="1" failed="0" inconclusive="0" skipped="0" asserts="1">
        <test-case id="0-1085" name="TestEosExceptionBytes" fullname="Kaitai.SpecEosExceptionBytes.TestEosExceptionBytes" methodname="TestEosExceptionBytes" classname="Kaitai.SpecEosExceptionBytes" runstate="Runnable" seed="1741294866" result="Passed" start-time="2021-02-06 14:35:23Z" end-time="2021-02-06 14:35:23Z" duration="0.001179" asserts="1" />
      </test-suite>
      <test-suite type="TestFixture" id="0-1086" name="SpecEosExceptionU4" fullname="Kaitai.SpecEosExceptionU4" classname="Kaitai.SpecEosExceptionU4" runstate="Runnable" testcasecount="1" result="Passed" start-time="2021-02-06 14:35:23Z" end-time="2021-02-06 14:35:23Z" duration="0.004011" total="1" passed="1" failed="0" inconclusive="0" skipped="0" asserts="1">
        <test-case id="0-1087" name="TestEosExceptionU4" fullname="Kaitai.SpecEosExceptionU4.TestEosExceptionU4" methodname="TestEosExceptionU4" classname="Kaitai.SpecEosExceptionU4" runstate="Runnable" seed="1019973007" result="Passed" start-time="2021-02-06 14:35:23Z" end-time="2021-02-06 14:35:23Z" duration="0.000896" asserts="1" />
      </test-suite>
      <test-suite type="TestFixture" id="0-1088" name="SpecExpr0" fullname="Kaitai.SpecExpr0" classname="Kaitai.SpecExpr0" runstate="Runnable" testcasecount="1" result="Passed" start-time="2021-02-06 14:35:23Z" end-time="2021-02-06 14:35:23Z" duration="0.004006" total="1" passed="1" failed="0" inconclusive="0" skipped="0" asserts="2">
        <test-case id="0-1089" name="TestExpr0" fullname="Kaitai.SpecExpr0.TestExpr0" methodname="TestExpr0" classname="Kaitai.SpecExpr0" runstate="Runnable" seed="13417439" result="Passed" start-time="2021-02-06 14:35:23Z" end-time="2021-02-06 14:35:23Z" duration="0.000713" asserts="2" />
      </test-suite>
      <test-suite type="TestFixture" id="0-1090" name="SpecExpr1" fullname="Kaitai.SpecExpr1" classname="Kaitai.SpecExpr1" runstate="Runnable" testcasecount="1" result="Passed" start-time="2021-02-06 14:35:23Z" end-time="2021-02-06 14:35:23Z" duration="0.005032" total="1" passed="1" failed="0" inconclusive="0" skipped="0" asserts="4">
        <test-case id="0-1091" name="TestExpr1" fullname="Kaitai.SpecExpr1.TestExpr1" methodname="TestExpr1" classname="Kaitai.SpecExpr1" runstate="Runnable" seed="1375873570" result="Passed" start-time="2021-02-06 14:35:23Z" end-time="2021-02-06 14:35:23Z" duration="0.001109" asserts="4" />
      </test-suite>
      <test-suite type="TestFixture" id="0-1092" name="SpecExpr3" fullname="Kaitai.SpecExpr3" classname="Kaitai.SpecExpr3" runstate="Runnable" testcasecount="1" result="Passed" start-time="2021-02-06 14:35:23Z" end-time="2021-02-06 14:35:23Z" duration="0.006012" total="1" passed="1" failed="0" inconclusive="0" skipped="0" asserts="12">
        <test-case id="0-1093" name="TestExpr3" fullname="Kaitai.SpecExpr3.TestExpr3" methodname="TestExpr3" classname="Kaitai.SpecExpr3" runstate="Runnable" seed="185610706" result="Passed" start-time="2021-02-06 14:35:23Z" end-time="2021-02-06 14:35:23Z" duration="0.002419" asserts="12" />
      </test-suite>
      <test-suite type="TestFixture" id="0-1094" name="SpecExprArray" fullname="Kaitai.SpecExprArray" classname="Kaitai.SpecExprArray" runstate="Runnable" testcasecount="1" result="Passed" start-time="2021-02-06 14:35:23Z" end-time="2021-02-06 14:35:23Z" duration="0.019021" total="1" passed="1" failed="0" inconclusive="0" skipped="0" asserts="15">
        <test-case id="0-1095" name="TestExprArray" fullname="Kaitai.SpecExprArray.TestExprArray" methodname="TestExprArray" classname="Kaitai.SpecExprArray" runstate="Runnable" seed="1146569805" result="Passed" start-time="2021-02-06 14:35:23Z" end-time="2021-02-06 14:35:23Z" duration="0.015718" asserts="15" />
      </test-suite>
      <test-suite type="TestFixture" id="0-1096" name="SpecExprEnum" fullname="Kaitai.SpecExprEnum" classname="Kaitai.SpecExprEnum" runstate="Runnable" testcasecount="1" result="Passed" start-time="2021-02-06 14:35:23Z" end-time="2021-02-06 14:35:23Z" duration="0.004984" total="1" passed="1" failed="0" inconclusive="0" skipped="0" asserts="3">
        <test-case id="0-1097" name="TestExprEnum" fullname="Kaitai.SpecExprEnum.TestExprEnum" methodname="TestExprEnum" classname="Kaitai.SpecExprEnum" runstate="Runnable" seed="654687355" result="Passed" start-time="2021-02-06 14:35:23Z" end-time="2021-02-06 14:35:23Z" duration="0.001414" asserts="3" />
      </test-suite>
      <test-suite type="TestFixture" id="0-1098" name="SpecExprIfIntOps" fullname="Kaitai.SpecExprIfIntOps" classname="Kaitai.SpecExprIfIntOps" runstate="Runnable" testcasecount="1" result="Passed" start-time="2021-02-06 14:35:23Z" end-time="2021-02-06 14:35:23Z" duration="0.006028" total="1" passed="1" failed="0" inconclusive="0" skipped="0" asserts="2">
        <test-case id="0-1099" name="TestExprIfIntOps" fullname="Kaitai.SpecExprIfIntOps.TestExprIfIntOps" methodname="TestExprIfIntOps" classname="Kaitai.SpecExprIfIntOps" runstate="Runnable" seed="1552576020" result="Passed" start-time="2021-02-06 14:35:23Z" end-time="2021-02-06 14:35:23Z" duration="0.002534" asserts="2" />
      </test-suite>
      <test-suite type="TestFixture" id="0-1100" name="SpecExprIntDiv" fullname="Kaitai.SpecExprIntDiv" classname="Kaitai.SpecExprIntDiv" runstate="Runnable" testcasecount="1" result="Failed" site="Child" start-time="2021-02-06 14:35:23Z" end-time="2021-02-06 14:35:23Z" duration="0.040965" total="1" passed="0" failed="1" inconclusive="0" skipped="0" asserts="4">
        <failure>
          <message><![CDATA[One or more child tests had errors]]></message>
        </failure>
        <test-case id="0-1101" name="TestExprIntDiv" fullname="Kaitai.SpecExprIntDiv.TestExprIntDiv" methodname="TestExprIntDiv" classname="Kaitai.SpecExprIntDiv" runstate="Runnable" seed="875285511" result="Failed" start-time="2021-02-06 14:35:23Z" end-time="2021-02-06 14:35:23Z" duration="0.037055" asserts="4">
          <failure>
            <message><![CDATA[  Expected: -756
  But was:  -757
]]></message>
            <stack-trace><![CDATA[at Kaitai.SpecExprIntDiv.TestExprIntDiv() in C:\projects\ci-targets\tests\spec\csharp\kaitai_struct_csharp_tests\tests\SpecExprIntDiv.cs:line 18
]]></stack-trace>
          </failure>
        </test-case>
      </test-suite>
      <test-suite type="TestFixture" id="0-1102" name="SpecExprIoEof" fullname="Kaitai.SpecExprIoEof" classname="Kaitai.SpecExprIoEof" runstate="Runnable" testcasecount="1" result="Passed" start-time="2021-02-06 14:35:23Z" end-time="2021-02-06 14:35:23Z" duration="0.005844" total="1" passed="1" failed="0" inconclusive="0" skipped="0" asserts="4">
        <test-case id="0-1103" name="TestExprIoEof" fullname="Kaitai.SpecExprIoEof.TestExprIoEof" methodname="TestExprIoEof" classname="Kaitai.SpecExprIoEof" runstate="Runnable" seed="1491066576" result="Passed" start-time="2021-02-06 14:35:23Z" end-time="2021-02-06 14:35:23Z" duration="0.002226" asserts="4" />
      </test-suite>
      <test-suite type="TestFixture" id="0-1104" name="SpecExprIoPos" fullname="Kaitai.SpecExprIoPos" classname="Kaitai.SpecExprIoPos" runstate="Runnable" testcasecount="1" result="Passed" start-time="2021-02-06 14:35:23Z" end-time="2021-02-06 14:35:23Z" duration="0.004985" total="1" passed="1" failed="0" inconclusive="0" skipped="0" asserts="6">
        <test-case id="0-1105" name="TestExprIoPos" fullname="Kaitai.SpecExprIoPos.TestExprIoPos" methodname="TestExprIoPos" classname="Kaitai.SpecExprIoPos" runstate="Runnable" seed="1911255689" result="Passed" start-time="2021-02-06 14:35:23Z" end-time="2021-02-06 14:35:23Z" duration="0.001858" asserts="6" />
      </test-suite>
      <test-suite type="TestFixture" id="0-1106" name="SpecExprMod" fullname="Kaitai.SpecExprMod" classname="Kaitai.SpecExprMod" runstate="Runnable" testcasecount="1" result="Passed" start-time="2021-02-06 14:35:23Z" end-time="2021-02-06 14:35:23Z" duration="0.005025" total="1" passed="1" failed="0" inconclusive="0" skipped="0" asserts="6">
        <test-case id="0-1107" name="TestExprMod" fullname="Kaitai.SpecExprMod.TestExprMod" methodname="TestExprMod" classname="Kaitai.SpecExprMod" runstate="Runnable" seed="374348952" result="Passed" start-time="2021-02-06 14:35:23Z" end-time="2021-02-06 14:35:23Z" duration="0.001616" asserts="6" />
      </test-suite>
      <test-suite type="TestFixture" id="0-1108" name="SpecExprSizeofType0" fullname="Kaitai.SpecExprSizeofType0" classname="Kaitai.SpecExprSizeofType0" runstate="Runnable" testcasecount="1" result="Passed" start-time="2021-02-06 14:35:23Z" end-time="2021-02-06 14:35:23Z" duration="0.003996" total="1" passed="1" failed="0" inconclusive="0" skipped="0" asserts="1">
        <test-case id="0-1109" name="TestExprSizeofType0" fullname="Kaitai.SpecExprSizeofType0.TestExprSizeofType0" methodname="TestExprSizeofType0" classname="Kaitai.SpecExprSizeofType0" runstate="Runnable" seed="2096173283" result="Passed" start-time="2021-02-06 14:35:23Z" end-time="2021-02-06 14:35:23Z" duration="0.000590" asserts="1" />
      </test-suite>
      <test-suite type="TestFixture" id="0-1110" name="SpecExprSizeofType1" fullname="Kaitai.SpecExprSizeofType1" classname="Kaitai.SpecExprSizeofType1" runstate="Runnable" testcasecount="1" result="Passed" start-time="2021-02-06 14:35:23Z" end-time="2021-02-06 14:35:23Z" duration="0.003958" total="1" passed="1" failed="0" inconclusive="0" skipped="0" asserts="2">
        <test-case id="0-1111" name="TestExprSizeofType1" fullname="Kaitai.SpecExprSizeofType1.TestExprSizeofType1" methodname="TestExprSizeofType1" classname="Kaitai.SpecExprSizeofType1" runstate="Runnable" seed="467315725" result="Passed" start-time="2021-02-06 14:35:23Z" end-time="2021-02-06 14:35:23Z" duration="0.000709" asserts="2" />
      </test-suite>
      <test-suite type="TestFixture" id="0-1112" name="SpecExprSizeofValue0" fullname="Kaitai.SpecExprSizeofValue0" classname="Kaitai.SpecExprSizeofValue0" runstate="Runnable" testcasecount="1" result="Passed" start-time="2021-02-06 14:35:23Z" end-time="2021-02-06 14:35:23Z" duration="0.004986" total="1" passed="1" failed="0" inconclusive="0" skipped="0" asserts="5">
        <test-case id="0-1113" name="TestExprSizeofValue0" fullname="Kaitai.SpecExprSizeofValue0.TestExprSizeofValue0" methodname="TestExprSizeofValue0" classname="Kaitai.SpecExprSizeofValue0" runstate="Runnable" seed="1044769106" result="Passed" start-time="2021-02-06 14:35:23Z" end-time="2021-02-06 14:35:23Z" duration="0.001443" asserts="5" />
      </test-suite>
      <test-suite type="TestFixture" id="0-1114" name="SpecExprSizeofValueSized" fullname="Kaitai.SpecExprSizeofValueSized" classname="Kaitai.SpecExprSizeofValueSized" runstate="Runnable" testcasecount="1" result="Passed" start-time="2021-02-06 14:35:23Z" end-time="2021-02-06 14:35:23Z" duration="0.005050" total="1" passed="1" failed="0" inconclusive="0" skipped="0" asserts="5">
        <test-case id="0-1115" name="TestExprSizeofValueSized" fullname="Kaitai.SpecExprSizeofValueSized.TestExprSizeofValueSized" methodname="TestExprSizeofValueSized" classname="Kaitai.SpecExprSizeofValueSized" runstate="Runnable" seed="1844464030" result="Passed" start-time="2021-02-06 14:35:23Z" end-time="2021-02-06 14:35:23Z" duration="0.001679" asserts="5" />
      </test-suite>
      <test-suite type="TestFixture" id="0-1116" name="SpecFixedContents" fullname="Kaitai.SpecFixedContents" classname="Kaitai.SpecFixedContents" runstate="Runnable" testcasecount="1" result="Passed" start-time="2021-02-06 14:35:23Z" end-time="2021-02-06 14:35:23Z" duration="0.004984" total="1" passed="1" failed="0" inconclusive="0" skipped="0" asserts="0">
        <test-case id="0-1117" name="TestFixedContents" fullname="Kaitai.SpecFixedContents.TestFixedContents" methodname="TestFixedContents" classname="Kaitai.SpecFixedContents" runstate="Runnable" seed="47637897" result="Passed" start-time="2021-02-06 14:35:23Z" end-time="2021-02-06 14:35:23Z" duration="0.001554" asserts="0" />
      </test-suite>
      <test-suite type="TestFixture" id="0-1118" name="SpecFixedStruct" fullname="Kaitai.SpecFixedStruct" classname="Kaitai.SpecFixedStruct" runstate="Runnable" testcasecount="1" result="Passed" start-time="2021-02-06 14:35:23Z" end-time="2021-02-06 14:35:23Z" duration="0.010012" total="1" passed="1" failed="0" inconclusive="0" skipped="0" asserts="20">
        <test-case id="0-1119" name="TestFixedStruct" fullname="Kaitai.SpecFixedStruct.TestFixedStruct" methodname="TestFixedStruct" classname="Kaitai.SpecFixedStruct" runstate="Runnable" seed="1269053163" result="Passed" start-time="2021-02-06 14:35:23Z" end-time="2021-02-06 14:35:23Z" duration="0.006259" asserts="20" />
      </test-suite>
      <test-suite type="TestFixture" id="0-1120" name="SpecFloatingPoints" fullname="Kaitai.SpecFloatingPoints" classname="Kaitai.SpecFloatingPoints" runstate="Runnable" testcasecount="1" result="Passed" start-time="2021-02-06 14:35:23Z" end-time="2021-02-06 14:35:23Z" duration="0.005031" total="1" passed="1" failed="0" inconclusive="0" skipped="0" asserts="8">
        <test-case id="0-1121" name="TestFloatingPoints" fullname="Kaitai.SpecFloatingPoints.TestFloatingPoints" methodname="TestFloatingPoints" classname="Kaitai.SpecFloatingPoints" runstate="Runnable" seed="752564493" result="Passed" start-time="2021-02-06 14:35:23Z" end-time="2021-02-06 14:35:23Z" duration="0.001639" asserts="8" />
      </test-suite>
      <test-suite type="TestFixture" id="0-1122" name="SpecHelloWorld" fullname="Kaitai.SpecHelloWorld" classname="Kaitai.SpecHelloWorld" runstate="Runnable" testcasecount="1" result="Passed" start-time="2021-02-06 14:35:23Z" end-time="2021-02-06 14:35:23Z" duration="0.003998" total="1" passed="1" failed="0" inconclusive="0" skipped="0" asserts="1">
        <test-case id="0-1123" name="TestHelloWorld" fullname="Kaitai.SpecHelloWorld.TestHelloWorld" methodname="TestHelloWorld" classname="Kaitai.SpecHelloWorld" runstate="Runnable" seed="652417744" result="Passed" start-time="2021-02-06 14:35:23Z" end-time="2021-02-06 14:35:23Z" duration="0.000325" asserts="1" />
      </test-suite>
      <test-suite type="TestFixture" id="0-1124" name="SpecIfInstances" fullname="Kaitai.SpecIfInstances" classname="Kaitai.SpecIfInstances" runstate="Runnable" testcasecount="1" result="Passed" start-time="2021-02-06 14:35:23Z" end-time="2021-02-06 14:35:23Z" duration="0.004033" total="1" passed="1" failed="0" inconclusive="0" skipped="0" asserts="1">
        <test-case id="0-1125" name="TestIfInstances" fullname="Kaitai.SpecIfInstances.TestIfInstances" methodname="TestIfInstances" classname="Kaitai.SpecIfInstances" runstate="Runnable" seed="1342733382" result="Passed" start-time="2021-02-06 14:35:23Z" end-time="2021-02-06 14:35:23Z" duration="0.000612" asserts="1" />
      </test-suite>
      <test-suite type="TestFixture" id="0-1126" name="SpecIfStruct" fullname="Kaitai.SpecIfStruct" classname="Kaitai.SpecIfStruct" runstate="Runnable" testcasecount="1" result="Passed" start-time="2021-02-06 14:35:23Z" end-time="2021-02-06 14:35:23Z" duration="0.006015" total="1" passed="1" failed="0" inconclusive="0" skipped="0" asserts="7">
        <test-case id="0-1127" name="TestIfStruct" fullname="Kaitai.SpecIfStruct.TestIfStruct" methodname="TestIfStruct" classname="Kaitai.SpecIfStruct" runstate="Runnable" seed="826416141" result="Passed" start-time="2021-02-06 14:35:23Z" end-time="2021-02-06 14:35:23Z" duration="0.002420" asserts="7" />
      </test-suite>
      <test-suite type="TestFixture" id="0-1128" name="SpecIfValues" fullname="Kaitai.SpecIfValues" classname="Kaitai.SpecIfValues" runstate="Runnable" testcasecount="1" result="Passed" start-time="2021-02-06 14:35:23Z" end-time="2021-02-06 14:35:23Z" duration="0.007027" total="1" passed="1" failed="0" inconclusive="0" skipped="0" asserts="6">
        <test-case id="0-1129" name="TestIfValues" fullname="Kaitai.SpecIfValues.TestIfValues" methodname="TestIfValues" classname="Kaitai.SpecIfValues" runstate="Runnable" seed="984038195" result="Passed" start-time="2021-02-06 14:35:23Z" end-time="2021-02-06 14:35:23Z" duration="0.002976" asserts="6" />
      </test-suite>
      <test-suite type="TestFixture" id="0-1130" name="SpecImports0" fullname="Kaitai.SpecImports0" classname="Kaitai.SpecImports0" runstate="Runnable" testcasecount="1" result="Passed" start-time="2021-02-06 14:35:23Z" end-time="2021-02-06 14:35:23Z" duration="0.004992" total="1" passed="1" failed="0" inconclusive="0" skipped="0" asserts="3">
        <test-case id="0-1131" name="TestImports0" fullname="Kaitai.SpecImports0.TestImports0" methodname="TestImports0" classname="Kaitai.SpecImports0" runstate="Runnable" seed="970737435" result="Passed" start-time="2021-02-06 14:35:23Z" end-time="2021-02-06 14:35:23Z" duration="0.001328" asserts="3" />
      </test-suite>
      <test-suite type="TestFixture" id="0-1132" name="SpecImportsAbsAbs" fullname="Kaitai.SpecImportsAbsAbs" classname="Kaitai.SpecImportsAbsAbs" runstate="Runnable" testcasecount="1" result="Passed" start-time="2021-02-06 14:35:23Z" end-time="2021-02-06 14:35:23Z" duration="0.004983" total="1" passed="1" failed="0" inconclusive="0" skipped="0" asserts="3">
        <test-case id="0-1133" name="TestImportsAbsAbs" fullname="Kaitai.SpecImportsAbsAbs.TestImportsAbsAbs" methodname="TestImportsAbsAbs" classname="Kaitai.SpecImportsAbsAbs" runstate="Runnable" seed="74418813" result="Passed" start-time="2021-02-06 14:35:23Z" end-time="2021-02-06 14:35:23Z" duration="0.001602" asserts="3" />
      </test-suite>
      <test-suite type="TestFixture" id="0-1134" name="SpecImportsAbsRel" fullname="Kaitai.SpecImportsAbsRel" classname="Kaitai.SpecImportsAbsRel" runstate="Runnable" testcasecount="1" result="Passed" start-time="2021-02-06 14:35:23Z" end-time="2021-02-06 14:35:23Z" duration="0.005059" total="1" passed="1" failed="0" inconclusive="0" skipped="0" asserts="3">
        <test-case id="0-1135" name="TestImportsAbsRel" fullname="Kaitai.SpecImportsAbsRel.TestImportsAbsRel" methodname="TestImportsAbsRel" classname="Kaitai.SpecImportsAbsRel" runstate="Runnable" seed="614095121" result="Passed" start-time="2021-02-06 14:35:23Z" end-time="2021-02-06 14:35:23Z" duration="0.001350" asserts="3" />
      </test-suite>
      <test-suite type="TestFixture" id="0-1136" name="SpecImportsCircularA" fullname="Kaitai.SpecImportsCircularA" classname="Kaitai.SpecImportsCircularA" runstate="Runnable" testcasecount="1" result="Passed" start-time="2021-02-06 14:35:23Z" end-time="2021-02-06 14:35:23Z" duration="0.004974" total="1" passed="1" failed="0" inconclusive="0" skipped="0" asserts="5">
        <test-case id="0-1137" name="TestImportsCircularA" fullname="Kaitai.SpecImportsCircularA.TestImportsCircularA" methodname="TestImportsCircularA" classname="Kaitai.SpecImportsCircularA" runstate="Runnable" seed="865272763" result="Passed" start-time="2021-02-06 14:35:23Z" end-time="2021-02-06 14:35:23Z" duration="0.001670" asserts="5" />
      </test-suite>
      <test-suite type="TestFixture" id="0-1138" name="SpecImportsRel1" fullname="Kaitai.SpecImportsRel1" classname="Kaitai.SpecImportsRel1" runstate="Runnable" testcasecount="1" result="Passed" start-time="2021-02-06 14:35:23Z" end-time="2021-02-06 14:35:23Z" duration="0.005033" total="1" passed="1" failed="0" inconclusive="0" skipped="0" asserts="3">
        <test-case id="0-1139" name="TestImportsRel1" fullname="Kaitai.SpecImportsRel1.TestImportsRel1" methodname="TestImportsRel1" classname="Kaitai.SpecImportsRel1" runstate="Runnable" seed="1900334346" result="Passed" start-time="2021-02-06 14:35:23Z" end-time="2021-02-06 14:35:23Z" duration="0.001499" asserts="3" />
      </test-suite>
      <test-suite type="TestFixture" id="0-1140" name="SpecIndexSizes" fullname="Kaitai.SpecIndexSizes" classname="Kaitai.SpecIndexSizes" runstate="Runnable" testcasecount="1" result="Passed" start-time="2021-02-06 14:35:23Z" end-time="2021-02-06 14:35:23Z" duration="0.005015" total="1" passed="1" failed="0" inconclusive="0" skipped="0" asserts="7">
        <test-case id="0-1141" name="TestIndexSizes" fullname="Kaitai.SpecIndexSizes.TestIndexSizes" methodname="TestIndexSizes" classname="Kaitai.SpecIndexSizes" runstate="Runnable" seed="817432149" result="Passed" start-time="2021-02-06 14:35:23Z" end-time="2021-02-06 14:35:23Z" duration="0.001308" asserts="7" />
      </test-suite>
      <test-suite type="TestFixture" id="0-1142" name="SpecIndexToParamEos" fullname="Kaitai.SpecIndexToParamEos" classname="Kaitai.SpecIndexToParamEos" runstate="Runnable" testcasecount="1" result="Passed" start-time="2021-02-06 14:35:23Z" end-time="2021-02-06 14:35:23Z" duration="0.005977" total="1" passed="1" failed="0" inconclusive="0" skipped="0" asserts="7">
        <test-case id="0-1143" name="TestIndexToParamEos" fullname="Kaitai.SpecIndexToParamEos.TestIndexToParamEos" methodname="TestIndexToParamEos" classname="Kaitai.SpecIndexToParamEos" runstate="Runnable" seed="587901509" result="Passed" start-time="2021-02-06 14:35:23Z" end-time="2021-02-06 14:35:23Z" duration="0.002084" asserts="7" />
      </test-suite>
      <test-suite type="TestFixture" id="0-1144" name="SpecIndexToParamExpr" fullname="Kaitai.SpecIndexToParamExpr" classname="Kaitai.SpecIndexToParamExpr" runstate="Runnable" testcasecount="1" result="Passed" start-time="2021-02-06 14:35:23Z" end-time="2021-02-06 14:35:23Z" duration="0.006016" total="1" passed="1" failed="0" inconclusive="0" skipped="0" asserts="7">
        <test-case id="0-1145" name="TestIndexToParamExpr" fullname="Kaitai.SpecIndexToParamExpr.TestIndexToParamExpr" methodname="TestIndexToParamExpr" classname="Kaitai.SpecIndexToParamExpr" runstate="Runnable" seed="2136161789" result="Passed" start-time="2021-02-06 14:35:23Z" end-time="2021-02-06 14:35:23Z" duration="0.002377" asserts="7" />
      </test-suite>
      <test-suite type="TestFixture" id="0-1146" name="SpecIndexToParamUntil" fullname="Kaitai.SpecIndexToParamUntil" classname="Kaitai.SpecIndexToParamUntil" runstate="Runnable" testcasecount="1" result="Passed" start-time="2021-02-06 14:35:23Z" end-time="2021-02-06 14:35:23Z" duration="0.006086" total="1" passed="1" failed="0" inconclusive="0" skipped="0" asserts="7">
        <test-case id="0-1147" name="TestIndexToParamUntil" fullname="Kaitai.SpecIndexToParamUntil.TestIndexToParamUntil" methodname="TestIndexToParamUntil" classname="Kaitai.SpecIndexToParamUntil" runstate="Runnable" seed="2012205600" result="Passed" start-time="2021-02-06 14:35:23Z" end-time="2021-02-06 14:35:23Z" duration="0.002366" asserts="7" />
      </test-suite>
      <test-suite type="TestFixture" id="0-1148" name="SpecInstanceIoUser" fullname="Kaitai.SpecInstanceIoUser" classname="Kaitai.SpecInstanceIoUser" runstate="Runnable" testcasecount="1" result="Passed" start-time="2021-02-06 14:35:23Z" end-time="2021-02-06 14:35:23Z" duration="0.006050" total="1" passed="1" failed="0" inconclusive="0" skipped="0" asserts="4">
        <test-case id="0-1149" name="TestInstanceIoUser" fullname="Kaitai.SpecInstanceIoUser.TestInstanceIoUser" methodname="TestInstanceIoUser" classname="Kaitai.SpecInstanceIoUser" runstate="Runnable" seed="816181937" result="Passed" start-time="2021-02-06 14:35:23Z" end-time="2021-02-06 14:35:23Z" duration="0.002442" asserts="4" />
      </test-suite>
      <test-suite type="TestFixture" id="0-1150" name="SpecInstanceStd" fullname="Kaitai.SpecInstanceStd" classname="Kaitai.SpecInstanceStd" runstate="Runnable" testcasecount="1" result="Passed" start-time="2021-02-06 14:35:23Z" end-time="2021-02-06 14:35:23Z" duration="0.003933" total="1" passed="1" failed="0" inconclusive="0" skipped="0" asserts="1">
        <test-case id="0-1151" name="TestInstanceStd" fullname="Kaitai.SpecInstanceStd.TestInstanceStd" methodname="TestInstanceStd" classname="Kaitai.SpecInstanceStd" runstate="Runnable" seed="1927872785" result="Passed" start-time="2021-02-06 14:35:23Z" end-time="2021-02-06 14:35:23Z" duration="0.000893" asserts="1" />
      </test-suite>
      <test-suite type="TestFixture" id="0-1152" name="SpecInstanceStdArray" fullname="Kaitai.SpecInstanceStdArray" classname="Kaitai.SpecInstanceStdArray" runstate="Runnable" testcasecount="1" result="Passed" start-time="2021-02-06 14:35:23Z" end-time="2021-02-06 14:35:23Z" duration="0.004974" total="1" passed="1" failed="0" inconclusive="0" skipped="0" asserts="7">
        <test-case id="0-1153" name="TestInstanceStdArray" fullname="Kaitai.SpecInstanceStdArray.TestInstanceStdArray" methodname="TestInstanceStdArray" classname="Kaitai.SpecInstanceStdArray" runstate="Runnable" seed="526210720" result="Passed" start-time="2021-02-06 14:35:23Z" end-time="2021-02-06 14:35:23Z" duration="0.001806" asserts="7" />
      </test-suite>
      <test-suite type="TestFixture" id="0-1154" name="SpecInstanceUserArray" fullname="Kaitai.SpecInstanceUserArray" classname="Kaitai.SpecInstanceUserArray" runstate="Runnable" testcasecount="1" result="Passed" start-time="2021-02-06 14:35:23Z" end-time="2021-02-06 14:35:23Z" duration="0.005996" total="1" passed="1" failed="0" inconclusive="0" skipped="0" asserts="10">
        <test-case id="0-1155" name="TestInstanceUserArray" fullname="Kaitai.SpecInstanceUserArray.TestInstanceUserArray" methodname="TestInstanceUserArray" classname="Kaitai.SpecInstanceUserArray" runstate="Runnable" seed="33263301" result="Passed" start-time="2021-02-06 14:35:23Z" end-time="2021-02-06 14:35:23Z" duration="0.002683" asserts="10" />
      </test-suite>
      <test-suite type="TestFixture" id="0-1156" name="SpecIntegers" fullname="Kaitai.SpecIntegers" classname="Kaitai.SpecIntegers" runstate="Runnable" testcasecount="1" result="Passed" start-time="2021-02-06 14:35:23Z" end-time="2021-02-06 14:35:23Z" duration="0.009020" total="1" passed="1" failed="0" inconclusive="0" skipped="0" asserts="20">
        <test-case id="0-1157" name="TestIntegers" fullname="Kaitai.SpecIntegers.TestIntegers" methodname="TestIntegers" classname="Kaitai.SpecIntegers" runstate="Runnable" seed="661157186" result="Passed" start-time="2021-02-06 14:35:23Z" end-time="2021-02-06 14:35:23Z" duration="0.005290" asserts="20" />
      </test-suite>
      <test-suite type="TestFixture" id="0-1158" name="SpecIntegersDoubleOverflow" fullname="Kaitai.SpecIntegersDoubleOverflow" classname="Kaitai.SpecIntegersDoubleOverflow" runstate="Runnable" testcasecount="1" result="Passed" start-time="2021-02-06 14:35:23Z" end-time="2021-02-06 14:35:23Z" duration="0.005012" total="1" passed="1" failed="0" inconclusive="0" skipped="0" asserts="8">
        <test-case id="0-1159" name="TestIntegersDoubleOverflow" fullname="Kaitai.SpecIntegersDoubleOverflow.TestIntegersDoubleOverflow" methodname="TestIntegersDoubleOverflow" classname="Kaitai.SpecIntegersDoubleOverflow" runstate="Runnable" seed="742943050" result="Passed" start-time="2021-02-06 14:35:23Z" end-time="2021-02-06 14:35:23Z" duration="0.001420" asserts="8" />
      </test-suite>
      <test-suite type="TestFixture" id="0-1160" name="SpecIntegersMinMax" fullname="Kaitai.SpecIntegersMinMax" classname="Kaitai.SpecIntegersMinMax" runstate="Runnable" testcasecount="1" result="Passed" start-time="2021-02-06 14:35:23Z" end-time="2021-02-06 14:35:23Z" duration="0.006940" total="1" passed="1" failed="0" inconclusive="0" skipped="0" asserts="28">
        <test-case id="0-1161" name="TestIntegersMinMax" fullname="Kaitai.SpecIntegersMinMax.TestIntegersMinMax" methodname="TestIntegersMinMax" classname="Kaitai.SpecIntegersMinMax" runstate="Runnable" seed="18790981" result="Passed" start-time="2021-02-06 14:35:23Z" end-time="2021-02-06 14:35:23Z" duration="0.003885" asserts="28" />
      </test-suite>
      <test-suite type="TestFixture" id="0-1162" name="SpecIoLocalVar" fullname="Kaitai.SpecIoLocalVar" classname="Kaitai.SpecIoLocalVar" runstate="Runnable" testcasecount="1" result="Passed" start-time="2021-02-06 14:35:23Z" end-time="2021-02-06 14:35:23Z" duration="0.004954" total="1" passed="1" failed="0" inconclusive="0" skipped="0" asserts="2">
        <test-case id="0-1163" name="TestIoLocalVar" fullname="Kaitai.SpecIoLocalVar.TestIoLocalVar" methodname="TestIoLocalVar" classname="Kaitai.SpecIoLocalVar" runstate="Runnable" seed="623693706" result="Passed" start-time="2021-02-06 14:35:23Z" end-time="2021-02-06 14:35:23Z" duration="0.001551" asserts="2" />
      </test-suite>
      <test-suite type="TestFixture" id="0-1164" name="SpecJsSignedRightShift" fullname="Kaitai.SpecJsSignedRightShift" classname="Kaitai.SpecJsSignedRightShift" runstate="Runnable" testcasecount="1" result="Passed" start-time="2021-02-06 14:35:23Z" end-time="2021-02-06 14:35:23Z" duration="0.004026" total="1" passed="1" failed="0" inconclusive="0" skipped="0" asserts="2">
        <test-case id="0-1165" name="TestJsSignedRightShift" fullname="Kaitai.SpecJsSignedRightShift.TestJsSignedRightShift" methodname="TestJsSignedRightShift" classname="Kaitai.SpecJsSignedRightShift" runstate="Runnable" seed="44540063" result="Passed" start-time="2021-02-06 14:35:23Z" end-time="2021-02-06 14:35:23Z" duration="0.000658" asserts="2" />
      </test-suite>
      <test-suite type="TestFixture" id="0-1166" name="SpecMetaTags" fullname="Kaitai.SpecMetaTags" classname="Kaitai.SpecMetaTags" runstate="Runnable" testcasecount="1" result="Passed" start-time="2021-02-06 14:35:23Z" end-time="2021-02-06 14:35:23Z" duration="0.003957" total="1" passed="1" failed="0" inconclusive="0" skipped="0" asserts="0">
        <test-case id="0-1167" name="TestMetaTags" fullname="Kaitai.SpecMetaTags.TestMetaTags" methodname="TestMetaTags" classname="Kaitai.SpecMetaTags" runstate="Runnable" seed="1922306318" result="Passed" start-time="2021-02-06 14:35:23Z" end-time="2021-02-06 14:35:23Z" duration="0.000650" asserts="0" />
      </test-suite>
      <test-suite type="TestFixture" id="0-1168" name="SpecMetaXref" fullname="Kaitai.SpecMetaXref" classname="Kaitai.SpecMetaXref" runstate="Runnable" testcasecount="1" result="Passed" start-time="2021-02-06 14:35:23Z" end-time="2021-02-06 14:35:23Z" duration="0.004007" total="1" passed="1" failed="0" inconclusive="0" skipped="0" asserts="0">
        <test-case id="0-1169" name="TestMetaXref" fullname="Kaitai.SpecMetaXref.TestMetaXref" methodname="TestMetaXref" classname="Kaitai.SpecMetaXref" runstate="Runnable" seed="513355891" result="Passed" start-time="2021-02-06 14:35:23Z" end-time="2021-02-06 14:35:23Z" duration="0.000458" asserts="0" />
      </test-suite>
      <test-suite type="TestFixture" id="0-1170" name="SpecMultipleUse" fullname="Kaitai.SpecMultipleUse" classname="Kaitai.SpecMultipleUse" runstate="Runnable" testcasecount="1" result="Passed" start-time="2021-02-06 14:35:23Z" end-time="2021-02-06 14:35:24Z" duration="0.004984" total="1" passed="1" failed="0" inconclusive="0" skipped="0" asserts="2">
        <test-case id="0-1171" name="TestMultipleUse" fullname="Kaitai.SpecMultipleUse.TestMultipleUse" methodname="TestMultipleUse" classname="Kaitai.SpecMultipleUse" runstate="Runnable" seed="512944267" result="Passed" start-time="2021-02-06 14:35:24Z" end-time="2021-02-06 14:35:24Z" duration="0.001792" asserts="2" />
      </test-suite>
      <test-suite type="TestFixture" id="0-1172" name="SpecNavParent" fullname="Kaitai.SpecNavParent" classname="Kaitai.SpecNavParent" runstate="Runnable" testcasecount="1" result="Passed" start-time="2021-02-06 14:35:24Z" end-time="2021-02-06 14:35:24Z" duration="0.007057" total="1" passed="1" failed="0" inconclusive="0" skipped="0" asserts="5">
        <test-case id="0-1173" name="TestNavParent" fullname="Kaitai.SpecNavParent.TestNavParent" methodname="TestNavParent" classname="Kaitai.SpecNavParent" runstate="Runnable" seed="688656008" result="Passed" start-time="2021-02-06 14:35:24Z" end-time="2021-02-06 14:35:24Z" duration="0.002974" asserts="5" />
      </test-suite>
      <test-suite type="TestFixture" id="0-1174" name="SpecNavParent2" fullname="Kaitai.SpecNavParent2" classname="Kaitai.SpecNavParent2" runstate="Runnable" testcasecount="1" result="Passed" start-time="2021-02-06 14:35:24Z" end-time="2021-02-06 14:35:24Z" duration="0.006995" total="1" passed="1" failed="0" inconclusive="0" skipped="0" asserts="10">
        <test-case id="0-1175" name="TestNavParent2" fullname="Kaitai.SpecNavParent2.TestNavParent2" methodname="TestNavParent2" classname="Kaitai.SpecNavParent2" runstate="Runnable" seed="3259010" result="Passed" start-time="2021-02-06 14:35:24Z" end-time="2021-02-06 14:35:24Z" duration="0.003126" asserts="10" />
      </test-suite>
      <test-suite type="TestFixture" id="0-1176" name="SpecNavParent3" fullname="Kaitai.SpecNavParent3" classname="Kaitai.SpecNavParent3" runstate="Runnable" testcasecount="1" result="Passed" start-time="2021-02-06 14:35:24Z" end-time="2021-02-06 14:35:24Z" duration="0.005993" total="1" passed="1" failed="0" inconclusive="0" skipped="0" asserts="10">
        <test-case id="0-1177" name="TestNavParent3" fullname="Kaitai.SpecNavParent3.TestNavParent3" methodname="TestNavParent3" classname="Kaitai.SpecNavParent3" runstate="Runnable" seed="1996990560" result="Passed" start-time="2021-02-06 14:35:24Z" end-time="2021-02-06 14:35:24Z" duration="0.002745" asserts="10" />
      </test-suite>
      <test-suite type="TestFixture" id="0-1178" name="SpecNavParentFalse" fullname="Kaitai.SpecNavParentFalse" classname="Kaitai.SpecNavParentFalse" runstate="Runnable" testcasecount="1" result="Passed" start-time="2021-02-06 14:35:24Z" end-time="2021-02-06 14:35:24Z" duration="0.005985" total="1" passed="1" failed="0" inconclusive="0" skipped="0" asserts="5">
        <test-case id="0-1179" name="TestNavParentFalse" fullname="Kaitai.SpecNavParentFalse.TestNavParentFalse" methodname="TestNavParentFalse" classname="Kaitai.SpecNavParentFalse" runstate="Runnable" seed="867842145" result="Passed" start-time="2021-02-06 14:35:24Z" end-time="2021-02-06 14:35:24Z" duration="0.002528" asserts="5" />
      </test-suite>
      <test-suite type="TestFixture" id="0-1180" name="SpecNavParentFalse2" fullname="Kaitai.SpecNavParentFalse2" classname="Kaitai.SpecNavParentFalse2" runstate="Runnable" testcasecount="1" result="Passed" start-time="2021-02-06 14:35:24Z" end-time="2021-02-06 14:35:24Z" duration="0.005018" total="1" passed="1" failed="0" inconclusive="0" skipped="0" asserts="1">
        <test-case id="0-1181" name="TestNavParentFalse2" fullname="Kaitai.SpecNavParentFalse2.TestNavParentFalse2" methodname="TestNavParentFalse2" classname="Kaitai.SpecNavParentFalse2" runstate="Runnable" seed="700990832" result="Passed" start-time="2021-02-06 14:35:24Z" end-time="2021-02-06 14:35:24Z" duration="0.001030" asserts="1" />
      </test-suite>
      <test-suite type="TestFixture" id="0-1182" name="SpecNavParentOverride" fullname="Kaitai.SpecNavParentOverride" classname="Kaitai.SpecNavParentOverride" runstate="Runnable" testcasecount="1" result="Passed" start-time="2021-02-06 14:35:24Z" end-time="2021-02-06 14:35:24Z" duration="0.004978" total="1" passed="1" failed="0" inconclusive="0" skipped="0" asserts="3">
        <test-case id="0-1183" name="TestNavParentOverride" fullname="Kaitai.SpecNavParentOverride.TestNavParentOverride" methodname="TestNavParentOverride" classname="Kaitai.SpecNavParentOverride" runstate="Runnable" seed="374454844" result="Passed" start-time="2021-02-06 14:35:24Z" end-time="2021-02-06 14:35:24Z" duration="0.001853" asserts="3" />
      </test-suite>
      <test-suite type="TestFixture" id="0-1184" name="SpecNavParentSwitch" fullname="Kaitai.SpecNavParentSwitch" classname="Kaitai.SpecNavParentSwitch" runstate="Runnable" testcasecount="1" result="Passed" start-time="2021-02-06 14:35:24Z" end-time="2021-02-06 14:35:24Z" duration="0.005986" total="1" passed="1" failed="0" inconclusive="0" skipped="0" asserts="3">
        <test-case id="0-1185" name="TestNavParentSwitch" fullname="Kaitai.SpecNavParentSwitch.TestNavParentSwitch" methodname="TestNavParentSwitch" classname="Kaitai.SpecNavParentSwitch" runstate="Runnable" seed="1959979222" result="Passed" start-time="2021-02-06 14:35:24Z" end-time="2021-02-06 14:35:24Z" duration="0.001967" asserts="3" />
      </test-suite>
      <test-suite type="TestFixture" id="0-1186" name="SpecNavParentVsValueInst" fullname="Kaitai.SpecNavParentVsValueInst" classname="Kaitai.SpecNavParentVsValueInst" runstate="Runnable" testcasecount="1" result="Passed" start-time="2021-02-06 14:35:24Z" end-time="2021-02-06 14:35:24Z" duration="0.004995" total="1" passed="1" failed="0" inconclusive="0" skipped="0" asserts="1">
        <test-case id="0-1187" name="TestNavParentVsValueInst" fullname="Kaitai.SpecNavParentVsValueInst.TestNavParentVsValueInst" methodname="TestNavParentVsValueInst" classname="Kaitai.SpecNavParentVsValueInst" runstate="Runnable" seed="2088080898" result="Passed" start-time="2021-02-06 14:35:24Z" end-time="2021-02-06 14:35:24Z" duration="0.001121" asserts="1" />
      </test-suite>
      <test-suite type="TestFixture" id="0-1188" name="SpecNavRoot" fullname="Kaitai.SpecNavRoot" classname="Kaitai.SpecNavRoot" runstate="Runnable" testcasecount="1" result="Passed" start-time="2021-02-06 14:35:24Z" end-time="2021-02-06 14:35:24Z" duration="0.006009" total="1" passed="1" failed="0" inconclusive="0" skipped="0" asserts="5">
        <test-case id="0-1189" name="TestNavRoot" fullname="Kaitai.SpecNavRoot.TestNavRoot" methodname="TestNavRoot" classname="Kaitai.SpecNavRoot" runstate="Runnable" seed="876091857" result="Passed" start-time="2021-02-06 14:35:24Z" end-time="2021-02-06 14:35:24Z" duration="0.002633" asserts="5" />
      </test-suite>
      <test-suite type="TestFixture" id="0-1190" name="SpecNestedSameName" fullname="Kaitai.SpecNestedSameName" classname="Kaitai.SpecNestedSameName" runstate="Runnable" testcasecount="1" result="Passed" start-time="2021-02-06 14:35:24Z" end-time="2021-02-06 14:35:24Z" duration="0.006036" total="1" passed="1" failed="0" inconclusive="0" skipped="0" asserts="2">
        <test-case id="0-1191" name="TestNestedSameName" fullname="Kaitai.SpecNestedSameName.TestNestedSameName" methodname="TestNestedSameName" classname="Kaitai.SpecNestedSameName" runstate="Runnable" seed="1308924001" result="Passed" start-time="2021-02-06 14:35:24Z" end-time="2021-02-06 14:35:24Z" duration="0.002069" asserts="2" />
      </test-suite>
      <test-suite type="TestFixture" id="0-1192" name="SpecNestedSameName2" fullname="Kaitai.SpecNestedSameName2" classname="Kaitai.SpecNestedSameName2" runstate="Runnable" testcasecount="1" result="Passed" start-time="2021-02-06 14:35:24Z" end-time="2021-02-06 14:35:24Z" duration="0.006974" total="1" passed="1" failed="0" inconclusive="0" skipped="0" asserts="5">
        <test-case id="0-1193" name="TestNestedSameName2" fullname="Kaitai.SpecNestedSameName2.TestNestedSameName2" methodname="TestNestedSameName2" classname="Kaitai.SpecNestedSameName2" runstate="Runnable" seed="2134065829" result="Passed" start-time="2021-02-06 14:35:24Z" end-time="2021-02-06 14:35:24Z" duration="0.003390" asserts="5" />
      </test-suite>
      <test-suite type="TestFixture" id="0-1194" name="SpecNestedTypeParam" fullname="Kaitai.SpecNestedTypeParam" classname="Kaitai.SpecNestedTypeParam" runstate="Runnable" testcasecount="1" result="Passed" start-time="2021-02-06 14:35:24Z" end-time="2021-02-06 14:35:24Z" duration="0.005009" total="1" passed="1" failed="0" inconclusive="0" skipped="0" asserts="2">
        <test-case id="0-1195" name="TestNestedTypeParam" fullname="Kaitai.SpecNestedTypeParam.TestNestedTypeParam" methodname="TestNestedTypeParam" classname="Kaitai.SpecNestedTypeParam" runstate="Runnable" seed="1050114592" result="Passed" start-time="2021-02-06 14:35:24Z" end-time="2021-02-06 14:35:24Z" duration="0.001237" asserts="2" />
      </test-suite>
      <test-suite type="TestFixture" id="0-1196" name="SpecNestedTypes" fullname="Kaitai.SpecNestedTypes" classname="Kaitai.SpecNestedTypes" runstate="Runnable" testcasecount="1" result="Passed" start-time="2021-02-06 14:35:24Z" end-time="2021-02-06 14:35:24Z" duration="0.004916" total="1" passed="1" failed="0" inconclusive="0" skipped="0" asserts="3">
        <test-case id="0-1197" name="TestNestedTypes" fullname="Kaitai.SpecNestedTypes.TestNestedTypes" methodname="TestNestedTypes" classname="Kaitai.SpecNestedTypes" runstate="Runnable" seed="2018677084" result="Passed" start-time="2021-02-06 14:35:24Z" end-time="2021-02-06 14:35:24Z" duration="0.001860" asserts="3" />
      </test-suite>
      <test-suite type="TestFixture" id="0-1198" name="SpecNestedTypes2" fullname="Kaitai.SpecNestedTypes2" classname="Kaitai.SpecNestedTypes2" runstate="Runnable" testcasecount="1" result="Passed" start-time="2021-02-06 14:35:24Z" end-time="2021-02-06 14:35:24Z" duration="0.005998" total="1" passed="1" failed="0" inconclusive="0" skipped="0" asserts="7">
        <test-case id="0-1199" name="TestNestedTypes2" fullname="Kaitai.SpecNestedTypes2.TestNestedTypes2" methodname="TestNestedTypes2" classname="Kaitai.SpecNestedTypes2" runstate="Runnable" seed="72270257" result="Passed" start-time="2021-02-06 14:35:24Z" end-time="2021-02-06 14:35:24Z" duration="0.002729" asserts="7" />
      </test-suite>
      <test-suite type="TestFixture" id="0-1200" name="SpecNestedTypes3" fullname="Kaitai.SpecNestedTypes3" classname="Kaitai.SpecNestedTypes3" runstate="Runnable" testcasecount="1" result="Passed" start-time="2021-02-06 14:35:24Z" end-time="2021-02-06 14:35:24Z" duration="0.006030" total="1" passed="1" failed="0" inconclusive="0" skipped="0" asserts="5">
        <test-case id="0-1201" name="TestNestedTypes3" fullname="Kaitai.SpecNestedTypes3.TestNestedTypes3" methodname="TestNestedTypes3" classname="Kaitai.SpecNestedTypes3" runstate="Runnable" seed="1505794848" result="Passed" start-time="2021-02-06 14:35:24Z" end-time="2021-02-06 14:35:24Z" duration="0.002294" asserts="5" />
      </test-suite>
      <test-suite type="TestFixture" id="0-1202" name="SpecNonStandard" fullname="Kaitai.SpecNonStandard" classname="Kaitai.SpecNonStandard" runstate="Runnable" testcasecount="1" result="Passed" start-time="2021-02-06 14:35:24Z" end-time="2021-02-06 14:35:24Z" duration="0.003963" total="1" passed="1" failed="0" inconclusive="0" skipped="0" asserts="1">
        <test-case id="0-1203" name="TestNonStandard" fullname="Kaitai.SpecNonStandard.TestNonStandard" methodname="TestNonStandard" classname="Kaitai.SpecNonStandard" runstate="Runnable" seed="932009565" result="Passed" start-time="2021-02-06 14:35:24Z" end-time="2021-02-06 14:35:24Z" duration="0.000797" asserts="1" />
      </test-suite>
      <test-suite type="TestFixture" id="0-1204" name="SpecOpaqueExternalType" fullname="Kaitai.SpecOpaqueExternalType" classname="Kaitai.SpecOpaqueExternalType" runstate="Runnable" testcasecount="1" result="Passed" start-time="2021-02-06 14:35:24Z" end-time="2021-02-06 14:35:24Z" duration="0.005016" total="1" passed="1" failed="0" inconclusive="0" skipped="0" asserts="3">
        <test-case id="0-1205" name="TestOpaqueExternalType" fullname="Kaitai.SpecOpaqueExternalType.TestOpaqueExternalType" methodname="TestOpaqueExternalType" classname="Kaitai.SpecOpaqueExternalType" runstate="Runnable" seed="815574503" result="Passed" start-time="2021-02-06 14:35:24Z" end-time="2021-02-06 14:35:24Z" duration="0.001523" asserts="3" />
      </test-suite>
      <test-suite type="TestFixture" id="0-1206" name="SpecOpaqueExternalType02Parent" fullname="Kaitai.SpecOpaqueExternalType02Parent" classname="Kaitai.SpecOpaqueExternalType02Parent" runstate="Runnable" testcasecount="1" result="Passed" start-time="2021-02-06 14:35:24Z" end-time="2021-02-06 14:35:24Z" duration="0.006028" total="1" passed="1" failed="0" inconclusive="0" skipped="0" asserts="3">
        <test-case id="0-1207" name="TestOpaqueExternalType02Parent" fullname="Kaitai.SpecOpaqueExternalType02Parent.TestOpaqueExternalType02Parent" methodname="TestOpaqueExternalType02Parent" classname="Kaitai.SpecOpaqueExternalType02Parent" runstate="Runnable" seed="1410995986" result="Passed" start-time="2021-02-06 14:35:24Z" end-time="2021-02-06 14:35:24Z" duration="0.001948" asserts="3" />
      </test-suite>
      <test-suite type="TestFixture" id="0-1208" name="SpecOpaqueWithParam" fullname="Kaitai.SpecOpaqueWithParam" classname="Kaitai.SpecOpaqueWithParam" runstate="Runnable" testcasecount="1" result="Passed" start-time="2021-02-06 14:35:24Z" end-time="2021-02-06 14:35:24Z" duration="0.005026" total="1" passed="1" failed="0" inconclusive="0" skipped="0" asserts="2">
        <test-case id="0-1209" name="TestOpaqueWithParam" fullname="Kaitai.SpecOpaqueWithParam.TestOpaqueWithParam" methodname="TestOpaqueWithParam" classname="Kaitai.SpecOpaqueWithParam" runstate="Runnable" seed="1521034020" result="Passed" start-time="2021-02-06 14:35:24Z" end-time="2021-02-06 14:35:24Z" duration="0.001286" asserts="2" />
      </test-suite>
      <test-suite type="TestFixture" id="0-1210" name="SpecOptionalId" fullname="Kaitai.SpecOptionalId" classname="Kaitai.SpecOptionalId" runstate="Runnable" testcasecount="1" result="Passed" start-time="2021-02-06 14:35:24Z" end-time="2021-02-06 14:35:24Z" duration="0.005011" total="1" passed="1" failed="0" inconclusive="0" skipped="0" asserts="3">
        <test-case id="0-1211" name="TestOptionalId" fullname="Kaitai.SpecOptionalId.TestOptionalId" methodname="TestOptionalId" classname="Kaitai.SpecOptionalId" runstate="Runnable" seed="808937529" result="Passed" start-time="2021-02-06 14:35:24Z" end-time="2021-02-06 14:35:24Z" duration="0.001210" asserts="3" />
      </test-suite>
      <test-suite type="TestFixture" id="0-1212" name="SpecParamsCallExtraParens" fullname="Kaitai.SpecParamsCallExtraParens" classname="Kaitai.SpecParamsCallExtraParens" runstate="Runnable" testcasecount="1" result="Passed" start-time="2021-02-06 14:35:24Z" end-time="2021-02-06 14:35:24Z" duration="0.004986" total="1" passed="1" failed="0" inconclusive="0" skipped="0" asserts="1">
        <test-case id="0-1213" name="TestParamsCallExtraParens" fullname="Kaitai.SpecParamsCallExtraParens.TestParamsCallExtraParens" methodname="TestParamsCallExtraParens" classname="Kaitai.SpecParamsCallExtraParens" runstate="Runnable" seed="701564989" result="Passed" start-time="2021-02-06 14:35:24Z" end-time="2021-02-06 14:35:24Z" duration="0.001642" asserts="1" />
      </test-suite>
      <test-suite type="TestFixture" id="0-1214" name="SpecParamsCallShort" fullname="Kaitai.SpecParamsCallShort" classname="Kaitai.SpecParamsCallShort" runstate="Runnable" testcasecount="1" result="Passed" start-time="2021-02-06 14:35:24Z" end-time="2021-02-06 14:35:24Z" duration="0.006080" total="1" passed="1" failed="0" inconclusive="0" skipped="0" asserts="3">
        <test-case id="0-1215" name="TestParamsCallShort" fullname="Kaitai.SpecParamsCallShort.TestParamsCallShort" methodname="TestParamsCallShort" classname="Kaitai.SpecParamsCallShort" runstate="Runnable" seed="291852540" result="Passed" start-time="2021-02-06 14:35:24Z" end-time="2021-02-06 14:35:24Z" duration="0.002044" asserts="3" />
      </test-suite>
[...]
        <test-case id="0-1333" name="TestSwitchMultiBoolOps" fullname="Kaitai.SpecSwitchMultiBoolOps.TestSwitchMultiBoolOps" methodname="TestSwitchMultiBoolOps" classname="Kaitai.SpecSwitchMultiBoolOps" runstate="Runnable" seed="42587497" result="Passed" start-time="2021-02-06 14:35:24Z" end-time="2021-02-06 14:35:24Z" duration="0.001770" asserts="9" />
      </test-suite>
      <test-suite type="TestFixture" id="0-1334" name="SpecSwitchRepeatExpr" fullname="Kaitai.SpecSwitchRepeatExpr" classname="Kaitai.SpecSwitchRepeatExpr" runstate="Runnable" testcasecount="1" result="Passed" start-time="2021-02-06 14:35:24Z" end-time="2021-02-06 14:35:24Z" duration="0.005011" total="1" passed="1" failed="0" inconclusive="0" skipped="0" asserts="3">
        <test-case id="0-1335" name="TestSwitchRepeatExpr" fullname="Kaitai.SpecSwitchRepeatExpr.TestSwitchRepeatExpr" methodname="TestSwitchRepeatExpr" classname="Kaitai.SpecSwitchRepeatExpr" runstate="Runnable" seed="438763210" result="Passed" start-time="2021-02-06 14:35:24Z" end-time="2021-02-06 14:35:24Z" duration="0.001589" asserts="3" />
      </test-suite>
      <test-suite type="TestFixture" id="0-1336" name="SpecSwitchRepeatExprInvalid" fullname="Kaitai.SpecSwitchRepeatExprInvalid" classname="Kaitai.SpecSwitchRepeatExprInvalid" runstate="Runnable" testcasecount="1" result="Passed" start-time="2021-02-06 14:35:24Z" end-time="2021-02-06 14:35:24Z" duration="0.004965" total="1" passed="1" failed="0" inconclusive="0" skipped="0" asserts="3">
        <test-case id="0-1337" name="TestSwitchRepeatExprInvalid" fullname="Kaitai.SpecSwitchRepeatExprInvalid.TestSwitchRepeatExprInvalid" methodname="TestSwitchRepeatExprInvalid" classname="Kaitai.SpecSwitchRepeatExprInvalid" runstate="Runnable" seed="623550703" result="Passed" start-time="2021-02-06 14:35:24Z" end-time="2021-02-06 14:35:24Z" duration="0.001315" asserts="3" />
      </test-suite>
      <test-suite type="TestFixture" id="0-1338" name="SpecTermBytes" fullname="Kaitai.SpecTermBytes" classname="Kaitai.SpecTermBytes" runstate="Runnable" testcasecount="1" result="Passed" start-time="2021-02-06 14:35:24Z" end-time="2021-02-06 14:35:24Z" duration="0.004019" total="1" passed="1" failed="0" inconclusive="0" skipped="0" asserts="3">
        <test-case id="0-1339" name="TestTermBytes" fullname="Kaitai.SpecTermBytes.TestTermBytes" methodname="TestTermBytes" classname="Kaitai.SpecTermBytes" runstate="Runnable" seed="1679472932" result="Passed" start-time="2021-02-06 14:35:24Z" end-time="2021-02-06 14:35:24Z" duration="0.000855" asserts="3" />
      </test-suite>
      <test-suite type="TestFixture" id="0-1340" name="SpecTermStrz" fullname="Kaitai.SpecTermStrz" classname="Kaitai.SpecTermStrz" runstate="Runnable" testcasecount="1" result="Passed" start-time="2021-02-06 14:35:24Z" end-time="2021-02-06 14:35:24Z" duration="0.004007" total="1" passed="1" failed="0" inconclusive="0" skipped="0" asserts="3">
        <test-case id="0-1341" name="TestTermStrz" fullname="Kaitai.SpecTermStrz.TestTermStrz" methodname="TestTermStrz" classname="Kaitai.SpecTermStrz" runstate="Runnable" seed="1920241032" result="Passed" start-time="2021-02-06 14:35:24Z" end-time="2021-02-06 14:35:24Z" duration="0.000354" asserts="3" />
      </test-suite>
      <test-suite type="TestFixture" id="0-1342" name="SpecTsPacketHeader" fullname="Kaitai.SpecTsPacketHeader" classname="Kaitai.SpecTsPacketHeader" runstate="Runnable" testcasecount="1" result="Passed" start-time="2021-02-06 14:35:24Z" end-time="2021-02-06 14:35:24Z" duration="0.005042" total="1" passed="1" failed="0" inconclusive="0" skipped="0" asserts="7">
        <test-case id="0-1343" name="TestTsPacketHeader" fullname="Kaitai.SpecTsPacketHeader.TestTsPacketHeader" methodname="TestTsPacketHeader" classname="Kaitai.SpecTsPacketHeader" runstate="Runnable" seed="321556451" result="Passed" start-time="2021-02-06 14:35:24Z" end-time="2021-02-06 14:35:24Z" duration="0.001414" asserts="7" />
      </test-suite>
      <test-suite type="TestFixture" id="0-1344" name="SpecTypeIntUnaryOp" fullname="Kaitai.SpecTypeIntUnaryOp" classname="Kaitai.SpecTypeIntUnaryOp" runstate="Runnable" testcasecount="1" result="Passed" start-time="2021-02-06 14:35:24Z" end-time="2021-02-06 14:35:24Z" duration="0.005016" total="1" passed="1" failed="0" inconclusive="0" skipped="0" asserts="4">
        <test-case id="0-1345" name="TestTypeIntUnaryOp" fullname="Kaitai.SpecTypeIntUnaryOp.TestTypeIntUnaryOp" methodname="TestTypeIntUnaryOp" classname="Kaitai.SpecTypeIntUnaryOp" runstate="Runnable" seed="432032010" result="Passed" start-time="2021-02-06 14:35:24Z" end-time="2021-02-06 14:35:24Z" duration="0.000984" asserts="4" />
      </test-suite>
      <test-suite type="TestFixture" id="0-1346" name="SpecTypeTernary" fullname="Kaitai.SpecTypeTernary" classname="Kaitai.SpecTypeTernary" runstate="Runnable" testcasecount="1" result="Passed" start-time="2021-02-06 14:35:24Z" end-time="2021-02-06 14:35:24Z" duration="0.005026" total="1" passed="1" failed="0" inconclusive="0" skipped="0" asserts="1">
        <test-case id="0-1347" name="TestTypeTernary" fullname="Kaitai.SpecTypeTernary.TestTypeTernary" methodname="TestTypeTernary" classname="Kaitai.SpecTypeTernary" runstate="Runnable" seed="15006034" result="Passed" start-time="2021-02-06 14:35:24Z" end-time="2021-02-06 14:35:24Z" duration="0.001248" asserts="1" />
      </test-suite>
      <test-suite type="TestFixture" id="0-1348" name="SpecTypeTernaryOpaque" fullname="Kaitai.SpecTypeTernaryOpaque" classname="Kaitai.SpecTypeTernaryOpaque" runstate="Runnable" testcasecount="1" result="Passed" start-time="2021-02-06 14:35:24Z" end-time="2021-02-06 14:35:24Z" duration="0.005011" total="1" passed="1" failed="0" inconclusive="0" skipped="0" asserts="3">
        <test-case id="0-1349" name="TestTypeTernaryOpaque" fullname="Kaitai.SpecTypeTernaryOpaque.TestTypeTernaryOpaque" methodname="TestTypeTernaryOpaque" classname="Kaitai.SpecTypeTernaryOpaque" runstate="Runnable" seed="1141460204" result="Passed" start-time="2021-02-06 14:35:24Z" end-time="2021-02-06 14:35:24Z" duration="0.001159" asserts="3" />
      </test-suite>
      <test-suite type="TestFixture" id="0-1350" name="SpecUserType" fullname="Kaitai.SpecUserType" classname="Kaitai.SpecUserType" runstate="Runnable" testcasecount="1" result="Passed" start-time="2021-02-06 14:35:24Z" end-time="2021-02-06 14:35:24Z" duration="0.004005" total="1" passed="1" failed="0" inconclusive="0" skipped="0" asserts="2">
        <test-case id="0-1351" name="TestUserType" fullname="Kaitai.SpecUserType.TestUserType" methodname="TestUserType" classname="Kaitai.SpecUserType" runstate="Runnable" seed="874377106" result="Passed" start-time="2021-02-06 14:35:24Z" end-time="2021-02-06 14:35:24Z" duration="0.000907" asserts="2" />
      </test-suite>
      <test-suite type="TestFixture" id="0-1352" name="SpecValidFailAnyofInt" fullname="Kaitai.SpecValidFailAnyofInt" classname="Kaitai.SpecValidFailAnyofInt" runstate="Runnable" testcasecount="1" result="Passed" start-time="2021-02-06 14:35:24Z" end-time="2021-02-06 14:35:24Z" duration="0.004996" total="1" passed="1" failed="0" inconclusive="0" skipped="0" asserts="1">
        <test-case id="0-1353" name="TestValidFailAnyofInt" fullname="Kaitai.SpecValidFailAnyofInt.TestValidFailAnyofInt" methodname="TestValidFailAnyofInt" classname="Kaitai.SpecValidFailAnyofInt" runstate="Runnable" seed="376256668" result="Passed" start-time="2021-02-06 14:35:24Z" end-time="2021-02-06 14:35:24Z" duration="0.001388" asserts="1" />
      </test-suite>
      <test-suite type="TestFixture" id="0-1354" name="SpecValidFailContents" fullname="Kaitai.SpecValidFailContents" classname="Kaitai.SpecValidFailContents" runstate="Runnable" testcasecount="1" result="Passed" start-time="2021-02-06 14:35:24Z" end-time="2021-02-06 14:35:24Z" duration="0.005010" total="1" passed="1" failed="0" inconclusive="0" skipped="0" asserts="1">
        <test-case id="0-1355" name="TestValidFailContents" fullname="Kaitai.SpecValidFailContents.TestValidFailContents" methodname="TestValidFailContents" classname="Kaitai.SpecValidFailContents" runstate="Runnable" seed="878708552" result="Passed" start-time="2021-02-06 14:35:24Z" end-time="2021-02-06 14:35:24Z" duration="0.001292" asserts="1" />
      </test-suite>
      <test-suite type="TestFixture" id="0-1356" name="SpecValidFailEqBytes" fullname="Kaitai.SpecValidFailEqBytes" classname="Kaitai.SpecValidFailEqBytes" runstate="Runnable" testcasecount="1" result="Passed" start-time="2021-02-06 14:35:24Z" end-time="2021-02-06 14:35:24Z" duration="0.003981" total="1" passed="1" failed="0" inconclusive="0" skipped="0" asserts="1">
        <test-case id="0-1357" name="TestValidFailEqBytes" fullname="Kaitai.SpecValidFailEqBytes.TestValidFailEqBytes" methodname="TestValidFailEqBytes" classname="Kaitai.SpecValidFailEqBytes" runstate="Runnable" seed="80111856" result="Passed" start-time="2021-02-06 14:35:24Z" end-time="2021-02-06 14:35:24Z" duration="0.000882" asserts="1" />
      </test-suite>
      <test-suite type="TestFixture" id="0-1358" name="SpecValidFailEqInt" fullname="Kaitai.SpecValidFailEqInt" classname="Kaitai.SpecValidFailEqInt" runstate="Runnable" testcasecount="1" result="Passed" start-time="2021-02-06 14:35:24Z" end-time="2021-02-06 14:35:24Z" duration="0.005006" total="1" passed="1" failed="0" inconclusive="0" skipped="0" asserts="1">
        <test-case id="0-1359" name="TestValidFailEqInt" fullname="Kaitai.SpecValidFailEqInt.TestValidFailEqInt" methodname="TestValidFailEqInt" classname="Kaitai.SpecValidFailEqInt" runstate="Runnable" seed="1454003221" result="Passed" start-time="2021-02-06 14:35:24Z" end-time="2021-02-06 14:35:24Z" duration="0.000934" asserts="1" />
      </test-suite>
      <test-suite type="TestFixture" id="0-1360" name="SpecValidFailExpr" fullname="Kaitai.SpecValidFailExpr" classname="Kaitai.SpecValidFailExpr" runstate="Runnable" testcasecount="1" result="Passed" start-time="2021-02-06 14:35:24Z" end-time="2021-02-06 14:35:24Z" duration="0.004984" total="1" passed="1" failed="0" inconclusive="0" skipped="0" asserts="1">
        <test-case id="0-1361" name="TestValidFailExpr" fullname="Kaitai.SpecValidFailExpr.TestValidFailExpr" methodname="TestValidFailExpr" classname="Kaitai.SpecValidFailExpr" runstate="Runnable" seed="2126815891" result="Passed" start-time="2021-02-06 14:35:24Z" end-time="2021-02-06 14:35:24Z" duration="0.001195" asserts="1" />
      </test-suite>
      <test-suite type="TestFixture" id="0-1362" name="SpecValidFailInst" fullname="Kaitai.SpecValidFailInst" classname="Kaitai.SpecValidFailInst" runstate="Runnable" testcasecount="1" result="Passed" start-time="2021-02-06 14:35:24Z" end-time="2021-02-06 14:35:24Z" duration="0.005008" total="1" passed="1" failed="0" inconclusive="0" skipped="0" asserts="1">
        <test-case id="0-1363" name="TestValidFailInst" fullname="Kaitai.SpecValidFailInst.TestValidFailInst" methodname="TestValidFailInst" classname="Kaitai.SpecValidFailInst" runstate="Runnable" seed="589374938" result="Passed" start-time="2021-02-06 14:35:24Z" end-time="2021-02-06 14:35:24Z" duration="0.000944" asserts="1" />
      </test-suite>
      <test-suite type="TestFixture" id="0-1364" name="SpecValidFailMaxInt" fullname="Kaitai.SpecValidFailMaxInt" classname="Kaitai.SpecValidFailMaxInt" runstate="Runnable" testcasecount="1" result="Passed" start-time="2021-02-06 14:35:24Z" end-time="2021-02-06 14:35:24Z" duration="0.005088" total="1" passed="1" failed="0" inconclusive="0" skipped="0" asserts="1">
        <test-case id="0-1365" name="TestValidFailMaxInt" fullname="Kaitai.SpecValidFailMaxInt.TestValidFailMaxInt" methodname="TestValidFailMaxInt" classname="Kaitai.SpecValidFailMaxInt" runstate="Runnable" seed="1747000086" result="Passed" start-time="2021-02-06 14:35:24Z" end-time="2021-02-06 14:35:24Z" duration="0.001028" asserts="1" />
      </test-suite>
      <test-suite type="TestFixture" id="0-1366" name="SpecValidFailMinInt" fullname="Kaitai.SpecValidFailMinInt" classname="Kaitai.SpecValidFailMinInt" runstate="Runnable" testcasecount="1" result="Passed" start-time="2021-02-06 14:35:24Z" end-time="2021-02-06 14:35:24Z" duration="0.005006" total="1" passed="1" failed="0" inconclusive="0" skipped="0" asserts="1">
        <test-case id="0-1367" name="TestValidFailMinInt" fullname="Kaitai.SpecValidFailMinInt.TestValidFailMinInt" methodname="TestValidFailMinInt" classname="Kaitai.SpecValidFailMinInt" runstate="Runnable" seed="1744635544" result="Passed" start-time="2021-02-06 14:35:24Z" end-time="2021-02-06 14:35:24Z" duration="0.001157" asserts="1" />
      </test-suite>
      <test-suite type="TestFixture" id="0-1368" name="SpecValidFailRangeBytes" fullname="Kaitai.SpecValidFailRangeBytes" classname="Kaitai.SpecValidFailRangeBytes" runstate="Runnable" testcasecount="1" result="Passed" start-time="2021-02-06 14:35:24Z" end-time="2021-02-06 14:35:25Z" duration="0.005003" total="1" passed="1" failed="0" inconclusive="0" skipped="0" asserts="1">
        <test-case id="0-1369" name="TestValidFailRangeBytes" fullname="Kaitai.SpecValidFailRangeBytes.TestValidFailRangeBytes" methodname="TestValidFailRangeBytes" classname="Kaitai.SpecValidFailRangeBytes" runstate="Runnable" seed="694068834" result="Passed" start-time="2021-02-06 14:35:24Z" end-time="2021-02-06 14:35:25Z" duration="0.001120" asserts="1" />
      </test-suite>
      <test-suite type="TestFixture" id="0-1370" name="SpecValidFailRangeFloat" fullname="Kaitai.SpecValidFailRangeFloat" classname="Kaitai.SpecValidFailRangeFloat" runstate="Runnable" testcasecount="1" result="Passed" start-time="2021-02-06 14:35:25Z" end-time="2021-02-06 14:35:25Z" duration="0.003965" total="1" passed="1" failed="0" inconclusive="0" skipped="0" asserts="1">
        <test-case id="0-1371" name="TestValidFailRangeFloat" fullname="Kaitai.SpecValidFailRangeFloat.TestValidFailRangeFloat" methodname="TestValidFailRangeFloat" classname="Kaitai.SpecValidFailRangeFloat" runstate="Runnable" seed="1386626360" result="Passed" start-time="2021-02-06 14:35:25Z" end-time="2021-02-06 14:35:25Z" duration="0.000926" asserts="1" />
      </test-suite>
      <test-suite type="TestFixture" id="0-1372" name="SpecValidFailRangeInt" fullname="Kaitai.SpecValidFailRangeInt" classname="Kaitai.SpecValidFailRangeInt" runstate="Runnable" testcasecount="1" result="Passed" start-time="2021-02-06 14:35:25Z" end-time="2021-02-06 14:35:25Z" duration="0.003986" total="1" passed="1" failed="0" inconclusive="0" skipped="0" asserts="1">
        <test-case id="0-1373" name="TestValidFailRangeInt" fullname="Kaitai.SpecValidFailRangeInt.TestValidFailRangeInt" methodname="TestValidFailRangeInt" classname="Kaitai.SpecValidFailRangeInt" runstate="Runnable" seed="1025898277" result="Passed" start-time="2021-02-06 14:35:25Z" end-time="2021-02-06 14:35:25Z" duration="0.000894" asserts="1" />
      </test-suite>
      <test-suite type="TestFixture" id="0-1374" name="SpecValidFailRangeStr" fullname="Kaitai.SpecValidFailRangeStr" classname="Kaitai.SpecValidFailRangeStr" runstate="Runnable" testcasecount="1" result="Passed" start-time="2021-02-06 14:35:25Z" end-time="2021-02-06 14:35:25Z" duration="0.005021" total="1" passed="1" failed="0" inconclusive="0" skipped="0" asserts="1">
        <test-case id="0-1375" name="TestValidFailRangeStr" fullname="Kaitai.SpecValidFailRangeStr.TestValidFailRangeStr" methodname="TestValidFailRangeStr" classname="Kaitai.SpecValidFailRangeStr" runstate="Runnable" seed="489770218" result="Passed" start-time="2021-02-06 14:35:25Z" end-time="2021-02-06 14:35:25Z" duration="0.000953" asserts="1" />
      </test-suite>
      <test-suite type="TestFixture" id="0-1376" name="SpecValidLong" fullname="Kaitai.SpecValidLong" classname="Kaitai.SpecValidLong" runstate="Runnable" testcasecount="1" result="Passed" start-time="2021-02-06 14:35:25Z" end-time="2021-02-06 14:35:25Z" duration="0.006012" total="1" passed="1" failed="0" inconclusive="0" skipped="0" asserts="0">
        <test-case id="0-1377" name="TestValidLong" fullname="Kaitai.SpecValidLong.TestValidLong" methodname="TestValidLong" classname="Kaitai.SpecValidLong" runstate="Runnable" seed="1904928843" result="Passed" start-time="2021-02-06 14:35:25Z" end-time="2021-02-06 14:35:25Z" duration="0.002443" asserts="0" />
      </test-suite>
      <test-suite type="TestFixture" id="0-1378" name="SpecValidNotParsedIf" fullname="Kaitai.SpecValidNotParsedIf" classname="Kaitai.SpecValidNotParsedIf" runstate="Runnable" testcasecount="1" result="Passed" start-time="2021-02-06 14:35:25Z" end-time="2021-02-06 14:35:25Z" duration="0.004011" total="1" passed="1" failed="0" inconclusive="0" skipped="0" asserts="0">
        <test-case id="0-1379" name="TestValidNotParsedIf" fullname="Kaitai.SpecValidNotParsedIf.TestValidNotParsedIf" methodname="TestValidNotParsedIf" classname="Kaitai.SpecValidNotParsedIf" runstate="Runnable" seed="784867783" result="Passed" start-time="2021-02-06 14:35:25Z" end-time="2021-02-06 14:35:25Z" duration="0.000820" asserts="0" />
      </test-suite>
      <test-suite type="TestFixture" id="0-1380" name="SpecValidShort" fullname="Kaitai.SpecValidShort" classname="Kaitai.SpecValidShort" runstate="Runnable" testcasecount="1" result="Passed" start-time="2021-02-06 14:35:25Z" end-time="2021-02-06 14:35:25Z" duration="0.006011" total="1" passed="1" failed="0" inconclusive="0" skipped="0" asserts="0">
        <test-case id="0-1381" name="TestValidShort" fullname="Kaitai.SpecValidShort.TestValidShort" methodname="TestValidShort" classname="Kaitai.SpecValidShort" runstate="Runnable" seed="701633730" result="Passed" start-time="2021-02-06 14:35:25Z" end-time="2021-02-06 14:35:25Z" duration="0.002492" asserts="0" />
      </test-suite>
      <test-suite type="TestFixture" id="0-1382" name="SpecValidSwitch" fullname="Kaitai.SpecValidSwitch" classname="Kaitai.SpecValidSwitch" runstate="Runnable" testcasecount="1" result="Passed" start-time="2021-02-06 14:35:25Z" end-time="2021-02-06 14:35:25Z" duration="0.004010" total="1" passed="1" failed="0" inconclusive="0" skipped="0" asserts="0">
        <test-case id="0-1383" name="TestValidSwitch" fullname="Kaitai.SpecValidSwitch.TestValidSwitch" methodname="TestValidSwitch" classname="Kaitai.SpecValidSwitch" runstate="Runnable" seed="1201413159" result="Passed" start-time="2021-02-06 14:35:25Z" end-time="2021-02-06 14:35:25Z" duration="0.000857" asserts="0" />
      </test-suite>
      <test-suite type="TestFixture" id="0-1384" name="SpecZlibSurrounded" fullname="Kaitai.SpecZlibSurrounded" classname="Kaitai.SpecZlibSurrounded" runstate="Runnable" testcasecount="1" result="Passed" start-time="2021-02-06 14:35:25Z" end-time="2021-02-06 14:35:25Z" duration="0.023040" total="1" passed="1" failed="0" inconclusive="0" skipped="0" asserts="1">
        <test-case id="0-1385" name="TestZlibSurrounded" fullname="Kaitai.SpecZlibSurrounded.TestZlibSurrounded" methodname="TestZlibSurrounded" classname="Kaitai.SpecZlibSurrounded" runstate="Runnable" seed="906214559" result="Passed" start-time="2021-02-06 14:35:25Z" end-time="2021-02-06 14:35:25Z" duration="0.019490" asserts="1" />
      </test-suite>
      <test-suite type="TestFixture" id="0-1386" name="SpecZlibWithHeader78" fullname="Kaitai.SpecZlibWithHeader78" classname="Kaitai.SpecZlibWithHeader78" runstate="Runnable" testcasecount="1" result="Passed" start-time="2021-02-06 14:35:25Z" end-time="2021-02-06 14:35:25Z" duration="0.004008" total="1" passed="1" failed="0" inconclusive="0" skipped="0" asserts="1">
        <test-case id="0-1387" name="TestZlibWithHeader78" fullname="Kaitai.SpecZlibWithHeader78.TestZlibWithHeader78" methodname="TestZlibWithHeader78" classname="Kaitai.SpecZlibWithHeader78" runstate="Runnable" seed="47924694" result="Passed" start-time="2021-02-06 14:35:25Z" end-time="2021-02-06 14:35:25Z" duration="0.000737" asserts="1" />
      </test-suite>
    </test-suite>
  </test-suite>
</test-run>