<?xml version="1.0" encoding="utf-8" standalone="no"?>
<test-run id="2" testcasecount="203" result="Failed" total="203" passed="202" failed="1" inconclusive="0" skipped="0" asserts="936" engine-version="3.4.1.0" clr-version="4.0.30319.42000" start-time="2020-07-26 21:30:22Z" end-time="2020-07-26 21:30:24Z" duration="1.496391">
  <command-line><![CDATA[/home/runner/work/ci_targets/ci_targets/tests/spec/csharp/packages/NUnit.ConsoleRunner.3.4.1/tools/nunit3-console.exe --result=test_out/csharp/TestResult.xml spec/csharp/kaitai_struct_csharp_tests/bin/Debug/kaitai_struct_csharp_tests.dll]]></command-line>
  <test-suite type="Assembly" id="0-1406" name="kaitai_struct_csharp_tests.dll" fullname="/home/runner/work/ci_targets/ci_targets/tests/spec/csharp/kaitai_struct_csharp_tests/bin/Debug/kaitai_struct_csharp_tests.dll" runstate="Runnable" testcasecount="203" result="Failed" site="Child" start-time="2020-07-26 21:30:22Z" end-time="2020-07-26 21:30:24Z" duration="1.368817" total="203" passed="202" failed="1" inconclusive="0" skipped="0" asserts="936">
    <environment framework-version="3.4.1.0" clr-version="4.0.30319.42000" os-version="Unix 5.3.0.1032" platform="Unix" cwd="/home/runner/work/ci_targets/ci_targets/tests" machine-name="fv-az59" user="runner" user-domain="fv-az59" culture="" uiculture="" os-architecture="x64" />
    <settings>
      <setting name="WorkDirectory" value="/home/runner/work/ci_targets/ci_targets/tests" />
      <setting name="ImageRuntimeVersion" value="4.0.30319" />
      <setting name="ImageTargetFrameworkName" value=".NETFramework,Version=v4.5" />
      <setting name="ImageRequiresX86" value="False" />
      <setting name="ImageRequiresDefaultAppDomainAssemblyResolver" value="False" />
      <setting name="NumberOfTestWorkers" value="2" />
    </settings>
    <properties>
      <property name="_PID" value="2982" />
      <property name="_APPDOMAIN" value="test-domain-" />
    </properties>
    <failure>
      <message><![CDATA[One or more child tests had errors]]></message>
    </failure>
    <test-suite type="TestSuite" id="0-1407" name="Kaitai" fullname="Kaitai" runstate="Runnable" testcasecount="203" result="Failed" site="Child" start-time="2020-07-26 21:30:23Z" end-time="2020-07-26 21:30:24Z" duration="1.353157" total="203" passed="202" failed="1" inconclusive="0" skipped="0" asserts="936">
      <failure>
        <message><![CDATA[One or more child tests had errors]]></message>
      </failure>
      <test-suite type="TestFixture" id="0-1000" name="SpecBcdUserTypeBe" fullname="Kaitai.SpecBcdUserTypeBe" classname="Kaitai.SpecBcdUserTypeBe" runstate="Runnable" testcasecount="1" result="Passed" start-time="2020-07-26 21:30:23Z" end-time="2020-07-26 21:30:23Z" duration="0.025819" total="1" passed="1" failed="0" inconclusive="0" skipped="0" asserts="6">
        <test-case id="0-1001" name="TestBcdUserTypeBe" fullname="Kaitai.SpecBcdUserTypeBe.TestBcdUserTypeBe" methodname="TestBcdUserTypeBe" classname="Kaitai.SpecBcdUserTypeBe" runstate="Runnable" seed="1442120788" result="Passed" start-time="2020-07-26 21:30:23Z" end-time="2020-07-26 21:30:23Z" duration="0.016516" asserts="6" />
      </test-suite>
      <test-suite type="TestFixture" id="0-1002" name="SpecBcdUserTypeLe" fullname="Kaitai.SpecBcdUserTypeLe" classname="Kaitai.SpecBcdUserTypeLe" runstate="Runnable" testcasecount="1" result="Passed" start-time="2020-07-26 21:30:23Z" end-time="2020-07-26 21:30:23Z" duration="0.005245" total="1" passed="1" failed="0" inconclusive="0" skipped="0" asserts="6">
        <test-case id="0-1003" name="TestBcdUserTypeLe" fullname="Kaitai.SpecBcdUserTypeLe.TestBcdUserTypeLe" methodname="TestBcdUserTypeLe" classname="Kaitai.SpecBcdUserTypeLe" runstate="Runnable" seed="1668863380" result="Passed" start-time="2020-07-26 21:30:23Z" end-time="2020-07-26 21:30:23Z" duration="0.002804" asserts="6" />
      </test-suite>
      <test-suite type="TestFixture" id="0-1004" name="SpecBitsByteAligned" fullname="Kaitai.SpecBitsByteAligned" classname="Kaitai.SpecBitsByteAligned" runstate="Runnable" testcasecount="1" result="Passed" start-time="2020-07-26 21:30:23Z" end-time="2020-07-26 21:30:23Z" duration="0.008047" total="1" passed="1" failed="0" inconclusive="0" skipped="0" asserts="9">
        <test-case id="0-1005" name="TestBitsByteAligned" fullname="Kaitai.SpecBitsByteAligned.TestBitsByteAligned" methodname="TestBitsByteAligned" classname="Kaitai.SpecBitsByteAligned" runstate="Runnable" seed="1200589865" result="Passed" start-time="2020-07-26 21:30:23Z" end-time="2020-07-26 21:30:23Z" duration="0.003795" asserts="9" />
      </test-suite>
      <test-suite type="TestFixture" id="0-1006" name="SpecBitsEnum" fullname="Kaitai.SpecBitsEnum" classname="Kaitai.SpecBitsEnum" runstate="Runnable" testcasecount="1" result="Passed" start-time="2020-07-26 21:30:23Z" end-time="2020-07-26 21:30:23Z" duration="0.004444" total="1" passed="1" failed="0" inconclusive="0" skipped="0" asserts="3">
        <test-case id="0-1007" name="TestBitsEnum" fullname="Kaitai.SpecBitsEnum.TestBitsEnum" methodname="TestBitsEnum" classname="Kaitai.SpecBitsEnum" runstate="Runnable" seed="1296229779" result="Passed" start-time="2020-07-26 21:30:23Z" end-time="2020-07-26 21:30:23Z" duration="0.001802" asserts="3" />
      </test-suite>
      <test-suite type="TestFixture" id="0-1008" name="SpecBitsSeqEndianCombo" fullname="Kaitai.SpecBitsSeqEndianCombo" classname="Kaitai.SpecBitsSeqEndianCombo" runstate="Runnable" testcasecount="1" result="Passed" start-time="2020-07-26 21:30:23Z" end-time="2020-07-26 21:30:23Z" duration="0.003658" total="1" passed="1" failed="0" inconclusive="0" skipped="0" asserts="8">
        <test-case id="0-1009" name="TestBitsSeqEndianCombo" fullname="Kaitai.SpecBitsSeqEndianCombo.TestBitsSeqEndianCombo" methodname="TestBitsSeqEndianCombo" classname="Kaitai.SpecBitsSeqEndianCombo" runstate="Runnable" seed="904526251" result="Passed" start-time="2020-07-26 21:30:23Z" end-time="2020-07-26 21:30:23Z" duration="0.000855" asserts="8" />
      </test-suite>
      <test-suite type="TestFixture" id="0-1010" name="SpecBitsSimple" fullname="Kaitai.SpecBitsSimple" classname="Kaitai.SpecBitsSimple" runstate="Runnable" testcasecount="1" result="Passed" start-time="2020-07-26 21:30:23Z" end-time="2020-07-26 21:30:23Z" duration="0.004557" total="1" passed="1" failed="0" inconclusive="0" skipped="0" asserts="14">
        <test-case id="0-1011" name="TestBitsSimple" fullname="Kaitai.SpecBitsSimple.TestBitsSimple" methodname="TestBitsSimple" classname="Kaitai.SpecBitsSimple" runstate="Runnable" seed="272973500" result="Passed" start-time="2020-07-26 21:30:23Z" end-time="2020-07-26 21:30:23Z" duration="0.002105" asserts="14" />
      </test-suite>
      <test-suite type="TestFixture" id="0-1012" name="SpecBitsSimpleLe" fullname="Kaitai.SpecBitsSimpleLe" classname="Kaitai.SpecBitsSimpleLe" runstate="Runnable" testcasecount="1" result="Passed" start-time="2020-07-26 21:30:23Z" end-time="2020-07-26 21:30:23Z" duration="0.003482" total="1" passed="1" failed="0" inconclusive="0" skipped="0" asserts="14">
        <test-case id="0-1013" name="TestBitsSimpleLe" fullname="Kaitai.SpecBitsSimpleLe.TestBitsSimpleLe" methodname="TestBitsSimpleLe" classname="Kaitai.SpecBitsSimpleLe" runstate="Runnable" seed="1848753028" result="Passed" start-time="2020-07-26 21:30:23Z" end-time="2020-07-26 21:30:23Z" duration="0.001010" asserts="14" />
      </test-suite>
      <test-suite type="TestFixture" id="0-1014" name="SpecBufferedStruct" fullname="Kaitai.SpecBufferedStruct" classname="Kaitai.SpecBufferedStruct" runstate="Runnable" testcasecount="1" result="Passed" start-time="2020-07-26 21:30:23Z" end-time="2020-07-26 21:30:23Z" duration="0.003899" total="1" passed="1" failed="0" inconclusive="0" skipped="0" asserts="7">
        <test-case id="0-1015" name="TestBufferedStruct" fullname="Kaitai.SpecBufferedStruct.TestBufferedStruct" methodname="TestBufferedStruct" classname="Kaitai.SpecBufferedStruct" runstate="Runnable" seed="1654576402" result="Passed" start-time="2020-07-26 21:30:23Z" end-time="2020-07-26 21:30:23Z" duration="0.001462" asserts="7" />
      </test-suite>
      <test-suite type="TestFixture" id="0-1016" name="SpecBytesPadTerm" fullname="Kaitai.SpecBytesPadTerm" classname="Kaitai.SpecBytesPadTerm" runstate="Runnable" testcasecount="1" result="Passed" start-time="2020-07-26 21:30:23Z" end-time="2020-07-26 21:30:23Z" duration="0.003357" total="1" passed="1" failed="0" inconclusive="0" skipped="0" asserts="4">
        <test-case id="0-1017" name="TestBytesPadTerm" fullname="Kaitai.SpecBytesPadTerm.TestBytesPadTerm" methodname="TestBytesPadTerm" classname="Kaitai.SpecBytesPadTerm" runstate="Runnable" seed="612337955" result="Passed" start-time="2020-07-26 21:30:23Z" end-time="2020-07-26 21:30:23Z" duration="0.000895" asserts="4" />
      </test-suite>
      <test-suite type="TestFixture" id="0-1018" name="SpecCastNested" fullname="Kaitai.SpecCastNested" classname="Kaitai.SpecCastNested" runstate="Runnable" testcasecount="1" result="Passed" start-time="2020-07-26 21:30:23Z" end-time="2020-07-26 21:30:23Z" duration="0.025636" total="1" passed="1" failed="0" inconclusive="0" skipped="0" asserts="4">
        <test-case id="0-1019" name="TestCastNested" fullname="Kaitai.SpecCastNested.TestCastNested" methodname="TestCastNested" classname="Kaitai.SpecCastNested" runstate="Runnable" seed="70729095" result="Passed" start-time="2020-07-26 21:30:23Z" end-time="2020-07-26 21:30:23Z" duration="0.023144" asserts="4" />
      </test-suite>
      <test-suite type="TestFixture" id="0-1020" name="SpecCastToImported" fullname="Kaitai.SpecCastToImported" classname="Kaitai.SpecCastToImported" runstate="Runnable" testcasecount="1" result="Passed" start-time="2020-07-26 21:30:23Z" end-time="2020-07-26 21:30:23Z" duration="0.003129" total="1" passed="1" failed="0" inconclusive="0" skipped="0" asserts="2">
        <test-case id="0-1021" name="TestCastToImported" fullname="Kaitai.SpecCastToImported.TestCastToImported" methodname="TestCastToImported" classname="Kaitai.SpecCastToImported" runstate="Runnable" seed="1385045172" result="Passed" start-time="2020-07-26 21:30:23Z" end-time="2020-07-26 21:30:23Z" duration="0.000640" asserts="2" />
      </test-suite>
      <test-suite type="TestFixture" id="0-1022" name="SpecCastToTop" fullname="Kaitai.SpecCastToTop" classname="Kaitai.SpecCastToTop" runstate="Runnable" testcasecount="1" result="Passed" start-time="2020-07-26 21:30:23Z" end-time="2020-07-26 21:30:23Z" duration="0.003528" total="1" passed="1" failed="0" inconclusive="0" skipped="0" asserts="3">
        <test-case id="0-1023" name="TestCastToTop" fullname="Kaitai.SpecCastToTop.TestCastToTop" methodname="TestCastToTop" classname="Kaitai.SpecCastToTop" runstate="Runnable" seed="663523492" result="Passed" start-time="2020-07-26 21:30:23Z" end-time="2020-07-26 21:30:23Z" duration="0.001100" asserts="3" />
      </test-suite>
      <test-suite type="TestFixture" id="0-1024" name="SpecCombineBool" fullname="Kaitai.SpecCombineBool" classname="Kaitai.SpecCombineBool" runstate="Runnable" testcasecount="1" result="Passed" start-time="2020-07-26 21:30:23Z" end-time="2020-07-26 21:30:23Z" duration="0.003071" total="1" passed="1" failed="0" inconclusive="0" skipped="0" asserts="2">
        <test-case id="0-1025" name="TestCombineBool" fullname="Kaitai.SpecCombineBool.TestCombineBool" methodname="TestCombineBool" classname="Kaitai.SpecCombineBool" runstate="Runnable" seed="82293574" result="Passed" start-time="2020-07-26 21:30:23Z" end-time="2020-07-26 21:30:23Z" duration="0.000566" asserts="2" />
      </test-suite>
      <test-suite type="TestFixture" id="0-1026" name="SpecCombineBytes" fullname="Kaitai.SpecCombineBytes" classname="Kaitai.SpecCombineBytes" runstate="Runnable" testcasecount="1" result="Passed" start-time="2020-07-26 21:30:23Z" end-time="2020-07-26 21:30:23Z" duration="0.003543" total="1" passed="1" failed="0" inconclusive="0" skipped="0" asserts="10">
        <test-case id="0-1027" name="TestCombineBytes" fullname="Kaitai.SpecCombineBytes.TestCombineBytes" methodname="TestCombineBytes" classname="Kaitai.SpecCombineBytes" runstate="Runnable" seed="1328785311" result="Passed" start-time="2020-07-26 21:30:23Z" end-time="2020-07-26 21:30:23Z" duration="0.001124" asserts="10" />
      </test-suite>
      <test-suite type="TestFixture" id="0-1028" name="SpecCombineEnum" fullname="Kaitai.SpecCombineEnum" classname="Kaitai.SpecCombineEnum" runstate="Runnable" testcasecount="1" result="Passed" start-time="2020-07-26 21:30:23Z" end-time="2020-07-26 21:30:23Z" duration="0.003114" total="1" passed="1" failed="0" inconclusive="0" skipped="0" asserts="3">
        <test-case id="0-1029" name="TestCombineEnum" fullname="Kaitai.SpecCombineEnum.TestCombineEnum" methodname="TestCombineEnum" classname="Kaitai.SpecCombineEnum" runstate="Runnable" seed="416582511" result="Passed" start-time="2020-07-26 21:30:23Z" end-time="2020-07-26 21:30:23Z" duration="0.000672" asserts="3" />
      </test-suite>
      <test-suite type="TestFixture" id="0-1030" name="SpecCombineStr" fullname="Kaitai.SpecCombineStr" classname="Kaitai.SpecCombineStr" runstate="Runnable" testcasecount="1" result="Passed" start-time="2020-07-26 21:30:23Z" end-time="2020-07-26 21:30:23Z" duration="0.006433" total="1" passed="1" failed="0" inconclusive="0" skipped="0" asserts="15">
        <test-case id="0-1031" name="TestCombineStr" fullname="Kaitai.SpecCombineStr.TestCombineStr" methodname="TestCombineStr" classname="Kaitai.SpecCombineStr" runstate="Runnable" seed="183551209" result="Passed" start-time="2020-07-26 21:30:23Z" end-time="2020-07-26 21:30:23Z" duration="0.001260" asserts="15" />
      </test-suite>
      <test-suite type="TestFixture" id="0-1032" name="SpecDebug0" fullname="Kaitai.SpecDebug0" classname="Kaitai.SpecDebug0" runstate="Runnable" testcasecount="1" result="Passed" start-time="2020-07-26 21:30:23Z" end-time="2020-07-26 21:30:23Z" duration="0.002485" total="1" passed="1" failed="0" inconclusive="0" skipped="0" asserts="0">
        <test-case id="0-1033" name="TestDebug0" fullname="Kaitai.SpecDebug0.TestDebug0" methodname="TestDebug0" classname="Kaitai.SpecDebug0" runstate="Runnable" seed="26228772" result="Passed" start-time="2020-07-26 21:30:23Z" end-time="2020-07-26 21:30:23Z" duration="0.000074" asserts="0" />
      </test-suite>
      <test-suite type="TestFixture" id="0-1034" name="SpecDebugArrayUser" fullname="Kaitai.SpecDebugArrayUser" classname="Kaitai.SpecDebugArrayUser" runstate="Runnable" testcasecount="1" result="Passed" start-time="2020-07-26 21:30:23Z" end-time="2020-07-26 21:30:23Z" duration="0.003498" total="1" passed="1" failed="0" inconclusive="0" skipped="0" asserts="4">
        <test-case id="0-1035" name="TestDebugArrayUser" fullname="Kaitai.SpecDebugArrayUser.TestDebugArrayUser" methodname="TestDebugArrayUser" classname="Kaitai.SpecDebugArrayUser" runstate="Runnable" seed="1635129202" result="Passed" start-time="2020-07-26 21:30:23Z" end-time="2020-07-26 21:30:23Z" duration="0.001073" asserts="4" />
      </test-suite>
      <test-suite type="TestFixture" id="0-1036" name="SpecDebugEnumName" fullname="Kaitai.SpecDebugEnumName" classname="Kaitai.SpecDebugEnumName" runstate="Runnable" testcasecount="1" result="Passed" start-time="2020-07-26 21:30:23Z" end-time="2020-07-26 21:30:23Z" duration="0.002482" total="1" passed="1" failed="0" inconclusive="0" skipped="0" asserts="0">
        <test-case id="0-1037" name="TestDebugEnumName" fullname="Kaitai.SpecDebugEnumName.TestDebugEnumName" methodname="TestDebugEnumName" classname="Kaitai.SpecDebugEnumName" runstate="Runnable" seed="354754110" result="Passed" start-time="2020-07-26 21:30:23Z" end-time="2020-07-26 21:30:23Z" duration="0.000072" asserts="0" />
      </test-suite>
      <test-suite type="TestFixture" id="0-1038" name="SpecDebugSwitchUser" fullname="Kaitai.SpecDebugSwitchUser" classname="Kaitai.SpecDebugSwitchUser" runstate="Runnable" testcasecount="1" result="Passed" start-time="2020-07-26 21:30:23Z" end-time="2020-07-26 21:30:23Z" duration="0.003121" total="1" passed="1" failed="0" inconclusive="0" skipped="0" asserts="2">
        <test-case id="0-1039" name="TestDebugSwitchUser" fullname="Kaitai.SpecDebugSwitchUser.TestDebugSwitchUser" methodname="TestDebugSwitchUser" classname="Kaitai.SpecDebugSwitchUser" runstate="Runnable" seed="1600957439" result="Passed" start-time="2020-07-26 21:30:23Z" end-time="2020-07-26 21:30:23Z" duration="0.000703" asserts="2" />
      </test-suite>
      <test-suite type="TestFixture" id="0-1040" name="SpecDefaultBigEndian" fullname="Kaitai.SpecDefaultBigEndian" classname="Kaitai.SpecDefaultBigEndian" runstate="Runnable" testcasecount="1" result="Passed" start-time="2020-07-26 21:30:23Z" end-time="2020-07-26 21:30:23Z" duration="0.002866" total="1" passed="1" failed="0" inconclusive="0" skipped="0" asserts="1">
        <test-case id="0-1041" name="TestDefaultBigEndian" fullname="Kaitai.SpecDefaultBigEndian.TestDefaultBigEndian" methodname="TestDefaultBigEndian" classname="Kaitai.SpecDefaultBigEndian" runstate="Runnable" seed="1195239190" result="Passed" start-time="2020-07-26 21:30:23Z" end-time="2020-07-26 21:30:23Z" duration="0.000442" asserts="1" />
      </test-suite>
      <test-suite type="TestFixture" id="0-1042" name="SpecDefaultBitEndianMod" fullname="Kaitai.SpecDefaultBitEndianMod" classname="Kaitai.SpecDefaultBitEndianMod" runstate="Runnable" testcasecount="1" result="Passed" start-time="2020-07-26 21:30:23Z" end-time="2020-07-26 21:30:23Z" duration="0.003247" total="1" passed="1" failed="0" inconclusive="0" skipped="0" asserts="4">
        <test-case id="0-1043" name="TestDefaultBitEndianMod" fullname="Kaitai.SpecDefaultBitEndianMod.TestDefaultBitEndianMod" methodname="TestDefaultBitEndianMod" classname="Kaitai.SpecDefaultBitEndianMod" runstate="Runnable" seed="1415472421" result="Passed" start-time="2020-07-26 21:30:23Z" end-time="2020-07-26 21:30:23Z" duration="0.000829" asserts="4" />
      </test-suite>
      <test-suite type="TestFixture" id="0-1044" name="SpecDefaultEndianExprException" fullname="Kaitai.SpecDefaultEndianExprException" classname="Kaitai.SpecDefaultEndianExprException" runstate="Runnable" testcasecount="1" result="Passed" start-time="2020-07-26 21:30:23Z" end-time="2020-07-26 21:30:23Z" duration="0.006990" total="1" passed="1" failed="0" inconclusive="0" skipped="0" asserts="1">
        <test-case id="0-1045" name="TestDefaultEndianExprException" fullname="Kaitai.SpecDefaultEndianExprException.TestDefaultEndianExprException" methodname="TestDefaultEndianExprException" classname="Kaitai.SpecDefaultEndianExprException" runstate="Runnable" seed="1622715166" result="Passed" start-time="2020-07-26 21:30:23Z" end-time="2020-07-26 21:30:23Z" duration="0.004521" asserts="1" />
      </test-suite>
      <test-suite type="TestFixture" id="0-1046" name="SpecDefaultEndianExprInherited" fullname="Kaitai.SpecDefaultEndianExprInherited" classname="Kaitai.SpecDefaultEndianExprInherited" runstate="Runnable" testcasecount="1" result="Passed" start-time="2020-07-26 21:30:23Z" end-time="2020-07-26 21:30:23Z" duration="0.005480" total="1" passed="1" failed="0" inconclusive="0" skipped="0" asserts="15">
        <test-case id="0-1047" name="TestDefaultEndianExprInherited" fullname="Kaitai.SpecDefaultEndianExprInherited.TestDefaultEndianExprInherited" methodname="TestDefaultEndianExprInherited" classname="Kaitai.SpecDefaultEndianExprInherited" runstate="Runnable" seed="1934368374" result="Passed" start-time="2020-07-26 21:30:23Z" end-time="2020-07-26 21:30:23Z" duration="0.003050" asserts="15" />
      </test-suite>
      <test-suite type="TestFixture" id="0-1048" name="SpecDefaultEndianExprIsBe" fullname="Kaitai.SpecDefaultEndianExprIsBe" classname="Kaitai.SpecDefaultEndianExprIsBe" runstate="Runnable" testcasecount="1" result="Passed" start-time="2020-07-26 21:30:23Z" end-time="2020-07-26 21:30:23Z" duration="0.005243" total="1" passed="1" failed="0" inconclusive="0" skipped="0" asserts="18">
        <test-case id="0-1049" name="TestDefaultEndianExprIsBe" fullname="Kaitai.SpecDefaultEndianExprIsBe.TestDefaultEndianExprIsBe" methodname="TestDefaultEndianExprIsBe" classname="Kaitai.SpecDefaultEndianExprIsBe" runstate="Runnable" seed="1314122389" result="Passed" start-time="2020-07-26 21:30:23Z" end-time="2020-07-26 21:30:23Z" duration="0.002817" asserts="18" />
      </test-suite>
      <test-suite type="TestFixture" id="0-1050" name="SpecDefaultEndianExprIsLe" fullname="Kaitai.SpecDefaultEndianExprIsLe" classname="Kaitai.SpecDefaultEndianExprIsLe" runstate="Runnable" testcasecount="1" result="Passed" start-time="2020-07-26 21:30:23Z" end-time="2020-07-26 21:30:23Z" duration="0.004248" total="1" passed="1" failed="0" inconclusive="0" skipped="0" asserts="12">
        <test-case id="0-1051" name="TestDefaultEndianExprIsLe" fullname="Kaitai.SpecDefaultEndianExprIsLe.TestDefaultEndianExprIsLe" methodname="TestDefaultEndianExprIsLe" classname="Kaitai.SpecDefaultEndianExprIsLe" runstate="Runnable" seed="126718526" result="Passed" start-time="2020-07-26 21:30:23Z" end-time="2020-07-26 21:30:23Z" duration="0.001809" asserts="12" />
      </test-suite>
      <test-suite type="TestFixture" id="0-1052" name="SpecDefaultEndianMod" fullname="Kaitai.SpecDefaultEndianMod" classname="Kaitai.SpecDefaultEndianMod" runstate="Runnable" testcasecount="1" result="Passed" start-time="2020-07-26 21:30:23Z" end-time="2020-07-26 21:30:23Z" duration="0.003295" total="1" passed="1" failed="0" inconclusive="0" skipped="0" asserts="3">
        <test-case id="0-1053" name="TestDefaultEndianMod" fullname="Kaitai.SpecDefaultEndianMod.TestDefaultEndianMod" methodname="TestDefaultEndianMod" classname="Kaitai.SpecDefaultEndianMod" runstate="Runnable" seed="1745199632" result="Passed" start-time="2020-07-26 21:30:23Z" end-time="2020-07-26 21:30:23Z" duration="0.000869" asserts="3" />
      </test-suite>
      <test-suite type="TestFixture" id="0-1054" name="SpecDocstrings" fullname="Kaitai.SpecDocstrings" classname="Kaitai.SpecDocstrings" runstate="Runnable" testcasecount="1" result="Passed" start-time="2020-07-26 21:30:23Z" end-time="2020-07-26 21:30:23Z" duration="0.002788" total="1" passed="1" failed="0" inconclusive="0" skipped="0" asserts="0">
        <test-case id="0-1055" name="TestDocstrings" fullname="Kaitai.SpecDocstrings.TestDocstrings" methodname="TestDocstrings" classname="Kaitai.SpecDocstrings" runstate="Runnable" seed="335393320" result="Passed" start-time="2020-07-26 21:30:23Z" end-time="2020-07-26 21:30:23Z" duration="0.000368" asserts="0" />
      </test-suite>
      <test-suite type="TestFixture" id="0-1056" name="SpecDocstringsDocref" fullname="Kaitai.SpecDocstringsDocref" classname="Kaitai.SpecDocstringsDocref" runstate="Runnable" testcasecount="1" result="Passed" start-time="2020-07-26 21:30:23Z" end-time="2020-07-26 21:30:23Z" duration="0.002806" total="1" passed="1" failed="0" inconclusive="0" skipped="0" asserts="0">
        <test-case id="0-1057" name="TestDocstringsDocref" fullname="Kaitai.SpecDocstringsDocref.TestDocstringsDocref" methodname="TestDocstringsDocref" classname="Kaitai.SpecDocstringsDocref" runstate="Runnable" seed="768795369" result="Passed" start-time="2020-07-26 21:30:23Z" end-time="2020-07-26 21:30:23Z" duration="0.000372" asserts="0" />
      </test-suite>
      <test-suite type="TestFixture" id="0-1058" name="SpecDocstringsDocrefMulti" fullname="Kaitai.SpecDocstringsDocrefMulti" classname="Kaitai.SpecDocstringsDocrefMulti" runstate="Runnable" testcasecount="1" result="Passed" start-time="2020-07-26 21:30:23Z" end-time="2020-07-26 21:30:23Z" duration="0.002728" total="1" passed="1" failed="0" inconclusive="0" skipped="0" asserts="0">
        <test-case id="0-1059" name="TestDocstringsDocrefMulti" fullname="Kaitai.SpecDocstringsDocrefMulti.TestDocstringsDocrefMulti" methodname="TestDocstringsDocrefMulti" classname="Kaitai.SpecDocstringsDocrefMulti" runstate="Runnable" seed="517154004" result="Passed" start-time="2020-07-26 21:30:23Z" end-time="2020-07-26 21:30:23Z" duration="0.000307" asserts="0" />
      </test-suite>
      <test-suite type="TestFixture" id="0-1060" name="SpecEnum0" fullname="Kaitai.SpecEnum0" classname="Kaitai.SpecEnum0" runstate="Runnable" testcasecount="1" result="Passed" start-time="2020-07-26 21:30:23Z" end-time="2020-07-26 21:30:23Z" duration="0.002901" total="1" passed="1" failed="0" inconclusive="0" skipped="0" asserts="2">
        <test-case id="0-1061" name="TestEnum0" fullname="Kaitai.SpecEnum0.TestEnum0" methodname="TestEnum0" classname="Kaitai.SpecEnum0" runstate="Runnable" seed="984432368" result="Passed" start-time="2020-07-26 21:30:23Z" end-time="2020-07-26 21:30:23Z" duration="0.000465" asserts="2" />
      </test-suite>
      <test-suite type="TestFixture" id="0-1062" name="SpecEnum1" fullname="Kaitai.SpecEnum1" classname="Kaitai.SpecEnum1" runstate="Runnable" testcasecount="1" result="Passed" start-time="2020-07-26 21:30:23Z" end-time="2020-07-26 21:30:23Z" duration="0.003101" total="1" passed="1" failed="0" inconclusive="0" skipped="0" asserts="2">
        <test-case id="0-1063" name="TestEnum1" fullname="Kaitai.SpecEnum1.TestEnum1" methodname="TestEnum1" classname="Kaitai.SpecEnum1" runstate="Runnable" seed="1283360140" result="Passed" start-time="2020-07-26 21:30:23Z" end-time="2020-07-26 21:30:23Z" duration="0.000670" asserts="2" />
      </test-suite>
      <test-suite type="TestFixture" id="0-1064" name="SpecEnumDeep" fullname="Kaitai.SpecEnumDeep" classname="Kaitai.SpecEnumDeep" runstate="Runnable" testcasecount="1" result="Passed" start-time="2020-07-26 21:30:23Z" end-time="2020-07-26 21:30:23Z" duration="0.002921" total="1" passed="1" failed="0" inconclusive="0" skipped="0" asserts="2">
        <test-case id="0-1065" name="TestEnumDeep" fullname="Kaitai.SpecEnumDeep.TestEnumDeep" methodname="TestEnumDeep" classname="Kaitai.SpecEnumDeep" runstate="Runnable" seed="793099723" result="Passed" start-time="2020-07-26 21:30:23Z" end-time="2020-07-26 21:30:23Z" duration="0.000493" asserts="2" />
      </test-suite>
      <test-suite type="TestFixture" id="0-1066" name="SpecEnumDeepLiterals" fullname="Kaitai.SpecEnumDeepLiterals" classname="Kaitai.SpecEnumDeepLiterals" runstate="Runnable" testcasecount="1" result="Passed" start-time="2020-07-26 21:30:23Z" end-time="2020-07-26 21:30:23Z" duration="0.003154" total="1" passed="1" failed="0" inconclusive="0" skipped="0" asserts="2">
        <test-case id="0-1067" name="TestEnumDeepLiterals" fullname="Kaitai.SpecEnumDeepLiterals.TestEnumDeepLiterals" methodname="TestEnumDeepLiterals" classname="Kaitai.SpecEnumDeepLiterals" runstate="Runnable" seed="756868424" result="Passed" start-time="2020-07-26 21:30:23Z" end-time="2020-07-26 21:30:23Z" duration="0.000627" asserts="2" />
      </test-suite>
      <test-suite type="TestFixture" id="0-1068" name="SpecEnumFancy" fullname="Kaitai.SpecEnumFancy" classname="Kaitai.SpecEnumFancy" runstate="Runnable" testcasecount="1" result="Passed" start-time="2020-07-26 21:30:23Z" end-time="2020-07-26 21:30:23Z" duration="0.002908" total="1" passed="1" failed="0" inconclusive="0" skipped="0" asserts="2">
        <test-case id="0-1069" name="TestEnumFancy" fullname="Kaitai.SpecEnumFancy.TestEnumFancy" methodname="TestEnumFancy" classname="Kaitai.SpecEnumFancy" runstate="Runnable" seed="107816753" result="Passed" start-time="2020-07-26 21:30:23Z" end-time="2020-07-26 21:30:23Z" duration="0.000471" asserts="2" />
      </test-suite>
      <test-suite type="TestFixture" id="0-1070" name="SpecEnumForUnknownId" fullname="Kaitai.SpecEnumForUnknownId" classname="Kaitai.SpecEnumForUnknownId" runstate="Runnable" testcasecount="1" result="Passed" start-time="2020-07-26 21:30:23Z" end-time="2020-07-26 21:30:23Z" duration="0.003015" total="1" passed="1" failed="0" inconclusive="0" skipped="0" asserts="1">
        <test-case id="0-1071" name="TestEnumForUnknownId" fullname="Kaitai.SpecEnumForUnknownId.TestEnumForUnknownId" methodname="TestEnumForUnknownId" classname="Kaitai.SpecEnumForUnknownId" runstate="Runnable" seed="323600228" result="Passed" start-time="2020-07-26 21:30:23Z" end-time="2020-07-26 21:30:23Z" duration="0.000587" asserts="1" />
      </test-suite>
      <test-suite type="TestFixture" id="0-1072" name="SpecEnumIf" fullname="Kaitai.SpecEnumIf" classname="Kaitai.SpecEnumIf" runstate="Runnable" testcasecount="1" result="Passed" start-time="2020-07-26 21:30:23Z" end-time="2020-07-26 21:30:23Z" duration="0.003784" total="1" passed="1" failed="0" inconclusive="0" skipped="0" asserts="7">
        <test-case id="0-1073" name="TestEnumIf" fullname="Kaitai.SpecEnumIf.TestEnumIf" methodname="TestEnumIf" classname="Kaitai.SpecEnumIf" runstate="Runnable" seed="885474142" result="Passed" start-time="2020-07-26 21:30:23Z" end-time="2020-07-26 21:30:23Z" duration="0.001347" asserts="7" />
      </test-suite>
      <test-suite type="TestFixture" id="0-1074" name="SpecEnumImport" fullname="Kaitai.SpecEnumImport" classname="Kaitai.SpecEnumImport" runstate="Runnable" testcasecount="1" result="Passed" start-time="2020-07-26 21:30:23Z" end-time="2020-07-26 21:30:23Z" duration="0.002884" total="1" passed="1" failed="0" inconclusive="0" skipped="0" asserts="2">
        <test-case id="0-1075" name="TestEnumImport" fullname="Kaitai.SpecEnumImport.TestEnumImport" methodname="TestEnumImport" classname="Kaitai.SpecEnumImport" runstate="Runnable" seed="1966962550" result="Passed" start-time="2020-07-26 21:30:23Z" end-time="2020-07-26 21:30:23Z" duration="0.000464" asserts="2" />
      </test-suite>
      <test-suite type="TestFixture" id="0-1076" name="SpecEnumIntRangeS" fullname="Kaitai.SpecEnumIntRangeS" classname="Kaitai.SpecEnumIntRangeS" runstate="Runnable" testcasecount="1" result="Passed" start-time="2020-07-26 21:30:23Z" end-time="2020-07-26 21:30:23Z" duration="0.002982" total="1" passed="1" failed="0" inconclusive="0" skipped="0" asserts="3">
        <test-case id="0-1077" name="TestEnumIntRangeS" fullname="Kaitai.SpecEnumIntRangeS.TestEnumIntRangeS" methodname="TestEnumIntRangeS" classname="Kaitai.SpecEnumIntRangeS" runstate="Runnable" seed="314771000" result="Passed" start-time="2020-07-26 21:30:23Z" end-time="2020-07-26 21:30:23Z" duration="0.000546" asserts="3" />
      </test-suite>
      <test-suite type="TestFixture" id="0-1078" name="SpecEnumInvalid" fullname="Kaitai.SpecEnumInvalid" classname="Kaitai.SpecEnumInvalid" runstate="Runnable" testcasecount="1" result="Passed" start-time="2020-07-26 21:30:23Z" end-time="2020-07-26 21:30:23Z" duration="0.003070" total="1" passed="1" failed="0" inconclusive="0" skipped="0" asserts="2">
        <test-case id="0-1079" name="TestEnumInvalid" fullname="Kaitai.SpecEnumInvalid.TestEnumInvalid" methodname="TestEnumInvalid" classname="Kaitai.SpecEnumInvalid" runstate="Runnable" seed="154771760" result="Passed" start-time="2020-07-26 21:30:23Z" end-time="2020-07-26 21:30:23Z" duration="0.000638" asserts="2" />
      </test-suite>
      <test-suite type="TestFixture" id="0-1080" name="SpecEnumNegative" fullname="Kaitai.SpecEnumNegative" classname="Kaitai.SpecEnumNegative" runstate="Runnable" testcasecount="1" result="Passed" start-time="2020-07-26 21:30:23Z" end-time="2020-07-26 21:30:23Z" duration="0.002982" total="1" passed="1" failed="0" inconclusive="0" skipped="0" asserts="2">
        <test-case id="0-1081" name="TestEnumNegative" fullname="Kaitai.SpecEnumNegative.TestEnumNegative" methodname="TestEnumNegative" classname="Kaitai.SpecEnumNegative" runstate="Runnable" seed="1349331815" result="Passed" start-time="2020-07-26 21:30:23Z" end-time="2020-07-26 21:30:23Z" duration="0.000550" asserts="2" />
      </test-suite>
      <test-suite type="TestFixture" id="0-1082" name="SpecEnumOfValueInst" fullname="Kaitai.SpecEnumOfValueInst" classname="Kaitai.SpecEnumOfValueInst" runstate="Runnable" testcasecount="1" result="Passed" start-time="2020-07-26 21:30:23Z" end-time="2020-07-26 21:30:23Z" duration="0.003153" total="1" passed="1" failed="0" inconclusive="0" skipped="0" asserts="4">
        <test-case id="0-1083" name="TestEnumOfValueInst" fullname="Kaitai.SpecEnumOfValueInst.TestEnumOfValueInst" methodname="TestEnumOfValueInst" classname="Kaitai.SpecEnumOfValueInst" runstate="Runnable" seed="476117790" result="Passed" start-time="2020-07-26 21:30:23Z" end-time="2020-07-26 21:30:23Z" duration="0.000727" asserts="4" />
      </test-suite>
      <test-suite type="TestFixture" id="0-1084" name="SpecEnumToI" fullname="Kaitai.SpecEnumToI" classname="Kaitai.SpecEnumToI" runstate="Runnable" testcasecount="1" result="Passed" start-time="2020-07-26 21:30:23Z" end-time="2020-07-26 21:30:23Z" duration="0.003212" total="1" passed="1" failed="0" inconclusive="0" skipped="0" asserts="5">
        <test-case id="0-1085" name="TestEnumToI" fullname="Kaitai.SpecEnumToI.TestEnumToI" methodname="TestEnumToI" classname="Kaitai.SpecEnumToI" runstate="Runnable" seed="591701758" result="Passed" start-time="2020-07-26 21:30:23Z" end-time="2020-07-26 21:30:23Z" duration="0.000780" asserts="5" />
      </test-suite>
      <test-suite type="TestFixture" id="0-1086" name="SpecEofExceptionBytes" fullname="Kaitai.SpecEofExceptionBytes" classname="Kaitai.SpecEofExceptionBytes" runstate="Runnable" testcasecount="1" result="Passed" start-time="2020-07-26 21:30:23Z" end-time="2020-07-26 21:30:23Z" duration="0.003827" total="1" passed="1" failed="0" inconclusive="0" skipped="0" asserts="1">
        <test-case id="0-1087" name="TestEofExceptionBytes" fullname="Kaitai.SpecEofExceptionBytes.TestEofExceptionBytes" methodname="TestEofExceptionBytes" classname="Kaitai.SpecEofExceptionBytes" runstate="Runnable" seed="457142517" result="Passed" start-time="2020-07-26 21:30:23Z" end-time="2020-07-26 21:30:23Z" duration="0.001311" asserts="1" />
      </test-suite>
      <test-suite type="TestFixture" id="0-1088" name="SpecEofExceptionU4" fullname="Kaitai.SpecEofExceptionU4" classname="Kaitai.SpecEofExceptionU4" runstate="Runnable" testcasecount="1" result="Passed" start-time="2020-07-26 21:30:23Z" end-time="2020-07-26 21:30:23Z" duration="0.002972" total="1" passed="1" failed="0" inconclusive="0" skipped="0" asserts="1">
        <test-case id="0-1089" name="TestEofExceptionU4" fullname="Kaitai.SpecEofExceptionU4.TestEofExceptionU4" methodname="TestEofExceptionU4" classname="Kaitai.SpecEofExceptionU4" runstate="Runnable" seed="915059951" result="Passed" start-time="2020-07-26 21:30:23Z" end-time="2020-07-26 21:30:23Z" duration="0.000515" asserts="1" />
      </test-suite>
      <test-suite type="TestFixture" id="0-1090" name="SpecEosExceptionBytes" fullname="Kaitai.SpecEosExceptionBytes" classname="Kaitai.SpecEosExceptionBytes" runstate="Runnable" testcasecount="1" result="Passed" start-time="2020-07-26 21:30:23Z" end-time="2020-07-26 21:30:23Z" duration="0.003069" total="1" passed="1" failed="0" inconclusive="0" skipped="0" asserts="1">
        <test-case id="0-1091" name="TestEosExceptionBytes" fullname="Kaitai.SpecEosExceptionBytes.TestEosExceptionBytes" methodname="TestEosExceptionBytes" classname="Kaitai.SpecEosExceptionBytes" runstate="Runnable" seed="1909727011" result="Passed" start-time="2020-07-26 21:30:23Z" end-time="2020-07-26 21:30:23Z" duration="0.000615" asserts="1" />
      </test-suite>
      <test-suite type="TestFixture" id="0-1092" name="SpecEosExceptionU4" fullname="Kaitai.SpecEosExceptionU4" classname="Kaitai.SpecEosExceptionU4" runstate="Runnable" testcasecount="1" result="Passed" start-time="2020-07-26 21:30:23Z" end-time="2020-07-26 21:30:23Z" duration="0.003055" total="1" passed="1" failed="0" inconclusive="0" skipped="0" asserts="1">
        <test-case id="0-1093" name="TestEosExceptionU4" fullname="Kaitai.SpecEosExceptionU4.TestEosExceptionU4" methodname="TestEosExceptionU4" classname="Kaitai.SpecEosExceptionU4" runstate="Runnable" seed="541230884" result="Passed" start-time="2020-07-26 21:30:23Z" end-time="2020-07-26 21:30:23Z" duration="0.000630" asserts="1" />
      </test-suite>
      <test-suite type="TestFixture" id="0-1094" name="SpecExpr0" fullname="Kaitai.SpecExpr0" classname="Kaitai.SpecExpr0" runstate="Runnable" testcasecount="1" result="Passed" start-time="2020-07-26 21:30:23Z" end-time="2020-07-26 21:30:23Z" duration="0.002965" total="1" passed="1" failed="0" inconclusive="0" skipped="0" asserts="2">
        <test-case id="0-1095" name="TestExpr0" fullname="Kaitai.SpecExpr0.TestExpr0" methodname="TestExpr0" classname="Kaitai.SpecExpr0" runstate="Runnable" seed="1838925814" result="Passed" start-time="2020-07-26 21:30:23Z" end-time="2020-07-26 21:30:23Z" duration="0.000521" asserts="2" />
      </test-suite>
      <test-suite type="TestFixture" id="0-1096" name="SpecExpr1" fullname="Kaitai.SpecExpr1" classname="Kaitai.SpecExpr1" runstate="Runnable" testcasecount="1" result="Passed" start-time="2020-07-26 21:30:23Z" end-time="2020-07-26 21:30:23Z" duration="0.003094" total="1" passed="1" failed="0" inconclusive="0" skipped="0" asserts="4">
        <test-case id="0-1097" name="TestExpr1" fullname="Kaitai.SpecExpr1.TestExpr1" methodname="TestExpr1" classname="Kaitai.SpecExpr1" runstate="Runnable" seed="1024458894" result="Passed" start-time="2020-07-26 21:30:23Z" end-time="2020-07-26 21:30:23Z" duration="0.000666" asserts="4" />
      </test-suite>
      <test-suite type="TestFixture" id="0-1098" name="SpecExpr2" fullname="Kaitai.SpecExpr2" classname="Kaitai.SpecExpr2" runstate="Runnable" testcasecount="1" result="Passed" start-time="2020-07-26 21:30:23Z" end-time="2020-07-26 21:30:23Z" duration="0.004341" total="1" passed="1" failed="0" inconclusive="0" skipped="0" asserts="17">
        <test-case id="0-1099" name="TestExpr2" fullname="Kaitai.SpecExpr2.TestExpr2" methodname="TestExpr2" classname="Kaitai.SpecExpr2" runstate="Runnable" seed="2011272403" result="Passed" start-time="2020-07-26 21:30:23Z" end-time="2020-07-26 21:30:23Z" duration="0.001921" asserts="17" />
      </test-suite>
      <test-suite type="TestFixture" id="0-1100" name="SpecExpr3" fullname="Kaitai.SpecExpr3" classname="Kaitai.SpecExpr3" runstate="Runnable" testcasecount="1" result="Passed" start-time="2020-07-26 21:30:23Z" end-time="2020-07-26 21:30:23Z" duration="0.003855" total="1" passed="1" failed="0" inconclusive="0" skipped="0" asserts="12">
        <test-case id="0-1101" name="TestExpr3" fullname="Kaitai.SpecExpr3.TestExpr3" methodname="TestExpr3" classname="Kaitai.SpecExpr3" runstate="Runnable" seed="1245484314" result="Passed" start-time="2020-07-26 21:30:23Z" end-time="2020-07-26 21:30:23Z" duration="0.001428" asserts="12" />
      </test-suite>
      <test-suite type="TestFixture" id="0-1102" name="SpecExprArray" fullname="Kaitai.SpecExprArray" classname="Kaitai.SpecExprArray" runstate="Runnable" testcasecount="1" result="Passed" start-time="2020-07-26 21:30:23Z" end-time="2020-07-26 21:30:23Z" duration="0.009738" total="1" passed="1" failed="0" inconclusive="0" skipped="0" asserts="15">
        <test-case id="0-1103" name="TestExprArray" fullname="Kaitai.SpecExprArray.TestExprArray" methodname="TestExprArray" classname="Kaitai.SpecExprArray" runstate="Runnable" seed="376423693" result="Passed" start-time="2020-07-26 21:30:23Z" end-time="2020-07-26 21:30:23Z" duration="0.007273" asserts="15" />
      </test-suite>
      <test-suite type="TestFixture" id="0-1104" name="SpecExprBytesCmp" fullname="Kaitai.SpecExprBytesCmp" classname="Kaitai.SpecExprBytesCmp" runstate="Runnable" testcasecount="1" result="Passed" start-time="2020-07-26 21:30:23Z" end-time="2020-07-26 21:30:23Z" duration="0.003855" total="1" passed="1" failed="0" inconclusive="0" skipped="0" asserts="10">
        <test-case id="0-1105" name="TestExprBytesCmp" fullname="Kaitai.SpecExprBytesCmp.TestExprBytesCmp" methodname="TestExprBytesCmp" classname="Kaitai.SpecExprBytesCmp" runstate="Runnable" seed="1485157986" result="Passed" start-time="2020-07-26 21:30:23Z" end-time="2020-07-26 21:30:23Z" duration="0.001422" asserts="10" />
      </test-suite>
      <test-suite type="TestFixture" id="0-1106" name="SpecExprBytesOps" fullname="Kaitai.SpecExprBytesOps" classname="Kaitai.SpecExprBytesOps" runstate="Runnable" testcasecount="1" result="Passed" start-time="2020-07-26 21:30:23Z" end-time="2020-07-26 21:30:23Z" duration="0.005318" total="1" passed="1" failed="0" inconclusive="0" skipped="0" asserts="12">
        <test-case id="0-1107" name="TestExprBytesOps" fullname="Kaitai.SpecExprBytesOps.TestExprBytesOps" methodname="TestExprBytesOps" classname="Kaitai.SpecExprBytesOps" runstate="Runnable" seed="1507774204" result="Passed" start-time="2020-07-26 21:30:23Z" end-time="2020-07-26 21:30:23Z" duration="0.002873" asserts="12" />
      </test-suite>
      <test-suite type="TestFixture" id="0-1108" name="SpecExprCalcArrayOps" fullname="Kaitai.SpecExprCalcArrayOps" classname="Kaitai.SpecExprCalcArrayOps" runstate="Runnable" testcasecount="1" result="Passed" start-time="2020-07-26 21:30:23Z" end-time="2020-07-26 21:30:23Z" duration="0.006453" total="1" passed="1" failed="0" inconclusive="0" skipped="0" asserts="18">
        <test-case id="0-1109" name="TestExprCalcArrayOps" fullname="Kaitai.SpecExprCalcArrayOps.TestExprCalcArrayOps" methodname="TestExprCalcArrayOps" classname="Kaitai.SpecExprCalcArrayOps" runstate="Runnable" seed="1946836680" result="Passed" start-time="2020-07-26 21:30:23Z" end-time="2020-07-26 21:30:23Z" duration="0.004026" asserts="18" />
      </test-suite>
      <test-suite type="TestFixture" id="0-1110" name="SpecExprEnum" fullname="Kaitai.SpecExprEnum" classname="Kaitai.SpecExprEnum" runstate="Runnable" testcasecount="1" result="Passed" start-time="2020-07-26 21:30:23Z" end-time="2020-07-26 21:30:23Z" duration="0.003087" total="1" passed="1" failed="0" inconclusive="0" skipped="0" asserts="3">
        <test-case id="0-1111" name="TestExprEnum" fullname="Kaitai.SpecExprEnum.TestExprEnum" methodname="TestExprEnum" classname="Kaitai.SpecExprEnum" runstate="Runnable" seed="764975393" result="Passed" start-time="2020-07-26 21:30:23Z" end-time="2020-07-26 21:30:23Z" duration="0.000666" asserts="3" />
      </test-suite>
      <test-suite type="TestFixture" id="0-1112" name="SpecExprIfIntOps" fullname="Kaitai.SpecExprIfIntOps" classname="Kaitai.SpecExprIfIntOps" runstate="Runnable" testcasecount="1" result="Passed" start-time="2020-07-26 21:30:23Z" end-time="2020-07-26 21:30:23Z" duration="0.003405" total="1" passed="1" failed="0" inconclusive="0" skipped="0" asserts="2">
        <test-case id="0-1113" name="TestExprIfIntOps" fullname="Kaitai.SpecExprIfIntOps.TestExprIfIntOps" methodname="TestExprIfIntOps" classname="Kaitai.SpecExprIfIntOps" runstate="Runnable" seed="1091139744" result="Passed" start-time="2020-07-26 21:30:23Z" end-time="2020-07-26 21:30:23Z" duration="0.000979" asserts="2" />
      </test-suite>
      <test-suite type="TestFixture" id="0-1114" name="SpecExprIntDiv" fullname="Kaitai.SpecExprIntDiv" classname="Kaitai.SpecExprIntDiv" runstate="Runnable" testcasecount="1" result="Failed" site="Child" start-time="2020-07-26 21:30:23Z" end-time="2020-07-26 21:30:23Z" duration="0.014528" total="1" passed="0" failed="1" inconclusive="0" skipped="0" asserts="4">
        <failure>
          <message><![CDATA[One or more child tests had errors]]></message>
        </failure>
        <test-case id="0-1115" name="TestExprIntDiv" fullname="Kaitai.SpecExprIntDiv.TestExprIntDiv" methodname="TestExprIntDiv" classname="Kaitai.SpecExprIntDiv" runstate="Runnable" seed="350815571" result="Failed" start-time="2020-07-26 21:30:23Z" end-time="2020-07-26 21:30:23Z" duration="0.012061" asserts="4">
          <failure>
            <message><![CDATA[  Expected: -756
  But was:  -757
]]></message>
            <stack-trace><![CDATA[at Kaitai.SpecExprIntDiv.TestExprIntDiv () [0x00069] in <fd3a5197d68342ddad9a69ceba7888a9>:0
]]></stack-trace>
          </failure>
        </test-case>
      </test-suite>
      <test-suite type="TestFixture" id="0-1116" name="SpecExprIoEof" fullname="Kaitai.SpecExprIoEof" classname="Kaitai.SpecExprIoEof" runstate="Runnable" testcasecount="1" result="Passed" start-time="2020-07-26 21:30:23Z" end-time="2020-07-26 21:30:23Z" duration="0.003546" total="1" passed="1" failed="0" inconclusive="0" skipped="0" asserts="4">
        <test-case id="0-1117" name="TestExprIoEof" fullname="Kaitai.SpecExprIoEof.TestExprIoEof" methodname="TestExprIoEof" classname="Kaitai.SpecExprIoEof" runstate="Runnable" seed="1065863291" result="Passed" start-time="2020-07-26 21:30:23Z" end-time="2020-07-26 21:30:23Z" duration="0.001132" asserts="4" />
      </test-suite>
      <test-suite type="TestFixture" id="0-1118" name="SpecExprIoPos" fullname="Kaitai.SpecExprIoPos" classname="Kaitai.SpecExprIoPos" runstate="Runnable" testcasecount="1" result="Passed" start-time="2020-07-26 21:30:23Z" end-time="2020-07-26 21:30:23Z" duration="0.003383" total="1" passed="1" failed="0" inconclusive="0" skipped="0" asserts="6">
        <test-case id="0-1119" name="TestExprIoPos" fullname="Kaitai.SpecExprIoPos.TestExprIoPos" methodname="TestExprIoPos" classname="Kaitai.SpecExprIoPos" runstate="Runnable" seed="29345222" result="Passed" start-time="2020-07-26 21:30:23Z" end-time="2020-07-26 21:30:23Z" duration="0.000950" asserts="6" />
      </test-suite>
      <test-suite type="TestFixture" id="0-1120" name="SpecExprMod" fullname="Kaitai.SpecExprMod" classname="Kaitai.SpecExprMod" runstate="Runnable" testcasecount="1" result="Passed" start-time="2020-07-26 21:30:23Z" end-time="2020-07-26 21:30:23Z" duration="0.003347" total="1" passed="1" failed="0" inconclusive="0" skipped="0" asserts="6">
        <test-case id="0-1121" name="TestExprMod" fullname="Kaitai.SpecExprMod.TestExprMod" methodname="TestExprMod" classname="Kaitai.SpecExprMod" runstate="Runnable" seed="1628876181" result="Passed" start-time="2020-07-26 21:30:23Z" end-time="2020-07-26 21:30:23Z" duration="0.000936" asserts="6" />
      </test-suite>
      <test-suite type="TestFixture" id="0-1122" name="SpecExprSizeofType0" fullname="Kaitai.SpecExprSizeofType0" classname="Kaitai.SpecExprSizeofType0" runstate="Runnable" testcasecount="1" result="Passed" start-time="2020-07-26 21:30:23Z" end-time="2020-07-26 21:30:23Z" duration="0.002782" total="1" passed="1" failed="0" inconclusive="0" skipped="0" asserts="1">
        <test-case id="0-1123" name="TestExprSizeofType0" fullname="Kaitai.SpecExprSizeofType0.TestExprSizeofType0" methodname="TestExprSizeofType0" classname="Kaitai.SpecExprSizeofType0" runstate="Runnable" seed="822515963" result="Passed" start-time="2020-07-26 21:30:23Z" end-time="2020-07-26 21:30:23Z" duration="0.000381" asserts="1" />
      </test-suite>
      <test-suite type="TestFixture" id="0-1124" name="SpecExprSizeofType1" fullname="Kaitai.SpecExprSizeofType1" classname="Kaitai.SpecExprSizeofType1" runstate="Runnable" testcasecount="1" result="Passed" start-time="2020-07-26 21:30:23Z" end-time="2020-07-26 21:30:23Z" duration="0.002878" total="1" passed="1" failed="0" inconclusive="0" skipped="0" asserts="2">
        <test-case id="0-1125" name="TestExprSizeofType1" fullname="Kaitai.SpecExprSizeofType1.TestExprSizeofType1" methodname="TestExprSizeofType1" classname="Kaitai.SpecExprSizeofType1" runstate="Runnable" seed="674397325" result="Passed" start-time="2020-07-26 21:30:23Z" end-time="2020-07-26 21:30:23Z" duration="0.000452" asserts="2" />
      </test-suite>
      <test-suite type="TestFixture" id="0-1126" name="SpecExprSizeofValue0" fullname="Kaitai.SpecExprSizeofValue0" classname="Kaitai.SpecExprSizeofValue0" runstate="Runnable" testcasecount="1" result="Passed" start-time="2020-07-26 21:30:23Z" end-time="2020-07-26 21:30:23Z" duration="0.003242" total="1" passed="1" failed="0" inconclusive="0" skipped="0" asserts="5">
        <test-case id="0-1127" name="TestExprSizeofValue0" fullname="Kaitai.SpecExprSizeofValue0.TestExprSizeofValue0" methodname="TestExprSizeofValue0" classname="Kaitai.SpecExprSizeofValue0" runstate="Runnable" seed="1863960718" result="Passed" start-time="2020-07-26 21:30:23Z" end-time="2020-07-26 21:30:23Z" duration="0.000839" asserts="5" />
      </test-suite>
      <test-suite type="TestFixture" id="0-1128" name="SpecExprSizeofValueSized" fullname="Kaitai.SpecExprSizeofValueSized" classname="Kaitai.SpecExprSizeofValueSized" runstate="Runnable" testcasecount="1" result="Passed" start-time="2020-07-26 21:30:23Z" end-time="2020-07-26 21:30:23Z" duration="0.003253" total="1" passed="1" failed="0" inconclusive="0" skipped="0" asserts="5">
        <test-case id="0-1129" name="TestExprSizeofValueSized" fullname="Kaitai.SpecExprSizeofValueSized.TestExprSizeofValueSized" methodname="TestExprSizeofValueSized" classname="Kaitai.SpecExprSizeofValueSized" runstate="Runnable" seed="535216575" result="Passed" start-time="2020-07-26 21:30:23Z" end-time="2020-07-26 21:30:23Z" duration="0.000833" asserts="5" />
      </test-suite>
      <test-suite type="TestFixture" id="0-1130" name="SpecExprStrOps" fullname="Kaitai.SpecExprStrOps" classname="Kaitai.SpecExprStrOps" runstate="Runnable" testcasecount="1" result="Passed" start-time="2020-07-26 21:30:23Z" end-time="2020-07-26 21:30:23Z" duration="0.006487" total="1" passed="1" failed="0" inconclusive="0" skipped="0" asserts="17">
        <test-case id="0-1131" name="TestExprStrOps" fullname="Kaitai.SpecExprStrOps.TestExprStrOps" methodname="TestExprStrOps" classname="Kaitai.SpecExprStrOps" runstate="Runnable" seed="1235222992" result="Passed" start-time="2020-07-26 21:30:23Z" end-time="2020-07-26 21:30:23Z" duration="0.004048" asserts="17" />
      </test-suite>
      <test-suite type="TestFixture" id="0-1132" name="SpecFixedContents" fullname="Kaitai.SpecFixedContents" classname="Kaitai.SpecFixedContents" runstate="Runnable" testcasecount="1" result="Passed" start-time="2020-07-26 21:30:23Z" end-time="2020-07-26 21:30:23Z" duration="0.002999" total="1" passed="1" failed="0" inconclusive="0" skipped="0" asserts="0">
        <test-case id="0-1133" name="TestFixedContents" fullname="Kaitai.SpecFixedContents.TestFixedContents" methodname="TestFixedContents" classname="Kaitai.SpecFixedContents" runstate="Runnable" seed="2001856121" result="Passed" start-time="2020-07-26 21:30:23Z" end-time="2020-07-26 21:30:23Z" duration="0.000572" asserts="0" />
      </test-suite>
      <test-suite type="TestFixture" id="0-1134" name="SpecFixedStruct" fullname="Kaitai.SpecFixedStruct" classname="Kaitai.SpecFixedStruct" runstate="Runnable" testcasecount="1" result="Passed" start-time="2020-07-26 21:30:23Z" end-time="2020-07-26 21:30:23Z" duration="0.004823" total="1" passed="1" failed="0" inconclusive="0" skipped="0" asserts="20">
        <test-case id="0-1135" name="TestFixedStruct" fullname="Kaitai.SpecFixedStruct.TestFixedStruct" methodname="TestFixedStruct" classname="Kaitai.SpecFixedStruct" runstate="Runnable" seed="124611436" result="Passed" start-time="2020-07-26 21:30:23Z" end-time="2020-07-26 21:30:23Z" duration="0.002397" asserts="20" />
      </test-suite>
      <test-suite type="TestFixture" id="0-1138" name="SpecFloatingPoints" fullname="Kaitai.SpecFloatingPoints" classname="Kaitai.SpecFloatingPoints" runstate="Runnable" testcasecount="1" result="Passed" start-time="2020-07-26 21:30:23Z" end-time="2020-07-26 21:30:23Z" duration="0.003418" total="1" passed="1" failed="0" inconclusive="0" skipped="0" asserts="8">
        <test-case id="0-1139" name="TestFloatingPoints" fullname="Kaitai.SpecFloatingPoints.TestFloatingPoints" methodname="TestFloatingPoints" classname="Kaitai.SpecFloatingPoints" runstate="Runnable" seed="1108752228" result="Passed" start-time="2020-07-26 21:30:23Z" end-time="2020-07-26 21:30:23Z" duration="0.000989" asserts="8" />
      </test-suite>
      <test-suite type="TestFixture" id="0-1136" name="SpecFloatToI" fullname="Kaitai.SpecFloatToI" classname="Kaitai.SpecFloatToI" runstate="Runnable" testcasecount="1" result="Passed" start-time="2020-07-26 21:30:23Z" end-time="2020-07-26 21:30:23Z" duration="0.003435" total="1" passed="1" failed="0" inconclusive="0" skipped="0" asserts="8">
        <test-case id="0-1137" name="TestFloatToI" fullname="Kaitai.SpecFloatToI.TestFloatToI" methodname="TestFloatToI" classname="Kaitai.SpecFloatToI" runstate="Runnable" seed="82690748" result="Passed" start-time="2020-07-26 21:30:23Z" end-time="2020-07-26 21:30:23Z" duration="0.000981" asserts="8" />
      </test-suite>
      <test-suite type="TestFixture" id="0-1140" name="SpecHelloWorld" fullname="Kaitai.SpecHelloWorld" classname="Kaitai.SpecHelloWorld" runstate="Runnable" testcasecount="1" result="Passed" start-time="2020-07-26 21:30:23Z" end-time="2020-07-26 21:30:23Z" duration="0.002687" total="1" passed="1" failed="0" inconclusive="0" skipped="0" asserts="1">
        <test-case id="0-1141" name="TestHelloWorld" fullname="Kaitai.SpecHelloWorld.TestHelloWorld" methodname="TestHelloWorld" classname="Kaitai.SpecHelloWorld" runstate="Runnable" seed="1703437123" result="Passed" start-time="2020-07-26 21:30:23Z" end-time="2020-07-26 21:30:23Z" duration="0.000259" asserts="1" />
      </test-suite>
      <test-suite type="TestFixture" id="0-1142" name="SpecIfInstances" fullname="Kaitai.SpecIfInstances" classname="Kaitai.SpecIfInstances" runstate="Runnable" testcasecount="1" result="Passed" start-time="2020-07-26 21:30:23Z" end-time="2020-07-26 21:30:23Z" duration="0.002913" total="1" passed="1" failed="0" inconclusive="0" skipped="0" asserts="1">
        <test-case id="0-1143" name="TestIfInstances" fullname="Kaitai.SpecIfInstances.TestIfInstances" methodname="TestIfInstances" classname="Kaitai.SpecIfInstances" runstate="Runnable" seed="2006163925" result="Passed" start-time="2020-07-26 21:30:23Z" end-time="2020-07-26 21:30:23Z" duration="0.000498" asserts="1" />
      </test-suite>
      <test-suite type="TestFixture" id="0-1144" name="SpecIfStruct" fullname="Kaitai.SpecIfStruct" classname="Kaitai.SpecIfStruct" runstate="Runnable" testcasecount="1" result="Passed" start-time="2020-07-26 21:30:23Z" end-time="2020-07-26 21:30:23Z" duration="0.003462" total="1" passed="1" failed="0" inconclusive="0" skipped="0" asserts="7">
        <test-case id="0-1145" name="TestIfStruct" fullname="Kaitai.SpecIfStruct.TestIfStruct" methodname="TestIfStruct" classname="Kaitai.SpecIfStruct" runstate="Runnable" seed="831365766" result="Passed" start-time="2020-07-26 21:30:23Z" end-time="2020-07-26 21:30:23Z" duration="0.001043" asserts="7" />
      </test-suite>
      <test-suite type="TestFixture" id="0-1146" name="SpecIfValues" fullname="Kaitai.SpecIfValues" classname="Kaitai.SpecIfValues" runstate="Runnable" testcasecount="1" result="Passed" start-time="2020-07-26 21:30:23Z" end-time="2020-07-26 21:30:23Z" duration="0.003731" total="1" passed="1" failed="0" inconclusive="0" skipped="0" asserts="6">
        <test-case id="0-1147" name="TestIfValues" fullname="Kaitai.SpecIfValues.TestIfValues" methodname="TestIfValues" classname="Kaitai.SpecIfValues" runstate="Runnable" seed="1537457486" result="Passed" start-time="2020-07-26 21:30:23Z" end-time="2020-07-26 21:30:23Z" duration="0.001306" asserts="6" />
      </test-suite>
      <test-suite type="TestFixture" id="0-1148" name="SpecImports0" fullname="Kaitai.SpecImports0" classname="Kaitai.SpecImports0" runstate="Runnable" testcasecount="1" result="Passed" start-time="2020-07-26 21:30:23Z" end-time="2020-07-26 21:30:23Z" duration="0.002963" total="1" passed="1" failed="0" inconclusive="0" skipped="0" asserts="3">
        <test-case id="0-1149" name="TestImports0" fullname="Kaitai.SpecImports0.TestImports0" methodname="TestImports0" classname="Kaitai.SpecImports0" runstate="Runnable" seed="413428254" result="Passed" start-time="2020-07-26 21:30:23Z" end-time="2020-07-26 21:30:23Z" duration="0.000537" asserts="3" />
      </test-suite>
      <test-suite type="TestFixture" id="0-1150" name="SpecImportsAbs" fullname="Kaitai.SpecImportsAbs" classname="Kaitai.SpecImportsAbs" runstate="Runnable" testcasecount="1" result="Passed" start-time="2020-07-26 21:30:23Z" end-time="2020-07-26 21:30:23Z" duration="0.003855" total="1" passed="1" failed="0" inconclusive="0" skipped="0" asserts="2">
        <test-case id="0-1151" name="TestImportsAbs" fullname="Kaitai.SpecImportsAbs.TestImportsAbs" methodname="TestImportsAbs" classname="Kaitai.SpecImportsAbs" runstate="Runnable" seed="114692896" result="Passed" start-time="2020-07-26 21:30:23Z" end-time="2020-07-26 21:30:23Z" duration="0.001440" asserts="2" />
      </test-suite>
      <test-suite type="TestFixture" id="0-1152" name="SpecImportsAbsAbs" fullname="Kaitai.SpecImportsAbsAbs" classname="Kaitai.SpecImportsAbsAbs" runstate="Runnable" testcasecount="1" result="Passed" start-time="2020-07-26 21:30:23Z" end-time="2020-07-26 21:30:23Z" duration="0.003119" total="1" passed="1" failed="0" inconclusive="0" skipped="0" asserts="3">
        <test-case id="0-1153" name="TestImportsAbsAbs" fullname="Kaitai.SpecImportsAbsAbs.TestImportsAbsAbs" methodname="TestImportsAbsAbs" classname="Kaitai.SpecImportsAbsAbs" runstate="Runnable" seed="434459159" result="Passed" start-time="2020-07-26 21:30:23Z" end-time="2020-07-26 21:30:23Z" duration="0.000710" asserts="3" />
      </test-suite>
      <test-suite type="TestFixture" id="0-1154" name="SpecImportsAbsRel" fullname="Kaitai.SpecImportsAbsRel" classname="Kaitai.SpecImportsAbsRel" runstate="Runnable" testcasecount="1" result="Passed" start-time="2020-07-26 21:30:23Z" end-time="2020-07-26 21:30:23Z" duration="0.003036" total="1" passed="1" failed="0" inconclusive="0" skipped="0" asserts="3">
        <test-case id="0-1155" name="TestImportsAbsRel" fullname="Kaitai.SpecImportsAbsRel.TestImportsAbsRel" methodname="TestImportsAbsRel" classname="Kaitai.SpecImportsAbsRel" runstate="Runnable" seed="1861017672" result="Passed" start-time="2020-07-26 21:30:23Z" end-time="2020-07-26 21:30:23Z" duration="0.000631" asserts="3" />
      </test-suite>
      <test-suite type="TestFixture" id="0-1156" name="SpecImportsCircularA" fullname="Kaitai.SpecImportsCircularA" classname="Kaitai.SpecImportsCircularA" runstate="Runnable" testcasecount="1" result="Passed" start-time="2020-07-26 21:30:23Z" end-time="2020-07-26 21:30:23Z" duration="0.003115" total="1" passed="1" failed="0" inconclusive="0" skipped="0" asserts="5">
        <test-case id="0-1157" name="TestImportsCircularA" fullname="Kaitai.SpecImportsCircularA.TestImportsCircularA" methodname="TestImportsCircularA" classname="Kaitai.SpecImportsCircularA" runstate="Runnable" seed="111331819" result="Passed" start-time="2020-07-26 21:30:23Z" end-time="2020-07-26 21:30:23Z" duration="0.000696" asserts="5" />
      </test-suite>
      <test-suite type="TestFixture" id="0-1158" name="SpecImportsRel1" fullname="Kaitai.SpecImportsRel1" classname="Kaitai.SpecImportsRel1" runstate="Runnable" testcasecount="1" result="Passed" start-time="2020-07-26 21:30:23Z" end-time="2020-07-26 21:30:23Z" duration="0.003135" total="1" passed="1" failed="0" inconclusive="0" skipped="0" asserts="3">
        <test-case id="0-1159" name="TestImportsRel1" fullname="Kaitai.SpecImportsRel1.TestImportsRel1" methodname="TestImportsRel1" classname="Kaitai.SpecImportsRel1" runstate="Runnable" seed="1663596654" result="Passed" start-time="2020-07-26 21:30:23Z" end-time="2020-07-26 21:30:23Z" duration="0.000710" asserts="3" />
      </test-suite>
      <test-suite type="TestFixture" id="0-1160" name="SpecIndexSizes" fullname="Kaitai.SpecIndexSizes" classname="Kaitai.SpecIndexSizes" runstate="Runnable" testcasecount="1" result="Passed" start-time="2020-07-26 21:30:23Z" end-time="2020-07-26 21:30:23Z" duration="0.003363" total="1" passed="1" failed="0" inconclusive="0" skipped="0" asserts="7">
        <test-case id="0-1161" name="TestIndexSizes" fullname="Kaitai.SpecIndexSizes.TestIndexSizes" methodname="TestIndexSizes" classname="Kaitai.SpecIndexSizes" runstate="Runnable" seed="1402164260" result="Passed" start-time="2020-07-26 21:30:23Z" end-time="2020-07-26 21:30:23Z" duration="0.000839" asserts="7" />
      </test-suite>
      <test-suite type="TestFixture" id="0-1162" name="SpecIndexToParamEos" fullname="Kaitai.SpecIndexToParamEos" classname="Kaitai.SpecIndexToParamEos" runstate="Runnable" testcasecount="1" result="Passed" start-time="2020-07-26 21:30:23Z" end-time="2020-07-26 21:30:23Z" duration="0.003868" total="1" passed="1" failed="0" inconclusive="0" skipped="0" asserts="7">
        <test-case id="0-1163" name="TestIndexToParamEos" fullname="Kaitai.SpecIndexToParamEos.TestIndexToParamEos" methodname="TestIndexToParamEos" classname="Kaitai.SpecIndexToParamEos" runstate="Runnable" seed="1509444361" result="Passed" start-time="2020-07-26 21:30:23Z" end-time="2020-07-26 21:30:23Z" duration="0.001429" asserts="7" />
      </test-suite>
      <test-suite type="TestFixture" id="0-1164" name="SpecIndexToParamExpr" fullname="Kaitai.SpecIndexToParamExpr" classname="Kaitai.SpecIndexToParamExpr" runstate="Runnable" testcasecount="1" result="Passed" start-time="2020-07-26 21:30:23Z" end-time="2020-07-26 21:30:23Z" duration="0.003641" total="1" passed="1" failed="0" inconclusive="0" skipped="0" asserts="7">
        <test-case id="0-1165" name="TestIndexToParamExpr" fullname="Kaitai.SpecIndexToParamExpr.TestIndexToParamExpr" methodname="TestIndexToParamExpr" classname="Kaitai.SpecIndexToParamExpr" runstate="Runnable" seed="266554935" result="Passed" start-time="2020-07-26 21:30:23Z" end-time="2020-07-26 21:30:23Z" duration="0.001229" asserts="7" />
      </test-suite>
      <test-suite type="TestFixture" id="0-1166" name="SpecIndexToParamUntil" fullname="Kaitai.SpecIndexToParamUntil" classname="Kaitai.SpecIndexToParamUntil" runstate="Runnable" testcasecount="1" result="Passed" start-time="2020-07-26 21:30:23Z" end-time="2020-07-26 21:30:23Z" duration="0.003648" total="1" passed="1" failed="0" inconclusive="0" skipped="0" asserts="7">
        <test-case id="0-1167" name="TestIndexToParamUntil" fullname="Kaitai.SpecIndexToParamUntil.TestIndexToParamUntil" methodname="TestIndexToParamUntil" classname="Kaitai.SpecIndexToParamUntil" runstate="Runnable" seed="1487321111" result="Passed" start-time="2020-07-26 21:30:23Z" end-time="2020-07-26 21:30:23Z" duration="0.001221" asserts="7" />
      </test-suite>
      <test-suite type="TestFixture" id="0-1168" name="SpecInstanceIoUser" fullname="Kaitai.SpecInstanceIoUser" classname="Kaitai.SpecInstanceIoUser" runstate="Runnable" testcasecount="1" result="Passed" start-time="2020-07-26 21:30:23Z" end-time="2020-07-26 21:30:23Z" duration="0.003982" total="1" passed="1" failed="0" inconclusive="0" skipped="0" asserts="4">
        <test-case id="0-1169" name="TestInstanceIoUser" fullname="Kaitai.SpecInstanceIoUser.TestInstanceIoUser" methodname="TestInstanceIoUser" classname="Kaitai.SpecInstanceIoUser" runstate="Runnable" seed="939640918" result="Passed" start-time="2020-07-26 21:30:23Z" end-time="2020-07-26 21:30:23Z" duration="0.001572" asserts="4" />
      </test-suite>
      <test-suite type="TestFixture" id="0-1170" name="SpecInstanceStd" fullname="Kaitai.SpecInstanceStd" classname="Kaitai.SpecInstanceStd" runstate="Runnable" testcasecount="1" result="Passed" start-time="2020-07-26 21:30:23Z" end-time="2020-07-26 21:30:23Z" duration="0.002879" total="1" passed="1" failed="0" inconclusive="0" skipped="0" asserts="1">
        <test-case id="0-1171" name="TestInstanceStd" fullname="Kaitai.SpecInstanceStd.TestInstanceStd" methodname="TestInstanceStd" classname="Kaitai.SpecInstanceStd" runstate="Runnable" seed="213612868" result="Passed" start-time="2020-07-26 21:30:23Z" end-time="2020-07-26 21:30:23Z" duration="0.000450" asserts="1" />
      </test-suite>
      <test-suite type="TestFixture" id="0-1172" name="SpecInstanceStdArray" fullname="Kaitai.SpecInstanceStdArray" classname="Kaitai.SpecInstanceStdArray" runstate="Runnable" testcasecount="1" result="Passed" start-time="2020-07-26 21:30:23Z" end-time="2020-07-26 21:30:23Z" duration="0.003376" total="1" passed="1" failed="0" inconclusive="0" skipped="0" asserts="7">
        <test-case id="0-1173" name="TestInstanceStdArray" fullname="Kaitai.SpecInstanceStdArray.TestInstanceStdArray" methodname="TestInstanceStdArray" classname="Kaitai.SpecInstanceStdArray" runstate="Runnable" seed="108395092" result="Passed" start-time="2020-07-26 21:30:23Z" end-time="2020-07-26 21:30:23Z" duration="0.000942" asserts="7" />
      </test-suite>
      <test-suite type="TestFixture" id="0-1174" name="SpecInstanceUserArray" fullname="Kaitai.SpecInstanceUserArray" classname="Kaitai.SpecInstanceUserArray" runstate="Runnable" testcasecount="1" result="Passed" start-time="2020-07-26 21:30:23Z" end-time="2020-07-26 21:30:23Z" duration="0.003890" total="1" passed="1" failed="0" inconclusive="0" skipped="0" asserts="10">
        <test-case id="0-1175" name="TestInstanceUserArray" fullname="Kaitai.SpecInstanceUserArray.TestInstanceUserArray" methodname="TestInstanceUserArray" classname="Kaitai.SpecInstanceUserArray" runstate="Runnable" seed="1405190214" result="Passed" start-time="2020-07-26 21:30:23Z" end-time="2020-07-26 21:30:23Z" duration="0.001464" asserts="10" />
      </test-suite>
      <test-suite type="TestFixture" id="0-1176" name="SpecIntegers" fullname="Kaitai.SpecIntegers" classname="Kaitai.SpecIntegers" runstate="Runnable" testcasecount="1" result="Passed" start-time="2020-07-26 21:30:23Z" end-time="2020-07-26 21:30:23Z" duration="0.003969" total="1" passed="1" failed="0" inconclusive="0" skipped="0" asserts="20">
        <test-case id="0-1177" name="TestIntegers" fullname="Kaitai.SpecIntegers.TestIntegers" methodname="TestIntegers" classname="Kaitai.SpecIntegers" runstate="Runnable" seed="1320543203" result="Passed" start-time="2020-07-26 21:30:23Z" end-time="2020-07-26 21:30:23Z" duration="0.001548" asserts="20" />
      </test-suite>
      <test-suite type="TestFixture" id="0-1178" name="SpecIntegersMinMax" fullname="Kaitai.SpecIntegersMinMax" classname="Kaitai.SpecIntegersMinMax" runstate="Runnable" testcasecount="1" result="Passed" start-time="2020-07-26 21:30:23Z" end-time="2020-07-26 21:30:23Z" duration="0.004096" total="1" passed="1" failed="0" inconclusive="0" skipped="0" asserts="28">
        <test-case id="0-1179" name="TestIntegersMinMax" fullname="Kaitai.SpecIntegersMinMax.TestIntegersMinMax" methodname="TestIntegersMinMax" classname="Kaitai.SpecIntegersMinMax" runstate="Runnable" seed="1575744026" result="Passed" start-time="2020-07-26 21:30:23Z" end-time="2020-07-26 21:30:23Z" duration="0.001673" asserts="28" />
      </test-suite>
      <test-suite type="TestFixture" id="0-1180" name="SpecIoLocalVar" fullname="Kaitai.SpecIoLocalVar" classname="Kaitai.SpecIoLocalVar" runstate="Runnable" testcasecount="1" result="Passed" start-time="2020-07-26 21:30:23Z" end-time="2020-07-26 21:30:23Z" duration="0.003225" total="1" passed="1" failed="0" inconclusive="0" skipped="0" asserts="2">
        <test-case id="0-1181" name="TestIoLocalVar" fullname="Kaitai.SpecIoLocalVar.TestIoLocalVar" methodname="TestIoLocalVar" classname="Kaitai.SpecIoLocalVar" runstate="Runnable" seed="495198522" result="Passed" start-time="2020-07-26 21:30:23Z" end-time="2020-07-26 21:30:23Z" duration="0.000805" asserts="2" />
      </test-suite>
      <test-suite type="TestFixture" id="0-1182" name="SpecJsSignedRightShift" fullname="Kaitai.SpecJsSignedRightShift" classname="Kaitai.SpecJsSignedRightShift" runstate="Runnable" testcasecount="1" result="Passed" start-time="2020-07-26 21:30:23Z" end-time="2020-07-26 21:30:23Z" duration="0.002884" total="1" passed="1" failed="0" inconclusive="0" skipped="0" asserts="2">
        <test-case id="0-1183" name="TestJsSignedRightShift" fullname="Kaitai.SpecJsSignedRightShift.TestJsSignedRightShift" methodname="TestJsSignedRightShift" classname="Kaitai.SpecJsSignedRightShift" runstate="Runnable" seed="1629040624" result="Passed" start-time="2020-07-26 21:30:23Z" end-time="2020-07-26 21:30:23Z" duration="0.000464" asserts="2" />
      </test-suite>
      <test-suite type="TestFixture" id="0-1184" name="SpecMetaTags" fullname="Kaitai.SpecMetaTags" classname="Kaitai.SpecMetaTags" runstate="Runnable" testcasecount="1" result="Passed" start-time="2020-07-26 21:30:23Z" end-time="2020-07-26 21:30:23Z" duration="0.002706" total="1" passed="1" failed="0" inconclusive="0" skipped="0" asserts="0">
        <test-case id="0-1185" name="TestMetaTags" fullname="Kaitai.SpecMetaTags.TestMetaTags" methodname="TestMetaTags" classname="Kaitai.SpecMetaTags" runstate="Runnable" seed="1029605012" result="Passed" start-time="2020-07-26 21:30:23Z" end-time="2020-07-26 21:30:23Z" duration="0.000290" asserts="0" />
      </test-suite>
      <test-suite type="TestFixture" id="0-1186" name="SpecMetaXref" fullname="Kaitai.SpecMetaXref" classname="Kaitai.SpecMetaXref" runstate="Runnable" testcasecount="1" result="Passed" start-time="2020-07-26 21:30:23Z" end-time="2020-07-26 21:30:23Z" duration="0.002709" total="1" passed="1" failed="0" inconclusive="0" skipped="0" asserts="0">
        <test-case id="0-1187" name="TestMetaXref" fullname="Kaitai.SpecMetaXref.TestMetaXref" methodname="TestMetaXref" classname="Kaitai.SpecMetaXref" runstate="Runnable" seed="85974779" result="Passed" start-time="2020-07-26 21:30:23Z" end-time="2020-07-26 21:30:23Z" duration="0.000291" asserts="0" />
      </test-suite>
      <test-suite type="TestFixture" id="0-1188" name="SpecMultipleUse" fullname="Kaitai.SpecMultipleUse" classname="Kaitai.SpecMultipleUse" runstate="Runnable" testcasecount="1" result="Passed" start-time="2020-07-26 21:30:23Z" end-time="2020-07-26 21:30:23Z" duration="0.003230" total="1" passed="1" failed="0" inconclusive="0" skipped="0" asserts="2">
        <test-case id="0-1189" name="TestMultipleUse" fullname="Kaitai.SpecMultipleUse.TestMultipleUse" methodname="TestMultipleUse" classname="Kaitai.SpecMultipleUse" runstate="Runnable" seed="1206177080" result="Passed" start-time="2020-07-26 21:30:23Z" end-time="2020-07-26 21:30:23Z" duration="0.000810" asserts="2" />
      </test-suite>
      <test-suite type="TestFixture" id="0-1190" name="SpecNavParent" fullname="Kaitai.SpecNavParent" classname="Kaitai.SpecNavParent" runstate="Runnable" testcasecount="1" result="Passed" start-time="2020-07-26 21:30:23Z" end-time="2020-07-26 21:30:23Z" duration="0.003798" total="1" passed="1" failed="0" inconclusive="0" skipped="0" asserts="5">
        <test-case id="0-1191" name="TestNavParent" fullname="Kaitai.SpecNavParent.TestNavParent" methodname="TestNavParent" classname="Kaitai.SpecNavParent" runstate="Runnable" seed="566863207" result="Passed" start-time="2020-07-26 21:30:23Z" end-time="2020-07-26 21:30:23Z" duration="0.001365" asserts="5" />
      </test-suite>
      <test-suite type="TestFixture" id="0-1192" name="SpecNavParent2" fullname="Kaitai.SpecNavParent2" classname="Kaitai.SpecNavParent2" runstate="Runnable" testcasecount="1" result="Passed" start-time="2020-07-26 21:30:23Z" end-time="2020-07-26 21:30:23Z" duration="0.003972" total="1" passed="1" failed="0" inconclusive="0" skipped="0" asserts="10">
        <test-case id="0-1193" name="TestNavParent2" fullname="Kaitai.SpecNavParent2.TestNavParent2" methodname="TestNavParent2" classname="Kaitai.SpecNavParent2" runstate="Runnable" seed="918980473" result="Passed" start-time="2020-07-26 21:30:23Z" end-time="2020-07-26 21:30:23Z" duration="0.001540" asserts="10" />
      </test-suite>
      <test-suite type="TestFixture" id="0-1194" name="SpecNavParent3" fullname="Kaitai.SpecNavParent3" classname="Kaitai.SpecNavParent3" runstate="Runnable" testcasecount="1" result="Passed" start-time="2020-07-26 21:30:23Z" end-time="2020-07-26 21:30:23Z" duration="0.004021" total="1" passed="1" failed="0" inconclusive="0" skipped="0" asserts="10">
        <test-case id="0-1195" name="TestNavParent3" fullname="Kaitai.SpecNavParent3.TestNavParent3" methodname="TestNavParent3" classname="Kaitai.SpecNavParent3" runstate="Runnable" seed="1790645110" result="Passed" start-time="2020-07-26 21:30:23Z" end-time="2020-07-26 21:30:23Z" duration="0.001606" asserts="10" />
      </test-suite>
      <test-suite type="TestFixture" id="0-1196" name="SpecNavParentFalse" fullname="Kaitai.SpecNavParentFalse" classname="Kaitai.SpecNavParentFalse" runstate="Runnable" testcasecount="1" result="Passed" start-time="2020-07-26 21:30:23Z" end-time="2020-07-26 21:30:23Z" duration="0.003397" total="1" passed="1" failed="0" inconclusive="0" skipped="0" asserts="5">
        <test-case id="0-1197" name="TestNavParentFalse" fullname="Kaitai.SpecNavParentFalse.TestNavParentFalse" methodname="TestNavParentFalse" classname="Kaitai.SpecNavParentFalse" runstate="Runnable" seed="338476547" result="Passed" start-time="2020-07-26 21:30:23Z" end-time="2020-07-26 21:30:23Z" duration="0.000969" asserts="5" />
      </test-suite>
      <test-suite type="TestFixture" id="0-1198" name="SpecNavParentFalse2" fullname="Kaitai.SpecNavParentFalse2" classname="Kaitai.SpecNavParentFalse2" runstate="Runnable" testcasecount="1" result="Passed" start-time="2020-07-26 21:30:23Z" end-time="2020-07-26 21:30:23Z" duration="0.002929" total="1" passed="1" failed="0" inconclusive="0" skipped="0" asserts="1">
        <test-case id="0-1199" name="TestNavParentFalse2" fullname="Kaitai.SpecNavParentFalse2.TestNavParentFalse2" methodname="TestNavParentFalse2" classname="Kaitai.SpecNavParentFalse2" runstate="Runnable" seed="1130688751" result="Passed" start-time="2020-07-26 21:30:23Z" end-time="2020-07-26 21:30:23Z" duration="0.000517" asserts="1" />
      </test-suite>
      <test-suite type="TestFixture" id="0-1200" name="SpecNavParentOverride" fullname="Kaitai.SpecNavParentOverride" classname="Kaitai.SpecNavParentOverride" runstate="Runnable" testcasecount="1" result="Passed" start-time="2020-07-26 21:30:23Z" end-time="2020-07-26 21:30:23Z" duration="0.003142" total="1" passed="1" failed="0" inconclusive="0" skipped="0" asserts="3">
        <test-case id="0-1201" name="TestNavParentOverride" fullname="Kaitai.SpecNavParentOverride.TestNavParentOverride" methodname="TestNavParentOverride" classname="Kaitai.SpecNavParentOverride" runstate="Runnable" seed="1875800369" result="Passed" start-time="2020-07-26 21:30:23Z" end-time="2020-07-26 21:30:23Z" duration="0.000725" asserts="3" />
      </test-suite>
      <test-suite type="TestFixture" id="0-1202" name="SpecNavParentSwitch" fullname="Kaitai.SpecNavParentSwitch" classname="Kaitai.SpecNavParentSwitch" runstate="Runnable" testcasecount="1" result="Passed" start-time="2020-07-26 21:30:23Z" end-time="2020-07-26 21:30:23Z" duration="0.003227" total="1" passed="1" failed="0" inconclusive="0" skipped="0" asserts="3">
        <test-case id="0-1203" name="TestNavParentSwitch" fullname="Kaitai.SpecNavParentSwitch.TestNavParentSwitch" methodname="TestNavParentSwitch" classname="Kaitai.SpecNavParentSwitch" runstate="Runnable" seed="1921456218" result="Passed" start-time="2020-07-26 21:30:23Z" end-time="2020-07-26 21:30:23Z" duration="0.000770" asserts="3" />
      </test-suite>
      <test-suite type="TestFixture" id="0-1204" name="SpecNavParentVsValueInst" fullname="Kaitai.SpecNavParentVsValueInst" classname="Kaitai.SpecNavParentVsValueInst" runstate="Runnable" testcasecount="1" result="Passed" start-time="2020-07-26 21:30:23Z" end-time="2020-07-26 21:30:23Z" duration="0.002908" total="1" passed="1" failed="0" inconclusive="0" skipped="0" asserts="1">
        <test-case id="0-1205" name="TestNavParentVsValueInst" fullname="Kaitai.SpecNavParentVsValueInst.TestNavParentVsValueInst" methodname="TestNavParentVsValueInst" classname="Kaitai.SpecNavParentVsValueInst" runstate="Runnable" seed="1050113310" result="Passed" start-time="2020-07-26 21:30:23Z" end-time="2020-07-26 21:30:23Z" duration="0.000493" asserts="1" />
      </test-suite>
      <test-suite type="TestFixture" id="0-1206" name="SpecNavRoot" fullname="Kaitai.SpecNavRoot" classname="Kaitai.SpecNavRoot" runstate="Runnable" testcasecount="1" result="Passed" start-time="2020-07-26 21:30:23Z" end-time="2020-07-26 21:30:23Z" duration="0.003836" total="1" passed="1" failed="0" inconclusive="0" skipped="0" asserts="5">
        <test-case id="0-1207" name="TestNavRoot" fullname="Kaitai.SpecNavRoot.TestNavRoot" methodname="TestNavRoot" classname="Kaitai.SpecNavRoot" runstate="Runnable" seed="1974077841" result="Passed" start-time="2020-07-26 21:30:23Z" end-time="2020-07-26 21:30:23Z" duration="0.001322" asserts="5" />
      </test-suite>
      <test-suite type="TestFixture" id="0-1208" name="SpecNestedSameName" fullname="Kaitai.SpecNestedSameName" classname="Kaitai.SpecNestedSameName" runstate="Runnable" testcasecount="1" result="Passed" start-time="2020-07-26 21:30:23Z" end-time="2020-07-26 21:30:23Z" duration="0.003159" total="1" passed="1" failed="0" inconclusive="0" skipped="0" asserts="2">
        <test-case id="0-1209" name="TestNestedSameName" fullname="Kaitai.SpecNestedSameName.TestNestedSameName" methodname="TestNestedSameName" classname="Kaitai.SpecNestedSameName" runstate="Runnable" seed="811595481" result="Passed" start-time="2020-07-26 21:30:23Z" end-time="2020-07-26 21:30:23Z" duration="0.000735" asserts="2" />
      </test-suite>
      <test-suite type="TestFixture" id="0-1210" name="SpecNestedSameName2" fullname="Kaitai.SpecNestedSameName2" classname="Kaitai.SpecNestedSameName2" runstate="Runnable" testcasecount="1" result="Passed" start-time="2020-07-26 21:30:23Z" end-time="2020-07-26 21:30:23Z" duration="0.003447" total="1" passed="1" failed="0" inconclusive="0" skipped="0" asserts="5">
        <test-case id="0-1211" name="TestNestedSameName2" fullname="Kaitai.SpecNestedSameName2.TestNestedSameName2" methodname="TestNestedSameName2" classname="Kaitai.SpecNestedSameName2" runstate="Runnable" seed="452635364" result="Passed" start-time="2020-07-26 21:30:23Z" end-time="2020-07-26 21:30:23Z" duration="0.001035" asserts="5" />
      </test-suite>
      <test-suite type="TestFixture" id="0-1212" name="SpecNestedTypeParam" fullname="Kaitai.SpecNestedTypeParam" classname="Kaitai.SpecNestedTypeParam" runstate="Runnable" testcasecount="1" result="Passed" start-time="2020-07-26 21:30:23Z" end-time="2020-07-26 21:30:23Z" duration="0.002994" total="1" passed="1" failed="0" inconclusive="0" skipped="0" asserts="2">
        <test-case id="0-1213" name="TestNestedTypeParam" fullname="Kaitai.SpecNestedTypeParam.TestNestedTypeParam" methodname="TestNestedTypeParam" classname="Kaitai.SpecNestedTypeParam" runstate="Runnable" seed="102697622" result="Passed" start-time="2020-07-26 21:30:23Z" end-time="2020-07-26 21:30:23Z" duration="0.000551" asserts="2" />
      </test-suite>
      <test-suite type="TestFixture" id="0-1214" name="SpecNestedTypes" fullname="Kaitai.SpecNestedTypes" classname="Kaitai.SpecNestedTypes" runstate="Runnable" testcasecount="1" result="Passed" start-time="2020-07-26 21:30:23Z" end-time="2020-07-26 21:30:23Z" duration="0.003483" total="1" passed="1" failed="0" inconclusive="0" skipped="0" asserts="3">
        <test-case id="0-1215" name="TestNestedTypes" fullname="Kaitai.SpecNestedTypes.TestNestedTypes" methodname="TestNestedTypes" classname="Kaitai.SpecNestedTypes" runstate="Runnable" seed="928032328" result="Passed" start-time="2020-07-26 21:30:23Z" end-time="2020-07-26 21:30:23Z" duration="0.001044" asserts="3" />
      </test-suite>
      <test-suite type="TestFixture" id="0-1216" name="SpecNestedTypes2" fullname="Kaitai.SpecNestedTypes2" classname="Kaitai.SpecNestedTypes2" runstate="Runnable" testcasecount="1" result="Passed" start-time="2020-07-26 21:30:23Z" end-time="2020-07-26 21:30:23Z" duration="0.003640" total="1" passed="1" failed="0" inconclusive="0" skipped="0" asserts="7">
[...]
        <test-case id="0-1351" name="TestSwitchRepeatExpr" fullname="Kaitai.SpecSwitchRepeatExpr.TestSwitchRepeatExpr" methodname="TestSwitchRepeatExpr" classname="Kaitai.SpecSwitchRepeatExpr" runstate="Runnable" seed="1472718420" result="Passed" start-time="2020-07-26 21:30:24Z" end-time="2020-07-26 21:30:24Z" duration="0.001093" asserts="3" />
      </test-suite>
      <test-suite type="TestFixture" id="0-1352" name="SpecSwitchRepeatExprInvalid" fullname="Kaitai.SpecSwitchRepeatExprInvalid" classname="Kaitai.SpecSwitchRepeatExprInvalid" runstate="Runnable" testcasecount="1" result="Passed" start-time="2020-07-26 21:30:24Z" end-time="2020-07-26 21:30:24Z" duration="0.003410" total="1" passed="1" failed="0" inconclusive="0" skipped="0" asserts="3">
        <test-case id="0-1353" name="TestSwitchRepeatExprInvalid" fullname="Kaitai.SpecSwitchRepeatExprInvalid.TestSwitchRepeatExprInvalid" methodname="TestSwitchRepeatExprInvalid" classname="Kaitai.SpecSwitchRepeatExprInvalid" runstate="Runnable" seed="1465083710" result="Passed" start-time="2020-07-26 21:30:24Z" end-time="2020-07-26 21:30:24Z" duration="0.000995" asserts="3" />
      </test-suite>
      <test-suite type="TestFixture" id="0-1354" name="SpecTermBytes" fullname="Kaitai.SpecTermBytes" classname="Kaitai.SpecTermBytes" runstate="Runnable" testcasecount="1" result="Passed" start-time="2020-07-26 21:30:24Z" end-time="2020-07-26 21:30:24Z" duration="0.002928" total="1" passed="1" failed="0" inconclusive="0" skipped="0" asserts="3">
        <test-case id="0-1355" name="TestTermBytes" fullname="Kaitai.SpecTermBytes.TestTermBytes" methodname="TestTermBytes" classname="Kaitai.SpecTermBytes" runstate="Runnable" seed="559348464" result="Passed" start-time="2020-07-26 21:30:24Z" end-time="2020-07-26 21:30:24Z" duration="0.000503" asserts="3" />
      </test-suite>
      <test-suite type="TestFixture" id="0-1356" name="SpecTermStrz" fullname="Kaitai.SpecTermStrz" classname="Kaitai.SpecTermStrz" runstate="Runnable" testcasecount="1" result="Passed" start-time="2020-07-26 21:30:24Z" end-time="2020-07-26 21:30:24Z" duration="0.002922" total="1" passed="1" failed="0" inconclusive="0" skipped="0" asserts="3">
        <test-case id="0-1357" name="TestTermStrz" fullname="Kaitai.SpecTermStrz.TestTermStrz" methodname="TestTermStrz" classname="Kaitai.SpecTermStrz" runstate="Runnable" seed="1924979365" result="Passed" start-time="2020-07-26 21:30:24Z" end-time="2020-07-26 21:30:24Z" duration="0.000321" asserts="3" />
      </test-suite>
      <test-suite type="TestFixture" id="0-1358" name="SpecTsPacketHeader" fullname="Kaitai.SpecTsPacketHeader" classname="Kaitai.SpecTsPacketHeader" runstate="Runnable" testcasecount="1" result="Passed" start-time="2020-07-26 21:30:24Z" end-time="2020-07-26 21:30:24Z" duration="0.003203" total="1" passed="1" failed="0" inconclusive="0" skipped="0" asserts="7">
        <test-case id="0-1359" name="TestTsPacketHeader" fullname="Kaitai.SpecTsPacketHeader.TestTsPacketHeader" methodname="TestTsPacketHeader" classname="Kaitai.SpecTsPacketHeader" runstate="Runnable" seed="946166130" result="Passed" start-time="2020-07-26 21:30:24Z" end-time="2020-07-26 21:30:24Z" duration="0.000760" asserts="7" />
      </test-suite>
      <test-suite type="TestFixture" id="0-1360" name="SpecTypeIntUnaryOp" fullname="Kaitai.SpecTypeIntUnaryOp" classname="Kaitai.SpecTypeIntUnaryOp" runstate="Runnable" testcasecount="1" result="Passed" start-time="2020-07-26 21:30:24Z" end-time="2020-07-26 21:30:24Z" duration="0.003076" total="1" passed="1" failed="0" inconclusive="0" skipped="0" asserts="4">
        <test-case id="0-1361" name="TestTypeIntUnaryOp" fullname="Kaitai.SpecTypeIntUnaryOp.TestTypeIntUnaryOp" methodname="TestTypeIntUnaryOp" classname="Kaitai.SpecTypeIntUnaryOp" runstate="Runnable" seed="1771447519" result="Passed" start-time="2020-07-26 21:30:24Z" end-time="2020-07-26 21:30:24Z" duration="0.000622" asserts="4" />
      </test-suite>
      <test-suite type="TestFixture" id="0-1362" name="SpecTypeTernary" fullname="Kaitai.SpecTypeTernary" classname="Kaitai.SpecTypeTernary" runstate="Runnable" testcasecount="1" result="Passed" start-time="2020-07-26 21:30:24Z" end-time="2020-07-26 21:30:24Z" duration="0.003174" total="1" passed="1" failed="0" inconclusive="0" skipped="0" asserts="1">
        <test-case id="0-1363" name="TestTypeTernary" fullname="Kaitai.SpecTypeTernary.TestTypeTernary" methodname="TestTypeTernary" classname="Kaitai.SpecTypeTernary" runstate="Runnable" seed="366232969" result="Passed" start-time="2020-07-26 21:30:24Z" end-time="2020-07-26 21:30:24Z" duration="0.000740" asserts="1" />
      </test-suite>
      <test-suite type="TestFixture" id="0-1364" name="SpecTypeTernary2ndFalsy" fullname="Kaitai.SpecTypeTernary2ndFalsy" classname="Kaitai.SpecTypeTernary2ndFalsy" runstate="Runnable" testcasecount="1" result="Passed" start-time="2020-07-26 21:30:24Z" end-time="2020-07-26 21:30:24Z" duration="0.004197" total="1" passed="1" failed="0" inconclusive="0" skipped="0" asserts="13">
        <test-case id="0-1365" name="TestTypeTernary2ndFalsy" fullname="Kaitai.SpecTypeTernary2ndFalsy.TestTypeTernary2ndFalsy" methodname="TestTypeTernary2ndFalsy" classname="Kaitai.SpecTypeTernary2ndFalsy" runstate="Runnable" seed="2084967660" result="Passed" start-time="2020-07-26 21:30:24Z" end-time="2020-07-26 21:30:24Z" duration="0.001770" asserts="13" />
      </test-suite>
      <test-suite type="TestFixture" id="0-1366" name="SpecTypeTernaryOpaque" fullname="Kaitai.SpecTypeTernaryOpaque" classname="Kaitai.SpecTypeTernaryOpaque" runstate="Runnable" testcasecount="1" result="Passed" start-time="2020-07-26 21:30:24Z" end-time="2020-07-26 21:30:24Z" duration="0.003125" total="1" passed="1" failed="0" inconclusive="0" skipped="0" asserts="3">
        <test-case id="0-1367" name="TestTypeTernaryOpaque" fullname="Kaitai.SpecTypeTernaryOpaque.TestTypeTernaryOpaque" methodname="TestTypeTernaryOpaque" classname="Kaitai.SpecTypeTernaryOpaque" runstate="Runnable" seed="1294679481" result="Passed" start-time="2020-07-26 21:30:24Z" end-time="2020-07-26 21:30:24Z" duration="0.000684" asserts="3" />
      </test-suite>
      <test-suite type="TestFixture" id="0-1368" name="SpecUserType" fullname="Kaitai.SpecUserType" classname="Kaitai.SpecUserType" runstate="Runnable" testcasecount="1" result="Passed" start-time="2020-07-26 21:30:24Z" end-time="2020-07-26 21:30:24Z" duration="0.002977" total="1" passed="1" failed="0" inconclusive="0" skipped="0" asserts="2">
        <test-case id="0-1369" name="TestUserType" fullname="Kaitai.SpecUserType.TestUserType" methodname="TestUserType" classname="Kaitai.SpecUserType" runstate="Runnable" seed="116855726" result="Passed" start-time="2020-07-26 21:30:24Z" end-time="2020-07-26 21:30:24Z" duration="0.000545" asserts="2" />
      </test-suite>
      <test-suite type="TestFixture" id="0-1370" name="SpecValidFailAnyofInt" fullname="Kaitai.SpecValidFailAnyofInt" classname="Kaitai.SpecValidFailAnyofInt" runstate="Runnable" testcasecount="1" result="Passed" start-time="2020-07-26 21:30:24Z" end-time="2020-07-26 21:30:24Z" duration="0.003722" total="1" passed="1" failed="0" inconclusive="0" skipped="0" asserts="1">
        <test-case id="0-1371" name="TestValidFailAnyofInt" fullname="Kaitai.SpecValidFailAnyofInt.TestValidFailAnyofInt" methodname="TestValidFailAnyofInt" classname="Kaitai.SpecValidFailAnyofInt" runstate="Runnable" seed="1242454430" result="Passed" start-time="2020-07-26 21:30:24Z" end-time="2020-07-26 21:30:24Z" duration="0.001270" asserts="1" />
      </test-suite>
      <test-suite type="TestFixture" id="0-1372" name="SpecValidFailContents" fullname="Kaitai.SpecValidFailContents" classname="Kaitai.SpecValidFailContents" runstate="Runnable" testcasecount="1" result="Passed" start-time="2020-07-26 21:30:24Z" end-time="2020-07-26 21:30:24Z" duration="0.003340" total="1" passed="1" failed="0" inconclusive="0" skipped="0" asserts="1">
        <test-case id="0-1373" name="TestValidFailContents" fullname="Kaitai.SpecValidFailContents.TestValidFailContents" methodname="TestValidFailContents" classname="Kaitai.SpecValidFailContents" runstate="Runnable" seed="853225549" result="Passed" start-time="2020-07-26 21:30:24Z" end-time="2020-07-26 21:30:24Z" duration="0.000893" asserts="1" />
      </test-suite>
      <test-suite type="TestFixture" id="0-1374" name="SpecValidFailEqBytes" fullname="Kaitai.SpecValidFailEqBytes" classname="Kaitai.SpecValidFailEqBytes" runstate="Runnable" testcasecount="1" result="Passed" start-time="2020-07-26 21:30:24Z" end-time="2020-07-26 21:30:24Z" duration="0.003031" total="1" passed="1" failed="0" inconclusive="0" skipped="0" asserts="1">
        <test-case id="0-1375" name="TestValidFailEqBytes" fullname="Kaitai.SpecValidFailEqBytes.TestValidFailEqBytes" methodname="TestValidFailEqBytes" classname="Kaitai.SpecValidFailEqBytes" runstate="Runnable" seed="1570908282" result="Passed" start-time="2020-07-26 21:30:24Z" end-time="2020-07-26 21:30:24Z" duration="0.000565" asserts="1" />
      </test-suite>
      <test-suite type="TestFixture" id="0-1376" name="SpecValidFailEqInt" fullname="Kaitai.SpecValidFailEqInt" classname="Kaitai.SpecValidFailEqInt" runstate="Runnable" testcasecount="1" result="Passed" start-time="2020-07-26 21:30:24Z" end-time="2020-07-26 21:30:24Z" duration="0.003145" total="1" passed="1" failed="0" inconclusive="0" skipped="0" asserts="1">
        <test-case id="0-1377" name="TestValidFailEqInt" fullname="Kaitai.SpecValidFailEqInt.TestValidFailEqInt" methodname="TestValidFailEqInt" classname="Kaitai.SpecValidFailEqInt" runstate="Runnable" seed="692302333" result="Passed" start-time="2020-07-26 21:30:24Z" end-time="2020-07-26 21:30:24Z" duration="0.000694" asserts="1" />
      </test-suite>
      <test-suite type="TestFixture" id="0-1378" name="SpecValidFailExpr" fullname="Kaitai.SpecValidFailExpr" classname="Kaitai.SpecValidFailExpr" runstate="Runnable" testcasecount="1" result="Passed" start-time="2020-07-26 21:30:24Z" end-time="2020-07-26 21:30:24Z" duration="0.004444" total="1" passed="1" failed="0" inconclusive="0" skipped="0" asserts="1">
        <test-case id="0-1379" name="TestValidFailExpr" fullname="Kaitai.SpecValidFailExpr.TestValidFailExpr" methodname="TestValidFailExpr" classname="Kaitai.SpecValidFailExpr" runstate="Runnable" seed="1800856886" result="Passed" start-time="2020-07-26 21:30:24Z" end-time="2020-07-26 21:30:24Z" duration="0.001071" asserts="1" />
      </test-suite>
      <test-suite type="TestFixture" id="0-1380" name="SpecValidFailInst" fullname="Kaitai.SpecValidFailInst" classname="Kaitai.SpecValidFailInst" runstate="Runnable" testcasecount="1" result="Passed" start-time="2020-07-26 21:30:24Z" end-time="2020-07-26 21:30:24Z" duration="0.003131" total="1" passed="1" failed="0" inconclusive="0" skipped="0" asserts="1">
        <test-case id="0-1381" name="TestValidFailInst" fullname="Kaitai.SpecValidFailInst.TestValidFailInst" methodname="TestValidFailInst" classname="Kaitai.SpecValidFailInst" runstate="Runnable" seed="1062906652" result="Passed" start-time="2020-07-26 21:30:24Z" end-time="2020-07-26 21:30:24Z" duration="0.000687" asserts="1" />
      </test-suite>
      <test-suite type="TestFixture" id="0-1382" name="SpecValidFailMaxInt" fullname="Kaitai.SpecValidFailMaxInt" classname="Kaitai.SpecValidFailMaxInt" runstate="Runnable" testcasecount="1" result="Passed" start-time="2020-07-26 21:30:24Z" end-time="2020-07-26 21:30:24Z" duration="0.003312" total="1" passed="1" failed="0" inconclusive="0" skipped="0" asserts="1">
        <test-case id="0-1383" name="TestValidFailMaxInt" fullname="Kaitai.SpecValidFailMaxInt.TestValidFailMaxInt" methodname="TestValidFailMaxInt" classname="Kaitai.SpecValidFailMaxInt" runstate="Runnable" seed="1960973668" result="Passed" start-time="2020-07-26 21:30:24Z" end-time="2020-07-26 21:30:24Z" duration="0.000763" asserts="1" />
      </test-suite>
      <test-suite type="TestFixture" id="0-1384" name="SpecValidFailMinInt" fullname="Kaitai.SpecValidFailMinInt" classname="Kaitai.SpecValidFailMinInt" runstate="Runnable" testcasecount="1" result="Passed" start-time="2020-07-26 21:30:24Z" end-time="2020-07-26 21:30:24Z" duration="0.003141" total="1" passed="1" failed="0" inconclusive="0" skipped="0" asserts="1">
        <test-case id="0-1385" name="TestValidFailMinInt" fullname="Kaitai.SpecValidFailMinInt.TestValidFailMinInt" methodname="TestValidFailMinInt" classname="Kaitai.SpecValidFailMinInt" runstate="Runnable" seed="874073332" result="Passed" start-time="2020-07-26 21:30:24Z" end-time="2020-07-26 21:30:24Z" duration="0.000711" asserts="1" />
      </test-suite>
      <test-suite type="TestFixture" id="0-1386" name="SpecValidFailRangeBytes" fullname="Kaitai.SpecValidFailRangeBytes" classname="Kaitai.SpecValidFailRangeBytes" runstate="Runnable" testcasecount="1" result="Passed" start-time="2020-07-26 21:30:24Z" end-time="2020-07-26 21:30:24Z" duration="0.003144" total="1" passed="1" failed="0" inconclusive="0" skipped="0" asserts="1">
        <test-case id="0-1387" name="TestValidFailRangeBytes" fullname="Kaitai.SpecValidFailRangeBytes.TestValidFailRangeBytes" methodname="TestValidFailRangeBytes" classname="Kaitai.SpecValidFailRangeBytes" runstate="Runnable" seed="327776883" result="Passed" start-time="2020-07-26 21:30:24Z" end-time="2020-07-26 21:30:24Z" duration="0.000690" asserts="1" />
      </test-suite>
      <test-suite type="TestFixture" id="0-1388" name="SpecValidFailRangeFloat" fullname="Kaitai.SpecValidFailRangeFloat" classname="Kaitai.SpecValidFailRangeFloat" runstate="Runnable" testcasecount="1" result="Passed" start-time="2020-07-26 21:30:24Z" end-time="2020-07-26 21:30:24Z" duration="0.004733" total="1" passed="1" failed="0" inconclusive="0" skipped="0" asserts="1">
        <test-case id="0-1389" name="TestValidFailRangeFloat" fullname="Kaitai.SpecValidFailRangeFloat.TestValidFailRangeFloat" methodname="TestValidFailRangeFloat" classname="Kaitai.SpecValidFailRangeFloat" runstate="Runnable" seed="292088495" result="Passed" start-time="2020-07-26 21:30:24Z" end-time="2020-07-26 21:30:24Z" duration="0.002301" asserts="1" />
      </test-suite>
      <test-suite type="TestFixture" id="0-1390" name="SpecValidFailRangeInt" fullname="Kaitai.SpecValidFailRangeInt" classname="Kaitai.SpecValidFailRangeInt" runstate="Runnable" testcasecount="1" result="Passed" start-time="2020-07-26 21:30:24Z" end-time="2020-07-26 21:30:24Z" duration="0.002988" total="1" passed="1" failed="0" inconclusive="0" skipped="0" asserts="1">
        <test-case id="0-1391" name="TestValidFailRangeInt" fullname="Kaitai.SpecValidFailRangeInt.TestValidFailRangeInt" methodname="TestValidFailRangeInt" classname="Kaitai.SpecValidFailRangeInt" runstate="Runnable" seed="756061445" result="Passed" start-time="2020-07-26 21:30:24Z" end-time="2020-07-26 21:30:24Z" duration="0.000562" asserts="1" />
      </test-suite>
      <test-suite type="TestFixture" id="0-1392" name="SpecValidFailRangeStr" fullname="Kaitai.SpecValidFailRangeStr" classname="Kaitai.SpecValidFailRangeStr" runstate="Runnable" testcasecount="1" result="Passed" start-time="2020-07-26 21:30:24Z" end-time="2020-07-26 21:30:24Z" duration="0.003049" total="1" passed="1" failed="0" inconclusive="0" skipped="0" asserts="1">
        <test-case id="0-1393" name="TestValidFailRangeStr" fullname="Kaitai.SpecValidFailRangeStr.TestValidFailRangeStr" methodname="TestValidFailRangeStr" classname="Kaitai.SpecValidFailRangeStr" runstate="Runnable" seed="1039690732" result="Passed" start-time="2020-07-26 21:30:24Z" end-time="2020-07-26 21:30:24Z" duration="0.000620" asserts="1" />
      </test-suite>
      <test-suite type="TestFixture" id="0-1394" name="SpecValidLong" fullname="Kaitai.SpecValidLong" classname="Kaitai.SpecValidLong" runstate="Runnable" testcasecount="1" result="Passed" start-time="2020-07-26 21:30:24Z" end-time="2020-07-26 21:30:24Z" duration="0.003598" total="1" passed="1" failed="0" inconclusive="0" skipped="0" asserts="0">
        <test-case id="0-1395" name="TestValidLong" fullname="Kaitai.SpecValidLong.TestValidLong" methodname="TestValidLong" classname="Kaitai.SpecValidLong" runstate="Runnable" seed="1550459653" result="Passed" start-time="2020-07-26 21:30:24Z" end-time="2020-07-26 21:30:24Z" duration="0.001087" asserts="0" />
      </test-suite>
      <test-suite type="TestFixture" id="0-1396" name="SpecValidNotParsedIf" fullname="Kaitai.SpecValidNotParsedIf" classname="Kaitai.SpecValidNotParsedIf" runstate="Runnable" testcasecount="1" result="Passed" start-time="2020-07-26 21:30:24Z" end-time="2020-07-26 21:30:24Z" duration="0.003036" total="1" passed="1" failed="0" inconclusive="0" skipped="0" asserts="0">
        <test-case id="0-1397" name="TestValidNotParsedIf" fullname="Kaitai.SpecValidNotParsedIf.TestValidNotParsedIf" methodname="TestValidNotParsedIf" classname="Kaitai.SpecValidNotParsedIf" runstate="Runnable" seed="655255323" result="Passed" start-time="2020-07-26 21:30:24Z" end-time="2020-07-26 21:30:24Z" duration="0.000593" asserts="0" />
      </test-suite>
      <test-suite type="TestFixture" id="0-1398" name="SpecValidShort" fullname="Kaitai.SpecValidShort" classname="Kaitai.SpecValidShort" runstate="Runnable" testcasecount="1" result="Passed" start-time="2020-07-26 21:30:24Z" end-time="2020-07-26 21:30:24Z" duration="0.003476" total="1" passed="1" failed="0" inconclusive="0" skipped="0" asserts="0">
        <test-case id="0-1399" name="TestValidShort" fullname="Kaitai.SpecValidShort.TestValidShort" methodname="TestValidShort" classname="Kaitai.SpecValidShort" runstate="Runnable" seed="777818426" result="Passed" start-time="2020-07-26 21:30:24Z" end-time="2020-07-26 21:30:24Z" duration="0.001059" asserts="0" />
      </test-suite>
      <test-suite type="TestFixture" id="0-1400" name="SpecValidSwitch" fullname="Kaitai.SpecValidSwitch" classname="Kaitai.SpecValidSwitch" runstate="Runnable" testcasecount="1" result="Passed" start-time="2020-07-26 21:30:24Z" end-time="2020-07-26 21:30:24Z" duration="0.002963" total="1" passed="1" failed="0" inconclusive="0" skipped="0" asserts="0">
        <test-case id="0-1401" name="TestValidSwitch" fullname="Kaitai.SpecValidSwitch.TestValidSwitch" methodname="TestValidSwitch" classname="Kaitai.SpecValidSwitch" runstate="Runnable" seed="1802590909" result="Passed" start-time="2020-07-26 21:30:24Z" end-time="2020-07-26 21:30:24Z" duration="0.000526" asserts="0" />
      </test-suite>
      <test-suite type="TestFixture" id="0-1402" name="SpecZlibSurrounded" fullname="Kaitai.SpecZlibSurrounded" classname="Kaitai.SpecZlibSurrounded" runstate="Runnable" testcasecount="1" result="Passed" start-time="2020-07-26 21:30:24Z" end-time="2020-07-26 21:30:24Z" duration="0.009319" total="1" passed="1" failed="0" inconclusive="0" skipped="0" asserts="1">
        <test-case id="0-1403" name="TestZlibSurrounded" fullname="Kaitai.SpecZlibSurrounded.TestZlibSurrounded" methodname="TestZlibSurrounded" classname="Kaitai.SpecZlibSurrounded" runstate="Runnable" seed="926752556" result="Passed" start-time="2020-07-26 21:30:24Z" end-time="2020-07-26 21:30:24Z" duration="0.006885" asserts="1" />
      </test-suite>
      <test-suite type="TestFixture" id="0-1404" name="SpecZlibWithHeader78" fullname="Kaitai.SpecZlibWithHeader78" classname="Kaitai.SpecZlibWithHeader78" runstate="Runnable" testcasecount="1" result="Passed" start-time="2020-07-26 21:30:24Z" end-time="2020-07-26 21:30:24Z" duration="0.002932" total="1" passed="1" failed="0" inconclusive="0" skipped="0" asserts="1">
        <test-case id="0-1405" name="TestZlibWithHeader78" fullname="Kaitai.SpecZlibWithHeader78.TestZlibWithHeader78" methodname="TestZlibWithHeader78" classname="Kaitai.SpecZlibWithHeader78" runstate="Runnable" seed="551516820" result="Passed" start-time="2020-07-26 21:30:24Z" end-time="2020-07-26 21:30:24Z" duration="0.000472" asserts="1" />
      </test-suite>
    </test-suite>
  </test-suite>
</test-run>