<?xml version="1.0" encoding="UTF-8"?>
<testsuites>
	<testsuite errors="0" failures="0" file="test_integers.py" name="test_integers.TestIntegers" skipped="0" tests="1" time="0.002" timestamp="2023-08-04T18:56:32">
		<testcase classname="test_integers.TestIntegers" file="spec/python/test_integers.py" line="8" name="test_integers" time="0.002" timestamp="2023-08-04T18:56:32">
			<system-out>
<![CDATA[]]>			</system-out>
			<system-err>
<![CDATA[]]>			</system-err>
		</testcase>
	</testsuite>
	<testsuite errors="0" failures="0" file="test_recursive_one.py" name="test_recursive_one.TestRecursiveOne" skipped="0" tests="1" time="0.001" timestamp="2023-08-04T18:56:32">
		<testcase classname="test_recursive_one.TestRecursiveOne" file="spec/python/test_recursive_one.py" line="8" name="test_recursive_one" time="0.001" timestamp="2023-08-04T18:56:32">
			<system-out>
<![CDATA[]]>			</system-out>
			<system-err>
<![CDATA[]]>			</system-err>
		</testcase>
	</testsuite>
	<testsuite errors="0" failures="0" file="test_str_encodings.py" name="test_str_encodings.TestStrEncodings" skipped="0" tests="1" time="0.001" timestamp="2023-08-04T18:56:32">
		<testcase classname="test_str_encodings.TestStrEncodings" file="spec/python/test_str_encodings.py" line="8" name="test_str_encodings" time="0.001" timestamp="2023-08-04T18:56:32">
			<system-out>
<![CDATA[]]>			</system-out>
			<system-err>
<![CDATA[]]>			</system-err>
		</testcase>
	</testsuite>
	<testsuite errors="0" failures="0" file="test_switch_else_only.py" name="test_switch_else_only.TestSwitchElseOnly" skipped="0" tests="1" time="0.001" timestamp="2023-08-04T18:56:32">
		<testcase classname="test_switch_else_only.TestSwitchElseOnly" file="spec/python/test_switch_else_only.py" line="8" name="test_switch_else_only" time="0.001" timestamp="2023-08-04T18:56:32">
			<system-out>
<![CDATA[]]>			</system-out>
			<system-err>
<![CDATA[]]>			</system-err>
		</testcase>
	</testsuite>
	<testsuite errors="0" failures="0" file="test_bits_seq_endian_combo.py" name="test_bits_seq_endian_combo.TestBitsSeqEndianCombo" skipped="0" tests="1" time="0.001" timestamp="2023-08-04T18:56:32">
		<testcase classname="test_bits_seq_endian_combo.TestBitsSeqEndianCombo" file="spec/python/test_bits_seq_endian_combo.py" line="8" name="test_bits_seq_endian_combo" time="0.001" timestamp="2023-08-04T18:56:32">
			<system-out>
<![CDATA[]]>			</system-out>
			<system-err>
<![CDATA[]]>			</system-err>
		</testcase>
	</testsuite>
	<testsuite errors="0" failures="0" file="test_expr_sizeof_value_sized.py" name="test_expr_sizeof_value_sized.TestExprSizeofValueSized" skipped="0" tests="1" time="0.001" timestamp="2023-08-04T18:56:32">
		<testcase classname="test_expr_sizeof_value_sized.TestExprSizeofValueSized" file="spec/python/test_expr_sizeof_value_sized.py" line="8" name="test_expr_sizeof_value_sized" time="0.001" timestamp="2023-08-04T18:56:32">
			<system-out>
<![CDATA[]]>			</system-out>
			<system-err>
<![CDATA[]]>			</system-err>
		</testcase>
	</testsuite>
	<testsuite errors="0" failures="0" file="test_expr_bytes_ops.py" name="test_expr_bytes_ops.TestExprBytesOps" skipped="0" tests="1" time="0.002" timestamp="2023-08-04T18:56:32">
		<testcase classname="test_expr_bytes_ops.TestExprBytesOps" file="spec/python/test_expr_bytes_ops.py" line="8" name="test_expr_bytes_ops" time="0.002" timestamp="2023-08-04T18:56:32">
			<system-out>
<![CDATA[]]>			</system-out>
			<system-err>
<![CDATA[]]>			</system-err>
		</testcase>
	</testsuite>
	<testsuite errors="0" failures="0" file="test_expr_3.py" name="test_expr_3.TestExpr3" skipped="0" tests="1" time="0.001" timestamp="2023-08-04T18:56:32">
		<testcase classname="test_expr_3.TestExpr3" file="spec/python/test_expr_3.py" line="8" name="test_expr_3" time="0.001" timestamp="2023-08-04T18:56:32">
			<system-out>
<![CDATA[]]>			</system-out>
			<system-err>
<![CDATA[]]>			</system-err>
		</testcase>
	</testsuite>
	<testsuite errors="0" failures="0" file="test_user_type.py" name="test_user_type.TestUserType" skipped="0" tests="1" time="0.001" timestamp="2023-08-04T18:56:32">
		<testcase classname="test_user_type.TestUserType" file="spec/python/test_user_type.py" line="8" name="test_user_type" time="0.001" timestamp="2023-08-04T18:56:32">
			<system-out>
<![CDATA[]]>			</system-out>
			<system-err>
<![CDATA[]]>			</system-err>
		</testcase>
	</testsuite>
	<testsuite errors="0" failures="0" file="test_params_call_extra_parens.py" name="test_params_call_extra_parens.TestParamsCallExtraParens" skipped="0" tests="1" time="0.001" timestamp="2023-08-04T18:56:32">
		<testcase classname="test_params_call_extra_parens.TestParamsCallExtraParens" file="spec/python/test_params_call_extra_parens.py" line="8" name="test_params_call_extra_parens" time="0.001" timestamp="2023-08-04T18:56:32">
			<system-out>
<![CDATA[]]>			</system-out>
			<system-err>
<![CDATA[]]>			</system-err>
		</testcase>
	</testsuite>
	<testsuite errors="0" failures="0" file="test_combine_str.py" name="test_combine_str.TestCombineStr" skipped="0" tests="1" time="0.002" timestamp="2023-08-04T18:56:32">
		<testcase classname="test_combine_str.TestCombineStr" file="spec/python/test_combine_str.py" line="8" name="test_combine_str" time="0.002" timestamp="2023-08-04T18:56:32">
			<system-out>
<![CDATA[]]>			</system-out>
			<system-err>
<![CDATA[]]>			</system-err>
		</testcase>
	</testsuite>
	<testsuite errors="0" failures="0" file="test_nested_same_name2.py" name="test_nested_same_name2.TestNestedSameName2" skipped="0" tests="1" time="0.001" timestamp="2023-08-04T18:56:32">
		<testcase classname="test_nested_same_name2.TestNestedSameName2" file="spec/python/test_nested_same_name2.py" line="8" name="test_nested_same_name2" time="0.001" timestamp="2023-08-04T18:56:32">
			<system-out>
<![CDATA[]]>			</system-out>
			<system-err>
<![CDATA[]]>			</system-err>
		</testcase>
	</testsuite>
	<testsuite errors="0" failures="0" file="test_valid_fail_anyof_int.py" name="test_valid_fail_anyof_int.TestValidFailAnyofInt" skipped="0" tests="1" time="0.001" timestamp="2023-08-04T18:56:32">
		<testcase classname="test_valid_fail_anyof_int.TestValidFailAnyofInt" file="spec/python/test_valid_fail_anyof_int.py" line="9" name="test_valid_fail_anyof_int" time="0.001" timestamp="2023-08-04T18:56:32">
			<system-out>
<![CDATA[]]>			</system-out>
			<system-err>
<![CDATA[]]>			</system-err>
		</testcase>
	</testsuite>
	<testsuite errors="0" failures="0" file="test_eof_exception_bytes.py" name="test_eof_exception_bytes.TestEofExceptionBytes" skipped="0" tests="1" time="0.001" timestamp="2023-08-04T18:56:32">
		<testcase classname="test_eof_exception_bytes.TestEofExceptionBytes" file="spec/python/test_eof_exception_bytes.py" line="7" name="test_eof_exception_bytes" time="0.001" timestamp="2023-08-04T18:56:32">
			<system-out>
<![CDATA[]]>			</system-out>
			<system-err>
<![CDATA[]]>			</system-err>
		</testcase>
	</testsuite>
	<testsuite errors="0" failures="0" file="test_combine_bytes.py" name="test_combine_bytes.TestCombineBytes" skipped="0" tests="1" time="0.001" timestamp="2023-08-04T18:56:32">
		<testcase classname="test_combine_bytes.TestCombineBytes" file="spec/python/test_combine_bytes.py" line="8" name="test_combine_bytes" time="0.001" timestamp="2023-08-04T18:56:32">
			<system-out>
<![CDATA[]]>			</system-out>
			<system-err>
<![CDATA[]]>			</system-err>
		</testcase>
	</testsuite>
	<testsuite errors="0" failures="0" file="test_str_encodings_utf16.py" name="test_str_encodings_utf16.TestStrEncodingsUtf16" skipped="0" tests="1" time="0.002" timestamp="2023-08-04T18:56:32">
		<testcase classname="test_str_encodings_utf16.TestStrEncodingsUtf16" file="spec/python/test_str_encodings_utf16.py" line="8" name="test_str_encodings_utf16" time="0.002" timestamp="2023-08-04T18:56:32">
			<system-out>
<![CDATA[]]>			</system-out>
			<system-err>
<![CDATA[]]>			</system-err>
		</testcase>
	</testsuite>
	<testsuite errors="0" failures="0" file="test_default_endian_expr_is_le.py" name="test_default_endian_expr_is_le.TestDefaultEndianExprIsLe" skipped="0" tests="1" time="0.002" timestamp="2023-08-04T18:56:32">
		<testcase classname="test_default_endian_expr_is_le.TestDefaultEndianExprIsLe" file="spec/python/test_default_endian_expr_is_le.py" line="8" name="test_default_endian_expr_is_le" time="0.002" timestamp="2023-08-04T18:56:32">
			<system-out>
<![CDATA[]]>			</system-out>
			<system-err>
<![CDATA[]]>			</system-err>
		</testcase>
	</testsuite>
	<testsuite errors="0" failures="0" file="test_default_endian_expr_exception.py" name="test_default_endian_expr_exception.TestDefaultEndianExprException" skipped="0" tests="1" time="0.001" timestamp="2023-08-04T18:56:32">
		<testcase classname="test_default_endian_expr_exception.TestDefaultEndianExprException" file="spec/python/test_default_endian_expr_exception.py" line="9" name="test_default_endian_expr_exception" time="0.001" timestamp="2023-08-04T18:56:32">
			<system-out>
<![CDATA[]]>			</system-out>
			<system-err>
<![CDATA[]]>			</system-err>
		</testcase>
	</testsuite>
	<testsuite errors="0" failures="0" file="test_switch_manual_int_size_else.py" name="test_switch_manual_int_size_else.TestSwitchManualIntSizeElse" skipped="0" tests="1" time="0.002" timestamp="2023-08-04T18:56:32">
		<testcase classname="test_switch_manual_int_size_else.TestSwitchManualIntSizeElse" file="spec/python/test_switch_manual_int_size_else.py" line="8" name="test_switch_manual_int_size_else" time="0.002" timestamp="2023-08-04T18:56:32">
			<system-out>
<![CDATA[]]>			</system-out>
			<system-err>
<![CDATA[]]>			</system-err>
		</testcase>
	</testsuite>
	<testsuite errors="0" failures="0" file="test_nested_same_name.py" name="test_nested_same_name.TestNestedSameName" skipped="0" tests="1" time="0.001" timestamp="2023-08-04T18:56:32">
		<testcase classname="test_nested_same_name.TestNestedSameName" file="spec/python/test_nested_same_name.py" line="8" name="test_nested_same_name" time="0.001" timestamp="2023-08-04T18:56:32">
			<system-out>
<![CDATA[]]>			</system-out>
			<system-err>
<![CDATA[]]>			</system-err>
		</testcase>
	</testsuite>
	<testsuite errors="0" failures="0" file="test_io_local_var.py" name="test_io_local_var.TestIoLocalVar" skipped="0" tests="1" time="0.001" timestamp="2023-08-04T18:56:32">
		<testcase classname="test_io_local_var.TestIoLocalVar" file="spec/python/test_io_local_var.py" line="8" name="test_io_local_var" time="0.001" timestamp="2023-08-04T18:56:32">
			<system-out>
<![CDATA[]]>			</system-out>
			<system-err>
<![CDATA[]]>			</system-err>
		</testcase>
	</testsuite>
	<testsuite errors="0" failures="0" file="test_cast_to_imported.py" name="test_cast_to_imported.TestCastToImported" skipped="0" tests="1" time="0.001" timestamp="2023-08-04T18:56:32">
		<testcase classname="test_cast_to_imported.TestCastToImported" file="spec/python/test_cast_to_imported.py" line="8" name="test_cast_to_imported" time="0.001" timestamp="2023-08-04T18:56:32">
			<system-out>
<![CDATA[]]>			</system-out>
			<system-err>
<![CDATA[]]>			</system-err>
		</testcase>
	</testsuite>
	<testsuite errors="0" failures="0" file="test_repeat_until_sized.py" name="test_repeat_until_sized.TestRepeatUntilSized" skipped="0" tests="1" time="0.001" timestamp="2023-08-04T18:56:32">
		<testcase classname="test_repeat_until_sized.TestRepeatUntilSized" file="spec/python/test_repeat_until_sized.py" line="8" name="test_repeat_until_sized" time="0.001" timestamp="2023-08-04T18:56:32">
			<system-out>
<![CDATA[]]>			</system-out>
			<system-err>
<![CDATA[]]>			</system-err>
		</testcase>
	</testsuite>
	<testsuite errors="0" failures="0" file="test_eos_exception_u4.py" name="test_eos_exception_u4.TestEosExceptionU4" skipped="0" tests="1" time="0.001" timestamp="2023-08-04T18:56:32">
		<testcase classname="test_eos_exception_u4.TestEosExceptionU4" file="spec/python/test_eos_exception_u4.py" line="7" name="test_eos_exception_u4" time="0.001" timestamp="2023-08-04T18:56:32">
			<system-out>
<![CDATA[]]>			</system-out>
			<system-err>
<![CDATA[]]>			</system-err>
		</testcase>
	</testsuite>
	<testsuite errors="0" failures="0" file="test_enum_int_range_s.py" name="test_enum_int_range_s.TestEnumIntRangeS" skipped="0" tests="1" time="0.001" timestamp="2023-08-04T18:56:32">
		<testcase classname="test_enum_int_range_s.TestEnumIntRangeS" file="spec/python/test_enum_int_range_s.py" line="8" name="test_enum_int_range_s" time="0.001" timestamp="2023-08-04T18:56:32">
			<system-out>
<![CDATA[]]>			</system-out>
			<system-err>
<![CDATA[]]>			</system-err>
		</testcase>
	</testsuite>
	<testsuite errors="0" failures="0" file="test_combine_enum.py" name="test_combine_enum.TestCombineEnum" skipped="0" tests="1" time="0.001" timestamp="2023-08-04T18:56:32">
		<testcase classname="test_combine_enum.TestCombineEnum" file="spec/python/test_combine_enum.py" line="8" name="test_combine_enum" time="0.001" timestamp="2023-08-04T18:56:32">
			<system-out>
<![CDATA[]]>			</system-out>
			<system-err>
<![CDATA[]]>			</system-err>
		</testcase>
	</testsuite>
	<testsuite errors="0" failures="0" file="test_expr_str_ops.py" name="test_expr_str_ops.TestExprStrOps" skipped="0" tests="1" time="0.002" timestamp="2023-08-04T18:56:32">
		<testcase classname="test_expr_str_ops.TestExprStrOps" file="spec/python/test_expr_str_ops.py" line="8" name="test_expr_str_ops" time="0.002" timestamp="2023-08-04T18:56:32">
			<system-out>
<![CDATA[]]>			</system-out>
			<system-err>
<![CDATA[]]>			</system-err>
		</testcase>
	</testsuite>
	<testsuite errors="0" failures="0" file="test_enum_to_i_class_border_1.py" name="test_enum_to_i_class_border_1.TestEnumToIClassBorder1" skipped="0" tests="1" time="0.001" timestamp="2023-08-04T18:56:32">
		<testcase classname="test_enum_to_i_class_border_1.TestEnumToIClassBorder1" file="spec/python/test_enum_to_i_class_border_1.py" line="8" name="test_enum_to_i_class_border_1" time="0.001" timestamp="2023-08-04T18:56:32">
			<system-out>
<![CDATA[]]>			</system-out>
			<system-err>
<![CDATA[]]>			</system-err>
		</testcase>
	</testsuite>
	<testsuite errors="0" failures="0" file="test_switch_integers2.py" name="test_switch_integers2.TestSwitchIntegers2" skipped="0" tests="1" time="0.001" timestamp="2023-08-04T18:56:32">
		<testcase classname="test_switch_integers2.TestSwitchIntegers2" file="spec/python/test_switch_integers2.py" line="8" name="test_switch_integers2" time="0.001" timestamp="2023-08-04T18:56:32">
			<system-out>
<![CDATA[]]>			</system-out>
			<system-err>
<![CDATA[]]>			</system-err>
		</testcase>
	</testsuite>
	<testsuite errors="0" failures="0" file="test_expr_to_i_trailing.py" name="test_expr_to_i_trailing.TestExprToITrailing" skipped="0" tests="1" time="0.001" timestamp="2023-08-04T18:56:32">
		<testcase classname="test_expr_to_i_trailing.TestExprToITrailing" file="spec/python/test_expr_to_i_trailing.py" line="9" name="test_expr_to_i_trailing" time="0.001" timestamp="2023-08-04T18:56:32">
			<system-out>
<![CDATA[]]>			</system-out>
			<system-err>
<![CDATA[]]>			</system-err>
		</testcase>
	</testsuite>
	<testsuite errors="0" failures="0" file="test_fixed_contents.py" name="test_fixed_contents.TestFixedContents" skipped="0" tests="1" time="0.000" timestamp="2023-08-04T18:56:32">
		<testcase classname="test_fixed_contents.TestFixedContents" file="spec/python/test_fixed_contents.py" line="8" name="test_fixed_contents" time="0.000" timestamp="2023-08-04T18:56:32">
			<system-out>
<![CDATA[]]>			</system-out>
			<system-err>
<![CDATA[]]>			</system-err>
		</testcase>
	</testsuite>
	<testsuite errors="0" failures="0" file="test_valid_fail_eq_str.py" name="test_valid_fail_eq_str.TestValidFailEqStr" skipped="0" tests="1" time="0.001" timestamp="2023-08-04T18:56:32">
		<testcase classname="test_valid_fail_eq_str.TestValidFailEqStr" file="spec/python/test_valid_fail_eq_str.py" line="9" name="test_valid_fail_eq_str" time="0.001" timestamp="2023-08-04T18:56:32">
			<system-out>
<![CDATA[]]>			</system-out>
			<system-err>
<![CDATA[]]>			</system-err>
		</testcase>
	</testsuite>
	<testsuite errors="0" failures="0" file="test_default_endian_expr_inherited.py" name="test_default_endian_expr_inherited.TestDefaultEndianExprInherited" skipped="0" tests="1" time="0.002" timestamp="2023-08-04T18:56:32">
		<testcase classname="test_default_endian_expr_inherited.TestDefaultEndianExprInherited" file="spec/python/test_default_endian_expr_inherited.py" line="8" name="test_default_endian_expr_inherited" time="0.002" timestamp="2023-08-04T18:56:32">
			<system-out>
<![CDATA[]]>			</system-out>
			<system-err>
<![CDATA[]]>			</system-err>
		</testcase>
	</testsuite>
	<testsuite errors="0" failures="0" file="test_instance_user_array.py" name="test_instance_user_array.TestInstanceUserArray" skipped="0" tests="1" time="0.001" timestamp="2023-08-04T18:56:32">
		<testcase classname="test_instance_user_array.TestInstanceUserArray" file="spec/python/test_instance_user_array.py" line="8" name="test_instance_user_array" time="0.001" timestamp="2023-08-04T18:56:32">
			<system-out>
<![CDATA[]]>			</system-out>
			<system-err>
<![CDATA[]]>			</system-err>
		</testcase>
	</testsuite>
	<testsuite errors="0" failures="0" file="test_expr_sizeof_type_0.py" name="test_expr_sizeof_type_0.TestExprSizeofType0" skipped="0" tests="1" time="0.001" timestamp="2023-08-04T18:56:32">
		<testcase classname="test_expr_sizeof_type_0.TestExprSizeofType0" file="spec/python/test_expr_sizeof_type_0.py" line="8" name="test_expr_sizeof_type_0" time="0.001" timestamp="2023-08-04T18:56:32">
			<system-out>
<![CDATA[]]>			</system-out>
			<system-err>
<![CDATA[]]>			</system-err>
		</testcase>
	</testsuite>
	<testsuite errors="0" failures="0" file="test_valid_optional_id.py" name="test_valid_optional_id.TestValidOptionalId" skipped="0" tests="1" time="0.000" timestamp="2023-08-04T18:56:32">
		<testcase classname="test_valid_optional_id.TestValidOptionalId" file="spec/python/test_valid_optional_id.py" line="8" name="test_valid_optional_id" time="0.000" timestamp="2023-08-04T18:56:32">
			<system-out>
<![CDATA[]]>			</system-out>
			<system-err>
<![CDATA[]]>			</system-err>
		</testcase>
	</testsuite>
	<testsuite errors="0" failures="0" file="test_expr_sizeof_value_0.py" name="test_expr_sizeof_value_0.TestExprSizeofValue0" skipped="0" tests="1" time="0.001" timestamp="2023-08-04T18:56:32">
		<testcase classname="test_expr_sizeof_value_0.TestExprSizeofValue0" file="spec/python/test_expr_sizeof_value_0.py" line="8" name="test_expr_sizeof_value_0" time="0.001" timestamp="2023-08-04T18:56:32">
			<system-out>
<![CDATA[]]>			</system-out>
			<system-err>
<![CDATA[]]>			</system-err>
		</testcase>
	</testsuite>
	<testsuite errors="0" failures="0" file="test_process_repeat_usertype.py" name="test_process_repeat_usertype.TestProcessRepeatUsertype" skipped="0" tests="1" time="0.001" timestamp="2023-08-04T18:56:32">
		<testcase classname="test_process_repeat_usertype.TestProcessRepeatUsertype" file="spec/python/test_process_repeat_usertype.py" line="8" name="test_process_repeat_usertype" time="0.001" timestamp="2023-08-04T18:56:32">
			<system-out>
<![CDATA[]]>			</system-out>
			<system-err>
<![CDATA[]]>			</system-err>
		</testcase>
	</testsuite>
	<testsuite errors="0" failures="0" file="test_imports_abs_rel.py" name="test_imports_abs_rel.TestImportsAbsRel" skipped="0" tests="1" time="0.001" timestamp="2023-08-04T18:56:32">
		<testcase classname="test_imports_abs_rel.TestImportsAbsRel" file="spec/python/test_imports_abs_rel.py" line="6" name="test_imports_abs_rel" time="0.001" timestamp="2023-08-04T18:56:32">
			<system-out>
<![CDATA[]]>			</system-out>
			<system-err>
<![CDATA[]]>			</system-err>
		</testcase>
	</testsuite>
	<testsuite errors="0" failures="0" file="test_instance_std_array.py" name="test_instance_std_array.TestInstanceStdArray" skipped="0" tests="1" time="0.001" timestamp="2023-08-04T18:56:32">
		<testcase classname="test_instance_std_array.TestInstanceStdArray" file="spec/python/test_instance_std_array.py" line="8" name="test_instance_std_array" time="0.001" timestamp="2023-08-04T18:56:32">
			<system-out>
<![CDATA[]]>			</system-out>
			<system-err>
<![CDATA[]]>			</system-err>
		</testcase>
	</testsuite>
	<testsuite errors="0" failures="0" file="test_repeat_n_strz.py" name="test_repeat_n_strz.TestRepeatNStrz" skipped="0" tests="1" time="0.001" timestamp="2023-08-04T18:56:32">
		<testcase classname="test_repeat_n_strz.TestRepeatNStrz" file="spec/python/test_repeat_n_strz.py" line="8" name="test_repeat_n_strz" time="0.001" timestamp="2023-08-04T18:56:32">
			<system-out>
<![CDATA[]]>			</system-out>
			<system-err>
<![CDATA[]]>			</system-err>
		</testcase>
	</testsuite>
	<testsuite errors="0" failures="0" file="test_enum_fancy.py" name="test_enum_fancy.TestEnumFancy" skipped="0" tests="1" time="0.001" timestamp="2023-08-04T18:56:32">
		<testcase classname="test_enum_fancy.TestEnumFancy" file="spec/python/test_enum_fancy.py" line="8" name="test_enum_fancy" time="0.001" timestamp="2023-08-04T18:56:32">
			<system-out>
<![CDATA[]]>			</system-out>
			<system-err>
<![CDATA[]]>			</system-err>
		</testcase>
	</testsuite>
	<testsuite errors="0" failures="0" file="test_bits_byte_aligned.py" name="test_bits_byte_aligned.TestBitsByteAligned" skipped="0" tests="1" time="0.001" timestamp="2023-08-04T18:56:32">
		<testcase classname="test_bits_byte_aligned.TestBitsByteAligned" file="spec/python/test_bits_byte_aligned.py" line="8" name="test_bits_byte_aligned" time="0.001" timestamp="2023-08-04T18:56:32">
			<system-out>
<![CDATA[]]>			</system-out>
			<system-err>
<![CDATA[]]>			</system-err>
		</testcase>
	</testsuite>
	<testsuite errors="0" failures="0" file="test_str_literals.py" name="test_str_literals.TestStrLiterals" skipped="0" tests="1" time="0.001" timestamp="2023-08-04T18:56:32">
		<testcase classname="test_str_literals.TestStrLiterals" file="spec/python/test_str_literals.py" line="6" name="test_str_literals" time="0.001" timestamp="2023-08-04T18:56:32">
			<system-out>
<![CDATA[]]>			</system-out>
			<system-err>
<![CDATA[]]>			</system-err>
		</testcase>
	</testsuite>
	<testsuite errors="0" failures="0" file="test_expr_bits.py" name="test_expr_bits.TestExprBits" skipped="0" tests="1" time="0.001" timestamp="2023-08-04T18:56:32">
		<testcase classname="test_expr_bits.TestExprBits" file="spec/python/test_expr_bits.py" line="8" name="test_expr_bits" time="0.001" timestamp="2023-08-04T18:56:32">
			<system-out>
<![CDATA[]]>			</system-out>
			<system-err>
<![CDATA[]]>			</system-err>
		</testcase>
	</testsuite>
	<testsuite errors="0" failures="0" file="test_default_endian_expr_is_be.py" name="test_default_endian_expr_is_be.TestDefaultEndianExprIsBe" skipped="0" tests="1" time="0.003" timestamp="2023-08-04T18:56:32">
		<testcase classname="test_default_endian_expr_is_be.TestDefaultEndianExprIsBe" file="spec/python/test_default_endian_expr_is_be.py" line="8" name="test_default_endian_expr_is_be" time="0.003" timestamp="2023-08-04T18:56:32">
			<system-out>
<![CDATA[]]>			</system-out>
			<system-err>
<![CDATA[]]>			</system-err>
		</testcase>
	</testsuite>
	<testsuite errors="0" failures="0" file="test_repeat_n_struct.py" name="test_repeat_n_struct.TestRepeatNStruct" skipped="0" tests="1" time="0.001" timestamp="2023-08-04T18:56:32">
		<testcase classname="test_repeat_n_struct.TestRepeatNStruct" file="spec/python/test_repeat_n_struct.py" line="8" name="test_repeat_n_struct" time="0.001" timestamp="2023-08-04T18:56:32">
			<system-out>
<![CDATA[]]>			</system-out>
			<system-err>
<![CDATA[]]>			</system-err>
		</testcase>
	</testsuite>
	<testsuite errors="0" failures="0" file="test_expr_sizeof_type_1.py" name="test_expr_sizeof_type_1.TestExprSizeofType1" skipped="0" tests="1" time="0.001" timestamp="2023-08-04T18:56:32">
		<testcase classname="test_expr_sizeof_type_1.TestExprSizeofType1" file="spec/python/test_expr_sizeof_type_1.py" line="8" name="test_expr_sizeof_type_1" time="0.001" timestamp="2023-08-04T18:56:32">
			<system-out>
<![CDATA[]]>			</system-out>
			<system-err>
<![CDATA[]]>			</system-err>
		</testcase>
	</testsuite>
	<testsuite errors="0" failures="0" file="test_meta_tags.py" name="test_meta_tags.TestMetaTags" skipped="0" tests="1" time="0.001" timestamp="2023-08-04T18:56:32">
		<testcase classname="test_meta_tags.TestMetaTags" file="spec/python/test_meta_tags.py" line="8" name="test_meta_tags" time="0.001" timestamp="2023-08-04T18:56:32">
			<system-out>
<![CDATA[]]>			</system-out>
			<system-err>
<![CDATA[]]>			</system-err>
		</testcase>
	</testsuite>
	<testsuite errors="0" failures="0" file="test_str_encodings_default.py" name="test_str_encodings_default.TestStrEncodingsDefault" skipped="0" tests="1" time="0.001" timestamp="2023-08-04T18:56:32">
		<testcase classname="test_str_encodings_default.TestStrEncodingsDefault" file="spec/python/test_str_encodings_default.py" line="8" name="test_str_encodings_default" time="0.001" timestamp="2023-08-04T18:56:32">
			<system-out>
<![CDATA[]]>			</system-out>
			<system-err>
<![CDATA[]]>			</system-err>
		</testcase>
	</testsuite>
	<testsuite errors="0" failures="0" file="test_debug_enum_name.py" name="test_debug_enum_name.TestDebugEnumName" skipped="0" tests="1" time="0.001" timestamp="2023-08-04T18:56:32">
		<testcase classname="test_debug_enum_name.TestDebugEnumName" file="spec/python/test_debug_enum_name.py" line="6" name="test_debug_enum_name" time="0.001" timestamp="2023-08-04T18:56:32">
			<system-out>
<![CDATA[]]>			</system-out>
			<system-err>
<![CDATA[]]>			</system-err>
		</testcase>
	</testsuite>
	<testsuite errors="1" failures="0" file="test_imports_circular_a.py" name="test_imports_circular_a.TestImportsCircularA" skipped="0" tests="1" time="0.001" timestamp="2023-08-04T18:56:32">
		<testcase classname="test_imports_circular_a.TestImportsCircularA" file="spec/python/test_imports_circular_a.py" line="8" name="test_imports_circular_a" time="0.001" timestamp="2023-08-04T18:56:32">
			<error message="'ImportsCircularB' object has no attribute 'back_ref'" type="AttributeError">
<![CDATA[Traceback (most recent call last):
  File "/tests/spec/python/test_imports_circular_a.py", line 15, in test_imports_circular_a
    self.assertIsNone(r.two.back_ref.two.back_ref)
AttributeError: 'ImportsCircularB' object has no attribute 'back_ref'
]]>			</error>
			<system-out>
<![CDATA[]]>			</system-out>
			<system-err>
<![CDATA[]]>			</system-err>
		</testcase>
	</testsuite>
	<testsuite errors="0" failures="0" file="test_params_pass_usertype.py" name="test_params_pass_usertype.TestParamsPassUsertype" skipped="0" tests="1" time="0.001" timestamp="2023-08-04T18:56:32">
		<testcase classname="test_params_pass_usertype.TestParamsPassUsertype" file="spec/python/test_params_pass_usertype.py" line="8" name="test_params_pass_usertype" time="0.001" timestamp="2023-08-04T18:56:32">
			<system-out>
<![CDATA[]]>			</system-out>
			<system-err>
<![CDATA[]]>			</system-err>
		</testcase>
	</testsuite>
	<testsuite errors="0" failures="0" file="test_bits_shift_by_b64_le.py" name="test_bits_shift_by_b64_le.TestBitsShiftByB64Le" skipped="0" tests="1" time="0.001" timestamp="2023-08-04T18:56:32">
		<testcase classname="test_bits_shift_by_b64_le.TestBitsShiftByB64Le" file="spec/python/test_bits_shift_by_b64_le.py" line="8" name="test_bits_shift_by_b64_le" time="0.001" timestamp="2023-08-04T18:56:32">
			<system-out>
<![CDATA[]]>			</system-out>
			<system-err>
<![CDATA[]]>			</system-err>
		</testcase>
	</testsuite>
	<testsuite errors="0" failures="0" file="test_bits_shift_by_b32_le.py" name="test_bits_shift_by_b32_le.TestBitsShiftByB32Le" skipped="0" tests="1" time="0.001" timestamp="2023-08-04T18:56:32">
		<testcase classname="test_bits_shift_by_b32_le.TestBitsShiftByB32Le" file="spec/python/test_bits_shift_by_b32_le.py" line="8" name="test_bits_shift_by_b32_le" time="0.001" timestamp="2023-08-04T18:56:32">
			<system-out>
<![CDATA[]]>			</system-out>
			<system-err>
<![CDATA[]]>			</system-err>
		</testcase>
	</testsuite>
	<testsuite errors="0" failures="0" file="test_js_signed_right_shift.py" name="test_js_signed_right_shift.TestJsSignedRightShift" skipped="0" tests="1" time="0.001" timestamp="2023-08-04T18:56:32">
		<testcase classname="test_js_signed_right_shift.TestJsSignedRightShift" file="spec/python/test_js_signed_right_shift.py" line="8" name="test_js_signed_right_shift" time="0.001" timestamp="2023-08-04T18:56:32">
			<system-out>
<![CDATA[]]>			</system-out>
			<system-err>
<![CDATA[]]>			</system-err>
		</testcase>
	</testsuite>
	<testsuite errors="0" failures="0" file="test_docstrings_docref.py" name="test_docstrings_docref.TestDocstringsDocref" skipped="0" tests="1" time="0.000" timestamp="2023-08-04T18:56:32">
		<testcase classname="test_docstrings_docref.TestDocstringsDocref" file="spec/python/test_docstrings_docref.py" line="8" name="test_docstrings_docref" time="0.000" timestamp="2023-08-04T18:56:32">
			<system-out>
<![CDATA[]]>			</system-out>
			<system-err>
<![CDATA[]]>			</system-err>
		</testcase>
	</testsuite>
	<testsuite errors="0" failures="0" file="test_opaque_with_param.py" name="test_opaque_with_param.TestOpaqueWithParam" skipped="0" tests="1" time="0.001" timestamp="2023-08-04T18:56:32">
		<testcase classname="test_opaque_with_param.TestOpaqueWithParam" file="spec/python/test_opaque_with_param.py" line="6" name="test_opaque_with_param" time="0.001" timestamp="2023-08-04T18:56:32">
			<system-out>
<![CDATA[]]>			</system-out>
			<system-err>
<![CDATA[]]>			</system-err>
		</testcase>
	</testsuite>
	<testsuite errors="0" failures="0" file="test_bits_unaligned_b64_le.py" name="test_bits_unaligned_b64_le.TestBitsUnalignedB64Le" skipped="0" tests="1" time="0.001" timestamp="2023-08-04T18:56:32">
		<testcase classname="test_bits_unaligned_b64_le.TestBitsUnalignedB64Le" file="spec/python/test_bits_unaligned_b64_le.py" line="8" name="test_bits_unaligned_b64_le" time="0.001" timestamp="2023-08-04T18:56:32">
			<system-out>
<![CDATA[]]>			</system-out>
			<system-err>
<![CDATA[]]>			</system-err>
		</testcase>
	</testsuite>
	<testsuite errors="0" failures="0" file="test_str_pad_term_empty.py" name="test_str_pad_term_empty.TestStrPadTermEmpty" skipped="0" tests="1" time="0.001" timestamp="2023-08-04T18:56:32">
		<testcase classname="test_str_pad_term_empty.TestStrPadTermEmpty" file="spec/python/test_str_pad_term_empty.py" line="8" name="test_str_pad_term_empty" time="0.001" timestamp="2023-08-04T18:56:32">
			<system-out>
<![CDATA[]]>			</system-out>
			<system-err>
<![CDATA[]]>			</system-err>
		</testcase>
	</testsuite>
	<testsuite errors="0" failures="0" file="test_nested_types.py" name="test_nested_types.TestNestedTypes" skipped="0" tests="1" time="0.001" timestamp="2023-08-04T18:56:32">
		<testcase classname="test_nested_types.TestNestedTypes" file="spec/python/test_nested_types.py" line="8" name="test_nested_types" time="0.001" timestamp="2023-08-04T18:56:32">
			<system-out>
<![CDATA[]]>			</system-out>
			<system-err>
<![CDATA[]]>			</system-err>
		</testcase>
	</testsuite>
	<testsuite errors="0" failures="0" file="test_valid_fail_contents.py" name="test_valid_fail_contents.TestValidFailContents" skipped="0" tests="1" time="0.001" timestamp="2023-08-04T18:56:32">
		<testcase classname="test_valid_fail_contents.TestValidFailContents" file="spec/python/test_valid_fail_contents.py" line="9" name="test_valid_fail_contents" time="0.001" timestamp="2023-08-04T18:56:32">
			<system-out>
<![CDATA[]]>			</system-out>
			<system-err>
<![CDATA[]]>			</system-err>
		</testcase>
	</testsuite>
	<testsuite errors="0" failures="0" file="test_debug_switch_user.py" name="test_debug_switch_user.TestDebugSwitchUser" skipped="0" tests="1" time="0.001" timestamp="2023-08-04T18:56:32">
		<testcase classname="test_debug_switch_user.TestDebugSwitchUser" file="spec/python/test_debug_switch_user.py" line="8" name="test_debug_switch_user" time="0.001" timestamp="2023-08-04T18:56:32">
			<system-out>
<![CDATA[]]>			</system-out>
			<system-err>
<![CDATA[]]>			</system-err>
		</testcase>
	</testsuite>
	<testsuite errors="0" failures="0" file="test_process_coerce_usertype2.py" name="test_process_coerce_usertype2.TestProcessCoerceUsertype2" skipped="0" tests="1" time="0.001" timestamp="2023-08-04T18:56:32">
		<testcase classname="test_process_coerce_usertype2.TestProcessCoerceUsertype2" file="spec/python/test_process_coerce_usertype2.py" line="8" name="test_process_coerce_usertype2" time="0.001" timestamp="2023-08-04T18:56:32">
			<system-out>
<![CDATA[]]>			</system-out>
			<system-err>
<![CDATA[]]>			</system-err>
		</testcase>
	</testsuite>
	<testsuite errors="0" failures="0" file="test_expr_io_eof.py" name="test_expr_io_eof.TestExprIoEof" skipped="0" tests="1" time="0.001" timestamp="2023-08-04T18:56:32">
		<testcase classname="test_expr_io_eof.TestExprIoEof" file="spec/python/test_expr_io_eof.py" line="6" name="test_expr_io_eof" time="0.001" timestamp="2023-08-04T18:56:32">
			<system-out>
<![CDATA[]]>			</system-out>
			<system-err>
<![CDATA[]]>			</system-err>
		</testcase>
	</testsuite>
	<testsuite errors="0" failures="0" file="test_process_coerce_usertype1.py" name="test_process_coerce_usertype1.TestProcessCoerceUsertype1" skipped="0" tests="1" time="0.001" timestamp="2023-08-04T18:56:32">
		<testcase classname="test_process_coerce_usertype1.TestProcessCoerceUsertype1" file="spec/python/test_process_coerce_usertype1.py" line="8" name="test_process_coerce_usertype1" time="0.001" timestamp="2023-08-04T18:56:32">
			<system-out>
<![CDATA[]]>			</system-out>
			<system-err>
<![CDATA[]]>			</system-err>
		</testcase>
	</testsuite>
	<testsuite errors="0" failures="0" file="test_enum_to_i.py" name="test_enum_to_i.TestEnumToI" skipped="0" tests="1" time="0.001" timestamp="2023-08-04T18:56:32">
		<testcase classname="test_enum_to_i.TestEnumToI" file="spec/python/test_enum_to_i.py" line="8" name="test_enum_to_i" time="0.001" timestamp="2023-08-04T18:56:32">
			<system-out>
<![CDATA[]]>			</system-out>
			<system-err>
<![CDATA[]]>			</system-err>
		</testcase>
	</testsuite>
	<testsuite errors="0" failures="0" file="test_process_repeat_bytes.py" name="test_process_repeat_bytes.TestProcessRepeatBytes" skipped="0" tests="1" time="0.001" timestamp="2023-08-04T18:56:32">
		<testcase classname="test_process_repeat_bytes.TestProcessRepeatBytes" file="spec/python/test_process_repeat_bytes.py" line="8" name="test_process_repeat_bytes" time="0.001" timestamp="2023-08-04T18:56:32">
			<system-out>
<![CDATA[]]>			</system-out>
			<system-err>
<![CDATA[]]>			</system-err>
		</testcase>
	</testsuite>
	<testsuite errors="0" failures="0" file="test_docstrings.py" name="test_docstrings.TestDocstrings" skipped="0" tests="1" time="0.001" timestamp="2023-08-04T18:56:32">
		<testcase classname="test_docstrings.TestDocstrings" file="spec/python/test_docstrings.py" line="8" name="test_docstrings" time="0.001" timestamp="2023-08-04T18:56:32">
			<system-out>
<![CDATA[]]>			</system-out>
			<system-err>
<![CDATA[]]>			</system-err>
		</testcase>
	</testsuite>
	<testsuite errors="0" failures="0" file="test_expr_1.py" name="test_expr_1.TestExpr1" skipped="0" tests="1" time="0.001" timestamp="2023-08-04T18:56:32">
		<testcase classname="test_expr_1.TestExpr1" file="spec/python/test_expr_1.py" line="8" name="test_expr_1" time="0.001" timestamp="2023-08-04T18:56:32">
			<system-out>
<![CDATA[]]>			</system-out>
			<system-err>
<![CDATA[]]>			</system-err>
		</testcase>
	</testsuite>
	<testsuite errors="0" failures="0" file="test_expr_mod.py" name="test_expr_mod.TestExprMod" skipped="0" tests="1" time="0.001" timestamp="2023-08-04T18:56:32">
		<testcase classname="test_expr_mod.TestExprMod" file="spec/python/test_expr_mod.py" line="8" name="test_expr_mod" time="0.001" timestamp="2023-08-04T18:56:32">
			<system-out>
<![CDATA[]]>			</system-out>
			<system-err>
<![CDATA[]]>			</system-err>
		</testcase>
	</testsuite>
	<testsuite errors="0" failures="0" file="test_opaque_external_type_02_parent.py" name="test_opaque_external_type_02_parent.TestOpaqueExternalType02Parent" skipped="0" tests="1" time="0.001" timestamp="2023-08-04T18:56:32">
		<testcase classname="test_opaque_external_type_02_parent.TestOpaqueExternalType02Parent" file="spec/python/test_opaque_external_type_02_parent.py" line="6" name="test_opaque_external_type_02_parent" time="0.001" timestamp="2023-08-04T18:56:32">
			<system-out>
<![CDATA[]]>			</system-out>
			<system-err>
<![CDATA[]]>			</system-err>
		</testcase>
	</testsuite>
	<testsuite errors="0" failures="0" file="test_valid_switch.py" name="test_valid_switch.TestValidSwitch" skipped="0" tests="1" time="0.000" timestamp="2023-08-04T18:56:32">
		<testcase classname="test_valid_switch.TestValidSwitch" file="spec/python/test_valid_switch.py" line="8" name="test_valid_switch" time="0.000" timestamp="2023-08-04T18:56:32">
			<system-out>
<![CDATA[]]>			</system-out>
			<system-err>
<![CDATA[]]>			</system-err>
		</testcase>
	</testsuite>
	<testsuite errors="0" failures="0" file="test_nav_parent.py" name="test_nav_parent.TestNavParent" skipped="0" tests="1" time="0.005" timestamp="2023-08-04T18:56:32">
		<testcase classname="test_nav_parent.TestNavParent" file="spec/python/test_nav_parent.py" line="8" name="test_nav_parent" time="0.005" timestamp="2023-08-04T18:56:32">
			<system-out>
<![CDATA[]]>			</system-out>
			<system-err>
<![CDATA[]]>			</system-err>
		</testcase>
	</testsuite>
	<testsuite errors="0" failures="0" file="test_switch_manual_int_size_eos.py" name="test_switch_manual_int_size_eos.TestSwitchManualIntSizeEos" skipped="0" tests="1" time="0.002" timestamp="2023-08-04T18:56:32">
		<testcase classname="test_switch_manual_int_size_eos.TestSwitchManualIntSizeEos" file="spec/python/test_switch_manual_int_size_eos.py" line="8" name="test_switch_manual_int_size_eos" time="0.002" timestamp="2023-08-04T18:56:32">
			<system-out>
<![CDATA[]]>			</system-out>
			<system-err>
<![CDATA[]]>			</system-err>
		</testcase>
	</testsuite>
	<testsuite errors="0" failures="0" file="test_expr_calc_array_ops.py" name="test_expr_calc_array_ops.TestExprCalcArrayOps" skipped="0" tests="1" time="0.002" timestamp="2023-08-04T18:56:32">
		<testcase classname="test_expr_calc_array_ops.TestExprCalcArrayOps" file="spec/python/test_expr_calc_array_ops.py" line="8" name="test_expr_calc_array_ops" time="0.002" timestamp="2023-08-04T18:56:32">
			<system-out>
<![CDATA[]]>			</system-out>
			<system-err>
<![CDATA[]]>			</system-err>
		</testcase>
	</testsuite>
	<testsuite errors="0" failures="0" file="test_switch_bytearray.py" name="test_switch_bytearray.TestSwitchBytearray" skipped="0" tests="1" time="0.002" timestamp="2023-08-04T18:56:32">
		<testcase classname="test_switch_bytearray.TestSwitchBytearray" file="spec/python/test_switch_bytearray.py" line="8" name="test_switch_bytearray" time="0.002" timestamp="2023-08-04T18:56:32">
			<system-out>
<![CDATA[]]>			</system-out>
			<system-err>
<![CDATA[]]>			</system-err>
		</testcase>
	</testsuite>
	<testsuite errors="1" failures="0" file="test_expr_bytes_non_literal.py" name="test_expr_bytes_non_literal.TestExprBytesNonLiteral" skipped="0" tests="1" time="0.001" timestamp="2023-08-04T18:56:32">
		<testcase classname="test_expr_bytes_non_literal.TestExprBytesNonLiteral" file="spec/python/test_expr_bytes_non_literal.py" line="8" name="test_expr_bytes_non_literal" time="0.001" timestamp="2023-08-04T18:56:32">
			<error message="byte format requires -128 &lt;= number &lt;= 127" type="error">
<![CDATA[Traceback (most recent call last):
  File "/tests/spec/python/test_expr_bytes_non_literal.py", line 11, in test_expr_bytes_non_literal
    self.assertEqual(len(r.calc_bytes), 2)
  File "/tests/compiled/python/expr_bytes_non_literal.py", line 28, in calc_bytes
    self._m_calc_bytes = struct.pack('2b', self.one, self.two)
struct.error: byte format requires -128 <= number <= 127
]]>			</error>
			<system-out>
<![CDATA[]]>			</system-out>
			<system-err>
<![CDATA[]]>			</system-err>
		</testcase>
	</testsuite>
	<testsuite errors="0" failures="0" file="test_process_custom_no_args.py" name="test_process_custom_no_args.TestProcessCustomNoArgs" skipped="0" tests="1" time="0.001" timestamp="2023-08-04T18:56:32">
		<testcase classname="test_process_custom_no_args.TestProcessCustomNoArgs" file="spec/python/test_process_custom_no_args.py" line="8" name="test_process_custom_no_args" time="0.001" timestamp="2023-08-04T18:56:32">
			<system-out>
<![CDATA[]]>			</system-out>
			<system-err>
<![CDATA[]]>			</system-err>
		</testcase>
	</testsuite>
	<testsuite errors="0" failures="0" file="test_switch_manual_int_else.py" name="test_switch_manual_int_else.TestSwitchManualIntElse" skipped="0" tests="1" time="0.001" timestamp="2023-08-04T18:56:32">
		<testcase classname="test_switch_manual_int_else.TestSwitchManualIntElse" file="spec/python/test_switch_manual_int_else.py" line="8" name="test_switch_manual_int_else" time="0.001" timestamp="2023-08-04T18:56:32">
			<system-out>
<![CDATA[]]>			</system-out>
			<system-err>
<![CDATA[]]>			</system-err>
		</testcase>
	</testsuite>
	<testsuite errors="1" failures="0" file="test_enum_import.py" name="test_enum_import.TestEnumImport" skipped="0" tests="1" time="0.001" timestamp="2023-08-04T18:56:32">
		<testcase classname="test_enum_import.TestEnumImport" file="spec/python/test_enum_import.py" line="8" name="test_enum_import" time="0.001" timestamp="2023-08-04T18:56:32">
			<error message="name 'Enum0' is not defined" type="NameError">
<![CDATA[Traceback (most recent call last):
  File "/tests/spec/python/test_enum_import.py", line 9, in test_enum_import
    with EnumImport.from_file('src/enum_0.bin') as r:
  File "/runtime/python/kaitaistruct.py", line 44, in from_file
    return cls(KaitaiStream(f))
  File "/tests/compiled/python/enum_import.py", line 16, in __init__
    self._read()
  File "/tests/compiled/python/enum_import.py", line 19, in _read
    self.pet_1 = KaitaiStream.resolve_enum(Enum0.Animal, self._io.read_u4le())
NameError: name 'Enum0' is not defined
]]>			</error>
			<system-out>
<![CDATA[]]>			</system-out>
			<system-err>
<![CDATA[]]>			</system-err>
		</testcase>
	</testsuite>
	<testsuite errors="0" failures="0" file="test_valid_fail_inst.py" name="test_valid_fail_inst.TestValidFailInst" skipped="0" tests="1" time="0.001" timestamp="2023-08-04T18:56:32">
		<testcase classname="test_valid_fail_inst.TestValidFailInst" file="spec/python/test_valid_fail_inst.py" line="9" name="test_valid_fail_inst" time="0.001" timestamp="2023-08-04T18:56:32">
			<system-out>
<![CDATA[]]>			</system-out>
			<system-err>
<![CDATA[]]>			</system-err>
		</testcase>
	</testsuite>
	<testsuite errors="0" failures="0" file="test_bcd_user_type_be.py" name="test_bcd_user_type_be.TestBcdUserTypeBe" skipped="0" tests="1" time="0.005" timestamp="2023-08-04T18:56:32">
		<testcase classname="test_bcd_user_type_be.TestBcdUserTypeBe" file="spec/python/test_bcd_user_type_be.py" line="8" name="test_bcd_user_type_be" time="0.005" timestamp="2023-08-04T18:56:32">
			<system-out>
<![CDATA[]]>			</system-out>
			<system-err>
<![CDATA[]]>			</system-err>
		</testcase>
	</testsuite>
	<testsuite errors="0" failures="0" file="test_bits_enum.py" name="test_bits_enum.TestBitsEnum" skipped="0" tests="1" time="0.001" timestamp="2023-08-04T18:56:32">
		<testcase classname="test_bits_enum.TestBitsEnum" file="spec/python/test_bits_enum.py" line="8" name="test_bits_enum" time="0.001" timestamp="2023-08-04T18:56:32">
			<system-out>
<![CDATA[]]>			</system-out>
			<system-err>
<![CDATA[]]>			</system-err>
		</testcase>
	</testsuite>
	<testsuite errors="0" failures="0" file="test_type_int_unary_op.py" name="test_type_int_unary_op.TestTypeIntUnaryOp" skipped="0" tests="1" time="0.001" timestamp="2023-08-04T18:56:32">
		<testcase classname="test_type_int_unary_op.TestTypeIntUnaryOp" file="spec/python/test_type_int_unary_op.py" line="8" name="test_type_int_unary_op" time="0.001" timestamp="2023-08-04T18:56:32">
			<system-out>
<![CDATA[]]>			</system-out>
			<system-err>
<![CDATA[]]>			</system-err>
		</testcase>
	</testsuite>
	<testsuite errors="0" failures="0" file="test_nav_parent_false.py" name="test_nav_parent_false.TestNavParentFalse" skipped="0" tests="1" time="0.001" timestamp="2023-08-04T18:56:32">
		<testcase classname="test_nav_parent_false.TestNavParentFalse" file="spec/python/test_nav_parent_false.py" line="8" name="test_nav_parent_false" time="0.001" timestamp="2023-08-04T18:56:32">
			<system-out>
<![CDATA[]]>			</system-out>
			<system-err>
<![CDATA[]]>			</system-err>
		</testcase>
	</testsuite>
	<testsuite errors="0" failures="0" file="test_default_endian_mod.py" name="test_default_endian_mod.TestDefaultEndianMod" skipped="0" tests="1" time="0.001" timestamp="2023-08-04T18:56:32">
		<testcase classname="test_default_endian_mod.TestDefaultEndianMod" file="spec/python/test_default_endian_mod.py" line="8" name="test_default_endian_mod" time="0.001" timestamp="2023-08-04T18:56:32">
			<system-out>
<![CDATA[]]>			</system-out>
			<system-err>
<![CDATA[]]>			</system-err>
		</testcase>
	</testsuite>
	<testsuite errors="0" failures="0" file="test_default_bit_endian_mod.py" name="test_default_bit_endian_mod.TestDefaultBitEndianMod" skipped="0" tests="1" time="0.001" timestamp="2023-08-04T18:56:32">
		<testcase classname="test_default_bit_endian_mod.TestDefaultBitEndianMod" file="spec/python/test_default_bit_endian_mod.py" line="8" name="test_default_bit_endian_mod" time="0.001" timestamp="2023-08-04T18:56:32">
			<system-out>
<![CDATA[]]>			</system-out>
			<system-err>
<![CDATA[]]>			</system-err>
		</testcase>
	</testsuite>
	<testsuite errors="0" failures="0" file="test_docstrings_docref_multi.py" name="test_docstrings_docref_multi.TestDocstringsDocrefMulti" skipped="0" tests="1" time="0.000" timestamp="2023-08-04T18:56:32">
		<testcase classname="test_docstrings_docref_multi.TestDocstringsDocrefMulti" file="spec/python/test_docstrings_docref_multi.py" line="8" name="test_docstrings_docref_multi" time="0.000" timestamp="2023-08-04T18:56:32">
			<system-out>
<![CDATA[]]>			</system-out>
			<system-err>
<![CDATA[]]>			</system-err>
		</testcase>
	</testsuite>
	<testsuite errors="0" failures="0" file="test_term_u1_val.py" name="test_term_u1_val.TestTermU1Val" skipped="0" tests="1" time="0.001" timestamp="2023-08-04T18:56:32">
		<testcase classname="test_term_u1_val.TestTermU1Val" file="spec/python/test_term_u1_val.py" line="8" name="test_term_u1_val" time="0.001" timestamp="2023-08-04T18:56:32">
			<system-out>
<![CDATA[]]>			</system-out>
			<system-err>
<![CDATA[]]>			</system-err>
		</testcase>
	</testsuite>
	<testsuite errors="0" failures="0" file="test_debug_array_user.py" name="test_debug_array_user.TestDebugArrayUser" skipped="0" tests="1" time="0.001" timestamp="2023-08-04T18:56:32">
		<testcase classname="test_debug_array_user.TestDebugArrayUser" file="spec/python/test_debug_array_user.py" line="6" name="test_debug_array_user" time="0.001" timestamp="2023-08-04T18:56:32">
			<system-out>
<![CDATA[]]>			</system-out>
			<system-err>
<![CDATA[]]>			</system-err>
		</testcase>
	</testsuite>
	<testsuite errors="0" failures="0" file="test_bits_unaligned_b32_le.py" name="test_bits_unaligned_b32_le.TestBitsUnalignedB32Le" skipped="0" tests="1" time="0.001" timestamp="2023-08-04T18:56:32">
		<testcase classname="test_bits_unaligned_b32_le.TestBitsUnalignedB32Le" file="spec/python/test_bits_unaligned_b32_le.py" line="8" name="test_bits_unaligned_b32_le" time="0.001" timestamp="2023-08-04T18:56:32">
			<system-out>
<![CDATA[]]>			</system-out>
			<system-err>
<![CDATA[]]>			</system-err>
		</testcase>
	</testsuite>
	<testsuite errors="0" failures="0" file="test_meta_xref.py" name="test_meta_xref.TestMetaXref" skipped="0" tests="1" time="0.001" timestamp="2023-08-04T18:56:32">
		<testcase classname="test_meta_xref.TestMetaXref" file="spec/python/test_meta_xref.py" line="8" name="test_meta_xref" time="0.001" timestamp="2023-08-04T18:56:32">
			<system-out>
<![CDATA[]]>			</system-out>
			<system-err>
<![CDATA[]]>			</system-err>
		</testcase>
	</testsuite>
	<testsuite errors="0" failures="0" file="test_index_to_param_until.py" name="test_index_to_param_until.TestIndexToParamUntil" skipped="0" tests="1" time="0.001" timestamp="2023-08-04T18:56:32">
		<testcase classname="test_index_to_param_until.TestIndexToParamUntil" file="spec/python/test_index_to_param_until.py" line="8" name="test_index_to_param_until" time="0.001" timestamp="2023-08-04T18:56:32">
			<system-out>
<![CDATA[]]>			</system-out>
			<system-err>
<![CDATA[]]>			</system-err>
		</testcase>
	</testsuite>
	<testsuite errors="0" failures="0" file="test_repeat_eos_u4.py" name="test_repeat_eos_u4.TestRepeatEosU4" skipped="0" tests="1" time="0.001" timestamp="2023-08-04T18:56:32">
		<testcase classname="test_repeat_eos_u4.TestRepeatEosU4" file="spec/python/test_repeat_eos_u4.py" line="8" name="test_repeat_eos_u4" time="0.001" timestamp="2023-08-04T18:56:32">
			<system-out>
<![CDATA[]]>			</system-out>
			<system-err>
<![CDATA[]]>			</system-err>
		</testcase>
	</testsuite>
	<testsuite errors="0" failures="0" file="test_switch_integers.py" name="test_switch_integers.TestSwitchIntegers" skipped="0" tests="1" time="0.001" timestamp="2023-08-04T18:56:32">
		<testcase classname="test_switch_integers.TestSwitchIntegers" file="spec/python/test_switch_integers.py" line="8" name="test_switch_integers" time="0.001" timestamp="2023-08-04T18:56:32">
			<system-out>
<![CDATA[]]>			</system-out>
			<system-err>
<![CDATA[]]>			</system-err>
		</testcase>
	</testsuite>
	<testsuite errors="0" failures="0" file="test_valid_long.py" name="test_valid_long.TestValidLong" skipped="0" tests="1" time="0.000" timestamp="2023-08-04T18:56:32">
		<testcase classname="test_valid_long.TestValidLong" file="spec/python/test_valid_long.py" line="8" name="test_valid_long" time="0.000" timestamp="2023-08-04T18:56:32">
			<system-out>
<![CDATA[]]>			</system-out>
			<system-err>
<![CDATA[]]>			</system-err>
		</testcase>
	</testsuite>
	<testsuite errors="0" failures="0" file="test_enum_of_value_inst.py" name="test_enum_of_value_inst.TestEnumOfValueInst" skipped="0" tests="1" time="0.001" timestamp="2023-08-04T18:56:32">
		<testcase classname="test_enum_of_value_inst.TestEnumOfValueInst" file="spec/python/test_enum_of_value_inst.py" line="8" name="test_enum_of_value_inst" time="0.001" timestamp="2023-08-04T18:56:32">
			<system-out>
<![CDATA[]]>			</system-out>
			<system-err>
<![CDATA[]]>			</system-err>
		</testcase>
	</testsuite>
	<testsuite errors="0" failures="0" file="test_nested_type_param.py" name="test_nested_type_param.TestNestedTypeParam" skipped="0" tests="1" time="0.002" timestamp="2023-08-04T18:56:32">
		<testcase classname="test_nested_type_param.TestNestedTypeParam" file="spec/python/test_nested_type_param.py" line="8" name="test_nested_type_param" time="0.002" timestamp="2023-08-04T18:56:32">
			<system-out>
<![CDATA[]]>			</system-out>
			<system-err>
<![CDATA[]]>			</system-err>
		</testcase>
	</testsuite>
	<testsuite errors="0" failures="0" file="test_nav_parent_override.py" name="test_nav_parent_override.TestNavParentOverride" skipped="0" tests="1" time="0.001" timestamp="2023-08-04T18:56:32">
		<testcase classname="test_nav_parent_override.TestNavParentOverride" file="spec/python/test_nav_parent_override.py" line="8" name="test_nav_parent_override" time="0.001" timestamp="2023-08-04T18:56:32">
			<system-out>
<![CDATA[]]>			</system-out>
			<system-err>
<![CDATA[]]>			</system-err>
		</testcase>
	</testsuite>
	<testsuite errors="0" failures="0" file="test_instance_io_user.py" name="test_instance_io_user.TestInstanceIoUser" skipped="0" tests="1" time="0.001" timestamp="2023-08-04T18:56:32">
		<testcase classname="test_instance_io_user.TestInstanceIoUser" file="spec/python/test_instance_io_user.py" line="8" name="test_instance_io_user" time="0.001" timestamp="2023-08-04T18:56:32">
			<system-out>
<![CDATA[]]>			</system-out>
			<system-err>
<![CDATA[]]>			</system-err>
		</testcase>
	</testsuite>
	<testsuite errors="0" failures="0" file="test_nav_parent2.py" name="test_nav_parent2.TestNavParent2" skipped="0" tests="1" time="0.001" timestamp="2023-08-04T18:56:32">
		<testcase classname="test_nav_parent2.TestNavParent2" file="spec/python/test_nav_parent2.py" line="8" name="test_nav_parent2" time="0.001" timestamp="2023-08-04T18:56:32">
			<system-out>
<![CDATA[]]>			</system-out>
			<system-err>
<![CDATA[]]>			</system-err>
		</testcase>
	</testsuite>
	<testsuite errors="0" failures="0" file="test_switch_multi_bool_ops.py" name="test_switch_multi_bool_ops.TestSwitchMultiBoolOps" skipped="0" tests="1" time="0.001" timestamp="2023-08-04T18:56:32">
		<testcase classname="test_switch_multi_bool_ops.TestSwitchMultiBoolOps" file="spec/python/test_switch_multi_bool_ops.py" line="8" name="test_switch_multi_bool_ops" time="0.001" timestamp="2023-08-04T18:56:32">
			<system-out>
<![CDATA[]]>			</system-out>
			<system-err>
<![CDATA[]]>			</system-err>
		</testcase>
	</testsuite>
	<testsuite errors="0" failures="0" file="test_valid_fail_max_int.py" name="test_valid_fail_max_int.TestValidFailMaxInt" skipped="0" tests="1" time="0.001" timestamp="2023-08-04T18:56:32">
		<testcase classname="test_valid_fail_max_int.TestValidFailMaxInt" file="spec/python/test_valid_fail_max_int.py" line="9" name="test_valid_fail_max_int" time="0.001" timestamp="2023-08-04T18:56:32">
			<system-out>
<![CDATA[]]>			</system-out>
			<system-err>
<![CDATA[]]>			</system-err>
		</testcase>
	</testsuite>
	<testsuite errors="0" failures="0" file="test_bits_unaligned_b64_be.py" name="test_bits_unaligned_b64_be.TestBitsUnalignedB64Be" skipped="0" tests="1" time="0.001" timestamp="2023-08-04T18:56:32">
		<testcase classname="test_bits_unaligned_b64_be.TestBitsUnalignedB64Be" file="spec/python/test_bits_unaligned_b64_be.py" line="8" name="test_bits_unaligned_b64_be" time="0.001" timestamp="2023-08-04T18:56:32">
			<system-out>
<![CDATA[]]>			</system-out>
			<system-err>
<![CDATA[]]>			</system-err>
		</testcase>
	</testsuite>
	<testsuite errors="0" failures="0" file="test_params_pass_array_usertype.py" name="test_params_pass_array_usertype.TestParamsPassArrayUsertype" skipped="0" tests="1" time="0.001" timestamp="2023-08-04T18:56:32">
		<testcase classname="test_params_pass_array_usertype.TestParamsPassArrayUsertype" file="spec/python/test_params_pass_array_usertype.py" line="8" name="test_params_pass_array_usertype" time="0.001" timestamp="2023-08-04T18:56:32">
			<system-out>
<![CDATA[]]>			</system-out>
			<system-err>
<![CDATA[]]>			</system-err>
		</testcase>
	</testsuite>
	<testsuite errors="0" failures="0" file="test_expr_str_encodings.py" name="test_expr_str_encodings.TestExprStrEncodings" skipped="0" tests="1" time="0.003" timestamp="2023-08-04T18:56:32">
		<testcase classname="test_expr_str_encodings.TestExprStrEncodings" file="spec/python/test_expr_str_encodings.py" line="8" name="test_expr_str_encodings" time="0.003" timestamp="2023-08-04T18:56:32">
			<system-out>
<![CDATA[]]>			</system-out>
			<system-err>
<![CDATA[]]>			</system-err>
		</testcase>
	</testsuite>
	<testsuite errors="0" failures="0" file="test_valid_fail_range_float.py" name="test_valid_fail_range_float.TestValidFailRangeFloat" skipped="0" tests="1" time="0.001" timestamp="2023-08-04T18:56:32">
		<testcase classname="test_valid_fail_range_float.TestValidFailRangeFloat" file="spec/python/test_valid_fail_range_float.py" line="9" name="test_valid_fail_range_float" time="0.001" timestamp="2023-08-04T18:56:32">
			<system-out>
<![CDATA[]]>			</system-out>
			<system-err>
<![CDATA[]]>			</system-err>
		</testcase>
	</testsuite>
	<testsuite errors="0" failures="0" file="test_expr_0.py" name="test_expr_0.TestExpr0" skipped="0" tests="1" time="0.001" timestamp="2023-08-04T18:56:32">
		<testcase classname="test_expr_0.TestExpr0" file="spec/python/test_expr_0.py" line="8" name="test_expr_0" time="0.001" timestamp="2023-08-04T18:56:32">
			<system-out>
<![CDATA[]]>			</system-out>
			<system-err>
<![CDATA[]]>			</system-err>
		</testcase>
	</testsuite>
	<testsuite errors="0" failures="0" file="test_str_eos.py" name="test_str_eos.TestStrEos" skipped="0" tests="1" time="0.001" timestamp="2023-08-04T18:56:32">
		<testcase classname="test_str_eos.TestStrEos" file="spec/python/test_str_eos.py" line="8" name="test_str_eos" time="0.001" timestamp="2023-08-04T18:56:32">
			<system-out>
<![CDATA[]]>			</system-out>
			<system-err>
<![CDATA[]]>			</system-err>
		</testcase>
	</testsuite>
	<testsuite errors="0" failures="0" file="test_position_to_end.py" name="test_position_to_end.TestPositionToEnd" skipped="0" tests="1" time="0.001" timestamp="2023-08-04T18:56:32">
		<testcase classname="test_position_to_end.TestPositionToEnd" file="spec/python/test_position_to_end.py" line="8" name="test_position_to_end" time="0.001" timestamp="2023-08-04T18:56:32">
			<system-out>
<![CDATA[]]>			</system-out>
			<system-err>
<![CDATA[]]>			</system-err>
		</testcase>
	</testsuite>
	<testsuite errors="0" failures="0" file="test_enum_0.py" name="test_enum_0.TestEnum0" skipped="0" tests="1" time="0.001" timestamp="2023-08-04T18:56:32">
		<testcase classname="test_enum_0.TestEnum0" file="spec/python/test_enum_0.py" line="8" name="test_enum_0" time="0.001" timestamp="2023-08-04T18:56:32">
			<system-out>
<![CDATA[]]>			</system-out>
			<system-err>
<![CDATA[]]>			</system-err>
		</testcase>
	</testsuite>
	<testsuite errors="0" failures="0" file="test_switch_manual_str_else.py" name="test_switch_manual_str_else.TestSwitchManualStrElse" skipped="0" tests="1" time="0.002" timestamp="2023-08-04T18:56:32">
		<testcase classname="test_switch_manual_str_else.TestSwitchManualStrElse" file="spec/python/test_switch_manual_str_else.py" line="8" name="test_switch_manual_str_else" time="0.002" timestamp="2023-08-04T18:56:32">
			<system-out>
<![CDATA[]]>			</system-out>
			<system-err>
<![CDATA[]]>			</system-err>
		</testcase>
	</testsuite>
	<testsuite errors="0" failures="0" file="test_optional_id.py" name="test_optional_id.TestOptionalId" skipped="0" tests="1" time="0.001" timestamp="2023-08-04T18:56:32">
		<testcase classname="test_optional_id.TestOptionalId" file="spec/python/test_optional_id.py" line="6" name="test_optional_id" time="0.001" timestamp="2023-08-04T18:56:32">
			<system-out>
<![CDATA[]]>			</system-out>
			<system-err>
<![CDATA[]]>			</system-err>
		</testcase>
	</testsuite>
	<testsuite errors="0" failures="0" file="test_expr_bytes_cmp.py" name="test_expr_bytes_cmp.TestExprBytesCmp" skipped="0" tests="1" time="0.002" timestamp="2023-08-04T18:56:32">
		<testcase classname="test_expr_bytes_cmp.TestExprBytesCmp" file="spec/python/test_expr_bytes_cmp.py" line="8" name="test_expr_bytes_cmp" time="0.002" timestamp="2023-08-04T18:56:32">
			<system-out>
<![CDATA[]]>			</system-out>
			<system-err>
<![CDATA[]]>			</system-err>
		</testcase>
	</testsuite>
	<testsuite errors="0" failures="0" file="test_imports_abs.py" name="test_imports_abs.TestImportsAbs" skipped="0" tests="1" time="0.001" timestamp="2023-08-04T18:56:32">
		<testcase classname="test_imports_abs.TestImportsAbs" file="spec/python/test_imports_abs.py" line="8" name="test_imports_abs" time="0.001" timestamp="2023-08-04T18:56:32">
			<system-out>
<![CDATA[]]>			</system-out>
			<system-err>
<![CDATA[]]>			</system-err>
		</testcase>
	</testsuite>
	<testsuite errors="0" failures="0" file="test_expr_if_int_ops.py" name="test_expr_if_int_ops.TestExprIfIntOps" skipped="0" tests="1" time="0.001" timestamp="2023-08-04T18:56:32">
		<testcase classname="test_expr_if_int_ops.TestExprIfIntOps" file="spec/python/test_expr_if_int_ops.py" line="8" name="test_expr_if_int_ops" time="0.001" timestamp="2023-08-04T18:56:32">
			<system-out>
<![CDATA[]]>			</system-out>
			<system-err>
<![CDATA[]]>			</system-err>
		</testcase>
	</testsuite>
	<testsuite errors="0" failures="0" file="test_repeat_until_complex.py" name="test_repeat_until_complex.TestRepeatUntilComplex" skipped="0" tests="1" time="0.004" timestamp="2023-08-04T18:56:32">
		<testcase classname="test_repeat_until_complex.TestRepeatUntilComplex" file="spec/python/test_repeat_until_complex.py" line="8" name="test_repeat_until_complex" time="0.004" timestamp="2023-08-04T18:56:32">
			<system-out>
<![CDATA[]]>			</system-out>
			<system-err>
<![CDATA[]]>			</system-err>
		</testcase>
	</testsuite>
	<testsuite errors="0" failures="0" file="test_bits_signed_shift_b64_le.py" name="test_bits_signed_shift_b64_le.TestBitsSignedShiftB64Le" skipped="0" tests="1" time="0.001" timestamp="2023-08-04T18:56:32">
		<testcase classname="test_bits_signed_shift_b64_le.TestBitsSignedShiftB64Le" file="spec/python/test_bits_signed_shift_b64_le.py" line="8" name="test_bits_signed_shift_b64_le" time="0.001" timestamp="2023-08-04T18:56:32">
			<system-out>
<![CDATA[]]>			</system-out>
			<system-err>
<![CDATA[]]>			</system-err>
		</testcase>
	</testsuite>
	<testsuite errors="0" failures="0" file="test_enum_if.py" name="test_enum_if.TestEnumIf" skipped="0" tests="1" time="0.001" timestamp="2023-08-04T18:56:32">
		<testcase classname="test_enum_if.TestEnumIf" file="spec/python/test_enum_if.py" line="8" name="test_enum_if" time="0.001" timestamp="2023-08-04T18:56:32">
			<system-out>
<![CDATA[]]>			</system-out>
			<system-err>
<![CDATA[]]>			</system-err>
		</testcase>
	</testsuite>
	<testsuite errors="0" failures="0" file="test_imports0.py" name="test_imports0.TestImports0" skipped="0" tests="1" time="0.001" timestamp="2023-08-04T18:56:32">
		<testcase classname="test_imports0.TestImports0" file="spec/python/test_imports0.py" line="8" name="test_imports0" time="0.001" timestamp="2023-08-04T18:56:32">
			<system-out>
<![CDATA[]]>			</system-out>
			<system-err>
<![CDATA[]]>			</system-err>
		</testcase>
	</testsuite>
	<testsuite errors="0" failures="0" file="test_cast_nested.py" name="test_cast_nested.TestCastNested" skipped="0" tests="1" time="0.001" timestamp="2023-08-04T18:56:32">
		<testcase classname="test_cast_nested.TestCastNested" file="spec/python/test_cast_nested.py" line="8" name="test_cast_nested" time="0.001" timestamp="2023-08-04T18:56:32">
			<system-out>
<![CDATA[]]>			</system-out>
			<system-err>
<![CDATA[]]>			</system-err>
		</testcase>
	</testsuite>
	<testsuite errors="0" failures="0" file="test_nav_root.py" name="test_nav_root.TestNavRoot" skipped="0" tests="1" time="0.001" timestamp="2023-08-04T18:56:32">
		<testcase classname="test_nav_root.TestNavRoot" file="spec/python/test_nav_root.py" line="8" name="test_nav_root" time="0.001" timestamp="2023-08-04T18:56:32">
			<system-out>
<![CDATA[]]>			</system-out>
			<system-err>
<![CDATA[]]>			</system-err>
		</testcase>
	</testsuite>
	<testsuite errors="0" failures="0" file="test_process_coerce_switch.py" name="test_process_coerce_switch.TestProcessCoerceSwitch" skipped="0" tests="1" time="0.001" timestamp="2023-08-04T18:56:32">
		<testcase classname="test_process_coerce_switch.TestProcessCoerceSwitch" file="spec/python/test_process_coerce_switch.py" line="8" name="test_process_coerce_switch" time="0.001" timestamp="2023-08-04T18:56:32">
			<system-out>
<![CDATA[]]>			</system-out>
			<system-err>
<![CDATA[]]>			</system-err>
		</testcase>
	</testsuite>
	<testsuite errors="0" failures="0" file="test_params_pass_bool.py" name="test_params_pass_bool.TestParamsPassBool" skipped="0" tests="1" time="0.002" timestamp="2023-08-04T18:56:32">
		<testcase classname="test_params_pass_bool.TestParamsPassBool" file="spec/python/test_params_pass_bool.py" line="8" name="test_params_pass_bool" time="0.002" timestamp="2023-08-04T18:56:32">
			<system-out>
<![CDATA[]]>			</system-out>
			<system-err>
<![CDATA[]]>			</system-err>
		</testcase>
	</testsuite>
	<testsuite errors="0" failures="0" file="test_if_struct.py" name="test_if_struct.TestIfStruct" skipped="0" tests="1" time="0.001" timestamp="2023-08-04T18:56:32">
		<testcase classname="test_if_struct.TestIfStruct" file="spec/python/test_if_struct.py" line="8" name="test_if_struct" time="0.001" timestamp="2023-08-04T18:56:32">
			<system-out>
<![CDATA[]]>			</system-out>
			<system-err>
<![CDATA[]]>			</system-err>
		</testcase>
	</testsuite>
	<testsuite errors="0" failures="0" file="test_bits_simple.py" name="test_bits_simple.TestBitsSimple" skipped="0" tests="1" time="0.002" timestamp="2023-08-04T18:56:32">
		<testcase classname="test_bits_simple.TestBitsSimple" file="spec/python/test_bits_simple.py" line="8" name="test_bits_simple" time="0.002" timestamp="2023-08-04T18:56:32">
			<system-out>
<![CDATA[]]>			</system-out>
			<system-err>
<![CDATA[]]>			</system-err>
		</testcase>
	</testsuite>
	<testsuite errors="0" failures="0" file="test_non_standard.py" name="test_non_standard.TestNonStandard" skipped="0" tests="1" time="0.001" timestamp="2023-08-04T18:56:32">
		<testcase classname="test_non_standard.TestNonStandard" file="spec/python/test_non_standard.py" line="8" name="test_non_standard" time="0.001" timestamp="2023-08-04T18:56:32">
			<system-out>
<![CDATA[]]>			</system-out>
			<system-err>
<![CDATA[]]>			</system-err>
		</testcase>
	</testsuite>
	<testsuite errors="0" failures="0" file="test_valid_fail_range_int.py" name="test_valid_fail_range_int.TestValidFailRangeInt" skipped="0" tests="1" time="0.000" timestamp="2023-08-04T18:56:32">
		<testcase classname="test_valid_fail_range_int.TestValidFailRangeInt" file="spec/python/test_valid_fail_range_int.py" line="9" name="test_valid_fail_range_int" time="0.000" timestamp="2023-08-04T18:56:32">
			<system-out>
<![CDATA[]]>			</system-out>
			<system-err>
<![CDATA[]]>			</system-err>
		</testcase>
	</testsuite>
	<testsuite errors="0" failures="0" file="test_zlib_with_header_78.py" name="test_zlib_with_header_78.TestZlibWithHeader78" skipped="0" tests="1" time="0.001" timestamp="2023-08-04T18:56:32">
		<testcase classname="test_zlib_with_header_78.TestZlibWithHeader78" file="spec/python/test_zlib_with_header_78.py" line="8" name="test_zlib_with_header_78" time="0.001" timestamp="2023-08-04T18:56:32">
			<system-out>
<![CDATA[]]>			</system-out>
			<system-err>
<![CDATA[]]>			</system-err>
		</testcase>
	</testsuite>
	<testsuite errors="0" failures="0" file="test_expr_2.py" name="test_expr_2.TestExpr2" skipped="0" tests="1" time="0.002" timestamp="2023-08-04T18:56:32">
		<testcase classname="test_expr_2.TestExpr2" file="spec/python/test_expr_2.py" line="8" name="test_expr_2" time="0.002" timestamp="2023-08-04T18:56:32">
			<system-out>
<![CDATA[]]>			</system-out>
			<system-err>
<![CDATA[]]>			</system-err>
		</testcase>
	</testsuite>
	<testsuite errors="0" failures="0" file="test_if_values.py" name="test_if_values.TestIfValues" skipped="0" tests="1" time="0.001" timestamp="2023-08-04T18:56:32">
		<testcase classname="test_if_values.TestIfValues" file="spec/python/test_if_values.py" line="8" name="test_if_values" time="0.001" timestamp="2023-08-04T18:56:32">
			<system-out>
<![CDATA[]]>			</system-out>
			<system-err>
<![CDATA[]]>			</system-err>
		</testcase>
	</testsuite>
	<testsuite errors="0" failures="0" file="test_floating_points.py" name="test_floating_points.TestFloatingPoints" skipped="0" tests="1" time="0.001" timestamp="2023-08-04T18:56:32">
		<testcase classname="test_floating_points.TestFloatingPoints" file="spec/python/test_floating_points.py" line="8" name="test_floating_points" time="0.001" timestamp="2023-08-04T18:56:32">
			<system-out>
<![CDATA[]]>			</system-out>
			<system-err>
<![CDATA[]]>			</system-err>
		</testcase>
	</testsuite>
	<testsuite errors="0" failures="0" file="test_eof_exception_u4.py" name="test_eof_exception_u4.TestEofExceptionU4" skipped="0" tests="1" time="0.001" timestamp="2023-08-04T18:56:32">
		<testcase classname="test_eof_exception_u4.TestEofExceptionU4" file="spec/python/test_eof_exception_u4.py" line="7" name="test_eof_exception_u4" time="0.001" timestamp="2023-08-04T18:56:32">
			<system-out>
<![CDATA[]]>			</system-out>
			<system-err>
<![CDATA[]]>			</system-err>
		</testcase>
	</testsuite>
	<testsuite errors="0" failures="0" file="test_bits_signed_res_b32_le.py" name="test_bits_signed_res_b32_le.TestBitsSignedResB32Le" skipped="0" tests="1" time="0.001" timestamp="2023-08-04T18:56:32">
		<testcase classname="test_bits_signed_res_b32_le.TestBitsSignedResB32Le" file="spec/python/test_bits_signed_res_b32_le.py" line="8" name="test_bits_signed_res_b32_le" time="0.001" timestamp="2023-08-04T18:56:32">
			<system-out>
<![CDATA[]]>			</system-out>
			<system-err>
<![CDATA[]]>			</system-err>
		</testcase>
	</testsuite>
	<testsuite errors="0" failures="0" file="test_switch_manual_enum_invalid.py" name="test_switch_manual_enum_invalid.TestSwitchManualEnumInvalid" skipped="0" tests="1" time="0.001" timestamp="2023-08-04T18:56:32">
		<testcase classname="test_switch_manual_enum_invalid.TestSwitchManualEnumInvalid" file="spec/python/test_switch_manual_enum_invalid.py" line="6" name="test_switch_manual_enum_invalid" time="0.001" timestamp="2023-08-04T18:56:32">
			<system-out>
<![CDATA[]]>			</system-out>
			<system-err>
<![CDATA[]]>			</system-err>
		</testcase>
	</testsuite>
	<testsuite errors="0" failures="0" file="test_process_xor4_const.py" name="test_process_xor4_const.TestProcessXor4Const" skipped="0" tests="1" time="0.001" timestamp="2023-08-04T18:56:32">
		<testcase classname="test_process_xor4_const.TestProcessXor4Const" file="spec/python/test_process_xor4_const.py" line="8" name="test_process_xor4_const" time="0.001" timestamp="2023-08-04T18:56:32">
			<system-out>
<![CDATA[]]>			</system-out>
			<system-err>
<![CDATA[]]>			</system-err>
		</testcase>
	</testsuite>
	<testsuite errors="0" failures="0" file="test_bits_unaligned_b32_be.py" name="test_bits_unaligned_b32_be.TestBitsUnalignedB32Be" skipped="0" tests="1" time="0.001" timestamp="2023-08-04T18:56:32">
		<testcase classname="test_bits_unaligned_b32_be.TestBitsUnalignedB32Be" file="spec/python/test_bits_unaligned_b32_be.py" line="8" name="test_bits_unaligned_b32_be" time="0.001" timestamp="2023-08-04T18:56:32">
			<system-out>
<![CDATA[]]>			</system-out>
			<system-err>
<![CDATA[]]>			</system-err>
		</testcase>
	</testsuite>
	<testsuite errors="0" failures="0" file="test_repeat_eos_struct.py" name="test_repeat_eos_struct.TestRepeatEosStruct" skipped="0" tests="1" time="0.001" timestamp="2023-08-04T18:56:32">
		<testcase classname="test_repeat_eos_struct.TestRepeatEosStruct" file="spec/python/test_repeat_eos_struct.py" line="8" name="test_repeat_eos_struct" time="0.001" timestamp="2023-08-04T18:56:32">
			<system-out>
<![CDATA[]]>			</system-out>
			<system-err>
<![CDATA[]]>			</system-err>
		</testcase>
	</testsuite>
	<testsuite errors="0" failures="0" file="test_multiple_use.py" name="test_multiple_use.TestMultipleUse" skipped="0" tests="1" time="0.001" timestamp="2023-08-04T18:56:32">
		<testcase classname="test_multiple_use.TestMultipleUse" file="spec/python/test_multiple_use.py" line="8" name="test_multiple_use" time="0.001" timestamp="2023-08-04T18:56:32">
			<system-out>
<![CDATA[]]>			</system-out>
			<system-err>
<![CDATA[]]>			</system-err>
		</testcase>
	</testsuite>
	<testsuite errors="0" failures="0" file="test_term_strz.py" name="test_term_strz.TestTermStrz" skipped="0" tests="1" time="0.001" timestamp="2023-08-04T18:56:32">
		<testcase classname="test_term_strz.TestTermStrz" file="spec/python/test_term_strz.py" line="8" name="test_term_strz" time="0.001" timestamp="2023-08-04T18:56:32">
			<system-out>
<![CDATA[]]>			</system-out>
			<system-err>
<![CDATA[]]>			</system-err>
		</testcase>
	</testsuite>
	<testsuite errors="0" failures="0" file="test_valid_eq_str_encodings.py" name="test_valid_eq_str_encodings.TestValidEqStrEncodings" skipped="0" tests="1" time="0.000" timestamp="2023-08-04T18:56:32">
		<testcase classname="test_valid_eq_str_encodings.TestValidEqStrEncodings" file="spec/python/test_valid_eq_str_encodings.py" line="8" name="test_valid_eq_str_encodings" time="0.000" timestamp="2023-08-04T18:56:32">
			<system-out>
<![CDATA[]]>			</system-out>
			<system-err>
<![CDATA[]]>			</system-err>
		</testcase>
	</testsuite>
	<testsuite errors="0" failures="0" file="test_enum_long_range_u.py" name="test_enum_long_range_u.TestEnumLongRangeU" skipped="0" tests="1" time="0.001" timestamp="2023-08-04T18:56:32">
		<testcase classname="test_enum_long_range_u.TestEnumLongRangeU" file="spec/python/test_enum_long_range_u.py" line="8" name="test_enum_long_range_u" time="0.001" timestamp="2023-08-04T18:56:32">
			<system-out>
<![CDATA[]]>			</system-out>
			<system-err>
<![CDATA[]]>			</system-err>
		</testcase>
	</testsuite>
	<testsuite errors="0" failures="0" file="test_nav_parent_vs_value_inst.py" name="test_nav_parent_vs_value_inst.TestNavParentVsValueInst" skipped="0" tests="1" time="0.001" timestamp="2023-08-04T18:56:32">
		<testcase classname="test_nav_parent_vs_value_inst.TestNavParentVsValueInst" file="spec/python/test_nav_parent_vs_value_inst.py" line="8" name="test_nav_parent_vs_value_inst" time="0.001" timestamp="2023-08-04T18:56:32">
			<system-out>
<![CDATA[]]>			</system-out>
			<system-err>
<![CDATA[]]>			</system-err>
		</testcase>
	</testsuite>
	<testsuite errors="0" failures="0" file="test_expr_enum.py" name="test_expr_enum.TestExprEnum" skipped="0" tests="1" time="0.001" timestamp="2023-08-04T18:56:32">
		<testcase classname="test_expr_enum.TestExprEnum" file="spec/python/test_expr_enum.py" line="8" name="test_expr_enum" time="0.001" timestamp="2023-08-04T18:56:32">
			<system-out>
<![CDATA[]]>			</system-out>
			<system-err>
<![CDATA[]]>			</system-err>
		</testcase>
	</testsuite>
	<testsuite errors="0" failures="0" file="test_process_to_user.py" name="test_process_to_user.TestProcessToUser" skipped="0" tests="1" time="0.001" timestamp="2023-08-04T18:56:32">
		<testcase classname="test_process_to_user.TestProcessToUser" file="spec/python/test_process_to_user.py" line="8" name="test_process_to_user" time="0.001" timestamp="2023-08-04T18:56:32">
			<system-out>
<![CDATA[]]>			</system-out>
			<system-err>
<![CDATA[]]>			</system-err>
		</testcase>
	</testsuite>
	<testsuite errors="0" failures="0" file="test_buffered_struct.py" name="test_buffered_struct.TestBufferedStruct" skipped="0" tests="1" time="0.001" timestamp="2023-08-04T18:56:32">
		<testcase classname="test_buffered_struct.TestBufferedStruct" file="spec/python/test_buffered_struct.py" line="8" name="test_buffered_struct" time="0.001" timestamp="2023-08-04T18:56:32">
			<system-out>
<![CDATA[]]>			</system-out>
			<system-err>
<![CDATA[]]>			</system-err>
		</testcase>
	</testsuite>
	<testsuite errors="0" failures="0" file="test_process_custom.py" name="test_process_custom.TestProcessCustom" skipped="0" tests="1" time="0.001" timestamp="2023-08-04T18:56:32">
		<testcase classname="test_process_custom.TestProcessCustom" file="spec/python/test_process_custom.py" line="8" name="test_process_custom" time="0.001" timestamp="2023-08-04T18:56:32">
			<system-out>
<![CDATA[]]>			</system-out>
			<system-err>
<![CDATA[]]>			</system-err>
		</testcase>
	</testsuite>
	<testsuite errors="0" failures="0" file="test_expr_io_pos.py" name="test_expr_io_pos.TestExprIoPos" skipped="0" tests="1" time="0.001" timestamp="2023-08-04T18:56:32">
		<testcase classname="test_expr_io_pos.TestExprIoPos" file="spec/python/test_expr_io_pos.py" line="8" name="test_expr_io_pos" time="0.001" timestamp="2023-08-04T18:56:32">
			<system-out>
<![CDATA[]]>			</system-out>
			<system-err>
<![CDATA[]]>			</system-err>
		</testcase>
	</testsuite>
	<testsuite errors="0" failures="0" file="test_ts_packet_header.py" name="test_ts_packet_header.TestTsPacketHeader" skipped="0" tests="1" time="0.001" timestamp="2023-08-04T18:56:32">
		<testcase classname="test_ts_packet_header.TestTsPacketHeader" file="spec/python/test_ts_packet_header.py" line="8" name="test_ts_packet_header" time="0.001" timestamp="2023-08-04T18:56:32">
			<system-out>
<![CDATA[]]>			</system-out>
			<system-err>
<![CDATA[]]>			</system-err>
		</testcase>
	</testsuite>
	<testsuite errors="0" failures="0" file="test_params_def.py" name="test_params_def.TestParamsDef" skipped="0" tests="1" time="0.001" timestamp="2023-08-04T18:56:32">
		<testcase classname="test_params_def.TestParamsDef" file="spec/python/test_params_def.py" line="7" name="test_params_def" time="0.001" timestamp="2023-08-04T18:56:32">
			<system-out>
<![CDATA[]]>			</system-out>
			<system-err>
<![CDATA[]]>			</system-err>
		</testcase>
	</testsuite>
	<testsuite errors="0" failures="0" file="test_repeat_n_strz_double.py" name="test_repeat_n_strz_double.TestRepeatNStrzDouble" skipped="0" tests="1" time="0.001" timestamp="2023-08-04T18:56:32">
		<testcase classname="test_repeat_n_strz_double.TestRepeatNStrzDouble" file="spec/python/test_repeat_n_strz_double.py" line="8" name="test_repeat_n_strz_double" time="0.001" timestamp="2023-08-04T18:56:32">
			<system-out>
<![CDATA[]]>			</system-out>
			<system-err>
<![CDATA[]]>			</system-err>
		</testcase>
	</testsuite>
	<testsuite errors="0" failures="0" file="test_index_to_param_eos.py" name="test_index_to_param_eos.TestIndexToParamEos" skipped="0" tests="1" time="0.001" timestamp="2023-08-04T18:56:32">
		<testcase classname="test_index_to_param_eos.TestIndexToParamEos" file="spec/python/test_index_to_param_eos.py" line="8" name="test_index_to_param_eos" time="0.001" timestamp="2023-08-04T18:56:32">
			<system-out>
<![CDATA[]]>			</system-out>
			<system-err>
<![CDATA[]]>			</system-err>
		</testcase>
	</testsuite>
	<testsuite errors="0" failures="0" file="test_repeat_until_calc_array_type.py" name="test_repeat_until_calc_array_type.TestRepeatUntilCalcArrayType" skipped="0" tests="1" time="0.001" timestamp="2023-08-04T18:56:32">
		<testcase classname="test_repeat_until_calc_array_type.TestRepeatUntilCalcArrayType" file="spec/python/test_repeat_until_calc_array_type.py" line="8" name="test_repeat_until_calc_array_type" time="0.001" timestamp="2023-08-04T18:56:32">
			<system-out>
<![CDATA[]]>			</system-out>
			<system-err>
<![CDATA[]]>			</system-err>
		</testcase>
	</testsuite>
	<testsuite errors="0" failures="0" file="test_combine_bool.py" name="test_combine_bool.TestCombineBool" skipped="0" tests="1" time="0.001" timestamp="2023-08-04T18:56:32">
		<testcase classname="test_combine_bool.TestCombineBool" file="spec/python/test_combine_bool.py" line="8" name="test_combine_bool" time="0.001" timestamp="2023-08-04T18:56:32">
			<system-out>
<![CDATA[]]>			</system-out>
			<system-err>
<![CDATA[]]>			</system-err>
		</testcase>
	</testsuite>
	<testsuite errors="0" failures="0" file="test_debug_0.py" name="test_debug_0.TestDebug0" skipped="0" tests="1" time="0.001" timestamp="2023-08-04T18:56:32">
		<testcase classname="test_debug_0.TestDebug0" file="spec/python/test_debug_0.py" line="6" name="test_debug_0" time="0.001" timestamp="2023-08-04T18:56:32">
			<system-out>
<![CDATA[]]>			</system-out>
			<system-err>
<![CDATA[]]>			</system-err>
		</testcase>
	</testsuite>
	<testsuite errors="0" failures="0" file="test_process_xor_value.py" name="test_process_xor_value.TestProcessXorValue" skipped="0" tests="1" time="0.001" timestamp="2023-08-04T18:56:32">
		<testcase classname="test_process_xor_value.TestProcessXorValue" file="spec/python/test_process_xor_value.py" line="8" name="test_process_xor_value" time="0.001" timestamp="2023-08-04T18:56:32">
			<system-out>
<![CDATA[]]>			</system-out>
			<system-err>
<![CDATA[]]>			</system-err>
		</testcase>
	</testsuite>
	<testsuite errors="0" failures="0" file="test_switch_repeat_expr.py" name="test_switch_repeat_expr.TestSwitchRepeatExpr" skipped="0" tests="1" time="0.001" timestamp="2023-08-04T18:56:32">
		<testcase classname="test_switch_repeat_expr.TestSwitchRepeatExpr" file="spec/python/test_switch_repeat_expr.py" line="8" name="test_switch_repeat_expr" time="0.001" timestamp="2023-08-04T18:56:32">
			<system-out>
<![CDATA[]]>			</system-out>
			<system-err>
[...]
		<testcase classname="test_process_rotate.TestProcessRotate" file="spec/python/test_process_rotate.py" line="8" name="test_process_rotate" time="0.001" timestamp="2023-08-04T18:56:32">
			<system-out>
<![CDATA[]]>			</system-out>
			<system-err>
<![CDATA[]]>			</system-err>
		</testcase>
	</testsuite>
	<testsuite errors="0" failures="0" file="test_bits_signed_res_b32_be.py" name="test_bits_signed_res_b32_be.TestBitsSignedResB32Be" skipped="0" tests="1" time="0.001" timestamp="2023-08-04T18:56:32">
		<testcase classname="test_bits_signed_res_b32_be.TestBitsSignedResB32Be" file="spec/python/test_bits_signed_res_b32_be.py" line="8" name="test_bits_signed_res_b32_be" time="0.001" timestamp="2023-08-04T18:56:32">
			<system-out>
<![CDATA[]]>			</system-out>
			<system-err>
<![CDATA[]]>			</system-err>
		</testcase>
	</testsuite>
	<testsuite errors="0" failures="0" file="test_enum_negative.py" name="test_enum_negative.TestEnumNegative" skipped="0" tests="1" time="0.001" timestamp="2023-08-04T18:56:32">
		<testcase classname="test_enum_negative.TestEnumNegative" file="spec/python/test_enum_negative.py" line="8" name="test_enum_negative" time="0.001" timestamp="2023-08-04T18:56:32">
			<system-out>
<![CDATA[]]>			</system-out>
			<system-err>
<![CDATA[]]>			</system-err>
		</testcase>
	</testsuite>
	<testsuite errors="0" failures="0" file="test_fixed_struct.py" name="test_fixed_struct.TestFixedStruct" skipped="0" tests="1" time="0.002" timestamp="2023-08-04T18:56:32">
		<testcase classname="test_fixed_struct.TestFixedStruct" file="spec/python/test_fixed_struct.py" line="8" name="test_fixed_struct" time="0.002" timestamp="2023-08-04T18:56:32">
			<system-out>
<![CDATA[]]>			</system-out>
			<system-err>
<![CDATA[]]>			</system-err>
		</testcase>
	</testsuite>
	<testsuite errors="0" failures="0" file="test_params_pass_struct.py" name="test_params_pass_struct.TestParamsPassStruct" skipped="0" tests="1" time="0.001" timestamp="2023-08-04T18:56:32">
		<testcase classname="test_params_pass_struct.TestParamsPassStruct" file="spec/python/test_params_pass_struct.py" line="8" name="test_params_pass_struct" time="0.001" timestamp="2023-08-04T18:56:32">
			<system-out>
<![CDATA[]]>			</system-out>
			<system-err>
<![CDATA[]]>			</system-err>
		</testcase>
	</testsuite>
	<testsuite errors="0" failures="0" file="test_enum_int_range_u.py" name="test_enum_int_range_u.TestEnumIntRangeU" skipped="0" tests="1" time="0.001" timestamp="2023-08-04T18:56:32">
		<testcase classname="test_enum_int_range_u.TestEnumIntRangeU" file="spec/python/test_enum_int_range_u.py" line="8" name="test_enum_int_range_u" time="0.001" timestamp="2023-08-04T18:56:32">
			<system-out>
<![CDATA[]]>			</system-out>
			<system-err>
<![CDATA[]]>			</system-err>
		</testcase>
	</testsuite>
	<testsuite errors="0" failures="0" file="test_nav_parent_switch.py" name="test_nav_parent_switch.TestNavParentSwitch" skipped="0" tests="1" time="0.001" timestamp="2023-08-04T18:56:32">
		<testcase classname="test_nav_parent_switch.TestNavParentSwitch" file="spec/python/test_nav_parent_switch.py" line="8" name="test_nav_parent_switch" time="0.001" timestamp="2023-08-04T18:56:32">
			<system-out>
<![CDATA[]]>			</system-out>
			<system-err>
<![CDATA[]]>			</system-err>
		</testcase>
	</testsuite>
	<testsuite errors="0" failures="0" file="test_nav_parent3.py" name="test_nav_parent3.TestNavParent3" skipped="0" tests="1" time="0.002" timestamp="2023-08-04T18:56:32">
		<testcase classname="test_nav_parent3.TestNavParent3" file="spec/python/test_nav_parent3.py" line="8" name="test_nav_parent3" time="0.002" timestamp="2023-08-04T18:56:32">
			<system-out>
<![CDATA[]]>			</system-out>
			<system-err>
<![CDATA[]]>			</system-err>
		</testcase>
	</testsuite>
	<testsuite errors="0" failures="0" file="test_repeat_eos_bit.py" name="test_repeat_eos_bit.TestRepeatEosBit" skipped="0" tests="1" time="0.001" timestamp="2023-08-04T18:56:32">
		<testcase classname="test_repeat_eos_bit.TestRepeatEosBit" file="spec/python/test_repeat_eos_bit.py" line="8" name="test_repeat_eos_bit" time="0.001" timestamp="2023-08-04T18:56:32">
			<system-out>
<![CDATA[]]>			</system-out>
			<system-err>
<![CDATA[]]>			</system-err>
		</testcase>
	</testsuite>
	<testsuite errors="0" failures="0" file="test_expr_array.py" name="test_expr_array.TestExprArray" skipped="0" tests="1" time="0.002" timestamp="2023-08-04T18:56:32">
		<testcase classname="test_expr_array.TestExprArray" file="spec/python/test_expr_array.py" line="8" name="test_expr_array" time="0.002" timestamp="2023-08-04T18:56:32">
			<system-out>
<![CDATA[]]>			</system-out>
			<system-err>
<![CDATA[]]>			</system-err>
		</testcase>
	</testsuite>
	<testsuite errors="0" failures="0" file="test_to_string_custom.py" name="test_to_string_custom.TestToStringCustom" skipped="0" tests="1" time="0.000" timestamp="2023-08-04T18:56:32">
		<testcase classname="test_to_string_custom.TestToStringCustom" file="spec/python/test_to_string_custom.py" line="6" name="test_to_string_custom" time="0.000" timestamp="2023-08-04T18:56:32">
			<system-out>
<![CDATA[]]>			</system-out>
			<system-err>
<![CDATA[]]>			</system-err>
		</testcase>
	</testsuite>
	<testsuite errors="0" failures="0" file="test_float_to_i.py" name="test_float_to_i.TestFloatToI" skipped="0" tests="1" time="0.001" timestamp="2023-08-04T18:56:32">
		<testcase classname="test_float_to_i.TestFloatToI" file="spec/python/test_float_to_i.py" line="8" name="test_float_to_i" time="0.001" timestamp="2023-08-04T18:56:32">
			<system-out>
<![CDATA[]]>			</system-out>
			<system-err>
<![CDATA[]]>			</system-err>
		</testcase>
	</testsuite>
	<testsuite errors="0" failures="0" file="test_params_enum.py" name="test_params_enum.TestParamsEnum" skipped="0" tests="1" time="0.001" timestamp="2023-08-04T18:56:32">
		<testcase classname="test_params_enum.TestParamsEnum" file="spec/python/test_params_enum.py" line="8" name="test_params_enum" time="0.001" timestamp="2023-08-04T18:56:32">
			<system-out>
<![CDATA[]]>			</system-out>
			<system-err>
<![CDATA[]]>			</system-err>
		</testcase>
	</testsuite>
	<testsuite errors="0" failures="0" file="test_type_ternary.py" name="test_type_ternary.TestTypeTernary" skipped="0" tests="1" time="0.001" timestamp="2023-08-04T18:56:32">
		<testcase classname="test_type_ternary.TestTypeTernary" file="spec/python/test_type_ternary.py" line="8" name="test_type_ternary" time="0.001" timestamp="2023-08-04T18:56:32">
			<system-out>
<![CDATA[]]>			</system-out>
			<system-err>
<![CDATA[]]>			</system-err>
		</testcase>
	</testsuite>
	<testsuite errors="0" failures="0" file="test_if_instances.py" name="test_if_instances.TestIfInstances" skipped="0" tests="1" time="0.001" timestamp="2023-08-04T18:56:32">
		<testcase classname="test_if_instances.TestIfInstances" file="spec/python/test_if_instances.py" line="8" name="test_if_instances" time="0.001" timestamp="2023-08-04T18:56:32">
			<system-out>
<![CDATA[]]>			</system-out>
			<system-err>
<![CDATA[]]>			</system-err>
		</testcase>
	</testsuite>
	<testsuite errors="0" failures="0" file="test_enum_deep.py" name="test_enum_deep.TestEnumDeep" skipped="0" tests="1" time="0.001" timestamp="2023-08-04T18:56:32">
		<testcase classname="test_enum_deep.TestEnumDeep" file="spec/python/test_enum_deep.py" line="8" name="test_enum_deep" time="0.001" timestamp="2023-08-04T18:56:32">
			<system-out>
<![CDATA[]]>			</system-out>
			<system-err>
<![CDATA[]]>			</system-err>
		</testcase>
	</testsuite>
	<testsuite errors="0" failures="0" file="test_params_call_short.py" name="test_params_call_short.TestParamsCallShort" skipped="0" tests="1" time="0.001" timestamp="2023-08-04T18:56:32">
		<testcase classname="test_params_call_short.TestParamsCallShort" file="spec/python/test_params_call_short.py" line="8" name="test_params_call_short" time="0.001" timestamp="2023-08-04T18:56:32">
			<system-out>
<![CDATA[]]>			</system-out>
			<system-err>
<![CDATA[]]>			</system-err>
		</testcase>
	</testsuite>
	<testsuite errors="0" failures="0" file="test_process_coerce_bytes.py" name="test_process_coerce_bytes.TestProcessCoerceBytes" skipped="0" tests="1" time="0.001" timestamp="2023-08-04T18:56:32">
		<testcase classname="test_process_coerce_bytes.TestProcessCoerceBytes" file="spec/python/test_process_coerce_bytes.py" line="8" name="test_process_coerce_bytes" time="0.001" timestamp="2023-08-04T18:56:32">
			<system-out>
<![CDATA[]]>			</system-out>
			<system-err>
<![CDATA[]]>			</system-err>
		</testcase>
	</testsuite>
	<testsuite errors="0" failures="0" file="test_switch_manual_str.py" name="test_switch_manual_str.TestSwitchManualStr" skipped="0" tests="1" time="0.002" timestamp="2023-08-04T18:56:32">
		<testcase classname="test_switch_manual_str.TestSwitchManualStr" file="spec/python/test_switch_manual_str.py" line="8" name="test_switch_manual_str" time="0.002" timestamp="2023-08-04T18:56:32">
			<system-out>
<![CDATA[]]>			</system-out>
			<system-err>
<![CDATA[]]>			</system-err>
		</testcase>
	</testsuite>
	<testsuite errors="0" failures="0" file="test_switch_manual_enum.py" name="test_switch_manual_enum.TestSwitchManualEnum" skipped="0" tests="1" time="0.002" timestamp="2023-08-04T18:56:32">
		<testcase classname="test_switch_manual_enum.TestSwitchManualEnum" file="spec/python/test_switch_manual_enum.py" line="8" name="test_switch_manual_enum" time="0.002" timestamp="2023-08-04T18:56:32">
			<system-out>
<![CDATA[]]>			</system-out>
			<system-err>
<![CDATA[]]>			</system-err>
		</testcase>
	</testsuite>
	<testsuite errors="0" failures="0" file="test_cast_to_top.py" name="test_cast_to_top.TestCastToTop" skipped="0" tests="1" time="0.001" timestamp="2023-08-04T18:56:32">
		<testcase classname="test_cast_to_top.TestCastToTop" file="spec/python/test_cast_to_top.py" line="8" name="test_cast_to_top" time="0.001" timestamp="2023-08-04T18:56:32">
			<system-out>
<![CDATA[]]>			</system-out>
			<system-err>
<![CDATA[]]>			</system-err>
		</testcase>
	</testsuite>
	<testsuite errors="0" failures="0" file="test_enum_1.py" name="test_enum_1.TestEnum1" skipped="0" tests="1" time="0.001" timestamp="2023-08-04T18:56:32">
		<testcase classname="test_enum_1.TestEnum1" file="spec/python/test_enum_1.py" line="8" name="test_enum_1" time="0.001" timestamp="2023-08-04T18:56:32">
			<system-out>
<![CDATA[]]>			</system-out>
			<system-err>
<![CDATA[]]>			</system-err>
		</testcase>
	</testsuite>
	<testsuite errors="0" failures="0" file="test_hello_world.py" name="test_hello_world.TestHelloWorld" skipped="0" tests="1" time="0.001" timestamp="2023-08-04T18:56:32">
		<testcase classname="test_hello_world.TestHelloWorld" file="spec/python/test_hello_world.py" line="8" name="test_hello_world" time="0.001" timestamp="2023-08-04T18:56:32">
			<system-out>
<![CDATA[]]>			</system-out>
			<system-err>
<![CDATA[]]>			</system-err>
		</testcase>
	</testsuite>
	<testsuite errors="0" failures="0" file="test_type_ternary_2nd_falsy.py" name="test_type_ternary_2nd_falsy.TestTypeTernary2ndFalsy" skipped="0" tests="1" time="0.001" timestamp="2023-08-04T18:56:32">
		<testcase classname="test_type_ternary_2nd_falsy.TestTypeTernary2ndFalsy" file="spec/python/test_type_ternary_2nd_falsy.py" line="8" name="test_type_ternary_2nd_falsy" time="0.001" timestamp="2023-08-04T18:56:32">
			<system-out>
<![CDATA[]]>			</system-out>
			<system-err>
<![CDATA[]]>			</system-err>
		</testcase>
	</testsuite>
	<testsuite errors="0" failures="0" file="test_valid_fail_eq_bytes.py" name="test_valid_fail_eq_bytes.TestValidFailEqBytes" skipped="0" tests="1" time="0.001" timestamp="2023-08-04T18:56:32">
		<testcase classname="test_valid_fail_eq_bytes.TestValidFailEqBytes" file="spec/python/test_valid_fail_eq_bytes.py" line="9" name="test_valid_fail_eq_bytes" time="0.001" timestamp="2023-08-04T18:56:32">
			<system-out>
<![CDATA[]]>			</system-out>
			<system-err>
<![CDATA[]]>			</system-err>
		</testcase>
	</testsuite>
	<testsuite errors="0" failures="0" file="test_valid_fail_min_int.py" name="test_valid_fail_min_int.TestValidFailMinInt" skipped="0" tests="1" time="0.001" timestamp="2023-08-04T18:56:32">
		<testcase classname="test_valid_fail_min_int.TestValidFailMinInt" file="spec/python/test_valid_fail_min_int.py" line="9" name="test_valid_fail_min_int" time="0.001" timestamp="2023-08-04T18:56:32">
			<system-out>
<![CDATA[]]>			</system-out>
			<system-err>
<![CDATA[]]>			</system-err>
		</testcase>
	</testsuite>
	<testsuite errors="0" failures="0" file="test_yaml_ints.py" name="test_yaml_ints.TestYamlInts" skipped="0" tests="1" time="0.001" timestamp="2023-08-04T18:56:32">
		<testcase classname="test_yaml_ints.TestYamlInts" file="spec/python/test_yaml_ints.py" line="8" name="test_yaml_ints" time="0.001" timestamp="2023-08-04T18:56:32">
			<system-out>
<![CDATA[]]>			</system-out>
			<system-err>
<![CDATA[]]>			</system-err>
		</testcase>
	</testsuite>
	<testsuite errors="0" failures="0" file="test_bcd_user_type_le.py" name="test_bcd_user_type_le.TestBcdUserTypeLe" skipped="0" tests="1" time="0.001" timestamp="2023-08-04T18:56:32">
		<testcase classname="test_bcd_user_type_le.TestBcdUserTypeLe" file="spec/python/test_bcd_user_type_le.py" line="8" name="test_bcd_user_type_le" time="0.001" timestamp="2023-08-04T18:56:32">
			<system-out>
<![CDATA[]]>			</system-out>
			<system-err>
<![CDATA[]]>			</system-err>
		</testcase>
	</testsuite>
	<testsuite errors="0" failures="0" file="test_position_in_seq.py" name="test_position_in_seq.TestPositionInSeq" skipped="0" tests="1" time="0.001" timestamp="2023-08-04T18:56:32">
		<testcase classname="test_position_in_seq.TestPositionInSeq" file="spec/python/test_position_in_seq.py" line="8" name="test_position_in_seq" time="0.001" timestamp="2023-08-04T18:56:32">
			<system-out>
<![CDATA[]]>			</system-out>
			<system-err>
<![CDATA[]]>			</system-err>
		</testcase>
	</testsuite>
	<testsuite errors="0" failures="0" file="test_position_abs.py" name="test_position_abs.TestPositionAbs" skipped="0" tests="1" time="0.001" timestamp="2023-08-04T18:56:32">
		<testcase classname="test_position_abs.TestPositionAbs" file="spec/python/test_position_abs.py" line="8" name="test_position_abs" time="0.001" timestamp="2023-08-04T18:56:32">
			<system-out>
<![CDATA[]]>			</system-out>
			<system-err>
<![CDATA[]]>			</system-err>
		</testcase>
	</testsuite>
	<testsuite errors="0" failures="0" file="test_nested_types3.py" name="test_nested_types3.TestNestedTypes3" skipped="0" tests="1" time="0.001" timestamp="2023-08-04T18:56:32">
		<testcase classname="test_nested_types3.TestNestedTypes3" file="spec/python/test_nested_types3.py" line="8" name="test_nested_types3" time="0.001" timestamp="2023-08-04T18:56:32">
			<system-out>
<![CDATA[]]>			</system-out>
			<system-err>
<![CDATA[]]>			</system-err>
		</testcase>
	</testsuite>
	<testsuite errors="0" failures="0" file="test_switch_manual_int_size.py" name="test_switch_manual_int_size.TestSwitchManualIntSize" skipped="0" tests="1" time="0.002" timestamp="2023-08-04T18:56:32">
		<testcase classname="test_switch_manual_int_size.TestSwitchManualIntSize" file="spec/python/test_switch_manual_int_size.py" line="8" name="test_switch_manual_int_size" time="0.002" timestamp="2023-08-04T18:56:32">
			<system-out>
<![CDATA[]]>			</system-out>
			<system-err>
<![CDATA[]]>			</system-err>
		</testcase>
	</testsuite>
	<testsuite errors="0" failures="0" file="test_switch_repeat_expr_invalid.py" name="test_switch_repeat_expr_invalid.TestSwitchRepeatExprInvalid" skipped="0" tests="1" time="0.001" timestamp="2023-08-04T18:56:32">
		<testcase classname="test_switch_repeat_expr_invalid.TestSwitchRepeatExprInvalid" file="spec/python/test_switch_repeat_expr_invalid.py" line="8" name="test_switch_repeat_expr_invalid" time="0.001" timestamp="2023-08-04T18:56:32">
			<system-out>
<![CDATA[]]>			</system-out>
			<system-err>
<![CDATA[]]>			</system-err>
		</testcase>
	</testsuite>
	<testsuite errors="0" failures="0" file="test_str_pad_term.py" name="test_str_pad_term.TestStrPadTerm" skipped="0" tests="1" time="0.001" timestamp="2023-08-04T18:56:32">
		<testcase classname="test_str_pad_term.TestStrPadTerm" file="spec/python/test_str_pad_term.py" line="8" name="test_str_pad_term" time="0.001" timestamp="2023-08-04T18:56:32">
			<system-out>
<![CDATA[]]>			</system-out>
			<system-err>
<![CDATA[]]>			</system-err>
		</testcase>
	</testsuite>
	<testsuite errors="0" failures="0" file="test_default_big_endian.py" name="test_default_big_endian.TestDefaultBigEndian" skipped="0" tests="1" time="0.001" timestamp="2023-08-04T18:56:32">
		<testcase classname="test_default_big_endian.TestDefaultBigEndian" file="spec/python/test_default_big_endian.py" line="8" name="test_default_big_endian" time="0.001" timestamp="2023-08-04T18:56:32">
			<system-out>
<![CDATA[]]>			</system-out>
			<system-err>
<![CDATA[]]>			</system-err>
		</testcase>
	</testsuite>
	<testsuite errors="0" failures="0" file="test_integers_min_max.py" name="test_integers_min_max.TestIntegersMinMax" skipped="0" tests="1" time="0.004" timestamp="2023-08-04T18:56:32">
		<testcase classname="test_integers_min_max.TestIntegersMinMax" file="spec/python/test_integers_min_max.py" line="8" name="test_integers_min_max" time="0.004" timestamp="2023-08-04T18:56:32">
			<system-out>
<![CDATA[]]>			</system-out>
			<system-err>
<![CDATA[]]>			</system-err>
		</testcase>
	</testsuite>
	<testsuite errors="0" failures="0" file="test_expr_ops_parens.py" name="test_expr_ops_parens.TestExprOpsParens" skipped="0" tests="1" time="0.001" timestamp="2023-08-04T18:56:32">
		<testcase classname="test_expr_ops_parens.TestExprOpsParens" file="spec/python/test_expr_ops_parens.py" line="8" name="test_expr_ops_parens" time="0.001" timestamp="2023-08-04T18:56:32">
			<system-out>
<![CDATA[]]>			</system-out>
			<system-err>
<![CDATA[]]>			</system-err>
		</testcase>
	</testsuite>
	<testsuite errors="0" failures="0" file="test_params_pass_array_int.py" name="test_params_pass_array_int.TestParamsPassArrayInt" skipped="0" tests="1" time="0.001" timestamp="2023-08-04T18:56:32">
		<testcase classname="test_params_pass_array_int.TestParamsPassArrayInt" file="spec/python/test_params_pass_array_int.py" line="8" name="test_params_pass_array_int" time="0.001" timestamp="2023-08-04T18:56:32">
			<system-out>
<![CDATA[]]>			</system-out>
			<system-err>
<![CDATA[]]>			</system-err>
		</testcase>
	</testsuite>
	<testsuite errors="0" failures="0" file="test_eos_exception_bytes.py" name="test_eos_exception_bytes.TestEosExceptionBytes" skipped="0" tests="1" time="0.001" timestamp="2023-08-04T18:56:32">
		<testcase classname="test_eos_exception_bytes.TestEosExceptionBytes" file="spec/python/test_eos_exception_bytes.py" line="7" name="test_eos_exception_bytes" time="0.001" timestamp="2023-08-04T18:56:32">
			<system-out>
<![CDATA[]]>			</system-out>
			<system-err>
<![CDATA[]]>			</system-err>
		</testcase>
	</testsuite>
	<testsuite errors="0" failures="0" file="test_process_xor4_value.py" name="test_process_xor4_value.TestProcessXor4Value" skipped="0" tests="1" time="0.001" timestamp="2023-08-04T18:56:32">
		<testcase classname="test_process_xor4_value.TestProcessXor4Value" file="spec/python/test_process_xor4_value.py" line="8" name="test_process_xor4_value" time="0.001" timestamp="2023-08-04T18:56:32">
			<system-out>
<![CDATA[]]>			</system-out>
			<system-err>
<![CDATA[]]>			</system-err>
		</testcase>
	</testsuite>
	<testsuite errors="0" failures="0" file="test_imports_rel_1.py" name="test_imports_rel_1.TestImportsRel1" skipped="0" tests="1" time="0.001" timestamp="2023-08-04T18:56:32">
		<testcase classname="test_imports_rel_1.TestImportsRel1" file="spec/python/test_imports_rel_1.py" line="8" name="test_imports_rel_1" time="0.001" timestamp="2023-08-04T18:56:32">
			<system-out>
<![CDATA[]]>			</system-out>
			<system-err>
<![CDATA[]]>			</system-err>
		</testcase>
	</testsuite>
</testsuites>
