<?xml version="1.0" encoding="UTF-8"?>
<testsuites>
	<testsuite name="test_bcd_user_type_be.TestBcdUserTypeBe" tests="1" file="test_bcd_user_type_be.py" time="0.001" timestamp="2025-09-06T10:37:55" failures="0" errors="0" skipped="0">
		<testcase classname="test_bcd_user_type_be.TestBcdUserTypeBe" name="test_bcd_user_type_be" time="0.001" timestamp="2025-09-06T10:37:55" file="spec/python/spec/test_bcd_user_type_be.py" line="7"/>
	</testsuite>
	<testsuite name="test_bcd_user_type_le.TestBcdUserTypeLe" tests="1" file="test_bcd_user_type_le.py" time="0.001" timestamp="2025-09-06T10:37:55" failures="0" errors="0" skipped="0">
		<testcase classname="test_bcd_user_type_le.TestBcdUserTypeLe" name="test_bcd_user_type_le" time="0.001" timestamp="2025-09-06T10:37:55" file="spec/python/spec/test_bcd_user_type_le.py" line="7"/>
	</testsuite>
	<testsuite name="test_bits_byte_aligned.TestBitsByteAligned" tests="1" file="test_bits_byte_aligned.py" time="0.000" timestamp="2025-09-06T10:37:55" failures="0" errors="0" skipped="0">
		<testcase classname="test_bits_byte_aligned.TestBitsByteAligned" name="test_bits_byte_aligned" time="0.000" timestamp="2025-09-06T10:37:55" file="spec/python/spec/test_bits_byte_aligned.py" line="7"/>
	</testsuite>
	<testsuite name="test_bits_byte_aligned_eof_be.TestBitsByteAlignedEofBe" tests="1" file="test_bits_byte_aligned_eof_be.py" time="0.000" timestamp="2025-09-06T10:37:55" failures="0" errors="0" skipped="0">
		<testcase classname="test_bits_byte_aligned_eof_be.TestBitsByteAlignedEofBe" name="test_bits_byte_aligned_eof_be" time="0.000" timestamp="2025-09-06T10:37:55" file="spec/python/spec/test_bits_byte_aligned_eof_be.py" line="8"/>
	</testsuite>
	<testsuite name="test_bits_byte_aligned_eof_le.TestBitsByteAlignedEofLe" tests="1" file="test_bits_byte_aligned_eof_le.py" time="0.000" timestamp="2025-09-06T10:37:55" failures="0" errors="0" skipped="0">
		<testcase classname="test_bits_byte_aligned_eof_le.TestBitsByteAlignedEofLe" name="test_bits_byte_aligned_eof_le" time="0.000" timestamp="2025-09-06T10:37:55" file="spec/python/spec/test_bits_byte_aligned_eof_le.py" line="8"/>
	</testsuite>
	<testsuite name="test_bits_enum.TestBitsEnum" tests="1" file="test_bits_enum.py" time="0.000" timestamp="2025-09-06T10:37:55" failures="0" errors="0" skipped="0">
		<testcase classname="test_bits_enum.TestBitsEnum" name="test_bits_enum" time="0.000" timestamp="2025-09-06T10:37:55" file="spec/python/spec/test_bits_enum.py" line="8"/>
	</testsuite>
	<testsuite name="test_bits_seq_endian_combo.TestBitsSeqEndianCombo" tests="1" file="test_bits_seq_endian_combo.py" time="0.000" timestamp="2025-09-06T10:37:55" failures="0" errors="0" skipped="0">
		<testcase classname="test_bits_seq_endian_combo.TestBitsSeqEndianCombo" name="test_bits_seq_endian_combo" time="0.000" timestamp="2025-09-06T10:37:55" file="spec/python/spec/test_bits_seq_endian_combo.py" line="7"/>
	</testsuite>
	<testsuite name="test_bits_shift_by_b32_le.TestBitsShiftByB32Le" tests="1" file="test_bits_shift_by_b32_le.py" time="0.000" timestamp="2025-09-06T10:37:55" failures="0" errors="0" skipped="0">
		<testcase classname="test_bits_shift_by_b32_le.TestBitsShiftByB32Le" name="test_bits_shift_by_b32_le" time="0.000" timestamp="2025-09-06T10:37:55" file="spec/python/spec/test_bits_shift_by_b32_le.py" line="7"/>
	</testsuite>
	<testsuite name="test_bits_shift_by_b64_le.TestBitsShiftByB64Le" tests="1" file="test_bits_shift_by_b64_le.py" time="0.000" timestamp="2025-09-06T10:37:55" failures="0" errors="0" skipped="0">
		<testcase classname="test_bits_shift_by_b64_le.TestBitsShiftByB64Le" name="test_bits_shift_by_b64_le" time="0.000" timestamp="2025-09-06T10:37:55" file="spec/python/spec/test_bits_shift_by_b64_le.py" line="7"/>
	</testsuite>
	<testsuite name="test_bits_signed_res_b32_be.TestBitsSignedResB32Be" tests="1" file="test_bits_signed_res_b32_be.py" time="0.000" timestamp="2025-09-06T10:37:55" failures="0" errors="0" skipped="0">
		<testcase classname="test_bits_signed_res_b32_be.TestBitsSignedResB32Be" name="test_bits_signed_res_b32_be" time="0.000" timestamp="2025-09-06T10:37:55" file="spec/python/spec/test_bits_signed_res_b32_be.py" line="7"/>
	</testsuite>
	<testsuite name="test_bits_signed_res_b32_le.TestBitsSignedResB32Le" tests="1" file="test_bits_signed_res_b32_le.py" time="0.001" timestamp="2025-09-06T10:37:55" failures="0" errors="0" skipped="0">
		<testcase classname="test_bits_signed_res_b32_le.TestBitsSignedResB32Le" name="test_bits_signed_res_b32_le" time="0.001" timestamp="2025-09-06T10:37:55" file="spec/python/spec/test_bits_signed_res_b32_le.py" line="7"/>
	</testsuite>
	<testsuite name="test_bits_signed_shift_b32_le.TestBitsSignedShiftB32Le" tests="1" file="test_bits_signed_shift_b32_le.py" time="0.000" timestamp="2025-09-06T10:37:55" failures="0" errors="0" skipped="0">
		<testcase classname="test_bits_signed_shift_b32_le.TestBitsSignedShiftB32Le" name="test_bits_signed_shift_b32_le" time="0.000" timestamp="2025-09-06T10:37:55" file="spec/python/spec/test_bits_signed_shift_b32_le.py" line="7"/>
	</testsuite>
	<testsuite name="test_bits_signed_shift_b64_le.TestBitsSignedShiftB64Le" tests="1" file="test_bits_signed_shift_b64_le.py" time="0.000" timestamp="2025-09-06T10:37:55" failures="0" errors="0" skipped="0">
		<testcase classname="test_bits_signed_shift_b64_le.TestBitsSignedShiftB64Le" name="test_bits_signed_shift_b64_le" time="0.000" timestamp="2025-09-06T10:37:55" file="spec/python/spec/test_bits_signed_shift_b64_le.py" line="7"/>
	</testsuite>
	<testsuite name="test_bits_simple.TestBitsSimple" tests="1" file="test_bits_simple.py" time="0.001" timestamp="2025-09-06T10:37:55" failures="0" errors="0" skipped="0">
		<testcase classname="test_bits_simple.TestBitsSimple" name="test_bits_simple" time="0.001" timestamp="2025-09-06T10:37:55" file="spec/python/spec/test_bits_simple.py" line="7"/>
	</testsuite>
	<testsuite name="test_bits_simple_le.TestBitsSimpleLe" tests="1" file="test_bits_simple_le.py" time="0.001" timestamp="2025-09-06T10:37:55" failures="0" errors="0" skipped="0">
		<testcase classname="test_bits_simple_le.TestBitsSimpleLe" name="test_bits_simple_le" time="0.001" timestamp="2025-09-06T10:37:55" file="spec/python/spec/test_bits_simple_le.py" line="7"/>
	</testsuite>
	<testsuite name="test_bits_unaligned_b32_be.TestBitsUnalignedB32Be" tests="1" file="test_bits_unaligned_b32_be.py" time="0.000" timestamp="2025-09-06T10:37:55" failures="0" errors="0" skipped="0">
		<testcase classname="test_bits_unaligned_b32_be.TestBitsUnalignedB32Be" name="test_bits_unaligned_b32_be" time="0.000" timestamp="2025-09-06T10:37:55" file="spec/python/spec/test_bits_unaligned_b32_be.py" line="7"/>
	</testsuite>
	<testsuite name="test_bits_unaligned_b32_le.TestBitsUnalignedB32Le" tests="1" file="test_bits_unaligned_b32_le.py" time="0.000" timestamp="2025-09-06T10:37:55" failures="0" errors="0" skipped="0">
		<testcase classname="test_bits_unaligned_b32_le.TestBitsUnalignedB32Le" name="test_bits_unaligned_b32_le" time="0.000" timestamp="2025-09-06T10:37:55" file="spec/python/spec/test_bits_unaligned_b32_le.py" line="7"/>
	</testsuite>
	<testsuite name="test_bits_unaligned_b64_be.TestBitsUnalignedB64Be" tests="1" file="test_bits_unaligned_b64_be.py" time="0.000" timestamp="2025-09-06T10:37:55" failures="0" errors="0" skipped="0">
		<testcase classname="test_bits_unaligned_b64_be.TestBitsUnalignedB64Be" name="test_bits_unaligned_b64_be" time="0.000" timestamp="2025-09-06T10:37:55" file="spec/python/spec/test_bits_unaligned_b64_be.py" line="7"/>
	</testsuite>
	<testsuite name="test_bits_unaligned_b64_le.TestBitsUnalignedB64Le" tests="1" file="test_bits_unaligned_b64_le.py" time="0.000" timestamp="2025-09-06T10:37:55" failures="0" errors="0" skipped="0">
		<testcase classname="test_bits_unaligned_b64_le.TestBitsUnalignedB64Le" name="test_bits_unaligned_b64_le" time="0.000" timestamp="2025-09-06T10:37:55" file="spec/python/spec/test_bits_unaligned_b64_le.py" line="7"/>
	</testsuite>
	<testsuite name="test_buffered_struct.TestBufferedStruct" tests="1" file="test_buffered_struct.py" time="0.000" timestamp="2025-09-06T10:37:55" failures="0" errors="0" skipped="0">
		<testcase classname="test_buffered_struct.TestBufferedStruct" name="test_buffered_struct" time="0.000" timestamp="2025-09-06T10:37:55" file="spec/python/spec/test_buffered_struct.py" line="7"/>
	</testsuite>
	<testsuite name="test_bytes_eos_pad_term.TestBytesEosPadTerm" tests="1" file="test_bytes_eos_pad_term.py" time="0.000" timestamp="2025-09-06T10:37:55" failures="0" errors="0" skipped="0">
		<testcase classname="test_bytes_eos_pad_term.TestBytesEosPadTerm" name="test_bytes_eos_pad_term" time="0.000" timestamp="2025-09-06T10:37:55" file="spec/python/spec/test_bytes_eos_pad_term.py" line="8"/>
	</testsuite>
	<testsuite name="test_bytes_pad_term.TestBytesPadTerm" tests="1" file="test_bytes_pad_term.py" time="0.000" timestamp="2025-09-06T10:37:55" failures="0" errors="0" skipped="0">
		<testcase classname="test_bytes_pad_term.TestBytesPadTerm" name="test_bytes_pad_term" time="0.000" timestamp="2025-09-06T10:37:55" file="spec/python/spec/test_bytes_pad_term.py" line="7"/>
	</testsuite>
	<testsuite name="test_bytes_pad_term_empty.TestBytesPadTermEmpty" tests="1" file="test_bytes_pad_term_empty.py" time="0.000" timestamp="2025-09-06T10:37:55" failures="0" errors="0" skipped="0">
		<testcase classname="test_bytes_pad_term_empty.TestBytesPadTermEmpty" name="test_bytes_pad_term_empty" time="0.000" timestamp="2025-09-06T10:37:55" file="spec/python/spec/test_bytes_pad_term_empty.py" line="8"/>
	</testsuite>
	<testsuite name="test_bytes_pad_term_equal.TestBytesPadTermEqual" tests="1" file="test_bytes_pad_term_equal.py" time="0.000" timestamp="2025-09-06T10:37:55" failures="0" errors="0" skipped="0">
		<testcase classname="test_bytes_pad_term_equal.TestBytesPadTermEqual" name="test_bytes_pad_term_equal" time="0.000" timestamp="2025-09-06T10:37:55" file="spec/python/spec/test_bytes_pad_term_equal.py" line="8"/>
	</testsuite>
	<testsuite name="test_bytes_pad_term_roundtrip.TestBytesPadTermRoundtrip" tests="1" file="test_bytes_pad_term_roundtrip.py" time="0.000" timestamp="2025-09-06T10:37:55" failures="0" errors="0" skipped="0">
		<testcase classname="test_bytes_pad_term_roundtrip.TestBytesPadTermRoundtrip" name="test_bytes_pad_term_roundtrip" time="0.000" timestamp="2025-09-06T10:37:55" file="spec/python/spec/test_bytes_pad_term_roundtrip.py" line="8"/>
	</testsuite>
	<testsuite name="test_bytes_pad_term_zero_size.TestBytesPadTermZeroSize" tests="1" file="test_bytes_pad_term_zero_size.py" time="0.000" timestamp="2025-09-06T10:37:55" failures="0" errors="0" skipped="0">
		<testcase classname="test_bytes_pad_term_zero_size.TestBytesPadTermZeroSize" name="test_bytes_pad_term_zero_size" time="0.000" timestamp="2025-09-06T10:37:55" file="spec/python/spec/test_bytes_pad_term_zero_size.py" line="8"/>
	</testsuite>
	<testsuite name="test_cast_nested.TestCastNested" tests="1" file="test_cast_nested.py" time="0.001" timestamp="2025-09-06T10:37:55" failures="0" errors="0" skipped="0">
		<testcase classname="test_cast_nested.TestCastNested" name="test_cast_nested" time="0.001" timestamp="2025-09-06T10:37:55" file="spec/python/spec/test_cast_nested.py" line="7"/>
	</testsuite>
	<testsuite name="test_cast_to_top.TestCastToTop" tests="1" file="test_cast_to_top.py" time="0.000" timestamp="2025-09-06T10:37:55" failures="0" errors="0" skipped="0">
		<testcase classname="test_cast_to_top.TestCastToTop" name="test_cast_to_top" time="0.000" timestamp="2025-09-06T10:37:55" file="spec/python/spec/test_cast_to_top.py" line="7"/>
	</testsuite>
	<testsuite name="test_combine_bool.TestCombineBool" tests="1" file="test_combine_bool.py" time="0.000" timestamp="2025-09-06T10:37:55" failures="0" errors="0" skipped="0">
		<testcase classname="test_combine_bool.TestCombineBool" name="test_combine_bool" time="0.000" timestamp="2025-09-06T10:37:55" file="spec/python/spec/test_combine_bool.py" line="7"/>
	</testsuite>
	<testsuite name="test_combine_bytes.TestCombineBytes" tests="1" file="test_combine_bytes.py" time="0.001" timestamp="2025-09-06T10:37:55" failures="0" errors="0" skipped="0">
		<testcase classname="test_combine_bytes.TestCombineBytes" name="test_combine_bytes" time="0.001" timestamp="2025-09-06T10:37:55" file="spec/python/spec/test_combine_bytes.py" line="7"/>
	</testsuite>
	<testsuite name="test_combine_enum.TestCombineEnum" tests="1" file="test_combine_enum.py" time="0.000" timestamp="2025-09-06T10:37:55" failures="0" errors="0" skipped="0">
		<testcase classname="test_combine_enum.TestCombineEnum" name="test_combine_enum" time="0.000" timestamp="2025-09-06T10:37:55" file="spec/python/spec/test_combine_enum.py" line="8"/>
	</testsuite>
	<testsuite name="test_combine_str.TestCombineStr" tests="1" file="test_combine_str.py" time="0.001" timestamp="2025-09-06T10:37:55" failures="0" errors="0" skipped="0">
		<testcase classname="test_combine_str.TestCombineStr" name="test_combine_str" time="0.001" timestamp="2025-09-06T10:37:55" file="spec/python/spec/test_combine_str.py" line="7"/>
	</testsuite>
	<testsuite name="test_debug_0.TestDebug0" tests="1" file="test_debug_0.py" time="0.001" timestamp="2025-09-06T10:37:55" failures="0" errors="0" skipped="0">
		<testcase classname="test_debug_0.TestDebug0" name="test_debug_0" time="0.001" timestamp="2025-09-06T10:37:55" file="spec/python/spec/test_debug_0.py" line="5"/>
	</testsuite>
	<testsuite name="test_debug_array_user.TestDebugArrayUser" tests="1" file="test_debug_array_user.py" time="0.000" timestamp="2025-09-06T10:37:55" failures="0" errors="0" skipped="0">
		<testcase classname="test_debug_array_user.TestDebugArrayUser" name="test_debug_array_user" time="0.000" timestamp="2025-09-06T10:37:55" file="spec/python/spec/test_debug_array_user.py" line="5"/>
	</testsuite>
	<testsuite name="test_debug_array_user_current_excluded.TestDebugArrayUserCurrentExcluded" tests="1" file="test_debug_array_user_current_excluded.py" time="0.000" timestamp="2025-09-06T10:37:55" failures="0" errors="0" skipped="0">
		<testcase classname="test_debug_array_user_current_excluded.TestDebugArrayUserCurrentExcluded" name="test_debug_array_user_current_excluded" time="0.000" timestamp="2025-09-06T10:37:55" file="spec/python/spec/test_debug_array_user_current_excluded.py" line="5"/>
	</testsuite>
	<testsuite name="test_debug_array_user_eof_exception.TestDebugArrayUserEofException" tests="1" file="test_debug_array_user_eof_exception.py" time="0.001" timestamp="2025-09-06T10:37:55" failures="0" errors="0" skipped="0">
		<testcase classname="test_debug_array_user_eof_exception.TestDebugArrayUserEofException" name="test_debug_array_user_eof_exception" time="0.001" timestamp="2025-09-06T10:37:55" file="spec/python/spec/test_debug_array_user_eof_exception.py" line="5"/>
	</testsuite>
	<testsuite name="test_debug_enum_name.TestDebugEnumName" tests="1" file="test_debug_enum_name.py" time="0.000" timestamp="2025-09-06T10:37:55" failures="0" errors="0" skipped="0">
		<testcase classname="test_debug_enum_name.TestDebugEnumName" name="test_debug_enum_name" time="0.000" timestamp="2025-09-06T10:37:55" file="spec/python/spec/test_debug_enum_name.py" line="6"/>
	</testsuite>
	<testsuite name="test_debug_switch_user.TestDebugSwitchUser" tests="1" file="test_debug_switch_user.py" time="0.000" timestamp="2025-09-06T10:37:55" failures="0" errors="0" skipped="0">
		<testcase classname="test_debug_switch_user.TestDebugSwitchUser" name="test_debug_switch_user" time="0.000" timestamp="2025-09-06T10:37:55" file="spec/python/spec/test_debug_switch_user.py" line="5"/>
	</testsuite>
	<testsuite name="test_default_big_endian.TestDefaultBigEndian" tests="1" file="test_default_big_endian.py" time="0.000" timestamp="2025-09-06T10:37:55" failures="0" errors="0" skipped="0">
		<testcase classname="test_default_big_endian.TestDefaultBigEndian" name="test_default_big_endian" time="0.000" timestamp="2025-09-06T10:37:55" file="spec/python/spec/test_default_big_endian.py" line="7"/>
	</testsuite>
	<testsuite name="test_default_bit_endian_mod.TestDefaultBitEndianMod" tests="1" file="test_default_bit_endian_mod.py" time="0.000" timestamp="2025-09-06T10:37:55" failures="0" errors="0" skipped="0">
		<testcase classname="test_default_bit_endian_mod.TestDefaultBitEndianMod" name="test_default_bit_endian_mod" time="0.000" timestamp="2025-09-06T10:37:55" file="spec/python/spec/test_default_bit_endian_mod.py" line="7"/>
	</testsuite>
	<testsuite name="test_default_endian_expr_exception.TestDefaultEndianExprException" tests="1" file="test_default_endian_expr_exception.py" time="0.000" timestamp="2025-09-06T10:37:55" failures="0" errors="0" skipped="0">
		<testcase classname="test_default_endian_expr_exception.TestDefaultEndianExprException" name="test_default_endian_expr_exception" time="0.000" timestamp="2025-09-06T10:37:55" file="spec/python/spec/test_default_endian_expr_exception.py" line="8"/>
	</testsuite>
	<testsuite name="test_default_endian_expr_inherited.TestDefaultEndianExprInherited" tests="1" file="test_default_endian_expr_inherited.py" time="0.001" timestamp="2025-09-06T10:37:55" failures="0" errors="0" skipped="0">
		<testcase classname="test_default_endian_expr_inherited.TestDefaultEndianExprInherited" name="test_default_endian_expr_inherited" time="0.001" timestamp="2025-09-06T10:37:55" file="spec/python/spec/test_default_endian_expr_inherited.py" line="7"/>
	</testsuite>
	<testsuite name="test_default_endian_expr_is_be.TestDefaultEndianExprIsBe" tests="1" file="test_default_endian_expr_is_be.py" time="0.001" timestamp="2025-09-06T10:37:55" failures="0" errors="0" skipped="0">
		<testcase classname="test_default_endian_expr_is_be.TestDefaultEndianExprIsBe" name="test_default_endian_expr_is_be" time="0.001" timestamp="2025-09-06T10:37:55" file="spec/python/spec/test_default_endian_expr_is_be.py" line="7"/>
	</testsuite>
	<testsuite name="test_default_endian_expr_is_le.TestDefaultEndianExprIsLe" tests="1" file="test_default_endian_expr_is_le.py" time="0.001" timestamp="2025-09-06T10:37:55" failures="0" errors="0" skipped="0">
		<testcase classname="test_default_endian_expr_is_le.TestDefaultEndianExprIsLe" name="test_default_endian_expr_is_le" time="0.001" timestamp="2025-09-06T10:37:55" file="spec/python/spec/test_default_endian_expr_is_le.py" line="7"/>
	</testsuite>
	<testsuite name="test_default_endian_mod.TestDefaultEndianMod" tests="1" file="test_default_endian_mod.py" time="0.000" timestamp="2025-09-06T10:37:55" failures="0" errors="0" skipped="0">
		<testcase classname="test_default_endian_mod.TestDefaultEndianMod" name="test_default_endian_mod" time="0.000" timestamp="2025-09-06T10:37:55" file="spec/python/spec/test_default_endian_mod.py" line="7"/>
	</testsuite>
	<testsuite name="test_docstrings.TestDocstrings" tests="1" file="test_docstrings.py" time="0.000" timestamp="2025-09-06T10:37:55" failures="0" errors="0" skipped="0">
		<testcase classname="test_docstrings.TestDocstrings" name="test_docstrings" time="0.000" timestamp="2025-09-06T10:37:55" file="spec/python/spec/test_docstrings.py" line="7"/>
	</testsuite>
	<testsuite name="test_docstrings_docref.TestDocstringsDocref" tests="1" file="test_docstrings_docref.py" time="0.000" timestamp="2025-09-06T10:37:55" failures="0" errors="0" skipped="0">
		<testcase classname="test_docstrings_docref.TestDocstringsDocref" name="test_docstrings_docref" time="0.000" timestamp="2025-09-06T10:37:55" file="spec/python/spec/test_docstrings_docref.py" line="7"/>
	</testsuite>
	<testsuite name="test_docstrings_docref_multi.TestDocstringsDocrefMulti" tests="1" file="test_docstrings_docref_multi.py" time="0.000" timestamp="2025-09-06T10:37:55" failures="0" errors="0" skipped="0">
		<testcase classname="test_docstrings_docref_multi.TestDocstringsDocrefMulti" name="test_docstrings_docref_multi" time="0.000" timestamp="2025-09-06T10:37:55" file="spec/python/spec/test_docstrings_docref_multi.py" line="7"/>
	</testsuite>
	<testsuite name="test_enum_0.TestEnum0" tests="1" file="test_enum_0.py" time="0.000" timestamp="2025-09-06T10:37:55" failures="0" errors="0" skipped="0">
		<testcase classname="test_enum_0.TestEnum0" name="test_enum_0" time="0.000" timestamp="2025-09-06T10:37:55" file="spec/python/spec/test_enum_0.py" line="8"/>
	</testsuite>
	<testsuite name="test_enum_1.TestEnum1" tests="1" file="test_enum_1.py" time="0.000" timestamp="2025-09-06T10:37:55" failures="0" errors="0" skipped="0">
		<testcase classname="test_enum_1.TestEnum1" name="test_enum_1" time="0.000" timestamp="2025-09-06T10:37:55" file="spec/python/spec/test_enum_1.py" line="8"/>
	</testsuite>
	<testsuite name="test_enum_deep.TestEnumDeep" tests="1" file="test_enum_deep.py" time="0.000" timestamp="2025-09-06T10:37:55" failures="0" errors="0" skipped="0">
		<testcase classname="test_enum_deep.TestEnumDeep" name="test_enum_deep" time="0.000" timestamp="2025-09-06T10:37:55" file="spec/python/spec/test_enum_deep.py" line="8"/>
	</testsuite>
	<testsuite name="test_enum_deep_literals.TestEnumDeepLiterals" tests="1" file="test_enum_deep_literals.py" time="0.000" timestamp="2025-09-06T10:37:55" failures="0" errors="0" skipped="0">
		<testcase classname="test_enum_deep_literals.TestEnumDeepLiterals" name="test_enum_deep_literals" time="0.000" timestamp="2025-09-06T10:37:55" file="spec/python/spec/test_enum_deep_literals.py" line="7"/>
	</testsuite>
	<testsuite name="test_enum_fancy.TestEnumFancy" tests="1" file="test_enum_fancy.py" time="0.000" timestamp="2025-09-06T10:37:55" failures="0" errors="0" skipped="0">
		<testcase classname="test_enum_fancy.TestEnumFancy" name="test_enum_fancy" time="0.000" timestamp="2025-09-06T10:37:55" file="spec/python/spec/test_enum_fancy.py" line="8"/>
	</testsuite>
	<testsuite name="test_enum_if.TestEnumIf" tests="1" file="test_enum_if.py" time="0.001" timestamp="2025-09-06T10:37:55" failures="0" errors="0" skipped="0">
		<testcase classname="test_enum_if.TestEnumIf" name="test_enum_if" time="0.001" timestamp="2025-09-06T10:37:55" file="spec/python/spec/test_enum_if.py" line="8"/>
	</testsuite>
	<testsuite name="test_enum_import_literals.TestEnumImportLiterals" tests="1" file="test_enum_import_literals.py" time="0.000" timestamp="2025-09-06T10:37:55" failures="0" errors="0" skipped="0">
		<testcase classname="test_enum_import_literals.TestEnumImportLiterals" name="test_enum_import_literals" time="0.000" timestamp="2025-09-06T10:37:55" file="spec/python/spec/test_enum_import_literals.py" line="8"/>
	</testsuite>
	<testsuite name="test_enum_import_seq.TestEnumImportSeq" tests="1" file="test_enum_import_seq.py" time="0.000" timestamp="2025-09-06T10:37:55" failures="0" errors="0" skipped="0">
		<testcase classname="test_enum_import_seq.TestEnumImportSeq" name="test_enum_import_seq" time="0.000" timestamp="2025-09-06T10:37:55" file="spec/python/spec/test_enum_import_seq.py" line="9"/>
	</testsuite>
	<testsuite name="test_enum_int_range_s.TestEnumIntRangeS" tests="1" file="test_enum_int_range_s.py" time="0.000" timestamp="2025-09-06T10:37:55" failures="0" errors="0" skipped="0">
		<testcase classname="test_enum_int_range_s.TestEnumIntRangeS" name="test_enum_int_range_s" time="0.000" timestamp="2025-09-06T10:37:55" file="spec/python/spec/test_enum_int_range_s.py" line="8"/>
	</testsuite>
	<testsuite name="test_enum_int_range_u.TestEnumIntRangeU" tests="1" file="test_enum_int_range_u.py" time="0.000" timestamp="2025-09-06T10:37:55" failures="0" errors="0" skipped="0">
		<testcase classname="test_enum_int_range_u.TestEnumIntRangeU" name="test_enum_int_range_u" time="0.000" timestamp="2025-09-06T10:37:55" file="spec/python/spec/test_enum_int_range_u.py" line="8"/>
	</testsuite>
	<testsuite name="test_enum_invalid.TestEnumInvalid" tests="1" file="test_enum_invalid.py" time="0.000" timestamp="2025-09-06T10:37:55" failures="0" errors="0" skipped="0">
		<testcase classname="test_enum_invalid.TestEnumInvalid" name="test_enum_invalid" time="0.000" timestamp="2025-09-06T10:37:55" file="spec/python/spec/test_enum_invalid.py" line="8"/>
	</testsuite>
	<testsuite name="test_enum_long_range_s.TestEnumLongRangeS" tests="1" file="test_enum_long_range_s.py" time="0.000" timestamp="2025-09-06T10:37:55" failures="0" errors="0" skipped="0">
		<testcase classname="test_enum_long_range_s.TestEnumLongRangeS" name="test_enum_long_range_s" time="0.000" timestamp="2025-09-06T10:37:55" file="spec/python/spec/test_enum_long_range_s.py" line="8"/>
	</testsuite>
	<testsuite name="test_enum_long_range_u.TestEnumLongRangeU" tests="1" file="test_enum_long_range_u.py" time="0.000" timestamp="2025-09-06T10:37:55" failures="0" errors="0" skipped="0">
		<testcase classname="test_enum_long_range_u.TestEnumLongRangeU" name="test_enum_long_range_u" time="0.000" timestamp="2025-09-06T10:37:55" file="spec/python/spec/test_enum_long_range_u.py" line="8"/>
	</testsuite>
	<testsuite name="test_enum_negative.TestEnumNegative" tests="1" file="test_enum_negative.py" time="0.000" timestamp="2025-09-06T10:37:55" failures="0" errors="0" skipped="0">
		<testcase classname="test_enum_negative.TestEnumNegative" name="test_enum_negative" time="0.000" timestamp="2025-09-06T10:37:55" file="spec/python/spec/test_enum_negative.py" line="8"/>
	</testsuite>
	<testsuite name="test_enum_of_value_inst.TestEnumOfValueInst" tests="1" file="test_enum_of_value_inst.py" time="0.000" timestamp="2025-09-06T10:37:55" failures="0" errors="0" skipped="0">
		<testcase classname="test_enum_of_value_inst.TestEnumOfValueInst" name="test_enum_of_value_inst" time="0.000" timestamp="2025-09-06T10:37:55" file="spec/python/spec/test_enum_of_value_inst.py" line="8"/>
	</testsuite>
	<testsuite name="test_enum_to_i.TestEnumToI" tests="1" file="test_enum_to_i.py" time="0.000" timestamp="2025-09-06T10:37:55" failures="0" errors="0" skipped="0">
		<testcase classname="test_enum_to_i.TestEnumToI" name="test_enum_to_i" time="0.000" timestamp="2025-09-06T10:37:55" file="spec/python/spec/test_enum_to_i.py" line="8"/>
	</testsuite>
	<testsuite name="test_enum_to_i_class_border_1.TestEnumToIClassBorder1" tests="1" file="test_enum_to_i_class_border_1.py" time="0.000" timestamp="2025-09-06T10:37:55" failures="0" errors="0" skipped="0">
		<testcase classname="test_enum_to_i_class_border_1.TestEnumToIClassBorder1" name="test_enum_to_i_class_border_1" time="0.000" timestamp="2025-09-06T10:37:55" file="spec/python/spec/test_enum_to_i_class_border_1.py" line="8"/>
	</testsuite>
	<testsuite name="test_enum_to_i_invalid.TestEnumToIInvalid" tests="1" file="test_enum_to_i_invalid.py" time="0.000" timestamp="2025-09-06T10:37:55" failures="0" errors="0" skipped="0">
		<testcase classname="test_enum_to_i_invalid.TestEnumToIInvalid" name="test_enum_to_i_invalid" time="0.000" timestamp="2025-09-06T10:37:55" file="spec/python/spec/test_enum_to_i_invalid.py" line="8"/>
	</testsuite>
	<testsuite name="test_eof_exception_bytes.TestEofExceptionBytes" tests="1" file="test_eof_exception_bytes.py" time="0.000" timestamp="2025-09-06T10:37:55" failures="0" errors="0" skipped="0">
		<testcase classname="test_eof_exception_bytes.TestEofExceptionBytes" name="test_eof_exception_bytes" time="0.000" timestamp="2025-09-06T10:37:55" file="spec/python/spec/test_eof_exception_bytes.py" line="8"/>
	</testsuite>
	<testsuite name="test_eof_exception_sized.TestEofExceptionSized" tests="1" file="test_eof_exception_sized.py" time="0.000" timestamp="2025-09-06T10:37:55" failures="0" errors="0" skipped="0">
		<testcase classname="test_eof_exception_sized.TestEofExceptionSized" name="test_eof_exception_sized" time="0.000" timestamp="2025-09-06T10:37:55" file="spec/python/spec/test_eof_exception_sized.py" line="8"/>
	</testsuite>
	<testsuite name="test_eof_exception_u4.TestEofExceptionU4" tests="1" file="test_eof_exception_u4.py" time="0.000" timestamp="2025-09-06T10:37:55" failures="0" errors="0" skipped="0">
		<testcase classname="test_eof_exception_u4.TestEofExceptionU4" name="test_eof_exception_u4" time="0.000" timestamp="2025-09-06T10:37:55" file="spec/python/spec/test_eof_exception_u4.py" line="8"/>
	</testsuite>
	<testsuite name="test_eos_exception_bytes.TestEosExceptionBytes" tests="1" file="test_eos_exception_bytes.py" time="0.000" timestamp="2025-09-06T10:37:55" failures="0" errors="0" skipped="0">
		<testcase classname="test_eos_exception_bytes.TestEosExceptionBytes" name="test_eos_exception_bytes" time="0.000" timestamp="2025-09-06T10:37:55" file="spec/python/spec/test_eos_exception_bytes.py" line="8"/>
	</testsuite>
	<testsuite name="test_eos_exception_sized.TestEosExceptionSized" tests="1" file="test_eos_exception_sized.py" time="0.000" timestamp="2025-09-06T10:37:55" failures="0" errors="0" skipped="0">
		<testcase classname="test_eos_exception_sized.TestEosExceptionSized" name="test_eos_exception_sized" time="0.000" timestamp="2025-09-06T10:37:55" file="spec/python/spec/test_eos_exception_sized.py" line="8"/>
	</testsuite>
	<testsuite name="test_eos_exception_u4.TestEosExceptionU4" tests="1" file="test_eos_exception_u4.py" time="0.000" timestamp="2025-09-06T10:37:55" failures="0" errors="0" skipped="0">
		<testcase classname="test_eos_exception_u4.TestEosExceptionU4" name="test_eos_exception_u4" time="0.000" timestamp="2025-09-06T10:37:55" file="spec/python/spec/test_eos_exception_u4.py" line="8"/>
	</testsuite>
	<testsuite name="test_expr_0.TestExpr0" tests="1" file="test_expr_0.py" time="0.000" timestamp="2025-09-06T10:37:55" failures="0" errors="0" skipped="0">
		<testcase classname="test_expr_0.TestExpr0" name="test_expr_0" time="0.000" timestamp="2025-09-06T10:37:55" file="spec/python/spec/test_expr_0.py" line="7"/>
	</testsuite>
	<testsuite name="test_expr_1.TestExpr1" tests="1" file="test_expr_1.py" time="0.000" timestamp="2025-09-06T10:37:55" failures="0" errors="0" skipped="0">
		<testcase classname="test_expr_1.TestExpr1" name="test_expr_1" time="0.000" timestamp="2025-09-06T10:37:55" file="spec/python/spec/test_expr_1.py" line="7"/>
	</testsuite>
	<testsuite name="test_expr_2.TestExpr2" tests="1" file="test_expr_2.py" time="0.001" timestamp="2025-09-06T10:37:55" failures="0" errors="0" skipped="0">
		<testcase classname="test_expr_2.TestExpr2" name="test_expr_2" time="0.001" timestamp="2025-09-06T10:37:55" file="spec/python/spec/test_expr_2.py" line="7"/>
	</testsuite>
	<testsuite name="test_expr_3.TestExpr3" tests="1" file="test_expr_3.py" time="0.001" timestamp="2025-09-06T10:37:55" failures="0" errors="0" skipped="0">
		<testcase classname="test_expr_3.TestExpr3" name="test_expr_3" time="0.001" timestamp="2025-09-06T10:37:55" file="spec/python/spec/test_expr_3.py" line="7"/>
	</testsuite>
	<testsuite name="test_expr_array.TestExprArray" tests="1" file="test_expr_array.py" time="0.001" timestamp="2025-09-06T10:37:55" failures="0" errors="0" skipped="0">
		<testcase classname="test_expr_array.TestExprArray" name="test_expr_array" time="0.001" timestamp="2025-09-06T10:37:55" file="spec/python/spec/test_expr_array.py" line="5"/>
	</testsuite>
	<testsuite name="test_expr_bits.TestExprBits" tests="1" file="test_expr_bits.py" time="0.001" timestamp="2025-09-06T10:37:55" failures="0" errors="0" skipped="0">
		<testcase classname="test_expr_bits.TestExprBits" name="test_expr_bits" time="0.001" timestamp="2025-09-06T10:37:55" file="spec/python/spec/test_expr_bits.py" line="8"/>
	</testsuite>
	<testsuite name="test_expr_bytes_cmp.TestExprBytesCmp" tests="1" file="test_expr_bytes_cmp.py" time="0.000" timestamp="2025-09-06T10:37:55" failures="0" errors="0" skipped="0">
		<testcase classname="test_expr_bytes_cmp.TestExprBytesCmp" name="test_expr_bytes_cmp" time="0.000" timestamp="2025-09-06T10:37:55" file="spec/python/spec/test_expr_bytes_cmp.py" line="7"/>
	</testsuite>
	<testsuite name="test_expr_bytes_non_literal.TestExprBytesNonLiteral" tests="1" file="test_expr_bytes_non_literal.py" time="0.000" timestamp="2025-09-06T10:37:55" failures="0" errors="0" skipped="0">
		<testcase classname="test_expr_bytes_non_literal.TestExprBytesNonLiteral" name="test_expr_bytes_non_literal" time="0.000" timestamp="2025-09-06T10:37:55" file="spec/python/spec/test_expr_bytes_non_literal.py" line="6"/>
	</testsuite>
	<testsuite name="test_expr_bytes_ops.TestExprBytesOps" tests="1" file="test_expr_bytes_ops.py" time="0.001" timestamp="2025-09-06T10:37:55" failures="0" errors="0" skipped="0">
		<testcase classname="test_expr_bytes_ops.TestExprBytesOps" name="test_expr_bytes_ops" time="0.001" timestamp="2025-09-06T10:37:55" file="spec/python/spec/test_expr_bytes_ops.py" line="7"/>
	</testsuite>
	<testsuite name="test_expr_calc_array_ops.TestExprCalcArrayOps" tests="1" file="test_expr_calc_array_ops.py" time="0.001" timestamp="2025-09-06T10:37:55" failures="0" errors="0" skipped="0">
		<testcase classname="test_expr_calc_array_ops.TestExprCalcArrayOps" name="test_expr_calc_array_ops" time="0.001" timestamp="2025-09-06T10:37:55" file="spec/python/spec/test_expr_calc_array_ops.py" line="7"/>
	</testsuite>
	<testsuite name="test_expr_enum.TestExprEnum" tests="1" file="test_expr_enum.py" time="0.000" timestamp="2025-09-06T10:37:55" failures="0" errors="0" skipped="0">
		<testcase classname="test_expr_enum.TestExprEnum" name="test_expr_enum" time="0.000" timestamp="2025-09-06T10:37:55" file="spec/python/spec/test_expr_enum.py" line="8"/>
	</testsuite>
	<testsuite name="test_expr_fstring_0.TestExprFstring0" tests="1" file="test_expr_fstring_0.py" time="0.000" timestamp="2025-09-06T10:37:55" failures="0" errors="0" skipped="0">
		<testcase classname="test_expr_fstring_0.TestExprFstring0" name="test_expr_fstring_0" time="0.000" timestamp="2025-09-06T10:37:55" file="spec/python/spec/test_expr_fstring_0.py" line="7"/>
	</testsuite>
	<testsuite name="test_expr_if_int_eq.TestExprIfIntEq" tests="1" file="test_expr_if_int_eq.py" time="0.000" timestamp="2025-09-06T10:37:55" failures="0" errors="0" skipped="0">
		<testcase classname="test_expr_if_int_eq.TestExprIfIntEq" name="test_expr_if_int_eq" time="0.000" timestamp="2025-09-06T10:37:55" file="spec/python/spec/test_expr_if_int_eq.py" line="8"/>
	</testsuite>
	<testsuite name="test_expr_if_int_ops.TestExprIfIntOps" tests="1" file="test_expr_if_int_ops.py" time="0.000" timestamp="2025-09-06T10:37:55" failures="0" errors="0" skipped="0">
		<testcase classname="test_expr_if_int_ops.TestExprIfIntOps" name="test_expr_if_int_ops" time="0.000" timestamp="2025-09-06T10:37:55" file="spec/python/spec/test_expr_if_int_ops.py" line="7"/>
	</testsuite>
	<testsuite name="test_expr_int_div.TestExprIntDiv" tests="1" file="test_expr_int_div.py" time="0.000" timestamp="2025-09-06T10:37:55" failures="0" errors="0" skipped="0">
		<testcase classname="test_expr_int_div.TestExprIntDiv" name="test_expr_int_div" time="0.000" timestamp="2025-09-06T10:37:55" file="spec/python/spec/test_expr_int_div.py" line="7"/>
	</testsuite>
	<testsuite name="test_expr_io_eof.TestExprIoEof" tests="1" file="test_expr_io_eof.py" time="0.000" timestamp="2025-09-06T10:37:55" failures="0" errors="0" skipped="0">
		<testcase classname="test_expr_io_eof.TestExprIoEof" name="test_expr_io_eof" time="0.000" timestamp="2025-09-06T10:37:55" file="spec/python/spec/test_expr_io_eof.py" line="5"/>
	</testsuite>
	<testsuite name="test_expr_io_eof_bits.TestExprIoEofBits" tests="1" file="test_expr_io_eof_bits.py" time="0.000" timestamp="2025-09-06T10:37:55" failures="0" errors="0" skipped="0">
		<testcase classname="test_expr_io_eof_bits.TestExprIoEofBits" name="test_expr_io_eof_bits" time="0.000" timestamp="2025-09-06T10:37:55" file="spec/python/spec/test_expr_io_eof_bits.py" line="6"/>
	</testsuite>
	<testsuite name="test_expr_io_pos.TestExprIoPos" tests="1" file="test_expr_io_pos.py" time="0.000" timestamp="2025-09-06T10:37:55" failures="0" errors="0" skipped="0">
		<testcase classname="test_expr_io_pos.TestExprIoPos" name="test_expr_io_pos" time="0.000" timestamp="2025-09-06T10:37:55" file="spec/python/spec/test_expr_io_pos.py" line="7"/>
	</testsuite>
	<testsuite name="test_expr_io_pos_bits.TestExprIoPosBits" tests="1" file="test_expr_io_pos_bits.py" time="0.000" timestamp="2025-09-06T10:37:55" failures="0" errors="0" skipped="0">
		<testcase classname="test_expr_io_pos_bits.TestExprIoPosBits" name="test_expr_io_pos_bits" time="0.000" timestamp="2025-09-06T10:37:55" file="spec/python/spec/test_expr_io_pos_bits.py" line="8"/>
	</testsuite>
	<testsuite name="test_expr_io_ternary.TestExprIoTernary" tests="1" file="test_expr_io_ternary.py" time="0.000" timestamp="2025-09-06T10:37:55" failures="0" errors="0" skipped="0">
		<testcase classname="test_expr_io_ternary.TestExprIoTernary" name="test_expr_io_ternary" time="0.000" timestamp="2025-09-06T10:37:55" file="spec/python/spec/test_expr_io_ternary.py" line="7"/>
	</testsuite>
	<testsuite name="test_expr_mod.TestExprMod" tests="1" file="test_expr_mod.py" time="0.000" timestamp="2025-09-06T10:37:55" failures="0" errors="0" skipped="0">
		<testcase classname="test_expr_mod.TestExprMod" name="test_expr_mod" time="0.000" timestamp="2025-09-06T10:37:55" file="spec/python/spec/test_expr_mod.py" line="7"/>
	</testsuite>
	<testsuite name="test_expr_ops_parens.TestExprOpsParens" tests="1" file="test_expr_ops_parens.py" time="0.000" timestamp="2025-09-06T10:37:55" failures="0" errors="0" skipped="0">
		<testcase classname="test_expr_ops_parens.TestExprOpsParens" name="test_expr_ops_parens" time="0.000" timestamp="2025-09-06T10:37:55" file="spec/python/spec/test_expr_ops_parens.py" line="7"/>
	</testsuite>
	<testsuite name="test_expr_sizeof_type_0.TestExprSizeofType0" tests="1" file="test_expr_sizeof_type_0.py" time="0.000" timestamp="2025-09-06T10:37:55" failures="0" errors="0" skipped="0">
		<testcase classname="test_expr_sizeof_type_0.TestExprSizeofType0" name="test_expr_sizeof_type_0" time="0.000" timestamp="2025-09-06T10:37:55" file="spec/python/spec/test_expr_sizeof_type_0.py" line="7"/>
	</testsuite>
	<testsuite name="test_expr_sizeof_type_1.TestExprSizeofType1" tests="1" file="test_expr_sizeof_type_1.py" time="0.000" timestamp="2025-09-06T10:37:55" failures="0" errors="0" skipped="0">
		<testcase classname="test_expr_sizeof_type_1.TestExprSizeofType1" name="test_expr_sizeof_type_1" time="0.000" timestamp="2025-09-06T10:37:55" file="spec/python/spec/test_expr_sizeof_type_1.py" line="7"/>
	</testsuite>
	<testsuite name="test_expr_sizeof_value_0.TestExprSizeofValue0" tests="1" file="test_expr_sizeof_value_0.py" time="0.000" timestamp="2025-09-06T10:37:55" failures="0" errors="0" skipped="0">
		<testcase classname="test_expr_sizeof_value_0.TestExprSizeofValue0" name="test_expr_sizeof_value_0" time="0.000" timestamp="2025-09-06T10:37:55" file="spec/python/spec/test_expr_sizeof_value_0.py" line="7"/>
	</testsuite>
	<testsuite name="test_expr_sizeof_value_sized.TestExprSizeofValueSized" tests="1" file="test_expr_sizeof_value_sized.py" time="0.000" timestamp="2025-09-06T10:37:55" failures="0" errors="0" skipped="0">
		<testcase classname="test_expr_sizeof_value_sized.TestExprSizeofValueSized" name="test_expr_sizeof_value_sized" time="0.000" timestamp="2025-09-06T10:37:55" file="spec/python/spec/test_expr_sizeof_value_sized.py" line="7"/>
	</testsuite>
	<testsuite name="test_expr_str_encodings.TestExprStrEncodings" tests="1" file="test_expr_str_encodings.py" time="0.002" timestamp="2025-09-06T10:37:55" failures="0" errors="0" skipped="0">
		<testcase classname="test_expr_str_encodings.TestExprStrEncodings" name="test_expr_str_encodings" time="0.002" timestamp="2025-09-06T10:37:55" file="spec/python/spec/test_expr_str_encodings.py" line="7"/>
	</testsuite>
	<testsuite name="test_expr_str_ops.TestExprStrOps" tests="1" file="test_expr_str_ops.py" time="0.001" timestamp="2025-09-06T10:37:55" failures="0" errors="0" skipped="0">
		<testcase classname="test_expr_str_ops.TestExprStrOps" name="test_expr_str_ops" time="0.001" timestamp="2025-09-06T10:37:55" file="spec/python/spec/test_expr_str_ops.py" line="7"/>
	</testsuite>
	<testsuite name="test_expr_to_i_trailing.TestExprToITrailing" tests="1" file="test_expr_to_i_trailing.py" time="0.000" timestamp="2025-09-06T10:37:55" failures="0" errors="0" skipped="0">
		<testcase classname="test_expr_to_i_trailing.TestExprToITrailing" name="test_expr_to_i_trailing" time="0.000" timestamp="2025-09-06T10:37:55" file="spec/python/spec/test_expr_to_i_trailing.py" line="8"/>
	</testsuite>
	<testsuite name="test_fixed_contents.TestFixedContents" tests="1" file="test_fixed_contents.py" time="0.000" timestamp="2025-09-06T10:37:55" failures="0" errors="0" skipped="0">
		<testcase classname="test_fixed_contents.TestFixedContents" name="test_fixed_contents" time="0.000" timestamp="2025-09-06T10:37:55" file="spec/python/spec/test_fixed_contents.py" line="7"/>
	</testsuite>
	<testsuite name="test_fixed_struct.TestFixedStruct" tests="1" file="test_fixed_struct.py" time="0.001" timestamp="2025-09-06T10:37:55" failures="0" errors="0" skipped="0">
		<testcase classname="test_fixed_struct.TestFixedStruct" name="test_fixed_struct" time="0.001" timestamp="2025-09-06T10:37:55" file="spec/python/spec/test_fixed_struct.py" line="7"/>
	</testsuite>
	<testsuite name="test_float_to_i.TestFloatToI" tests="1" file="test_float_to_i.py" time="0.001" timestamp="2025-09-06T10:37:55" failures="0" errors="0" skipped="0">
		<testcase classname="test_float_to_i.TestFloatToI" name="test_float_to_i" time="0.001" timestamp="2025-09-06T10:37:55" file="spec/python/spec/test_float_to_i.py" line="7"/>
	</testsuite>
	<testsuite name="test_floating_points.TestFloatingPoints" tests="1" file="test_floating_points.py" time="0.000" timestamp="2025-09-06T10:37:55" failures="0" errors="0" skipped="0">
		<testcase classname="test_floating_points.TestFloatingPoints" name="test_floating_points" time="0.000" timestamp="2025-09-06T10:37:55" file="spec/python/spec/test_floating_points.py" line="7"/>
	</testsuite>
	<testsuite name="test_hello_world.TestHelloWorld" tests="1" file="test_hello_world.py" time="0.000" timestamp="2025-09-06T10:37:55" failures="0" errors="0" skipped="0">
		<testcase classname="test_hello_world.TestHelloWorld" name="test_hello_world" time="0.000" timestamp="2025-09-06T10:37:55" file="spec/python/spec/test_hello_world.py" line="7"/>
	</testsuite>
	<testsuite name="test_if_instances.TestIfInstances" tests="1" file="test_if_instances.py" time="0.000" timestamp="2025-09-06T10:37:55" failures="0" errors="0" skipped="0">
		<testcase classname="test_if_instances.TestIfInstances" name="test_if_instances" time="0.000" timestamp="2025-09-06T10:37:55" file="spec/python/spec/test_if_instances.py" line="7"/>
	</testsuite>
	<testsuite name="test_if_struct.TestIfStruct" tests="1" file="test_if_struct.py" time="0.001" timestamp="2025-09-06T10:37:55" failures="0" errors="0" skipped="0">
		<testcase classname="test_if_struct.TestIfStruct" name="test_if_struct" time="0.001" timestamp="2025-09-06T10:37:55" file="spec/python/spec/test_if_struct.py" line="5"/>
	</testsuite>
	<testsuite name="test_if_values.TestIfValues" tests="1" file="test_if_values.py" time="0.000" timestamp="2025-09-06T10:37:55" failures="0" errors="0" skipped="0">
		<testcase classname="test_if_values.TestIfValues" name="test_if_values" time="0.000" timestamp="2025-09-06T10:37:55" file="spec/python/spec/test_if_values.py" line="7"/>
	</testsuite>
	<testsuite name="test_imports0.TestImports0" tests="1" file="test_imports0.py" time="0.000" timestamp="2025-09-06T10:37:55" failures="0" errors="0" skipped="0">
		<testcase classname="test_imports0.TestImports0" name="test_imports0" time="0.000" timestamp="2025-09-06T10:37:55" file="spec/python/spec/test_imports0.py" line="7"/>
	</testsuite>
	<testsuite name="test_imports_abs.TestImportsAbs" tests="1" file="test_imports_abs.py" time="0.000" timestamp="2025-09-06T10:37:55" failures="0" errors="0" skipped="0">
		<testcase classname="test_imports_abs.TestImportsAbs" name="test_imports_abs" time="0.000" timestamp="2025-09-06T10:37:55" file="spec/python/spec/test_imports_abs.py" line="7"/>
	</testsuite>
	<testsuite name="test_imports_abs_abs.TestImportsAbsAbs" tests="1" file="test_imports_abs_abs.py" time="0.000" timestamp="2025-09-06T10:37:55" failures="0" errors="0" skipped="0">
		<testcase classname="test_imports_abs_abs.TestImportsAbsAbs" name="test_imports_abs_abs" time="0.000" timestamp="2025-09-06T10:37:55" file="spec/python/spec/test_imports_abs_abs.py" line="7"/>
	</testsuite>
	<testsuite name="test_imports_abs_rel.TestImportsAbsRel" tests="1" file="test_imports_abs_rel.py" time="0.000" timestamp="2025-09-06T10:37:55" failures="0" errors="0" skipped="0">
		<testcase classname="test_imports_abs_rel.TestImportsAbsRel" name="test_imports_abs_rel" time="0.000" timestamp="2025-09-06T10:37:55" file="spec/python/spec/test_imports_abs_rel.py" line="7"/>
	</testsuite>
	<testsuite name="test_imports_cast_to_imported.TestImportsCastToImported" tests="1" file="test_imports_cast_to_imported.py" time="0.000" timestamp="2025-09-06T10:37:55" failures="0" errors="0" skipped="0">
		<testcase classname="test_imports_cast_to_imported.TestImportsCastToImported" name="test_imports_cast_to_imported" time="0.000" timestamp="2025-09-06T10:37:55" file="spec/python/spec/test_imports_cast_to_imported.py" line="7"/>
	</testsuite>
	<testsuite name="test_imports_cast_to_imported2.TestImportsCastToImported2" tests="1" file="test_imports_cast_to_imported2.py" time="0.000" timestamp="2025-09-06T10:37:55" failures="0" errors="0" skipped="0">
		<testcase classname="test_imports_cast_to_imported2.TestImportsCastToImported2" name="test_imports_cast_to_imported2" time="0.000" timestamp="2025-09-06T10:37:55" file="spec/python/spec/test_imports_cast_to_imported2.py" line="7"/>
	</testsuite>
	<testsuite name="test_imports_circular_a.TestImportsCircularA" tests="1" file="test_imports_circular_a.py" time="0.000" timestamp="2025-09-06T10:37:55" failures="0" errors="0" skipped="0">
		<testcase classname="test_imports_circular_a.TestImportsCircularA" name="test_imports_circular_a" time="0.000" timestamp="2025-09-06T10:37:55" file="spec/python/spec/test_imports_circular_a.py" line="5"/>
	</testsuite>
	<testsuite name="test_imports_params_def_array_usertype_imported.TestImportsParamsDefArrayUsertypeImported" tests="1" file="test_imports_params_def_array_usertype_imported.py" time="0.000" timestamp="2025-09-06T10:37:55" failures="0" errors="0" skipped="0">
		<testcase classname="test_imports_params_def_array_usertype_imported.TestImportsParamsDefArrayUsertypeImported" name="test_imports_params_def_array_usertype_imported" time="0.000" timestamp="2025-09-06T10:37:55" file="spec/python/spec/test_imports_params_def_array_usertype_imported.py" line="7"/>
	</testsuite>
	<testsuite name="test_imports_params_def_enum_imported.TestImportsParamsDefEnumImported" tests="1" file="test_imports_params_def_enum_imported.py" time="0.000" timestamp="2025-09-06T10:37:55" failures="0" errors="0" skipped="0">
		<testcase classname="test_imports_params_def_enum_imported.TestImportsParamsDefEnumImported" name="test_imports_params_def_enum_imported" time="0.000" timestamp="2025-09-06T10:37:55" file="spec/python/spec/test_imports_params_def_enum_imported.py" line="9"/>
	</testsuite>
	<testsuite name="test_imports_params_def_usertype_imported.TestImportsParamsDefUsertypeImported" tests="1" file="test_imports_params_def_usertype_imported.py" time="0.000" timestamp="2025-09-06T10:37:55" failures="0" errors="0" skipped="0">
		<testcase classname="test_imports_params_def_usertype_imported.TestImportsParamsDefUsertypeImported" name="test_imports_params_def_usertype_imported" time="0.000" timestamp="2025-09-06T10:37:55" file="spec/python/spec/test_imports_params_def_usertype_imported.py" line="7"/>
	</testsuite>
	<testsuite name="test_imports_rel_1.TestImportsRel1" tests="1" file="test_imports_rel_1.py" time="0.000" timestamp="2025-09-06T10:37:55" failures="0" errors="0" skipped="0">
		<testcase classname="test_imports_rel_1.TestImportsRel1" name="test_imports_rel_1" time="0.000" timestamp="2025-09-06T10:37:55" file="spec/python/spec/test_imports_rel_1.py" line="7"/>
	</testsuite>
	<testsuite name="test_index_sizes.TestIndexSizes" tests="1" file="test_index_sizes.py" time="0.000" timestamp="2025-09-06T10:37:55" failures="0" errors="0" skipped="0">
		<testcase classname="test_index_sizes.TestIndexSizes" name="test_index_sizes" time="0.000" timestamp="2025-09-06T10:37:55" file="spec/python/spec/test_index_sizes.py" line="7"/>
	</testsuite>
	<testsuite name="test_index_to_param_eos.TestIndexToParamEos" tests="1" file="test_index_to_param_eos.py" time="0.000" timestamp="2025-09-06T10:37:55" failures="0" errors="0" skipped="0">
		<testcase classname="test_index_to_param_eos.TestIndexToParamEos" name="test_index_to_param_eos" time="0.000" timestamp="2025-09-06T10:37:55" file="spec/python/spec/test_index_to_param_eos.py" line="7"/>
	</testsuite>
	<testsuite name="test_index_to_param_expr.TestIndexToParamExpr" tests="1" file="test_index_to_param_expr.py" time="0.000" timestamp="2025-09-06T10:37:55" failures="0" errors="0" skipped="0">
		<testcase classname="test_index_to_param_expr.TestIndexToParamExpr" name="test_index_to_param_expr" time="0.000" timestamp="2025-09-06T10:37:55" file="spec/python/spec/test_index_to_param_expr.py" line="7"/>
	</testsuite>
	<testsuite name="test_index_to_param_until.TestIndexToParamUntil" tests="1" file="test_index_to_param_until.py" time="0.000" timestamp="2025-09-06T10:37:55" failures="0" errors="0" skipped="0">
		<testcase classname="test_index_to_param_until.TestIndexToParamUntil" name="test_index_to_param_until" time="0.000" timestamp="2025-09-06T10:37:55" file="spec/python/spec/test_index_to_param_until.py" line="7"/>
	</testsuite>
	<testsuite name="test_instance_in_repeat_expr.TestInstanceInRepeatExpr" tests="1" file="test_instance_in_repeat_expr.py" time="0.000" timestamp="2025-09-06T10:37:55" failures="0" errors="0" skipped="0">
		<testcase classname="test_instance_in_repeat_expr.TestInstanceInRepeatExpr" name="test_instance_in_repeat_expr" time="0.000" timestamp="2025-09-06T10:37:55" file="spec/python/spec/test_instance_in_repeat_expr.py" line="8"/>
	</testsuite>
	<testsuite name="test_instance_in_repeat_until.TestInstanceInRepeatUntil" tests="1" file="test_instance_in_repeat_until.py" time="0.000" timestamp="2025-09-06T10:37:55" failures="0" errors="0" skipped="0">
		<testcase classname="test_instance_in_repeat_until.TestInstanceInRepeatUntil" name="test_instance_in_repeat_until" time="0.000" timestamp="2025-09-06T10:37:55" file="spec/python/spec/test_instance_in_repeat_until.py" line="8"/>
	</testsuite>
	<testsuite name="test_instance_in_sized.TestInstanceInSized" tests="1" file="test_instance_in_sized.py" time="0.001" timestamp="2025-09-06T10:37:55" failures="0" errors="0" skipped="0">
		<testcase classname="test_instance_in_sized.TestInstanceInSized" name="test_instance_in_sized" time="0.001" timestamp="2025-09-06T10:37:55" file="spec/python/spec/test_instance_in_sized.py" line="8"/>
	</testsuite>
	<testsuite name="test_instance_io_user.TestInstanceIoUser" tests="1" file="test_instance_io_user.py" time="0.001" timestamp="2025-09-06T10:37:55" failures="0" errors="0" skipped="0">
		<testcase classname="test_instance_io_user.TestInstanceIoUser" name="test_instance_io_user" time="0.001" timestamp="2025-09-06T10:37:55" file="spec/python/spec/test_instance_io_user.py" line="7"/>
	</testsuite>
	<testsuite name="test_instance_io_user_earlier.TestInstanceIoUserEarlier" tests="1" file="test_instance_io_user_earlier.py" time="0.001" timestamp="2025-09-06T10:37:55" failures="0" errors="0" skipped="0">
		<testcase classname="test_instance_io_user_earlier.TestInstanceIoUserEarlier" name="test_instance_io_user_earlier" time="0.001" timestamp="2025-09-06T10:37:55" file="spec/python/spec/test_instance_io_user_earlier.py" line="8"/>
	</testsuite>
	<testsuite name="test_instance_std.TestInstanceStd" tests="1" file="test_instance_std.py" time="0.000" timestamp="2025-09-06T10:37:55" failures="0" errors="0" skipped="0">
		<testcase classname="test_instance_std.TestInstanceStd" name="test_instance_std" time="0.000" timestamp="2025-09-06T10:37:55" file="spec/python/spec/test_instance_std.py" line="7"/>
	</testsuite>
	<testsuite name="test_instance_std_array.TestInstanceStdArray" tests="1" file="test_instance_std_array.py" time="0.000" timestamp="2025-09-06T10:37:55" failures="0" errors="0" skipped="0">
		<testcase classname="test_instance_std_array.TestInstanceStdArray" name="test_instance_std_array" time="0.000" timestamp="2025-09-06T10:37:55" file="spec/python/spec/test_instance_std_array.py" line="7"/>
	</testsuite>
	<testsuite name="test_instance_user_array.TestInstanceUserArray" tests="1" file="test_instance_user_array.py" time="0.001" timestamp="2025-09-06T10:37:55" failures="0" errors="0" skipped="0">
		<testcase classname="test_instance_user_array.TestInstanceUserArray" name="test_instance_user_array" time="0.001" timestamp="2025-09-06T10:37:55" file="spec/python/spec/test_instance_user_array.py" line="7"/>
	</testsuite>
	<testsuite name="test_integers.TestIntegers" tests="1" file="test_integers.py" time="0.001" timestamp="2025-09-06T10:37:55" failures="0" errors="0" skipped="0">
		<testcase classname="test_integers.TestIntegers" name="test_integers" time="0.001" timestamp="2025-09-06T10:37:55" file="spec/python/spec/test_integers.py" line="7"/>
	</testsuite>
	<testsuite name="test_integers_double_overflow.TestIntegersDoubleOverflow" tests="1" file="test_integers_double_overflow.py" time="0.001" timestamp="2025-09-06T10:37:55" failures="0" errors="0" skipped="0">
		<testcase classname="test_integers_double_overflow.TestIntegersDoubleOverflow" name="test_integers_double_overflow" time="0.001" timestamp="2025-09-06T10:37:55" file="spec/python/spec/test_integers_double_overflow.py" line="7"/>
	</testsuite>
	<testsuite name="test_integers_min_max.TestIntegersMinMax" tests="1" file="test_integers_min_max.py" time="0.001" timestamp="2025-09-06T10:37:55" failures="0" errors="0" skipped="0">
		<testcase classname="test_integers_min_max.TestIntegersMinMax" name="test_integers_min_max" time="0.001" timestamp="2025-09-06T10:37:55" file="spec/python/spec/test_integers_min_max.py" line="7"/>
	</testsuite>
	<testsuite name="test_io_local_var.TestIoLocalVar" tests="1" file="test_io_local_var.py" time="0.000" timestamp="2025-09-06T10:37:55" failures="0" errors="0" skipped="0">
		<testcase classname="test_io_local_var.TestIoLocalVar" name="test_io_local_var" time="0.000" timestamp="2025-09-06T10:37:55" file="spec/python/spec/test_io_local_var.py" line="7"/>
	</testsuite>
	<testsuite name="test_js_signed_right_shift.TestJsSignedRightShift" tests="1" file="test_js_signed_right_shift.py" time="0.000" timestamp="2025-09-06T10:37:55" failures="0" errors="0" skipped="0">
		<testcase classname="test_js_signed_right_shift.TestJsSignedRightShift" name="test_js_signed_right_shift" time="0.000" timestamp="2025-09-06T10:37:55" file="spec/python/spec/test_js_signed_right_shift.py" line="7"/>
	</testsuite>
	<testsuite name="test_meta_tags.TestMetaTags" tests="1" file="test_meta_tags.py" time="0.000" timestamp="2025-09-06T10:37:55" failures="0" errors="0" skipped="0">
		<testcase classname="test_meta_tags.TestMetaTags" name="test_meta_tags" time="0.000" timestamp="2025-09-06T10:37:55" file="spec/python/spec/test_meta_tags.py" line="7"/>
	</testsuite>
	<testsuite name="test_meta_xref.TestMetaXref" tests="1" file="test_meta_xref.py" time="0.000" timestamp="2025-09-06T10:37:55" failures="0" errors="0" skipped="0">
		<testcase classname="test_meta_xref.TestMetaXref" name="test_meta_xref" time="0.000" timestamp="2025-09-06T10:37:55" file="spec/python/spec/test_meta_xref.py" line="7"/>
	</testsuite>
	<testsuite name="test_multiple_use.TestMultipleUse" tests="1" file="test_multiple_use.py" time="0.000" timestamp="2025-09-06T10:37:55" failures="0" errors="0" skipped="0">
		<testcase classname="test_multiple_use.TestMultipleUse" name="test_multiple_use" time="0.000" timestamp="2025-09-06T10:37:55" file="spec/python/spec/test_multiple_use.py" line="7"/>
	</testsuite>
	<testsuite name="test_nav_parent.TestNavParent" tests="1" file="test_nav_parent.py" time="0.000" timestamp="2025-09-06T10:37:55" failures="0" errors="0" skipped="0">
		<testcase classname="test_nav_parent.TestNavParent" name="test_nav_parent" time="0.000" timestamp="2025-09-06T10:37:55" file="spec/python/spec/test_nav_parent.py" line="7"/>
	</testsuite>
	<testsuite name="test_nav_parent2.TestNavParent2" tests="1" file="test_nav_parent2.py" time="0.001" timestamp="2025-09-06T10:37:55" failures="0" errors="0" skipped="0">
		<testcase classname="test_nav_parent2.TestNavParent2" name="test_nav_parent2" time="0.001" timestamp="2025-09-06T10:37:55" file="spec/python/spec/test_nav_parent2.py" line="7"/>
	</testsuite>
	<testsuite name="test_nav_parent3.TestNavParent3" tests="1" file="test_nav_parent3.py" time="0.001" timestamp="2025-09-06T10:37:55" failures="0" errors="0" skipped="0">
		<testcase classname="test_nav_parent3.TestNavParent3" name="test_nav_parent3" time="0.001" timestamp="2025-09-06T10:37:55" file="spec/python/spec/test_nav_parent3.py" line="7"/>
	</testsuite>
	<testsuite name="test_nav_parent_false.TestNavParentFalse" tests="1" file="test_nav_parent_false.py" time="0.000" timestamp="2025-09-06T10:37:55" failures="0" errors="0" skipped="0">
		<testcase classname="test_nav_parent_false.TestNavParentFalse" name="test_nav_parent_false" time="0.000" timestamp="2025-09-06T10:37:55" file="spec/python/spec/test_nav_parent_false.py" line="7"/>
	</testsuite>
	<testsuite name="test_nav_parent_false2.TestNavParentFalse2" tests="1" file="test_nav_parent_false2.py" time="0.000" timestamp="2025-09-06T10:37:55" failures="0" errors="0" skipped="0">
		<testcase classname="test_nav_parent_false2.TestNavParentFalse2" name="test_nav_parent_false2" time="0.000" timestamp="2025-09-06T10:37:55" file="spec/python/spec/test_nav_parent_false2.py" line="7"/>
	</testsuite>
	<testsuite name="test_nav_parent_override.TestNavParentOverride" tests="1" file="test_nav_parent_override.py" time="0.000" timestamp="2025-09-06T10:37:55" failures="0" errors="0" skipped="0">
		<testcase classname="test_nav_parent_override.TestNavParentOverride" name="test_nav_parent_override" time="0.000" timestamp="2025-09-06T10:37:55" file="spec/python/spec/test_nav_parent_override.py" line="7"/>
	</testsuite>
	<testsuite name="test_nav_parent_recursive.TestNavParentRecursive" tests="1" file="test_nav_parent_recursive.py" time="0.000" timestamp="2025-09-06T10:37:55" failures="0" errors="0" skipped="0">
		<testcase classname="test_nav_parent_recursive.TestNavParentRecursive" name="test_nav_parent_recursive" time="0.000" timestamp="2025-09-06T10:37:55" file="spec/python/spec/test_nav_parent_recursive.py" line="5"/>
	</testsuite>
	<testsuite name="test_nav_parent_switch.TestNavParentSwitch" tests="1" file="test_nav_parent_switch.py" time="0.000" timestamp="2025-09-06T10:37:55" failures="0" errors="0" skipped="0">
		<testcase classname="test_nav_parent_switch.TestNavParentSwitch" name="test_nav_parent_switch" time="0.000" timestamp="2025-09-06T10:37:55" file="spec/python/spec/test_nav_parent_switch.py" line="7"/>
	</testsuite>
	<testsuite name="test_nav_parent_switch_cast.TestNavParentSwitchCast" tests="1" file="test_nav_parent_switch_cast.py" time="0.000" timestamp="2025-09-06T10:37:55" failures="0" errors="0" skipped="0">
		<testcase classname="test_nav_parent_switch_cast.TestNavParentSwitchCast" name="test_nav_parent_switch_cast" time="0.000" timestamp="2025-09-06T10:37:55" file="spec/python/spec/test_nav_parent_switch_cast.py" line="7"/>
	</testsuite>
	<testsuite name="test_nav_parent_vs_value_inst.TestNavParentVsValueInst" tests="1" file="test_nav_parent_vs_value_inst.py" time="0.000" timestamp="2025-09-06T10:37:55" failures="0" errors="0" skipped="0">
		<testcase classname="test_nav_parent_vs_value_inst.TestNavParentVsValueInst" name="test_nav_parent_vs_value_inst" time="0.000" timestamp="2025-09-06T10:37:55" file="spec/python/spec/test_nav_parent_vs_value_inst.py" line="7"/>
	</testsuite>
	<testsuite name="test_nav_root.TestNavRoot" tests="1" file="test_nav_root.py" time="0.000" timestamp="2025-09-06T10:37:55" failures="0" errors="0" skipped="0">
		<testcase classname="test_nav_root.TestNavRoot" name="test_nav_root" time="0.000" timestamp="2025-09-06T10:37:55" file="spec/python/spec/test_nav_root.py" line="7"/>
	</testsuite>
	<testsuite name="test_nav_root_recursive.TestNavRootRecursive" tests="1" file="test_nav_root_recursive.py" time="0.000" timestamp="2025-09-06T10:37:55" failures="0" errors="0" skipped="0">
		<testcase classname="test_nav_root_recursive.TestNavRootRecursive" name="test_nav_root_recursive" time="0.000" timestamp="2025-09-06T10:37:55" file="spec/python/spec/test_nav_root_recursive.py" line="5"/>
	</testsuite>
	<testsuite name="test_nested_same_name.TestNestedSameName" tests="1" file="test_nested_same_name.py" time="0.000" timestamp="2025-09-06T10:37:55" failures="0" errors="0" skipped="0">
		<testcase classname="test_nested_same_name.TestNestedSameName" name="test_nested_same_name" time="0.000" timestamp="2025-09-06T10:37:55" file="spec/python/spec/test_nested_same_name.py" line="7"/>
	</testsuite>
	<testsuite name="test_nested_same_name2.TestNestedSameName2" tests="1" file="test_nested_same_name2.py" time="0.000" timestamp="2025-09-06T10:37:55" failures="0" errors="0" skipped="0">
		<testcase classname="test_nested_same_name2.TestNestedSameName2" name="test_nested_same_name2" time="0.000" timestamp="2025-09-06T10:37:55" file="spec/python/spec/test_nested_same_name2.py" line="7"/>
	</testsuite>
	<testsuite name="test_nested_type_param.TestNestedTypeParam" tests="1" file="test_nested_type_param.py" time="0.000" timestamp="2025-09-06T10:37:55" failures="0" errors="0" skipped="0">
		<testcase classname="test_nested_type_param.TestNestedTypeParam" name="test_nested_type_param" time="0.000" timestamp="2025-09-06T10:37:55" file="spec/python/spec/test_nested_type_param.py" line="7"/>
	</testsuite>
	<testsuite name="test_nested_types.TestNestedTypes" tests="1" file="test_nested_types.py" time="0.000" timestamp="2025-09-06T10:37:55" failures="0" errors="0" skipped="0">
		<testcase classname="test_nested_types.TestNestedTypes" name="test_nested_types" time="0.000" timestamp="2025-09-06T10:37:55" file="spec/python/spec/test_nested_types.py" line="7"/>
	</testsuite>
	<testsuite name="test_nested_types2.TestNestedTypes2" tests="1" file="test_nested_types2.py" time="0.000" timestamp="2025-09-06T10:37:55" failures="0" errors="0" skipped="0">
		<testcase classname="test_nested_types2.TestNestedTypes2" name="test_nested_types2" time="0.000" timestamp="2025-09-06T10:37:55" file="spec/python/spec/test_nested_types2.py" line="7"/>
	</testsuite>
	<testsuite name="test_nested_types3.TestNestedTypes3" tests="1" file="test_nested_types3.py" time="0.000" timestamp="2025-09-06T10:37:55" failures="0" errors="0" skipped="0">
		<testcase classname="test_nested_types3.TestNestedTypes3" name="test_nested_types3" time="0.000" timestamp="2025-09-06T10:37:55" file="spec/python/spec/test_nested_types3.py" line="7"/>
	</testsuite>
	<testsuite name="test_nested_types_import.TestNestedTypesImport" tests="1" file="test_nested_types_import.py" time="0.001" timestamp="2025-09-06T10:37:55" failures="0" errors="0" skipped="0">
		<testcase classname="test_nested_types_import.TestNestedTypesImport" name="test_nested_types_import" time="0.001" timestamp="2025-09-06T10:37:55" file="spec/python/spec/test_nested_types_import.py" line="7"/>
	</testsuite>
	<testsuite name="test_non_standard.TestNonStandard" tests="1" file="test_non_standard.py" time="0.000" timestamp="2025-09-06T10:37:55" failures="0" errors="0" skipped="0">
		<testcase classname="test_non_standard.TestNonStandard" name="test_non_standard" time="0.000" timestamp="2025-09-06T10:37:55" file="spec/python/spec/test_non_standard.py" line="7"/>
	</testsuite>
	<testsuite name="test_opaque_external_type.TestOpaqueExternalType" tests="1" file="test_opaque_external_type.py" time="0.000" timestamp="2025-09-06T10:37:55" failures="0" errors="0" skipped="0">
		<testcase classname="test_opaque_external_type.TestOpaqueExternalType" name="test_opaque_external_type" time="0.000" timestamp="2025-09-06T10:37:55" file="spec/python/spec/test_opaque_external_type.py" line="7"/>
	</testsuite>
	<testsuite name="test_opaque_external_type_02_parent.TestOpaqueExternalType02Parent" tests="1" file="test_opaque_external_type_02_parent.py" time="0.000" timestamp="2025-09-06T10:37:55" failures="0" errors="0" skipped="0">
		<testcase classname="test_opaque_external_type_02_parent.TestOpaqueExternalType02Parent" name="test_opaque_external_type_02_parent" time="0.000" timestamp="2025-09-06T10:37:55" file="spec/python/spec/test_opaque_external_type_02_parent.py" line="5"/>
	</testsuite>
	<testsuite name="test_opaque_with_param.TestOpaqueWithParam" tests="1" file="test_opaque_with_param.py" time="0.000" timestamp="2025-09-06T10:37:55" failures="0" errors="0" skipped="0">
		<testcase classname="test_opaque_with_param.TestOpaqueWithParam" name="test_opaque_with_param" time="0.000" timestamp="2025-09-06T10:37:55" file="spec/python/spec/test_opaque_with_param.py" line="5"/>
	</testsuite>
	<testsuite name="test_optional_id.TestOptionalId" tests="1" file="test_optional_id.py" time="0.000" timestamp="2025-09-06T10:37:55" failures="0" errors="0" skipped="0">
		<testcase classname="test_optional_id.TestOptionalId" name="test_optional_id" time="0.000" timestamp="2025-09-06T10:37:55" file="spec/python/spec/test_optional_id.py" line="5"/>
	</testsuite>
	<testsuite name="test_params_call.TestParamsCall" tests="1" file="test_params_call.py" time="0.000" timestamp="2025-09-06T10:37:55" failures="0" errors="0" skipped="0">
		<testcase classname="test_params_call.TestParamsCall" name="test_params_call" time="0.000" timestamp="2025-09-06T10:37:55" file="spec/python/spec/test_params_call.py" line="7"/>
	</testsuite>
	<testsuite name="test_params_call_extra_parens.TestParamsCallExtraParens" tests="1" file="test_params_call_extra_parens.py" time="0.000" timestamp="2025-09-06T10:37:55" failures="0" errors="0" skipped="0">
		<testcase classname="test_params_call_extra_parens.TestParamsCallExtraParens" name="test_params_call_extra_parens" time="0.000" timestamp="2025-09-06T10:37:55" file="spec/python/spec/test_params_call_extra_parens.py" line="7"/>
	</testsuite>
	<testsuite name="test_params_def.TestParamsDef" tests="1" file="test_params_def.py" time="0.000" timestamp="2025-09-06T10:37:55" failures="0" errors="0" skipped="0">
		<testcase classname="test_params_def.TestParamsDef" name="test_params_def" time="0.000" timestamp="2025-09-06T10:37:55" file="spec/python/spec/test_params_def.py" line="6"/>
	</testsuite>
	<testsuite name="test_params_enum.TestParamsEnum" tests="1" file="test_params_enum.py" time="0.000" timestamp="2025-09-06T10:37:55" failures="0" errors="0" skipped="0">
		<testcase classname="test_params_enum.TestParamsEnum" name="test_params_enum" time="0.000" timestamp="2025-09-06T10:37:55" file="spec/python/spec/test_params_enum.py" line="8"/>
	</testsuite>
	<testsuite name="test_params_pass_array_int.TestParamsPassArrayInt" tests="1" file="test_params_pass_array_int.py" time="0.000" timestamp="2025-09-06T10:37:55" failures="0" errors="0" skipped="0">
		<testcase classname="test_params_pass_array_int.TestParamsPassArrayInt" name="test_params_pass_array_int" time="0.000" timestamp="2025-09-06T10:37:55" file="spec/python/spec/test_params_pass_array_int.py" line="7"/>
	</testsuite>
	<testsuite name="test_params_pass_array_io.TestParamsPassArrayIo" tests="1" file="test_params_pass_array_io.py" time="0.000" timestamp="2025-09-06T10:37:55" failures="0" errors="0" skipped="0">
		<testcase classname="test_params_pass_array_io.TestParamsPassArrayIo" name="test_params_pass_array_io" time="0.000" timestamp="2025-09-06T10:37:55" file="spec/python/spec/test_params_pass_array_io.py" line="8"/>
	</testsuite>
	<testsuite name="test_params_pass_array_str.TestParamsPassArrayStr" tests="1" file="test_params_pass_array_str.py" time="0.000" timestamp="2025-09-06T10:37:55" failures="0" errors="0" skipped="0">
		<testcase classname="test_params_pass_array_str.TestParamsPassArrayStr" name="test_params_pass_array_str" time="0.000" timestamp="2025-09-06T10:37:55" file="spec/python/spec/test_params_pass_array_str.py" line="7"/>
	</testsuite>
	<testsuite name="test_params_pass_array_struct.TestParamsPassArrayStruct" tests="1" file="test_params_pass_array_struct.py" time="0.000" timestamp="2025-09-06T10:37:55" failures="0" errors="0" skipped="0">
		<testcase classname="test_params_pass_array_struct.TestParamsPassArrayStruct" name="test_params_pass_array_struct" time="0.000" timestamp="2025-09-06T10:37:55" file="spec/python/spec/test_params_pass_array_struct.py" line="7"/>
	</testsuite>
	<testsuite name="test_params_pass_array_usertype.TestParamsPassArrayUsertype" tests="1" file="test_params_pass_array_usertype.py" time="0.000" timestamp="2025-09-06T10:37:55" failures="0" errors="0" skipped="0">
		<testcase classname="test_params_pass_array_usertype.TestParamsPassArrayUsertype" name="test_params_pass_array_usertype" time="0.000" timestamp="2025-09-06T10:37:55" file="spec/python/spec/test_params_pass_array_usertype.py" line="7"/>
	</testsuite>
	<testsuite name="test_params_pass_bool.TestParamsPassBool" tests="1" file="test_params_pass_bool.py" time="0.001" timestamp="2025-09-06T10:37:55" failures="0" errors="0" skipped="0">
		<testcase classname="test_params_pass_bool.TestParamsPassBool" name="test_params_pass_bool" time="0.001" timestamp="2025-09-06T10:37:55" file="spec/python/spec/test_params_pass_bool.py" line="7"/>
	</testsuite>
	<testsuite name="test_params_pass_io.TestParamsPassIo" tests="1" file="test_params_pass_io.py" time="0.000" timestamp="2025-09-06T10:37:55" failures="0" errors="0" skipped="0">
		<testcase classname="test_params_pass_io.TestParamsPassIo" name="test_params_pass_io" time="0.000" timestamp="2025-09-06T10:37:55" file="spec/python/spec/test_params_pass_io.py" line="8"/>
	</testsuite>
	<testsuite name="test_params_pass_struct.TestParamsPassStruct" tests="1" file="test_params_pass_struct.py" time="0.000" timestamp="2025-09-06T10:37:55" failures="0" errors="0" skipped="0">
		<testcase classname="test_params_pass_struct.TestParamsPassStruct" name="test_params_pass_struct" time="0.000" timestamp="2025-09-06T10:37:55" file="spec/python/spec/test_params_pass_struct.py" line="7"/>
	</testsuite>
	<testsuite name="test_params_pass_usertype.TestParamsPassUsertype" tests="1" file="test_params_pass_usertype.py" time="0.000" timestamp="2025-09-06T10:37:55" failures="0" errors="0" skipped="0">
		<testcase classname="test_params_pass_usertype.TestParamsPassUsertype" name="test_params_pass_usertype" time="0.000" timestamp="2025-09-06T10:37:55" file="spec/python/spec/test_params_pass_usertype.py" line="7"/>
	</testsuite>
	<testsuite name="test_position_abs.TestPositionAbs" tests="1" file="test_position_abs.py" time="0.000" timestamp="2025-09-06T10:37:55" failures="0" errors="0" skipped="0">
		<testcase classname="test_position_abs.TestPositionAbs" name="test_position_abs" time="0.000" timestamp="2025-09-06T10:37:55" file="spec/python/spec/test_position_abs.py" line="7"/>
	</testsuite>
	<testsuite name="test_position_in_seq.TestPositionInSeq" tests="1" file="test_position_in_seq.py" time="0.000" timestamp="2025-09-06T10:37:55" failures="0" errors="0" skipped="0">
		<testcase classname="test_position_in_seq.TestPositionInSeq" name="test_position_in_seq" time="0.000" timestamp="2025-09-06T10:37:55" file="spec/python/spec/test_position_in_seq.py" line="7"/>
	</testsuite>
	<testsuite name="test_position_to_end.TestPositionToEnd" tests="1" file="test_position_to_end.py" time="0.000" timestamp="2025-09-06T10:37:55" failures="0" errors="0" skipped="0">
		<testcase classname="test_position_to_end.TestPositionToEnd" name="test_position_to_end" time="0.000" timestamp="2025-09-06T10:37:55" file="spec/python/spec/test_position_to_end.py" line="7"/>
	</testsuite>
	<testsuite name="test_process_bytes_pad_term.TestProcessBytesPadTerm" tests="1" file="test_process_bytes_pad_term.py" time="0.000" timestamp="2025-09-06T10:37:55" failures="0" errors="0" skipped="0">
		<testcase classname="test_process_bytes_pad_term.TestProcessBytesPadTerm" name="test_process_bytes_pad_term" time="0.000" timestamp="2025-09-06T10:37:55" file="spec/python/spec/test_process_bytes_pad_term.py" line="8"/>
	</testsuite>
	<testsuite name="test_process_coerce_bytes.TestProcessCoerceBytes" tests="1" file="test_process_coerce_bytes.py" time="0.000" timestamp="2025-09-06T10:37:55" failures="0" errors="0" skipped="0">
		<testcase classname="test_process_coerce_bytes.TestProcessCoerceBytes" name="test_process_coerce_bytes" time="0.000" timestamp="2025-09-06T10:37:55" file="spec/python/spec/test_process_coerce_bytes.py" line="7"/>
	</testsuite>
	<testsuite name="test_process_coerce_switch.TestProcessCoerceSwitch" tests="1" file="test_process_coerce_switch.py" time="0.000" timestamp="2025-09-06T10:37:55" failures="0" errors="0" skipped="0">
		<testcase classname="test_process_coerce_switch.TestProcessCoerceSwitch" name="test_process_coerce_switch" time="0.000" timestamp="2025-09-06T10:37:55" file="spec/python/spec/test_process_coerce_switch.py" line="7"/>
	</testsuite>
	<testsuite name="test_process_coerce_usertype1.TestProcessCoerceUsertype1" tests="1" file="test_process_coerce_usertype1.py" time="0.000" timestamp="2025-09-06T10:37:55" failures="0" errors="0" skipped="0">
		<testcase classname="test_process_coerce_usertype1.TestProcessCoerceUsertype1" name="test_process_coerce_usertype1" time="0.000" timestamp="2025-09-06T10:37:55" file="spec/python/spec/test_process_coerce_usertype1.py" line="7"/>
	</testsuite>
	<testsuite name="test_process_coerce_usertype2.TestProcessCoerceUsertype2" tests="1" file="test_process_coerce_usertype2.py" time="0.000" timestamp="2025-09-06T10:37:55" failures="0" errors="0" skipped="0">
		<testcase classname="test_process_coerce_usertype2.TestProcessCoerceUsertype2" name="test_process_coerce_usertype2" time="0.000" timestamp="2025-09-06T10:37:55" file="spec/python/spec/test_process_coerce_usertype2.py" line="7"/>
	</testsuite>
	<testsuite name="test_process_custom.TestProcessCustom" tests="1" file="test_process_custom.py" time="0.000" timestamp="2025-09-06T10:37:55" failures="0" errors="0" skipped="0">
		<testcase classname="test_process_custom.TestProcessCustom" name="test_process_custom" time="0.000" timestamp="2025-09-06T10:37:55" file="spec/python/spec/test_process_custom.py" line="7"/>
	</testsuite>
	<testsuite name="test_process_custom_no_args.TestProcessCustomNoArgs" tests="1" file="test_process_custom_no_args.py" time="0.000" timestamp="2025-09-06T10:37:55" failures="0" errors="0" skipped="0">
		<testcase classname="test_process_custom_no_args.TestProcessCustomNoArgs" name="test_process_custom_no_args" time="0.000" timestamp="2025-09-06T10:37:55" file="spec/python/spec/test_process_custom_no_args.py" line="7"/>
	</testsuite>
	<testsuite name="test_process_repeat_bytes.TestProcessRepeatBytes" tests="1" file="test_process_repeat_bytes.py" time="0.000" timestamp="2025-09-06T10:37:55" failures="0" errors="0" skipped="0">
		<testcase classname="test_process_repeat_bytes.TestProcessRepeatBytes" name="test_process_repeat_bytes" time="0.000" timestamp="2025-09-06T10:37:55" file="spec/python/spec/test_process_repeat_bytes.py" line="7"/>
	</testsuite>
	<testsuite name="test_process_repeat_usertype.TestProcessRepeatUsertype" tests="1" file="test_process_repeat_usertype.py" time="0.000" timestamp="2025-09-06T10:37:55" failures="0" errors="0" skipped="0">
		<testcase classname="test_process_repeat_usertype.TestProcessRepeatUsertype" name="test_process_repeat_usertype" time="0.000" timestamp="2025-09-06T10:37:55" file="spec/python/spec/test_process_repeat_usertype.py" line="7"/>
	</testsuite>
	<testsuite name="test_process_repeat_usertype_dynarg_custom.TestProcessRepeatUsertypeDynargCustom" tests="1" file="test_process_repeat_usertype_dynarg_custom.py" time="0.000" timestamp="2025-09-06T10:37:55" failures="0" errors="0" skipped="0">
		<testcase classname="test_process_repeat_usertype_dynarg_custom.TestProcessRepeatUsertypeDynargCustom" name="test_process_repeat_usertype_dynarg_custom" time="0.000" timestamp="2025-09-06T10:37:55" file="spec/python/spec/test_process_repeat_usertype_dynarg_custom.py" line="8"/>
	</testsuite>
	<testsuite name="test_process_repeat_usertype_dynarg_rotate.TestProcessRepeatUsertypeDynargRotate" tests="1" file="test_process_repeat_usertype_dynarg_rotate.py" time="0.001" timestamp="2025-09-06T10:37:55" failures="0" errors="0" skipped="0">
		<testcase classname="test_process_repeat_usertype_dynarg_rotate.TestProcessRepeatUsertypeDynargRotate" name="test_process_repeat_usertype_dynarg_rotate" time="0.001" timestamp="2025-09-06T10:37:55" file="spec/python/spec/test_process_repeat_usertype_dynarg_rotate.py" line="8"/>
	</testsuite>
	<testsuite name="test_process_repeat_usertype_dynarg_xor.TestProcessRepeatUsertypeDynargXor" tests="1" file="test_process_repeat_usertype_dynarg_xor.py" time="0.000" timestamp="2025-09-06T10:37:55" failures="0" errors="0" skipped="0">
		<testcase classname="test_process_repeat_usertype_dynarg_xor.TestProcessRepeatUsertypeDynargXor" name="test_process_repeat_usertype_dynarg_xor" time="0.000" timestamp="2025-09-06T10:37:55" file="spec/python/spec/test_process_repeat_usertype_dynarg_xor.py" line="8"/>
	</testsuite>
	<testsuite name="test_process_rotate.TestProcessRotate" tests="1" file="test_process_rotate.py" time="0.000" timestamp="2025-09-06T10:37:55" failures="0" errors="0" skipped="0">
		<testcase classname="test_process_rotate.TestProcessRotate" name="test_process_rotate" time="0.000" timestamp="2025-09-06T10:37:55" file="spec/python/spec/test_process_rotate.py" line="7"/>
	</testsuite>
	<testsuite name="test_process_struct_pad_term.TestProcessStructPadTerm" tests="1" file="test_process_struct_pad_term.py" time="0.000" timestamp="2025-09-06T10:37:55" failures="0" errors="0" skipped="0">
		<testcase classname="test_process_struct_pad_term.TestProcessStructPadTerm" name="test_process_struct_pad_term" time="0.000" timestamp="2025-09-06T10:37:55" file="spec/python/spec/test_process_struct_pad_term.py" line="8"/>
	</testsuite>
	<testsuite name="test_process_term_struct.TestProcessTermStruct" tests="1" file="test_process_term_struct.py" time="0.000" timestamp="2025-09-06T10:37:55" failures="0" errors="0" skipped="0">
		<testcase classname="test_process_term_struct.TestProcessTermStruct" name="test_process_term_struct" time="0.000" timestamp="2025-09-06T10:37:55" file="spec/python/spec/test_process_term_struct.py" line="8"/>
	</testsuite>
	<testsuite name="test_process_to_user.TestProcessToUser" tests="1" file="test_process_to_user.py" time="0.000" timestamp="2025-09-06T10:37:55" failures="0" errors="0" skipped="0">
		<testcase classname="test_process_to_user.TestProcessToUser" name="test_process_to_user" time="0.000" timestamp="2025-09-06T10:37:55" file="spec/python/spec/test_process_to_user.py" line="7"/>
	</testsuite>
	<testsuite name="test_process_xor4_const.TestProcessXor4Const" tests="1" file="test_process_xor4_const.py" time="0.000" timestamp="2025-09-06T10:37:55" failures="0" errors="0" skipped="0">
		<testcase classname="test_process_xor4_const.TestProcessXor4Const" name="test_process_xor4_const" time="0.000" timestamp="2025-09-06T10:37:55" file="spec/python/spec/test_process_xor4_const.py" line="7"/>
	</testsuite>
	<testsuite name="test_process_xor4_value.TestProcessXor4Value" tests="1" file="test_process_xor4_value.py" time="0.000" timestamp="2025-09-06T10:37:55" failures="0" errors="0" skipped="0">
[...]
	</testsuite>
	<testsuite name="test_term_strz_utf16_v3.TestTermStrzUtf16V3" tests="1" file="test_term_strz_utf16_v3.py" time="0.000" timestamp="2025-09-06T10:37:55" failures="0" errors="0" skipped="0">
		<testcase classname="test_term_strz_utf16_v3.TestTermStrzUtf16V3" name="test_term_strz_utf16_v3" time="0.000" timestamp="2025-09-06T10:37:55" file="spec/python/spec/test_term_strz_utf16_v3.py" line="7"/>
	</testsuite>
	<testsuite name="test_term_strz_utf16_v4.TestTermStrzUtf16V4" tests="1" file="test_term_strz_utf16_v4.py" time="0.000" timestamp="2025-09-06T10:37:55" failures="0" errors="0" skipped="0">
		<testcase classname="test_term_strz_utf16_v4.TestTermStrzUtf16V4" name="test_term_strz_utf16_v4" time="0.000" timestamp="2025-09-06T10:37:55" file="spec/python/spec/test_term_strz_utf16_v4.py" line="7"/>
	</testsuite>
	<testsuite name="test_term_u1_val.TestTermU1Val" tests="1" file="test_term_u1_val.py" time="0.000" timestamp="2025-09-06T10:37:55" failures="0" errors="0" skipped="0">
		<testcase classname="test_term_u1_val.TestTermU1Val" name="test_term_u1_val" time="0.000" timestamp="2025-09-06T10:37:55" file="spec/python/spec/test_term_u1_val.py" line="7"/>
	</testsuite>
	<testsuite name="test_to_string_custom.TestToStringCustom" tests="1" file="test_to_string_custom.py" time="0.000" timestamp="2025-09-06T10:37:55" failures="0" errors="0" skipped="0">
		<testcase classname="test_to_string_custom.TestToStringCustom" name="test_to_string_custom" time="0.000" timestamp="2025-09-06T10:37:55" file="spec/python/spec/test_to_string_custom.py" line="5"/>
	</testsuite>
	<testsuite name="test_ts_packet_header.TestTsPacketHeader" tests="1" file="test_ts_packet_header.py" time="0.000" timestamp="2025-09-06T10:37:55" failures="0" errors="0" skipped="0">
		<testcase classname="test_ts_packet_header.TestTsPacketHeader" name="test_ts_packet_header" time="0.000" timestamp="2025-09-06T10:37:55" file="spec/python/spec/test_ts_packet_header.py" line="8"/>
	</testsuite>
	<testsuite name="test_type_int_unary_op.TestTypeIntUnaryOp" tests="1" file="test_type_int_unary_op.py" time="0.000" timestamp="2025-09-06T10:37:55" failures="0" errors="0" skipped="0">
		<testcase classname="test_type_int_unary_op.TestTypeIntUnaryOp" name="test_type_int_unary_op" time="0.000" timestamp="2025-09-06T10:37:55" file="spec/python/spec/test_type_int_unary_op.py" line="7"/>
	</testsuite>
	<testsuite name="test_type_ternary.TestTypeTernary" tests="1" file="test_type_ternary.py" time="0.000" timestamp="2025-09-06T10:37:55" failures="0" errors="0" skipped="0">
		<testcase classname="test_type_ternary.TestTypeTernary" name="test_type_ternary" time="0.000" timestamp="2025-09-06T10:37:55" file="spec/python/spec/test_type_ternary.py" line="7"/>
	</testsuite>
	<testsuite name="test_type_ternary_2nd_falsy.TestTypeTernary2ndFalsy" tests="1" file="test_type_ternary_2nd_falsy.py" time="0.001" timestamp="2025-09-06T10:37:55" failures="0" errors="0" skipped="0">
		<testcase classname="test_type_ternary_2nd_falsy.TestTypeTernary2ndFalsy" name="test_type_ternary_2nd_falsy" time="0.001" timestamp="2025-09-06T10:37:55" file="spec/python/spec/test_type_ternary_2nd_falsy.py" line="7"/>
	</testsuite>
	<testsuite name="test_type_ternary_opaque.TestTypeTernaryOpaque" tests="1" file="test_type_ternary_opaque.py" time="0.000" timestamp="2025-09-06T10:37:55" failures="0" errors="0" skipped="0">
		<testcase classname="test_type_ternary_opaque.TestTypeTernaryOpaque" name="test_type_ternary_opaque" time="0.000" timestamp="2025-09-06T10:37:55" file="spec/python/spec/test_type_ternary_opaque.py" line="7"/>
	</testsuite>
	<testsuite name="test_user_type.TestUserType" tests="1" file="test_user_type.py" time="0.000" timestamp="2025-09-06T10:37:55" failures="0" errors="0" skipped="0">
		<testcase classname="test_user_type.TestUserType" name="test_user_type" time="0.000" timestamp="2025-09-06T10:37:55" file="spec/python/spec/test_user_type.py" line="7"/>
	</testsuite>
	<testsuite name="test_valid_eq_str_encodings.TestValidEqStrEncodings" tests="1" file="test_valid_eq_str_encodings.py" time="0.000" timestamp="2025-09-06T10:37:55" failures="0" errors="0" skipped="0">
		<testcase classname="test_valid_eq_str_encodings.TestValidEqStrEncodings" name="test_valid_eq_str_encodings" time="0.000" timestamp="2025-09-06T10:37:55" file="spec/python/spec/test_valid_eq_str_encodings.py" line="7"/>
	</testsuite>
	<testsuite name="test_valid_fail_anyof_int.TestValidFailAnyofInt" tests="1" file="test_valid_fail_anyof_int.py" time="0.000" timestamp="2025-09-06T10:37:55" failures="0" errors="0" skipped="0">
		<testcase classname="test_valid_fail_anyof_int.TestValidFailAnyofInt" name="test_valid_fail_anyof_int" time="0.000" timestamp="2025-09-06T10:37:55" file="spec/python/spec/test_valid_fail_anyof_int.py" line="8"/>
	</testsuite>
	<testsuite name="test_valid_fail_contents.TestValidFailContents" tests="1" file="test_valid_fail_contents.py" time="0.000" timestamp="2025-09-06T10:37:55" failures="0" errors="0" skipped="0">
		<testcase classname="test_valid_fail_contents.TestValidFailContents" name="test_valid_fail_contents" time="0.000" timestamp="2025-09-06T10:37:55" file="spec/python/spec/test_valid_fail_contents.py" line="8"/>
	</testsuite>
	<testsuite name="test_valid_fail_contents_inst.TestValidFailContentsInst" tests="1" file="test_valid_fail_contents_inst.py" time="0.000" timestamp="2025-09-06T10:37:55" failures="0" errors="0" skipped="0">
		<testcase classname="test_valid_fail_contents_inst.TestValidFailContentsInst" name="test_valid_fail_contents_inst" time="0.000" timestamp="2025-09-06T10:37:55" file="spec/python/spec/test_valid_fail_contents_inst.py" line="8"/>
	</testsuite>
	<testsuite name="test_valid_fail_eq_bytes.TestValidFailEqBytes" tests="1" file="test_valid_fail_eq_bytes.py" time="0.000" timestamp="2025-09-06T10:37:55" failures="0" errors="0" skipped="0">
		<testcase classname="test_valid_fail_eq_bytes.TestValidFailEqBytes" name="test_valid_fail_eq_bytes" time="0.000" timestamp="2025-09-06T10:37:55" file="spec/python/spec/test_valid_fail_eq_bytes.py" line="8"/>
	</testsuite>
	<testsuite name="test_valid_fail_eq_int.TestValidFailEqInt" tests="1" file="test_valid_fail_eq_int.py" time="0.000" timestamp="2025-09-06T10:37:55" failures="0" errors="0" skipped="0">
		<testcase classname="test_valid_fail_eq_int.TestValidFailEqInt" name="test_valid_fail_eq_int" time="0.000" timestamp="2025-09-06T10:37:55" file="spec/python/spec/test_valid_fail_eq_int.py" line="8"/>
	</testsuite>
	<testsuite name="test_valid_fail_eq_str.TestValidFailEqStr" tests="1" file="test_valid_fail_eq_str.py" time="0.000" timestamp="2025-09-06T10:37:55" failures="0" errors="0" skipped="0">
		<testcase classname="test_valid_fail_eq_str.TestValidFailEqStr" name="test_valid_fail_eq_str" time="0.000" timestamp="2025-09-06T10:37:55" file="spec/python/spec/test_valid_fail_eq_str.py" line="8"/>
	</testsuite>
	<testsuite name="test_valid_fail_expr.TestValidFailExpr" tests="1" file="test_valid_fail_expr.py" time="0.000" timestamp="2025-09-06T10:37:55" failures="0" errors="0" skipped="0">
		<testcase classname="test_valid_fail_expr.TestValidFailExpr" name="test_valid_fail_expr" time="0.000" timestamp="2025-09-06T10:37:55" file="spec/python/spec/test_valid_fail_expr.py" line="8"/>
	</testsuite>
	<testsuite name="test_valid_fail_in_enum.TestValidFailInEnum" tests="1" file="test_valid_fail_in_enum.py" time="0.000" timestamp="2025-09-06T10:37:55" failures="0" errors="0" skipped="0">
		<testcase classname="test_valid_fail_in_enum.TestValidFailInEnum" name="test_valid_fail_in_enum" time="0.000" timestamp="2025-09-06T10:37:55" file="spec/python/spec/test_valid_fail_in_enum.py" line="8"/>
	</testsuite>
	<testsuite name="test_valid_fail_inst.TestValidFailInst" tests="1" file="test_valid_fail_inst.py" time="0.000" timestamp="2025-09-06T10:37:55" failures="0" errors="0" skipped="0">
		<testcase classname="test_valid_fail_inst.TestValidFailInst" name="test_valid_fail_inst" time="0.000" timestamp="2025-09-06T10:37:55" file="spec/python/spec/test_valid_fail_inst.py" line="8"/>
	</testsuite>
	<testsuite name="test_valid_fail_max_int.TestValidFailMaxInt" tests="1" file="test_valid_fail_max_int.py" time="0.000" timestamp="2025-09-06T10:37:55" failures="0" errors="0" skipped="0">
		<testcase classname="test_valid_fail_max_int.TestValidFailMaxInt" name="test_valid_fail_max_int" time="0.000" timestamp="2025-09-06T10:37:55" file="spec/python/spec/test_valid_fail_max_int.py" line="8"/>
	</testsuite>
	<testsuite name="test_valid_fail_min_int.TestValidFailMinInt" tests="1" file="test_valid_fail_min_int.py" time="0.000" timestamp="2025-09-06T10:37:55" failures="0" errors="0" skipped="0">
		<testcase classname="test_valid_fail_min_int.TestValidFailMinInt" name="test_valid_fail_min_int" time="0.000" timestamp="2025-09-06T10:37:55" file="spec/python/spec/test_valid_fail_min_int.py" line="8"/>
	</testsuite>
	<testsuite name="test_valid_fail_range_bytes.TestValidFailRangeBytes" tests="1" file="test_valid_fail_range_bytes.py" time="0.000" timestamp="2025-09-06T10:37:55" failures="0" errors="0" skipped="0">
		<testcase classname="test_valid_fail_range_bytes.TestValidFailRangeBytes" name="test_valid_fail_range_bytes" time="0.000" timestamp="2025-09-06T10:37:55" file="spec/python/spec/test_valid_fail_range_bytes.py" line="8"/>
	</testsuite>
	<testsuite name="test_valid_fail_range_float.TestValidFailRangeFloat" tests="1" file="test_valid_fail_range_float.py" time="0.000" timestamp="2025-09-06T10:37:55" failures="0" errors="0" skipped="0">
		<testcase classname="test_valid_fail_range_float.TestValidFailRangeFloat" name="test_valid_fail_range_float" time="0.000" timestamp="2025-09-06T10:37:55" file="spec/python/spec/test_valid_fail_range_float.py" line="8"/>
	</testsuite>
	<testsuite name="test_valid_fail_range_int.TestValidFailRangeInt" tests="1" file="test_valid_fail_range_int.py" time="0.000" timestamp="2025-09-06T10:37:55" failures="0" errors="0" skipped="0">
		<testcase classname="test_valid_fail_range_int.TestValidFailRangeInt" name="test_valid_fail_range_int" time="0.000" timestamp="2025-09-06T10:37:55" file="spec/python/spec/test_valid_fail_range_int.py" line="8"/>
	</testsuite>
	<testsuite name="test_valid_fail_range_str.TestValidFailRangeStr" tests="1" file="test_valid_fail_range_str.py" time="0.000" timestamp="2025-09-06T10:37:55" failures="0" errors="0" skipped="0">
		<testcase classname="test_valid_fail_range_str.TestValidFailRangeStr" name="test_valid_fail_range_str" time="0.000" timestamp="2025-09-06T10:37:55" file="spec/python/spec/test_valid_fail_range_str.py" line="8"/>
	</testsuite>
	<testsuite name="test_valid_fail_repeat_anyof_int.TestValidFailRepeatAnyofInt" tests="1" file="test_valid_fail_repeat_anyof_int.py" time="0.000" timestamp="2025-09-06T10:37:55" failures="0" errors="0" skipped="0">
		<testcase classname="test_valid_fail_repeat_anyof_int.TestValidFailRepeatAnyofInt" name="test_valid_fail_repeat_anyof_int" time="0.000" timestamp="2025-09-06T10:37:55" file="spec/python/spec/test_valid_fail_repeat_anyof_int.py" line="8"/>
	</testsuite>
	<testsuite name="test_valid_fail_repeat_contents.TestValidFailRepeatContents" tests="1" file="test_valid_fail_repeat_contents.py" time="0.000" timestamp="2025-09-06T10:37:55" failures="0" errors="0" skipped="0">
		<testcase classname="test_valid_fail_repeat_contents.TestValidFailRepeatContents" name="test_valid_fail_repeat_contents" time="0.000" timestamp="2025-09-06T10:37:55" file="spec/python/spec/test_valid_fail_repeat_contents.py" line="8"/>
	</testsuite>
	<testsuite name="test_valid_fail_repeat_eq_int.TestValidFailRepeatEqInt" tests="1" file="test_valid_fail_repeat_eq_int.py" time="0.000" timestamp="2025-09-06T10:37:55" failures="0" errors="0" skipped="0">
		<testcase classname="test_valid_fail_repeat_eq_int.TestValidFailRepeatEqInt" name="test_valid_fail_repeat_eq_int" time="0.000" timestamp="2025-09-06T10:37:55" file="spec/python/spec/test_valid_fail_repeat_eq_int.py" line="8"/>
	</testsuite>
	<testsuite name="test_valid_fail_repeat_expr.TestValidFailRepeatExpr" tests="1" file="test_valid_fail_repeat_expr.py" time="0.000" timestamp="2025-09-06T10:37:55" failures="0" errors="0" skipped="0">
		<testcase classname="test_valid_fail_repeat_expr.TestValidFailRepeatExpr" name="test_valid_fail_repeat_expr" time="0.000" timestamp="2025-09-06T10:37:55" file="spec/python/spec/test_valid_fail_repeat_expr.py" line="8"/>
	</testsuite>
	<testsuite name="test_valid_fail_repeat_inst.TestValidFailRepeatInst" tests="1" file="test_valid_fail_repeat_inst.py" time="0.000" timestamp="2025-09-06T10:37:55" failures="0" errors="0" skipped="0">
		<testcase classname="test_valid_fail_repeat_inst.TestValidFailRepeatInst" name="test_valid_fail_repeat_inst" time="0.000" timestamp="2025-09-06T10:37:55" file="spec/python/spec/test_valid_fail_repeat_inst.py" line="8"/>
	</testsuite>
	<testsuite name="test_valid_fail_repeat_max_int.TestValidFailRepeatMaxInt" tests="1" file="test_valid_fail_repeat_max_int.py" time="0.000" timestamp="2025-09-06T10:37:55" failures="0" errors="0" skipped="0">
		<testcase classname="test_valid_fail_repeat_max_int.TestValidFailRepeatMaxInt" name="test_valid_fail_repeat_max_int" time="0.000" timestamp="2025-09-06T10:37:55" file="spec/python/spec/test_valid_fail_repeat_max_int.py" line="8"/>
	</testsuite>
	<testsuite name="test_valid_fail_repeat_min_int.TestValidFailRepeatMinInt" tests="1" file="test_valid_fail_repeat_min_int.py" time="0.000" timestamp="2025-09-06T10:37:55" failures="0" errors="0" skipped="0">
		<testcase classname="test_valid_fail_repeat_min_int.TestValidFailRepeatMinInt" name="test_valid_fail_repeat_min_int" time="0.000" timestamp="2025-09-06T10:37:55" file="spec/python/spec/test_valid_fail_repeat_min_int.py" line="8"/>
	</testsuite>
	<testsuite name="test_valid_long.TestValidLong" tests="1" file="test_valid_long.py" time="0.000" timestamp="2025-09-06T10:37:55" failures="0" errors="0" skipped="0">
		<testcase classname="test_valid_long.TestValidLong" name="test_valid_long" time="0.000" timestamp="2025-09-06T10:37:55" file="spec/python/spec/test_valid_long.py" line="7"/>
	</testsuite>
	<testsuite name="test_valid_not_parsed_if.TestValidNotParsedIf" tests="1" file="test_valid_not_parsed_if.py" time="0.000" timestamp="2025-09-06T10:37:55" failures="0" errors="0" skipped="0">
		<testcase classname="test_valid_not_parsed_if.TestValidNotParsedIf" name="test_valid_not_parsed_if" time="0.000" timestamp="2025-09-06T10:37:55" file="spec/python/spec/test_valid_not_parsed_if.py" line="7"/>
	</testsuite>
	<testsuite name="test_valid_optional_id.TestValidOptionalId" tests="1" file="test_valid_optional_id.py" time="0.000" timestamp="2025-09-06T10:37:55" failures="0" errors="0" skipped="0">
		<testcase classname="test_valid_optional_id.TestValidOptionalId" name="test_valid_optional_id" time="0.000" timestamp="2025-09-06T10:37:55" file="spec/python/spec/test_valid_optional_id.py" line="7"/>
	</testsuite>
	<testsuite name="test_valid_short.TestValidShort" tests="1" file="test_valid_short.py" time="0.000" timestamp="2025-09-06T10:37:55" failures="0" errors="0" skipped="0">
		<testcase classname="test_valid_short.TestValidShort" name="test_valid_short" time="0.000" timestamp="2025-09-06T10:37:55" file="spec/python/spec/test_valid_short.py" line="7"/>
	</testsuite>
	<testsuite name="test_valid_switch.TestValidSwitch" tests="1" file="test_valid_switch.py" time="0.000" timestamp="2025-09-06T10:37:55" failures="0" errors="0" skipped="0">
		<testcase classname="test_valid_switch.TestValidSwitch" name="test_valid_switch" time="0.000" timestamp="2025-09-06T10:37:55" file="spec/python/spec/test_valid_switch.py" line="7"/>
	</testsuite>
	<testsuite name="test_yaml_ints.TestYamlInts" tests="1" file="test_yaml_ints.py" time="0.000" timestamp="2025-09-06T10:37:55" failures="0" errors="0" skipped="0">
		<testcase classname="test_yaml_ints.TestYamlInts" name="test_yaml_ints" time="0.000" timestamp="2025-09-06T10:37:55" file="spec/python/spec/test_yaml_ints.py" line="7"/>
	</testsuite>
	<testsuite name="test_zlib_surrounded.TestZlibSurrounded" tests="1" file="test_zlib_surrounded.py" time="0.000" timestamp="2025-09-06T10:37:55" failures="0" errors="0" skipped="0">
		<testcase classname="test_zlib_surrounded.TestZlibSurrounded" name="test_zlib_surrounded" time="0.000" timestamp="2025-09-06T10:37:55" file="spec/python/spec/test_zlib_surrounded.py" line="7"/>
	</testsuite>
	<testsuite name="test_zlib_with_header_78.TestZlibWithHeader78" tests="1" file="test_zlib_with_header_78.py" time="0.000" timestamp="2025-09-06T10:37:55" failures="0" errors="0" skipped="0">
		<testcase classname="test_zlib_with_header_78.TestZlibWithHeader78" name="test_zlib_with_header_78" time="0.000" timestamp="2025-09-06T10:37:55" file="spec/python/spec/test_zlib_with_header_78.py" line="7"/>
	</testsuite>
	<testsuite name="test_eof_exception_bits_be.TestEofExceptionBitsBe" tests="1" file="test_eof_exception_bits_be.py" time="0.001" timestamp="2025-09-06T10:37:55" failures="1" errors="0" skipped="0">
		<testcase classname="test_eof_exception_bits_be.TestEofExceptionBitsBe" name="test_eof_exception_bits_be" time="0.001" timestamp="2025-09-06T10:37:55" file="spec/python/spec/test_eof_exception_bits_be.py" line="6">
			<failure type="AssertionError" message="3 != 1"><![CDATA[Traceback (most recent call last):
  File "/tests/spec/python/spec/test_eof_exception_bits_be.py", line 12, in test_eof_exception_bits_be
    self.assertEqual(r._io.pos(), 1)
    ~~~~~~~~~~~~~~~~^^^^^^^^^^^^^^^^
AssertionError: 3 != 1
]]></failure>
		</testcase>
	</testsuite>
	<testsuite name="test_eof_exception_bits_be2.TestEofExceptionBitsBe2" tests="1" file="test_eof_exception_bits_be2.py" time="0.001" timestamp="2025-09-06T10:37:55" failures="1" errors="0" skipped="0">
		<testcase classname="test_eof_exception_bits_be2.TestEofExceptionBitsBe2" name="test_eof_exception_bits_be2" time="0.001" timestamp="2025-09-06T10:37:55" file="spec/python/spec/test_eof_exception_bits_be2.py" line="6">
			<failure type="AssertionError" message="3 != 1"><![CDATA[Traceback (most recent call last):
  File "/tests/spec/python/spec/test_eof_exception_bits_be2.py", line 12, in test_eof_exception_bits_be2
    self.assertEqual(r._io.pos(), 1)
    ~~~~~~~~~~~~~~~~^^^^^^^^^^^^^^^^
AssertionError: 3 != 1
]]></failure>
		</testcase>
	</testsuite>
	<testsuite name="test_eof_exception_bits_le.TestEofExceptionBitsLe" tests="1" file="test_eof_exception_bits_le.py" time="0.001" timestamp="2025-09-06T10:37:55" failures="1" errors="0" skipped="0">
		<testcase classname="test_eof_exception_bits_le.TestEofExceptionBitsLe" name="test_eof_exception_bits_le" time="0.001" timestamp="2025-09-06T10:37:55" file="spec/python/spec/test_eof_exception_bits_le.py" line="6">
			<failure type="AssertionError" message="3 != 1"><![CDATA[Traceback (most recent call last):
  File "/tests/spec/python/spec/test_eof_exception_bits_le.py", line 12, in test_eof_exception_bits_le
    self.assertEqual(r._io.pos(), 1)
    ~~~~~~~~~~~~~~~~^^^^^^^^^^^^^^^^
AssertionError: 3 != 1
]]></failure>
		</testcase>
	</testsuite>
	<testsuite name="test_eof_exception_bits_le2.TestEofExceptionBitsLe2" tests="1" file="test_eof_exception_bits_le2.py" time="0.001" timestamp="2025-09-06T10:37:55" failures="1" errors="0" skipped="0">
		<testcase classname="test_eof_exception_bits_le2.TestEofExceptionBitsLe2" name="test_eof_exception_bits_le2" time="0.001" timestamp="2025-09-06T10:37:55" file="spec/python/spec/test_eof_exception_bits_le2.py" line="6">
			<failure type="AssertionError" message="3 != 1"><![CDATA[Traceback (most recent call last):
  File "/tests/spec/python/spec/test_eof_exception_bits_le2.py", line 12, in test_eof_exception_bits_le2
    self.assertEqual(r._io.pos(), 1)
    ~~~~~~~~~~~~~~~~^^^^^^^^^^^^^^^^
AssertionError: 3 != 1
]]></failure>
		</testcase>
	</testsuite>
</testsuites>
