<?xml version="1.0" encoding="UTF-8"?>
<testsuite errors="2" failures="0" file="unittest/loader.py" name="unittest.loader.ModuleImportFailure-20190426000105" skipped="0" tests="2" time="0.001" timestamp="2019-04-26T00:01:05">
	<testcase classname="unittest.loader.ModuleImportFailure" file="/opt/python/2.7.14/lib/python2.7/unittest/loader.py" line="31" name="test_expr_sizeof_type_0" time="0.000" timestamp="2019-04-26T00:01:05">
		<error message="Failed to import test module: test_expr_sizeof_type_0
Traceback (most recent call last):
  File &quot;/opt/python/2.7.14/lib/python2.7/unittest/loader.py&quot;, line 254, in _find_tests
    module = self._get_module_from_name(name)
  File &quot;/opt/python/2.7.14/lib/python2.7/unittest/loader.py&quot;, line 232, in _get_module_from_name
    __import__(name)
  File &quot;/home/travis/build/kaitai-io/ci_targets/tests/spec/python/test_expr_sizeof_type_0.py&quot;, line 5, in &lt;module&gt;
    from expr_sizeof_type_0 import ExprSizeofType0
ImportError: No module named expr_sizeof_type_0
" type="ImportError">
<![CDATA[ImportError: Failed to import test module: test_expr_sizeof_type_0
Traceback (most recent call last):
  File "/opt/python/2.7.14/lib/python2.7/unittest/loader.py", line 254, in _find_tests
    module = self._get_module_from_name(name)
  File "/opt/python/2.7.14/lib/python2.7/unittest/loader.py", line 232, in _get_module_from_name
    __import__(name)
  File "/home/travis/build/kaitai-io/ci_targets/tests/spec/python/test_expr_sizeof_type_0.py", line 5, in <module>
    from expr_sizeof_type_0 import ExprSizeofType0
ImportError: No module named expr_sizeof_type_0

]]>		</error>
		<system-out>
<![CDATA[]]>		</system-out>
		<system-err>
<![CDATA[]]>		</system-err>
	</testcase>
	<testcase classname="unittest.loader.ModuleImportFailure" file="/opt/python/2.7.14/lib/python2.7/unittest/loader.py" line="31" name="test_expr_sizeof_type_1" time="0.000" timestamp="2019-04-26T00:01:05">
		<error message="Failed to import test module: test_expr_sizeof_type_1
Traceback (most recent call last):
  File &quot;/opt/python/2.7.14/lib/python2.7/unittest/loader.py&quot;, line 254, in _find_tests
    module = self._get_module_from_name(name)
  File &quot;/opt/python/2.7.14/lib/python2.7/unittest/loader.py&quot;, line 232, in _get_module_from_name
    __import__(name)
  File &quot;/home/travis/build/kaitai-io/ci_targets/tests/spec/python/test_expr_sizeof_type_1.py&quot;, line 5, in &lt;module&gt;
    from expr_sizeof_type_1 import ExprSizeofType1
ImportError: No module named expr_sizeof_type_1
" type="ImportError">
<![CDATA[ImportError: Failed to import test module: test_expr_sizeof_type_1
Traceback (most recent call last):
  File "/opt/python/2.7.14/lib/python2.7/unittest/loader.py", line 254, in _find_tests
    module = self._get_module_from_name(name)
  File "/opt/python/2.7.14/lib/python2.7/unittest/loader.py", line 232, in _get_module_from_name
    __import__(name)
  File "/home/travis/build/kaitai-io/ci_targets/tests/spec/python/test_expr_sizeof_type_1.py", line 5, in <module>
    from expr_sizeof_type_1 import ExprSizeofType1
ImportError: No module named expr_sizeof_type_1

]]>		</error>
		<system-out>
<![CDATA[]]>		</system-out>
		<system-err>
<![CDATA[]]>		</system-err>
	</testcase>
</testsuite>
