<?xml version="1.0" encoding="UTF-8"?>
<testsuite name="unittest.loader._FailedTest-20200308222905" tests="1" file="unittest/loader.py" time="0.000" timestamp="2020-03-08T22:29:05" failures="0" errors="1" skipped="0">
	<testcase classname="unittest.loader._FailedTest" name="test_switch_else_only" time="0.000" timestamp="2020-03-08T22:29:05" file="/opt/python/3.8.1/lib/python3.8/unittest/loader.py" line="33">
		<error type="ImportError" message="Failed to import test module: test_switch_else_only
Traceback (most recent call last):
  File &quot;/opt/python/3.8.1/lib/python3.8/unittest/loader.py&quot;, line 436, in _find_test_path
    module = self._get_module_from_name(name)
  File &quot;/opt/python/3.8.1/lib/python3.8/unittest/loader.py&quot;, line 377, in _get_module_from_name
    __import__(name)
  File &quot;/home/travis/build/kaitai-io/ci_targets/tests/spec/python/test_switch_else_only.py&quot;, line 5, in &lt;module&gt;
    from switch_else_only import SwitchElseOnly
  File &quot;/home/travis/build/kaitai-io/ci_targets/tests/compiled/python/switch_else_only.py&quot;, line 21
    else:
    ^
SyntaxError: invalid syntax
"><![CDATA[ImportError: Failed to import test module: test_switch_else_only
Traceback (most recent call last):
  File "/opt/python/3.8.1/lib/python3.8/unittest/loader.py", line 436, in _find_test_path
    module = self._get_module_from_name(name)
  File "/opt/python/3.8.1/lib/python3.8/unittest/loader.py", line 377, in _get_module_from_name
    __import__(name)
  File "/home/travis/build/kaitai-io/ci_targets/tests/spec/python/test_switch_else_only.py", line 5, in <module>
    from switch_else_only import SwitchElseOnly
  File "/home/travis/build/kaitai-io/ci_targets/tests/compiled/python/switch_else_only.py", line 21
    else:
    ^
SyntaxError: invalid syntax

]]></error>
		<system-out><![CDATA[]]></system-out>
		<system-err><![CDATA[]]></system-err>
	</testcase>
</testsuite>
