<?xml version="1.0" encoding="UTF-8"?>
<testsuite errors="0" failures="1" file="test_expr_ops_parens.py" name="test_expr_ops_parens.TestExprOpsParens-20200628164429" skipped="0" tests="1" time="0.001" timestamp="2020-06-28T16:44:29">
	<testcase classname="test_expr_ops_parens.TestExprOpsParens" file="spec/python/test_expr_ops_parens.py" line="8" name="test_expr_ops_parens" time="0.001" timestamp="2020-06-28T16:44:29">
		<failure message="u'0123498765' != u'9876543210'
- 0123498765
+ 9876543210
" type="AssertionError">
<![CDATA[Traceback (most recent call last):
  File "/home/travis/build/kaitai-io/ci_targets/tests/spec/python/test_expr_ops_parens.py", line 13, in test_expr_ops_parens
    self.assertEqual(r.str_concat_rev, u"9876543210")
AssertionError: u'0123498765' != u'9876543210'
- 0123498765
+ 9876543210

]]>		</failure>
		<system-out>
<![CDATA[]]>		</system-out>
		<system-err>
<![CDATA[]]>		</system-err>
	</testcase>
</testsuite>
