<?xml version="1.0" encoding="UTF-8"?>
<testsuite errors="0" failures="0" file="test_index_sizes.py" name="test_index_sizes.TestIndexSizes-20200801181018" skipped="0" tests="1" time="0.001" timestamp="2020-08-01T18:10:19">
	<testcase classname="test_index_sizes.TestIndexSizes" file="spec/python/test_index_sizes.py" line="8" name="test_index_sizes" time="0.001" timestamp="2020-08-01T18:10:19">
		<system-out>
<![CDATA[]]>		</system-out>
		<system-err>
<![CDATA[]]>		</system-err>
	</testcase>
</testsuite>
