<?xml version="1.0" encoding="UTF-8"?>
<testsuite name="unittest.loader._FailedTest-20210206143550" tests="15" file="unittest/loader.py" time="0.011" timestamp="2021-02-06T14:35:50" failures="0" errors="15" skipped="0">
	<testcase classname="unittest.loader._FailedTest" name="test_bcd_user_type_be" time="0.005" timestamp="2021-02-06T14:35:50" file="/opt/python/3.9.1/lib/python3.9/unittest/loader.py" line="33">
		<error type="ImportError" message="Failed to import test module: test_bcd_user_type_be
Traceback (most recent call last):
  File &quot;/opt/python/3.9.1/lib/python3.9/unittest/loader.py&quot;, line 436, in _find_test_path
    module = self._get_module_from_name(name)
  File &quot;/opt/python/3.9.1/lib/python3.9/unittest/loader.py&quot;, line 377, in _get_module_from_name
    __import__(name)
  File &quot;/home/travis/build/kaitai-io/ci_targets/tests/spec/python/test_bcd_user_type_be.py&quot;, line 5, in &lt;module&gt;
    from bcd_user_type_be import BcdUserTypeBe
ModuleNotFoundError: No module named 'bcd_user_type_be'
"><![CDATA[ImportError: Failed to import test module: test_bcd_user_type_be
Traceback (most recent call last):
  File "/opt/python/3.9.1/lib/python3.9/unittest/loader.py", line 436, in _find_test_path
    module = self._get_module_from_name(name)
  File "/opt/python/3.9.1/lib/python3.9/unittest/loader.py", line 377, in _get_module_from_name
    __import__(name)
  File "/home/travis/build/kaitai-io/ci_targets/tests/spec/python/test_bcd_user_type_be.py", line 5, in <module>
    from bcd_user_type_be import BcdUserTypeBe
ModuleNotFoundError: No module named 'bcd_user_type_be'

]]></error>
	</testcase>
	<testcase classname="unittest.loader._FailedTest" name="test_bcd_user_type_le" time="0.000" timestamp="2021-02-06T14:35:50" file="/opt/python/3.9.1/lib/python3.9/unittest/loader.py" line="33">
		<error type="ImportError" message="Failed to import test module: test_bcd_user_type_le
Traceback (most recent call last):
  File &quot;/opt/python/3.9.1/lib/python3.9/unittest/loader.py&quot;, line 436, in _find_test_path
    module = self._get_module_from_name(name)
  File &quot;/opt/python/3.9.1/lib/python3.9/unittest/loader.py&quot;, line 377, in _get_module_from_name
    __import__(name)
  File &quot;/home/travis/build/kaitai-io/ci_targets/tests/spec/python/test_bcd_user_type_le.py&quot;, line 5, in &lt;module&gt;
    from bcd_user_type_le import BcdUserTypeLe
ModuleNotFoundError: No module named 'bcd_user_type_le'
"><![CDATA[ImportError: Failed to import test module: test_bcd_user_type_le
Traceback (most recent call last):
  File "/opt/python/3.9.1/lib/python3.9/unittest/loader.py", line 436, in _find_test_path
    module = self._get_module_from_name(name)
  File "/opt/python/3.9.1/lib/python3.9/unittest/loader.py", line 377, in _get_module_from_name
    __import__(name)
  File "/home/travis/build/kaitai-io/ci_targets/tests/spec/python/test_bcd_user_type_le.py", line 5, in <module>
    from bcd_user_type_le import BcdUserTypeLe
ModuleNotFoundError: No module named 'bcd_user_type_le'

]]></error>
	</testcase>
	<testcase classname="unittest.loader._FailedTest" name="test_combine_bytes" time="0.000" timestamp="2021-02-06T14:35:50" file="/opt/python/3.9.1/lib/python3.9/unittest/loader.py" line="33">
		<error type="ImportError" message="Failed to import test module: test_combine_bytes
Traceback (most recent call last):
  File &quot;/opt/python/3.9.1/lib/python3.9/unittest/loader.py&quot;, line 436, in _find_test_path
    module = self._get_module_from_name(name)
  File &quot;/opt/python/3.9.1/lib/python3.9/unittest/loader.py&quot;, line 377, in _get_module_from_name
    __import__(name)
  File &quot;/home/travis/build/kaitai-io/ci_targets/tests/spec/python/test_combine_bytes.py&quot;, line 5, in &lt;module&gt;
    from combine_bytes import CombineBytes
ModuleNotFoundError: No module named 'combine_bytes'
"><![CDATA[ImportError: Failed to import test module: test_combine_bytes
Traceback (most recent call last):
  File "/opt/python/3.9.1/lib/python3.9/unittest/loader.py", line 436, in _find_test_path
    module = self._get_module_from_name(name)
  File "/opt/python/3.9.1/lib/python3.9/unittest/loader.py", line 377, in _get_module_from_name
    __import__(name)
  File "/home/travis/build/kaitai-io/ci_targets/tests/spec/python/test_combine_bytes.py", line 5, in <module>
    from combine_bytes import CombineBytes
ModuleNotFoundError: No module named 'combine_bytes'

]]></error>
	</testcase>
	<testcase classname="unittest.loader._FailedTest" name="test_combine_str" time="0.000" timestamp="2021-02-06T14:35:50" file="/opt/python/3.9.1/lib/python3.9/unittest/loader.py" line="33">
		<error type="ImportError" message="Failed to import test module: test_combine_str
Traceback (most recent call last):
  File &quot;/opt/python/3.9.1/lib/python3.9/unittest/loader.py&quot;, line 436, in _find_test_path
    module = self._get_module_from_name(name)
  File &quot;/opt/python/3.9.1/lib/python3.9/unittest/loader.py&quot;, line 377, in _get_module_from_name
    __import__(name)
  File &quot;/home/travis/build/kaitai-io/ci_targets/tests/spec/python/test_combine_str.py&quot;, line 5, in &lt;module&gt;
    from combine_str import CombineStr
ModuleNotFoundError: No module named 'combine_str'
"><![CDATA[ImportError: Failed to import test module: test_combine_str
Traceback (most recent call last):
  File "/opt/python/3.9.1/lib/python3.9/unittest/loader.py", line 436, in _find_test_path
    module = self._get_module_from_name(name)
  File "/opt/python/3.9.1/lib/python3.9/unittest/loader.py", line 377, in _get_module_from_name
    __import__(name)
  File "/home/travis/build/kaitai-io/ci_targets/tests/spec/python/test_combine_str.py", line 5, in <module>
    from combine_str import CombineStr
ModuleNotFoundError: No module named 'combine_str'

]]></error>
	</testcase>
	<testcase classname="unittest.loader._FailedTest" name="test_enum_to_i_class_border_1" time="0.000" timestamp="2021-02-06T14:35:50" file="/opt/python/3.9.1/lib/python3.9/unittest/loader.py" line="33">
		<error type="ImportError" message="Failed to import test module: test_enum_to_i_class_border_1
Traceback (most recent call last):
  File &quot;/opt/python/3.9.1/lib/python3.9/unittest/loader.py&quot;, line 436, in _find_test_path
    module = self._get_module_from_name(name)
  File &quot;/opt/python/3.9.1/lib/python3.9/unittest/loader.py&quot;, line 377, in _get_module_from_name
    __import__(name)
  File &quot;/home/travis/build/kaitai-io/ci_targets/tests/spec/python/test_enum_to_i_class_border_1.py&quot;, line 5, in &lt;module&gt;
    from enum_to_i_class_border_1 import EnumToIClassBorder1
ModuleNotFoundError: No module named 'enum_to_i_class_border_1'
"><![CDATA[ImportError: Failed to import test module: test_enum_to_i_class_border_1
Traceback (most recent call last):
  File "/opt/python/3.9.1/lib/python3.9/unittest/loader.py", line 436, in _find_test_path
    module = self._get_module_from_name(name)
  File "/opt/python/3.9.1/lib/python3.9/unittest/loader.py", line 377, in _get_module_from_name
    __import__(name)
  File "/home/travis/build/kaitai-io/ci_targets/tests/spec/python/test_enum_to_i_class_border_1.py", line 5, in <module>
    from enum_to_i_class_border_1 import EnumToIClassBorder1
ModuleNotFoundError: No module named 'enum_to_i_class_border_1'

]]></error>
	</testcase>
	<testcase classname="unittest.loader._FailedTest" name="test_expr_2" time="0.000" timestamp="2021-02-06T14:35:50" file="/opt/python/3.9.1/lib/python3.9/unittest/loader.py" line="33">
		<error type="ImportError" message="Failed to import test module: test_expr_2
Traceback (most recent call last):
  File &quot;/opt/python/3.9.1/lib/python3.9/unittest/loader.py&quot;, line 436, in _find_test_path
    module = self._get_module_from_name(name)
  File &quot;/opt/python/3.9.1/lib/python3.9/unittest/loader.py&quot;, line 377, in _get_module_from_name
    __import__(name)
  File &quot;/home/travis/build/kaitai-io/ci_targets/tests/spec/python/test_expr_2.py&quot;, line 5, in &lt;module&gt;
    from expr_2 import Expr2
ModuleNotFoundError: No module named 'expr_2'
"><![CDATA[ImportError: Failed to import test module: test_expr_2
Traceback (most recent call last):
  File "/opt/python/3.9.1/lib/python3.9/unittest/loader.py", line 436, in _find_test_path
    module = self._get_module_from_name(name)
  File "/opt/python/3.9.1/lib/python3.9/unittest/loader.py", line 377, in _get_module_from_name
    __import__(name)
  File "/home/travis/build/kaitai-io/ci_targets/tests/spec/python/test_expr_2.py", line 5, in <module>
    from expr_2 import Expr2
ModuleNotFoundError: No module named 'expr_2'

]]></error>
	</testcase>
	<testcase classname="unittest.loader._FailedTest" name="test_expr_bytes_cmp" time="0.000" timestamp="2021-02-06T14:35:50" file="/opt/python/3.9.1/lib/python3.9/unittest/loader.py" line="33">
		<error type="ImportError" message="Failed to import test module: test_expr_bytes_cmp
Traceback (most recent call last):
  File &quot;/opt/python/3.9.1/lib/python3.9/unittest/loader.py&quot;, line 436, in _find_test_path
    module = self._get_module_from_name(name)
  File &quot;/opt/python/3.9.1/lib/python3.9/unittest/loader.py&quot;, line 377, in _get_module_from_name
    __import__(name)
  File &quot;/home/travis/build/kaitai-io/ci_targets/tests/spec/python/test_expr_bytes_cmp.py&quot;, line 5, in &lt;module&gt;
    from expr_bytes_cmp import ExprBytesCmp
ModuleNotFoundError: No module named 'expr_bytes_cmp'
"><![CDATA[ImportError: Failed to import test module: test_expr_bytes_cmp
Traceback (most recent call last):
  File "/opt/python/3.9.1/lib/python3.9/unittest/loader.py", line 436, in _find_test_path
    module = self._get_module_from_name(name)
  File "/opt/python/3.9.1/lib/python3.9/unittest/loader.py", line 377, in _get_module_from_name
    __import__(name)
  File "/home/travis/build/kaitai-io/ci_targets/tests/spec/python/test_expr_bytes_cmp.py", line 5, in <module>
    from expr_bytes_cmp import ExprBytesCmp
ModuleNotFoundError: No module named 'expr_bytes_cmp'

]]></error>
	</testcase>
	<testcase classname="unittest.loader._FailedTest" name="test_expr_bytes_literal" time="0.000" timestamp="2021-02-06T14:35:50" file="/opt/python/3.9.1/lib/python3.9/unittest/loader.py" line="33">
		<error type="ImportError" message="Failed to import test module: test_expr_bytes_literal
Traceback (most recent call last):
  File &quot;/opt/python/3.9.1/lib/python3.9/unittest/loader.py&quot;, line 436, in _find_test_path
    module = self._get_module_from_name(name)
  File &quot;/opt/python/3.9.1/lib/python3.9/unittest/loader.py&quot;, line 377, in _get_module_from_name
    __import__(name)
  File &quot;/home/travis/build/kaitai-io/ci_targets/tests/spec/python/test_expr_bytes_literal.py&quot;, line 5, in &lt;module&gt;
    from expr_bytes_literal import ExprBytesLiteral
ModuleNotFoundError: No module named 'expr_bytes_literal'
"><![CDATA[ImportError: Failed to import test module: test_expr_bytes_literal
Traceback (most recent call last):
  File "/opt/python/3.9.1/lib/python3.9/unittest/loader.py", line 436, in _find_test_path
    module = self._get_module_from_name(name)
  File "/opt/python/3.9.1/lib/python3.9/unittest/loader.py", line 377, in _get_module_from_name
    __import__(name)
  File "/home/travis/build/kaitai-io/ci_targets/tests/spec/python/test_expr_bytes_literal.py", line 5, in <module>
    from expr_bytes_literal import ExprBytesLiteral
ModuleNotFoundError: No module named 'expr_bytes_literal'

]]></error>
	</testcase>
	<testcase classname="unittest.loader._FailedTest" name="test_expr_bytes_ops" time="0.000" timestamp="2021-02-06T14:35:50" file="/opt/python/3.9.1/lib/python3.9/unittest/loader.py" line="33">
		<error type="ImportError" message="Failed to import test module: test_expr_bytes_ops
Traceback (most recent call last):
  File &quot;/opt/python/3.9.1/lib/python3.9/unittest/loader.py&quot;, line 436, in _find_test_path
    module = self._get_module_from_name(name)
  File &quot;/opt/python/3.9.1/lib/python3.9/unittest/loader.py&quot;, line 377, in _get_module_from_name
    __import__(name)
  File &quot;/home/travis/build/kaitai-io/ci_targets/tests/spec/python/test_expr_bytes_ops.py&quot;, line 5, in &lt;module&gt;
    from expr_bytes_ops import ExprBytesOps
ModuleNotFoundError: No module named 'expr_bytes_ops'
"><![CDATA[ImportError: Failed to import test module: test_expr_bytes_ops
Traceback (most recent call last):
  File "/opt/python/3.9.1/lib/python3.9/unittest/loader.py", line 436, in _find_test_path
    module = self._get_module_from_name(name)
  File "/opt/python/3.9.1/lib/python3.9/unittest/loader.py", line 377, in _get_module_from_name
    __import__(name)
  File "/home/travis/build/kaitai-io/ci_targets/tests/spec/python/test_expr_bytes_ops.py", line 5, in <module>
    from expr_bytes_ops import ExprBytesOps
ModuleNotFoundError: No module named 'expr_bytes_ops'

]]></error>
	</testcase>
	<testcase classname="unittest.loader._FailedTest" name="test_expr_calc_array_ops" time="0.000" timestamp="2021-02-06T14:35:50" file="/opt/python/3.9.1/lib/python3.9/unittest/loader.py" line="33">
		<error type="ImportError" message="Failed to import test module: test_expr_calc_array_ops
Traceback (most recent call last):
  File &quot;/opt/python/3.9.1/lib/python3.9/unittest/loader.py&quot;, line 436, in _find_test_path
    module = self._get_module_from_name(name)
  File &quot;/opt/python/3.9.1/lib/python3.9/unittest/loader.py&quot;, line 377, in _get_module_from_name
    __import__(name)
  File &quot;/home/travis/build/kaitai-io/ci_targets/tests/spec/python/test_expr_calc_array_ops.py&quot;, line 5, in &lt;module&gt;
    from expr_calc_array_ops import ExprCalcArrayOps
ModuleNotFoundError: No module named 'expr_calc_array_ops'
"><![CDATA[ImportError: Failed to import test module: test_expr_calc_array_ops
Traceback (most recent call last):
  File "/opt/python/3.9.1/lib/python3.9/unittest/loader.py", line 436, in _find_test_path
    module = self._get_module_from_name(name)
  File "/opt/python/3.9.1/lib/python3.9/unittest/loader.py", line 377, in _get_module_from_name
    __import__(name)
  File "/home/travis/build/kaitai-io/ci_targets/tests/spec/python/test_expr_calc_array_ops.py", line 5, in <module>
    from expr_calc_array_ops import ExprCalcArrayOps
ModuleNotFoundError: No module named 'expr_calc_array_ops'

]]></error>
	</testcase>
	<testcase classname="unittest.loader._FailedTest" name="test_expr_ops_parens" time="0.000" timestamp="2021-02-06T14:35:50" file="/opt/python/3.9.1/lib/python3.9/unittest/loader.py" line="33">
		<error type="ImportError" message="Failed to import test module: test_expr_ops_parens
Traceback (most recent call last):
  File &quot;/opt/python/3.9.1/lib/python3.9/unittest/loader.py&quot;, line 436, in _find_test_path
    module = self._get_module_from_name(name)
  File &quot;/opt/python/3.9.1/lib/python3.9/unittest/loader.py&quot;, line 377, in _get_module_from_name
    __import__(name)
  File &quot;/home/travis/build/kaitai-io/ci_targets/tests/spec/python/test_expr_ops_parens.py&quot;, line 5, in &lt;module&gt;
    from expr_ops_parens import ExprOpsParens
ModuleNotFoundError: No module named 'expr_ops_parens'
"><![CDATA[ImportError: Failed to import test module: test_expr_ops_parens
Traceback (most recent call last):
  File "/opt/python/3.9.1/lib/python3.9/unittest/loader.py", line 436, in _find_test_path
    module = self._get_module_from_name(name)
  File "/opt/python/3.9.1/lib/python3.9/unittest/loader.py", line 377, in _get_module_from_name
    __import__(name)
  File "/home/travis/build/kaitai-io/ci_targets/tests/spec/python/test_expr_ops_parens.py", line 5, in <module>
    from expr_ops_parens import ExprOpsParens
ModuleNotFoundError: No module named 'expr_ops_parens'

]]></error>
	</testcase>
	<testcase classname="unittest.loader._FailedTest" name="test_expr_str_ops" time="0.000" timestamp="2021-02-06T14:35:50" file="/opt/python/3.9.1/lib/python3.9/unittest/loader.py" line="33">
		<error type="ImportError" message="Failed to import test module: test_expr_str_ops
Traceback (most recent call last):
  File &quot;/opt/python/3.9.1/lib/python3.9/unittest/loader.py&quot;, line 436, in _find_test_path
    module = self._get_module_from_name(name)
  File &quot;/opt/python/3.9.1/lib/python3.9/unittest/loader.py&quot;, line 377, in _get_module_from_name
    __import__(name)
  File &quot;/home/travis/build/kaitai-io/ci_targets/tests/spec/python/test_expr_str_ops.py&quot;, line 5, in &lt;module&gt;
    from expr_str_ops import ExprStrOps
ModuleNotFoundError: No module named 'expr_str_ops'
"><![CDATA[ImportError: Failed to import test module: test_expr_str_ops
Traceback (most recent call last):
  File "/opt/python/3.9.1/lib/python3.9/unittest/loader.py", line 436, in _find_test_path
    module = self._get_module_from_name(name)
  File "/opt/python/3.9.1/lib/python3.9/unittest/loader.py", line 377, in _get_module_from_name
    __import__(name)
  File "/home/travis/build/kaitai-io/ci_targets/tests/spec/python/test_expr_str_ops.py", line 5, in <module>
    from expr_str_ops import ExprStrOps
ModuleNotFoundError: No module named 'expr_str_ops'

]]></error>
	</testcase>
	<testcase classname="unittest.loader._FailedTest" name="test_float_to_i" time="0.000" timestamp="2021-02-06T14:35:50" file="/opt/python/3.9.1/lib/python3.9/unittest/loader.py" line="33">
		<error type="ImportError" message="Failed to import test module: test_float_to_i
Traceback (most recent call last):
  File &quot;/opt/python/3.9.1/lib/python3.9/unittest/loader.py&quot;, line 436, in _find_test_path
    module = self._get_module_from_name(name)
  File &quot;/opt/python/3.9.1/lib/python3.9/unittest/loader.py&quot;, line 377, in _get_module_from_name
    __import__(name)
  File &quot;/home/travis/build/kaitai-io/ci_targets/tests/spec/python/test_float_to_i.py&quot;, line 5, in &lt;module&gt;
    from float_to_i import FloatToI
ModuleNotFoundError: No module named 'float_to_i'
"><![CDATA[ImportError: Failed to import test module: test_float_to_i
Traceback (most recent call last):
  File "/opt/python/3.9.1/lib/python3.9/unittest/loader.py", line 436, in _find_test_path
    module = self._get_module_from_name(name)
  File "/opt/python/3.9.1/lib/python3.9/unittest/loader.py", line 377, in _get_module_from_name
    __import__(name)
  File "/home/travis/build/kaitai-io/ci_targets/tests/spec/python/test_float_to_i.py", line 5, in <module>
    from float_to_i import FloatToI
ModuleNotFoundError: No module named 'float_to_i'

]]></error>
	</testcase>
	<testcase classname="unittest.loader._FailedTest" name="test_imports_abs" time="0.000" timestamp="2021-02-06T14:35:50" file="/opt/python/3.9.1/lib/python3.9/unittest/loader.py" line="33">
		<error type="ImportError" message="Failed to import test module: test_imports_abs
Traceback (most recent call last):
  File &quot;/opt/python/3.9.1/lib/python3.9/unittest/loader.py&quot;, line 436, in _find_test_path
    module = self._get_module_from_name(name)
  File &quot;/opt/python/3.9.1/lib/python3.9/unittest/loader.py&quot;, line 377, in _get_module_from_name
    __import__(name)
  File &quot;/home/travis/build/kaitai-io/ci_targets/tests/spec/python/test_imports_abs.py&quot;, line 5, in &lt;module&gt;
    from imports_abs import ImportsAbs
ModuleNotFoundError: No module named 'imports_abs'
"><![CDATA[ImportError: Failed to import test module: test_imports_abs
Traceback (most recent call last):
  File "/opt/python/3.9.1/lib/python3.9/unittest/loader.py", line 436, in _find_test_path
    module = self._get_module_from_name(name)
  File "/opt/python/3.9.1/lib/python3.9/unittest/loader.py", line 377, in _get_module_from_name
    __import__(name)
  File "/home/travis/build/kaitai-io/ci_targets/tests/spec/python/test_imports_abs.py", line 5, in <module>
    from imports_abs import ImportsAbs
ModuleNotFoundError: No module named 'imports_abs'

]]></error>
	</testcase>
	<testcase classname="unittest.loader._FailedTest" name="test_type_ternary_2nd_falsy" time="0.000" timestamp="2021-02-06T14:35:50" file="/opt/python/3.9.1/lib/python3.9/unittest/loader.py" line="33">
		<error type="ImportError" message="Failed to import test module: test_type_ternary_2nd_falsy
Traceback (most recent call last):
  File &quot;/opt/python/3.9.1/lib/python3.9/unittest/loader.py&quot;, line 436, in _find_test_path
    module = self._get_module_from_name(name)
  File &quot;/opt/python/3.9.1/lib/python3.9/unittest/loader.py&quot;, line 377, in _get_module_from_name
    __import__(name)
  File &quot;/home/travis/build/kaitai-io/ci_targets/tests/spec/python/test_type_ternary_2nd_falsy.py&quot;, line 5, in &lt;module&gt;
    from type_ternary_2nd_falsy import TypeTernary2ndFalsy
ModuleNotFoundError: No module named 'type_ternary_2nd_falsy'
"><![CDATA[ImportError: Failed to import test module: test_type_ternary_2nd_falsy
Traceback (most recent call last):
  File "/opt/python/3.9.1/lib/python3.9/unittest/loader.py", line 436, in _find_test_path
    module = self._get_module_from_name(name)
  File "/opt/python/3.9.1/lib/python3.9/unittest/loader.py", line 377, in _get_module_from_name
    __import__(name)
  File "/home/travis/build/kaitai-io/ci_targets/tests/spec/python/test_type_ternary_2nd_falsy.py", line 5, in <module>
    from type_ternary_2nd_falsy import TypeTernary2ndFalsy
ModuleNotFoundError: No module named 'type_ternary_2nd_falsy'

]]></error>
	</testcase>
</testsuite>
