<?xml version="1.0" encoding="UTF-8"?>
<testsuite errors="0" failures="0" file="test_zlib_surrounded.py" name="test_zlib_surrounded.TestZlibSurrounded-20200524215605" skipped="0" tests="1" time="0.000" timestamp="2020-05-24T21:56:05">
	<testcase classname="test_zlib_surrounded.TestZlibSurrounded" file="spec/python/test_zlib_surrounded.py" line="8" name="test_zlib_surrounded" time="0.000" timestamp="2020-05-24T21:56:05">
		<system-out>
<![CDATA[]]>		</system-out>
		<system-err>
<![CDATA[]]>		</system-err>
	</testcase>
</testsuite>
