<?xml version="1.0" encoding="UTF-8"?>
<testsuite name="test_valid_fail_anyof_int.TestValidFailAnyofInt-20200211093550" tests="1" file="test_valid_fail_anyof_int.py" time="0.001" timestamp="2020-02-11T09:35:50" failures="0" errors="1" skipped="0">
	<testcase classname="test_valid_fail_anyof_int.TestValidFailAnyofInt" name="test_valid_fail_anyof_int" time="0.001" timestamp="2020-02-11T09:35:50" file="spec/python/test_valid_fail_anyof_int.py" line="9">
		<error type="AttributeError" message="module 'kaitaistruct' has no attribute 'ValidationNotAnyOfError'"><![CDATA[Traceback (most recent call last):
  File "/home/travis/build/kaitai-io/ci_targets/tests/spec/python/test_valid_fail_anyof_int.py", line 10, in test_valid_fail_anyof_int
    with self.assertRaises(kaitaistruct.ValidationNotAnyOfError):
AttributeError: module 'kaitaistruct' has no attribute 'ValidationNotAnyOfError'
]]></error>
		<system-out><![CDATA[]]></system-out>
		<system-err><![CDATA[]]></system-err>
	</testcase>
</testsuite>
