<?xml version="1.0" encoding="UTF-8"?>
<testsuite errors="0" failures="1" file="test_expr_calc_array_ops.py" name="test_expr_calc_array_ops.TestExprCalcArrayOps-20191110041607" skipped="0" tests="1" time="0.002" timestamp="2019-11-10T04:16:07">
	<testcase classname="test_expr_calc_array_ops.TestExprCalcArrayOps" file="spec/python/test_expr_calc_array_ops.py" line="8" name="test_expr_calc_array_ops" time="0.002" timestamp="2019-11-10T04:16:07">
		<failure message="3.14159 != 25.0 within 6 places" type="AssertionError">
<![CDATA[Traceback (most recent call last):
  File "/home/travis/build/kaitai-io/ci_targets/tests/spec/python/test_expr_calc_array_ops.py", line 19, in test_expr_calc_array_ops
    self.assertAlmostEqual(r.double_array_min, 25.0, 6)
AssertionError: 3.14159 != 25.0 within 6 places
]]>		</failure>
		<system-out>
<![CDATA[]]>		</system-out>
		<system-err>
<![CDATA[]]>		</system-err>
	</testcase>
</testsuite>
