<?xml version="1.0" encoding="UTF-8"?>
<testsuite errors="1" failures="0" file="test_process_repeat_bytes.py" name="test_process_repeat_bytes.TestProcessRepeatBytes-20200112092954" skipped="0" tests="1" time="0.001" timestamp="2020-01-12T09:29:54">
	<testcase classname="test_process_repeat_bytes.TestProcessRepeatBytes" file="spec/python/test_process_repeat_bytes.py" line="8" name="test_process_repeat_bytes" time="0.001" timestamp="2020-01-12T09:29:54">
		<error message="'ProcessRepeatBytes' object has no attribute '_raw_bufs'" type="AttributeError">
<![CDATA[Traceback (most recent call last):
  File "/home/travis/build/kaitai-io/ci_targets/tests/spec/python/test_process_repeat_bytes.py", line 9, in test_process_repeat_bytes
    with ProcessRepeatBytes.from_file('src/process_xor_4.bin') as r:
  File "/home/travis/build/kaitai-io/ci_targets/runtime/python/kaitaistruct.py", line 35, in from_file
    return cls(KaitaiStream(f))
  File "/home/travis/build/kaitai-io/ci_targets/tests/compiled/python/process_repeat_bytes.py", line 16, in __init__
    self._read()
  File "/home/travis/build/kaitai-io/ci_targets/tests/compiled/python/process_repeat_bytes.py", line 21, in _read
    self._raw_bufs[i] = self._io.read_bytes(5)
AttributeError: 'ProcessRepeatBytes' object has no attribute '_raw_bufs'
]]>		</error>
		<system-out>
<![CDATA[]]>		</system-out>
		<system-err>
<![CDATA[]]>		</system-err>
	</testcase>
</testsuite>
