<?xml version="1.0" encoding="UTF-8"?>
<testsuite errors="154" failures="0" file="unittest/loader.py" name="unittest.loader._FailedTest-20190425015525" skipped="0" tests="154" time="0.076" timestamp="2019-04-25T01:55:25">
	<testcase classname="unittest.loader._FailedTest" file="/opt/python/3.6.3/lib/python3.6/unittest/loader.py" line="33" name="test_bcd_user_type_be" time="0.009" timestamp="2019-04-25T01:55:25">
		<error message="Failed to import test module: test_bcd_user_type_be
Traceback (most recent call last):
  File &quot;/opt/python/3.6.3/lib/python3.6/unittest/loader.py&quot;, line 428, in _find_test_path
    module = self._get_module_from_name(name)
  File &quot;/opt/python/3.6.3/lib/python3.6/unittest/loader.py&quot;, line 369, in _get_module_from_name
    __import__(name)
  File &quot;/home/travis/build/kaitai-io/ci_targets/tests/spec/python/test_bcd_user_type_be.py&quot;, line 5, in &lt;module&gt;
    from bcd_user_type_be import BcdUserTypeBe
ModuleNotFoundError: No module named 'bcd_user_type_be'
" type="ImportError">
<![CDATA[ImportError: Failed to import test module: test_bcd_user_type_be
Traceback (most recent call last):
  File "/opt/python/3.6.3/lib/python3.6/unittest/loader.py", line 428, in _find_test_path
    module = self._get_module_from_name(name)
  File "/opt/python/3.6.3/lib/python3.6/unittest/loader.py", line 369, in _get_module_from_name
    __import__(name)
  File "/home/travis/build/kaitai-io/ci_targets/tests/spec/python/test_bcd_user_type_be.py", line 5, in <module>
    from bcd_user_type_be import BcdUserTypeBe
ModuleNotFoundError: No module named 'bcd_user_type_be'

]]>		</error>
		<system-out>
<![CDATA[]]>		</system-out>
		<system-err>
<![CDATA[]]>		</system-err>
	</testcase>
	<testcase classname="unittest.loader._FailedTest" file="/opt/python/3.6.3/lib/python3.6/unittest/loader.py" line="33" name="test_bcd_user_type_le" time="0.000" timestamp="2019-04-25T01:55:25">
		<error message="Failed to import test module: test_bcd_user_type_le
Traceback (most recent call last):
  File &quot;/opt/python/3.6.3/lib/python3.6/unittest/loader.py&quot;, line 428, in _find_test_path
    module = self._get_module_from_name(name)
  File &quot;/opt/python/3.6.3/lib/python3.6/unittest/loader.py&quot;, line 369, in _get_module_from_name
    __import__(name)
  File &quot;/home/travis/build/kaitai-io/ci_targets/tests/spec/python/test_bcd_user_type_le.py&quot;, line 5, in &lt;module&gt;
    from bcd_user_type_le import BcdUserTypeLe
ModuleNotFoundError: No module named 'bcd_user_type_le'
" type="ImportError">
<![CDATA[ImportError: Failed to import test module: test_bcd_user_type_le
Traceback (most recent call last):
  File "/opt/python/3.6.3/lib/python3.6/unittest/loader.py", line 428, in _find_test_path
    module = self._get_module_from_name(name)
  File "/opt/python/3.6.3/lib/python3.6/unittest/loader.py", line 369, in _get_module_from_name
    __import__(name)
  File "/home/travis/build/kaitai-io/ci_targets/tests/spec/python/test_bcd_user_type_le.py", line 5, in <module>
    from bcd_user_type_le import BcdUserTypeLe
ModuleNotFoundError: No module named 'bcd_user_type_le'

]]>		</error>
		<system-out>
<![CDATA[]]>		</system-out>
		<system-err>
<![CDATA[]]>		</system-err>
	</testcase>
	<testcase classname="unittest.loader._FailedTest" file="/opt/python/3.6.3/lib/python3.6/unittest/loader.py" line="33" name="test_bits_byte_aligned" time="0.001" timestamp="2019-04-25T01:55:25">
		<error message="Failed to import test module: test_bits_byte_aligned
Traceback (most recent call last):
  File &quot;/opt/python/3.6.3/lib/python3.6/unittest/loader.py&quot;, line 428, in _find_test_path
    module = self._get_module_from_name(name)
  File &quot;/opt/python/3.6.3/lib/python3.6/unittest/loader.py&quot;, line 369, in _get_module_from_name
    __import__(name)
  File &quot;/home/travis/build/kaitai-io/ci_targets/tests/spec/python/test_bits_byte_aligned.py&quot;, line 5, in &lt;module&gt;
    from bits_byte_aligned import BitsByteAligned
ModuleNotFoundError: No module named 'bits_byte_aligned'
" type="ImportError">
<![CDATA[ImportError: Failed to import test module: test_bits_byte_aligned
Traceback (most recent call last):
  File "/opt/python/3.6.3/lib/python3.6/unittest/loader.py", line 428, in _find_test_path
    module = self._get_module_from_name(name)
  File "/opt/python/3.6.3/lib/python3.6/unittest/loader.py", line 369, in _get_module_from_name
    __import__(name)
  File "/home/travis/build/kaitai-io/ci_targets/tests/spec/python/test_bits_byte_aligned.py", line 5, in <module>
    from bits_byte_aligned import BitsByteAligned
ModuleNotFoundError: No module named 'bits_byte_aligned'

]]>		</error>
		<system-out>
<![CDATA[]]>		</system-out>
		<system-err>
<![CDATA[]]>		</system-err>
	</testcase>
	<testcase classname="unittest.loader._FailedTest" file="/opt/python/3.6.3/lib/python3.6/unittest/loader.py" line="33" name="test_bits_enum" time="0.000" timestamp="2019-04-25T01:55:25">
		<error message="Failed to import test module: test_bits_enum
Traceback (most recent call last):
  File &quot;/opt/python/3.6.3/lib/python3.6/unittest/loader.py&quot;, line 428, in _find_test_path
    module = self._get_module_from_name(name)
  File &quot;/opt/python/3.6.3/lib/python3.6/unittest/loader.py&quot;, line 369, in _get_module_from_name
    __import__(name)
  File &quot;/home/travis/build/kaitai-io/ci_targets/tests/spec/python/test_bits_enum.py&quot;, line 3, in &lt;module&gt;
    from bits_enum import BitsEnum
ModuleNotFoundError: No module named 'bits_enum'
" type="ImportError">
<![CDATA[ImportError: Failed to import test module: test_bits_enum
Traceback (most recent call last):
  File "/opt/python/3.6.3/lib/python3.6/unittest/loader.py", line 428, in _find_test_path
    module = self._get_module_from_name(name)
  File "/opt/python/3.6.3/lib/python3.6/unittest/loader.py", line 369, in _get_module_from_name
    __import__(name)
  File "/home/travis/build/kaitai-io/ci_targets/tests/spec/python/test_bits_enum.py", line 3, in <module>
    from bits_enum import BitsEnum
ModuleNotFoundError: No module named 'bits_enum'

]]>		</error>
		<system-out>
<![CDATA[]]>		</system-out>
		<system-err>
<![CDATA[]]>		</system-err>
	</testcase>
	<testcase classname="unittest.loader._FailedTest" file="/opt/python/3.6.3/lib/python3.6/unittest/loader.py" line="33" name="test_bits_simple" time="0.000" timestamp="2019-04-25T01:55:25">
		<error message="Failed to import test module: test_bits_simple
Traceback (most recent call last):
  File &quot;/opt/python/3.6.3/lib/python3.6/unittest/loader.py&quot;, line 428, in _find_test_path
    module = self._get_module_from_name(name)
  File &quot;/opt/python/3.6.3/lib/python3.6/unittest/loader.py&quot;, line 369, in _get_module_from_name
    __import__(name)
  File &quot;/home/travis/build/kaitai-io/ci_targets/tests/spec/python/test_bits_simple.py&quot;, line 5, in &lt;module&gt;
    from bits_simple import BitsSimple
ModuleNotFoundError: No module named 'bits_simple'
" type="ImportError">
<![CDATA[ImportError: Failed to import test module: test_bits_simple
Traceback (most recent call last):
  File "/opt/python/3.6.3/lib/python3.6/unittest/loader.py", line 428, in _find_test_path
    module = self._get_module_from_name(name)
  File "/opt/python/3.6.3/lib/python3.6/unittest/loader.py", line 369, in _get_module_from_name
    __import__(name)
  File "/home/travis/build/kaitai-io/ci_targets/tests/spec/python/test_bits_simple.py", line 5, in <module>
    from bits_simple import BitsSimple
ModuleNotFoundError: No module named 'bits_simple'

]]>		</error>
		<system-out>
<![CDATA[]]>		</system-out>
		<system-err>
<![CDATA[]]>		</system-err>
	</testcase>
	<testcase classname="unittest.loader._FailedTest" file="/opt/python/3.6.3/lib/python3.6/unittest/loader.py" line="33" name="test_buffered_struct" time="0.000" timestamp="2019-04-25T01:55:25">
		<error message="Failed to import test module: test_buffered_struct
Traceback (most recent call last):
  File &quot;/opt/python/3.6.3/lib/python3.6/unittest/loader.py&quot;, line 428, in _find_test_path
    module = self._get_module_from_name(name)
  File &quot;/opt/python/3.6.3/lib/python3.6/unittest/loader.py&quot;, line 369, in _get_module_from_name
    __import__(name)
  File &quot;/home/travis/build/kaitai-io/ci_targets/tests/spec/python/test_buffered_struct.py&quot;, line 5, in &lt;module&gt;
    from buffered_struct import BufferedStruct
ModuleNotFoundError: No module named 'buffered_struct'
" type="ImportError">
<![CDATA[ImportError: Failed to import test module: test_buffered_struct
Traceback (most recent call last):
  File "/opt/python/3.6.3/lib/python3.6/unittest/loader.py", line 428, in _find_test_path
    module = self._get_module_from_name(name)
  File "/opt/python/3.6.3/lib/python3.6/unittest/loader.py", line 369, in _get_module_from_name
    __import__(name)
  File "/home/travis/build/kaitai-io/ci_targets/tests/spec/python/test_buffered_struct.py", line 5, in <module>
    from buffered_struct import BufferedStruct
ModuleNotFoundError: No module named 'buffered_struct'

]]>		</error>
		<system-out>
<![CDATA[]]>		</system-out>
		<system-err>
<![CDATA[]]>		</system-err>
	</testcase>
	<testcase classname="unittest.loader._FailedTest" file="/opt/python/3.6.3/lib/python3.6/unittest/loader.py" line="33" name="test_bytes_pad_term" time="0.000" timestamp="2019-04-25T01:55:25">
		<error message="Failed to import test module: test_bytes_pad_term
Traceback (most recent call last):
  File &quot;/opt/python/3.6.3/lib/python3.6/unittest/loader.py&quot;, line 428, in _find_test_path
    module = self._get_module_from_name(name)
  File &quot;/opt/python/3.6.3/lib/python3.6/unittest/loader.py&quot;, line 369, in _get_module_from_name
    __import__(name)
  File &quot;/home/travis/build/kaitai-io/ci_targets/tests/spec/python/test_bytes_pad_term.py&quot;, line 5, in &lt;module&gt;
    from bytes_pad_term import BytesPadTerm
ModuleNotFoundError: No module named 'bytes_pad_term'
" type="ImportError">
<![CDATA[ImportError: Failed to import test module: test_bytes_pad_term
Traceback (most recent call last):
  File "/opt/python/3.6.3/lib/python3.6/unittest/loader.py", line 428, in _find_test_path
    module = self._get_module_from_name(name)
  File "/opt/python/3.6.3/lib/python3.6/unittest/loader.py", line 369, in _get_module_from_name
    __import__(name)
  File "/home/travis/build/kaitai-io/ci_targets/tests/spec/python/test_bytes_pad_term.py", line 5, in <module>
    from bytes_pad_term import BytesPadTerm
ModuleNotFoundError: No module named 'bytes_pad_term'

]]>		</error>
		<system-out>
<![CDATA[]]>		</system-out>
		<system-err>
<![CDATA[]]>		</system-err>
	</testcase>
	<testcase classname="unittest.loader._FailedTest" file="/opt/python/3.6.3/lib/python3.6/unittest/loader.py" line="33" name="test_cast_nested" time="0.000" timestamp="2019-04-25T01:55:25">
		<error message="Failed to import test module: test_cast_nested
Traceback (most recent call last):
  File &quot;/opt/python/3.6.3/lib/python3.6/unittest/loader.py&quot;, line 428, in _find_test_path
    module = self._get_module_from_name(name)
  File &quot;/opt/python/3.6.3/lib/python3.6/unittest/loader.py&quot;, line 369, in _get_module_from_name
    __import__(name)
  File &quot;/home/travis/build/kaitai-io/ci_targets/tests/spec/python/test_cast_nested.py&quot;, line 5, in &lt;module&gt;
    from cast_nested import CastNested
ModuleNotFoundError: No module named 'cast_nested'
" type="ImportError">
<![CDATA[ImportError: Failed to import test module: test_cast_nested
Traceback (most recent call last):
  File "/opt/python/3.6.3/lib/python3.6/unittest/loader.py", line 428, in _find_test_path
    module = self._get_module_from_name(name)
  File "/opt/python/3.6.3/lib/python3.6/unittest/loader.py", line 369, in _get_module_from_name
    __import__(name)
  File "/home/travis/build/kaitai-io/ci_targets/tests/spec/python/test_cast_nested.py", line 5, in <module>
    from cast_nested import CastNested
ModuleNotFoundError: No module named 'cast_nested'

]]>		</error>
		<system-out>
<![CDATA[]]>		</system-out>
		<system-err>
<![CDATA[]]>		</system-err>
	</testcase>
	<testcase classname="unittest.loader._FailedTest" file="/opt/python/3.6.3/lib/python3.6/unittest/loader.py" line="33" name="test_cast_to_imported" time="0.000" timestamp="2019-04-25T01:55:25">
		<error message="Failed to import test module: test_cast_to_imported
Traceback (most recent call last):
  File &quot;/opt/python/3.6.3/lib/python3.6/unittest/loader.py&quot;, line 428, in _find_test_path
    module = self._get_module_from_name(name)
  File &quot;/opt/python/3.6.3/lib/python3.6/unittest/loader.py&quot;, line 369, in _get_module_from_name
    __import__(name)
  File &quot;/home/travis/build/kaitai-io/ci_targets/tests/spec/python/test_cast_to_imported.py&quot;, line 5, in &lt;module&gt;
    from cast_to_imported import CastToImported
ModuleNotFoundError: No module named 'cast_to_imported'
" type="ImportError">
<![CDATA[ImportError: Failed to import test module: test_cast_to_imported
Traceback (most recent call last):
  File "/opt/python/3.6.3/lib/python3.6/unittest/loader.py", line 428, in _find_test_path
    module = self._get_module_from_name(name)
  File "/opt/python/3.6.3/lib/python3.6/unittest/loader.py", line 369, in _get_module_from_name
    __import__(name)
  File "/home/travis/build/kaitai-io/ci_targets/tests/spec/python/test_cast_to_imported.py", line 5, in <module>
    from cast_to_imported import CastToImported
ModuleNotFoundError: No module named 'cast_to_imported'

]]>		</error>
		<system-out>
<![CDATA[]]>		</system-out>
		<system-err>
<![CDATA[]]>		</system-err>
	</testcase>
	<testcase classname="unittest.loader._FailedTest" file="/opt/python/3.6.3/lib/python3.6/unittest/loader.py" line="33" name="test_cast_to_top" time="0.000" timestamp="2019-04-25T01:55:25">
		<error message="Failed to import test module: test_cast_to_top
Traceback (most recent call last):
  File &quot;/opt/python/3.6.3/lib/python3.6/unittest/loader.py&quot;, line 428, in _find_test_path
    module = self._get_module_from_name(name)
  File &quot;/opt/python/3.6.3/lib/python3.6/unittest/loader.py&quot;, line 369, in _get_module_from_name
    __import__(name)
  File &quot;/home/travis/build/kaitai-io/ci_targets/tests/spec/python/test_cast_to_top.py&quot;, line 5, in &lt;module&gt;
    from cast_to_top import CastToTop
ModuleNotFoundError: No module named 'cast_to_top'
" type="ImportError">
<![CDATA[ImportError: Failed to import test module: test_cast_to_top
Traceback (most recent call last):
  File "/opt/python/3.6.3/lib/python3.6/unittest/loader.py", line 428, in _find_test_path
    module = self._get_module_from_name(name)
  File "/opt/python/3.6.3/lib/python3.6/unittest/loader.py", line 369, in _get_module_from_name
    __import__(name)
  File "/home/travis/build/kaitai-io/ci_targets/tests/spec/python/test_cast_to_top.py", line 5, in <module>
    from cast_to_top import CastToTop
ModuleNotFoundError: No module named 'cast_to_top'

]]>		</error>
		<system-out>
<![CDATA[]]>		</system-out>
		<system-err>
<![CDATA[]]>		</system-err>
	</testcase>
	<testcase classname="unittest.loader._FailedTest" file="/opt/python/3.6.3/lib/python3.6/unittest/loader.py" line="33" name="test_debug_0" time="0.000" timestamp="2019-04-25T01:55:25">
		<error message="Failed to import test module: test_debug_0
Traceback (most recent call last):
  File &quot;/opt/python/3.6.3/lib/python3.6/unittest/loader.py&quot;, line 428, in _find_test_path
    module = self._get_module_from_name(name)
  File &quot;/opt/python/3.6.3/lib/python3.6/unittest/loader.py&quot;, line 369, in _get_module_from_name
    __import__(name)
  File &quot;/home/travis/build/kaitai-io/ci_targets/tests/spec/python/test_debug_0.py&quot;, line 3, in &lt;module&gt;
    from debug_0 import Debug0
ModuleNotFoundError: No module named 'debug_0'
" type="ImportError">
<![CDATA[ImportError: Failed to import test module: test_debug_0
Traceback (most recent call last):
  File "/opt/python/3.6.3/lib/python3.6/unittest/loader.py", line 428, in _find_test_path
    module = self._get_module_from_name(name)
  File "/opt/python/3.6.3/lib/python3.6/unittest/loader.py", line 369, in _get_module_from_name
    __import__(name)
  File "/home/travis/build/kaitai-io/ci_targets/tests/spec/python/test_debug_0.py", line 3, in <module>
    from debug_0 import Debug0
ModuleNotFoundError: No module named 'debug_0'

]]>		</error>
		<system-out>
<![CDATA[]]>		</system-out>
		<system-err>
<![CDATA[]]>		</system-err>
	</testcase>
	<testcase classname="unittest.loader._FailedTest" file="/opt/python/3.6.3/lib/python3.6/unittest/loader.py" line="33" name="test_debug_array_user" time="0.000" timestamp="2019-04-25T01:55:25">
		<error message="Failed to import test module: test_debug_array_user
Traceback (most recent call last):
  File &quot;/opt/python/3.6.3/lib/python3.6/unittest/loader.py&quot;, line 428, in _find_test_path
    module = self._get_module_from_name(name)
  File &quot;/opt/python/3.6.3/lib/python3.6/unittest/loader.py&quot;, line 369, in _get_module_from_name
    __import__(name)
  File &quot;/home/travis/build/kaitai-io/ci_targets/tests/spec/python/test_debug_array_user.py&quot;, line 3, in &lt;module&gt;
    from debug_array_user import DebugArrayUser
ModuleNotFoundError: No module named 'debug_array_user'
" type="ImportError">
<![CDATA[ImportError: Failed to import test module: test_debug_array_user
Traceback (most recent call last):
  File "/opt/python/3.6.3/lib/python3.6/unittest/loader.py", line 428, in _find_test_path
    module = self._get_module_from_name(name)
  File "/opt/python/3.6.3/lib/python3.6/unittest/loader.py", line 369, in _get_module_from_name
    __import__(name)
  File "/home/travis/build/kaitai-io/ci_targets/tests/spec/python/test_debug_array_user.py", line 3, in <module>
    from debug_array_user import DebugArrayUser
ModuleNotFoundError: No module named 'debug_array_user'

]]>		</error>
		<system-out>
<![CDATA[]]>		</system-out>
		<system-err>
<![CDATA[]]>		</system-err>
	</testcase>
	<testcase classname="unittest.loader._FailedTest" file="/opt/python/3.6.3/lib/python3.6/unittest/loader.py" line="33" name="test_debug_enum_name" time="0.000" timestamp="2019-04-25T01:55:25">
		<error message="Failed to import test module: test_debug_enum_name
Traceback (most recent call last):
  File &quot;/opt/python/3.6.3/lib/python3.6/unittest/loader.py&quot;, line 428, in _find_test_path
    module = self._get_module_from_name(name)
  File &quot;/opt/python/3.6.3/lib/python3.6/unittest/loader.py&quot;, line 369, in _get_module_from_name
    __import__(name)
  File &quot;/home/travis/build/kaitai-io/ci_targets/tests/spec/python/test_debug_enum_name.py&quot;, line 3, in &lt;module&gt;
    from debug_enum_name import DebugEnumName
ModuleNotFoundError: No module named 'debug_enum_name'
" type="ImportError">
<![CDATA[ImportError: Failed to import test module: test_debug_enum_name
Traceback (most recent call last):
  File "/opt/python/3.6.3/lib/python3.6/unittest/loader.py", line 428, in _find_test_path
    module = self._get_module_from_name(name)
  File "/opt/python/3.6.3/lib/python3.6/unittest/loader.py", line 369, in _get_module_from_name
    __import__(name)
  File "/home/travis/build/kaitai-io/ci_targets/tests/spec/python/test_debug_enum_name.py", line 3, in <module>
    from debug_enum_name import DebugEnumName
ModuleNotFoundError: No module named 'debug_enum_name'

]]>		</error>
		<system-out>
<![CDATA[]]>		</system-out>
		<system-err>
<![CDATA[]]>		</system-err>
	</testcase>
	<testcase classname="unittest.loader._FailedTest" file="/opt/python/3.6.3/lib/python3.6/unittest/loader.py" line="33" name="test_default_big_endian" time="0.000" timestamp="2019-04-25T01:55:25">
		<error message="Failed to import test module: test_default_big_endian
Traceback (most recent call last):
  File &quot;/opt/python/3.6.3/lib/python3.6/unittest/loader.py&quot;, line 428, in _find_test_path
    module = self._get_module_from_name(name)
  File &quot;/opt/python/3.6.3/lib/python3.6/unittest/loader.py&quot;, line 369, in _get_module_from_name
    __import__(name)
  File &quot;/home/travis/build/kaitai-io/ci_targets/tests/spec/python/test_default_big_endian.py&quot;, line 5, in &lt;module&gt;
    from default_big_endian import DefaultBigEndian
ModuleNotFoundError: No module named 'default_big_endian'
" type="ImportError">
<![CDATA[ImportError: Failed to import test module: test_default_big_endian
Traceback (most recent call last):
  File "/opt/python/3.6.3/lib/python3.6/unittest/loader.py", line 428, in _find_test_path
    module = self._get_module_from_name(name)
  File "/opt/python/3.6.3/lib/python3.6/unittest/loader.py", line 369, in _get_module_from_name
    __import__(name)
  File "/home/travis/build/kaitai-io/ci_targets/tests/spec/python/test_default_big_endian.py", line 5, in <module>
    from default_big_endian import DefaultBigEndian
ModuleNotFoundError: No module named 'default_big_endian'

]]>		</error>
		<system-out>
<![CDATA[]]>		</system-out>
		<system-err>
<![CDATA[]]>		</system-err>
	</testcase>
	<testcase classname="unittest.loader._FailedTest" file="/opt/python/3.6.3/lib/python3.6/unittest/loader.py" line="33" name="test_default_endian_expr_exception" time="0.000" timestamp="2019-04-25T01:55:25">
		<error message="Failed to import test module: test_default_endian_expr_exception
Traceback (most recent call last):
  File &quot;/opt/python/3.6.3/lib/python3.6/unittest/loader.py&quot;, line 428, in _find_test_path
    module = self._get_module_from_name(name)
  File &quot;/opt/python/3.6.3/lib/python3.6/unittest/loader.py&quot;, line 369, in _get_module_from_name
    __import__(name)
  File &quot;/home/travis/build/kaitai-io/ci_targets/tests/spec/python/test_default_endian_expr_exception.py&quot;, line 3, in &lt;module&gt;
    from default_endian_expr_exception import DefaultEndianExprException
ModuleNotFoundError: No module named 'default_endian_expr_exception'
" type="ImportError">
<![CDATA[ImportError: Failed to import test module: test_default_endian_expr_exception
Traceback (most recent call last):
  File "/opt/python/3.6.3/lib/python3.6/unittest/loader.py", line 428, in _find_test_path
    module = self._get_module_from_name(name)
  File "/opt/python/3.6.3/lib/python3.6/unittest/loader.py", line 369, in _get_module_from_name
    __import__(name)
  File "/home/travis/build/kaitai-io/ci_targets/tests/spec/python/test_default_endian_expr_exception.py", line 3, in <module>
    from default_endian_expr_exception import DefaultEndianExprException
ModuleNotFoundError: No module named 'default_endian_expr_exception'

]]>		</error>
		<system-out>
<![CDATA[]]>		</system-out>
		<system-err>
<![CDATA[]]>		</system-err>
	</testcase>
	<testcase classname="unittest.loader._FailedTest" file="/opt/python/3.6.3/lib/python3.6/unittest/loader.py" line="33" name="test_default_endian_expr_inherited" time="0.000" timestamp="2019-04-25T01:55:25">
		<error message="Failed to import test module: test_default_endian_expr_inherited
Traceback (most recent call last):
  File &quot;/opt/python/3.6.3/lib/python3.6/unittest/loader.py&quot;, line 428, in _find_test_path
    module = self._get_module_from_name(name)
  File &quot;/opt/python/3.6.3/lib/python3.6/unittest/loader.py&quot;, line 369, in _get_module_from_name
    __import__(name)
  File &quot;/home/travis/build/kaitai-io/ci_targets/tests/spec/python/test_default_endian_expr_inherited.py&quot;, line 5, in &lt;module&gt;
    from default_endian_expr_inherited import DefaultEndianExprInherited
ModuleNotFoundError: No module named 'default_endian_expr_inherited'
" type="ImportError">
<![CDATA[ImportError: Failed to import test module: test_default_endian_expr_inherited
Traceback (most recent call last):
  File "/opt/python/3.6.3/lib/python3.6/unittest/loader.py", line 428, in _find_test_path
    module = self._get_module_from_name(name)
  File "/opt/python/3.6.3/lib/python3.6/unittest/loader.py", line 369, in _get_module_from_name
    __import__(name)
  File "/home/travis/build/kaitai-io/ci_targets/tests/spec/python/test_default_endian_expr_inherited.py", line 5, in <module>
    from default_endian_expr_inherited import DefaultEndianExprInherited
ModuleNotFoundError: No module named 'default_endian_expr_inherited'

]]>		</error>
		<system-out>
<![CDATA[]]>		</system-out>
		<system-err>
<![CDATA[]]>		</system-err>
	</testcase>
	<testcase classname="unittest.loader._FailedTest" file="/opt/python/3.6.3/lib/python3.6/unittest/loader.py" line="33" name="test_default_endian_expr_is_be" time="0.000" timestamp="2019-04-25T01:55:25">
		<error message="Failed to import test module: test_default_endian_expr_is_be
Traceback (most recent call last):
  File &quot;/opt/python/3.6.3/lib/python3.6/unittest/loader.py&quot;, line 428, in _find_test_path
    module = self._get_module_from_name(name)
  File &quot;/opt/python/3.6.3/lib/python3.6/unittest/loader.py&quot;, line 369, in _get_module_from_name
    __import__(name)
  File &quot;/home/travis/build/kaitai-io/ci_targets/tests/spec/python/test_default_endian_expr_is_be.py&quot;, line 5, in &lt;module&gt;
    from default_endian_expr_is_be import DefaultEndianExprIsBe
ModuleNotFoundError: No module named 'default_endian_expr_is_be'
" type="ImportError">
<![CDATA[ImportError: Failed to import test module: test_default_endian_expr_is_be
Traceback (most recent call last):
  File "/opt/python/3.6.3/lib/python3.6/unittest/loader.py", line 428, in _find_test_path
    module = self._get_module_from_name(name)
  File "/opt/python/3.6.3/lib/python3.6/unittest/loader.py", line 369, in _get_module_from_name
    __import__(name)
  File "/home/travis/build/kaitai-io/ci_targets/tests/spec/python/test_default_endian_expr_is_be.py", line 5, in <module>
    from default_endian_expr_is_be import DefaultEndianExprIsBe
ModuleNotFoundError: No module named 'default_endian_expr_is_be'

]]>		</error>
		<system-out>
<![CDATA[]]>		</system-out>
		<system-err>
<![CDATA[]]>		</system-err>
	</testcase>
	<testcase classname="unittest.loader._FailedTest" file="/opt/python/3.6.3/lib/python3.6/unittest/loader.py" line="33" name="test_default_endian_expr_is_le" time="0.000" timestamp="2019-04-25T01:55:25">
		<error message="Failed to import test module: test_default_endian_expr_is_le
Traceback (most recent call last):
  File &quot;/opt/python/3.6.3/lib/python3.6/unittest/loader.py&quot;, line 428, in _find_test_path
    module = self._get_module_from_name(name)
  File &quot;/opt/python/3.6.3/lib/python3.6/unittest/loader.py&quot;, line 369, in _get_module_from_name
    __import__(name)
  File &quot;/home/travis/build/kaitai-io/ci_targets/tests/spec/python/test_default_endian_expr_is_le.py&quot;, line 5, in &lt;module&gt;
    from default_endian_expr_is_le import DefaultEndianExprIsLe
ModuleNotFoundError: No module named 'default_endian_expr_is_le'
" type="ImportError">
<![CDATA[ImportError: Failed to import test module: test_default_endian_expr_is_le
Traceback (most recent call last):
  File "/opt/python/3.6.3/lib/python3.6/unittest/loader.py", line 428, in _find_test_path
    module = self._get_module_from_name(name)
  File "/opt/python/3.6.3/lib/python3.6/unittest/loader.py", line 369, in _get_module_from_name
    __import__(name)
  File "/home/travis/build/kaitai-io/ci_targets/tests/spec/python/test_default_endian_expr_is_le.py", line 5, in <module>
    from default_endian_expr_is_le import DefaultEndianExprIsLe
ModuleNotFoundError: No module named 'default_endian_expr_is_le'

]]>		</error>
		<system-out>
<![CDATA[]]>		</system-out>
		<system-err>
<![CDATA[]]>		</system-err>
	</testcase>
	<testcase classname="unittest.loader._FailedTest" file="/opt/python/3.6.3/lib/python3.6/unittest/loader.py" line="33" name="test_default_endian_mod" time="0.000" timestamp="2019-04-25T01:55:25">
		<error message="Failed to import test module: test_default_endian_mod
Traceback (most recent call last):
  File &quot;/opt/python/3.6.3/lib/python3.6/unittest/loader.py&quot;, line 428, in _find_test_path
    module = self._get_module_from_name(name)
  File &quot;/opt/python/3.6.3/lib/python3.6/unittest/loader.py&quot;, line 369, in _get_module_from_name
    __import__(name)
  File &quot;/home/travis/build/kaitai-io/ci_targets/tests/spec/python/test_default_endian_mod.py&quot;, line 5, in &lt;module&gt;
    from default_endian_mod import DefaultEndianMod
ModuleNotFoundError: No module named 'default_endian_mod'
" type="ImportError">
<![CDATA[ImportError: Failed to import test module: test_default_endian_mod
Traceback (most recent call last):
  File "/opt/python/3.6.3/lib/python3.6/unittest/loader.py", line 428, in _find_test_path
    module = self._get_module_from_name(name)
  File "/opt/python/3.6.3/lib/python3.6/unittest/loader.py", line 369, in _get_module_from_name
    __import__(name)
  File "/home/travis/build/kaitai-io/ci_targets/tests/spec/python/test_default_endian_mod.py", line 5, in <module>
    from default_endian_mod import DefaultEndianMod
ModuleNotFoundError: No module named 'default_endian_mod'

]]>		</error>
		<system-out>
<![CDATA[]]>		</system-out>
		<system-err>
<![CDATA[]]>		</system-err>
	</testcase>
	<testcase classname="unittest.loader._FailedTest" file="/opt/python/3.6.3/lib/python3.6/unittest/loader.py" line="33" name="test_docstrings" time="0.000" timestamp="2019-04-25T01:55:25">
		<error message="Failed to import test module: test_docstrings
Traceback (most recent call last):
  File &quot;/opt/python/3.6.3/lib/python3.6/unittest/loader.py&quot;, line 428, in _find_test_path
    module = self._get_module_from_name(name)
  File &quot;/opt/python/3.6.3/lib/python3.6/unittest/loader.py&quot;, line 369, in _get_module_from_name
    __import__(name)
  File &quot;/home/travis/build/kaitai-io/ci_targets/tests/spec/python/test_docstrings.py&quot;, line 5, in &lt;module&gt;
    from docstrings import Docstrings
ModuleNotFoundError: No module named 'docstrings'
" type="ImportError">
<![CDATA[ImportError: Failed to import test module: test_docstrings
Traceback (most recent call last):
  File "/opt/python/3.6.3/lib/python3.6/unittest/loader.py", line 428, in _find_test_path
    module = self._get_module_from_name(name)
  File "/opt/python/3.6.3/lib/python3.6/unittest/loader.py", line 369, in _get_module_from_name
    __import__(name)
  File "/home/travis/build/kaitai-io/ci_targets/tests/spec/python/test_docstrings.py", line 5, in <module>
    from docstrings import Docstrings
ModuleNotFoundError: No module named 'docstrings'

]]>		</error>
		<system-out>
<![CDATA[]]>		</system-out>
		<system-err>
<![CDATA[]]>		</system-err>
	</testcase>
	<testcase classname="unittest.loader._FailedTest" file="/opt/python/3.6.3/lib/python3.6/unittest/loader.py" line="33" name="test_docstrings_docref" time="0.000" timestamp="2019-04-25T01:55:25">
		<error message="Failed to import test module: test_docstrings_docref
Traceback (most recent call last):
  File &quot;/opt/python/3.6.3/lib/python3.6/unittest/loader.py&quot;, line 428, in _find_test_path
    module = self._get_module_from_name(name)
  File &quot;/opt/python/3.6.3/lib/python3.6/unittest/loader.py&quot;, line 369, in _get_module_from_name
    __import__(name)
  File &quot;/home/travis/build/kaitai-io/ci_targets/tests/spec/python/test_docstrings_docref.py&quot;, line 5, in &lt;module&gt;
    from docstrings_docref import DocstringsDocref
ModuleNotFoundError: No module named 'docstrings_docref'
" type="ImportError">
<![CDATA[ImportError: Failed to import test module: test_docstrings_docref
Traceback (most recent call last):
  File "/opt/python/3.6.3/lib/python3.6/unittest/loader.py", line 428, in _find_test_path
    module = self._get_module_from_name(name)
  File "/opt/python/3.6.3/lib/python3.6/unittest/loader.py", line 369, in _get_module_from_name
    __import__(name)
  File "/home/travis/build/kaitai-io/ci_targets/tests/spec/python/test_docstrings_docref.py", line 5, in <module>
    from docstrings_docref import DocstringsDocref
ModuleNotFoundError: No module named 'docstrings_docref'

]]>		</error>
		<system-out>
<![CDATA[]]>		</system-out>
		<system-err>
<![CDATA[]]>		</system-err>
	</testcase>
	<testcase classname="unittest.loader._FailedTest" file="/opt/python/3.6.3/lib/python3.6/unittest/loader.py" line="33" name="test_docstrings_docref_multi" time="0.000" timestamp="2019-04-25T01:55:25">
		<error message="Failed to import test module: test_docstrings_docref_multi
Traceback (most recent call last):
  File &quot;/opt/python/3.6.3/lib/python3.6/unittest/loader.py&quot;, line 428, in _find_test_path
    module = self._get_module_from_name(name)
  File &quot;/opt/python/3.6.3/lib/python3.6/unittest/loader.py&quot;, line 369, in _get_module_from_name
    __import__(name)
  File &quot;/home/travis/build/kaitai-io/ci_targets/tests/spec/python/test_docstrings_docref_multi.py&quot;, line 5, in &lt;module&gt;
    from docstrings_docref_multi import DocstringsDocrefMulti
ModuleNotFoundError: No module named 'docstrings_docref_multi'
" type="ImportError">
<![CDATA[ImportError: Failed to import test module: test_docstrings_docref_multi
Traceback (most recent call last):
  File "/opt/python/3.6.3/lib/python3.6/unittest/loader.py", line 428, in _find_test_path
    module = self._get_module_from_name(name)
  File "/opt/python/3.6.3/lib/python3.6/unittest/loader.py", line 369, in _get_module_from_name
    __import__(name)
  File "/home/travis/build/kaitai-io/ci_targets/tests/spec/python/test_docstrings_docref_multi.py", line 5, in <module>
    from docstrings_docref_multi import DocstringsDocrefMulti
ModuleNotFoundError: No module named 'docstrings_docref_multi'

]]>		</error>
		<system-out>
<![CDATA[]]>		</system-out>
		<system-err>
<![CDATA[]]>		</system-err>
	</testcase>
	<testcase classname="unittest.loader._FailedTest" file="/opt/python/3.6.3/lib/python3.6/unittest/loader.py" line="33" name="test_enum_0" time="0.000" timestamp="2019-04-25T01:55:25">
		<error message="Failed to import test module: test_enum_0
Traceback (most recent call last):
  File &quot;/opt/python/3.6.3/lib/python3.6/unittest/loader.py&quot;, line 428, in _find_test_path
    module = self._get_module_from_name(name)
  File &quot;/opt/python/3.6.3/lib/python3.6/unittest/loader.py&quot;, line 369, in _get_module_from_name
    __import__(name)
  File &quot;/home/travis/build/kaitai-io/ci_targets/tests/spec/python/test_enum_0.py&quot;, line 3, in &lt;module&gt;
    from enum_0 import Enum0
ModuleNotFoundError: No module named 'enum_0'
" type="ImportError">
<![CDATA[ImportError: Failed to import test module: test_enum_0
Traceback (most recent call last):
  File "/opt/python/3.6.3/lib/python3.6/unittest/loader.py", line 428, in _find_test_path
    module = self._get_module_from_name(name)
  File "/opt/python/3.6.3/lib/python3.6/unittest/loader.py", line 369, in _get_module_from_name
    __import__(name)
  File "/home/travis/build/kaitai-io/ci_targets/tests/spec/python/test_enum_0.py", line 3, in <module>
    from enum_0 import Enum0
ModuleNotFoundError: No module named 'enum_0'

]]>		</error>
		<system-out>
<![CDATA[]]>		</system-out>
		<system-err>
<![CDATA[]]>		</system-err>
	</testcase>
	<testcase classname="unittest.loader._FailedTest" file="/opt/python/3.6.3/lib/python3.6/unittest/loader.py" line="33" name="test_enum_1" time="0.000" timestamp="2019-04-25T01:55:25">
		<error message="Failed to import test module: test_enum_1
Traceback (most recent call last):
  File &quot;/opt/python/3.6.3/lib/python3.6/unittest/loader.py&quot;, line 428, in _find_test_path
    module = self._get_module_from_name(name)
  File &quot;/opt/python/3.6.3/lib/python3.6/unittest/loader.py&quot;, line 369, in _get_module_from_name
    __import__(name)
  File &quot;/home/travis/build/kaitai-io/ci_targets/tests/spec/python/test_enum_1.py&quot;, line 5, in &lt;module&gt;
    from enum_1 import Enum1
ModuleNotFoundError: No module named 'enum_1'
" type="ImportError">
<![CDATA[ImportError: Failed to import test module: test_enum_1
Traceback (most recent call last):
  File "/opt/python/3.6.3/lib/python3.6/unittest/loader.py", line 428, in _find_test_path
    module = self._get_module_from_name(name)
  File "/opt/python/3.6.3/lib/python3.6/unittest/loader.py", line 369, in _get_module_from_name
    __import__(name)
  File "/home/travis/build/kaitai-io/ci_targets/tests/spec/python/test_enum_1.py", line 5, in <module>
    from enum_1 import Enum1
ModuleNotFoundError: No module named 'enum_1'

]]>		</error>
		<system-out>
<![CDATA[]]>		</system-out>
		<system-err>
<![CDATA[]]>		</system-err>
	</testcase>
	<testcase classname="unittest.loader._FailedTest" file="/opt/python/3.6.3/lib/python3.6/unittest/loader.py" line="33" name="test_enum_deep" time="0.000" timestamp="2019-04-25T01:55:25">
		<error message="Failed to import test module: test_enum_deep
Traceback (most recent call last):
  File &quot;/opt/python/3.6.3/lib/python3.6/unittest/loader.py&quot;, line 428, in _find_test_path
    module = self._get_module_from_name(name)
  File &quot;/opt/python/3.6.3/lib/python3.6/unittest/loader.py&quot;, line 369, in _get_module_from_name
    __import__(name)
  File &quot;/home/travis/build/kaitai-io/ci_targets/tests/spec/python/test_enum_deep.py&quot;, line 5, in &lt;module&gt;
    from enum_deep import EnumDeep
ModuleNotFoundError: No module named 'enum_deep'
" type="ImportError">
<![CDATA[ImportError: Failed to import test module: test_enum_deep
Traceback (most recent call last):
  File "/opt/python/3.6.3/lib/python3.6/unittest/loader.py", line 428, in _find_test_path
    module = self._get_module_from_name(name)
  File "/opt/python/3.6.3/lib/python3.6/unittest/loader.py", line 369, in _get_module_from_name
    __import__(name)
  File "/home/travis/build/kaitai-io/ci_targets/tests/spec/python/test_enum_deep.py", line 5, in <module>
    from enum_deep import EnumDeep
ModuleNotFoundError: No module named 'enum_deep'

]]>		</error>
		<system-out>
<![CDATA[]]>		</system-out>
		<system-err>
<![CDATA[]]>		</system-err>
	</testcase>
	<testcase classname="unittest.loader._FailedTest" file="/opt/python/3.6.3/lib/python3.6/unittest/loader.py" line="33" name="test_enum_deep_literals" time="0.000" timestamp="2019-04-25T01:55:25">
		<error message="Failed to import test module: test_enum_deep_literals
Traceback (most recent call last):
  File &quot;/opt/python/3.6.3/lib/python3.6/unittest/loader.py&quot;, line 428, in _find_test_path
    module = self._get_module_from_name(name)
  File &quot;/opt/python/3.6.3/lib/python3.6/unittest/loader.py&quot;, line 369, in _get_module_from_name
    __import__(name)
  File &quot;/home/travis/build/kaitai-io/ci_targets/tests/spec/python/test_enum_deep_literals.py&quot;, line 5, in &lt;module&gt;
    from enum_deep_literals import EnumDeepLiterals
ModuleNotFoundError: No module named 'enum_deep_literals'
" type="ImportError">
<![CDATA[ImportError: Failed to import test module: test_enum_deep_literals
Traceback (most recent call last):
  File "/opt/python/3.6.3/lib/python3.6/unittest/loader.py", line 428, in _find_test_path
    module = self._get_module_from_name(name)
  File "/opt/python/3.6.3/lib/python3.6/unittest/loader.py", line 369, in _get_module_from_name
    __import__(name)
  File "/home/travis/build/kaitai-io/ci_targets/tests/spec/python/test_enum_deep_literals.py", line 5, in <module>
    from enum_deep_literals import EnumDeepLiterals
ModuleNotFoundError: No module named 'enum_deep_literals'

]]>		</error>
		<system-out>
<![CDATA[]]>		</system-out>
		<system-err>
<![CDATA[]]>		</system-err>
	</testcase>
	<testcase classname="unittest.loader._FailedTest" file="/opt/python/3.6.3/lib/python3.6/unittest/loader.py" line="33" name="test_enum_fancy" time="0.000" timestamp="2019-04-25T01:55:25">
		<error message="Failed to import test module: test_enum_fancy
Traceback (most recent call last):
  File &quot;/opt/python/3.6.3/lib/python3.6/unittest/loader.py&quot;, line 428, in _find_test_path
    module = self._get_module_from_name(name)
  File &quot;/opt/python/3.6.3/lib/python3.6/unittest/loader.py&quot;, line 369, in _get_module_from_name
    __import__(name)
  File &quot;/home/travis/build/kaitai-io/ci_targets/tests/spec/python/test_enum_fancy.py&quot;, line 3, in &lt;module&gt;
    from enum_fancy import EnumFancy
ModuleNotFoundError: No module named 'enum_fancy'
" type="ImportError">
<![CDATA[ImportError: Failed to import test module: test_enum_fancy
Traceback (most recent call last):
  File "/opt/python/3.6.3/lib/python3.6/unittest/loader.py", line 428, in _find_test_path
    module = self._get_module_from_name(name)
  File "/opt/python/3.6.3/lib/python3.6/unittest/loader.py", line 369, in _get_module_from_name
    __import__(name)
  File "/home/travis/build/kaitai-io/ci_targets/tests/spec/python/test_enum_fancy.py", line 3, in <module>
    from enum_fancy import EnumFancy
ModuleNotFoundError: No module named 'enum_fancy'

]]>		</error>
		<system-out>
<![CDATA[]]>		</system-out>
		<system-err>
<![CDATA[]]>		</system-err>
	</testcase>
	<testcase classname="unittest.loader._FailedTest" file="/opt/python/3.6.3/lib/python3.6/unittest/loader.py" line="33" name="test_enum_for_unknown_id" time="0.000" timestamp="2019-04-25T01:55:25">
		<error message="Failed to import test module: test_enum_for_unknown_id
Traceback (most recent call last):
  File &quot;/opt/python/3.6.3/lib/python3.6/unittest/loader.py&quot;, line 428, in _find_test_path
    module = self._get_module_from_name(name)
  File &quot;/opt/python/3.6.3/lib/python3.6/unittest/loader.py&quot;, line 369, in _get_module_from_name
    __import__(name)
  File &quot;/home/travis/build/kaitai-io/ci_targets/tests/spec/python/test_enum_for_unknown_id.py&quot;, line 3, in &lt;module&gt;
    from enum_for_unknown_id import EnumForUnknownId
ModuleNotFoundError: No module named 'enum_for_unknown_id'
" type="ImportError">
<![CDATA[ImportError: Failed to import test module: test_enum_for_unknown_id
Traceback (most recent call last):
  File "/opt/python/3.6.3/lib/python3.6/unittest/loader.py", line 428, in _find_test_path
    module = self._get_module_from_name(name)
  File "/opt/python/3.6.3/lib/python3.6/unittest/loader.py", line 369, in _get_module_from_name
    __import__(name)
  File "/home/travis/build/kaitai-io/ci_targets/tests/spec/python/test_enum_for_unknown_id.py", line 3, in <module>
    from enum_for_unknown_id import EnumForUnknownId
ModuleNotFoundError: No module named 'enum_for_unknown_id'

]]>		</error>
		<system-out>
<![CDATA[]]>		</system-out>
		<system-err>
<![CDATA[]]>		</system-err>
	</testcase>
	<testcase classname="unittest.loader._FailedTest" file="/opt/python/3.6.3/lib/python3.6/unittest/loader.py" line="33" name="test_enum_if" time="0.000" timestamp="2019-04-25T01:55:25">
		<error message="Failed to import test module: test_enum_if
Traceback (most recent call last):
  File &quot;/opt/python/3.6.3/lib/python3.6/unittest/loader.py&quot;, line 428, in _find_test_path
    module = self._get_module_from_name(name)
  File &quot;/opt/python/3.6.3/lib/python3.6/unittest/loader.py&quot;, line 369, in _get_module_from_name
    __import__(name)
  File &quot;/home/travis/build/kaitai-io/ci_targets/tests/spec/python/test_enum_if.py&quot;, line 5, in &lt;module&gt;
    from enum_if import EnumIf
ModuleNotFoundError: No module named 'enum_if'
" type="ImportError">
<![CDATA[ImportError: Failed to import test module: test_enum_if
Traceback (most recent call last):
  File "/opt/python/3.6.3/lib/python3.6/unittest/loader.py", line 428, in _find_test_path
    module = self._get_module_from_name(name)
  File "/opt/python/3.6.3/lib/python3.6/unittest/loader.py", line 369, in _get_module_from_name
    __import__(name)
  File "/home/travis/build/kaitai-io/ci_targets/tests/spec/python/test_enum_if.py", line 5, in <module>
    from enum_if import EnumIf
ModuleNotFoundError: No module named 'enum_if'

]]>		</error>
		<system-out>
<![CDATA[]]>		</system-out>
		<system-err>
<![CDATA[]]>		</system-err>
	</testcase>
	<testcase classname="unittest.loader._FailedTest" file="/opt/python/3.6.3/lib/python3.6/unittest/loader.py" line="33" name="test_enum_invalid" time="0.000" timestamp="2019-04-25T01:55:25">
		<error message="Failed to import test module: test_enum_invalid
Traceback (most recent call last):
  File &quot;/opt/python/3.6.3/lib/python3.6/unittest/loader.py&quot;, line 428, in _find_test_path
    module = self._get_module_from_name(name)
  File &quot;/opt/python/3.6.3/lib/python3.6/unittest/loader.py&quot;, line 369, in _get_module_from_name
    __import__(name)
  File &quot;/home/travis/build/kaitai-io/ci_targets/tests/spec/python/test_enum_invalid.py&quot;, line 3, in &lt;module&gt;
    from enum_invalid import EnumInvalid
ModuleNotFoundError: No module named 'enum_invalid'
" type="ImportError">
<![CDATA[ImportError: Failed to import test module: test_enum_invalid
Traceback (most recent call last):
  File "/opt/python/3.6.3/lib/python3.6/unittest/loader.py", line 428, in _find_test_path
    module = self._get_module_from_name(name)
  File "/opt/python/3.6.3/lib/python3.6/unittest/loader.py", line 369, in _get_module_from_name
    __import__(name)
  File "/home/travis/build/kaitai-io/ci_targets/tests/spec/python/test_enum_invalid.py", line 3, in <module>
    from enum_invalid import EnumInvalid
ModuleNotFoundError: No module named 'enum_invalid'

]]>		</error>
		<system-out>
<![CDATA[]]>		</system-out>
		<system-err>
<![CDATA[]]>		</system-err>
	</testcase>
	<testcase classname="unittest.loader._FailedTest" file="/opt/python/3.6.3/lib/python3.6/unittest/loader.py" line="33" name="test_enum_negative" time="0.000" timestamp="2019-04-25T01:55:25">
		<error message="Failed to import test module: test_enum_negative
Traceback (most recent call last):
  File &quot;/opt/python/3.6.3/lib/python3.6/unittest/loader.py&quot;, line 428, in _find_test_path
    module = self._get_module_from_name(name)
  File &quot;/opt/python/3.6.3/lib/python3.6/unittest/loader.py&quot;, line 369, in _get_module_from_name
    __import__(name)
  File &quot;/home/travis/build/kaitai-io/ci_targets/tests/spec/python/test_enum_negative.py&quot;, line 5, in &lt;module&gt;
    from enum_negative import EnumNegative
ModuleNotFoundError: No module named 'enum_negative'
" type="ImportError">
<![CDATA[ImportError: Failed to import test module: test_enum_negative
Traceback (most recent call last):
  File "/opt/python/3.6.3/lib/python3.6/unittest/loader.py", line 428, in _find_test_path
    module = self._get_module_from_name(name)
  File "/opt/python/3.6.3/lib/python3.6/unittest/loader.py", line 369, in _get_module_from_name
    __import__(name)
  File "/home/travis/build/kaitai-io/ci_targets/tests/spec/python/test_enum_negative.py", line 5, in <module>
    from enum_negative import EnumNegative
ModuleNotFoundError: No module named 'enum_negative'

]]>		</error>
		<system-out>
<![CDATA[]]>		</system-out>
		<system-err>
<![CDATA[]]>		</system-err>
	</testcase>
	<testcase classname="unittest.loader._FailedTest" file="/opt/python/3.6.3/lib/python3.6/unittest/loader.py" line="33" name="test_enum_of_value_inst" time="0.000" timestamp="2019-04-25T01:55:25">
		<error message="Failed to import test module: test_enum_of_value_inst
Traceback (most recent call last):
  File &quot;/opt/python/3.6.3/lib/python3.6/unittest/loader.py&quot;, line 428, in _find_test_path
    module = self._get_module_from_name(name)
  File &quot;/opt/python/3.6.3/lib/python3.6/unittest/loader.py&quot;, line 369, in _get_module_from_name
    __import__(name)
  File &quot;/home/travis/build/kaitai-io/ci_targets/tests/spec/python/test_enum_of_value_inst.py&quot;, line 5, in &lt;module&gt;
    from enum_of_value_inst import EnumOfValueInst
ModuleNotFoundError: No module named 'enum_of_value_inst'
" type="ImportError">
<![CDATA[ImportError: Failed to import test module: test_enum_of_value_inst
Traceback (most recent call last):
  File "/opt/python/3.6.3/lib/python3.6/unittest/loader.py", line 428, in _find_test_path
    module = self._get_module_from_name(name)
  File "/opt/python/3.6.3/lib/python3.6/unittest/loader.py", line 369, in _get_module_from_name
    __import__(name)
  File "/home/travis/build/kaitai-io/ci_targets/tests/spec/python/test_enum_of_value_inst.py", line 5, in <module>
    from enum_of_value_inst import EnumOfValueInst
ModuleNotFoundError: No module named 'enum_of_value_inst'

]]>		</error>
		<system-out>
<![CDATA[]]>		</system-out>
		<system-err>
<![CDATA[]]>		</system-err>
	</testcase>
	<testcase classname="unittest.loader._FailedTest" file="/opt/python/3.6.3/lib/python3.6/unittest/loader.py" line="33" name="test_enum_to_i" time="0.000" timestamp="2019-04-25T01:55:25">
		<error message="Failed to import test module: test_enum_to_i
Traceback (most recent call last):
  File &quot;/opt/python/3.6.3/lib/python3.6/unittest/loader.py&quot;, line 428, in _find_test_path
    module = self._get_module_from_name(name)
  File &quot;/opt/python/3.6.3/lib/python3.6/unittest/loader.py&quot;, line 369, in _get_module_from_name
    __import__(name)
  File &quot;/home/travis/build/kaitai-io/ci_targets/tests/spec/python/test_enum_to_i.py&quot;, line 5, in &lt;module&gt;
    from enum_to_i import EnumToI
ModuleNotFoundError: No module named 'enum_to_i'
" type="ImportError">
<![CDATA[ImportError: Failed to import test module: test_enum_to_i
Traceback (most recent call last):
  File "/opt/python/3.6.3/lib/python3.6/unittest/loader.py", line 428, in _find_test_path
    module = self._get_module_from_name(name)
  File "/opt/python/3.6.3/lib/python3.6/unittest/loader.py", line 369, in _get_module_from_name
    __import__(name)
  File "/home/travis/build/kaitai-io/ci_targets/tests/spec/python/test_enum_to_i.py", line 5, in <module>
    from enum_to_i import EnumToI
ModuleNotFoundError: No module named 'enum_to_i'

]]>		</error>
		<system-out>
<![CDATA[]]>		</system-out>
		<system-err>
<![CDATA[]]>		</system-err>
	</testcase>
	<testcase classname="unittest.loader._FailedTest" file="/opt/python/3.6.3/lib/python3.6/unittest/loader.py" line="33" name="test_eof_exception_bytes" time="0.000" timestamp="2019-04-25T01:55:25">
		<error message="Failed to import test module: test_eof_exception_bytes
Traceback (most recent call last):
  File &quot;/opt/python/3.6.3/lib/python3.6/unittest/loader.py&quot;, line 428, in _find_test_path
    module = self._get_module_from_name(name)
  File &quot;/opt/python/3.6.3/lib/python3.6/unittest/loader.py&quot;, line 369, in _get_module_from_name
    __import__(name)
  File &quot;/home/travis/build/kaitai-io/ci_targets/tests/spec/python/test_eof_exception_bytes.py&quot;, line 3, in &lt;module&gt;
    from eof_exception_bytes import EofExceptionBytes
ModuleNotFoundError: No module named 'eof_exception_bytes'
" type="ImportError">
<![CDATA[ImportError: Failed to import test module: test_eof_exception_bytes
Traceback (most recent call last):
  File "/opt/python/3.6.3/lib/python3.6/unittest/loader.py", line 428, in _find_test_path
    module = self._get_module_from_name(name)
  File "/opt/python/3.6.3/lib/python3.6/unittest/loader.py", line 369, in _get_module_from_name
    __import__(name)
  File "/home/travis/build/kaitai-io/ci_targets/tests/spec/python/test_eof_exception_bytes.py", line 3, in <module>
    from eof_exception_bytes import EofExceptionBytes
ModuleNotFoundError: No module named 'eof_exception_bytes'

]]>		</error>
		<system-out>
<![CDATA[]]>		</system-out>
		<system-err>
<![CDATA[]]>		</system-err>
	</testcase>
	<testcase classname="unittest.loader._FailedTest" file="/opt/python/3.6.3/lib/python3.6/unittest/loader.py" line="33" name="test_eof_exception_u4" time="0.000" timestamp="2019-04-25T01:55:25">
		<error message="Failed to import test module: test_eof_exception_u4
Traceback (most recent call last):
  File &quot;/opt/python/3.6.3/lib/python3.6/unittest/loader.py&quot;, line 428, in _find_test_path
    module = self._get_module_from_name(name)
  File &quot;/opt/python/3.6.3/lib/python3.6/unittest/loader.py&quot;, line 369, in _get_module_from_name
    __import__(name)
  File &quot;/home/travis/build/kaitai-io/ci_targets/tests/spec/python/test_eof_exception_u4.py&quot;, line 3, in &lt;module&gt;
    from eof_exception_u4 import EofExceptionU4
ModuleNotFoundError: No module named 'eof_exception_u4'
" type="ImportError">
<![CDATA[ImportError: Failed to import test module: test_eof_exception_u4
Traceback (most recent call last):
  File "/opt/python/3.6.3/lib/python3.6/unittest/loader.py", line 428, in _find_test_path
    module = self._get_module_from_name(name)
  File "/opt/python/3.6.3/lib/python3.6/unittest/loader.py", line 369, in _get_module_from_name
    __import__(name)
  File "/home/travis/build/kaitai-io/ci_targets/tests/spec/python/test_eof_exception_u4.py", line 3, in <module>
    from eof_exception_u4 import EofExceptionU4
ModuleNotFoundError: No module named 'eof_exception_u4'

]]>		</error>
		<system-out>
<![CDATA[]]>		</system-out>
		<system-err>
<![CDATA[]]>		</system-err>
	</testcase>
	<testcase classname="unittest.loader._FailedTest" file="/opt/python/3.6.3/lib/python3.6/unittest/loader.py" line="33" name="test_expr_0" time="0.002" timestamp="2019-04-25T01:55:25">
		<error message="Failed to import test module: test_expr_0
Traceback (most recent call last):
  File &quot;/opt/python/3.6.3/lib/python3.6/unittest/loader.py&quot;, line 428, in _find_test_path
    module = self._get_module_from_name(name)
  File &quot;/opt/python/3.6.3/lib/python3.6/unittest/loader.py&quot;, line 369, in _get_module_from_name
    __import__(name)
  File &quot;/home/travis/build/kaitai-io/ci_targets/tests/spec/python/test_expr_0.py&quot;, line 5, in &lt;module&gt;
    from expr_0 import Expr0
ModuleNotFoundError: No module named 'expr_0'
" type="ImportError">
<![CDATA[ImportError: Failed to import test module: test_expr_0
Traceback (most recent call last):
  File "/opt/python/3.6.3/lib/python3.6/unittest/loader.py", line 428, in _find_test_path
    module = self._get_module_from_name(name)
  File "/opt/python/3.6.3/lib/python3.6/unittest/loader.py", line 369, in _get_module_from_name
    __import__(name)
  File "/home/travis/build/kaitai-io/ci_targets/tests/spec/python/test_expr_0.py", line 5, in <module>
    from expr_0 import Expr0
ModuleNotFoundError: No module named 'expr_0'

]]>		</error>
		<system-out>
<![CDATA[]]>		</system-out>
		<system-err>
<![CDATA[]]>		</system-err>
	</testcase>
	<testcase classname="unittest.loader._FailedTest" file="/opt/python/3.6.3/lib/python3.6/unittest/loader.py" line="33" name="test_expr_1" time="0.000" timestamp="2019-04-25T01:55:25">
		<error message="Failed to import test module: test_expr_1
Traceback (most recent call last):
  File &quot;/opt/python/3.6.3/lib/python3.6/unittest/loader.py&quot;, line 428, in _find_test_path
    module = self._get_module_from_name(name)
  File &quot;/opt/python/3.6.3/lib/python3.6/unittest/loader.py&quot;, line 369, in _get_module_from_name
    __import__(name)
  File &quot;/home/travis/build/kaitai-io/ci_targets/tests/spec/python/test_expr_1.py&quot;, line 5, in &lt;module&gt;
    from expr_1 import Expr1
ModuleNotFoundError: No module named 'expr_1'
" type="ImportError">
<![CDATA[ImportError: Failed to import test module: test_expr_1
Traceback (most recent call last):
  File "/opt/python/3.6.3/lib/python3.6/unittest/loader.py", line 428, in _find_test_path
    module = self._get_module_from_name(name)
  File "/opt/python/3.6.3/lib/python3.6/unittest/loader.py", line 369, in _get_module_from_name
    __import__(name)
  File "/home/travis/build/kaitai-io/ci_targets/tests/spec/python/test_expr_1.py", line 5, in <module>
    from expr_1 import Expr1
ModuleNotFoundError: No module named 'expr_1'

]]>		</error>
		<system-out>
<![CDATA[]]>		</system-out>
		<system-err>
<![CDATA[]]>		</system-err>
	</testcase>
	<testcase classname="unittest.loader._FailedTest" file="/opt/python/3.6.3/lib/python3.6/unittest/loader.py" line="33" name="test_expr_2" time="0.000" timestamp="2019-04-25T01:55:25">
		<error message="Failed to import test module: test_expr_2
Traceback (most recent call last):
  File &quot;/opt/python/3.6.3/lib/python3.6/unittest/loader.py&quot;, line 428, in _find_test_path
    module = self._get_module_from_name(name)
  File &quot;/opt/python/3.6.3/lib/python3.6/unittest/loader.py&quot;, line 369, in _get_module_from_name
    __import__(name)
  File &quot;/home/travis/build/kaitai-io/ci_targets/tests/spec/python/test_expr_2.py&quot;, line 5, in &lt;module&gt;
    from expr_2 import Expr2
ModuleNotFoundError: No module named 'expr_2'
" type="ImportError">
<![CDATA[ImportError: Failed to import test module: test_expr_2
Traceback (most recent call last):
  File "/opt/python/3.6.3/lib/python3.6/unittest/loader.py", line 428, in _find_test_path
    module = self._get_module_from_name(name)
  File "/opt/python/3.6.3/lib/python3.6/unittest/loader.py", line 369, in _get_module_from_name
    __import__(name)
  File "/home/travis/build/kaitai-io/ci_targets/tests/spec/python/test_expr_2.py", line 5, in <module>
    from expr_2 import Expr2
ModuleNotFoundError: No module named 'expr_2'

]]>		</error>
		<system-out>
<![CDATA[]]>		</system-out>
		<system-err>
<![CDATA[]]>		</system-err>
	</testcase>
	<testcase classname="unittest.loader._FailedTest" file="/opt/python/3.6.3/lib/python3.6/unittest/loader.py" line="33" name="test_expr_3" time="0.001" timestamp="2019-04-25T01:55:25">
		<error message="Failed to import test module: test_expr_3
Traceback (most recent call last):
  File &quot;/opt/python/3.6.3/lib/python3.6/unittest/loader.py&quot;, line 428, in _find_test_path
    module = self._get_module_from_name(name)
  File &quot;/opt/python/3.6.3/lib/python3.6/unittest/loader.py&quot;, line 369, in _get_module_from_name
    __import__(name)
  File &quot;/home/travis/build/kaitai-io/ci_targets/tests/spec/python/test_expr_3.py&quot;, line 5, in &lt;module&gt;
    from expr_3 import Expr3
ModuleNotFoundError: No module named 'expr_3'
" type="ImportError">
<![CDATA[ImportError: Failed to import test module: test_expr_3
Traceback (most recent call last):
  File "/opt/python/3.6.3/lib/python3.6/unittest/loader.py", line 428, in _find_test_path
    module = self._get_module_from_name(name)
  File "/opt/python/3.6.3/lib/python3.6/unittest/loader.py", line 369, in _get_module_from_name
    __import__(name)
  File "/home/travis/build/kaitai-io/ci_targets/tests/spec/python/test_expr_3.py", line 5, in <module>
    from expr_3 import Expr3
ModuleNotFoundError: No module named 'expr_3'

]]>		</error>
		<system-out>
<![CDATA[]]>		</system-out>
		<system-err>
<![CDATA[]]>		</system-err>
	</testcase>
	<testcase classname="unittest.loader._FailedTest" file="/opt/python/3.6.3/lib/python3.6/unittest/loader.py" line="33" name="test_expr_array" time="0.000" timestamp="2019-04-25T01:55:25">
		<error message="Failed to import test module: test_expr_array
Traceback (most recent call last):
  File &quot;/opt/python/3.6.3/lib/python3.6/unittest/loader.py&quot;, line 428, in _find_test_path
    module = self._get_module_from_name(name)
  File &quot;/opt/python/3.6.3/lib/python3.6/unittest/loader.py&quot;, line 369, in _get_module_from_name
    __import__(name)
  File &quot;/home/travis/build/kaitai-io/ci_targets/tests/spec/python/test_expr_array.py&quot;, line 5, in &lt;module&gt;
    from expr_array import ExprArray
ModuleNotFoundError: No module named 'expr_array'
" type="ImportError">
<![CDATA[ImportError: Failed to import test module: test_expr_array
Traceback (most recent call last):
  File "/opt/python/3.6.3/lib/python3.6/unittest/loader.py", line 428, in _find_test_path
    module = self._get_module_from_name(name)
  File "/opt/python/3.6.3/lib/python3.6/unittest/loader.py", line 369, in _get_module_from_name
    __import__(name)
  File "/home/travis/build/kaitai-io/ci_targets/tests/spec/python/test_expr_array.py", line 5, in <module>
    from expr_array import ExprArray
ModuleNotFoundError: No module named 'expr_array'

]]>		</error>
		<system-out>
<![CDATA[]]>		</system-out>
		<system-err>
<![CDATA[]]>		</system-err>
	</testcase>
	<testcase classname="unittest.loader._FailedTest" file="/opt/python/3.6.3/lib/python3.6/unittest/loader.py" line="33" name="test_expr_bytes_cmp" time="0.000" timestamp="2019-04-25T01:55:25">
		<error message="Failed to import test module: test_expr_bytes_cmp
Traceback (most recent call last):
  File &quot;/opt/python/3.6.3/lib/python3.6/unittest/loader.py&quot;, line 428, in _find_test_path
    module = self._get_module_from_name(name)
  File &quot;/opt/python/3.6.3/lib/python3.6/unittest/loader.py&quot;, line 369, in _get_module_from_name
    __import__(name)
  File &quot;/home/travis/build/kaitai-io/ci_targets/tests/spec/python/test_expr_bytes_cmp.py&quot;, line 5, in &lt;module&gt;
    from expr_bytes_cmp import ExprBytesCmp
ModuleNotFoundError: No module named 'expr_bytes_cmp'
" type="ImportError">
<![CDATA[ImportError: Failed to import test module: test_expr_bytes_cmp
Traceback (most recent call last):
  File "/opt/python/3.6.3/lib/python3.6/unittest/loader.py", line 428, in _find_test_path
    module = self._get_module_from_name(name)
  File "/opt/python/3.6.3/lib/python3.6/unittest/loader.py", line 369, in _get_module_from_name
    __import__(name)
  File "/home/travis/build/kaitai-io/ci_targets/tests/spec/python/test_expr_bytes_cmp.py", line 5, in <module>
    from expr_bytes_cmp import ExprBytesCmp
ModuleNotFoundError: No module named 'expr_bytes_cmp'

]]>		</error>
		<system-out>
<![CDATA[]]>		</system-out>
		<system-err>
<![CDATA[]]>		</system-err>
	</testcase>
	<testcase classname="unittest.loader._FailedTest" file="/opt/python/3.6.3/lib/python3.6/unittest/loader.py" line="33" name="test_expr_enum" time="0.000" timestamp="2019-04-25T01:55:25">
		<error message="Failed to import test module: test_expr_enum
Traceback (most recent call last):
  File &quot;/opt/python/3.6.3/lib/python3.6/unittest/loader.py&quot;, line 428, in _find_test_path
    module = self._get_module_from_name(name)
  File &quot;/opt/python/3.6.3/lib/python3.6/unittest/loader.py&quot;, line 369, in _get_module_from_name
    __import__(name)
  File &quot;/home/travis/build/kaitai-io/ci_targets/tests/spec/python/test_expr_enum.py&quot;, line 5, in &lt;module&gt;
    from expr_enum import ExprEnum
ModuleNotFoundError: No module named 'expr_enum'
" type="ImportError">
<![CDATA[ImportError: Failed to import test module: test_expr_enum
Traceback (most recent call last):
  File "/opt/python/3.6.3/lib/python3.6/unittest/loader.py", line 428, in _find_test_path
    module = self._get_module_from_name(name)
  File "/opt/python/3.6.3/lib/python3.6/unittest/loader.py", line 369, in _get_module_from_name
    __import__(name)
  File "/home/travis/build/kaitai-io/ci_targets/tests/spec/python/test_expr_enum.py", line 5, in <module>
    from expr_enum import ExprEnum
ModuleNotFoundError: No module named 'expr_enum'

]]>		</error>
		<system-out>
<![CDATA[]]>		</system-out>
		<system-err>
<![CDATA[]]>		</system-err>
	</testcase>
	<testcase classname="unittest.loader._FailedTest" file="/opt/python/3.6.3/lib/python3.6/unittest/loader.py" line="33" name="test_expr_io_eof" time="0.000" timestamp="2019-04-25T01:55:25">
		<error message="Failed to import test module: test_expr_io_eof
Traceback (most recent call last):
  File &quot;/opt/python/3.6.3/lib/python3.6/unittest/loader.py&quot;, line 428, in _find_test_path
    module = self._get_module_from_name(name)
  File &quot;/opt/python/3.6.3/lib/python3.6/unittest/loader.py&quot;, line 369, in _get_module_from_name
    __import__(name)
  File &quot;/home/travis/build/kaitai-io/ci_targets/tests/spec/python/test_expr_io_eof.py&quot;, line 3, in &lt;module&gt;
    from expr_io_eof import ExprIoEof
ModuleNotFoundError: No module named 'expr_io_eof'
" type="ImportError">
<![CDATA[ImportError: Failed to import test module: test_expr_io_eof
Traceback (most recent call last):
  File "/opt/python/3.6.3/lib/python3.6/unittest/loader.py", line 428, in _find_test_path
    module = self._get_module_from_name(name)
  File "/opt/python/3.6.3/lib/python3.6/unittest/loader.py", line 369, in _get_module_from_name
    __import__(name)
  File "/home/travis/build/kaitai-io/ci_targets/tests/spec/python/test_expr_io_eof.py", line 3, in <module>
    from expr_io_eof import ExprIoEof
ModuleNotFoundError: No module named 'expr_io_eof'

]]>		</error>
		<system-out>
<![CDATA[]]>		</system-out>
		<system-err>
<![CDATA[]]>		</system-err>
	</testcase>
	<testcase classname="unittest.loader._FailedTest" file="/opt/python/3.6.3/lib/python3.6/unittest/loader.py" line="33" name="test_expr_io_pos" time="0.000" timestamp="2019-04-25T01:55:25">
		<error message="Failed to import test module: test_expr_io_pos
Traceback (most recent call last):
  File &quot;/opt/python/3.6.3/lib/python3.6/unittest/loader.py&quot;, line 428, in _find_test_path
    module = self._get_module_from_name(name)
  File &quot;/opt/python/3.6.3/lib/python3.6/unittest/loader.py&quot;, line 369, in _get_module_from_name
    __import__(name)
  File &quot;/home/travis/build/kaitai-io/ci_targets/tests/spec/python/test_expr_io_pos.py&quot;, line 5, in &lt;module&gt;
    from expr_io_pos import ExprIoPos
ModuleNotFoundError: No module named 'expr_io_pos'
" type="ImportError">
<![CDATA[ImportError: Failed to import test module: test_expr_io_pos
Traceback (most recent call last):
  File "/opt/python/3.6.3/lib/python3.6/unittest/loader.py", line 428, in _find_test_path
    module = self._get_module_from_name(name)
  File "/opt/python/3.6.3/lib/python3.6/unittest/loader.py", line 369, in _get_module_from_name
    __import__(name)
  File "/home/travis/build/kaitai-io/ci_targets/tests/spec/python/test_expr_io_pos.py", line 5, in <module>
    from expr_io_pos import ExprIoPos
ModuleNotFoundError: No module named 'expr_io_pos'

]]>		</error>
		<system-out>
<![CDATA[]]>		</system-out>
		<system-err>
<![CDATA[]]>		</system-err>
	</testcase>
	<testcase classname="unittest.loader._FailedTest" file="/opt/python/3.6.3/lib/python3.6/unittest/loader.py" line="33" name="test_expr_mod" time="0.000" timestamp="2019-04-25T01:55:25">
		<error message="Failed to import test module: test_expr_mod
Traceback (most recent call last):
  File &quot;/opt/python/3.6.3/lib/python3.6/unittest/loader.py&quot;, line 428, in _find_test_path
    module = self._get_module_from_name(name)
  File &quot;/opt/python/3.6.3/lib/python3.6/unittest/loader.py&quot;, line 369, in _get_module_from_name
    __import__(name)
  File &quot;/home/travis/build/kaitai-io/ci_targets/tests/spec/python/test_expr_mod.py&quot;, line 5, in &lt;module&gt;
    from expr_mod import ExprMod
ModuleNotFoundError: No module named 'expr_mod'
" type="ImportError">
<![CDATA[ImportError: Failed to import test module: test_expr_mod
Traceback (most recent call last):
  File "/opt/python/3.6.3/lib/python3.6/unittest/loader.py", line 428, in _find_test_path
    module = self._get_module_from_name(name)
  File "/opt/python/3.6.3/lib/python3.6/unittest/loader.py", line 369, in _get_module_from_name
    __import__(name)
  File "/home/travis/build/kaitai-io/ci_targets/tests/spec/python/test_expr_mod.py", line 5, in <module>
    from expr_mod import ExprMod
ModuleNotFoundError: No module named 'expr_mod'

]]>		</error>
		<system-out>
<![CDATA[]]>		</system-out>
		<system-err>
<![CDATA[]]>		</system-err>
	</testcase>
	<testcase classname="unittest.loader._FailedTest" file="/opt/python/3.6.3/lib/python3.6/unittest/loader.py" line="33" name="test_expr_sizeof_type_0" time="0.000" timestamp="2019-04-25T01:55:25">
		<error message="Failed to import test module: test_expr_sizeof_type_0
Traceback (most recent call last):
  File &quot;/opt/python/3.6.3/lib/python3.6/unittest/loader.py&quot;, line 428, in _find_test_path
    module = self._get_module_from_name(name)
  File &quot;/opt/python/3.6.3/lib/python3.6/unittest/loader.py&quot;, line 369, in _get_module_from_name
    __import__(name)
  File &quot;/home/travis/build/kaitai-io/ci_targets/tests/spec/python/test_expr_sizeof_type_0.py&quot;, line 5, in &lt;module&gt;
    from expr_sizeof_type_0 import ExprSizeofType0
ModuleNotFoundError: No module named 'expr_sizeof_type_0'
" type="ImportError">
<![CDATA[ImportError: Failed to import test module: test_expr_sizeof_type_0
Traceback (most recent call last):
  File "/opt/python/3.6.3/lib/python3.6/unittest/loader.py", line 428, in _find_test_path
    module = self._get_module_from_name(name)
  File "/opt/python/3.6.3/lib/python3.6/unittest/loader.py", line 369, in _get_module_from_name
    __import__(name)
  File "/home/travis/build/kaitai-io/ci_targets/tests/spec/python/test_expr_sizeof_type_0.py", line 5, in <module>
    from expr_sizeof_type_0 import ExprSizeofType0
ModuleNotFoundError: No module named 'expr_sizeof_type_0'

]]>		</error>
		<system-out>
<![CDATA[]]>		</system-out>
		<system-err>
<![CDATA[]]>		</system-err>
	</testcase>
	<testcase classname="unittest.loader._FailedTest" file="/opt/python/3.6.3/lib/python3.6/unittest/loader.py" line="33" name="test_expr_sizeof_type_1" time="0.000" timestamp="2019-04-25T01:55:25">
		<error message="Failed to import test module: test_expr_sizeof_type_1
Traceback (most recent call last):
  File &quot;/opt/python/3.6.3/lib/python3.6/unittest/loader.py&quot;, line 428, in _find_test_path
    module = self._get_module_from_name(name)
  File &quot;/opt/python/3.6.3/lib/python3.6/unittest/loader.py&quot;, line 369, in _get_module_from_name
    __import__(name)
  File &quot;/home/travis/build/kaitai-io/ci_targets/tests/spec/python/test_expr_sizeof_type_1.py&quot;, line 5, in &lt;module&gt;
    from expr_sizeof_type_1 import ExprSizeofType1
ModuleNotFoundError: No module named 'expr_sizeof_type_1'
" type="ImportError">
<![CDATA[ImportError: Failed to import test module: test_expr_sizeof_type_1
Traceback (most recent call last):
  File "/opt/python/3.6.3/lib/python3.6/unittest/loader.py", line 428, in _find_test_path
    module = self._get_module_from_name(name)
  File "/opt/python/3.6.3/lib/python3.6/unittest/loader.py", line 369, in _get_module_from_name
    __import__(name)
  File "/home/travis/build/kaitai-io/ci_targets/tests/spec/python/test_expr_sizeof_type_1.py", line 5, in <module>
    from expr_sizeof_type_1 import ExprSizeofType1
ModuleNotFoundError: No module named 'expr_sizeof_type_1'

]]>		</error>
		<system-out>
<![CDATA[]]>		</system-out>
		<system-err>
<![CDATA[]]>		</system-err>
	</testcase>
	<testcase classname="unittest.loader._FailedTest" file="/opt/python/3.6.3/lib/python3.6/unittest/loader.py" line="33" name="test_fixed_contents" time="0.000" timestamp="2019-04-25T01:55:25">
		<error message="Failed to import test module: test_fixed_contents
Traceback (most recent call last):
  File &quot;/opt/python/3.6.3/lib/python3.6/unittest/loader.py&quot;, line 428, in _find_test_path
    module = self._get_module_from_name(name)
  File &quot;/opt/python/3.6.3/lib/python3.6/unittest/loader.py&quot;, line 369, in _get_module_from_name
    __import__(name)
  File &quot;/home/travis/build/kaitai-io/ci_targets/tests/spec/python/test_fixed_contents.py&quot;, line 5, in &lt;module&gt;
    from fixed_contents import FixedContents
ModuleNotFoundError: No module named 'fixed_contents'
" type="ImportError">
<![CDATA[ImportError: Failed to import test module: test_fixed_contents
Traceback (most recent call last):
  File "/opt/python/3.6.3/lib/python3.6/unittest/loader.py", line 428, in _find_test_path
    module = self._get_module_from_name(name)
  File "/opt/python/3.6.3/lib/python3.6/unittest/loader.py", line 369, in _get_module_from_name
    __import__(name)
  File "/home/travis/build/kaitai-io/ci_targets/tests/spec/python/test_fixed_contents.py", line 5, in <module>
    from fixed_contents import FixedContents
ModuleNotFoundError: No module named 'fixed_contents'

]]>		</error>
		<system-out>
<![CDATA[]]>		</system-out>
		<system-err>
<![CDATA[]]>		</system-err>
	</testcase>
	<testcase classname="unittest.loader._FailedTest" file="/opt/python/3.6.3/lib/python3.6/unittest/loader.py" line="33" name="test_fixed_struct" time="0.000" timestamp="2019-04-25T01:55:25">
		<error message="Failed to import test module: test_fixed_struct
Traceback (most recent call last):
  File &quot;/opt/python/3.6.3/lib/python3.6/unittest/loader.py&quot;, line 428, in _find_test_path
    module = self._get_module_from_name(name)
  File &quot;/opt/python/3.6.3/lib/python3.6/unittest/loader.py&quot;, line 369, in _get_module_from_name
    __import__(name)
  File &quot;/home/travis/build/kaitai-io/ci_targets/tests/spec/python/test_fixed_struct.py&quot;, line 5, in &lt;module&gt;
    from fixed_struct import FixedStruct
ModuleNotFoundError: No module named 'fixed_struct'
" type="ImportError">
<![CDATA[ImportError: Failed to import test module: test_fixed_struct
Traceback (most recent call last):
  File "/opt/python/3.6.3/lib/python3.6/unittest/loader.py", line 428, in _find_test_path
    module = self._get_module_from_name(name)
  File "/opt/python/3.6.3/lib/python3.6/unittest/loader.py", line 369, in _get_module_from_name
    __import__(name)
  File "/home/travis/build/kaitai-io/ci_targets/tests/spec/python/test_fixed_struct.py", line 5, in <module>
    from fixed_struct import FixedStruct
ModuleNotFoundError: No module named 'fixed_struct'

]]>		</error>
		<system-out>
<![CDATA[]]>		</system-out>
		<system-err>
<![CDATA[]]>		</system-err>
	</testcase>
	<testcase classname="unittest.loader._FailedTest" file="/opt/python/3.6.3/lib/python3.6/unittest/loader.py" line="33" name="test_float_to_i" time="0.000" timestamp="2019-04-25T01:55:25">
		<error message="Failed to import test module: test_float_to_i
Traceback (most recent call last):
  File &quot;/opt/python/3.6.3/lib/python3.6/unittest/loader.py&quot;, line 428, in _find_test_path
    module = self._get_module_from_name(name)
  File &quot;/opt/python/3.6.3/lib/python3.6/unittest/loader.py&quot;, line 369, in _get_module_from_name
    __import__(name)
  File &quot;/home/travis/build/kaitai-io/ci_targets/tests/spec/python/test_float_to_i.py&quot;, line 5, in &lt;module&gt;
    from float_to_i import FloatToI
ModuleNotFoundError: No module named 'float_to_i'
" type="ImportError">
<![CDATA[ImportError: Failed to import test module: test_float_to_i
Traceback (most recent call last):
  File "/opt/python/3.6.3/lib/python3.6/unittest/loader.py", line 428, in _find_test_path
    module = self._get_module_from_name(name)
  File "/opt/python/3.6.3/lib/python3.6/unittest/loader.py", line 369, in _get_module_from_name
    __import__(name)
  File "/home/travis/build/kaitai-io/ci_targets/tests/spec/python/test_float_to_i.py", line 5, in <module>
    from float_to_i import FloatToI
ModuleNotFoundError: No module named 'float_to_i'

]]>		</error>
		<system-out>
<![CDATA[]]>		</system-out>
		<system-err>
<![CDATA[]]>		</system-err>
	</testcase>
	<testcase classname="unittest.loader._FailedTest" file="/opt/python/3.6.3/lib/python3.6/unittest/loader.py" line="33" name="test_floating_points" time="0.000" timestamp="2019-04-25T01:55:25">
		<error message="Failed to import test module: test_floating_points
Traceback (most recent call last):
  File &quot;/opt/python/3.6.3/lib/python3.6/unittest/loader.py&quot;, line 428, in _find_test_path
    module = self._get_module_from_name(name)
  File &quot;/opt/python/3.6.3/lib/python3.6/unittest/loader.py&quot;, line 369, in _get_module_from_name
    __import__(name)
  File &quot;/home/travis/build/kaitai-io/ci_targets/tests/spec/python/test_floating_points.py&quot;, line 3, in &lt;module&gt;
    from floating_points import FloatingPoints
ModuleNotFoundError: No module named 'floating_points'
" type="ImportError">
<![CDATA[ImportError: Failed to import test module: test_floating_points
Traceback (most recent call last):
  File "/opt/python/3.6.3/lib/python3.6/unittest/loader.py", line 428, in _find_test_path
    module = self._get_module_from_name(name)
  File "/opt/python/3.6.3/lib/python3.6/unittest/loader.py", line 369, in _get_module_from_name
    __import__(name)
  File "/home/travis/build/kaitai-io/ci_targets/tests/spec/python/test_floating_points.py", line 3, in <module>
    from floating_points import FloatingPoints
ModuleNotFoundError: No module named 'floating_points'

]]>		</error>
		<system-out>
<![CDATA[]]>		</system-out>
		<system-err>
<![CDATA[]]>		</system-err>
	</testcase>
	<testcase classname="unittest.loader._FailedTest" file="/opt/python/3.6.3/lib/python3.6/unittest/loader.py" line="33" name="test_hello_world" time="0.000" timestamp="2019-04-25T01:55:25">
		<error message="Failed to import test module: test_hello_world
Traceback (most recent call last):
  File &quot;/opt/python/3.6.3/lib/python3.6/unittest/loader.py&quot;, line 428, in _find_test_path
    module = self._get_module_from_name(name)
  File &quot;/opt/python/3.6.3/lib/python3.6/unittest/loader.py&quot;, line 369, in _get_module_from_name
    __import__(name)
  File &quot;/home/travis/build/kaitai-io/ci_targets/tests/spec/python/test_hello_world.py&quot;, line 5, in &lt;module&gt;
    from hello_world import HelloWorld
ModuleNotFoundError: No module named 'hello_world'
" type="ImportError">
<![CDATA[ImportError: Failed to import test module: test_hello_world
Traceback (most recent call last):
  File "/opt/python/3.6.3/lib/python3.6/unittest/loader.py", line 428, in _find_test_path
    module = self._get_module_from_name(name)
  File "/opt/python/3.6.3/lib/python3.6/unittest/loader.py", line 369, in _get_module_from_name
    __import__(name)
  File "/home/travis/build/kaitai-io/ci_targets/tests/spec/python/test_hello_world.py", line 5, in <module>
    from hello_world import HelloWorld
ModuleNotFoundError: No module named 'hello_world'

]]>		</error>
		<system-out>
<![CDATA[]]>		</system-out>
		<system-err>
<![CDATA[]]>		</system-err>
	</testcase>
	<testcase classname="unittest.loader._FailedTest" file="/opt/python/3.6.3/lib/python3.6/unittest/loader.py" line="33" name="test_if_instances" time="0.000" timestamp="2019-04-25T01:55:25">
		<error message="Failed to import test module: test_if_instances
Traceback (most recent call last):
  File &quot;/opt/python/3.6.3/lib/python3.6/unittest/loader.py&quot;, line 428, in _find_test_path
    module = self._get_module_from_name(name)
  File &quot;/opt/python/3.6.3/lib/python3.6/unittest/loader.py&quot;, line 369, in _get_module_from_name
    __import__(name)
  File &quot;/home/travis/build/kaitai-io/ci_targets/tests/spec/python/test_if_instances.py&quot;, line 3, in &lt;module&gt;
    from if_instances import IfInstances
ModuleNotFoundError: No module named 'if_instances'
" type="ImportError">
<![CDATA[ImportError: Failed to import test module: test_if_instances
Traceback (most recent call last):
  File "/opt/python/3.6.3/lib/python3.6/unittest/loader.py", line 428, in _find_test_path
    module = self._get_module_from_name(name)
  File "/opt/python/3.6.3/lib/python3.6/unittest/loader.py", line 369, in _get_module_from_name
    __import__(name)
  File "/home/travis/build/kaitai-io/ci_targets/tests/spec/python/test_if_instances.py", line 3, in <module>
    from if_instances import IfInstances
ModuleNotFoundError: No module named 'if_instances'

]]>		</error>
		<system-out>
<![CDATA[]]>		</system-out>
		<system-err>
<![CDATA[]]>		</system-err>
	</testcase>
	<testcase classname="unittest.loader._FailedTest" file="/opt/python/3.6.3/lib/python3.6/unittest/loader.py" line="33" name="test_if_struct" time="0.000" timestamp="2019-04-25T01:55:25">
		<error message="Failed to import test module: test_if_struct
Traceback (most recent call last):
  File &quot;/opt/python/3.6.3/lib/python3.6/unittest/loader.py&quot;, line 428, in _find_test_path
    module = self._get_module_from_name(name)
[...]
    from switch_manual_int_size_eos import SwitchManualIntSizeEos
ModuleNotFoundError: No module named 'switch_manual_int_size_eos'

]]>		</error>
		<system-out>
<![CDATA[]]>		</system-out>
		<system-err>
<![CDATA[]]>		</system-err>
	</testcase>
	<testcase classname="unittest.loader._FailedTest" file="/opt/python/3.6.3/lib/python3.6/unittest/loader.py" line="33" name="test_switch_manual_str" time="0.000" timestamp="2019-04-25T01:55:25">
		<error message="Failed to import test module: test_switch_manual_str
Traceback (most recent call last):
  File &quot;/opt/python/3.6.3/lib/python3.6/unittest/loader.py&quot;, line 428, in _find_test_path
    module = self._get_module_from_name(name)
  File &quot;/opt/python/3.6.3/lib/python3.6/unittest/loader.py&quot;, line 369, in _get_module_from_name
    __import__(name)
  File &quot;/home/travis/build/kaitai-io/ci_targets/tests/spec/python/test_switch_manual_str.py&quot;, line 5, in &lt;module&gt;
    from switch_manual_str import SwitchManualStr
ModuleNotFoundError: No module named 'switch_manual_str'
" type="ImportError">
<![CDATA[ImportError: Failed to import test module: test_switch_manual_str
Traceback (most recent call last):
  File "/opt/python/3.6.3/lib/python3.6/unittest/loader.py", line 428, in _find_test_path
    module = self._get_module_from_name(name)
  File "/opt/python/3.6.3/lib/python3.6/unittest/loader.py", line 369, in _get_module_from_name
    __import__(name)
  File "/home/travis/build/kaitai-io/ci_targets/tests/spec/python/test_switch_manual_str.py", line 5, in <module>
    from switch_manual_str import SwitchManualStr
ModuleNotFoundError: No module named 'switch_manual_str'

]]>		</error>
		<system-out>
<![CDATA[]]>		</system-out>
		<system-err>
<![CDATA[]]>		</system-err>
	</testcase>
	<testcase classname="unittest.loader._FailedTest" file="/opt/python/3.6.3/lib/python3.6/unittest/loader.py" line="33" name="test_switch_manual_str_else" time="0.000" timestamp="2019-04-25T01:55:25">
		<error message="Failed to import test module: test_switch_manual_str_else
Traceback (most recent call last):
  File &quot;/opt/python/3.6.3/lib/python3.6/unittest/loader.py&quot;, line 428, in _find_test_path
    module = self._get_module_from_name(name)
  File &quot;/opt/python/3.6.3/lib/python3.6/unittest/loader.py&quot;, line 369, in _get_module_from_name
    __import__(name)
  File &quot;/home/travis/build/kaitai-io/ci_targets/tests/spec/python/test_switch_manual_str_else.py&quot;, line 5, in &lt;module&gt;
    from switch_manual_str_else import SwitchManualStrElse
ModuleNotFoundError: No module named 'switch_manual_str_else'
" type="ImportError">
<![CDATA[ImportError: Failed to import test module: test_switch_manual_str_else
Traceback (most recent call last):
  File "/opt/python/3.6.3/lib/python3.6/unittest/loader.py", line 428, in _find_test_path
    module = self._get_module_from_name(name)
  File "/opt/python/3.6.3/lib/python3.6/unittest/loader.py", line 369, in _get_module_from_name
    __import__(name)
  File "/home/travis/build/kaitai-io/ci_targets/tests/spec/python/test_switch_manual_str_else.py", line 5, in <module>
    from switch_manual_str_else import SwitchManualStrElse
ModuleNotFoundError: No module named 'switch_manual_str_else'

]]>		</error>
		<system-out>
<![CDATA[]]>		</system-out>
		<system-err>
<![CDATA[]]>		</system-err>
	</testcase>
	<testcase classname="unittest.loader._FailedTest" file="/opt/python/3.6.3/lib/python3.6/unittest/loader.py" line="33" name="test_switch_multi_bool_ops" time="0.000" timestamp="2019-04-25T01:55:25">
		<error message="Failed to import test module: test_switch_multi_bool_ops
Traceback (most recent call last):
  File &quot;/opt/python/3.6.3/lib/python3.6/unittest/loader.py&quot;, line 428, in _find_test_path
    module = self._get_module_from_name(name)
  File &quot;/opt/python/3.6.3/lib/python3.6/unittest/loader.py&quot;, line 369, in _get_module_from_name
    __import__(name)
  File &quot;/home/travis/build/kaitai-io/ci_targets/tests/spec/python/test_switch_multi_bool_ops.py&quot;, line 3, in &lt;module&gt;
    from switch_multi_bool_ops import SwitchMultiBoolOps
ModuleNotFoundError: No module named 'switch_multi_bool_ops'
" type="ImportError">
<![CDATA[ImportError: Failed to import test module: test_switch_multi_bool_ops
Traceback (most recent call last):
  File "/opt/python/3.6.3/lib/python3.6/unittest/loader.py", line 428, in _find_test_path
    module = self._get_module_from_name(name)
  File "/opt/python/3.6.3/lib/python3.6/unittest/loader.py", line 369, in _get_module_from_name
    __import__(name)
  File "/home/travis/build/kaitai-io/ci_targets/tests/spec/python/test_switch_multi_bool_ops.py", line 3, in <module>
    from switch_multi_bool_ops import SwitchMultiBoolOps
ModuleNotFoundError: No module named 'switch_multi_bool_ops'

]]>		</error>
		<system-out>
<![CDATA[]]>		</system-out>
		<system-err>
<![CDATA[]]>		</system-err>
	</testcase>
	<testcase classname="unittest.loader._FailedTest" file="/opt/python/3.6.3/lib/python3.6/unittest/loader.py" line="33" name="test_switch_repeat_expr" time="0.000" timestamp="2019-04-25T01:55:25">
		<error message="Failed to import test module: test_switch_repeat_expr
Traceback (most recent call last):
  File &quot;/opt/python/3.6.3/lib/python3.6/unittest/loader.py&quot;, line 428, in _find_test_path
    module = self._get_module_from_name(name)
  File &quot;/opt/python/3.6.3/lib/python3.6/unittest/loader.py&quot;, line 369, in _get_module_from_name
    __import__(name)
  File &quot;/home/travis/build/kaitai-io/ci_targets/tests/spec/python/test_switch_repeat_expr.py&quot;, line 3, in &lt;module&gt;
    from switch_repeat_expr import SwitchRepeatExpr
ModuleNotFoundError: No module named 'switch_repeat_expr'
" type="ImportError">
<![CDATA[ImportError: Failed to import test module: test_switch_repeat_expr
Traceback (most recent call last):
  File "/opt/python/3.6.3/lib/python3.6/unittest/loader.py", line 428, in _find_test_path
    module = self._get_module_from_name(name)
  File "/opt/python/3.6.3/lib/python3.6/unittest/loader.py", line 369, in _get_module_from_name
    __import__(name)
  File "/home/travis/build/kaitai-io/ci_targets/tests/spec/python/test_switch_repeat_expr.py", line 3, in <module>
    from switch_repeat_expr import SwitchRepeatExpr
ModuleNotFoundError: No module named 'switch_repeat_expr'

]]>		</error>
		<system-out>
<![CDATA[]]>		</system-out>
		<system-err>
<![CDATA[]]>		</system-err>
	</testcase>
	<testcase classname="unittest.loader._FailedTest" file="/opt/python/3.6.3/lib/python3.6/unittest/loader.py" line="33" name="test_term_bytes" time="0.000" timestamp="2019-04-25T01:55:25">
		<error message="Failed to import test module: test_term_bytes
Traceback (most recent call last):
  File &quot;/opt/python/3.6.3/lib/python3.6/unittest/loader.py&quot;, line 428, in _find_test_path
    module = self._get_module_from_name(name)
  File &quot;/opt/python/3.6.3/lib/python3.6/unittest/loader.py&quot;, line 369, in _get_module_from_name
    __import__(name)
  File &quot;/home/travis/build/kaitai-io/ci_targets/tests/spec/python/test_term_bytes.py&quot;, line 5, in &lt;module&gt;
    from term_bytes import TermBytes
ModuleNotFoundError: No module named 'term_bytes'
" type="ImportError">
<![CDATA[ImportError: Failed to import test module: test_term_bytes
Traceback (most recent call last):
  File "/opt/python/3.6.3/lib/python3.6/unittest/loader.py", line 428, in _find_test_path
    module = self._get_module_from_name(name)
  File "/opt/python/3.6.3/lib/python3.6/unittest/loader.py", line 369, in _get_module_from_name
    __import__(name)
  File "/home/travis/build/kaitai-io/ci_targets/tests/spec/python/test_term_bytes.py", line 5, in <module>
    from term_bytes import TermBytes
ModuleNotFoundError: No module named 'term_bytes'

]]>		</error>
		<system-out>
<![CDATA[]]>		</system-out>
		<system-err>
<![CDATA[]]>		</system-err>
	</testcase>
	<testcase classname="unittest.loader._FailedTest" file="/opt/python/3.6.3/lib/python3.6/unittest/loader.py" line="33" name="test_term_strz" time="0.000" timestamp="2019-04-25T01:55:25">
		<error message="Failed to import test module: test_term_strz
Traceback (most recent call last):
  File &quot;/opt/python/3.6.3/lib/python3.6/unittest/loader.py&quot;, line 428, in _find_test_path
    module = self._get_module_from_name(name)
  File &quot;/opt/python/3.6.3/lib/python3.6/unittest/loader.py&quot;, line 369, in _get_module_from_name
    __import__(name)
  File &quot;/home/travis/build/kaitai-io/ci_targets/tests/spec/python/test_term_strz.py&quot;, line 5, in &lt;module&gt;
    from term_strz import TermStrz
ModuleNotFoundError: No module named 'term_strz'
" type="ImportError">
<![CDATA[ImportError: Failed to import test module: test_term_strz
Traceback (most recent call last):
  File "/opt/python/3.6.3/lib/python3.6/unittest/loader.py", line 428, in _find_test_path
    module = self._get_module_from_name(name)
  File "/opt/python/3.6.3/lib/python3.6/unittest/loader.py", line 369, in _get_module_from_name
    __import__(name)
  File "/home/travis/build/kaitai-io/ci_targets/tests/spec/python/test_term_strz.py", line 5, in <module>
    from term_strz import TermStrz
ModuleNotFoundError: No module named 'term_strz'

]]>		</error>
		<system-out>
<![CDATA[]]>		</system-out>
		<system-err>
<![CDATA[]]>		</system-err>
	</testcase>
	<testcase classname="unittest.loader._FailedTest" file="/opt/python/3.6.3/lib/python3.6/unittest/loader.py" line="33" name="test_ts_packet_header" time="0.000" timestamp="2019-04-25T01:55:25">
		<error message="Failed to import test module: test_ts_packet_header
Traceback (most recent call last):
  File &quot;/opt/python/3.6.3/lib/python3.6/unittest/loader.py&quot;, line 428, in _find_test_path
    module = self._get_module_from_name(name)
  File &quot;/opt/python/3.6.3/lib/python3.6/unittest/loader.py&quot;, line 369, in _get_module_from_name
    __import__(name)
  File &quot;/home/travis/build/kaitai-io/ci_targets/tests/spec/python/test_ts_packet_header.py&quot;, line 3, in &lt;module&gt;
    from ts_packet_header import TsPacketHeader
ModuleNotFoundError: No module named 'ts_packet_header'
" type="ImportError">
<![CDATA[ImportError: Failed to import test module: test_ts_packet_header
Traceback (most recent call last):
  File "/opt/python/3.6.3/lib/python3.6/unittest/loader.py", line 428, in _find_test_path
    module = self._get_module_from_name(name)
  File "/opt/python/3.6.3/lib/python3.6/unittest/loader.py", line 369, in _get_module_from_name
    __import__(name)
  File "/home/travis/build/kaitai-io/ci_targets/tests/spec/python/test_ts_packet_header.py", line 3, in <module>
    from ts_packet_header import TsPacketHeader
ModuleNotFoundError: No module named 'ts_packet_header'

]]>		</error>
		<system-out>
<![CDATA[]]>		</system-out>
		<system-err>
<![CDATA[]]>		</system-err>
	</testcase>
	<testcase classname="unittest.loader._FailedTest" file="/opt/python/3.6.3/lib/python3.6/unittest/loader.py" line="33" name="test_type_int_unary_op" time="0.000" timestamp="2019-04-25T01:55:25">
		<error message="Failed to import test module: test_type_int_unary_op
Traceback (most recent call last):
  File &quot;/opt/python/3.6.3/lib/python3.6/unittest/loader.py&quot;, line 428, in _find_test_path
    module = self._get_module_from_name(name)
  File &quot;/opt/python/3.6.3/lib/python3.6/unittest/loader.py&quot;, line 369, in _get_module_from_name
    __import__(name)
  File &quot;/home/travis/build/kaitai-io/ci_targets/tests/spec/python/test_type_int_unary_op.py&quot;, line 5, in &lt;module&gt;
    from type_int_unary_op import TypeIntUnaryOp
ModuleNotFoundError: No module named 'type_int_unary_op'
" type="ImportError">
<![CDATA[ImportError: Failed to import test module: test_type_int_unary_op
Traceback (most recent call last):
  File "/opt/python/3.6.3/lib/python3.6/unittest/loader.py", line 428, in _find_test_path
    module = self._get_module_from_name(name)
  File "/opt/python/3.6.3/lib/python3.6/unittest/loader.py", line 369, in _get_module_from_name
    __import__(name)
  File "/home/travis/build/kaitai-io/ci_targets/tests/spec/python/test_type_int_unary_op.py", line 5, in <module>
    from type_int_unary_op import TypeIntUnaryOp
ModuleNotFoundError: No module named 'type_int_unary_op'

]]>		</error>
		<system-out>
<![CDATA[]]>		</system-out>
		<system-err>
<![CDATA[]]>		</system-err>
	</testcase>
	<testcase classname="unittest.loader._FailedTest" file="/opt/python/3.6.3/lib/python3.6/unittest/loader.py" line="33" name="test_type_ternary" time="0.001" timestamp="2019-04-25T01:55:25">
		<error message="Failed to import test module: test_type_ternary
Traceback (most recent call last):
  File &quot;/opt/python/3.6.3/lib/python3.6/unittest/loader.py&quot;, line 428, in _find_test_path
    module = self._get_module_from_name(name)
  File &quot;/opt/python/3.6.3/lib/python3.6/unittest/loader.py&quot;, line 369, in _get_module_from_name
    __import__(name)
  File &quot;/home/travis/build/kaitai-io/ci_targets/tests/spec/python/test_type_ternary.py&quot;, line 5, in &lt;module&gt;
    from type_ternary import TypeTernary
ModuleNotFoundError: No module named 'type_ternary'
" type="ImportError">
<![CDATA[ImportError: Failed to import test module: test_type_ternary
Traceback (most recent call last):
  File "/opt/python/3.6.3/lib/python3.6/unittest/loader.py", line 428, in _find_test_path
    module = self._get_module_from_name(name)
  File "/opt/python/3.6.3/lib/python3.6/unittest/loader.py", line 369, in _get_module_from_name
    __import__(name)
  File "/home/travis/build/kaitai-io/ci_targets/tests/spec/python/test_type_ternary.py", line 5, in <module>
    from type_ternary import TypeTernary
ModuleNotFoundError: No module named 'type_ternary'

]]>		</error>
		<system-out>
<![CDATA[]]>		</system-out>
		<system-err>
<![CDATA[]]>		</system-err>
	</testcase>
	<testcase classname="unittest.loader._FailedTest" file="/opt/python/3.6.3/lib/python3.6/unittest/loader.py" line="33" name="test_type_ternary_opaque" time="0.000" timestamp="2019-04-25T01:55:25">
		<error message="Failed to import test module: test_type_ternary_opaque
Traceback (most recent call last):
  File &quot;/opt/python/3.6.3/lib/python3.6/unittest/loader.py&quot;, line 428, in _find_test_path
    module = self._get_module_from_name(name)
  File &quot;/opt/python/3.6.3/lib/python3.6/unittest/loader.py&quot;, line 369, in _get_module_from_name
    __import__(name)
  File &quot;/home/travis/build/kaitai-io/ci_targets/tests/spec/python/test_type_ternary_opaque.py&quot;, line 3, in &lt;module&gt;
    from type_ternary_opaque import TypeTernaryOpaque
ModuleNotFoundError: No module named 'type_ternary_opaque'
" type="ImportError">
<![CDATA[ImportError: Failed to import test module: test_type_ternary_opaque
Traceback (most recent call last):
  File "/opt/python/3.6.3/lib/python3.6/unittest/loader.py", line 428, in _find_test_path
    module = self._get_module_from_name(name)
  File "/opt/python/3.6.3/lib/python3.6/unittest/loader.py", line 369, in _get_module_from_name
    __import__(name)
  File "/home/travis/build/kaitai-io/ci_targets/tests/spec/python/test_type_ternary_opaque.py", line 3, in <module>
    from type_ternary_opaque import TypeTernaryOpaque
ModuleNotFoundError: No module named 'type_ternary_opaque'

]]>		</error>
		<system-out>
<![CDATA[]]>		</system-out>
		<system-err>
<![CDATA[]]>		</system-err>
	</testcase>
	<testcase classname="unittest.loader._FailedTest" file="/opt/python/3.6.3/lib/python3.6/unittest/loader.py" line="33" name="test_user_type" time="0.000" timestamp="2019-04-25T01:55:25">
		<error message="Failed to import test module: test_user_type
Traceback (most recent call last):
  File &quot;/opt/python/3.6.3/lib/python3.6/unittest/loader.py&quot;, line 428, in _find_test_path
    module = self._get_module_from_name(name)
  File &quot;/opt/python/3.6.3/lib/python3.6/unittest/loader.py&quot;, line 369, in _get_module_from_name
    __import__(name)
  File &quot;/home/travis/build/kaitai-io/ci_targets/tests/spec/python/test_user_type.py&quot;, line 5, in &lt;module&gt;
    from user_type import UserType
ModuleNotFoundError: No module named 'user_type'
" type="ImportError">
<![CDATA[ImportError: Failed to import test module: test_user_type
Traceback (most recent call last):
  File "/opt/python/3.6.3/lib/python3.6/unittest/loader.py", line 428, in _find_test_path
    module = self._get_module_from_name(name)
  File "/opt/python/3.6.3/lib/python3.6/unittest/loader.py", line 369, in _get_module_from_name
    __import__(name)
  File "/home/travis/build/kaitai-io/ci_targets/tests/spec/python/test_user_type.py", line 5, in <module>
    from user_type import UserType
ModuleNotFoundError: No module named 'user_type'

]]>		</error>
		<system-out>
<![CDATA[]]>		</system-out>
		<system-err>
<![CDATA[]]>		</system-err>
	</testcase>
	<testcase classname="unittest.loader._FailedTest" file="/opt/python/3.6.3/lib/python3.6/unittest/loader.py" line="33" name="test_yaml_ints" time="0.000" timestamp="2019-04-25T01:55:25">
		<error message="Failed to import test module: test_yaml_ints
Traceback (most recent call last):
  File &quot;/opt/python/3.6.3/lib/python3.6/unittest/loader.py&quot;, line 428, in _find_test_path
    module = self._get_module_from_name(name)
  File &quot;/opt/python/3.6.3/lib/python3.6/unittest/loader.py&quot;, line 369, in _get_module_from_name
    __import__(name)
  File &quot;/home/travis/build/kaitai-io/ci_targets/tests/spec/python/test_yaml_ints.py&quot;, line 3, in &lt;module&gt;
    from yaml_ints import YamlInts
ModuleNotFoundError: No module named 'yaml_ints'
" type="ImportError">
<![CDATA[ImportError: Failed to import test module: test_yaml_ints
Traceback (most recent call last):
  File "/opt/python/3.6.3/lib/python3.6/unittest/loader.py", line 428, in _find_test_path
    module = self._get_module_from_name(name)
  File "/opt/python/3.6.3/lib/python3.6/unittest/loader.py", line 369, in _get_module_from_name
    __import__(name)
  File "/home/travis/build/kaitai-io/ci_targets/tests/spec/python/test_yaml_ints.py", line 3, in <module>
    from yaml_ints import YamlInts
ModuleNotFoundError: No module named 'yaml_ints'

]]>		</error>
		<system-out>
<![CDATA[]]>		</system-out>
		<system-err>
<![CDATA[]]>		</system-err>
	</testcase>
	<testcase classname="unittest.loader._FailedTest" file="/opt/python/3.6.3/lib/python3.6/unittest/loader.py" line="33" name="test_zlib_with_header_78" time="0.000" timestamp="2019-04-25T01:55:25">
		<error message="Failed to import test module: test_zlib_with_header_78
Traceback (most recent call last):
  File &quot;/opt/python/3.6.3/lib/python3.6/unittest/loader.py&quot;, line 428, in _find_test_path
    module = self._get_module_from_name(name)
  File &quot;/opt/python/3.6.3/lib/python3.6/unittest/loader.py&quot;, line 369, in _get_module_from_name
    __import__(name)
  File &quot;/home/travis/build/kaitai-io/ci_targets/tests/spec/python/test_zlib_with_header_78.py&quot;, line 5, in &lt;module&gt;
    from zlib_with_header_78 import ZlibWithHeader78
ModuleNotFoundError: No module named 'zlib_with_header_78'
" type="ImportError">
<![CDATA[ImportError: Failed to import test module: test_zlib_with_header_78
Traceback (most recent call last):
  File "/opt/python/3.6.3/lib/python3.6/unittest/loader.py", line 428, in _find_test_path
    module = self._get_module_from_name(name)
  File "/opt/python/3.6.3/lib/python3.6/unittest/loader.py", line 369, in _get_module_from_name
    __import__(name)
  File "/home/travis/build/kaitai-io/ci_targets/tests/spec/python/test_zlib_with_header_78.py", line 5, in <module>
    from zlib_with_header_78 import ZlibWithHeader78
ModuleNotFoundError: No module named 'zlib_with_header_78'

]]>		</error>
		<system-out>
<![CDATA[]]>		</system-out>
		<system-err>
<![CDATA[]]>		</system-err>
	</testcase>
</testsuite>
