<?xml version="1.0" encoding="UTF-8"?>
<testsuite errors="0" failures="1" file="test_io_local_var.py" name="test_io_local_var.TestIoLocalVar-20190412052548" skipped="0" tests="1" time="0.001" timestamp="2019-04-12T05:25:49">
	<testcase classname="test_io_local_var.TestIoLocalVar" file="spec/python/test_io_local_var.py" line="8" name="test_io_local_var" time="0.001" timestamp="2019-04-12T05:25:49">
		<failure message="10 != 20" type="AssertionError">
<![CDATA[Traceback (most recent call last):
  File "/home/travis/build/kaitai-io/ci_targets/tests/spec/python/test_io_local_var.py", line 11, in test_io_local_var
    self.assertEqual(r.followup, 20)
AssertionError: 10 != 20
]]>		</failure>
		<system-out>
<![CDATA[]]>		</system-out>
		<system-err>
<![CDATA[]]>		</system-err>
	</testcase>
</testsuite>
