<?xml version="1.0" encoding="UTF-8"?>
<testsuite errors="2" failures="0" name="unittest.loader.ModuleImportFailure-20170822170927" skipped="0" tests="2" time="0.000">
	<testcase classname="unittest.loader.ModuleImportFailure" name="test_cast_to_imported" time="0.000">
		<error message="Failed to import test module: test_cast_to_imported
Traceback (most recent call last):
  File &quot;/opt/python/2.7.13/lib/python2.7/unittest/loader.py&quot;, line 254, in _find_tests
    module = self._get_module_from_name(name)
  File &quot;/opt/python/2.7.13/lib/python2.7/unittest/loader.py&quot;, line 232, in _get_module_from_name
    __import__(name)
  File &quot;/home/travis/build/kaitai-io/ci_targets/tests/spec/python/test_cast_to_imported.py&quot;, line 3, in &lt;module&gt;
    from cast_to_imported import CastToImported
ImportError: No module named cast_to_imported
" type="ImportError">
<![CDATA[ImportError: Failed to import test module: test_cast_to_imported
Traceback (most recent call last):
  File "/opt/python/2.7.13/lib/python2.7/unittest/loader.py", line 254, in _find_tests
    module = self._get_module_from_name(name)
  File "/opt/python/2.7.13/lib/python2.7/unittest/loader.py", line 232, in _get_module_from_name
    __import__(name)
  File "/home/travis/build/kaitai-io/ci_targets/tests/spec/python/test_cast_to_imported.py", line 3, in <module>
    from cast_to_imported import CastToImported
ImportError: No module named cast_to_imported

]]>		</error>
	</testcase>
	<testcase classname="unittest.loader.ModuleImportFailure" name="test_cast_to_top" time="0.000">
		<error message="Failed to import test module: test_cast_to_top
Traceback (most recent call last):
  File &quot;/opt/python/2.7.13/lib/python2.7/unittest/loader.py&quot;, line 254, in _find_tests
    module = self._get_module_from_name(name)
  File &quot;/opt/python/2.7.13/lib/python2.7/unittest/loader.py&quot;, line 232, in _get_module_from_name
    __import__(name)
  File &quot;/home/travis/build/kaitai-io/ci_targets/tests/spec/python/test_cast_to_top.py&quot;, line 3, in &lt;module&gt;
    from cast_to_top import CastToTop
ImportError: No module named cast_to_top
" type="ImportError">
<![CDATA[ImportError: Failed to import test module: test_cast_to_top
Traceback (most recent call last):
  File "/opt/python/2.7.13/lib/python2.7/unittest/loader.py", line 254, in _find_tests
    module = self._get_module_from_name(name)
  File "/opt/python/2.7.13/lib/python2.7/unittest/loader.py", line 232, in _get_module_from_name
    __import__(name)
  File "/home/travis/build/kaitai-io/ci_targets/tests/spec/python/test_cast_to_top.py", line 3, in <module>
    from cast_to_top import CastToTop
ImportError: No module named cast_to_top

]]>		</error>
	</testcase>
	<system-out>
<![CDATA[]]>	</system-out>
	<system-err>
<![CDATA[]]>	</system-err>
</testsuite>
