<?xml version="1.0" encoding="UTF-8"?>
<testsuite errors="0" failures="1" file="test_enum_for_unknown_id.py" name="test_enum_for_unknown_id.TestEnumForUnknownId-20190320081931" skipped="0" tests="1" time="0.000" timestamp="2019-03-20T08:19:31">
	<testcase classname="test_enum_for_unknown_id.TestEnumForUnknownId" file="spec/python/test_enum_for_unknown_id.py" line="6" name="test_enum_for_unknown_id" time="0.000" timestamp="2019-03-20T08:19:31">
		<failure message="ValueError not raised" type="AssertionError">
<![CDATA[Traceback (most recent call last):
  File "/home/travis/build/kaitai-io/ci_targets/tests/spec/python/test_enum_for_unknown_id.py", line 9, in test_enum_for_unknown_id
    pass
AssertionError: ValueError not raised
]]>		</failure>
	</testcase>
</testsuite>
