<?xml version="1.0" encoding="UTF-8"?>
<testsuite errors="0" failures="1" file="test_valid_fail_inst.py" name="test_valid_fail_inst.TestValidFailInst-20191124111326" skipped="0" tests="1" time="0.000" timestamp="2019-11-24T11:13:26">
	<testcase classname="test_valid_fail_inst.TestValidFailInst" file="spec/python/test_valid_fail_inst.py" line="9" name="test_valid_fail_inst" time="0.000" timestamp="2019-11-24T11:13:26">
		<failure message="ValidationNotEqualError not raised" type="AssertionError">
<![CDATA[Traceback (most recent call last):
  File "/home/travis/build/kaitai-io/ci_targets/tests/spec/python/test_valid_fail_inst.py", line 12, in test_valid_fail_inst
    pass
AssertionError: ValidationNotEqualError not raised
]]>		</failure>
		<system-out>
<![CDATA[]]>		</system-out>
		<system-err>
<![CDATA[]]>		</system-err>
	</testcase>
</testsuite>
