<?xml version="1.0" encoding="UTF-8"?>
<testsuite errors="0" failures="1" file="test_repeat_eos_bit.py" name="test_repeat_eos_bit.TestRepeatEosBit-20190328235136" skipped="0" tests="1" time="0.001" timestamp="2019-03-28T23:51:37">
	<testcase classname="test_repeat_eos_bit.TestRepeatEosBit" file="spec/python/test_repeat_eos_bit.py" line="8" name="test_repeat_eos_bit" time="0.001" timestamp="2019-03-28T23:51:37">
		<failure message="15 != 16" type="AssertionError">
<![CDATA[Traceback (most recent call last):
  File "/home/travis/build/kaitai-io/ci_targets/tests/spec/python/test_repeat_eos_bit.py", line 10, in test_repeat_eos_bit
    self.assertEqual(len(r.nibbles), 16)
AssertionError: 15 != 16
]]>		</failure>
		<system-out>
<![CDATA[]]>		</system-out>
		<system-err>
<![CDATA[]]>		</system-err>
	</testcase>
</testsuite>
