<?xml version="1.0" encoding="UTF-8"?>
<testsuite errors="0" failures="0" file="test_eof_exception_bytes.py" name="test_eof_exception_bytes.TestEofExceptionBytes-20200410094226" skipped="0" tests="1" time="0.000" timestamp="2020-04-10T09:42:26">
	<testcase classname="test_eof_exception_bytes.TestEofExceptionBytes" file="spec/python/test_eof_exception_bytes.py" line="9" name="test_eof_exception_bytes" time="0.000" timestamp="2020-04-10T09:42:26">
		<system-out>
<![CDATA[]]>		</system-out>
		<system-err>
<![CDATA[]]>		</system-err>
	</testcase>
</testsuite>
