<?xml version="1.0" encoding="UTF-8"?>
<testsuite errors="25" failures="0" file="unittest/loader.py" name="unittest.loader.ModuleImportFailure-20200222155021" skipped="0" tests="25" time="0.006" timestamp="2020-02-22T15:50:21">
	<testcase classname="unittest.loader.ModuleImportFailure" file="/opt/python/2.7.14/lib/python2.7/unittest/loader.py" line="31" name="test_expr_enum" time="0.000" timestamp="2020-02-22T15:50:21">
		<error message="Failed to import test module: test_expr_enum
Traceback (most recent call last):
  File &quot;/opt/python/2.7.14/lib/python2.7/unittest/loader.py&quot;, line 254, in _find_tests
    module = self._get_module_from_name(name)
  File &quot;/opt/python/2.7.14/lib/python2.7/unittest/loader.py&quot;, line 232, in _get_module_from_name
    __import__(name)
  File &quot;/home/travis/build/kaitai-io/ci_targets/tests/spec/python/test_expr_enum.py&quot;, line 5, in &lt;module&gt;
    from expr_enum import ExprEnum
  File &quot;/home/travis/build/kaitai-io/ci_targets/tests/compiled/python/expr_enum.py&quot;, line 6, in &lt;module&gt;
    from enum import Enum
ImportError: No module named enum
" type="ImportError">
<![CDATA[ImportError: Failed to import test module: test_expr_enum
Traceback (most recent call last):
  File "/opt/python/2.7.14/lib/python2.7/unittest/loader.py", line 254, in _find_tests
    module = self._get_module_from_name(name)
  File "/opt/python/2.7.14/lib/python2.7/unittest/loader.py", line 232, in _get_module_from_name
    __import__(name)
  File "/home/travis/build/kaitai-io/ci_targets/tests/spec/python/test_expr_enum.py", line 5, in <module>
    from expr_enum import ExprEnum
  File "/home/travis/build/kaitai-io/ci_targets/tests/compiled/python/expr_enum.py", line 6, in <module>
    from enum import Enum
ImportError: No module named enum

]]>		</error>
		<system-out>
<![CDATA[]]>		</system-out>
		<system-err>
<![CDATA[]]>		</system-err>
	</testcase>
	<testcase classname="unittest.loader.ModuleImportFailure" file="/opt/python/2.7.14/lib/python2.7/unittest/loader.py" line="31" name="test_enum_deep" time="0.000" timestamp="2020-02-22T15:50:21">
		<error message="Failed to import test module: test_enum_deep
Traceback (most recent call last):
  File &quot;/opt/python/2.7.14/lib/python2.7/unittest/loader.py&quot;, line 254, in _find_tests
    module = self._get_module_from_name(name)
  File &quot;/opt/python/2.7.14/lib/python2.7/unittest/loader.py&quot;, line 232, in _get_module_from_name
    __import__(name)
  File &quot;/home/travis/build/kaitai-io/ci_targets/tests/spec/python/test_enum_deep.py&quot;, line 5, in &lt;module&gt;
    from enum_deep import EnumDeep
  File &quot;/home/travis/build/kaitai-io/ci_targets/tests/compiled/python/enum_deep.py&quot;, line 6, in &lt;module&gt;
    from enum import Enum
ImportError: No module named enum
" type="ImportError">
<![CDATA[ImportError: Failed to import test module: test_enum_deep
Traceback (most recent call last):
  File "/opt/python/2.7.14/lib/python2.7/unittest/loader.py", line 254, in _find_tests
    module = self._get_module_from_name(name)
  File "/opt/python/2.7.14/lib/python2.7/unittest/loader.py", line 232, in _get_module_from_name
    __import__(name)
  File "/home/travis/build/kaitai-io/ci_targets/tests/spec/python/test_enum_deep.py", line 5, in <module>
    from enum_deep import EnumDeep
  File "/home/travis/build/kaitai-io/ci_targets/tests/compiled/python/enum_deep.py", line 6, in <module>
    from enum import Enum
ImportError: No module named enum

]]>		</error>
		<system-out>
<![CDATA[]]>		</system-out>
		<system-err>
<![CDATA[]]>		</system-err>
	</testcase>
	<testcase classname="unittest.loader.ModuleImportFailure" file="/opt/python/2.7.14/lib/python2.7/unittest/loader.py" line="31" name="test_bits_enum" time="0.000" timestamp="2020-02-22T15:50:21">
		<error message="Failed to import test module: test_bits_enum
Traceback (most recent call last):
  File &quot;/opt/python/2.7.14/lib/python2.7/unittest/loader.py&quot;, line 254, in _find_tests
    module = self._get_module_from_name(name)
  File &quot;/opt/python/2.7.14/lib/python2.7/unittest/loader.py&quot;, line 232, in _get_module_from_name
    __import__(name)
  File &quot;/home/travis/build/kaitai-io/ci_targets/tests/spec/python/test_bits_enum.py&quot;, line 5, in &lt;module&gt;
    from bits_enum import BitsEnum
  File &quot;/home/travis/build/kaitai-io/ci_targets/tests/compiled/python/bits_enum.py&quot;, line 6, in &lt;module&gt;
    from enum import Enum
ImportError: No module named enum
" type="ImportError">
<![CDATA[ImportError: Failed to import test module: test_bits_enum
Traceback (most recent call last):
  File "/opt/python/2.7.14/lib/python2.7/unittest/loader.py", line 254, in _find_tests
    module = self._get_module_from_name(name)
  File "/opt/python/2.7.14/lib/python2.7/unittest/loader.py", line 232, in _get_module_from_name
    __import__(name)
  File "/home/travis/build/kaitai-io/ci_targets/tests/spec/python/test_bits_enum.py", line 5, in <module>
    from bits_enum import BitsEnum
  File "/home/travis/build/kaitai-io/ci_targets/tests/compiled/python/bits_enum.py", line 6, in <module>
    from enum import Enum
ImportError: No module named enum

]]>		</error>
		<system-out>
<![CDATA[]]>		</system-out>
		<system-err>
<![CDATA[]]>		</system-err>
	</testcase>
	<testcase classname="unittest.loader.ModuleImportFailure" file="/opt/python/2.7.14/lib/python2.7/unittest/loader.py" line="31" name="test_enum_deep_literals" time="0.000" timestamp="2020-02-22T15:50:21">
		<error message="Failed to import test module: test_enum_deep_literals
Traceback (most recent call last):
  File &quot;/opt/python/2.7.14/lib/python2.7/unittest/loader.py&quot;, line 254, in _find_tests
    module = self._get_module_from_name(name)
  File &quot;/opt/python/2.7.14/lib/python2.7/unittest/loader.py&quot;, line 232, in _get_module_from_name
    __import__(name)
  File &quot;/home/travis/build/kaitai-io/ci_targets/tests/spec/python/test_enum_deep_literals.py&quot;, line 5, in &lt;module&gt;
    from enum_deep_literals import EnumDeepLiterals
  File &quot;/home/travis/build/kaitai-io/ci_targets/tests/compiled/python/enum_deep_literals.py&quot;, line 6, in &lt;module&gt;
    from enum import Enum
ImportError: No module named enum
" type="ImportError">
<![CDATA[ImportError: Failed to import test module: test_enum_deep_literals
Traceback (most recent call last):
  File "/opt/python/2.7.14/lib/python2.7/unittest/loader.py", line 254, in _find_tests
    module = self._get_module_from_name(name)
  File "/opt/python/2.7.14/lib/python2.7/unittest/loader.py", line 232, in _get_module_from_name
    __import__(name)
  File "/home/travis/build/kaitai-io/ci_targets/tests/spec/python/test_enum_deep_literals.py", line 5, in <module>
    from enum_deep_literals import EnumDeepLiterals
  File "/home/travis/build/kaitai-io/ci_targets/tests/compiled/python/enum_deep_literals.py", line 6, in <module>
    from enum import Enum
ImportError: No module named enum

]]>		</error>
		<system-out>
<![CDATA[]]>		</system-out>
		<system-err>
<![CDATA[]]>		</system-err>
	</testcase>
	<testcase classname="unittest.loader.ModuleImportFailure" file="/opt/python/2.7.14/lib/python2.7/unittest/loader.py" line="31" name="test_enum_invalid" time="0.000" timestamp="2020-02-22T15:50:21">
		<error message="Failed to import test module: test_enum_invalid
Traceback (most recent call last):
  File &quot;/opt/python/2.7.14/lib/python2.7/unittest/loader.py&quot;, line 254, in _find_tests
    module = self._get_module_from_name(name)
  File &quot;/opt/python/2.7.14/lib/python2.7/unittest/loader.py&quot;, line 232, in _get_module_from_name
    __import__(name)
  File &quot;/home/travis/build/kaitai-io/ci_targets/tests/spec/python/test_enum_invalid.py&quot;, line 3, in &lt;module&gt;
    from enum_invalid import EnumInvalid
  File &quot;/home/travis/build/kaitai-io/ci_targets/tests/compiled/python/enum_invalid.py&quot;, line 6, in &lt;module&gt;
    from enum import Enum
ImportError: No module named enum
" type="ImportError">
<![CDATA[ImportError: Failed to import test module: test_enum_invalid
Traceback (most recent call last):
  File "/opt/python/2.7.14/lib/python2.7/unittest/loader.py", line 254, in _find_tests
    module = self._get_module_from_name(name)
  File "/opt/python/2.7.14/lib/python2.7/unittest/loader.py", line 232, in _get_module_from_name
    __import__(name)
  File "/home/travis/build/kaitai-io/ci_targets/tests/spec/python/test_enum_invalid.py", line 3, in <module>
    from enum_invalid import EnumInvalid
  File "/home/travis/build/kaitai-io/ci_targets/tests/compiled/python/enum_invalid.py", line 6, in <module>
    from enum import Enum
ImportError: No module named enum

]]>		</error>
		<system-out>
<![CDATA[]]>		</system-out>
		<system-err>
<![CDATA[]]>		</system-err>
	</testcase>
	<testcase classname="unittest.loader.ModuleImportFailure" file="/opt/python/2.7.14/lib/python2.7/unittest/loader.py" line="31" name="test_enum_fancy" time="0.000" timestamp="2020-02-22T15:50:21">
		<error message="Failed to import test module: test_enum_fancy
Traceback (most recent call last):
  File &quot;/opt/python/2.7.14/lib/python2.7/unittest/loader.py&quot;, line 254, in _find_tests
    module = self._get_module_from_name(name)
  File &quot;/opt/python/2.7.14/lib/python2.7/unittest/loader.py&quot;, line 232, in _get_module_from_name
    __import__(name)
  File &quot;/home/travis/build/kaitai-io/ci_targets/tests/spec/python/test_enum_fancy.py&quot;, line 5, in &lt;module&gt;
    from enum_fancy import EnumFancy
  File &quot;/home/travis/build/kaitai-io/ci_targets/tests/compiled/python/enum_fancy.py&quot;, line 6, in &lt;module&gt;
    from enum import Enum
ImportError: No module named enum
" type="ImportError">
<![CDATA[ImportError: Failed to import test module: test_enum_fancy
Traceback (most recent call last):
  File "/opt/python/2.7.14/lib/python2.7/unittest/loader.py", line 254, in _find_tests
    module = self._get_module_from_name(name)
  File "/opt/python/2.7.14/lib/python2.7/unittest/loader.py", line 232, in _get_module_from_name
    __import__(name)
  File "/home/travis/build/kaitai-io/ci_targets/tests/spec/python/test_enum_fancy.py", line 5, in <module>
    from enum_fancy import EnumFancy
  File "/home/travis/build/kaitai-io/ci_targets/tests/compiled/python/enum_fancy.py", line 6, in <module>
    from enum import Enum
ImportError: No module named enum

]]>		</error>
		<system-out>
<![CDATA[]]>		</system-out>
		<system-err>
<![CDATA[]]>		</system-err>
	</testcase>
	<testcase classname="unittest.loader.ModuleImportFailure" file="/opt/python/2.7.14/lib/python2.7/unittest/loader.py" line="31" name="test_enum_0" time="0.000" timestamp="2020-02-22T15:50:21">
		<error message="Failed to import test module: test_enum_0
Traceback (most recent call last):
  File &quot;/opt/python/2.7.14/lib/python2.7/unittest/loader.py&quot;, line 254, in _find_tests
    module = self._get_module_from_name(name)
  File &quot;/opt/python/2.7.14/lib/python2.7/unittest/loader.py&quot;, line 232, in _get_module_from_name
    __import__(name)
  File &quot;/home/travis/build/kaitai-io/ci_targets/tests/spec/python/test_enum_0.py&quot;, line 5, in &lt;module&gt;
    from enum_0 import Enum0
  File &quot;/home/travis/build/kaitai-io/ci_targets/tests/compiled/python/enum_0.py&quot;, line 6, in &lt;module&gt;
    from enum import Enum
ImportError: No module named enum
" type="ImportError">
<![CDATA[ImportError: Failed to import test module: test_enum_0
Traceback (most recent call last):
  File "/opt/python/2.7.14/lib/python2.7/unittest/loader.py", line 254, in _find_tests
    module = self._get_module_from_name(name)
  File "/opt/python/2.7.14/lib/python2.7/unittest/loader.py", line 232, in _get_module_from_name
    __import__(name)
  File "/home/travis/build/kaitai-io/ci_targets/tests/spec/python/test_enum_0.py", line 5, in <module>
    from enum_0 import Enum0
  File "/home/travis/build/kaitai-io/ci_targets/tests/compiled/python/enum_0.py", line 6, in <module>
    from enum import Enum
ImportError: No module named enum

]]>		</error>
		<system-out>
<![CDATA[]]>		</system-out>
		<system-err>
<![CDATA[]]>		</system-err>
	</testcase>
	<testcase classname="unittest.loader.ModuleImportFailure" file="/opt/python/2.7.14/lib/python2.7/unittest/loader.py" line="31" name="test_switch_manual_enum_invalid" time="0.000" timestamp="2020-02-22T15:50:21">
		<error message="Failed to import test module: test_switch_manual_enum_invalid
Traceback (most recent call last):
  File &quot;/opt/python/2.7.14/lib/python2.7/unittest/loader.py&quot;, line 254, in _find_tests
    module = self._get_module_from_name(name)
  File &quot;/opt/python/2.7.14/lib/python2.7/unittest/loader.py&quot;, line 232, in _get_module_from_name
    __import__(name)
  File &quot;/home/travis/build/kaitai-io/ci_targets/tests/spec/python/test_switch_manual_enum_invalid.py&quot;, line 3, in &lt;module&gt;
    from switch_manual_enum_invalid import SwitchManualEnumInvalid
  File &quot;/home/travis/build/kaitai-io/ci_targets/tests/compiled/python/switch_manual_enum_invalid.py&quot;, line 6, in &lt;module&gt;
    from enum import Enum
ImportError: No module named enum
" type="ImportError">
<![CDATA[ImportError: Failed to import test module: test_switch_manual_enum_invalid
Traceback (most recent call last):
  File "/opt/python/2.7.14/lib/python2.7/unittest/loader.py", line 254, in _find_tests
    module = self._get_module_from_name(name)
  File "/opt/python/2.7.14/lib/python2.7/unittest/loader.py", line 232, in _get_module_from_name
    __import__(name)
  File "/home/travis/build/kaitai-io/ci_targets/tests/spec/python/test_switch_manual_enum_invalid.py", line 3, in <module>
    from switch_manual_enum_invalid import SwitchManualEnumInvalid
  File "/home/travis/build/kaitai-io/ci_targets/tests/compiled/python/switch_manual_enum_invalid.py", line 6, in <module>
    from enum import Enum
ImportError: No module named enum

]]>		</error>
		<system-out>
<![CDATA[]]>		</system-out>
		<system-err>
<![CDATA[]]>		</system-err>
	</testcase>
	<testcase classname="unittest.loader.ModuleImportFailure" file="/opt/python/2.7.14/lib/python2.7/unittest/loader.py" line="31" name="test_switch_manual_enum_invalid_else" time="0.000" timestamp="2020-02-22T15:50:21">
		<error message="Failed to import test module: test_switch_manual_enum_invalid_else
Traceback (most recent call last):
  File &quot;/opt/python/2.7.14/lib/python2.7/unittest/loader.py&quot;, line 254, in _find_tests
    module = self._get_module_from_name(name)
  File &quot;/opt/python/2.7.14/lib/python2.7/unittest/loader.py&quot;, line 232, in _get_module_from_name
    __import__(name)
  File &quot;/home/travis/build/kaitai-io/ci_targets/tests/spec/python/test_switch_manual_enum_invalid_else.py&quot;, line 5, in &lt;module&gt;
    from switch_manual_enum_invalid_else import SwitchManualEnumInvalidElse
  File &quot;/home/travis/build/kaitai-io/ci_targets/tests/compiled/python/switch_manual_enum_invalid_else.py&quot;, line 6, in &lt;module&gt;
    from enum import Enum
ImportError: No module named enum
" type="ImportError">
<![CDATA[ImportError: Failed to import test module: test_switch_manual_enum_invalid_else
Traceback (most recent call last):
  File "/opt/python/2.7.14/lib/python2.7/unittest/loader.py", line 254, in _find_tests
    module = self._get_module_from_name(name)
  File "/opt/python/2.7.14/lib/python2.7/unittest/loader.py", line 232, in _get_module_from_name
    __import__(name)
  File "/home/travis/build/kaitai-io/ci_targets/tests/spec/python/test_switch_manual_enum_invalid_else.py", line 5, in <module>
    from switch_manual_enum_invalid_else import SwitchManualEnumInvalidElse
  File "/home/travis/build/kaitai-io/ci_targets/tests/compiled/python/switch_manual_enum_invalid_else.py", line 6, in <module>
    from enum import Enum
ImportError: No module named enum

]]>		</error>
		<system-out>
<![CDATA[]]>		</system-out>
		<system-err>
<![CDATA[]]>		</system-err>
	</testcase>
	<testcase classname="unittest.loader.ModuleImportFailure" file="/opt/python/2.7.14/lib/python2.7/unittest/loader.py" line="31" name="test_enum_long_range_u" time="0.000" timestamp="2020-02-22T15:50:21">
		<error message="Failed to import test module: test_enum_long_range_u
Traceback (most recent call last):
  File &quot;/opt/python/2.7.14/lib/python2.7/unittest/loader.py&quot;, line 254, in _find_tests
    module = self._get_module_from_name(name)
  File &quot;/opt/python/2.7.14/lib/python2.7/unittest/loader.py&quot;, line 232, in _get_module_from_name
    __import__(name)
  File &quot;/home/travis/build/kaitai-io/ci_targets/tests/spec/python/test_enum_long_range_u.py&quot;, line 5, in &lt;module&gt;
    from enum_long_range_u import EnumLongRangeU
  File &quot;/home/travis/build/kaitai-io/ci_targets/tests/compiled/python/enum_long_range_u.py&quot;, line 6, in &lt;module&gt;
    from enum import Enum
ImportError: No module named enum
" type="ImportError">
<![CDATA[ImportError: Failed to import test module: test_enum_long_range_u
Traceback (most recent call last):
  File "/opt/python/2.7.14/lib/python2.7/unittest/loader.py", line 254, in _find_tests
    module = self._get_module_from_name(name)
  File "/opt/python/2.7.14/lib/python2.7/unittest/loader.py", line 232, in _get_module_from_name
    __import__(name)
  File "/home/travis/build/kaitai-io/ci_targets/tests/spec/python/test_enum_long_range_u.py", line 5, in <module>
    from enum_long_range_u import EnumLongRangeU
  File "/home/travis/build/kaitai-io/ci_targets/tests/compiled/python/enum_long_range_u.py", line 6, in <module>
    from enum import Enum
ImportError: No module named enum

]]>		</error>
		<system-out>
<![CDATA[]]>		</system-out>
		<system-err>
<![CDATA[]]>		</system-err>
	</testcase>
	<testcase classname="unittest.loader.ModuleImportFailure" file="/opt/python/2.7.14/lib/python2.7/unittest/loader.py" line="31" name="test_enum_long_range_s" time="0.000" timestamp="2020-02-22T15:50:21">
		<error message="Failed to import test module: test_enum_long_range_s
Traceback (most recent call last):
  File &quot;/opt/python/2.7.14/lib/python2.7/unittest/loader.py&quot;, line 254, in _find_tests
    module = self._get_module_from_name(name)
  File &quot;/opt/python/2.7.14/lib/python2.7/unittest/loader.py&quot;, line 232, in _get_module_from_name
    __import__(name)
  File &quot;/home/travis/build/kaitai-io/ci_targets/tests/spec/python/test_enum_long_range_s.py&quot;, line 5, in &lt;module&gt;
    from enum_long_range_s import EnumLongRangeS
  File &quot;/home/travis/build/kaitai-io/ci_targets/tests/compiled/python/enum_long_range_s.py&quot;, line 6, in &lt;module&gt;
    from enum import Enum
ImportError: No module named enum
" type="ImportError">
<![CDATA[ImportError: Failed to import test module: test_enum_long_range_s
Traceback (most recent call last):
  File "/opt/python/2.7.14/lib/python2.7/unittest/loader.py", line 254, in _find_tests
    module = self._get_module_from_name(name)
  File "/opt/python/2.7.14/lib/python2.7/unittest/loader.py", line 232, in _get_module_from_name
    __import__(name)
  File "/home/travis/build/kaitai-io/ci_targets/tests/spec/python/test_enum_long_range_s.py", line 5, in <module>
    from enum_long_range_s import EnumLongRangeS
  File "/home/travis/build/kaitai-io/ci_targets/tests/compiled/python/enum_long_range_s.py", line 6, in <module>
    from enum import Enum
ImportError: No module named enum

]]>		</error>
		<system-out>
<![CDATA[]]>		</system-out>
		<system-err>
<![CDATA[]]>		</system-err>
	</testcase>
	<testcase classname="unittest.loader.ModuleImportFailure" file="/opt/python/2.7.14/lib/python2.7/unittest/loader.py" line="31" name="test_enum_to_i_class_border_1" time="0.000" timestamp="2020-02-22T15:50:21">
		<error message="Failed to import test module: test_enum_to_i_class_border_1
Traceback (most recent call last):
  File &quot;/opt/python/2.7.14/lib/python2.7/unittest/loader.py&quot;, line 254, in _find_tests
    module = self._get_module_from_name(name)
  File &quot;/opt/python/2.7.14/lib/python2.7/unittest/loader.py&quot;, line 232, in _get_module_from_name
    __import__(name)
  File &quot;/home/travis/build/kaitai-io/ci_targets/tests/spec/python/test_enum_to_i_class_border_1.py&quot;, line 5, in &lt;module&gt;
    from enum_to_i_class_border_1 import EnumToIClassBorder1
  File &quot;/home/travis/build/kaitai-io/ci_targets/tests/compiled/python/enum_to_i_class_border_1.py&quot;, line 6, in &lt;module&gt;
    from enum import Enum
ImportError: No module named enum
" type="ImportError">
<![CDATA[ImportError: Failed to import test module: test_enum_to_i_class_border_1
Traceback (most recent call last):
  File "/opt/python/2.7.14/lib/python2.7/unittest/loader.py", line 254, in _find_tests
    module = self._get_module_from_name(name)
  File "/opt/python/2.7.14/lib/python2.7/unittest/loader.py", line 232, in _get_module_from_name
    __import__(name)
  File "/home/travis/build/kaitai-io/ci_targets/tests/spec/python/test_enum_to_i_class_border_1.py", line 5, in <module>
    from enum_to_i_class_border_1 import EnumToIClassBorder1
  File "/home/travis/build/kaitai-io/ci_targets/tests/compiled/python/enum_to_i_class_border_1.py", line 6, in <module>
    from enum import Enum
ImportError: No module named enum

]]>		</error>
		<system-out>
<![CDATA[]]>		</system-out>
		<system-err>
<![CDATA[]]>		</system-err>
	</testcase>
	<testcase classname="unittest.loader.ModuleImportFailure" file="/opt/python/2.7.14/lib/python2.7/unittest/loader.py" line="31" name="test_enum_to_i" time="0.000" timestamp="2020-02-22T15:50:21">
		<error message="Failed to import test module: test_enum_to_i
Traceback (most recent call last):
  File &quot;/opt/python/2.7.14/lib/python2.7/unittest/loader.py&quot;, line 254, in _find_tests
    module = self._get_module_from_name(name)
  File &quot;/opt/python/2.7.14/lib/python2.7/unittest/loader.py&quot;, line 232, in _get_module_from_name
    __import__(name)
  File &quot;/home/travis/build/kaitai-io/ci_targets/tests/spec/python/test_enum_to_i.py&quot;, line 5, in &lt;module&gt;
    from enum_to_i import EnumToI
  File &quot;/home/travis/build/kaitai-io/ci_targets/tests/compiled/python/enum_to_i.py&quot;, line 6, in &lt;module&gt;
    from enum import Enum
ImportError: No module named enum
" type="ImportError">
<![CDATA[ImportError: Failed to import test module: test_enum_to_i
Traceback (most recent call last):
  File "/opt/python/2.7.14/lib/python2.7/unittest/loader.py", line 254, in _find_tests
    module = self._get_module_from_name(name)
  File "/opt/python/2.7.14/lib/python2.7/unittest/loader.py", line 232, in _get_module_from_name
    __import__(name)
  File "/home/travis/build/kaitai-io/ci_targets/tests/spec/python/test_enum_to_i.py", line 5, in <module>
    from enum_to_i import EnumToI
  File "/home/travis/build/kaitai-io/ci_targets/tests/compiled/python/enum_to_i.py", line 6, in <module>
    from enum import Enum
ImportError: No module named enum

]]>		</error>
		<system-out>
<![CDATA[]]>		</system-out>
		<system-err>
<![CDATA[]]>		</system-err>
	</testcase>
	<testcase classname="unittest.loader.ModuleImportFailure" file="/opt/python/2.7.14/lib/python2.7/unittest/loader.py" line="31" name="test_enum_for_unknown_id" time="0.000" timestamp="2020-02-22T15:50:21">
		<error message="Failed to import test module: test_enum_for_unknown_id
Traceback (most recent call last):
  File &quot;/opt/python/2.7.14/lib/python2.7/unittest/loader.py&quot;, line 254, in _find_tests
    module = self._get_module_from_name(name)
  File &quot;/opt/python/2.7.14/lib/python2.7/unittest/loader.py&quot;, line 232, in _get_module_from_name
    __import__(name)
  File &quot;/home/travis/build/kaitai-io/ci_targets/tests/spec/python/test_enum_for_unknown_id.py&quot;, line 3, in &lt;module&gt;
    from enum_for_unknown_id import EnumForUnknownId
  File &quot;/home/travis/build/kaitai-io/ci_targets/tests/compiled/python/enum_for_unknown_id.py&quot;, line 6, in &lt;module&gt;
    from enum import Enum
ImportError: No module named enum
" type="ImportError">
<![CDATA[ImportError: Failed to import test module: test_enum_for_unknown_id
Traceback (most recent call last):
  File "/opt/python/2.7.14/lib/python2.7/unittest/loader.py", line 254, in _find_tests
    module = self._get_module_from_name(name)
  File "/opt/python/2.7.14/lib/python2.7/unittest/loader.py", line 232, in _get_module_from_name
    __import__(name)
  File "/home/travis/build/kaitai-io/ci_targets/tests/spec/python/test_enum_for_unknown_id.py", line 3, in <module>
    from enum_for_unknown_id import EnumForUnknownId
  File "/home/travis/build/kaitai-io/ci_targets/tests/compiled/python/enum_for_unknown_id.py", line 6, in <module>
    from enum import Enum
ImportError: No module named enum

]]>		</error>
		<system-out>
<![CDATA[]]>		</system-out>
		<system-err>
<![CDATA[]]>		</system-err>
	</testcase>
	<testcase classname="unittest.loader.ModuleImportFailure" file="/opt/python/2.7.14/lib/python2.7/unittest/loader.py" line="31" name="test_debug_enum_name" time="0.000" timestamp="2020-02-22T15:50:21">
		<error message="Failed to import test module: test_debug_enum_name
Traceback (most recent call last):
  File &quot;/opt/python/2.7.14/lib/python2.7/unittest/loader.py&quot;, line 254, in _find_tests
    module = self._get_module_from_name(name)
  File &quot;/opt/python/2.7.14/lib/python2.7/unittest/loader.py&quot;, line 232, in _get_module_from_name
    __import__(name)
  File &quot;/home/travis/build/kaitai-io/ci_targets/tests/spec/python/test_debug_enum_name.py&quot;, line 3, in &lt;module&gt;
    from debug_enum_name import DebugEnumName
  File &quot;/home/travis/build/kaitai-io/ci_targets/tests/compiled/python/debug_enum_name.py&quot;, line 6, in &lt;module&gt;
    from enum import Enum
ImportError: No module named enum
" type="ImportError">
<![CDATA[ImportError: Failed to import test module: test_debug_enum_name
Traceback (most recent call last):
  File "/opt/python/2.7.14/lib/python2.7/unittest/loader.py", line 254, in _find_tests
    module = self._get_module_from_name(name)
  File "/opt/python/2.7.14/lib/python2.7/unittest/loader.py", line 232, in _get_module_from_name
    __import__(name)
  File "/home/travis/build/kaitai-io/ci_targets/tests/spec/python/test_debug_enum_name.py", line 3, in <module>
    from debug_enum_name import DebugEnumName
  File "/home/travis/build/kaitai-io/ci_targets/tests/compiled/python/debug_enum_name.py", line 6, in <module>
    from enum import Enum
ImportError: No module named enum

]]>		</error>
		<system-out>
<![CDATA[]]>		</system-out>
		<system-err>
<![CDATA[]]>		</system-err>
	</testcase>
	<testcase classname="unittest.loader.ModuleImportFailure" file="/opt/python/2.7.14/lib/python2.7/unittest/loader.py" line="31" name="test_enum_of_value_inst" time="0.000" timestamp="2020-02-22T15:50:21">
		<error message="Failed to import test module: test_enum_of_value_inst
Traceback (most recent call last):
  File &quot;/opt/python/2.7.14/lib/python2.7/unittest/loader.py&quot;, line 254, in _find_tests
    module = self._get_module_from_name(name)
  File &quot;/opt/python/2.7.14/lib/python2.7/unittest/loader.py&quot;, line 232, in _get_module_from_name
    __import__(name)
  File &quot;/home/travis/build/kaitai-io/ci_targets/tests/spec/python/test_enum_of_value_inst.py&quot;, line 5, in &lt;module&gt;
    from enum_of_value_inst import EnumOfValueInst
  File &quot;/home/travis/build/kaitai-io/ci_targets/tests/compiled/python/enum_of_value_inst.py&quot;, line 6, in &lt;module&gt;
    from enum import Enum
ImportError: No module named enum
" type="ImportError">
<![CDATA[ImportError: Failed to import test module: test_enum_of_value_inst
Traceback (most recent call last):
  File "/opt/python/2.7.14/lib/python2.7/unittest/loader.py", line 254, in _find_tests
    module = self._get_module_from_name(name)
  File "/opt/python/2.7.14/lib/python2.7/unittest/loader.py", line 232, in _get_module_from_name
    __import__(name)
  File "/home/travis/build/kaitai-io/ci_targets/tests/spec/python/test_enum_of_value_inst.py", line 5, in <module>
    from enum_of_value_inst import EnumOfValueInst
  File "/home/travis/build/kaitai-io/ci_targets/tests/compiled/python/enum_of_value_inst.py", line 6, in <module>
    from enum import Enum
ImportError: No module named enum

]]>		</error>
		<system-out>
<![CDATA[]]>		</system-out>
		<system-err>
<![CDATA[]]>		</system-err>
	</testcase>
	<testcase classname="unittest.loader.ModuleImportFailure" file="/opt/python/2.7.14/lib/python2.7/unittest/loader.py" line="31" name="test_switch_manual_enum" time="0.000" timestamp="2020-02-22T15:50:21">
		<error message="Failed to import test module: test_switch_manual_enum
Traceback (most recent call last):
  File &quot;/opt/python/2.7.14/lib/python2.7/unittest/loader.py&quot;, line 254, in _find_tests
    module = self._get_module_from_name(name)
  File &quot;/opt/python/2.7.14/lib/python2.7/unittest/loader.py&quot;, line 232, in _get_module_from_name
    __import__(name)
  File &quot;/home/travis/build/kaitai-io/ci_targets/tests/spec/python/test_switch_manual_enum.py&quot;, line 5, in &lt;module&gt;
    from switch_manual_enum import SwitchManualEnum
  File &quot;/home/travis/build/kaitai-io/ci_targets/tests/compiled/python/switch_manual_enum.py&quot;, line 6, in &lt;module&gt;
    from enum import Enum
ImportError: No module named enum
" type="ImportError">
<![CDATA[ImportError: Failed to import test module: test_switch_manual_enum
Traceback (most recent call last):
  File "/opt/python/2.7.14/lib/python2.7/unittest/loader.py", line 254, in _find_tests
    module = self._get_module_from_name(name)
  File "/opt/python/2.7.14/lib/python2.7/unittest/loader.py", line 232, in _get_module_from_name
    __import__(name)
  File "/home/travis/build/kaitai-io/ci_targets/tests/spec/python/test_switch_manual_enum.py", line 5, in <module>
    from switch_manual_enum import SwitchManualEnum
  File "/home/travis/build/kaitai-io/ci_targets/tests/compiled/python/switch_manual_enum.py", line 6, in <module>
    from enum import Enum
ImportError: No module named enum

]]>		</error>
		<system-out>
<![CDATA[]]>		</system-out>
		<system-err>
<![CDATA[]]>		</system-err>
	</testcase>
	<testcase classname="unittest.loader.ModuleImportFailure" file="/opt/python/2.7.14/lib/python2.7/unittest/loader.py" line="31" name="test_enum_int_range_s" time="0.000" timestamp="2020-02-22T15:50:21">
		<error message="Failed to import test module: test_enum_int_range_s
Traceback (most recent call last):
  File &quot;/opt/python/2.7.14/lib/python2.7/unittest/loader.py&quot;, line 254, in _find_tests
    module = self._get_module_from_name(name)
  File &quot;/opt/python/2.7.14/lib/python2.7/unittest/loader.py&quot;, line 232, in _get_module_from_name
    __import__(name)
  File &quot;/home/travis/build/kaitai-io/ci_targets/tests/spec/python/test_enum_int_range_s.py&quot;, line 5, in &lt;module&gt;
    from enum_int_range_s import EnumIntRangeS
  File &quot;/home/travis/build/kaitai-io/ci_targets/tests/compiled/python/enum_int_range_s.py&quot;, line 6, in &lt;module&gt;
    from enum import Enum
ImportError: No module named enum
" type="ImportError">
<![CDATA[ImportError: Failed to import test module: test_enum_int_range_s
Traceback (most recent call last):
  File "/opt/python/2.7.14/lib/python2.7/unittest/loader.py", line 254, in _find_tests
    module = self._get_module_from_name(name)
  File "/opt/python/2.7.14/lib/python2.7/unittest/loader.py", line 232, in _get_module_from_name
    __import__(name)
  File "/home/travis/build/kaitai-io/ci_targets/tests/spec/python/test_enum_int_range_s.py", line 5, in <module>
    from enum_int_range_s import EnumIntRangeS
  File "/home/travis/build/kaitai-io/ci_targets/tests/compiled/python/enum_int_range_s.py", line 6, in <module>
    from enum import Enum
ImportError: No module named enum

]]>		</error>
		<system-out>
<![CDATA[]]>		</system-out>
		<system-err>
<![CDATA[]]>		</system-err>
	</testcase>
	<testcase classname="unittest.loader.ModuleImportFailure" file="/opt/python/2.7.14/lib/python2.7/unittest/loader.py" line="31" name="test_expr_bits" time="0.000" timestamp="2020-02-22T15:50:21">
		<error message="Failed to import test module: test_expr_bits
Traceback (most recent call last):
  File &quot;/opt/python/2.7.14/lib/python2.7/unittest/loader.py&quot;, line 254, in _find_tests
    module = self._get_module_from_name(name)
  File &quot;/opt/python/2.7.14/lib/python2.7/unittest/loader.py&quot;, line 232, in _get_module_from_name
    __import__(name)
  File &quot;/home/travis/build/kaitai-io/ci_targets/tests/spec/python/test_expr_bits.py&quot;, line 5, in &lt;module&gt;
    from expr_bits import ExprBits
  File &quot;/home/travis/build/kaitai-io/ci_targets/tests/compiled/python/expr_bits.py&quot;, line 6, in &lt;module&gt;
    from enum import Enum
ImportError: No module named enum
" type="ImportError">
<![CDATA[ImportError: Failed to import test module: test_expr_bits
Traceback (most recent call last):
  File "/opt/python/2.7.14/lib/python2.7/unittest/loader.py", line 254, in _find_tests
    module = self._get_module_from_name(name)
  File "/opt/python/2.7.14/lib/python2.7/unittest/loader.py", line 232, in _get_module_from_name
    __import__(name)
  File "/home/travis/build/kaitai-io/ci_targets/tests/spec/python/test_expr_bits.py", line 5, in <module>
    from expr_bits import ExprBits
  File "/home/travis/build/kaitai-io/ci_targets/tests/compiled/python/expr_bits.py", line 6, in <module>
    from enum import Enum
ImportError: No module named enum

]]>		</error>
		<system-out>
<![CDATA[]]>		</system-out>
		<system-err>
<![CDATA[]]>		</system-err>
	</testcase>
	<testcase classname="unittest.loader.ModuleImportFailure" file="/opt/python/2.7.14/lib/python2.7/unittest/loader.py" line="31" name="test_ts_packet_header" time="0.000" timestamp="2020-02-22T15:50:21">
		<error message="Failed to import test module: test_ts_packet_header
Traceback (most recent call last):
  File &quot;/opt/python/2.7.14/lib/python2.7/unittest/loader.py&quot;, line 254, in _find_tests
    module = self._get_module_from_name(name)
  File &quot;/opt/python/2.7.14/lib/python2.7/unittest/loader.py&quot;, line 232, in _get_module_from_name
    __import__(name)
  File &quot;/home/travis/build/kaitai-io/ci_targets/tests/spec/python/test_ts_packet_header.py&quot;, line 5, in &lt;module&gt;
    from ts_packet_header import TsPacketHeader
  File &quot;/home/travis/build/kaitai-io/ci_targets/tests/compiled/python/ts_packet_header.py&quot;, line 6, in &lt;module&gt;
    from enum import Enum
ImportError: No module named enum
" type="ImportError">
<![CDATA[ImportError: Failed to import test module: test_ts_packet_header
Traceback (most recent call last):
  File "/opt/python/2.7.14/lib/python2.7/unittest/loader.py", line 254, in _find_tests
    module = self._get_module_from_name(name)
  File "/opt/python/2.7.14/lib/python2.7/unittest/loader.py", line 232, in _get_module_from_name
    __import__(name)
  File "/home/travis/build/kaitai-io/ci_targets/tests/spec/python/test_ts_packet_header.py", line 5, in <module>
    from ts_packet_header import TsPacketHeader
  File "/home/travis/build/kaitai-io/ci_targets/tests/compiled/python/ts_packet_header.py", line 6, in <module>
    from enum import Enum
ImportError: No module named enum

]]>		</error>
		<system-out>
<![CDATA[]]>		</system-out>
		<system-err>
<![CDATA[]]>		</system-err>
	</testcase>
	<testcase classname="unittest.loader.ModuleImportFailure" file="/opt/python/2.7.14/lib/python2.7/unittest/loader.py" line="31" name="test_enum_1" time="0.000" timestamp="2020-02-22T15:50:21">
		<error message="Failed to import test module: test_enum_1
Traceback (most recent call last):
  File &quot;/opt/python/2.7.14/lib/python2.7/unittest/loader.py&quot;, line 254, in _find_tests
    module = self._get_module_from_name(name)
  File &quot;/opt/python/2.7.14/lib/python2.7/unittest/loader.py&quot;, line 232, in _get_module_from_name
    __import__(name)
  File &quot;/home/travis/build/kaitai-io/ci_targets/tests/spec/python/test_enum_1.py&quot;, line 5, in &lt;module&gt;
    from enum_1 import Enum1
  File &quot;/home/travis/build/kaitai-io/ci_targets/tests/compiled/python/enum_1.py&quot;, line 6, in &lt;module&gt;
    from enum import Enum
ImportError: No module named enum
" type="ImportError">
<![CDATA[ImportError: Failed to import test module: test_enum_1
Traceback (most recent call last):
  File "/opt/python/2.7.14/lib/python2.7/unittest/loader.py", line 254, in _find_tests
    module = self._get_module_from_name(name)
  File "/opt/python/2.7.14/lib/python2.7/unittest/loader.py", line 232, in _get_module_from_name
    __import__(name)
  File "/home/travis/build/kaitai-io/ci_targets/tests/spec/python/test_enum_1.py", line 5, in <module>
    from enum_1 import Enum1
  File "/home/travis/build/kaitai-io/ci_targets/tests/compiled/python/enum_1.py", line 6, in <module>
    from enum import Enum
ImportError: No module named enum

]]>		</error>
		<system-out>
<![CDATA[]]>		</system-out>
		<system-err>
<![CDATA[]]>		</system-err>
	</testcase>
	<testcase classname="unittest.loader.ModuleImportFailure" file="/opt/python/2.7.14/lib/python2.7/unittest/loader.py" line="31" name="test_enum_negative" time="0.000" timestamp="2020-02-22T15:50:21">
		<error message="Failed to import test module: test_enum_negative
Traceback (most recent call last):
  File &quot;/opt/python/2.7.14/lib/python2.7/unittest/loader.py&quot;, line 254, in _find_tests
    module = self._get_module_from_name(name)
  File &quot;/opt/python/2.7.14/lib/python2.7/unittest/loader.py&quot;, line 232, in _get_module_from_name
    __import__(name)
  File &quot;/home/travis/build/kaitai-io/ci_targets/tests/spec/python/test_enum_negative.py&quot;, line 5, in &lt;module&gt;
    from enum_negative import EnumNegative
  File &quot;/home/travis/build/kaitai-io/ci_targets/tests/compiled/python/enum_negative.py&quot;, line 6, in &lt;module&gt;
    from enum import Enum
ImportError: No module named enum
" type="ImportError">
<![CDATA[ImportError: Failed to import test module: test_enum_negative
Traceback (most recent call last):
  File "/opt/python/2.7.14/lib/python2.7/unittest/loader.py", line 254, in _find_tests
    module = self._get_module_from_name(name)
  File "/opt/python/2.7.14/lib/python2.7/unittest/loader.py", line 232, in _get_module_from_name
    __import__(name)
  File "/home/travis/build/kaitai-io/ci_targets/tests/spec/python/test_enum_negative.py", line 5, in <module>
    from enum_negative import EnumNegative
  File "/home/travis/build/kaitai-io/ci_targets/tests/compiled/python/enum_negative.py", line 6, in <module>
    from enum import Enum
ImportError: No module named enum

]]>		</error>
		<system-out>
<![CDATA[]]>		</system-out>
		<system-err>
<![CDATA[]]>		</system-err>
	</testcase>
	<testcase classname="unittest.loader.ModuleImportFailure" file="/opt/python/2.7.14/lib/python2.7/unittest/loader.py" line="31" name="test_enum_int_range_u" time="0.000" timestamp="2020-02-22T15:50:21">
		<error message="Failed to import test module: test_enum_int_range_u
Traceback (most recent call last):
  File &quot;/opt/python/2.7.14/lib/python2.7/unittest/loader.py&quot;, line 254, in _find_tests
    module = self._get_module_from_name(name)
  File &quot;/opt/python/2.7.14/lib/python2.7/unittest/loader.py&quot;, line 232, in _get_module_from_name
    __import__(name)
  File &quot;/home/travis/build/kaitai-io/ci_targets/tests/spec/python/test_enum_int_range_u.py&quot;, line 5, in &lt;module&gt;
    from enum_int_range_u import EnumIntRangeU
  File &quot;/home/travis/build/kaitai-io/ci_targets/tests/compiled/python/enum_int_range_u.py&quot;, line 6, in &lt;module&gt;
    from enum import Enum
ImportError: No module named enum
" type="ImportError">
<![CDATA[ImportError: Failed to import test module: test_enum_int_range_u
Traceback (most recent call last):
  File "/opt/python/2.7.14/lib/python2.7/unittest/loader.py", line 254, in _find_tests
    module = self._get_module_from_name(name)
  File "/opt/python/2.7.14/lib/python2.7/unittest/loader.py", line 232, in _get_module_from_name
    __import__(name)
  File "/home/travis/build/kaitai-io/ci_targets/tests/spec/python/test_enum_int_range_u.py", line 5, in <module>
    from enum_int_range_u import EnumIntRangeU
  File "/home/travis/build/kaitai-io/ci_targets/tests/compiled/python/enum_int_range_u.py", line 6, in <module>
    from enum import Enum
ImportError: No module named enum

]]>		</error>
		<system-out>
<![CDATA[]]>		</system-out>
		<system-err>
<![CDATA[]]>		</system-err>
	</testcase>
	<testcase classname="unittest.loader.ModuleImportFailure" file="/opt/python/2.7.14/lib/python2.7/unittest/loader.py" line="31" name="test_params_enum" time="0.000" timestamp="2020-02-22T15:50:21">
		<error message="Failed to import test module: test_params_enum
Traceback (most recent call last):
  File &quot;/opt/python/2.7.14/lib/python2.7/unittest/loader.py&quot;, line 254, in _find_tests
    module = self._get_module_from_name(name)
  File &quot;/opt/python/2.7.14/lib/python2.7/unittest/loader.py&quot;, line 232, in _get_module_from_name
    __import__(name)
  File &quot;/home/travis/build/kaitai-io/ci_targets/tests/spec/python/test_params_enum.py&quot;, line 5, in &lt;module&gt;
    from params_enum import ParamsEnum
  File &quot;/home/travis/build/kaitai-io/ci_targets/tests/compiled/python/params_enum.py&quot;, line 6, in &lt;module&gt;
    from enum import Enum
ImportError: No module named enum
" type="ImportError">
<![CDATA[ImportError: Failed to import test module: test_params_enum
Traceback (most recent call last):
  File "/opt/python/2.7.14/lib/python2.7/unittest/loader.py", line 254, in _find_tests
    module = self._get_module_from_name(name)
  File "/opt/python/2.7.14/lib/python2.7/unittest/loader.py", line 232, in _get_module_from_name
    __import__(name)
  File "/home/travis/build/kaitai-io/ci_targets/tests/spec/python/test_params_enum.py", line 5, in <module>
    from params_enum import ParamsEnum
  File "/home/travis/build/kaitai-io/ci_targets/tests/compiled/python/params_enum.py", line 6, in <module>
    from enum import Enum
ImportError: No module named enum

]]>		</error>
		<system-out>
<![CDATA[]]>		</system-out>
		<system-err>
<![CDATA[]]>		</system-err>
	</testcase>
	<testcase classname="unittest.loader.ModuleImportFailure" file="/opt/python/2.7.14/lib/python2.7/unittest/loader.py" line="31" name="test_enum_if" time="0.000" timestamp="2020-02-22T15:50:21">
		<error message="Failed to import test module: test_enum_if
Traceback (most recent call last):
  File &quot;/opt/python/2.7.14/lib/python2.7/unittest/loader.py&quot;, line 254, in _find_tests
    module = self._get_module_from_name(name)
  File &quot;/opt/python/2.7.14/lib/python2.7/unittest/loader.py&quot;, line 232, in _get_module_from_name
    __import__(name)
  File &quot;/home/travis/build/kaitai-io/ci_targets/tests/spec/python/test_enum_if.py&quot;, line 5, in &lt;module&gt;
    from enum_if import EnumIf
  File &quot;/home/travis/build/kaitai-io/ci_targets/tests/compiled/python/enum_if.py&quot;, line 6, in &lt;module&gt;
    from enum import Enum
ImportError: No module named enum
" type="ImportError">
<![CDATA[ImportError: Failed to import test module: test_enum_if
Traceback (most recent call last):
  File "/opt/python/2.7.14/lib/python2.7/unittest/loader.py", line 254, in _find_tests
    module = self._get_module_from_name(name)
  File "/opt/python/2.7.14/lib/python2.7/unittest/loader.py", line 232, in _get_module_from_name
    __import__(name)
  File "/home/travis/build/kaitai-io/ci_targets/tests/spec/python/test_enum_if.py", line 5, in <module>
    from enum_if import EnumIf
  File "/home/travis/build/kaitai-io/ci_targets/tests/compiled/python/enum_if.py", line 6, in <module>
    from enum import Enum
ImportError: No module named enum

]]>		</error>
		<system-out>
<![CDATA[]]>		</system-out>
		<system-err>
<![CDATA[]]>		</system-err>
	</testcase>
</testsuite>
