<?xml version="1.0" encoding="UTF-8"?>
<testsuite name="test_debug_switch_user.TestDebugSwitchUser-20200522232241" tests="1" file="test_debug_switch_user.py" time="0.001" timestamp="2020-05-22T23:22:41" failures="0" errors="0" skipped="0">
	<testcase classname="test_debug_switch_user.TestDebugSwitchUser" name="test_debug_switch_user" time="0.001" timestamp="2020-05-22T23:22:41" file="spec/python/test_debug_switch_user.py" line="8">
		<system-out><![CDATA[]]></system-out>
		<system-err><![CDATA[]]></system-err>
	</testcase>
</testsuite>
